[2016.01.20-00.04.12:962][  0]Log file open, 01/19/16 21:04:12
[2016.01.20-00.04.12:962][  0]LogInit:Display: Running engine for game: LeapBasics
[2016.01.20-00.04.12:962][  0]LogInit:Display: RandInit(1844506373) SRandInit(1844506374).
[2016.01.20-00.04.12:962][  0]LogTaskGraph: Started task graph with 4 named threads and 7 total threads.
[2016.01.20-00.04.12:962][  0]LogStats: Stats thread started at 0.076417
[2016.01.20-00.04.12:962][  0]LogInit: Version: 4.9.2-2707645+++depot+UE4-Releases+4.9
[2016.01.20-00.04.12:962][  0]LogInit: API Version: 2672455
[2016.01.20-00.04.12:962][  0]LogInit: Compiled (64-bit): Sep 28 2015 10:25:44
[2016.01.20-00.04.12:962][  0]LogInit: Compiled with Visual C++: 18.00.21005.01
[2016.01.20-00.04.12:962][  0]LogInit: Build Configuration: Development
[2016.01.20-00.04.12:962][  0]LogInit: Branch Name: ++depot+UE4-Releases+4.9
[2016.01.20-00.04.12:962][  0]LogInit: Command line:  
[2016.01.20-00.04.12:962][  0]LogInit: Base directory: D:/Unreal/Epic Games/4.9/Engine/Binaries/Win64/
[2016.01.20-00.04.12:962][  0]LogInit: Rocket: 1
[2016.01.20-00.04.12:968][  0]LogInit: Using libcurl 7.41.0
[2016.01.20-00.04.12:968][  0]LogInit:  - built for x86_64-pc-win32
[2016.01.20-00.04.12:968][  0]LogInit:  - supports SSL with WinSSL
[2016.01.20-00.04.12:968][  0]LogInit:  - other features:
[2016.01.20-00.04.12:968][  0]LogInit:      CURL_VERSION_SSL
[2016.01.20-00.04.12:968][  0]LogInit:      CURL_VERSION_IPV6
[2016.01.20-00.04.12:968][  0]LogInit:      CURL_VERSION_ASYNCHDNS
[2016.01.20-00.04.12:968][  0]LogInit:      CURL_VERSION_LARGEFILE
[2016.01.20-00.04.12:968][  0]LogInit:      CURL_VERSION_IDN
[2016.01.20-00.04.12:968][  0]LogInit:  CurlRequestOptions (configurable via config and command line):
[2016.01.20-00.04.12:968][  0]LogInit:  - bVerifyPeer = true  - Libcurl will verify peer certificate
[2016.01.20-00.04.12:968][  0]LogInit:  - bUseHttpProxy = false  - Libcurl will NOT use HTTP proxy
[2016.01.20-00.04.12:968][  0]LogInit:  - bDontReuseConnections = false  - Libcurl will reuse connections
[2016.01.20-00.04.12:968][  0]LogInit:  - CertBundlePath = nullptr  - Libcurl will use whatever was configured at build time.
[2016.01.20-00.04.12:974][  0]LogInit: Presizing for 0 objects not considered by GC, pre-allocating 0 bytes.
[2016.01.20-00.04.12:979][  0]LogInit: Object subsystem initialized
[2016.01.20-00.04.12:993][  0]LogInit: Selected Device Profile: [Windows]
[2016.01.20-00.04.12:993][  0]LogInit: Applying CVar settings loaded from the selected device profile: [Windows]
[2016.01.20-00.04.13:001][  0]LogInit: Computer: EMI-PC
[2016.01.20-00.04.13:001][  0]LogInit: User: Emi
[2016.01.20-00.04.13:001][  0]LogInit: CPU Page size=4096, Cores=4
[2016.01.20-00.04.13:001][  0]LogInit: High frequency timer resolution =3.318427 MHz
[2016.01.20-00.04.13:001][  0]LogMemory: Memory total: Physical=7.9GB (8GB approx)
[2016.01.20-00.04.13:001][  0]LogMemory: Platform Memory Stats for Windows
[2016.01.20-00.04.13:001][  0]LogMemory: Process Physical Memory: 54.98 MB used, 54.98 MB peak
[2016.01.20-00.04.13:001][  0]LogMemory: Process Virtual Memory: 59.90 MB used, 59.90 MB peak
[2016.01.20-00.04.13:001][  0]LogMemory: Physical Memory: 4275.39 MB used, 8130.12 MB total
[2016.01.20-00.04.13:001][  0]LogMemory: Virtual Memory: 342.07 MB used, 8388608.00 MB total
[2016.01.20-00.04.13:696][  0]LogD3D11RHI: Found D3D11 adapter 0: NVIDIA GeForce 9600 GT (Feature Level 10_0)
[2016.01.20-00.04.13:696][  0]LogD3D11RHI: Adapter has 487MB of dedicated video memory, 0MB of dedicated system memory, and 3583MB of shared system memory, 1 output[s]
[2016.01.20-00.04.13:696][  0]LogD3D11RHI: Chosen D3D11 Adapter Id = 0
[2016.01.20-00.04.13:701][  0]LogD3D11RHI: !Direct3DDevice
[2016.01.20-00.04.13:701][  0]LogRHI: Texture pool is 341 MB (70% of 487 MB)
[2016.01.20-00.04.13:706][  0]LogD3D11RHI: Async texture creation enabled
[2016.01.20-00.04.13:719][  0]LogShaderCompilers: Guid format shader working directory is 15 characters bigger than the processId version (../../../../../../Facultad/Proyecto de grado/Repo/Proyectos/LeapBasics/Intermediate/Shaders/WorkingDirectory/7992/).
[2016.01.20-00.04.13:720][  0]LogShaderCompilers: Cleaned the shader compiler working directory '../../../../../../Facultad/Proyecto de grado/Repo/Proyectos/LeapBasics/Intermediate/Shaders/tmp/E0B6FAF04BF477731752BBA0D26C6011/'.
[2016.01.20-00.04.13:720][  0]LogShaderCompilers:Display: Using Local Shader Compiler.
[2016.01.20-00.04.14:632][  0]LogTemp:Display: Loaded TP AllDesktopTargetPlatform
[2016.01.20-00.04.14:636][  0]LogTemp:Display: Loaded TP WindowsClientTargetPlatform
[2016.01.20-00.04.14:640][  0]LogTemp:Display: Loaded TP WindowsNoEditorTargetPlatform
[2016.01.20-00.04.14:644][  0]LogTemp:Display: Loaded TP WindowsServerTargetPlatform
[2016.01.20-00.04.14:648][  0]LogTemp:Display: Loaded TP WindowsTargetPlatform
[2016.01.20-00.04.14:651][  0]LogTemp:Display: Loaded TP AndroidTargetPlatform
[2016.01.20-00.04.14:654][  0]LogTemp:Display: Loaded TP Android_ASTCTargetPlatform
[2016.01.20-00.04.14:657][  0]LogTemp:Display: Loaded TP Android_ATCTargetPlatform
[2016.01.20-00.04.14:659][  0]LogTemp:Display: Loaded TP Android_DXTTargetPlatform
[2016.01.20-00.04.14:663][  0]LogTemp:Display: Loaded TP Android_ETC1TargetPlatform
[2016.01.20-00.04.14:666][  0]LogTemp:Display: Loaded TP Android_ETC2TargetPlatform
[2016.01.20-00.04.14:669][  0]LogTemp:Display: Loaded TP Android_PVRTCTargetPlatform
[2016.01.20-00.04.14:670][  0]LogTemp:Display: Loaded TP HTML5TargetPlatform
[2016.01.20-00.04.14:685][  0]LogTemp:Display: Loaded TP IOSTargetPlatform
[2016.01.20-00.04.14:688][  0]LogTemp:Display: Loaded TP LinuxNoEditorTargetPlatform
[2016.01.20-00.04.14:691][  0]LogTemp:Display: Loaded TP LinuxServerTargetPlatform
[2016.01.20-00.04.14:694][  0]LogTemp:Display: Loaded TP LinuxTargetPlatform
[2016.01.20-00.04.14:694][  0]LogTargetPlatformManager:Display: Building Assets For Windows
[2016.01.20-00.04.14:759][  0]LogDerivedDataCache:Display: Max Cache Size: 512 MB
[2016.01.20-00.04.14:797][  0]LogDerivedDataCache: Loaded boot cache 0.04s 36MB C:/Users/Emi/AppData/Local/UnrealEngine/4.9/DerivedDataCache/Boot.ddc.
[2016.01.20-00.04.14:797][  0]LogDerivedDataCache:Display: Loaded Boot cache: C:/Users/Emi/AppData/Local/UnrealEngine/4.9/DerivedDataCache/Boot.ddc
[2016.01.20-00.04.14:797][  0]LogDerivedDataCache: FDerivedDataBackendGraph:  Pak pak cache file ../../../../../../Facultad/Proyecto de grado/Repo/Proyectos/LeapBasics/DerivedDataCache/DDC.ddp not found, will not use a pak cache.
[2016.01.20-00.04.14:797][  0]LogDerivedDataCache: Unable to find inner node Pak for hierarchical cache Hierarchy.
[2016.01.20-00.04.14:798][  0]LogDerivedDataCache: FDerivedDataBackendGraph:  CompressedPak pak cache file ../../../../../../Facultad/Proyecto de grado/Repo/Proyectos/LeapBasics/DerivedDataCache/Compressed.ddp not found, will not use a pak cache.
[2016.01.20-00.04.14:798][  0]LogDerivedDataCache: Unable to find inner node CompressedPak for hierarchical cache Hierarchy.
[2016.01.20-00.04.14:914][  0]LogDerivedDataCache:Display: Pak cache opened for reading ../../../Engine/DerivedDataCache/Compressed.ddp.
[2016.01.20-00.04.14:925][  0]LogDerivedDataCache: Using Local data cache path C:/Users/Emi/AppData/Local/UnrealEngine/Common/DerivedDataCache: Writable
[2016.01.20-00.04.15:073][  0]LogInit: Selected Device Profile: [Windows]
[2016.01.20-00.04.15:073][  0]LogContentStreaming: Texture pool size is 0.000000MB
[2016.01.20-00.04.15:095][  0]LogMeshUtilities: No automatic mesh reduction module available
[2016.01.20-00.04.15:095][  0]LogMeshUtilities: No automatic mesh merging module available
[2016.01.20-00.04.15:413][  0]LogInit: WinSock: version 1.1 (2.2), MaxSocks=32767, MaxUdp=65467
[2016.01.20-00.04.16:011][  0]UdpMessaging: Initializing bridge on interface 0.0.0.0:0 to multicast group 230.0.0.1:6666.
[2016.01.20-00.04.16:119][  0]LogAssetRegistry: FAssetRegistry took 0.0102 seconds to start up
[2016.01.20-00.04.16:272][  0]SourceControl: Info Source control is disabled
[2016.01.20-00.04.16:288][  0]SourceControl: Info Source control is disabled
[2016.01.20-00.04.16:301][  0]SourceControl: Info Source control is disabled
[2016.01.20-00.04.16:316][  0]SourceControl: Info Source control is disabled
[2016.01.20-00.04.16:452][  0]LogLinker:Warning: Asset '../../../Engine/Plugins/Runtime/LeapMotionController/Content/LM_PassthroughMaterial.uasset' has been saved with empty engine version. The asset will be loaded but may be incompatible.
[2016.01.20-00.04.16:527][  0]LeapPluginLog: Using LeapPlugin version 0.9.7
[2016.01.20-00.04.16:532][  0]LogObj: 28981 objects as part of root set at end of initial load.
[2016.01.20-00.04.16:532][  0]LogUObjectAllocator: 6140360 out of 0 bytes used by permanent object pool.
[2016.01.20-00.04.16:580][  0]LogEngine: Initializing Engine...
[2016.01.20-00.04.16:584][  0]LogHMD: Can't find Oculus library dev build: is proper Runtime installed? Version: 0.7.0.0
[2016.01.20-00.04.16:585][  0]LogHMD: SteamVR failed to initialize.  Err: 110
[2016.01.20-00.04.16:694][  0]LogAIModule: Creating AISystem for world NewWorld
[2016.01.20-00.04.16:699][  0]LogInit: XAudio2 using 'Altavoces (Realtek High Definition Audio)' : 2 channels at 48 kHz using 32 bits per sample (channel mask 0x3)
[2016.01.20-00.04.16:719][  0]LogInit: FAudioDevice initialized.
[2016.01.20-00.04.16:751][  0]LogDerivedDataCache: Saved boot cache 0.03s 36MB C:/Users/Emi/AppData/Local/UnrealEngine/4.9/DerivedDataCache/Boot.ddc.
[2016.01.20-00.04.16:754][  0]LogInit: Texture streaming: Enabled
[2016.01.20-00.04.16:758][  0]LogAnalytics: Creating configured Analytics provider AnalyticsET
[2016.01.20-00.04.16:758][  0]LogAnalytics: [UEEditor.Rocket.Release] APIServer = http://et2.epicgames.com/ET2/. AppVersion = 4.9.2-2707645+++depot+UE4-Releases+4.9
[2016.01.20-00.04.16:758][  0]LogAnalytics: [UEEditor.Rocket.Release] SetUserId 45cdda59420a0fb546eb418542097723|3eb587a350884e2890a9dd44469b8ec9|fcb3de80-11b8-41b8-a6eb-60d2dfb79158
[2016.01.20-00.04.16:758][  0]LogAnalytics: [UEEditor.Rocket.Release] AnalyticsET::StartSession
[2016.01.20-00.04.16:780][  0]LogInit: Transaction tracking system initialized
[2016.01.20-00.04.16:802][  0]BlueprintLog: New page: Editor Load
[2016.01.20-00.04.16:868][  0]LocalizationService: Info Localization service is disabled
[2016.01.20-00.04.17:089][  0]LogConsoleResponse:Display: 
[2016.01.20-00.04.17:188][  0]LogCook:Display: Done creating registry. It took  0.00s.
[2016.01.20-00.04.17:234][  0]LogFileCache: Scanning file cache for directory 'D:/Facultad/Proyecto de grado/Repo/Proyectos/LeapBasics/Content/' took 0.01s
[2016.01.20-00.04.17:234][  0]SourceControl: Info Source control is disabled
[2016.01.20-00.04.17:234][  0]Cmd: MAP LOAD FILE="../../../../../../Facultad/Proyecto de grado/Repo/Proyectos/LeapBasics/Content/StarterContent/Maps/Minimal_Default.umap" TEMPLATE=0 SHOWPROGRESS=1 FEATURELEVEL=2
[2016.01.20-00.04.17:234][  0]LightingResults: New page: Lighting Build
[2016.01.20-00.04.17:237][  0]MapCheck: New page: Map Check
[2016.01.20-00.04.17:237][  0]LightingResults: New page: Lighting Build
[2016.01.20-00.04.17:245][  0]LogParticles: Destroying 0 GPU particle simulations for FXSystem 0x000000001FD98900
[2016.01.20-00.04.17:908][  0]LogBlueprint:Warning: [compiler LeapBasicRiggedCharacter] Warning InputAction Event references unknown Action 'Jump' for  InputAction Jump 
[2016.01.20-00.04.17:909][  0]LogBlueprint:Warning: [compiler LeapBasicRiggedCharacter] Warning Input Axis Event references unknown Axis 'LookUpRate' for  InputAxis LookUpRate 
[2016.01.20-00.04.17:909][  0]LogBlueprint:Warning: [compiler LeapBasicRiggedCharacter] Warning Input Axis Event references unknown Axis 'TurnRate' for  InputAxis TurnRate 
[2016.01.20-00.04.17:909][  0]LogBlueprint:Warning: [compiler LeapBasicRiggedCharacter] Warning Input Axis Event references unknown Axis 'Turn' for  InputAxis Turn 
[2016.01.20-00.04.17:909][  0]LogBlueprint:Warning: [compiler LeapBasicRiggedCharacter] Warning Input Axis Event references unknown Axis 'LookUp' for  InputAxis LookUp 
[2016.01.20-00.04.17:909][  0]LogBlueprint:Warning: [compiler LeapBasicRiggedCharacter] Warning Input Axis Event references unknown Axis 'MoveRight' for  InputAxis MoveRight 
[2016.01.20-00.04.17:909][  0]LogBlueprint:Warning: [compiler LeapBasicRiggedCharacter] Warning Input Axis Event references unknown Axis 'MoveForward' for  InputAxis MoveForward 
[2016.01.20-00.04.17:912][  0]LogBlueprint:Warning: [compiler LeapBasicRiggedCharacter] Warning [0005.42] Compile of LeapBasicRiggedCharacter successful, but with 7 Warning(s) [in 8 ms]
[2016.01.20-00.04.17:912][  0]LogBlueprint:Warning: [compiler LeapBasicRiggedCharacter] Warning [0005.42] Compile of LeapBasicRiggedCharacter successful, but with 8 Warning(s) [in 0 ms]
[2016.01.20-00.04.17:912][  0]LogBlueprint:Warning: [compiler LeapBasicRiggedCharacter] Warning [0005.42] Compile of LeapBasicRiggedCharacter successful, but with 9 Warning(s) [in 0 ms]
[2016.01.20-00.04.17:920][  0]LogBlueprint:Warning: [compiler LeapBasicRiggedCharacter] Warning InputAction Event references unknown Action 'Jump' for  InputAction Jump 
[2016.01.20-00.04.17:920][  0]LogBlueprint:Warning: [compiler LeapBasicRiggedCharacter] Warning Input Axis Event references unknown Axis 'LookUpRate' for  InputAxis LookUpRate 
[2016.01.20-00.04.17:920][  0]LogBlueprint:Warning: [compiler LeapBasicRiggedCharacter] Warning Input Axis Event references unknown Axis 'TurnRate' for  InputAxis TurnRate 
[2016.01.20-00.04.17:920][  0]LogBlueprint:Warning: [compiler LeapBasicRiggedCharacter] Warning Input Axis Event references unknown Axis 'Turn' for  InputAxis Turn 
[2016.01.20-00.04.17:920][  0]LogBlueprint:Warning: [compiler LeapBasicRiggedCharacter] Warning Input Axis Event references unknown Axis 'LookUp' for  InputAxis LookUp 
[2016.01.20-00.04.17:920][  0]LogBlueprint:Warning: [compiler LeapBasicRiggedCharacter] Warning Input Axis Event references unknown Axis 'MoveRight' for  InputAxis MoveRight 
[2016.01.20-00.04.17:921][  0]LogBlueprint:Warning: [compiler LeapBasicRiggedCharacter] Warning Input Axis Event references unknown Axis 'MoveForward' for  InputAxis MoveForward 
[2016.01.20-00.04.17:923][  0]LogBlueprint:Warning: [compiler LeapBasicRiggedCharacter] Warning [0005.43] Compile of LeapBasicRiggedCharacter successful, but with 7 Warning(s) [in 8 ms]
[2016.01.20-00.04.17:923][  0]LogBlueprint:Warning: [compiler LeapBasicRiggedCharacter] Warning [0005.43] Compile of LeapBasicRiggedCharacter successful, but with 8 Warning(s) [in 0 ms]
[2016.01.20-00.04.17:923][  0]LogBlueprint:Warning: [compiler LeapBasicRiggedCharacter] Warning [0005.43] Compile of LeapBasicRiggedCharacter successful, but with 9 Warning(s) [in 0 ms]
[2016.01.20-00.04.17:936][  0]LogLinker:Warning: CreateExport: Failed to load Parent for Function /Game/CameraActor_Blueprint.CameraActor_Blueprint_C:UserConstructionScript; removing parent information, but keeping function
[2016.01.20-00.04.18:250][  0]LogAIModule: Creating AISystem for world Minimal_Default
[2016.01.20-00.04.18:255][  0]LeapPluginLog: InterfaceObject: LeapAnimBodyConnector_C_0
[2016.01.20-00.04.18:258][  0]LeapPluginLog: LeapController::CleanupEventData Delete Called
[2016.01.20-00.04.18:260][  0]LeapPluginLog: InterfaceObject: LeapAnimBodyConnector_C_2
[2016.01.20-00.04.18:261][  0]LogEditorServer: Finished looking for orphan Actors (0.000 secs)
[2016.01.20-00.04.18:262][  0]Cmd: MAP CHECKDEP NOCLEARLOG
[2016.01.20-00.04.18:309][  0]MapCheck: Info Map check complete: 0 Error(s), 0 Warning(s), took 46.741ms to complete.
[2016.01.20-00.04.18:309][  0]LogFileHelpers: Loading map 'Minimal_Default' took 1.075
[2016.01.20-00.04.18:390][  0]LogCollectionManager: Loaded 0 collections in 0.001562 seconds
[2016.01.20-00.04.18:427][  0]LogFileCache: Scanning file cache for directory 'D:/Facultad/Proyecto de grado/Repo/Proyectos/LeapBasics/Saved/Collections/' took 0.01s
[2016.01.20-00.04.18:427][  0]LogFileCache: Scanning file cache for directory 'D:/Facultad/Proyecto de grado/Repo/Proyectos/LeapBasics/Content/Developers/Emi/Collections/' took 0.01s
[2016.01.20-00.04.18:427][  0]LogFileCache: Scanning file cache for directory 'D:/Facultad/Proyecto de grado/Repo/Proyectos/LeapBasics/Content/Collections/' took 0.01s
[2016.01.20-00.04.18:427][  0]LogContentBrowser: Native class hierarchy populated in 0.0062 seconds. Added 1893 classes and 337 folders.
[2016.01.20-00.04.18:431][  0]LogCollectionManager: Rebuilt the GUID cache for 0 collections in 0.000002 seconds
[2016.01.20-00.04.18:437][  0]LogContentBrowser: Native class hierarchy updated for 'WidgetCarousel' in 0.0003 seconds. Added 0 classes and 0 folders.
[2016.01.20-00.04.18:484][  0]LogContentBrowser: Native class hierarchy updated for 'AddContentDialog' in 0.0003 seconds. Added 0 classes and 0 folders.
[2016.01.20-00.04.18:487][  0]LogContentBrowser: Native class hierarchy updated for 'SceneOutliner' in 0.0003 seconds. Added 1 classes and 2 folders.
[2016.01.20-00.04.18:527][  0]LogCrashTracker: Crashtracker disabled due to settings.
[2016.01.20-00.04.18:530][  0]LogUObjectGlobals:Warning: Failed to find object 'Class None.'
[2016.01.20-00.04.18:550][  0]LogLoad: Full Startup: 6.06 seconds (BP compile: 0.37 seconds)
[2016.01.20-00.04.18:613][  0]LogContentStreaming: Texture pool size now 400 MB
[2016.01.20-00.04.18:716][  0]LogRenderer: Reallocating scene render targets to support 808x456 (Frame:2).
[2016.01.20-00.04.18:784][  1]LeapPluginLog: InterfaceObject: LeapAnimBodyConnector_C_3
[2016.01.20-00.04.18:784][  1]LeapPluginLog:Warning: Warning! More than one (2) Leap Controller Component detected! Duplication of work and output may result (inefficiency warning).
[2016.01.20-00.04.19:067][  5]LogAssetRegistry: Asset discovery search completed in 2.9590 seconds
[2016.01.20-00.04.19:067][  5]LogCollectionManager: Rebuilt the object cache for 0 collections in 0.000001 seconds (found 0 objects)
[2016.01.20-00.04.19:067][  5]LogCollectionManager: Fixed up redirectors for 0 collections in 0.000020 seconds (updated 0 objects)
[2016.01.20-00.04.39:376][833]LogBlueprintUserMessages: Early PlayInEditor Detection: Level '/Game/StarterContent/Maps/Minimal_Default.Minimal_Default:PersistentLevel' has LevelScriptBlueprint '/Game/StarterContent/Maps/Minimal_Default.Minimal_Default:PersistentLevel.Minimal_Default' with GeneratedClass '/Game/StarterContent/Maps/Minimal_Default.Minimal_Default_C' with ClassGeneratedBy '/Game/StarterContent/Maps/Minimal_Default.Minimal_Default:PersistentLevel.Minimal_Default'
[2016.01.20-00.04.39:376][833]LogPlayLevel: PlayLevel: No blueprints needed recompiling
[2016.01.20-00.04.39:376][833]PIE: New page: PIE session: Minimal_Default (Jan 19, 2016, 6:04:39 PM)
[2016.01.20-00.04.39:376][833]LogPlayLevel: Creating play world package: /Game/StarterContent/Maps/UEDPIE_0_Minimal_Default
[2016.01.20-00.04.39:379][833]LogPlayLevel: PIE: StaticDuplicateObject took: (0.002765s)
[2016.01.20-00.04.39:379][833]LogAIModule: Creating AISystem for world Minimal_Default
[2016.01.20-00.04.39:380][833]LogPlayLevel: PIE: World Init took: (0.000539s)
[2016.01.20-00.04.39:380][833]LogPlayLevel: PIE: Created PIE world by copying editor world from /Game/StarterContent/Maps/Minimal_Default.Minimal_Default to /Game/StarterContent/Maps/UEDPIE_0_Minimal_Default.Minimal_Default (0.003449s)
[2016.01.20-00.04.39:380][833]LogActorComponent: UnregisterComponent: (/Engine/Transient.CharMoveComp) Not registered. Aborting.
[2016.01.20-00.04.39:410][833]LeapPluginLog: LeapController::CleanupEventData Delete Called
[2016.01.20-00.04.39:420][833]LeapPluginLog: LeapController::CleanupEventData Delete Called
[2016.01.20-00.04.39:453][833]LogInit: XAudio2 using 'Altavoces (Realtek High Definition Audio)' : 2 channels at 48 kHz using 32 bits per sample (channel mask 0x3)
[2016.01.20-00.04.39:459][833]LogInit: FAudioDevice initialized.
[2016.01.20-00.04.39:501][833]LogWorld: Game class is 'GameMode'
[2016.01.20-00.04.39:505][833]LeapPluginLog: InterfaceObject: LeapAnimBodyConnector_C_0
[2016.01.20-00.04.39:505][833]LeapPluginLog:Warning: Warning! More than one (3) Leap Controller Component detected! Duplication of work and output may result (inefficiency warning).
[2016.01.20-00.04.39:505][833]LogWorld: Bringing World /Game/StarterContent/Maps/UEDPIE_0_Minimal_Default.Minimal_Default up for play (max tick rate 0) at 2016.01.19-21.04.39
[2016.01.20-00.04.39:505][833]LogActor:Warning: GameSession /Game/StarterContent/Maps/UEDPIE_0_Minimal_Default.Minimal_Default:PersistentLevel.GameSession_0 has natively added scene component(s), but none of them were set as the actor's RootComponent - picking one arbitrarily
[2016.01.20-00.04.39:505][833]LogActor:Warning: GameNetworkManager /Game/StarterContent/Maps/UEDPIE_0_Minimal_Default.Minimal_Default:PersistentLevel.GameNetworkManager_0 has natively added scene component(s), but none of them were set as the actor's RootComponent - picking one arbitrarily
[2016.01.20-00.04.39:506][833]LogWorld: Bringing up level for play took: 0.003517
[2016.01.20-00.04.39:507][833]PIE: Info Play in editor start time for /Game/StarterContent/Maps/UEDPIE_0_Minimal_Default 1.039
[2016.01.20-00.04.39:507][833]LogBlueprintUserMessages: Late PlayInEditor Detection: Level '/Game/StarterContent/Maps/Minimal_Default.Minimal_Default:PersistentLevel' has LevelScriptBlueprint '/Game/StarterContent/Maps/Minimal_Default.Minimal_Default:PersistentLevel.Minimal_Default' with GeneratedClass '/Game/StarterContent/Maps/Minimal_Default.Minimal_Default_C' with ClassGeneratedBy '/Game/StarterContent/Maps/Minimal_Default.Minimal_Default:PersistentLevel.Minimal_Default'
[2016.01.20-00.05.03:190][649]LogBlueprintUserMessages: Early EndPlayMap Detection: Level '/Game/StarterContent/Maps/Minimal_Default.Minimal_Default:PersistentLevel' has LevelScriptBlueprint '/Game/StarterContent/Maps/Minimal_Default.Minimal_Default:PersistentLevel.Minimal_Default' with GeneratedClass '/Game/StarterContent/Maps/Minimal_Default.Minimal_Default_C' with ClassGeneratedBy '/Game/StarterContent/Maps/Minimal_Default.Minimal_Default:PersistentLevel.Minimal_Default'
[2016.01.20-00.05.03:194][649]LeapPluginLog: LeapController::CleanupEventData Delete Called
[2016.01.20-00.05.03:280][649]LogBlueprintUserMessages: Late EndPlayMap Detection: Level '/Game/StarterContent/Maps/Minimal_Default.Minimal_Default:PersistentLevel' has LevelScriptBlueprint '/Game/StarterContent/Maps/Minimal_Default.Minimal_Default:PersistentLevel.Minimal_Default' with GeneratedClass '/Game/StarterContent/Maps/Minimal_Default.Minimal_Default_C' with ClassGeneratedBy '/Game/StarterContent/Maps/Minimal_Default.Minimal_Default:PersistentLevel.Minimal_Default'
[2016.01.20-00.05.03:292][649]LogParticles: Destroying 0 GPU particle simulations for FXSystem 0x00000000238634C0
[2016.01.20-00.05.20:341][ 32]LogEditorViewport: Clicking on Actor (LMB): BP_Sky_Sphere_C (BP_Sky_Sphere)
[2016.01.20-00.05.21:017][101]LogEditorViewport: Clicking on Actor (LMB): BP_Sky_Sphere_C (BP_Sky_Sphere)
[2016.01.20-00.05.37:615][339]Cmd: QUIT_EDITOR
[2016.01.20-00.05.37:881][339]LogExit: Preparing to exit.
[2016.01.20-00.05.38:085][339]LeapPluginLog: LeapController::CleanupEventData Delete Called
[2016.01.20-00.05.38:101][339]LeapPluginLog: LeapController::CleanupEventData Delete Called
[2016.01.20-00.05.38:110][339]LogExit: Editor shut down
[2016.01.20-00.05.38:111][339]LogExit: Transaction tracking system shut down
[2016.01.20-00.05.38:113][339]LogParticles: Destroying 0 GPU particle simulations for FXSystem 0x000000002509A160
[2016.01.20-00.05.38:113][339]LogParticles: Destroying 0 GPU particle simulations for FXSystem 0x0000000028767880
[2016.01.20-00.05.38:113][339]LogParticles: Destroying 0 GPU particle simulations for FXSystem 0x0000000028146C00
[2016.01.20-00.05.38:113][339]LogParticles: Destroying 0 GPU particle simulations for FXSystem 0x0000000023863BA0
[2016.01.20-00.05.38:113][339]LogParticles: Destroying 0 GPU particle simulations for FXSystem 0x0000000023863740
[2016.01.20-00.05.38:126][339]LeapPluginLog: LeapController::CleanupEventData Delete Called
[2016.01.20-00.05.38:138][339]LeapPluginLog: LeapController::CleanupEventData Delete Called
[2016.01.20-00.05.38:256][339]LogExit: Object subsystem successfully closed.
[2016.01.20-00.05.38:270][339]LogD3D11RHI: Shutdown
[2016.01.20-00.05.38:270][339]LogD3D11RHI: CleanupD3DDevice
[2016.01.20-00.05.38:315][339]LogD3D11RHI: ~FD3D11DynamicRHI
[2016.01.20-00.05.38:330][339]LogModuleManager: Shutting down and abandoning module CrashTracker (198)
[2016.01.20-00.05.38:330][339]LogModuleManager: Shutting down and abandoning module SceneOutliner (197)
[2016.01.20-00.05.38:330][339]LogModuleManager: Shutting down and abandoning module SuperSearch (196)
[2016.01.20-00.05.38:330][339]LogModuleManager: Shutting down and abandoning module WidgetCarousel (195)
[2016.01.20-00.05.38:330][339]LogModuleManager: Shutting down and abandoning module AddContentDialog (194)
[2016.01.20-00.05.38:330][339]LogModuleManager: Shutting down and abandoning module EditorWidgets (193)
[2016.01.20-00.05.38:330][339]LogModuleManager: Shutting down and abandoning module CollectionManager (192)
[2016.01.20-00.05.38:331][339]LogModuleManager: Shutting down and abandoning module StatsViewer (191)
[2016.01.20-00.05.38:331][339]LogModuleManager: Shutting down and abandoning module FoliageEdit (190)
[2016.01.20-00.05.38:331][339]LogModuleManager: Shutting down and abandoning module LandscapeEditor (189)
[2016.01.20-00.05.38:331][339]LogModuleManager: Shutting down and abandoning module ActorPickerMode (188)
[2016.01.20-00.05.38:331][339]LogModuleManager: Shutting down and abandoning module GeometryMode (187)
[2016.01.20-00.05.38:331][339]LogModuleManager: Shutting down and abandoning module TextureAlignMode (186)
[2016.01.20-00.05.38:331][339]LogModuleManager: Shutting down and abandoning module BspMode (185)
[2016.01.20-00.05.38:331][339]LogModuleManager: Shutting down and abandoning module PlacementMode (184)
[2016.01.20-00.05.38:331][339]LogModuleManager: Shutting down and abandoning module AutomationWorker (183)
[2016.01.20-00.05.38:331][339]LogModuleManager: Shutting down and abandoning module CharacterAI (182)
[2016.01.20-00.05.38:331][339]LogModuleManager: Shutting down and abandoning module SmartSnapping (181)
[2016.01.20-00.05.38:331][339]LogModuleManager: Shutting down and abandoning module ViewportSnapping (180)
[2016.01.20-00.05.38:331][339]LogModuleManager: Shutting down and abandoning module LogVisualizer (179)
[2016.01.20-00.05.38:331][339]LogModuleManager: Shutting down and abandoning module GameProjectGeneration (178)
[2016.01.20-00.05.38:331][339]LogModuleManager: Shutting down and abandoning module IntroTutorials (177)
[2016.01.20-00.05.38:331][339]LogModuleManager: Shutting down and abandoning module EditorLiveStreaming (176)
[2016.01.20-00.05.38:331][339]LogModuleManager: Shutting down and abandoning module IOSPlatformEditor (175)
[2016.01.20-00.05.38:331][339]LogModuleManager: Shutting down and abandoning module HTML5PlatformEditor (174)
[2016.01.20-00.05.38:331][339]LogModuleManager: Shutting down and abandoning module AndroidDeviceDetection (173)
[2016.01.20-00.05.38:903][339]LogModuleManager: Shutting down and abandoning module AndroidPlatformEditor (172)
[2016.01.20-00.05.38:903][339]LogModuleManager: Shutting down and abandoning module IOSRuntimeSettings (171)
[2016.01.20-00.05.38:903][339]LogModuleManager: Shutting down and abandoning module AndroidRuntimeSettings (170)
[2016.01.20-00.05.38:903][339]LogModuleManager: Shutting down and abandoning module MergeActors (169)
[2016.01.20-00.05.38:903][339]LogModuleManager: Shutting down and abandoning module SizeMap (168)
[2016.01.20-00.05.38:903][339]LogModuleManager: Shutting down and abandoning module TreeMap (167)
[2016.01.20-00.05.38:903][339]LogModuleManager: Shutting down and abandoning module ReferenceViewer (166)
[2016.01.20-00.05.38:903][339]LogModuleManager: Shutting down and abandoning module LocalizationService (165)
[2016.01.20-00.05.38:903][339]LogModuleManager: Shutting down and abandoning module LocalizationDashboard (164)
[2016.01.20-00.05.38:903][339]LogModuleManager: Shutting down and abandoning module HardwareTargeting (163)
[2016.01.20-00.05.38:903][339]LogModuleManager: Shutting down and abandoning module DeviceProfileEditor (162)
[2016.01.20-00.05.38:903][339]LogModuleManager: Shutting down and abandoning module UndoHistory (161)
[2016.01.20-00.05.38:903][339]LogModuleManager: Shutting down and abandoning module GameplayTagsEditor (160)
[2016.01.20-00.05.38:903][339]LogModuleManager: Shutting down and abandoning module UserFeedback (159)
[2016.01.20-00.05.38:903][339]LogModuleManager: Shutting down and abandoning module XmlParser (158)
[2016.01.20-00.05.38:903][339]LogModuleManager: Shutting down and abandoning module Blutility (157)
[2016.01.20-00.05.38:904][339]LogModuleManager: Shutting down and abandoning module ProjectTargetPlatformEditor (156)
[2016.01.20-00.05.38:904][339]LogModuleManager: Shutting down and abandoning module ProjectSettingsViewer (155)
[2016.01.20-00.05.38:904][339]LogModuleManager: Shutting down and abandoning module InputBindingEditor (154)
[2016.01.20-00.05.38:904][339]LogModuleManager: Shutting down and abandoning module EditorSettingsViewer (153)
[2016.01.20-00.05.38:904][339]LogModuleManager: Shutting down and abandoning module SettingsEditor (152)
[2016.01.20-00.05.38:904][339]LogModuleManager: Shutting down and abandoning module ProjectLauncher (151)
[2016.01.20-00.05.38:904][339]LogModuleManager: Shutting down and abandoning module SessionFrontend (150)
[2016.01.20-00.05.38:904][339]LogModuleManager: Shutting down and abandoning module ProfilerClient (149)
[2016.01.20-00.05.38:904][339]LogModuleManager: Shutting down and abandoning module TargetDeviceServices (148)
[2016.01.20-00.05.38:905][339]LogModuleManager: Shutting down and abandoning module DeviceManager (147)
[2016.01.20-00.05.38:905][339]LogModuleManager: Shutting down and abandoning module AutomationController (146)
[2016.01.20-00.05.38:905][339]LogModuleManager: Shutting down and abandoning module AutomationWindow (145)
[2016.01.20-00.05.38:905][339]LogModuleManager: Shutting down and abandoning module Layers (144)
[2016.01.20-00.05.38:905][339]LogModuleManager: Shutting down and abandoning module ComponentVisualizers (143)
[2016.01.20-00.05.38:905][339]LogModuleManager: Shutting down and abandoning module DetailCustomizations (142)
[2016.01.20-00.05.38:905][339]LogModuleManager: Shutting down and abandoning module PackagesDialog (141)
[2016.01.20-00.05.38:905][339]LogModuleManager: Shutting down and abandoning module Persona (140)
[2016.01.20-00.05.38:905][339]LogModuleManager: Shutting down and abandoning module Kismet (139)
[2016.01.20-00.05.38:905][339]LogModuleManager: Shutting down and abandoning module GraphEditor (138)
[2016.01.20-00.05.38:906][339]LogModuleManager: Shutting down and abandoning module ClassViewer (137)
[2016.01.20-00.05.38:906][339]LogModuleManager: Shutting down and abandoning module Toolbox (136)
[2016.01.20-00.05.38:906][339]LogModuleManager: Shutting down and abandoning module ModuleUI (135)
[2016.01.20-00.05.38:906][339]LogModuleManager: Shutting down and abandoning module MovieSceneTools (134)
[2016.01.20-00.05.38:906][339]LogModuleManager: Shutting down and abandoning module OutputLog (133)
[2016.01.20-00.05.38:906][339]LogModuleManager: Shutting down and abandoning module GammaUI (132)
[2016.01.20-00.05.38:906][339]LogModuleManager: Shutting down and abandoning module Documentation (131)
[2016.01.20-00.05.38:906][339]LogModuleManager: Shutting down and abandoning module GameLiveStreaming (130)
[2016.01.20-00.05.38:906][339]LogModuleManager: Shutting down and abandoning module StreamingPauseRendering (129)
[2016.01.20-00.05.38:906][339]LogModuleManager: Shutting down and abandoning module AnalyticsET (128)
[2016.01.20-00.05.38:906][339]LogModuleManager: Shutting down and abandoning module Analytics (127)
[2016.01.20-00.05.38:906][339]LogModuleManager: Shutting down and abandoning module AITestSuite (126)
[2016.01.20-00.05.38:906][339]LogModuleManager: Shutting down and abandoning module GameplayDebugger (125)
[2016.01.20-00.05.38:906][339]LogModuleManager: Shutting down and abandoning module AIModule (124)
[2016.01.20-00.05.38:906][339]LogModuleManager: Shutting down and abandoning module ProfilerService (123)
[2016.01.20-00.05.39:055][339]LogModuleManager: Shutting down and abandoning module TaskGraph (122)
[2016.01.20-00.05.39:055][339]LogModuleManager: Shutting down and abandoning module LeapMotion (121)
[2016.01.20-00.05.39:089][339]LogModuleManager: Shutting down and abandoning module SlateRemote (120)
[2016.01.20-00.05.39:089][339]LogModuleManager: Shutting down and abandoning module SteamVRController (119)
[2016.01.20-00.05.39:089][339]LogModuleManager: Shutting down and abandoning module SteamVR (118)
[2016.01.20-00.05.39:089][339]LogModuleManager: Shutting down and abandoning module ProceduralMeshComponent (117)
[2016.01.20-00.05.39:089][339]LogModuleManager: Shutting down and abandoning module OculusRift (116)
[2016.01.20-00.05.39:089][339]LogModuleManager: Shutting down and abandoning module OculusLibrary (115)
[2016.01.20-00.05.39:089][339]LogModuleManager: Shutting down and abandoning module LeapMotionController (114)
[2016.01.20-00.05.39:162][339]LogModuleManager: Shutting down and abandoning module CustomMeshComponent (113)
[2016.01.20-00.05.39:162][339]LogModuleManager: Shutting down and abandoning module CableComponent (112)
[2016.01.20-00.05.39:162][339]LogModuleManager: Shutting down and abandoning module ArchVisCharacter (111)
[2016.01.20-00.05.39:162][339]LogModuleManager: Shutting down and abandoning module MessagingDebugger (110)
[2016.01.20-00.05.39:162][339]LogModuleManager: Shutting down and abandoning module MediaPlayerEditor (109)
[2016.01.20-00.05.39:162][339]LogModuleManager: Shutting down and abandoning module HTML5Networking (108)
[2016.01.20-00.05.39:162][339]LogModuleManager: Shutting down and abandoning module SpeedTreeImporter (107)
[2016.01.20-00.05.39:162][339]LogModuleManager: Shutting down and abandoning module PluginBrowser (106)
[2016.01.20-00.05.39:162][339]LogModuleManager: Shutting down and abandoning module EpicSurvey (105)
[2016.01.20-00.05.39:162][339]LogModuleManager: Shutting down and abandoning module DesktopPlatform (104)
[2016.01.20-00.05.39:162][339]LogModuleManager: Shutting down and abandoning module VisualStudioSourceCodeAccess (103)
[2016.01.20-00.05.39:163][339]LogModuleManager: Shutting down and abandoning module UObjectPlugin (102)
[2016.01.20-00.05.39:163][339]LogModuleManager: Shutting down and abandoning module SubversionSourceControl (101)
[2016.01.20-00.05.39:163][339]LogModuleManager: Shutting down and abandoning module PerforceSourceControl (100)
[2016.01.20-00.05.39:163][339]LogModuleManager: Shutting down and abandoning module SourceControl (99)
[2016.01.20-00.05.39:163][339]LogModuleManager: Shutting down and abandoning module GitSourceControl (98)
[2016.01.20-00.05.39:163][339]LogModuleManager: Shutting down and abandoning module LightPropagationVolumeEditor (97)
[2016.01.20-00.05.39:163][339]LogModuleManager: Shutting down and abandoning module PaperTiledImporter (96)
[2016.01.20-00.05.39:163][339]LogModuleManager: Shutting down and abandoning module PaperSpriteSheetImporter (95)
[2016.01.20-00.05.39:163][339]LogModuleManager: Shutting down and abandoning module MeshPaint (94)
[2016.01.20-00.05.39:163][339]LogModuleManager: Shutting down and abandoning module SlateReflector (93)
[2016.01.20-00.05.39:163][339]LogModuleManager: Shutting down and abandoning module HotReload (92)
[2016.01.20-00.05.39:163][339]LogModuleManager: Shutting down and abandoning module MainFrame (91)
[2016.01.20-00.05.39:163][339]LogModuleManager: Shutting down and abandoning module LevelEditor (90)
[2016.01.20-00.05.39:166][339]LogModuleManager: Shutting down and abandoning module DirectoryWatcher (89)
[2016.01.20-00.05.39:168][339]LogModuleManager: Shutting down and abandoning module AssetRegistry (88)
[2016.01.20-00.05.39:249][339]LogModuleManager: Shutting down and abandoning module ContentBrowser (87)
[2016.01.20-00.05.39:250][339]LogModuleManager: Shutting down and abandoning module Paper2DEditor (86)
[2016.01.20-00.05.39:250][339]LogModuleManager: Shutting down and abandoning module UdpMessaging (85)
[2016.01.20-00.05.39:350][339]LogModuleManager: Shutting down and abandoning module LightPropagationVolumeRuntime (84)
[2016.01.20-00.05.39:350][339]LogModuleManager: Shutting down and abandoning module Paper2D (83)
[2016.01.20-00.05.39:350][339]LogModuleManager: Shutting down and abandoning module WindowsMoviePlayer (82)
[2016.01.20-00.05.39:352][339]LogModuleManager: Shutting down and abandoning module Media (81)
[2016.01.20-00.05.39:352][339]LogModuleManager: Shutting down and abandoning module WmfMedia (80)
[2016.01.20-00.05.39:352][339]LogModuleManager: Shutting down and abandoning module OnlineBlueprintSupport (79)
[2016.01.20-00.05.39:352][339]LogModuleManager: Shutting down and abandoning module GameplayTasksEditor (78)
[2016.01.20-00.05.39:352][339]LogModuleManager: Shutting down and abandoning module PropertyEditor (77)
[2016.01.20-00.05.39:352][339]LogModuleManager: Shutting down and abandoning module BehaviorTreeEditor (76)
[2016.01.20-00.05.39:352][339]LogModuleManager: Shutting down and abandoning module FunctionalTesting (75)
[2016.01.20-00.05.39:352][339]LogModuleManager: Shutting down and abandoning module CollisionAnalyzer (74)
[2016.01.20-00.05.39:352][339]LogModuleManager: Shutting down and abandoning module WorkspaceMenuStructure (73)
[2016.01.20-00.05.39:352][339]LogModuleManager: Shutting down and abandoning module MessageLog (72)
[2016.01.20-00.05.39:352][339]LogModuleManager: Shutting down and abandoning module Sequencer (71)
[2016.01.20-00.05.39:352][339]LogModuleManager: Shutting down and abandoning module AssetTools (70)
[2016.01.20-00.05.39:352][339]LogModuleManager: Shutting down and abandoning module UMGEditor (69)
[2016.01.20-00.05.39:352][339]LogModuleManager: Shutting down and abandoning module UMG (68)
[2016.01.20-00.05.39:352][339]LogModuleManager: Shutting down and abandoning module Slate (67)
[2016.01.20-00.05.39:352][339]LogModuleManager: Shutting down and abandoning module EditorStyle (66)
[2016.01.20-00.05.39:353][339]LogModuleManager: Shutting down and abandoning module SessionServices (65)
[2016.01.20-00.05.39:353][339]LogModuleManager: Shutting down and abandoning module SourceCodeAccess (64)
[2016.01.20-00.05.39:353][339]LogModuleManager: Shutting down and abandoning module HeadMountedDisplay (63)
[2016.01.20-00.05.39:353][339]LogModuleManager: Shutting down and abandoning module XAudio2 (62)
[2016.01.20-00.05.39:353][339]LogModuleManager: Shutting down and abandoning module Networking (60)
[2016.01.20-00.05.39:353][339]LogModuleManager: Shutting down and abandoning module Core (59)
[2016.01.20-00.05.39:353][339]LogModuleManager: Shutting down and abandoning module KismetCompiler (58)
[2016.01.20-00.05.39:354][339]LogModuleManager: Shutting down and abandoning module PhysXFormats (57)
[2016.01.20-00.05.39:354][339]LogModuleManager: Shutting down and abandoning module MeshUtilities (56)
[2016.01.20-00.05.39:354][339]LogModuleManager: Shutting down and abandoning module CookingStats (55)
[2016.01.20-00.05.39:354][339]LogModuleManager: Shutting down and abandoning module DerivedDataCache (54)
[2016.01.20-00.05.39:448][339]LogDerivedDataCache: Shutdown
[2016.01.20-00.05.39:448][339]LogModuleManager: Shutting down and abandoning module ShaderFormatOpenGL (53)
[2016.01.20-00.05.39:448][339]LogModuleManager: Shutting down and abandoning module ShaderFormatD3D (52)
[2016.01.20-00.05.39:448][339]LogModuleManager: Shutting down and abandoning module MetalShaderFormat (51)
[2016.01.20-00.05.39:448][339]LogModuleManager: Shutting down and abandoning module TextureFormatUncompressed (50)
[2016.01.20-00.05.39:448][339]LogModuleManager: Shutting down and abandoning module TextureFormatPVR (49)
[2016.01.20-00.05.39:448][339]LogModuleManager: Shutting down and abandoning module TextureFormatIntelISPCTexComp (48)
[2016.01.20-00.05.39:448][339]LogModuleManager: Shutting down and abandoning module TextureFormatDXT (47)
[2016.01.20-00.05.39:448][339]LogModuleManager: Shutting down and abandoning module ImageWrapper (46)
[2016.01.20-00.05.39:449][339]LogModuleManager: Shutting down and abandoning module TextureFormatASTC (45)
[2016.01.20-00.05.39:449][339]LogModuleManager: Shutting down and abandoning module TextureFormatAndroid (44)
[2016.01.20-00.05.39:449][339]LogModuleManager: Shutting down and abandoning module AudioFormatOpus (43)
[2016.01.20-00.05.39:449][339]LogModuleManager: Shutting down and abandoning module AudioFormatOgg (42)
[2016.01.20-00.05.39:449][339]LogModuleManager: Shutting down and abandoning module AudioFormatADPCM (41)
[2016.01.20-00.05.39:449][339]LogModuleManager: Shutting down and abandoning module LinuxTargetPlatform (40)
[2016.01.20-00.05.39:449][339]LogModuleManager: Shutting down and abandoning module LinuxServerTargetPlatform (39)
[2016.01.20-00.05.39:449][339]LogModuleManager: Shutting down and abandoning module LinuxNoEditorTargetPlatform (38)
[2016.01.20-00.05.39:449][339]LogModuleManager: Shutting down and abandoning module Messaging (37)
[2016.01.20-00.05.39:449][339]LogModuleManager: Shutting down and abandoning module IOSTargetPlatform (36)
[2016.01.20-00.05.39:449][339]LogModuleManager: Shutting down and abandoning module HTML5TargetPlatform (35)
[2016.01.20-00.05.39:449][339]LogModuleManager: Shutting down and abandoning module Android_PVRTCTargetPlatform (34)
[2016.01.20-00.05.39:449][339]LogModuleManager: Shutting down and abandoning module Android_ETC2TargetPlatform (33)
[2016.01.20-00.05.39:449][339]LogModuleManager: Shutting down and abandoning module Android_ETC1TargetPlatform (32)
[2016.01.20-00.05.39:449][339]LogModuleManager: Shutting down and abandoning module Android_DXTTargetPlatform (31)
[2016.01.20-00.05.39:449][339]LogModuleManager: Shutting down and abandoning module Android_ATCTargetPlatform (30)
[2016.01.20-00.05.39:449][339]LogModuleManager: Shutting down and abandoning module Android_ASTCTargetPlatform (29)
[2016.01.20-00.05.39:449][339]LogModuleManager: Shutting down and abandoning module AndroidTargetPlatform (28)
[2016.01.20-00.05.39:449][339]LogModuleManager: Shutting down and abandoning module WindowsTargetPlatform (27)
[2016.01.20-00.05.39:449][339]LogModuleManager: Shutting down and abandoning module WindowsServerTargetPlatform (26)
[2016.01.20-00.05.39:449][339]LogModuleManager: Shutting down and abandoning module WindowsNoEditorTargetPlatform (25)
[2016.01.20-00.05.39:449][339]LogModuleManager: Shutting down and abandoning module WindowsClientTargetPlatform (24)
[2016.01.20-00.05.39:449][339]LogModuleManager: Shutting down and abandoning module AllDesktopTargetPlatform (23)
[2016.01.20-00.05.39:449][339]LogModuleManager: Shutting down and abandoning module TargetPlatform (22)
[2016.01.20-00.05.39:449][339]LogModuleManager: Shutting down and abandoning module InputCore (21)
[2016.01.20-00.05.39:449][339]LogModuleManager: Shutting down and abandoning module Settings (20)
[2016.01.20-00.05.39:449][339]LogModuleManager: Shutting down and abandoning module OnlineSubsystem (18)
[2016.01.20-00.05.39:449][339]LogModuleManager: Shutting down and abandoning module HTTP (17)
[2016.01.20-00.05.40:449][339]LogModuleManager: Shutting down and abandoning module XMPP (16)
[2016.01.20-00.05.40:449][339]LogModuleManager: Shutting down and abandoning module ExampleDeviceProfileSelector (15)
[2016.01.20-00.05.40:449][339]LogModuleManager: Shutting down and abandoning module TextureCompressor (14)
[2016.01.20-00.05.40:449][339]LogModuleManager: Shutting down and abandoning module ShaderCore (13)
[2016.01.20-00.05.40:449][339]LogModuleManager: Shutting down and abandoning module Landscape (12)
[2016.01.20-00.05.40:449][339]LogModuleManager: Shutting down and abandoning module SlateRHIRenderer (11)
[2016.01.20-00.05.40:449][339]LogModuleManager: Shutting down and abandoning module OpenGLDrv (10)
[2016.01.20-00.05.40:449][339]LogModuleManager: Shutting down and abandoning module D3D11RHI (9)
[2016.01.20-00.05.40:449][339]LogModuleManager: Shutting down and abandoning module AnimGraphRuntime (8)
[2016.01.20-00.05.40:449][339]LogModuleManager: Shutting down and abandoning module Renderer (7)
[2016.01.20-00.05.40:449][339]LogModuleManager: Shutting down and abandoning module Engine (6)
[2016.01.20-00.05.40:449][339]LogModuleManager: Shutting down and abandoning module CoreUObject (5)
[2016.01.20-00.05.40:449][339]LogModuleManager: Shutting down and abandoning module NetworkFile (4)
[2016.01.20-00.05.40:449][339]LogModuleManager: Shutting down and abandoning module StreamingFile (3)
[2016.01.20-00.05.40:450][339]LogModuleManager: Shutting down and abandoning module SandboxFile (2)
[2016.01.20-00.05.40:450][339]LogModuleManager: Shutting down and abandoning module PakFile (1)
[2016.01.20-00.05.40:450][339]LogExit: Exiting.
[2016.01.20-00.05.40:451][339]Log file closed, 01/19/16 21:05:40
