[2016.01.28-22.54.05:375][  0]Log file open, 01/28/16 19:54:05
[2016.01.28-22.54.05:375][  0]LogInit:Display: Running engine for game: LeapBasics
[2016.01.28-22.54.05:375][  0]LogInit:Display: RandInit(-293497480) SRandInit(-293497478).
[2016.01.28-22.54.05:375][  0]LogTaskGraph: Started task graph with 4 named threads and 5 total threads.
[2016.01.28-22.54.05:375][  0]LogStats: Stats thread started at 0.121240
[2016.01.28-22.54.05:375][  0]LogInit: Version: 4.9.2-2707645+++depot+UE4-Releases+4.9
[2016.01.28-22.54.05:375][  0]LogInit: API Version: 2672455
[2016.01.28-22.54.05:375][  0]LogInit: Compiled (64-bit): Sep 28 2015 10:25:44
[2016.01.28-22.54.05:375][  0]LogInit: Compiled with Visual C++: 18.00.21005.01
[2016.01.28-22.54.05:375][  0]LogInit: Build Configuration: Development
[2016.01.28-22.54.05:375][  0]LogInit: Branch Name: ++depot+UE4-Releases+4.9
[2016.01.28-22.54.05:375][  0]LogInit: Command line:  /Temp/Autosaves/Game/StarterContent/Maps/UEDPCMinimal_Default -game -PIEVIACONSOLE -ResX=1280 -ResY=720  -Multiprocess 
[2016.01.28-22.54.05:375][  0]LogInit: Base directory: C:/Program Files/Epic Games/4.9/Engine/Binaries/Win64/
[2016.01.28-22.54.05:375][  0]LogInit: Rocket: 1
[2016.01.28-22.54.05:403][  0]LogInit: Using libcurl 7.41.0
[2016.01.28-22.54.05:403][  0]LogInit:  - built for x86_64-pc-win32
[2016.01.28-22.54.05:403][  0]LogInit:  - supports SSL with WinSSL
[2016.01.28-22.54.05:403][  0]LogInit:  - other features:
[2016.01.28-22.54.05:403][  0]LogInit:      CURL_VERSION_SSL
[2016.01.28-22.54.05:403][  0]LogInit:      CURL_VERSION_IPV6
[2016.01.28-22.54.05:403][  0]LogInit:      CURL_VERSION_ASYNCHDNS
[2016.01.28-22.54.05:403][  0]LogInit:      CURL_VERSION_LARGEFILE
[2016.01.28-22.54.05:403][  0]LogInit:      CURL_VERSION_IDN
[2016.01.28-22.54.05:403][  0]LogInit:  CurlRequestOptions (configurable via config and command line):
[2016.01.28-22.54.05:403][  0]LogInit:  - bVerifyPeer = true  - Libcurl will verify peer certificate
[2016.01.28-22.54.05:403][  0]LogInit:  - bUseHttpProxy = false  - Libcurl will NOT use HTTP proxy
[2016.01.28-22.54.05:403][  0]LogInit:  - bDontReuseConnections = false  - Libcurl will reuse connections
[2016.01.28-22.54.05:403][  0]LogInit:  - CertBundlePath = nullptr  - Libcurl will use whatever was configured at build time.
[2016.01.28-22.54.05:431][  0]LogInit: Presizing for 0 objects not considered by GC, pre-allocating 0 bytes.
[2016.01.28-22.54.05:445][  0]LogInit: Object subsystem initialized
[2016.01.28-22.54.05:448][  0]LogInit: Selected Device Profile: [Windows]
[2016.01.28-22.54.05:448][  0]LogInit: Applying CVar settings loaded from the selected device profile: [Windows]
[2016.01.28-22.54.05:455][  0]LogInit: Computer: TONGA-PC
[2016.01.28-22.54.05:455][  0]LogInit: User: Tonga
[2016.01.28-22.54.05:455][  0]LogInit: CPU Page size=4096, Cores=2
[2016.01.28-22.54.05:455][  0]LogInit: High frequency timer resolution =3.021884 MHz
[2016.01.28-22.54.05:455][  0]LogMemory: Memory total: Physical=7.9GB (8GB approx)
[2016.01.28-22.54.05:455][  0]LogMemory: Platform Memory Stats for Windows
[2016.01.28-22.54.05:455][  0]LogMemory: Process Physical Memory: 54.04 MB used, 54.04 MB peak
[2016.01.28-22.54.05:455][  0]LogMemory: Process Virtual Memory: 56.54 MB used, 56.54 MB peak
[2016.01.28-22.54.05:455][  0]LogMemory: Physical Memory: 4039.77 MB used, 8132.66 MB total
[2016.01.28-22.54.05:455][  0]LogMemory: Virtual Memory: 338.83 MB used, 8388608.00 MB total
[2016.01.28-22.54.06:797][  0]LogD3D11RHI: Found D3D11 adapter 0: NVIDIA GeForce GTX 750 Ti (Feature Level 11_0)
[2016.01.28-22.54.06:797][  0]LogD3D11RHI: Adapter has 1992MB of dedicated video memory, 0MB of dedicated system memory, and 2048MB of shared system memory, 1 output[s]
[2016.01.28-22.54.06:797][  0]LogD3D11RHI: Chosen D3D11 Adapter Id = 0
[2016.01.28-22.54.06:810][  0]LogD3D11RHI: !Direct3DDevice
[2016.01.28-22.54.06:811][  0]LogRHI: Texture pool is 1361 MB (70% of 1945 MB)
[2016.01.28-22.54.06:830][  0]LogD3D11RHI: Async texture creation enabled
[2016.01.28-22.54.06:849][  0]LogShaderCompilers: Guid format shader working directory is 15 characters bigger than the processId version (../../../../../../Users/Tonga/Documents/Facultad/Tesis/Repositorio/proygrad_fing/LeapBasics/Intermediate/Shaders/WorkingDirectory/2216/).
[2016.01.28-22.54.06:850][  0]LogShaderCompilers: Cleaned the shader compiler working directory '../../../../../../Users/Tonga/Documents/Facultad/Tesis/Repositorio/proygrad_fing/LeapBasics/Intermediate/Shaders/tmp/6174B4674DC0F2B5C33627BF3FFB7D47/'.
[2016.01.28-22.54.06:850][  0]LogShaderCompilers:Display: Using Local Shader Compiler.
[2016.01.28-22.54.09:457][  0]LogTemp:Display: Loaded TP AllDesktopTargetPlatform
[2016.01.28-22.54.09:470][  0]LogTemp:Display: Loaded TP WindowsClientTargetPlatform
[2016.01.28-22.54.09:485][  0]LogTemp:Display: Loaded TP WindowsNoEditorTargetPlatform
[2016.01.28-22.54.09:497][  0]LogTemp:Display: Loaded TP WindowsServerTargetPlatform
[2016.01.28-22.54.09:511][  0]LogTemp:Display: Loaded TP WindowsTargetPlatform
[2016.01.28-22.54.09:523][  0]LogTemp:Display: Loaded TP AndroidTargetPlatform
[2016.01.28-22.54.09:531][  0]LogTemp:Display: Loaded TP Android_ASTCTargetPlatform
[2016.01.28-22.54.09:541][  0]LogTemp:Display: Loaded TP Android_ATCTargetPlatform
[2016.01.28-22.54.09:552][  0]LogTemp:Display: Loaded TP Android_DXTTargetPlatform
[2016.01.28-22.54.09:562][  0]LogTemp:Display: Loaded TP Android_ETC1TargetPlatform
[2016.01.28-22.54.09:574][  0]LogTemp:Display: Loaded TP Android_ETC2TargetPlatform
[2016.01.28-22.54.09:586][  0]LogTemp:Display: Loaded TP Android_PVRTCTargetPlatform
[2016.01.28-22.54.09:594][  0]LogTemp:Display: Loaded TP HTML5TargetPlatform
[2016.01.28-22.54.09:628][  0]LogTemp:Display: Loaded TP IOSTargetPlatform
[2016.01.28-22.54.09:639][  0]LogTemp:Display: Loaded TP LinuxNoEditorTargetPlatform
[2016.01.28-22.54.09:650][  0]LogTemp:Display: Loaded TP LinuxServerTargetPlatform
[2016.01.28-22.54.09:661][  0]LogTemp:Display: Loaded TP LinuxTargetPlatform
[2016.01.28-22.54.09:661][  0]LogTargetPlatformManager:Display: Building Assets For Windows
[2016.01.28-22.54.09:906][  0]LogDerivedDataCache:Display: Max Cache Size: 512 MB
[2016.01.28-22.54.10:056][  0]LogDerivedDataCache: Loaded boot cache 0.15s 41MB C:/Users/Tonga/AppData/Local/UnrealEngine/4.9/DerivedDataCache/Boot.ddc.
[2016.01.28-22.54.10:056][  0]LogDerivedDataCache:Display: Loaded Boot cache: C:/Users/Tonga/AppData/Local/UnrealEngine/4.9/DerivedDataCache/Boot.ddc
[2016.01.28-22.54.10:057][  0]LogDerivedDataCache: FDerivedDataBackendGraph:  Pak pak cache file ../../../../../../Users/Tonga/Documents/Facultad/Tesis/Repositorio/proygrad_fing/LeapBasics/DerivedDataCache/DDC.ddp not found, will not use a pak cache.
[2016.01.28-22.54.10:057][  0]LogDerivedDataCache: Unable to find inner node Pak for hierarchical cache Hierarchy.
[2016.01.28-22.54.10:057][  0]LogDerivedDataCache: FDerivedDataBackendGraph:  CompressedPak pak cache file ../../../../../../Users/Tonga/Documents/Facultad/Tesis/Repositorio/proygrad_fing/LeapBasics/DerivedDataCache/Compressed.ddp not found, will not use a pak cache.
[2016.01.28-22.54.10:057][  0]LogDerivedDataCache: Unable to find inner node CompressedPak for hierarchical cache Hierarchy.
[2016.01.28-22.54.10:287][  0]LogDerivedDataCache:Display: Pak cache opened for reading ../../../Engine/DerivedDataCache/Compressed.ddp.
[2016.01.28-22.54.10:299][  0]LogDerivedDataCache: Using Local data cache path C:/Users/Tonga/AppData/Local/UnrealEngine/Common/DerivedDataCache: Writable
[2016.01.28-22.54.10:782][  0]LogInit: Selected Device Profile: [Windows]
[2016.01.28-22.54.10:783][  0]LogContentStreaming: Texture pool size is 1000.000000MB
[2016.01.28-22.54.10:823][  0]LogMeshUtilities: No automatic mesh reduction module available
[2016.01.28-22.54.10:823][  0]LogMeshUtilities: No automatic mesh merging module available
[2016.01.28-22.54.11:628][  0]LogInit: WinSock: version 1.1 (2.2), MaxSocks=32767, MaxUdp=65467
[2016.01.28-22.54.12:199][  0]LogWindowsMoviePlayer: Unable to load movie: ../../../../../../Users/Tonga/Documents/Facultad/Tesis/Repositorio/proygrad_fing/LeapBasics/Content/Movies/Default_Startup.mp4
[2016.01.28-22.54.12:396][  0]SourceControl: Info Source control is disabled
[2016.01.28-22.54.12:396][  0]SourceControl: Info Source control is disabled
[2016.01.28-22.54.12:428][  0]SourceControl: Info Source control is disabled
[2016.01.28-22.54.12:680][  0]LogLinker:Warning: Asset '../../../Engine/Plugins/Runtime/LeapMotionController/Content/LM_PassthroughMaterial.uasset' has been saved with empty engine version. The asset will be loaded but may be incompatible.
[2016.01.28-22.54.12:941][  0]LeapPluginLog: Using LeapPlugin version 0.9.7
[2016.01.28-22.54.12:950][  0]LogObj: 28289 objects as part of root set at end of initial load.
[2016.01.28-22.54.12:950][  0]LogUObjectAllocator: 5877192 out of 0 bytes used by permanent object pool.
[2016.01.28-22.54.13:060][  0]LogEngine: Initializing Engine...
[2016.01.28-22.54.13:067][  0]OCULUS: Info: 01/28/16 22:54:13: [CAPI] LibOVR module is located at C:\Windows\system32\LibOVRRT64_0_7.dll

[2016.01.28-22.54.13:569][  0]OCULUS: Error: 01/28/16 22:54:13: [CAPI] ovr_Create failed to complete within the timeout period.
[2016.01.28-22.54.13:574][  0]LogHMD: SteamVR failed to initialize.  Err: 110
[2016.01.28-22.54.13:832][  0]LogInit: XAudio2 using 'Altavoces (Realtek High Definition Audio)' : 2 channels at 48 kHz using 32 bits per sample (channel mask 0x3)
[2016.01.28-22.54.13:888][  0]LogInit: FAudioDevice initialized.
[2016.01.28-22.54.13:915][  0]LogInit: Texture streaming: Enabled
[2016.01.28-22.54.14:118][  0]LogNet: Browse: /Temp/Autosaves/Game/StarterContent/Maps/UEDPCMinimal_Default?Name=Player
[2016.01.28-22.54.14:121][  0]LogLoad: LoadMap: /Temp/Autosaves/Game/StarterContent/Maps/UEDPCMinimal_Default?Name=Player
[2016.01.28-22.54.14:147][  0]LogParticles: Destroying 0 GPU particle simulations for FXSystem 0x0000000013765080
[2016.01.28-22.54.14:180][  0]LogMemory: Platform Memory Stats for Windows
[2016.01.28-22.54.14:180][  0]LogMemory: Process Physical Memory: 372.53 MB used, 372.53 MB peak
[2016.01.28-22.54.14:180][  0]LogMemory: Process Virtual Memory: 407.73 MB used, 451.81 MB peak
[2016.01.28-22.54.14:180][  0]LogMemory: Physical Memory: 4305.23 MB used, 8132.66 MB total
[2016.01.28-22.54.14:180][  0]LogMemory: Virtual Memory: 927.70 MB used, 8388608.00 MB total
[2016.01.28-22.54.14:180][  0]LogMemory: 
[2016.01.28-22.54.14:180][  0]Allocator Stats for TBB: (not implemented)
[2016.01.28-22.54.14:266][  0]LogAssetRegistry: FAssetRegistry took 0.0002 seconds to start up
[2016.01.28-22.54.15:308][  0]LogBlueprint:Warning: [compiler LeapBasicRiggedCharacter] Warning InputAction Event references unknown Action 'Jump' for  InputAction Jump 
[2016.01.28-22.54.15:308][  0]LogBlueprint:Warning: [compiler LeapBasicRiggedCharacter] Warning Input Axis Event references unknown Axis 'LookUpRate' for  InputAxis LookUpRate 
[2016.01.28-22.54.15:308][  0]LogBlueprint:Warning: [compiler LeapBasicRiggedCharacter] Warning Input Axis Event references unknown Axis 'TurnRate' for  InputAxis TurnRate 
[2016.01.28-22.54.15:309][  0]LogBlueprint:Warning: [compiler LeapBasicRiggedCharacter] Warning Input Axis Event references unknown Axis 'MoveForward' for  InputAxis MoveForward 
[2016.01.28-22.54.15:314][  0]LogBlueprint:Warning: [compiler LeapBasicRiggedCharacter] Warning [0010.53] Compile of LeapBasicRiggedCharacter successful, but with 4 Warning(s) [in 12 ms]
[2016.01.28-22.54.15:314][  0]LogBlueprint:Warning: [compiler LeapBasicRiggedCharacter] Warning [0010.53] Compile of LeapBasicRiggedCharacter successful, but with 5 Warning(s) [in 0 ms]
[2016.01.28-22.54.15:314][  0]LogBlueprint:Warning: [compiler LeapBasicRiggedCharacter] Warning [0010.53] Compile of LeapBasicRiggedCharacter successful, but with 6 Warning(s) [in 0 ms]
[2016.01.28-22.54.15:410][  0]LogLinker:Warning: CreateImport: Failed to load Outer for resource 'Arrow': CameraActor_Blueprint_C /Game/CameraActor_Blueprint.Default__CameraActor_Blueprint_C
[2016.01.28-22.54.15:740][  0]LogBlueprint:Warning: [compiler LeapBasicRiggedCharacter] Warning InputAction Event references unknown Action 'Jump' for  InputAction Jump 
[2016.01.28-22.54.15:740][  0]LogBlueprint:Warning: [compiler LeapBasicRiggedCharacter] Warning Input Axis Event references unknown Axis 'LookUpRate' for  InputAxis LookUpRate 
[2016.01.28-22.54.15:740][  0]LogBlueprint:Warning: [compiler LeapBasicRiggedCharacter] Warning Input Axis Event references unknown Axis 'TurnRate' for  InputAxis TurnRate 
[2016.01.28-22.54.15:742][  0]LogBlueprint:Warning: [compiler LeapBasicRiggedCharacter] Warning Input Axis Event references unknown Axis 'MoveForward' for  InputAxis MoveForward 
[2016.01.28-22.54.15:750][  0]LogBlueprint:Warning: [compiler LeapBasicRiggedCharacter] Warning [0010.97] Compile of LeapBasicRiggedCharacter successful, but with 4 Warning(s) [in 20 ms]
[2016.01.28-22.54.15:750][  0]LogBlueprint:Warning: [compiler LeapBasicRiggedCharacter] Warning [0010.97] Compile of LeapBasicRiggedCharacter successful, but with 5 Warning(s) [in 0 ms]
[2016.01.28-22.54.15:751][  0]LogBlueprint:Warning: [compiler LeapBasicRiggedCharacter] Warning [0010.97] Compile of LeapBasicRiggedCharacter successful, but with 6 Warning(s) [in 0 ms]
[2016.01.28-22.54.16:443][  0]LogAIModule: Creating AISystem for world Minimal_Default
[2016.01.28-22.54.16:443][  0]LogWorld: Game class is 'GameMode'
[2016.01.28-22.54.16:452][  0]LeapPluginLog: InterfaceObject: CameraActor_Blueprint_C_0
[2016.01.28-22.54.16:453][  0]LeapPluginLog: InterfaceObject: LeapAnimBodyConnector_C_409
[2016.01.28-22.54.16:453][  0]LeapPluginLog:Warning: Warning! More than one (2) Leap Controller Component detected! Duplication of work and output may result (inefficiency warning).
[2016.01.28-22.54.16:454][  0]LeapPluginLog: LeapController::CleanupEventData Delete Called
[2016.01.28-22.54.16:457][  0]LeapPluginLog: LeapController::CleanupEventData Delete Called
[2016.01.28-22.54.16:460][  0]LeapPluginLog: InterfaceObject: LeapAnimBodyConnector_C_410
[2016.01.28-22.54.16:475][  0]LeapPluginLog: InterfaceObject: CameraActor_Blueprint_C_0
[2016.01.28-22.54.16:476][  0]LeapPluginLog:Warning: Warning! More than one (2) Leap Controller Component detected! Duplication of work and output may result (inefficiency warning).
[2016.01.28-22.54.16:477][  0]LeapPluginLog: LeapController::CleanupEventData Delete Called
[2016.01.28-22.54.16:477][  0]LeapPluginLog: InterfaceObject: CameraActor_Blueprint_C_0
[2016.01.28-22.54.16:477][  0]LeapPluginLog:Warning: Warning! More than one (2) Leap Controller Component detected! Duplication of work and output may result (inefficiency warning).
[2016.01.28-22.54.16:477][  0]LogWorld: Bringing World /Temp/Autosaves/Game/StarterContent/Maps/UEDPCMinimal_Default.Minimal_Default up for play (max tick rate 0) at 2016.01.28-19.54.16
[2016.01.28-22.54.16:480][  0]LogWorld: Bringing up level for play took: 0.035817
[2016.01.28-22.54.16:483][  0]LogInit:Display: Game Engine Initialized.
[2016.01.28-22.54.16:733][  0]LogLoad: Full Startup: 11.95 seconds (BP compile: 0.94 seconds)
[2016.01.28-22.54.16:859][  0]LogRenderer: Reallocating scene render targets to support 128x128 (Frame:1).
[2016.01.28-22.54.16:992][  1]LogRenderer: Reallocating scene render targets to support 1280x720 (Frame:2).
[2016.01.28-22.54.20:873][209]LogBlueprintUserMessages: [CameraActor_Blueprint_C_0] Pinch Released
[2016.01.28-22.54.20:873][209]LogBlueprintUserMessages: [CameraActor_Blueprint_C_0] Grab Released
[2016.01.28-22.54.20:873][209]LogBlueprintUserMessages: [CameraActor_Blueprint_C_0] Pinch Released
[2016.01.28-22.54.23:312][359]LogBlueprintUserMessages: [CameraActor_Blueprint_C_0] Pinch Pressed
[2016.01.28-22.54.23:312][359]LogBlueprintUserMessages: [CameraActor_Blueprint_C_0] Pinch Pressed
[2016.01.28-22.54.23:912][396]LogBlueprintUserMessages: [CameraActor_Blueprint_C_0] Pinch Released
[2016.01.28-22.54.23:912][396]LogBlueprintUserMessages: [CameraActor_Blueprint_C_0] Pinch Released
[2016.01.28-22.54.24:481][431]LogBlueprintUserMessages: [CameraActor_Blueprint_C_0] Grab Pressed
[2016.01.28-22.54.24:481][431]LogBlueprintUserMessages: [CameraActor_Blueprint_C_0] Grab Pressed
[2016.01.28-22.54.24:852][454]LogBlueprintUserMessages: [CameraActor_Blueprint_C_0] Grab Released
[2016.01.28-22.54.24:852][454]LogBlueprintUserMessages: [CameraActor_Blueprint_C_0] Pinch Pressed
[2016.01.28-22.54.24:852][454]LogBlueprintUserMessages: [CameraActor_Blueprint_C_0] Grab Released
[2016.01.28-22.54.24:852][454]LogBlueprintUserMessages: [CameraActor_Blueprint_C_0] Pinch Pressed
[2016.01.28-22.54.24:884][456]LogBlueprintUserMessages: [CameraActor_Blueprint_C_0] Pinch Released
[2016.01.28-22.54.24:885][456]LogBlueprintUserMessages: [CameraActor_Blueprint_C_0] Pinch Released
[2016.01.28-22.54.24:900][457]LogBlueprintUserMessages: [CameraActor_Blueprint_C_0] Grab Pressed
[2016.01.28-22.54.24:900][457]LogBlueprintUserMessages: [CameraActor_Blueprint_C_0] Grab Pressed
[2016.01.28-22.54.26:170][534]LogBlueprintUserMessages: [CameraActor_Blueprint_C_0] Grab Released
[2016.01.28-22.54.26:170][534]LogBlueprintUserMessages: [CameraActor_Blueprint_C_0] Grab Released
[2016.01.28-22.54.28:089][652]LogBlueprintUserMessages: [CameraActor_Blueprint_C_0] Pinch Released
[2016.01.28-22.54.28:089][652]LogBlueprintUserMessages: [CameraActor_Blueprint_C_0] Grab Released
[2016.01.28-22.54.28:089][652]LogBlueprintUserMessages: [CameraActor_Blueprint_C_0] Pinch Released
[2016.01.28-22.54.30:440][796]LogBlueprintUserMessages: [CameraActor_Blueprint_C_0] Pinch Pressed
[2016.01.28-22.54.30:440][796]LogBlueprintUserMessages: [CameraActor_Blueprint_C_0] Pinch Pressed
[2016.01.28-22.54.30:472][798]LogBlueprintUserMessages: [CameraActor_Blueprint_C_0] Grab Pressed
[2016.01.28-22.54.30:472][798]LogBlueprintUserMessages: [CameraActor_Blueprint_C_0] Grab Pressed
[2016.01.28-22.54.30:505][800]LogBlueprintUserMessages: [CameraActor_Blueprint_C_0] Grab Released
[2016.01.28-22.54.30:505][800]LogBlueprintUserMessages: [CameraActor_Blueprint_C_0] Grab Released
[2016.01.28-22.54.30:521][801]LogBlueprintUserMessages: [CameraActor_Blueprint_C_0] Grab Pressed
[2016.01.28-22.54.30:521][801]LogBlueprintUserMessages: [CameraActor_Blueprint_C_0] Grab Pressed
[2016.01.28-22.54.32:088][898]LogBlueprintUserMessages: [CameraActor_Blueprint_C_0] Grab Released
[2016.01.28-22.54.32:088][898]LogBlueprintUserMessages: [CameraActor_Blueprint_C_0] Grab Released
[2016.01.28-22.54.32:120][900]LogBlueprintUserMessages: [CameraActor_Blueprint_C_0] Pinch Released
[2016.01.28-22.54.32:120][900]LogBlueprintUserMessages: [CameraActor_Blueprint_C_0] Pinch Released
[2016.01.28-22.54.33:773][  2]LogBlueprintUserMessages: [CameraActor_Blueprint_C_0] Grab Pressed
[2016.01.28-22.54.33:773][  2]LogBlueprintUserMessages: [CameraActor_Blueprint_C_0] Grab Pressed
[2016.01.28-22.54.34:391][ 40]LogBlueprintUserMessages: [CameraActor_Blueprint_C_0] Grab Released
[2016.01.28-22.54.34:391][ 40]LogBlueprintUserMessages: [CameraActor_Blueprint_C_0] Grab Released
[2016.01.28-22.54.34:914][ 72]LogBlueprintUserMessages: [CameraActor_Blueprint_C_0] Pinch Pressed
[2016.01.28-22.54.34:915][ 72]LogBlueprintUserMessages: [CameraActor_Blueprint_C_0] Pinch Pressed
[2016.01.28-22.54.34:947][ 74]LogBlueprintUserMessages: [CameraActor_Blueprint_C_0] Pinch Released
[2016.01.28-22.54.34:948][ 74]LogBlueprintUserMessages: [CameraActor_Blueprint_C_0] Pinch Released
[2016.01.28-22.54.37:123][208]LogBlueprintUserMessages: [CameraActor_Blueprint_C_0] Grab Released
[2016.01.28-22.54.37:139][209]LogBlueprintUserMessages: [CameraActor_Blueprint_C_0] Pinch Released
[2016.01.28-22.54.37:139][209]LogBlueprintUserMessages: [CameraActor_Blueprint_C_0] Pinch Released
[2016.01.28-22.54.37:818][251]LogBlueprintUserMessages: [CameraActor_Blueprint_C_0] Pinch Pressed
[2016.01.28-22.54.37:818][251]LogBlueprintUserMessages: [CameraActor_Blueprint_C_0] Pinch Pressed
[2016.01.28-22.54.39:711][368]LogBlueprintUserMessages: [CameraActor_Blueprint_C_0] Grab Pressed
[2016.01.28-22.54.39:711][368]LogBlueprintUserMessages: [CameraActor_Blueprint_C_0] Grab Pressed
[2016.01.28-22.54.40:897][440]LogBlueprintUserMessages: [CameraActor_Blueprint_C_0] Grab Released
[2016.01.28-22.54.40:898][440]LogBlueprintUserMessages: [CameraActor_Blueprint_C_0] Pinch Released
[2016.01.28-22.54.40:898][440]LogBlueprintUserMessages: [CameraActor_Blueprint_C_0] Grab Released
[2016.01.28-22.54.40:898][440]LogBlueprintUserMessages: [CameraActor_Blueprint_C_0] Pinch Released
[2016.01.28-22.54.44:705][674]LogBlueprintUserMessages: [CameraActor_Blueprint_C_0] Pinch Pressed
[2016.01.28-22.54.44:705][674]LogBlueprintUserMessages: [CameraActor_Blueprint_C_0] Pinch Pressed
[2016.01.28-22.54.44:737][676]LogBlueprintUserMessages: [CameraActor_Blueprint_C_0] Pinch Released
[2016.01.28-22.54.44:738][676]LogBlueprintUserMessages: [CameraActor_Blueprint_C_0] Pinch Released
[2016.01.28-22.54.44:915][687]LogBlueprintUserMessages: [CameraActor_Blueprint_C_0] Pinch Pressed
[2016.01.28-22.54.44:915][687]LogBlueprintUserMessages: [CameraActor_Blueprint_C_0] Pinch Pressed
[2016.01.28-22.54.46:155][763]LogBlueprintUserMessages: [CameraActor_Blueprint_C_0] Pinch Released
[2016.01.28-22.54.46:155][763]LogBlueprintUserMessages: [CameraActor_Blueprint_C_0] Pinch Released
[2016.01.28-22.54.46:446][781]LogBlueprintUserMessages: [CameraActor_Blueprint_C_0] Pinch Pressed
[2016.01.28-22.54.46:446][781]LogBlueprintUserMessages: [CameraActor_Blueprint_C_0] Pinch Pressed
[2016.01.28-22.54.46:463][782]LogBlueprintUserMessages: [CameraActor_Blueprint_C_0] Pinch Released
[2016.01.28-22.54.46:463][782]LogBlueprintUserMessages: [CameraActor_Blueprint_C_0] Pinch Released
[2016.01.28-22.54.46:592][790]LogBlueprintUserMessages: [CameraActor_Blueprint_C_0] Pinch Pressed
[2016.01.28-22.54.46:592][790]LogBlueprintUserMessages: [CameraActor_Blueprint_C_0] Pinch Pressed
[2016.01.28-22.54.46:850][806]LogBlueprintUserMessages: [CameraActor_Blueprint_C_0] Grab Pressed
[2016.01.28-22.54.46:851][806]LogBlueprintUserMessages: [CameraActor_Blueprint_C_0] Grab Pressed
[2016.01.28-22.54.59:027][557]LogBlueprintUserMessages: [CameraActor_Blueprint_C_0] Circle
[2016.01.28-22.54.59:044][558]LogBlueprintUserMessages: [CameraActor_Blueprint_C_0] Circle
[2016.01.28-22.54.59:064][559]LogBlueprintUserMessages: [CameraActor_Blueprint_C_0] Circle
[2016.01.28-22.54.59:064][559]LogBlueprintUserMessages: [CameraActor_Blueprint_C_0] Circle
[2016.01.28-22.54.59:064][559]LogBlueprintUserMessages: [CameraActor_Blueprint_C_0] Circle
[2016.01.28-22.54.59:077][560]LogBlueprintUserMessages: [CameraActor_Blueprint_C_0] Circle
[2016.01.28-22.54.59:077][560]LogBlueprintUserMessages: [CameraActor_Blueprint_C_0] Circle
[2016.01.28-22.54.59:077][560]LogBlueprintUserMessages: [CameraActor_Blueprint_C_0] Circle
[2016.01.28-22.54.59:093][561]LogBlueprintUserMessages: [CameraActor_Blueprint_C_0] Circle
[2016.01.28-22.54.59:093][561]LogBlueprintUserMessages: [CameraActor_Blueprint_C_0] Circle
[2016.01.28-22.54.59:093][561]LogBlueprintUserMessages: [CameraActor_Blueprint_C_0] Circle
[2016.01.28-22.54.59:108][562]LogBlueprintUserMessages: [CameraActor_Blueprint_C_0] Circle
[2016.01.28-22.54.59:108][562]LogBlueprintUserMessages: [CameraActor_Blueprint_C_0] Circle
[2016.01.28-22.54.59:108][562]LogBlueprintUserMessages: [CameraActor_Blueprint_C_0] Circle
[2016.01.28-22.54.59:124][563]LogBlueprintUserMessages: [CameraActor_Blueprint_C_0] Circle
[2016.01.28-22.54.59:124][563]LogBlueprintUserMessages: [CameraActor_Blueprint_C_0] Circle
[2016.01.28-22.54.59:124][563]LogBlueprintUserMessages: [CameraActor_Blueprint_C_0] Circle
[2016.01.28-22.54.59:143][564]LogBlueprintUserMessages: [CameraActor_Blueprint_C_0] Circle
[2016.01.28-22.54.59:143][564]LogBlueprintUserMessages: [CameraActor_Blueprint_C_0] Circle
[2016.01.28-22.54.59:143][564]LogBlueprintUserMessages: [CameraActor_Blueprint_C_0] Circle
[2016.01.28-22.54.59:157][565]LogBlueprintUserMessages: [CameraActor_Blueprint_C_0] Circle
[2016.01.28-22.54.59:157][565]LogBlueprintUserMessages: [CameraActor_Blueprint_C_0] Circle
[2016.01.28-22.54.59:157][565]LogBlueprintUserMessages: [CameraActor_Blueprint_C_0] Circle
[2016.01.28-22.54.59:173][566]LogBlueprintUserMessages: [CameraActor_Blueprint_C_0] Circle
[2016.01.28-22.54.59:173][566]LogBlueprintUserMessages: [CameraActor_Blueprint_C_0] Circle
[2016.01.28-22.54.59:173][566]LogBlueprintUserMessages: [CameraActor_Blueprint_C_0] Circle
[2016.01.28-22.54.59:189][567]LogBlueprintUserMessages: [CameraActor_Blueprint_C_0] Circle
[2016.01.28-22.54.59:189][567]LogBlueprintUserMessages: [CameraActor_Blueprint_C_0] Circle
[2016.01.28-22.54.59:189][567]LogBlueprintUserMessages: [CameraActor_Blueprint_C_0] Circle
[2016.01.28-22.54.59:210][568]LogBlueprintUserMessages: [CameraActor_Blueprint_C_0] Circle
[2016.01.28-22.54.59:210][568]LogBlueprintUserMessages: [CameraActor_Blueprint_C_0] Circle
[2016.01.28-22.54.59:210][568]LogBlueprintUserMessages: [CameraActor_Blueprint_C_0] Circle
[2016.01.28-22.54.59:226][569]LogBlueprintUserMessages: [CameraActor_Blueprint_C_0] Circle
[2016.01.28-22.54.59:226][569]LogBlueprintUserMessages: [CameraActor_Blueprint_C_0] Circle
[2016.01.28-22.54.59:226][569]LogBlueprintUserMessages: [CameraActor_Blueprint_C_0] Circle
[2016.01.28-22.54.59:243][570]LogBlueprintUserMessages: [CameraActor_Blueprint_C_0] Circle
[2016.01.28-22.54.59:243][570]LogBlueprintUserMessages: [CameraActor_Blueprint_C_0] Circle
[2016.01.28-22.54.59:243][570]LogBlueprintUserMessages: [CameraActor_Blueprint_C_0] Circle
[2016.01.28-22.54.59:260][571]LogBlueprintUserMessages: [CameraActor_Blueprint_C_0] Circle
[2016.01.28-22.54.59:260][571]LogBlueprintUserMessages: [CameraActor_Blueprint_C_0] Circle
[2016.01.28-22.54.59:260][571]LogBlueprintUserMessages: [CameraActor_Blueprint_C_0] Circle
[2016.01.28-22.54.59:278][572]LogBlueprintUserMessages: [CameraActor_Blueprint_C_0] Circle
[2016.01.28-22.55.00:693][658]LogBlueprintUserMessages: [CameraActor_Blueprint_C_0] Circle
[2016.01.28-22.55.00:709][659]LogBlueprintUserMessages: [CameraActor_Blueprint_C_0] Circle
[2016.01.28-22.55.00:728][660]LogBlueprintUserMessages: [CameraActor_Blueprint_C_0] Circle
[2016.01.28-22.55.00:744][661]LogBlueprintUserMessages: [CameraActor_Blueprint_C_0] Circle
[2016.01.28-22.55.00:759][662]LogBlueprintUserMessages: [CameraActor_Blueprint_C_0] Circle
[2016.01.28-22.55.00:759][662]LogBlueprintUserMessages: [CameraActor_Blueprint_C_0] Circle
[2016.01.28-22.55.00:775][663]LogBlueprintUserMessages: [CameraActor_Blueprint_C_0] Circle
[2016.01.28-22.55.00:775][663]LogBlueprintUserMessages: [CameraActor_Blueprint_C_0] Circle
[2016.01.28-22.55.00:794][664]LogBlueprintUserMessages: [CameraActor_Blueprint_C_0] Circle
[2016.01.28-22.55.00:794][664]LogBlueprintUserMessages: [CameraActor_Blueprint_C_0] Circle
[2016.01.28-22.55.00:807][665]LogBlueprintUserMessages: [CameraActor_Blueprint_C_0] Circle
[2016.01.28-22.55.00:807][665]LogBlueprintUserMessages: [CameraActor_Blueprint_C_0] Circle
[2016.01.28-22.55.00:823][666]LogBlueprintUserMessages: [CameraActor_Blueprint_C_0] Circle
[2016.01.28-22.55.00:823][666]LogBlueprintUserMessages: [CameraActor_Blueprint_C_0] Circle
[2016.01.28-22.55.00:839][667]LogBlueprintUserMessages: [CameraActor_Blueprint_C_0] Circle
[2016.01.28-22.55.00:839][667]LogBlueprintUserMessages: [CameraActor_Blueprint_C_0] Circle
[2016.01.28-22.55.00:855][668]LogBlueprintUserMessages: [CameraActor_Blueprint_C_0] Circle
[2016.01.28-22.55.00:856][668]LogBlueprintUserMessages: [CameraActor_Blueprint_C_0] Circle
[2016.01.28-22.55.00:873][669]LogBlueprintUserMessages: [CameraActor_Blueprint_C_0] Circle
[2016.01.28-22.55.00:873][669]LogBlueprintUserMessages: [CameraActor_Blueprint_C_0] Circle
[2016.01.28-22.55.00:873][669]LogBlueprintUserMessages: [CameraActor_Blueprint_C_0] Circle
[2016.01.28-22.55.00:888][670]LogBlueprintUserMessages: [CameraActor_Blueprint_C_0] Circle
[2016.01.28-22.55.00:888][670]LogBlueprintUserMessages: [CameraActor_Blueprint_C_0] Circle
[2016.01.28-22.55.00:888][670]LogBlueprintUserMessages: [CameraActor_Blueprint_C_0] Circle
[2016.01.28-22.55.00:905][671]LogBlueprintUserMessages: [CameraActor_Blueprint_C_0] Circle
[2016.01.28-22.55.00:905][671]LogBlueprintUserMessages: [CameraActor_Blueprint_C_0] Circle
[2016.01.28-22.55.00:905][671]LogBlueprintUserMessages: [CameraActor_Blueprint_C_0] Circle
[2016.01.28-22.55.00:920][672]LogBlueprintUserMessages: [CameraActor_Blueprint_C_0] Circle
[2016.01.28-22.55.00:920][672]LogBlueprintUserMessages: [CameraActor_Blueprint_C_0] Circle
[2016.01.28-22.55.00:920][672]LogBlueprintUserMessages: [CameraActor_Blueprint_C_0] Circle
[2016.01.28-22.55.00:936][673]LogBlueprintUserMessages: [CameraActor_Blueprint_C_0] Circle
[2016.01.28-22.55.00:936][673]LogBlueprintUserMessages: [CameraActor_Blueprint_C_0] Circle
[2016.01.28-22.55.00:953][674]LogBlueprintUserMessages: [CameraActor_Blueprint_C_0] Circle
[2016.01.28-22.55.00:953][674]LogBlueprintUserMessages: [CameraActor_Blueprint_C_0] Circle
[2016.01.28-22.55.00:969][675]LogBlueprintUserMessages: [CameraActor_Blueprint_C_0] Circle
[2016.01.28-22.55.00:969][675]LogBlueprintUserMessages: [CameraActor_Blueprint_C_0] Circle
[2016.01.28-22.55.00:985][676]LogBlueprintUserMessages: [CameraActor_Blueprint_C_0] Circle
[2016.01.28-22.55.01:001][677]LogBlueprintUserMessages: [CameraActor_Blueprint_C_0] Circle
[2016.01.28-22.55.01:019][678]LogBlueprintUserMessages: [CameraActor_Blueprint_C_0] Circle
[2016.01.28-22.55.01:036][679]LogBlueprintUserMessages: [CameraActor_Blueprint_C_0] Circle
[2016.01.28-22.55.01:049][680]LogBlueprintUserMessages: [CameraActor_Blueprint_C_0] Circle
[2016.01.28-22.55.01:066][681]LogBlueprintUserMessages: [CameraActor_Blueprint_C_0] Circle
[2016.01.28-22.55.01:082][682]LogBlueprintUserMessages: [CameraActor_Blueprint_C_0] Circle
[2016.01.28-22.55.07:473][ 73]LogBlueprintUserMessages: [CameraActor_Blueprint_C_0] Pinch Released
[2016.01.28-22.55.07:473][ 73]LogBlueprintUserMessages: [CameraActor_Blueprint_C_0] Grab Released
[2016.01.28-22.55.07:473][ 73]LogBlueprintUserMessages: [CameraActor_Blueprint_C_0] Pinch Released
[2016.01.28-22.55.08:875][159]LogBlueprintUserMessages: [CameraActor_Blueprint_C_0] Pinch Pressed
[2016.01.28-22.55.08:875][159]LogBlueprintUserMessages: [CameraActor_Blueprint_C_0] Pinch Pressed
[2016.01.28-22.55.08:908][161]LogBlueprintUserMessages: [CameraActor_Blueprint_C_0] Pinch Released
[2016.01.28-22.55.08:908][161]LogBlueprintUserMessages: [CameraActor_Blueprint_C_0] Pinch Released
[2016.01.28-22.55.08:962][164]LogBlueprintUserMessages: [CameraActor_Blueprint_C_0] Pinch Pressed
[2016.01.28-22.55.08:962][164]LogBlueprintUserMessages: [CameraActor_Blueprint_C_0] Pinch Pressed
[2016.01.28-22.55.10:253][244]LogBlueprintUserMessages: [CameraActor_Blueprint_C_0] Pinch Released
[2016.01.28-22.55.10:253][244]LogBlueprintUserMessages: [CameraActor_Blueprint_C_0] Pinch Released
[2016.01.28-22.55.11:117][297]LogBlueprintUserMessages: [CameraActor_Blueprint_C_0] Pinch Pressed
[2016.01.28-22.55.11:118][297]LogBlueprintUserMessages: [CameraActor_Blueprint_C_0] Pinch Pressed
[2016.01.28-22.55.11:376][313]LogBlueprintUserMessages: [CameraActor_Blueprint_C_0] Grab Pressed
[2016.01.28-22.55.11:376][313]LogBlueprintUserMessages: [CameraActor_Blueprint_C_0] Grab Pressed
[2016.01.28-22.55.12:048][354]LogBlueprintUserMessages: [CameraActor_Blueprint_C_0] Grab Released
[2016.01.28-22.55.12:048][354]LogBlueprintUserMessages: [CameraActor_Blueprint_C_0] Pinch Released
[2016.01.28-22.55.12:049][354]LogBlueprintUserMessages: [CameraActor_Blueprint_C_0] Grab Released
[2016.01.28-22.55.12:049][354]LogBlueprintUserMessages: [CameraActor_Blueprint_C_0] Pinch Released
[2016.01.28-22.55.12:605][388]LogBlueprintUserMessages: [CameraActor_Blueprint_C_0] Grab Pressed
[2016.01.28-22.55.12:605][388]LogBlueprintUserMessages: [CameraActor_Blueprint_C_0] Grab Pressed
[2016.01.28-22.55.13:122][420]LogBlueprintUserMessages: [CameraActor_Blueprint_C_0] Grab Released
[2016.01.28-22.55.13:122][420]LogBlueprintUserMessages: [CameraActor_Blueprint_C_0] Pinch Pressed
[2016.01.28-22.55.13:122][420]LogBlueprintUserMessages: [CameraActor_Blueprint_C_0] Grab Released
[2016.01.28-22.55.13:122][420]LogBlueprintUserMessages: [CameraActor_Blueprint_C_0] Pinch Pressed
[2016.01.28-22.55.13:203][425]LogBlueprintUserMessages: [CameraActor_Blueprint_C_0] Pinch Released
[2016.01.28-22.55.13:203][425]LogBlueprintUserMessages: [CameraActor_Blueprint_C_0] Pinch Released
[2016.01.28-22.55.13:805][462]LogBlueprintUserMessages: [CameraActor_Blueprint_C_0] Grab Pressed
[2016.01.28-22.55.13:805][462]LogBlueprintUserMessages: [CameraActor_Blueprint_C_0] Grab Pressed
[2016.01.28-22.55.16:984][653]LeapPluginLog: LeapController::CleanupEventData Delete Called
[2016.01.28-22.55.17:170][664]LeapPluginLog: LeapController::CleanupEventData Delete Called
[2016.01.28-22.55.17:230][667]LeapPluginLog: LeapController::CleanupEventData Delete Called
[2016.01.28-22.55.17:326][672]LeapPluginLog: LeapController::CleanupEventData Delete Called
[2016.01.28-22.55.19:841][824]LogBlueprintUserMessages: [CameraActor_Blueprint_C_0] Grab Released
[2016.01.28-22.55.19:841][824]LogBlueprintUserMessages: [CameraActor_Blueprint_C_0] Grab Released
[2016.01.28-22.55.20:941][892]LogBlueprintUserMessages: [CameraActor_Blueprint_C_0] Grab Pressed
[2016.01.28-22.55.20:941][892]LogBlueprintUserMessages: [CameraActor_Blueprint_C_0] Grab Pressed
[2016.01.28-22.55.21:613][933]LogBlueprintUserMessages: [CameraActor_Blueprint_C_0] Grab Released
[2016.01.28-22.55.21:613][933]LogBlueprintUserMessages: [CameraActor_Blueprint_C_0] Grab Released
[2016.01.28-22.55.22:909][ 12]LogBlueprintUserMessages: [CameraActor_Blueprint_C_0] Grab Pressed
[2016.01.28-22.55.22:909][ 12]LogBlueprintUserMessages: [CameraActor_Blueprint_C_0] Grab Pressed
[2016.01.28-22.55.26:312][222]LogBlueprintUserMessages: [CameraActor_Blueprint_C_0] Pinch Released
[2016.01.28-22.55.26:312][222]LogBlueprintUserMessages: [CameraActor_Blueprint_C_0] Grab Released
[2016.01.28-22.55.26:312][222]LogBlueprintUserMessages: [CameraActor_Blueprint_C_0] Pinch Released
[2016.01.28-22.55.28:423][349]LogBlueprintUserMessages: [CameraActor_Blueprint_C_0] Grab Pressed
[2016.01.28-22.55.28:423][349]LogBlueprintUserMessages: [CameraActor_Blueprint_C_0] Grab Pressed
[2016.01.28-22.55.29:091][390]LogBlueprintUserMessages: [CameraActor_Blueprint_C_0] Grab Released
[2016.01.28-22.55.29:091][390]LogBlueprintUserMessages: [CameraActor_Blueprint_C_0] Grab Released
[2016.01.28-22.55.29:872][438]LogBlueprintUserMessages: [CameraActor_Blueprint_C_0] Grab Pressed
[2016.01.28-22.55.29:873][438]LogBlueprintUserMessages: [CameraActor_Blueprint_C_0] Grab Pressed
[2016.01.28-22.55.30:641][485]LogBlueprintUserMessages: [CameraActor_Blueprint_C_0] Grab Released
[2016.01.28-22.55.30:641][485]LogBlueprintUserMessages: [CameraActor_Blueprint_C_0] Pinch Pressed
[2016.01.28-22.55.30:642][485]LogBlueprintUserMessages: [CameraActor_Blueprint_C_0] Grab Released
[2016.01.28-22.55.30:642][485]LogBlueprintUserMessages: [CameraActor_Blueprint_C_0] Pinch Pressed
[2016.01.28-22.55.30:777][493]LogBlueprintUserMessages: [CameraActor_Blueprint_C_0] Pinch Released
[2016.01.28-22.55.30:777][493]LogBlueprintUserMessages: [CameraActor_Blueprint_C_0] Pinch Released
[2016.01.28-22.55.31:572][542]LogBlueprintUserMessages: [CameraActor_Blueprint_C_0] Grab Pressed
[2016.01.28-22.55.31:572][542]LogBlueprintUserMessages: [CameraActor_Blueprint_C_0] Grab Pressed
[2016.01.28-22.55.31:783][555]LogBlueprintUserMessages: [CameraActor_Blueprint_C_0] Grab Released
[2016.01.28-22.55.31:783][555]LogBlueprintUserMessages: [CameraActor_Blueprint_C_0] Grab Released
[2016.01.28-22.55.32:235][583]LogBlueprintUserMessages: [CameraActor_Blueprint_C_0] Pinch Pressed
[2016.01.28-22.55.32:235][583]LogBlueprintUserMessages: [CameraActor_Blueprint_C_0] Pinch Pressed
[2016.01.28-22.55.32:348][590]LogBlueprintUserMessages: [CameraActor_Blueprint_C_0] Pinch Released
[2016.01.28-22.55.32:348][590]LogBlueprintUserMessages: [CameraActor_Blueprint_C_0] Pinch Released
[2016.01.28-22.55.33:028][631]LogBlueprintUserMessages: [CameraActor_Blueprint_C_0] Pinch Pressed
[2016.01.28-22.55.33:029][631]LogBlueprintUserMessages: [CameraActor_Blueprint_C_0] Pinch Pressed
[2016.01.28-22.55.33:044][632]LogBlueprintUserMessages: [CameraActor_Blueprint_C_0] Pinch Released
[2016.01.28-22.55.33:045][632]LogBlueprintUserMessages: [CameraActor_Blueprint_C_0] Pinch Released
[2016.01.28-22.55.33:785][677]LogBlueprintUserMessages: [CameraActor_Blueprint_C_0] Pinch Pressed
[2016.01.28-22.55.33:786][677]LogBlueprintUserMessages: [CameraActor_Blueprint_C_0] Pinch Pressed
[2016.01.28-22.55.33:818][679]LogBlueprintUserMessages: [CameraActor_Blueprint_C_0] Pinch Released
[2016.01.28-22.55.33:818][679]LogBlueprintUserMessages: [CameraActor_Blueprint_C_0] Pinch Released
[2016.01.28-22.55.33:964][688]LogBlueprintUserMessages: [CameraActor_Blueprint_C_0] Grab Pressed
[2016.01.28-22.55.33:965][688]LogBlueprintUserMessages: [CameraActor_Blueprint_C_0] Grab Pressed
[2016.01.28-22.55.34:901][746]LogBlueprintUserMessages: [CameraActor_Blueprint_C_0] Grab Released
[2016.01.28-22.55.34:901][746]LogBlueprintUserMessages: [CameraActor_Blueprint_C_0] Grab Released
[2016.01.28-22.55.35:176][763]LogBlueprintUserMessages: [CameraActor_Blueprint_C_0] Pinch Pressed
[2016.01.28-22.55.35:176][763]LogBlueprintUserMessages: [CameraActor_Blueprint_C_0] Pinch Pressed
[2016.01.28-22.55.35:338][773]LogBlueprintUserMessages: [CameraActor_Blueprint_C_0] Pinch Released
[2016.01.28-22.55.35:338][773]LogBlueprintUserMessages: [CameraActor_Blueprint_C_0] Pinch Released
[2016.01.28-22.55.41:309][141]LogBlueprintUserMessages: [CameraActor_Blueprint_C_0] Grab Pressed
[2016.01.28-22.55.41:309][141]LogBlueprintUserMessages: [CameraActor_Blueprint_C_0] Grab Pressed
[2016.01.28-22.55.56:117][ 53]LogEngine: All Windows Closed
[2016.01.28-22.55.56:117][ 53]LogWindows: FPlatformMisc::RequestExit(0)
[2016.01.28-22.55.56:584][ 54]LeapPluginLog: LeapController::CleanupEventData Delete Called
[2016.01.28-22.55.56:585][ 54]LeapPluginLog: LeapController::CleanupEventData Delete Called
[2016.01.28-22.55.56:586][ 54]LogExit: Preparing to exit.
[2016.01.28-22.55.56:736][ 54]LogExit: Game engine shut down
[2016.01.28-22.55.56:741][ 54]LogParticles: Destroying 0 GPU particle simulations for FXSystem 0x000000002294AC00
[2016.01.28-22.55.56:772][ 54]LeapPluginLog: LeapController::CleanupEventData Delete Called
[2016.01.28-22.55.56:797][ 54]LeapPluginLog: LeapController::CleanupEventData Delete Called
[2016.01.28-22.55.56:824][ 54]LeapPluginLog: LeapController::CleanupEventData Delete Called
[2016.01.28-22.55.57:111][ 54]LogExit: Object subsystem successfully closed.
[2016.01.28-22.55.57:124][ 54]LogD3D11RHI: Shutdown
[2016.01.28-22.55.57:124][ 54]LogD3D11RHI: CleanupD3DDevice
[2016.01.28-22.55.57:338][ 54]LogD3D11RHI: ~FD3D11DynamicRHI
[2016.01.28-22.55.57:363][ 54]LogModuleManager: Shutting down and abandoning module AndroidDeviceDetection (117)
[2016.01.28-22.55.57:756][ 54]LogModuleManager: Shutting down and abandoning module AutomationController (116)
[2016.01.28-22.55.57:756][ 54]LogModuleManager: Shutting down and abandoning module AutomationWorker (115)
[2016.01.28-22.55.57:756][ 54]LogModuleManager: Shutting down and abandoning module CharacterAI (114)
[2016.01.28-22.55.57:756][ 54]LogModuleManager: Shutting down and abandoning module AITestSuite (113)
[2016.01.28-22.55.57:756][ 54]LogModuleManager: Shutting down and abandoning module GameplayDebugger (112)
[2016.01.28-22.55.57:756][ 54]LogModuleManager: Shutting down and abandoning module AIModule (111)
[2016.01.28-22.55.57:756][ 54]LogModuleManager: Shutting down and abandoning module AssetRegistry (110)
[2016.01.28-22.55.57:756][ 54]LogModuleManager: Shutting down and abandoning module GameLiveStreaming (109)
[2016.01.28-22.55.57:756][ 54]LogModuleManager: Shutting down and abandoning module StreamingPauseRendering (108)
[2016.01.28-22.55.57:756][ 54]LogModuleManager: Shutting down and abandoning module ProfilerService (107)
[2016.01.28-22.55.57:843][ 54]LogModuleManager: Shutting down and abandoning module TaskGraph (106)
[2016.01.28-22.55.57:843][ 54]LogModuleManager: Shutting down and abandoning module LeapMotion (105)
[2016.01.28-22.55.57:860][ 54]LogModuleManager: Shutting down and abandoning module SlateRemote (104)
[2016.01.28-22.55.57:860][ 54]LogModuleManager: Shutting down and abandoning module SteamVRController (103)
[2016.01.28-22.55.57:860][ 54]LogModuleManager: Shutting down and abandoning module SteamVR (102)
[2016.01.28-22.55.57:860][ 54]LogModuleManager: Shutting down and abandoning module ProceduralMeshComponent (101)
[2016.01.28-22.55.57:860][ 54]LogModuleManager: Shutting down and abandoning module OculusRift (100)
[2016.01.28-22.55.57:860][ 54]LogModuleManager: Shutting down and abandoning module OculusLibrary (99)
[2016.01.28-22.55.57:860][ 54]LogModuleManager: Shutting down and abandoning module LeapMotionController (98)
[2016.01.28-22.55.57:879][ 54]LogModuleManager: Shutting down and abandoning module CustomMeshComponent (97)
[2016.01.28-22.55.57:879][ 54]LogModuleManager: Shutting down and abandoning module CableComponent (96)
[2016.01.28-22.55.57:879][ 54]LogModuleManager: Shutting down and abandoning module ArchVisCharacter (95)
[2016.01.28-22.55.57:879][ 54]LogModuleManager: Shutting down and abandoning module HTML5Networking (94)
[2016.01.28-22.55.57:879][ 54]LogModuleManager: Shutting down and abandoning module DesktopPlatform (93)
[2016.01.28-22.55.57:879][ 54]LogModuleManager: Shutting down and abandoning module DirectoryWatcher (92)
[2016.01.28-22.55.57:880][ 54]LogModuleManager: Shutting down and abandoning module HotReload (91)
[2016.01.28-22.55.57:880][ 54]LogModuleManager: Shutting down and abandoning module VisualStudioSourceCodeAccess (90)
[2016.01.28-22.55.57:880][ 54]LogModuleManager: Shutting down and abandoning module UObjectPlugin (89)
[2016.01.28-22.55.57:880][ 54]LogModuleManager: Shutting down and abandoning module SubversionSourceControl (88)
[2016.01.28-22.55.57:880][ 54]LogModuleManager: Shutting down and abandoning module SourceControl (87)
[2016.01.28-22.55.57:880][ 54]LogModuleManager: Shutting down and abandoning module PerforceSourceControl (86)
[2016.01.28-22.55.57:880][ 54]LogModuleManager: Shutting down and abandoning module UdpMessaging (85)
[2016.01.28-22.55.57:880][ 54]LogModuleManager: Shutting down and abandoning module LightPropagationVolumeRuntime (84)
[2016.01.28-22.55.57:880][ 54]LogModuleManager: Shutting down and abandoning module Paper2D (83)
[2016.01.28-22.55.57:880][ 54]LogModuleManager: Shutting down and abandoning module WindowsMoviePlayer (82)
[2016.01.28-22.55.57:888][ 54]LogModuleManager: Shutting down and abandoning module Media (81)
[2016.01.28-22.55.57:888][ 54]LogModuleManager: Shutting down and abandoning module WmfMedia (80)
[2016.01.28-22.55.57:888][ 54]LogModuleManager: Shutting down and abandoning module OnlineBlueprintSupport (79)
[2016.01.28-22.55.57:888][ 54]LogModuleManager: Shutting down and abandoning module GameplayTasksEditor (78)
[2016.01.28-22.55.57:888][ 54]LogModuleManager: Shutting down and abandoning module PropertyEditor (77)
[2016.01.28-22.55.57:888][ 54]LogModuleManager: Shutting down and abandoning module BehaviorTreeEditor (76)
[2016.01.28-22.55.57:888][ 54]LogModuleManager: Shutting down and abandoning module FunctionalTesting (75)
[2016.01.28-22.55.57:888][ 54]LogModuleManager: Shutting down and abandoning module CollisionAnalyzer (74)
[2016.01.28-22.55.57:888][ 54]LogModuleManager: Shutting down and abandoning module WorkspaceMenuStructure (73)
[2016.01.28-22.55.57:888][ 54]LogModuleManager: Shutting down and abandoning module MessageLog (72)
[2016.01.28-22.55.57:888][ 54]LogModuleManager: Shutting down and abandoning module Sequencer (71)
[2016.01.28-22.55.57:888][ 54]LogModuleManager: Shutting down and abandoning module AssetTools (70)
[2016.01.28-22.55.57:888][ 54]LogModuleManager: Shutting down and abandoning module UMGEditor (69)
[2016.01.28-22.55.57:888][ 54]LogModuleManager: Shutting down and abandoning module UMG (68)
[2016.01.28-22.55.57:888][ 54]LogModuleManager: Shutting down and abandoning module Slate (67)
[2016.01.28-22.55.57:888][ 54]LogModuleManager: Shutting down and abandoning module EditorStyle (66)
[2016.01.28-22.55.57:892][ 54]LogModuleManager: Shutting down and abandoning module SessionServices (65)
[2016.01.28-22.55.57:892][ 54]LogModuleManager: Shutting down and abandoning module SourceCodeAccess (64)
[2016.01.28-22.55.57:892][ 54]LogModuleManager: Shutting down and abandoning module HeadMountedDisplay (63)
[2016.01.28-22.55.57:892][ 54]LogModuleManager: Shutting down and abandoning module XAudio2 (62)
[2016.01.28-22.55.57:892][ 54]LogModuleManager: Shutting down and abandoning module Networking (60)
[2016.01.28-22.55.57:892][ 54]LogModuleManager: Shutting down and abandoning module Core (59)
[2016.01.28-22.55.57:892][ 54]LogModuleManager: Shutting down and abandoning module KismetCompiler (58)
[2016.01.28-22.55.57:892][ 54]LogModuleManager: Shutting down and abandoning module PhysXFormats (57)
[2016.01.28-22.55.57:892][ 54]LogModuleManager: Shutting down and abandoning module MeshUtilities (56)
[2016.01.28-22.55.57:892][ 54]LogModuleManager: Shutting down and abandoning module CookingStats (55)
[2016.01.28-22.55.57:892][ 54]LogModuleManager: Shutting down and abandoning module DerivedDataCache (54)
[2016.01.28-22.55.58:362][ 54]LogDerivedDataCache: Shutdown
[2016.01.28-22.55.58:362][ 54]LogModuleManager: Shutting down and abandoning module ShaderFormatOpenGL (53)
[2016.01.28-22.55.58:362][ 54]LogModuleManager: Shutting down and abandoning module ShaderFormatD3D (52)
[2016.01.28-22.55.58:362][ 54]LogModuleManager: Shutting down and abandoning module MetalShaderFormat (51)
[2016.01.28-22.55.58:362][ 54]LogModuleManager: Shutting down and abandoning module TextureFormatUncompressed (50)
[2016.01.28-22.55.58:362][ 54]LogModuleManager: Shutting down and abandoning module TextureFormatPVR (49)
[2016.01.28-22.55.58:362][ 54]LogModuleManager: Shutting down and abandoning module TextureFormatIntelISPCTexComp (48)
[2016.01.28-22.55.58:362][ 54]LogModuleManager: Shutting down and abandoning module TextureFormatDXT (47)
[2016.01.28-22.55.58:362][ 54]LogModuleManager: Shutting down and abandoning module ImageWrapper (46)
[2016.01.28-22.55.58:362][ 54]LogModuleManager: Shutting down and abandoning module TextureFormatASTC (45)
[2016.01.28-22.55.58:362][ 54]LogModuleManager: Shutting down and abandoning module TextureFormatAndroid (44)
[2016.01.28-22.55.58:362][ 54]LogModuleManager: Shutting down and abandoning module AudioFormatOpus (43)
[2016.01.28-22.55.58:362][ 54]LogModuleManager: Shutting down and abandoning module AudioFormatOgg (42)
[2016.01.28-22.55.58:362][ 54]LogModuleManager: Shutting down and abandoning module AudioFormatADPCM (41)
[2016.01.28-22.55.58:362][ 54]LogModuleManager: Shutting down and abandoning module LinuxTargetPlatform (40)
[2016.01.28-22.55.58:362][ 54]LogModuleManager: Shutting down and abandoning module LinuxServerTargetPlatform (39)
[2016.01.28-22.55.58:362][ 54]LogModuleManager: Shutting down and abandoning module LinuxNoEditorTargetPlatform (38)
[2016.01.28-22.55.58:362][ 54]LogModuleManager: Shutting down and abandoning module Messaging (37)
[2016.01.28-22.55.58:362][ 54]LogModuleManager: Shutting down and abandoning module IOSTargetPlatform (36)
[2016.01.28-22.55.58:362][ 54]LogModuleManager: Shutting down and abandoning module HTML5TargetPlatform (35)
[2016.01.28-22.55.58:362][ 54]LogModuleManager: Shutting down and abandoning module Android_PVRTCTargetPlatform (34)
[2016.01.28-22.55.58:362][ 54]LogModuleManager: Shutting down and abandoning module Android_ETC2TargetPlatform (33)
[2016.01.28-22.55.58:362][ 54]LogModuleManager: Shutting down and abandoning module Android_ETC1TargetPlatform (32)
[2016.01.28-22.55.58:362][ 54]LogModuleManager: Shutting down and abandoning module Android_DXTTargetPlatform (31)
[2016.01.28-22.55.58:362][ 54]LogModuleManager: Shutting down and abandoning module Android_ATCTargetPlatform (30)
[2016.01.28-22.55.58:362][ 54]LogModuleManager: Shutting down and abandoning module Android_ASTCTargetPlatform (29)
[2016.01.28-22.55.58:362][ 54]LogModuleManager: Shutting down and abandoning module AndroidTargetPlatform (28)
[2016.01.28-22.55.58:362][ 54]LogModuleManager: Shutting down and abandoning module WindowsTargetPlatform (27)
[2016.01.28-22.55.58:362][ 54]LogModuleManager: Shutting down and abandoning module WindowsServerTargetPlatform (26)
[2016.01.28-22.55.58:362][ 54]LogModuleManager: Shutting down and abandoning module WindowsNoEditorTargetPlatform (25)
[2016.01.28-22.55.58:362][ 54]LogModuleManager: Shutting down and abandoning module WindowsClientTargetPlatform (24)
[2016.01.28-22.55.58:362][ 54]LogModuleManager: Shutting down and abandoning module AllDesktopTargetPlatform (23)
[2016.01.28-22.55.58:362][ 54]LogModuleManager: Shutting down and abandoning module TargetPlatform (22)
[2016.01.28-22.55.58:362][ 54]LogModuleManager: Shutting down and abandoning module InputCore (21)
[2016.01.28-22.55.58:362][ 54]LogModuleManager: Shutting down and abandoning module Settings (20)
[2016.01.28-22.55.58:362][ 54]LogModuleManager: Shutting down and abandoning module OnlineSubsystem (18)
[2016.01.28-22.55.58:362][ 54]LogModuleManager: Shutting down and abandoning module HTTP (17)
[2016.01.28-22.55.58:363][ 54]LogModuleManager: Shutting down and abandoning module XMPP (16)
[2016.01.28-22.55.58:363][ 54]LogModuleManager: Shutting down and abandoning module ExampleDeviceProfileSelector (15)
[2016.01.28-22.55.58:363][ 54]LogModuleManager: Shutting down and abandoning module TextureCompressor (14)
[2016.01.28-22.55.58:363][ 54]LogModuleManager: Shutting down and abandoning module ShaderCore (13)
[2016.01.28-22.55.58:363][ 54]LogModuleManager: Shutting down and abandoning module Landscape (12)
[2016.01.28-22.55.58:363][ 54]LogModuleManager: Shutting down and abandoning module SlateRHIRenderer (11)
[2016.01.28-22.55.58:363][ 54]LogModuleManager: Shutting down and abandoning module OpenGLDrv (10)
[2016.01.28-22.55.58:363][ 54]LogModuleManager: Shutting down and abandoning module D3D11RHI (9)
[2016.01.28-22.55.58:363][ 54]LogModuleManager: Shutting down and abandoning module AnimGraphRuntime (8)
[2016.01.28-22.55.58:363][ 54]LogModuleManager: Shutting down and abandoning module Renderer (7)
[2016.01.28-22.55.58:363][ 54]LogModuleManager: Shutting down and abandoning module Engine (6)
[2016.01.28-22.55.58:363][ 54]LogModuleManager: Shutting down and abandoning module CoreUObject (5)
[2016.01.28-22.55.58:363][ 54]LogModuleManager: Shutting down and abandoning module NetworkFile (4)
[2016.01.28-22.55.58:363][ 54]LogModuleManager: Shutting down and abandoning module StreamingFile (3)
[2016.01.28-22.55.58:363][ 54]LogModuleManager: Shutting down and abandoning module SandboxFile (2)
[2016.01.28-22.55.58:363][ 54]LogModuleManager: Shutting down and abandoning module PakFile (1)
[2016.01.28-22.55.58:364][ 54]LogExit: Exiting.
[2016.01.28-22.55.58:366][ 54]Log file closed, 01/28/16 19:55:58
