[2016.01.27-13.13.01:626][  0]Log file open, 01/27/16 10:13:01
[2016.01.27-13.13.01:626][  0]LogInit:Display: Running engine for game: LeapBasics
[2016.01.27-13.13.01:626][  0]LogInit:Display: RandInit(214456340) SRandInit(214456341).
[2016.01.27-13.13.01:626][  0]LogTaskGraph: Started task graph with 4 named threads and 5 total threads.
[2016.01.27-13.13.01:626][  0]LogStats: Stats thread started at 0.091984
[2016.01.27-13.13.01:626][  0]LogInit: Version: 4.9.2-2707645+++depot+UE4-Releases+4.9
[2016.01.27-13.13.01:626][  0]LogInit: API Version: 2672455
[2016.01.27-13.13.01:626][  0]LogInit: Compiled (64-bit): Sep 28 2015 10:25:44
[2016.01.27-13.13.01:626][  0]LogInit: Compiled with Visual C++: 18.00.21005.01
[2016.01.27-13.13.01:626][  0]LogInit: Build Configuration: Development
[2016.01.27-13.13.01:626][  0]LogInit: Branch Name: ++depot+UE4-Releases+4.9
[2016.01.27-13.13.01:626][  0]LogInit: Command line: 
[2016.01.27-13.13.01:626][  0]LogInit: Base directory: C:/Program Files/Epic Games/4.9/Engine/Binaries/Win64/
[2016.01.27-13.13.01:626][  0]LogInit: Rocket: 1
[2016.01.27-13.13.01:647][  0]LogInit: Using libcurl 7.41.0
[2016.01.27-13.13.01:647][  0]LogInit:  - built for x86_64-pc-win32
[2016.01.27-13.13.01:647][  0]LogInit:  - supports SSL with WinSSL
[2016.01.27-13.13.01:647][  0]LogInit:  - other features:
[2016.01.27-13.13.01:647][  0]LogInit:      CURL_VERSION_SSL
[2016.01.27-13.13.01:647][  0]LogInit:      CURL_VERSION_IPV6
[2016.01.27-13.13.01:647][  0]LogInit:      CURL_VERSION_ASYNCHDNS
[2016.01.27-13.13.01:647][  0]LogInit:      CURL_VERSION_LARGEFILE
[2016.01.27-13.13.01:647][  0]LogInit:      CURL_VERSION_IDN
[2016.01.27-13.13.01:647][  0]LogInit:  CurlRequestOptions (configurable via config and command line):
[2016.01.27-13.13.01:647][  0]LogInit:  - bVerifyPeer = true  - Libcurl will verify peer certificate
[2016.01.27-13.13.01:647][  0]LogInit:  - bUseHttpProxy = false  - Libcurl will NOT use HTTP proxy
[2016.01.27-13.13.01:647][  0]LogInit:  - bDontReuseConnections = false  - Libcurl will reuse connections
[2016.01.27-13.13.01:647][  0]LogInit:  - CertBundlePath = nullptr  - Libcurl will use whatever was configured at build time.
[2016.01.27-13.13.01:666][  0]LogInit: Presizing for 0 objects not considered by GC, pre-allocating 0 bytes.
[2016.01.27-13.13.01:681][  0]LogInit: Object subsystem initialized
[2016.01.27-13.13.01:683][  0]LogInit: Selected Device Profile: [Windows]
[2016.01.27-13.13.01:683][  0]LogInit: Applying CVar settings loaded from the selected device profile: [Windows]
[2016.01.27-13.13.01:698][  0]LogInit: Computer: TONGA-PC
[2016.01.27-13.13.01:698][  0]LogInit: User: Tonga
[2016.01.27-13.13.01:698][  0]LogInit: CPU Page size=4096, Cores=2
[2016.01.27-13.13.01:698][  0]LogInit: High frequency timer resolution =3.021914 MHz
[2016.01.27-13.13.01:698][  0]LogMemory: Memory total: Physical=7.9GB (8GB approx)
[2016.01.27-13.13.01:698][  0]LogMemory: Platform Memory Stats for Windows
[2016.01.27-13.13.01:698][  0]LogMemory: Process Physical Memory: 54.38 MB used, 54.38 MB peak
[2016.01.27-13.13.01:698][  0]LogMemory: Process Virtual Memory: 58.64 MB used, 58.64 MB peak
[2016.01.27-13.13.01:698][  0]LogMemory: Physical Memory: 3753.92 MB used, 8132.66 MB total
[2016.01.27-13.13.01:698][  0]LogMemory: Virtual Memory: 337.82 MB used, 8388608.00 MB total
[2016.01.27-13.13.03:118][  0]LogD3D11RHI: Found D3D11 adapter 0: NVIDIA GeForce GTX 750 Ti (Feature Level 11_0)
[2016.01.27-13.13.03:118][  0]LogD3D11RHI: Adapter has 1993MB of dedicated video memory, 0MB of dedicated system memory, and 2048MB of shared system memory, 1 output[s]
[2016.01.27-13.13.03:118][  0]LogD3D11RHI: Chosen D3D11 Adapter Id = 0
[2016.01.27-13.13.03:130][  0]LogD3D11RHI: !Direct3DDevice
[2016.01.27-13.13.03:131][  0]LogRHI: Texture pool is 1361 MB (70% of 1945 MB)
[2016.01.27-13.13.03:150][  0]LogD3D11RHI: Async texture creation enabled
[2016.01.27-13.13.03:168][  0]LogShaderCompilers: Guid format shader working directory is 15 characters bigger than the processId version (../../../../../../Users/Tonga/Documents/Facultad/Tesis/Repositorio/proygrad_fing/LeapBasics/Intermediate/Shaders/WorkingDirectory/7104/).
[2016.01.27-13.13.03:169][  0]LogShaderCompilers: Cleaned the shader compiler working directory '../../../../../../Users/Tonga/Documents/Facultad/Tesis/Repositorio/proygrad_fing/LeapBasics/Intermediate/Shaders/tmp/D7FB13CC437611F4BAF6D19D3BC33BC6/'.
[2016.01.27-13.13.03:169][  0]LogShaderCompilers:Display: Using Local Shader Compiler.
[2016.01.27-13.13.05:038][  0]LogTemp:Display: Loaded TP AllDesktopTargetPlatform
[2016.01.27-13.13.05:050][  0]LogTemp:Display: Loaded TP WindowsClientTargetPlatform
[2016.01.27-13.13.05:061][  0]LogTemp:Display: Loaded TP WindowsNoEditorTargetPlatform
[2016.01.27-13.13.05:074][  0]LogTemp:Display: Loaded TP WindowsServerTargetPlatform
[2016.01.27-13.13.05:085][  0]LogTemp:Display: Loaded TP WindowsTargetPlatform
[2016.01.27-13.13.05:094][  0]LogTemp:Display: Loaded TP AndroidTargetPlatform
[2016.01.27-13.13.05:103][  0]LogTemp:Display: Loaded TP Android_ASTCTargetPlatform
[2016.01.27-13.13.05:111][  0]LogTemp:Display: Loaded TP Android_ATCTargetPlatform
[2016.01.27-13.13.05:120][  0]LogTemp:Display: Loaded TP Android_DXTTargetPlatform
[2016.01.27-13.13.05:128][  0]LogTemp:Display: Loaded TP Android_ETC1TargetPlatform
[2016.01.27-13.13.05:136][  0]LogTemp:Display: Loaded TP Android_ETC2TargetPlatform
[2016.01.27-13.13.05:144][  0]LogTemp:Display: Loaded TP Android_PVRTCTargetPlatform
[2016.01.27-13.13.05:147][  0]LogTemp:Display: Loaded TP HTML5TargetPlatform
[2016.01.27-13.13.05:173][  0]LogTemp:Display: Loaded TP IOSTargetPlatform
[2016.01.27-13.13.05:180][  0]LogTemp:Display: Loaded TP LinuxNoEditorTargetPlatform
[2016.01.27-13.13.05:188][  0]LogTemp:Display: Loaded TP LinuxServerTargetPlatform
[2016.01.27-13.13.05:196][  0]LogTemp:Display: Loaded TP LinuxTargetPlatform
[2016.01.27-13.13.05:196][  0]LogTargetPlatformManager:Display: Building Assets For Windows
[2016.01.27-13.13.05:389][  0]LogDerivedDataCache:Display: Max Cache Size: 512 MB
[2016.01.27-13.13.05:524][  0]LogDerivedDataCache: Loaded boot cache 0.13s 41MB C:/Users/Tonga/AppData/Local/UnrealEngine/4.9/DerivedDataCache/Boot.ddc.
[2016.01.27-13.13.05:524][  0]LogDerivedDataCache:Display: Loaded Boot cache: C:/Users/Tonga/AppData/Local/UnrealEngine/4.9/DerivedDataCache/Boot.ddc
[2016.01.27-13.13.05:524][  0]LogDerivedDataCache: FDerivedDataBackendGraph:  Pak pak cache file ../../../../../../Users/Tonga/Documents/Facultad/Tesis/Repositorio/proygrad_fing/LeapBasics/DerivedDataCache/DDC.ddp not found, will not use a pak cache.
[2016.01.27-13.13.05:524][  0]LogDerivedDataCache: Unable to find inner node Pak for hierarchical cache Hierarchy.
[2016.01.27-13.13.05:524][  0]LogDerivedDataCache: FDerivedDataBackendGraph:  CompressedPak pak cache file ../../../../../../Users/Tonga/Documents/Facultad/Tesis/Repositorio/proygrad_fing/LeapBasics/DerivedDataCache/Compressed.ddp not found, will not use a pak cache.
[2016.01.27-13.13.05:524][  0]LogDerivedDataCache: Unable to find inner node CompressedPak for hierarchical cache Hierarchy.
[2016.01.27-13.13.05:730][  0]LogDerivedDataCache:Display: Pak cache opened for reading ../../../Engine/DerivedDataCache/Compressed.ddp.
[2016.01.27-13.13.05:741][  0]LogDerivedDataCache: Using Local data cache path C:/Users/Tonga/AppData/Local/UnrealEngine/Common/DerivedDataCache: Writable
[2016.01.27-13.13.06:103][  0]LogInit: Selected Device Profile: [Windows]
[2016.01.27-13.13.06:104][  0]LogContentStreaming: Texture pool size is 0.000000MB
[2016.01.27-13.13.06:163][  0]LogMeshUtilities: No automatic mesh reduction module available
[2016.01.27-13.13.06:163][  0]LogMeshUtilities: No automatic mesh merging module available
[2016.01.27-13.13.06:822][  0]LogInit: WinSock: version 1.1 (2.2), MaxSocks=32767, MaxUdp=65467
[2016.01.27-13.13.08:072][  0]UdpMessaging: Initializing bridge on interface 0.0.0.0:0 to multicast group 230.0.0.1:6666.
[2016.01.27-13.13.08:200][  0]LogAssetRegistry: FAssetRegistry took 0.0105 seconds to start up
[2016.01.27-13.13.08:570][  0]SourceControl: Info Source control is disabled
[2016.01.27-13.13.08:571][  0]SourceControl: Info Source control is disabled
[2016.01.27-13.13.08:601][  0]SourceControl: Info Source control is disabled
[2016.01.27-13.13.08:631][  0]SourceControl: Info Source control is disabled
[2016.01.27-13.13.08:987][  0]LogLinker:Warning: Asset '../../../Engine/Plugins/Runtime/LeapMotionController/Content/LM_PassthroughMaterial.uasset' has been saved with empty engine version. The asset will be loaded but may be incompatible.
[2016.01.27-13.13.09:177][  0]LogModuleManager:Warning: ModuleManager: Unable to load module 'LeapMotion' because the file 'C:/Program Files/Epic Games/4.9/Engine/Binaries/Win64/' was not found.
[2016.01.27-13.13.57:879][  0]LogExit: Preparing to exit.
[2016.01.27-13.13.58:401][  0]LogExit: Object subsystem successfully closed.
[2016.01.27-13.13.58:414][  0]LogD3D11RHI: Shutdown
[2016.01.27-13.13.58:414][  0]LogD3D11RHI: CleanupD3DDevice
[2016.01.27-13.13.58:457][  0]LogD3D11RHI: ~FD3D11DynamicRHI
[2016.01.27-13.13.58:481][  0]LogModuleManager: Shutting down and abandoning module SlateRemote (120)
[2016.01.27-13.13.58:481][  0]LogModuleManager: Shutting down and abandoning module SteamVRController (119)
[2016.01.27-13.13.58:481][  0]LogModuleManager: Shutting down and abandoning module SteamVR (118)
[2016.01.27-13.13.58:481][  0]LogModuleManager: Shutting down and abandoning module ProceduralMeshComponent (117)
[2016.01.27-13.13.58:481][  0]LogModuleManager: Shutting down and abandoning module OculusRift (116)
[2016.01.27-13.13.58:481][  0]LogModuleManager: Shutting down and abandoning module OculusLibrary (115)
[2016.01.27-13.13.58:481][  0]LogModuleManager: Shutting down and abandoning module LeapMotionController (114)
[2016.01.27-13.13.58:500][  0]LogModuleManager: Shutting down and abandoning module CustomMeshComponent (113)
[2016.01.27-13.13.58:500][  0]LogModuleManager: Shutting down and abandoning module CableComponent (112)
[2016.01.27-13.13.58:500][  0]LogModuleManager: Shutting down and abandoning module ArchVisCharacter (111)
[2016.01.27-13.13.58:500][  0]LogModuleManager: Shutting down and abandoning module MessagingDebugger (110)
[2016.01.27-13.13.58:500][  0]LogModuleManager: Shutting down and abandoning module MediaPlayerEditor (109)
[2016.01.27-13.13.58:500][  0]LogModuleManager: Shutting down and abandoning module HTML5Networking (108)
[2016.01.27-13.13.58:500][  0]LogModuleManager: Shutting down and abandoning module SpeedTreeImporter (107)
[2016.01.27-13.13.58:500][  0]LogModuleManager: Shutting down and abandoning module PluginBrowser (106)
[2016.01.27-13.13.58:500][  0]LogModuleManager: Shutting down and abandoning module EpicSurvey (105)
[2016.01.27-13.13.58:500][  0]LogModuleManager: Shutting down and abandoning module DesktopPlatform (104)
[2016.01.27-13.13.58:500][  0]LogModuleManager: Shutting down and abandoning module VisualStudioSourceCodeAccess (103)
[2016.01.27-13.13.58:500][  0]LogModuleManager: Shutting down and abandoning module UObjectPlugin (102)
[2016.01.27-13.13.58:500][  0]LogModuleManager: Shutting down and abandoning module SubversionSourceControl (101)
[2016.01.27-13.13.58:500][  0]LogModuleManager: Shutting down and abandoning module PerforceSourceControl (100)
[2016.01.27-13.13.58:500][  0]LogModuleManager: Shutting down and abandoning module SourceControl (99)
[2016.01.27-13.13.58:500][  0]LogModuleManager: Shutting down and abandoning module GitSourceControl (98)
[2016.01.27-13.13.58:500][  0]LogModuleManager: Shutting down and abandoning module LightPropagationVolumeEditor (97)
[2016.01.27-13.13.58:500][  0]LogModuleManager: Shutting down and abandoning module PaperTiledImporter (96)
[2016.01.27-13.13.58:500][  0]LogModuleManager: Shutting down and abandoning module PaperSpriteSheetImporter (95)
[2016.01.27-13.13.58:500][  0]LogModuleManager: Shutting down and abandoning module MeshPaint (94)
[2016.01.27-13.13.58:500][  0]LogModuleManager: Shutting down and abandoning module SlateReflector (93)
[2016.01.27-13.13.58:500][  0]LogModuleManager: Shutting down and abandoning module HotReload (92)
[2016.01.27-13.13.58:500][  0]LogModuleManager: Shutting down and abandoning module MainFrame (91)
[2016.01.27-13.13.58:500][  0]LogModuleManager: Shutting down and abandoning module LevelEditor (90)
[2016.01.27-13.13.58:501][  0]LogModuleManager: Shutting down and abandoning module DirectoryWatcher (89)
[2016.01.27-13.13.58:503][  0]LogModuleManager: Shutting down and abandoning module AssetRegistry (88)
[2016.01.27-13.13.58:626][  0]LogModuleManager: Shutting down and abandoning module ContentBrowser (87)
[2016.01.27-13.13.58:627][  0]LogModuleManager: Shutting down and abandoning module Paper2DEditor (86)
[2016.01.27-13.13.58:627][  0]LogModuleManager: Shutting down and abandoning module UdpMessaging (85)
[2016.01.27-13.13.58:727][  0]LogModuleManager: Shutting down and abandoning module LightPropagationVolumeRuntime (84)
[2016.01.27-13.13.58:727][  0]LogModuleManager: Shutting down and abandoning module Paper2D (83)
[2016.01.27-13.13.58:728][  0]LogModuleManager: Shutting down and abandoning module WindowsMoviePlayer (82)
[2016.01.27-13.13.58:731][  0]LogModuleManager: Shutting down and abandoning module Media (81)
[2016.01.27-13.13.58:731][  0]LogModuleManager: Shutting down and abandoning module WmfMedia (80)
[2016.01.27-13.13.58:732][  0]LogModuleManager: Shutting down and abandoning module OnlineBlueprintSupport (79)
[2016.01.27-13.13.58:732][  0]LogModuleManager: Shutting down and abandoning module GameplayTasksEditor (78)
[2016.01.27-13.13.58:732][  0]LogModuleManager: Shutting down and abandoning module PropertyEditor (77)
[2016.01.27-13.13.58:732][  0]LogModuleManager: Shutting down and abandoning module BehaviorTreeEditor (76)
[2016.01.27-13.13.58:732][  0]LogModuleManager: Shutting down and abandoning module FunctionalTesting (75)
[2016.01.27-13.13.58:732][  0]LogModuleManager: Shutting down and abandoning module CollisionAnalyzer (74)
[2016.01.27-13.13.58:732][  0]LogModuleManager: Shutting down and abandoning module WorkspaceMenuStructure (73)
[2016.01.27-13.13.58:732][  0]LogModuleManager: Shutting down and abandoning module MessageLog (72)
[2016.01.27-13.13.58:732][  0]LogModuleManager: Shutting down and abandoning module Sequencer (71)
[2016.01.27-13.13.58:732][  0]LogModuleManager: Shutting down and abandoning module AssetTools (70)
[2016.01.27-13.13.58:732][  0]LogModuleManager: Shutting down and abandoning module UMGEditor (69)
[2016.01.27-13.13.58:732][  0]LogModuleManager: Shutting down and abandoning module UMG (68)
[2016.01.27-13.13.58:732][  0]LogModuleManager: Shutting down and abandoning module Slate (67)
[2016.01.27-13.13.58:732][  0]LogModuleManager: Shutting down and abandoning module EditorStyle (66)
[2016.01.27-13.13.58:736][  0]LogModuleManager: Shutting down and abandoning module SessionServices (65)
[2016.01.27-13.13.58:736][  0]LogModuleManager: Shutting down and abandoning module SourceCodeAccess (64)
[2016.01.27-13.13.58:736][  0]LogModuleManager: Shutting down and abandoning module HeadMountedDisplay (63)
[2016.01.27-13.13.58:736][  0]LogModuleManager: Shutting down and abandoning module XAudio2 (62)
[2016.01.27-13.13.58:736][  0]LogModuleManager: Shutting down and abandoning module Networking (60)
[2016.01.27-13.13.58:736][  0]LogModuleManager: Shutting down and abandoning module Core (59)
[2016.01.27-13.13.58:736][  0]LogModuleManager: Shutting down and abandoning module KismetCompiler (58)
[2016.01.27-13.13.58:736][  0]LogModuleManager: Shutting down and abandoning module PhysXFormats (57)
[2016.01.27-13.13.58:736][  0]LogModuleManager: Shutting down and abandoning module MeshUtilities (56)
[2016.01.27-13.13.58:736][  0]LogModuleManager: Shutting down and abandoning module CookingStats (55)
[2016.01.27-13.13.58:737][  0]LogModuleManager: Shutting down and abandoning module DerivedDataCache (54)
[2016.01.27-13.13.59:295][  0]LogDerivedDataCache: Shutdown
[2016.01.27-13.13.59:295][  0]LogModuleManager: Shutting down and abandoning module ShaderFormatOpenGL (53)
[2016.01.27-13.13.59:295][  0]LogModuleManager: Shutting down and abandoning module ShaderFormatD3D (52)
[2016.01.27-13.13.59:295][  0]LogModuleManager: Shutting down and abandoning module MetalShaderFormat (51)
[2016.01.27-13.13.59:295][  0]LogModuleManager: Shutting down and abandoning module TextureFormatUncompressed (50)
[2016.01.27-13.13.59:295][  0]LogModuleManager: Shutting down and abandoning module TextureFormatPVR (49)
[2016.01.27-13.13.59:295][  0]LogModuleManager: Shutting down and abandoning module TextureFormatIntelISPCTexComp (48)
[2016.01.27-13.13.59:295][  0]LogModuleManager: Shutting down and abandoning module TextureFormatDXT (47)
[2016.01.27-13.13.59:295][  0]LogModuleManager: Shutting down and abandoning module ImageWrapper (46)
[2016.01.27-13.13.59:297][  0]LogModuleManager: Shutting down and abandoning module TextureFormatASTC (45)
[2016.01.27-13.13.59:297][  0]LogModuleManager: Shutting down and abandoning module TextureFormatAndroid (44)
[2016.01.27-13.13.59:297][  0]LogModuleManager: Shutting down and abandoning module AudioFormatOpus (43)
[2016.01.27-13.13.59:297][  0]LogModuleManager: Shutting down and abandoning module AudioFormatOgg (42)
[2016.01.27-13.13.59:297][  0]LogModuleManager: Shutting down and abandoning module AudioFormatADPCM (41)
[2016.01.27-13.13.59:297][  0]LogModuleManager: Shutting down and abandoning module LinuxTargetPlatform (40)
[2016.01.27-13.13.59:297][  0]LogModuleManager: Shutting down and abandoning module LinuxServerTargetPlatform (39)
[2016.01.27-13.13.59:297][  0]LogModuleManager: Shutting down and abandoning module LinuxNoEditorTargetPlatform (38)
[2016.01.27-13.13.59:297][  0]LogModuleManager: Shutting down and abandoning module Messaging (37)
[2016.01.27-13.13.59:297][  0]LogModuleManager: Shutting down and abandoning module IOSTargetPlatform (36)
[2016.01.27-13.13.59:297][  0]LogModuleManager: Shutting down and abandoning module HTML5TargetPlatform (35)
[2016.01.27-13.13.59:297][  0]LogModuleManager: Shutting down and abandoning module Android_PVRTCTargetPlatform (34)
[2016.01.27-13.13.59:297][  0]LogModuleManager: Shutting down and abandoning module Android_ETC2TargetPlatform (33)
[2016.01.27-13.13.59:297][  0]LogModuleManager: Shutting down and abandoning module Android_ETC1TargetPlatform (32)
[2016.01.27-13.13.59:297][  0]LogModuleManager: Shutting down and abandoning module Android_DXTTargetPlatform (31)
[2016.01.27-13.13.59:297][  0]LogModuleManager: Shutting down and abandoning module Android_ATCTargetPlatform (30)
[2016.01.27-13.13.59:297][  0]LogModuleManager: Shutting down and abandoning module Android_ASTCTargetPlatform (29)
[2016.01.27-13.13.59:297][  0]LogModuleManager: Shutting down and abandoning module AndroidTargetPlatform (28)
[2016.01.27-13.13.59:297][  0]LogModuleManager: Shutting down and abandoning module WindowsTargetPlatform (27)
[2016.01.27-13.13.59:297][  0]LogModuleManager: Shutting down and abandoning module WindowsServerTargetPlatform (26)
[2016.01.27-13.13.59:297][  0]LogModuleManager: Shutting down and abandoning module WindowsNoEditorTargetPlatform (25)
[2016.01.27-13.13.59:297][  0]LogModuleManager: Shutting down and abandoning module WindowsClientTargetPlatform (24)
[2016.01.27-13.13.59:297][  0]LogModuleManager: Shutting down and abandoning module AllDesktopTargetPlatform (23)
[2016.01.27-13.13.59:297][  0]LogModuleManager: Shutting down and abandoning module TargetPlatform (22)
[2016.01.27-13.13.59:297][  0]LogModuleManager: Shutting down and abandoning module InputCore (21)
[2016.01.27-13.13.59:298][  0]LogModuleManager: Shutting down and abandoning module Settings (20)
[2016.01.27-13.13.59:298][  0]LogModuleManager: Shutting down and abandoning module OnlineSubsystem (18)
[2016.01.27-13.13.59:298][  0]LogModuleManager: Shutting down and abandoning module HTTP (17)
[2016.01.27-13.13.59:298][  0]LogModuleManager: Shutting down and abandoning module XMPP (16)
[2016.01.27-13.13.59:298][  0]LogModuleManager: Shutting down and abandoning module ExampleDeviceProfileSelector (15)
[2016.01.27-13.13.59:298][  0]LogModuleManager: Shutting down and abandoning module TextureCompressor (14)
[2016.01.27-13.13.59:298][  0]LogModuleManager: Shutting down and abandoning module ShaderCore (13)
[2016.01.27-13.13.59:298][  0]LogModuleManager: Shutting down and abandoning module Landscape (12)
[2016.01.27-13.13.59:298][  0]LogModuleManager: Shutting down and abandoning module SlateRHIRenderer (11)
[2016.01.27-13.13.59:298][  0]LogModuleManager: Shutting down and abandoning module OpenGLDrv (10)
[2016.01.27-13.13.59:298][  0]LogModuleManager: Shutting down and abandoning module D3D11RHI (9)
[2016.01.27-13.13.59:298][  0]LogModuleManager: Shutting down and abandoning module AnimGraphRuntime (8)
[2016.01.27-13.13.59:298][  0]LogModuleManager: Shutting down and abandoning module Renderer (7)
[2016.01.27-13.13.59:298][  0]LogModuleManager: Shutting down and abandoning module Engine (6)
[2016.01.27-13.13.59:298][  0]LogModuleManager: Shutting down and abandoning module CoreUObject (5)
[2016.01.27-13.13.59:298][  0]LogModuleManager: Shutting down and abandoning module NetworkFile (4)
[2016.01.27-13.13.59:298][  0]LogModuleManager: Shutting down and abandoning module StreamingFile (3)
[2016.01.27-13.13.59:298][  0]LogModuleManager: Shutting down and abandoning module SandboxFile (2)
[2016.01.27-13.13.59:298][  0]LogModuleManager: Shutting down and abandoning module PakFile (1)
[2016.01.27-13.13.59:300][  0]LogExit: Exiting.
[2016.01.27-13.13.59:302][  0]Log file closed, 01/27/16 10:13:59
