[2016.01.15-22.02.06:741][  0]Log file open, 01/15/16 19:02:06
[2016.01.15-22.02.06:741][  0]LogInit:Display: Running engine for game: LeapBasics
[2016.01.15-22.02.06:741][  0]LogInit:Display: RandInit(1533530495) SRandInit(1533530496).
[2016.01.15-22.02.06:741][  0]LogTaskGraph: Started task graph with 4 named threads and 7 total threads.
[2016.01.15-22.02.06:741][  0]LogStats: Stats thread started at 0.080751
[2016.01.15-22.02.06:741][  0]LogInit: Version: 4.9.2-2707645+++depot+UE4-Releases+4.9
[2016.01.15-22.02.06:741][  0]LogInit: API Version: 2672455
[2016.01.15-22.02.06:741][  0]LogInit: Compiled (64-bit): Sep 28 2015 10:25:44
[2016.01.15-22.02.06:741][  0]LogInit: Compiled with Visual C++: 18.00.21005.01
[2016.01.15-22.02.06:741][  0]LogInit: Build Configuration: Development
[2016.01.15-22.02.06:741][  0]LogInit: Branch Name: ++depot+UE4-Releases+4.9
[2016.01.15-22.02.06:741][  0]LogInit: Command line: 
[2016.01.15-22.02.06:741][  0]LogInit: Base directory: D:/Unreal/Epic Games/4.9/Engine/Binaries/Win64/
[2016.01.15-22.02.06:741][  0]LogInit: Rocket: 1
[2016.01.15-22.02.06:760][  0]LogInit: Using libcurl 7.41.0
[2016.01.15-22.02.06:760][  0]LogInit:  - built for x86_64-pc-win32
[2016.01.15-22.02.06:760][  0]LogInit:  - supports SSL with WinSSL
[2016.01.15-22.02.06:760][  0]LogInit:  - other features:
[2016.01.15-22.02.06:760][  0]LogInit:      CURL_VERSION_SSL
[2016.01.15-22.02.06:760][  0]LogInit:      CURL_VERSION_IPV6
[2016.01.15-22.02.06:760][  0]LogInit:      CURL_VERSION_ASYNCHDNS
[2016.01.15-22.02.06:760][  0]LogInit:      CURL_VERSION_LARGEFILE
[2016.01.15-22.02.06:760][  0]LogInit:      CURL_VERSION_IDN
[2016.01.15-22.02.06:760][  0]LogInit:  CurlRequestOptions (configurable via config and command line):
[2016.01.15-22.02.06:760][  0]LogInit:  - bVerifyPeer = true  - Libcurl will verify peer certificate
[2016.01.15-22.02.06:760][  0]LogInit:  - bUseHttpProxy = false  - Libcurl will NOT use HTTP proxy
[2016.01.15-22.02.06:760][  0]LogInit:  - bDontReuseConnections = false  - Libcurl will reuse connections
[2016.01.15-22.02.06:760][  0]LogInit:  - CertBundlePath = nullptr  - Libcurl will use whatever was configured at build time.
[2016.01.15-22.02.06:766][  0]LogInit: Presizing for 0 objects not considered by GC, pre-allocating 0 bytes.
[2016.01.15-22.02.06:772][  0]LogInit: Object subsystem initialized
[2016.01.15-22.02.06:773][  0]LogInit: Selected Device Profile: [Windows]
[2016.01.15-22.02.06:773][  0]LogInit: Applying CVar settings loaded from the selected device profile: [Windows]
[2016.01.15-22.02.06:789][  0]LogInit: Computer: EMI-PC
[2016.01.15-22.02.06:789][  0]LogInit: User: Emi
[2016.01.15-22.02.06:789][  0]LogInit: CPU Page size=4096, Cores=4
[2016.01.15-22.02.06:789][  0]LogInit: High frequency timer resolution =3.318417 MHz
[2016.01.15-22.02.06:789][  0]LogMemory: Memory total: Physical=7.9GB (8GB approx)
[2016.01.15-22.02.06:789][  0]LogMemory: Platform Memory Stats for Windows
[2016.01.15-22.02.06:789][  0]LogMemory: Process Physical Memory: 55.28 MB used, 55.28 MB peak
[2016.01.15-22.02.06:789][  0]LogMemory: Process Virtual Memory: 60.19 MB used, 60.19 MB peak
[2016.01.15-22.02.06:789][  0]LogMemory: Physical Memory: 6107.63 MB used, 8130.12 MB total
[2016.01.15-22.02.06:789][  0]LogMemory: Virtual Memory: 342.31 MB used, 8388608.00 MB total
[2016.01.15-22.02.07:548][  0]LogD3D11RHI: Found D3D11 adapter 0: NVIDIA GeForce 9600 GT (Feature Level 10_0)
[2016.01.15-22.02.07:548][  0]LogD3D11RHI: Adapter has 487MB of dedicated video memory, 0MB of dedicated system memory, and 3583MB of shared system memory, 1 output[s]
[2016.01.15-22.02.07:548][  0]LogD3D11RHI: Chosen D3D11 Adapter Id = 0
[2016.01.15-22.02.07:566][  0]LogD3D11RHI: !Direct3DDevice
[2016.01.15-22.02.07:567][  0]LogRHI: Texture pool is 341 MB (70% of 487 MB)
[2016.01.15-22.02.07:573][  0]LogD3D11RHI: Async texture creation enabled
[2016.01.15-22.02.07:585][  0]LogShaderCompilers: Guid format shader working directory is 15 characters bigger than the processId version (../../../../../../Facultad/Proyecto de grado/Repo/Proyectos/LeapBasics/Intermediate/Shaders/WorkingDirectory/7064/).
[2016.01.15-22.02.07:586][  0]LogShaderCompilers: Cleaned the shader compiler working directory '../../../../../../Facultad/Proyecto de grado/Repo/Proyectos/LeapBasics/Intermediate/Shaders/tmp/4484075948A191F29B33FEAEEC8F486D/'.
[2016.01.15-22.02.07:586][  0]LogShaderCompilers:Display: Using Local Shader Compiler.
[2016.01.15-22.02.08:770][  0]LogTemp:Display: Loaded TP AllDesktopTargetPlatform
[2016.01.15-22.02.08:774][  0]LogTemp:Display: Loaded TP WindowsClientTargetPlatform
[2016.01.15-22.02.08:794][  0]LogTemp:Display: Loaded TP WindowsNoEditorTargetPlatform
[2016.01.15-22.02.08:799][  0]LogTemp:Display: Loaded TP WindowsServerTargetPlatform
[2016.01.15-22.02.08:803][  0]LogTemp:Display: Loaded TP WindowsTargetPlatform
[2016.01.15-22.02.08:806][  0]LogTemp:Display: Loaded TP AndroidTargetPlatform
[2016.01.15-22.02.08:809][  0]LogTemp:Display: Loaded TP Android_ASTCTargetPlatform
[2016.01.15-22.02.08:812][  0]LogTemp:Display: Loaded TP Android_ATCTargetPlatform
[2016.01.15-22.02.08:815][  0]LogTemp:Display: Loaded TP Android_DXTTargetPlatform
[2016.01.15-22.02.08:819][  0]LogTemp:Display: Loaded TP Android_ETC1TargetPlatform
[2016.01.15-22.02.08:822][  0]LogTemp:Display: Loaded TP Android_ETC2TargetPlatform
[2016.01.15-22.02.08:825][  0]LogTemp:Display: Loaded TP Android_PVRTCTargetPlatform
[2016.01.15-22.02.08:826][  0]LogTemp:Display: Loaded TP HTML5TargetPlatform
[2016.01.15-22.02.08:842][  0]LogTemp:Display: Loaded TP IOSTargetPlatform
[2016.01.15-22.02.08:845][  0]LogTemp:Display: Loaded TP LinuxNoEditorTargetPlatform
[2016.01.15-22.02.08:849][  0]LogTemp:Display: Loaded TP LinuxServerTargetPlatform
[2016.01.15-22.02.08:857][  0]LogTemp:Display: Loaded TP LinuxTargetPlatform
[2016.01.15-22.02.08:857][  0]LogTargetPlatformManager:Display: Building Assets For Windows
[2016.01.15-22.02.08:949][  0]LogDerivedDataCache:Display: Max Cache Size: 512 MB
[2016.01.15-22.02.08:993][  0]LogDerivedDataCache: Loaded boot cache 0.04s 36MB C:/Users/Emi/AppData/Local/UnrealEngine/4.9/DerivedDataCache/Boot.ddc.
[2016.01.15-22.02.08:993][  0]LogDerivedDataCache:Display: Loaded Boot cache: C:/Users/Emi/AppData/Local/UnrealEngine/4.9/DerivedDataCache/Boot.ddc
[2016.01.15-22.02.08:993][  0]LogDerivedDataCache: FDerivedDataBackendGraph:  Pak pak cache file ../../../../../../Facultad/Proyecto de grado/Repo/Proyectos/LeapBasics/DerivedDataCache/DDC.ddp not found, will not use a pak cache.
[2016.01.15-22.02.08:993][  0]LogDerivedDataCache: Unable to find inner node Pak for hierarchical cache Hierarchy.
[2016.01.15-22.02.08:993][  0]LogDerivedDataCache: FDerivedDataBackendGraph:  CompressedPak pak cache file ../../../../../../Facultad/Proyecto de grado/Repo/Proyectos/LeapBasics/DerivedDataCache/Compressed.ddp not found, will not use a pak cache.
[2016.01.15-22.02.08:993][  0]LogDerivedDataCache: Unable to find inner node CompressedPak for hierarchical cache Hierarchy.
[2016.01.15-22.02.09:123][  0]LogDerivedDataCache:Display: Pak cache opened for reading ../../../Engine/DerivedDataCache/Compressed.ddp.
[2016.01.15-22.02.09:134][  0]LogDerivedDataCache: Using Local data cache path C:/Users/Emi/AppData/Local/UnrealEngine/Common/DerivedDataCache: Writable
[2016.01.15-22.02.09:343][  0]LogInit: Selected Device Profile: [Windows]
[2016.01.15-22.02.09:343][  0]LogContentStreaming: Texture pool size is 0.000000MB
[2016.01.15-22.02.09:376][  0]LogMeshUtilities: No automatic mesh reduction module available
[2016.01.15-22.02.09:376][  0]LogMeshUtilities: No automatic mesh merging module available
[2016.01.15-22.02.09:737][  0]LogInit: WinSock: version 1.1 (2.2), MaxSocks=32767, MaxUdp=65467
[2016.01.15-22.02.10:543][  0]UdpMessaging: Initializing bridge on interface 0.0.0.0:0 to multicast group 230.0.0.1:6666.
[2016.01.15-22.02.10:632][  0]LogAssetRegistry: FAssetRegistry took 0.0094 seconds to start up
[2016.01.15-22.02.10:803][  0]SourceControl: Info Source control is disabled
[2016.01.15-22.02.11:004][  0]SourceControl: Info Source control is disabled
[2016.01.15-22.02.11:014][  0]SourceControl: Info Source control is disabled
[2016.01.15-22.02.11:024][  0]SourceControl: Info Source control is disabled
[2016.01.15-22.02.11:187][  0]LogLinker:Warning: Asset '../../../Engine/Plugins/Runtime/LeapMotionController/Content/LM_PassthroughMaterial.uasset' has been saved with empty engine version. The asset will be loaded but may be incompatible.
[2016.01.15-22.02.11:388][  0]LeapPluginLog: Using LeapPlugin version 0.9.7
[2016.01.15-22.02.11:393][  0]LogObj: 28981 objects as part of root set at end of initial load.
[2016.01.15-22.02.11:393][  0]LogUObjectAllocator: 6140352 out of 0 bytes used by permanent object pool.
[2016.01.15-22.02.11:444][  0]LogEngine: Initializing Engine...
[2016.01.15-22.02.11:447][  0]LogHMD: Can't find Oculus library dev build: is proper Runtime installed? Version: 0.7.0.0
[2016.01.15-22.02.11:448][  0]LogHMD: SteamVR failed to initialize.  Err: 110
[2016.01.15-22.02.11:580][  0]LogAIModule: Creating AISystem for world NewWorld
[2016.01.15-22.02.11:585][  0]LogInit: XAudio2 using 'Altavoces (Realtek High Definition Audio)' : 2 channels at 48 kHz using 32 bits per sample (channel mask 0x3)
[2016.01.15-22.02.11:594][  0]LogInit: FAudioDevice initialized.
[2016.01.15-22.02.11:618][  0]LogDerivedDataCache: Saved boot cache 0.02s 36MB C:/Users/Emi/AppData/Local/UnrealEngine/4.9/DerivedDataCache/Boot.ddc.
[2016.01.15-22.02.11:623][  0]LogInit: Texture streaming: Enabled
[2016.01.15-22.02.11:628][  0]LogAnalytics: Creating configured Analytics provider AnalyticsET
[2016.01.15-22.02.11:628][  0]LogAnalytics: [UEEditor.Rocket.Release] APIServer = http://et2.epicgames.com/ET2/. AppVersion = 4.9.2-2707645+++depot+UE4-Releases+4.9
[2016.01.15-22.02.11:628][  0]LogAnalytics: [UEEditor.Rocket.Release] SetUserId 45cdda59420a0fb546eb418542097723|3eb587a350884e2890a9dd44469b8ec9|fcb3de80-11b8-41b8-a6eb-60d2dfb79158
[2016.01.15-22.02.11:628][  0]LogAnalytics: [UEEditor.Rocket.Release] AnalyticsET::StartSession
[2016.01.15-22.02.11:656][  0]LogInit: Transaction tracking system initialized
[2016.01.15-22.02.11:682][  0]BlueprintLog: New page: Editor Load
[2016.01.15-22.02.11:748][  0]LocalizationService: Info Localization service is disabled
[2016.01.15-22.02.11:990][  0]LogConsoleResponse:Display: 
[2016.01.15-22.02.12:100][  0]LogCook:Display: Done creating registry. It took  0.00s.
[2016.01.15-22.02.12:149][  0]LogFileCache: Scanning file cache for directory 'D:/Facultad/Proyecto de grado/Repo/Proyectos/LeapBasics/Content/' took 0.01s
[2016.01.15-22.02.12:149][  0]SourceControl: Info Source control is disabled
[2016.01.15-22.02.12:149][  0]Cmd: MAP LOAD FILE="../../../../../../Facultad/Proyecto de grado/Repo/Proyectos/LeapBasics/Content/StarterContent/Maps/Minimal_Default.umap" TEMPLATE=0 SHOWPROGRESS=1 FEATURELEVEL=2
[2016.01.15-22.02.12:159][  0]LightingResults: New page: Lighting Build
[2016.01.15-22.02.12:164][  0]MapCheck: New page: Map Check
[2016.01.15-22.02.12:164][  0]LightingResults: New page: Lighting Build
[2016.01.15-22.02.12:173][  0]LogParticles: Destroying 0 GPU particle simulations for FXSystem 0x00000000220A4900
[2016.01.15-22.02.13:347][  0]LogBlueprint:Warning: [compiler LeapBasicRiggedCharacter] Warning InputAction Event references unknown Action 'Jump' for  InputAction Jump 
[2016.01.15-22.02.13:347][  0]LogBlueprint:Warning: [compiler LeapBasicRiggedCharacter] Warning Input Axis Event references unknown Axis 'LookUpRate' for  InputAxis LookUpRate 
[2016.01.15-22.02.13:347][  0]LogBlueprint:Warning: [compiler LeapBasicRiggedCharacter] Warning Input Axis Event references unknown Axis 'TurnRate' for  InputAxis TurnRate 
[2016.01.15-22.02.13:348][  0]LogBlueprint:Warning: [compiler LeapBasicRiggedCharacter] Warning Input Axis Event references unknown Axis 'Turn' for  InputAxis Turn 
[2016.01.15-22.02.13:348][  0]LogBlueprint:Warning: [compiler LeapBasicRiggedCharacter] Warning Input Axis Event references unknown Axis 'LookUp' for  InputAxis LookUp 
[2016.01.15-22.02.13:348][  0]LogBlueprint:Warning: [compiler LeapBasicRiggedCharacter] Warning Input Axis Event references unknown Axis 'MoveRight' for  InputAxis MoveRight 
[2016.01.15-22.02.13:348][  0]LogBlueprint:Warning: [compiler LeapBasicRiggedCharacter] Warning Input Axis Event references unknown Axis 'MoveForward' for  InputAxis MoveForward 
[2016.01.15-22.02.13:351][  0]LogBlueprint:Warning: [compiler LeapBasicRiggedCharacter] Warning [0007.36] Compile of LeapBasicRiggedCharacter successful, but with 7 Warning(s) [in 11 ms]
[2016.01.15-22.02.13:351][  0]LogBlueprint:Warning: [compiler LeapBasicRiggedCharacter] Warning [0007.36] Compile of LeapBasicRiggedCharacter successful, but with 8 Warning(s) [in 0 ms]
[2016.01.15-22.02.13:351][  0]LogBlueprint:Warning: [compiler LeapBasicRiggedCharacter] Warning [0007.36] Compile of LeapBasicRiggedCharacter successful, but with 9 Warning(s) [in 0 ms]
[2016.01.15-22.02.13:410][  0]LogBlueprint:Warning: [compiler LeapBasicRiggedCharacter] Warning InputAction Event references unknown Action 'Jump' for  InputAction Jump 
[2016.01.15-22.02.13:410][  0]LogBlueprint:Warning: [compiler LeapBasicRiggedCharacter] Warning Input Axis Event references unknown Axis 'LookUpRate' for  InputAxis LookUpRate 
[2016.01.15-22.02.13:411][  0]LogBlueprint:Warning: [compiler LeapBasicRiggedCharacter] Warning Input Axis Event references unknown Axis 'TurnRate' for  InputAxis TurnRate 
[2016.01.15-22.02.13:411][  0]LogBlueprint:Warning: [compiler LeapBasicRiggedCharacter] Warning Input Axis Event references unknown Axis 'Turn' for  InputAxis Turn 
[2016.01.15-22.02.13:411][  0]LogBlueprint:Warning: [compiler LeapBasicRiggedCharacter] Warning Input Axis Event references unknown Axis 'LookUp' for  InputAxis LookUp 
[2016.01.15-22.02.13:411][  0]LogBlueprint:Warning: [compiler LeapBasicRiggedCharacter] Warning Input Axis Event references unknown Axis 'MoveRight' for  InputAxis MoveRight 
[2016.01.15-22.02.13:411][  0]LogBlueprint:Warning: [compiler LeapBasicRiggedCharacter] Warning Input Axis Event references unknown Axis 'MoveForward' for  InputAxis MoveForward 
[2016.01.15-22.02.13:414][  0]LogBlueprint:Warning: [compiler LeapBasicRiggedCharacter] Warning [0007.42] Compile of LeapBasicRiggedCharacter successful, but with 7 Warning(s) [in 9 ms]
[2016.01.15-22.02.13:414][  0]LogBlueprint:Warning: [compiler LeapBasicRiggedCharacter] Warning [0007.42] Compile of LeapBasicRiggedCharacter successful, but with 8 Warning(s) [in 0 ms]
[2016.01.15-22.02.13:414][  0]LogBlueprint:Warning: [compiler LeapBasicRiggedCharacter] Warning [0007.42] Compile of LeapBasicRiggedCharacter successful, but with 9 Warning(s) [in 0 ms]
[2016.01.15-22.02.13:465][  0]LogLinker:Warning: CreateExport: Failed to load Parent for Function /Game/CameraActor_Blueprint.CameraActor_Blueprint_C:UserConstructionScript; removing parent information, but keeping function
[2016.01.15-22.02.14:591][  0]LogAIModule: Creating AISystem for world Minimal_Default
[2016.01.15-22.02.14:796][  0]LeapPluginLog: InterfaceObject: LeapAnimBodyConnector_C_0
[2016.01.15-22.02.14:800][  0]LeapPluginLog: LeapController::CleanupEventData Delete Called
[2016.01.15-22.02.14:820][  0]LeapPluginLog: InterfaceObject: LeapAnimBodyConnector_C_2
[2016.01.15-22.02.14:822][  0]LogEditorServer: Finished looking for orphan Actors (0.000 secs)
[2016.01.15-22.02.14:822][  0]Cmd: MAP CHECKDEP NOCLEARLOG
[2016.01.15-22.02.14:872][  0]MapCheck: Info Map check complete: 0 Error(s), 0 Warning(s), took 49.891ms to complete.
[2016.01.15-22.02.14:872][  0]LogFileHelpers: Loading map 'Minimal_Default' took 2.723
[2016.01.15-22.02.14:968][  0]LogCollectionManager: Loaded 0 collections in 0.001710 seconds
[2016.01.15-22.02.15:005][  0]LogFileCache: Scanning file cache for directory 'D:/Facultad/Proyecto de grado/Repo/Proyectos/LeapBasics/Saved/Collections/' took 0.01s
[2016.01.15-22.02.15:005][  0]LogFileCache: Scanning file cache for directory 'D:/Facultad/Proyecto de grado/Repo/Proyectos/LeapBasics/Content/Developers/Emi/Collections/' took 0.01s
[2016.01.15-22.02.15:005][  0]LogFileCache: Scanning file cache for directory 'D:/Facultad/Proyecto de grado/Repo/Proyectos/LeapBasics/Content/Collections/' took 0.01s
[2016.01.15-22.02.15:005][  0]LogContentBrowser: Native class hierarchy populated in 0.0062 seconds. Added 1893 classes and 337 folders.
[2016.01.15-22.02.15:010][  0]LogCollectionManager: Rebuilt the GUID cache for 0 collections in 0.000002 seconds
[2016.01.15-22.02.15:034][  0]LogContentBrowser: Native class hierarchy updated for 'WidgetCarousel' in 0.0003 seconds. Added 0 classes and 0 folders.
[2016.01.15-22.02.15:075][  0]LogContentBrowser: Native class hierarchy updated for 'AddContentDialog' in 0.0003 seconds. Added 0 classes and 0 folders.
[2016.01.15-22.02.15:079][  0]LogContentBrowser: Native class hierarchy updated for 'SceneOutliner' in 0.0004 seconds. Added 1 classes and 2 folders.
[2016.01.15-22.02.15:224][  0]LogCrashTracker: Crashtracker disabled due to settings.
[2016.01.15-22.02.15:227][  0]LogUObjectGlobals:Warning: Failed to find object 'Class None.'
[2016.01.15-22.02.15:249][  0]LogLoad: Full Startup: 9.25 seconds (BP compile: 0.51 seconds)
[2016.01.15-22.02.15:330][  0]LogContentStreaming: Texture pool size now 400 MB
[2016.01.15-22.02.15:468][  0]LogRenderer: Reallocating scene render targets to support 808x456 (Frame:2).
[2016.01.15-22.02.15:556][  1]LeapPluginLog: InterfaceObject: LeapAnimBodyConnector_C_3
[2016.01.15-22.02.15:556][  1]LeapPluginLog:Warning: Warning! More than one (2) Leap Controller Component detected! Duplication of work and output may result (inefficiency warning).
[2016.01.15-22.02.15:847][  5]LogAssetRegistry: Asset discovery search completed in 5.2252 seconds
[2016.01.15-22.02.15:847][  5]LogCollectionManager: Rebuilt the object cache for 0 collections in 0.000001 seconds (found 0 objects)
[2016.01.15-22.02.15:847][  5]LogCollectionManager: Fixed up redirectors for 0 collections in 0.000022 seconds (updated 0 objects)
[2016.01.15-22.02.53:797][498]LogBlueprintUserMessages: Early PlayInEditor Detection: Level '/Game/StarterContent/Maps/Minimal_Default.Minimal_Default:PersistentLevel' has LevelScriptBlueprint '/Game/StarterContent/Maps/Minimal_Default.Minimal_Default:PersistentLevel.Minimal_Default' with GeneratedClass '/Game/StarterContent/Maps/Minimal_Default.Minimal_Default_C' with ClassGeneratedBy '/Game/StarterContent/Maps/Minimal_Default.Minimal_Default:PersistentLevel.Minimal_Default'
[2016.01.15-22.02.53:797][498]LogPlayLevel: PlayLevel: No blueprints needed recompiling
[2016.01.15-22.02.53:797][498]PIE: New page: PIE session: Minimal_Default (Jan 15, 2016, 4:02:53 PM)
[2016.01.15-22.02.53:798][498]LogPlayLevel: Creating play world package: /Game/StarterContent/Maps/UEDPIE_0_Minimal_Default
[2016.01.15-22.02.53:817][498]LogPlayLevel: PIE: StaticDuplicateObject took: (0.019209s)
[2016.01.15-22.02.53:817][498]LogAIModule: Creating AISystem for world Minimal_Default
[2016.01.15-22.02.53:817][498]LogPlayLevel: PIE: World Init took: (0.000592s)
[2016.01.15-22.02.53:818][498]LogPlayLevel: PIE: Created PIE world by copying editor world from /Game/StarterContent/Maps/Minimal_Default.Minimal_Default to /Game/StarterContent/Maps/UEDPIE_0_Minimal_Default.Minimal_Default (0.019967s)
[2016.01.15-22.02.53:818][498]LogActorComponent: UnregisterComponent: (/Engine/Transient.CharMoveComp) Not registered. Aborting.
[2016.01.15-22.02.53:862][498]LeapPluginLog: LeapController::CleanupEventData Delete Called
[2016.01.15-22.02.53:877][498]LeapPluginLog: LeapController::CleanupEventData Delete Called
[2016.01.15-22.02.53:921][498]LogInit: XAudio2 using 'Altavoces (Realtek High Definition Audio)' : 2 channels at 48 kHz using 32 bits per sample (channel mask 0x3)
[2016.01.15-22.02.53:929][498]LogInit: FAudioDevice initialized.
[2016.01.15-22.02.53:978][498]LogWorld: Game class is 'GameMode'
[2016.01.15-22.02.53:983][498]LeapPluginLog: InterfaceObject: LeapAnimBodyConnector_C_0
[2016.01.15-22.02.53:983][498]LeapPluginLog:Warning: Warning! More than one (3) Leap Controller Component detected! Duplication of work and output ma