[2016.01.29-02.20.42:256][  0]Log file open, 01/28/16 23:20:42
[2016.01.29-02.20.42:257][  0]LogInit:Display: Running engine for game: LeapBasics
[2016.01.29-02.20.42:257][  0]LogInit:Display: RandInit(-1487254123) SRandInit(-1487254122).
[2016.01.29-02.20.42:257][  0]LogTaskGraph: Started task graph with 4 named threads and 5 total threads.
[2016.01.29-02.20.42:257][  0]LogStats: Stats thread started at 0.080124
[2016.01.29-02.20.42:257][  0]LogInit: Version: 4.9.2-2707645+++depot+UE4-Releases+4.9
[2016.01.29-02.20.42:257][  0]LogInit: API Version: 2672455
[2016.01.29-02.20.42:257][  0]LogInit: Compiled (64-bit): Sep 28 2015 10:25:44
[2016.01.29-02.20.42:257][  0]LogInit: Compiled with Visual C++: 18.00.21005.01
[2016.01.29-02.20.42:257][  0]LogInit: Build Configuration: Development
[2016.01.29-02.20.42:257][  0]LogInit: Branch Name: ++depot+UE4-Releases+4.9
[2016.01.29-02.20.42:257][  0]LogInit: Command line:  
[2016.01.29-02.20.42:257][  0]LogInit: Base directory: C:/Program Files/Epic Games/4.9/Engine/Binaries/Win64/
[2016.01.29-02.20.42:257][  0]LogInit: Rocket: 1
[2016.01.29-02.20.42:280][  0]LogInit: Using libcurl 7.41.0
[2016.01.29-02.20.42:280][  0]LogInit:  - built for x86_64-pc-win32
[2016.01.29-02.20.42:280][  0]LogInit:  - supports SSL with WinSSL
[2016.01.29-02.20.42:280][  0]LogInit:  - other features:
[2016.01.29-02.20.42:280][  0]LogInit:      CURL_VERSION_SSL
[2016.01.29-02.20.42:280][  0]LogInit:      CURL_VERSION_IPV6
[2016.01.29-02.20.42:280][  0]LogInit:      CURL_VERSION_ASYNCHDNS
[2016.01.29-02.20.42:280][  0]LogInit:      CURL_VERSION_LARGEFILE
[2016.01.29-02.20.42:280][  0]LogInit:      CURL_VERSION_IDN
[2016.01.29-02.20.42:280][  0]LogInit:  CurlRequestOptions (configurable via config and command line):
[2016.01.29-02.20.42:280][  0]LogInit:  - bVerifyPeer = true  - Libcurl will verify peer certificate
[2016.01.29-02.20.42:280][  0]LogInit:  - bUseHttpProxy = false  - Libcurl will NOT use HTTP proxy
[2016.01.29-02.20.42:280][  0]LogInit:  - bDontReuseConnections = false  - Libcurl will reuse connections
[2016.01.29-02.20.42:280][  0]LogInit:  - CertBundlePath = nullptr  - Libcurl will use whatever was configured at build time.
[2016.01.29-02.20.42:295][  0]LogInit: Presizing for 0 objects not considered by GC, pre-allocating 0 bytes.
[2016.01.29-02.20.42:306][  0]LogInit: Object subsystem initialized
[2016.01.29-02.20.42:309][  0]LogInit: Selected Device Profile: [Windows]
[2016.01.29-02.20.42:309][  0]LogInit: Applying CVar settings loaded from the selected device profile: [Windows]
[2016.01.29-02.20.42:322][  0]LogInit: Computer: TONGA-PC
[2016.01.29-02.20.42:322][  0]LogInit: User: Tonga
[2016.01.29-02.20.42:322][  0]LogInit: CPU Page size=4096, Cores=2
[2016.01.29-02.20.42:322][  0]LogInit: High frequency timer resolution =3.021884 MHz
[2016.01.29-02.20.42:322][  0]LogMemory: Memory total: Physical=7.9GB (8GB approx)
[2016.01.29-02.20.42:322][  0]LogMemory: Platform Memory Stats for Windows
[2016.01.29-02.20.42:322][  0]LogMemory: Process Physical Memory: 53.77 MB used, 53.77 MB peak
[2016.01.29-02.20.42:322][  0]LogMemory: Process Virtual Memory: 58.17 MB used, 58.17 MB peak
[2016.01.29-02.20.42:322][  0]LogMemory: Physical Memory: 5031.07 MB used, 8132.66 MB total
[2016.01.29-02.20.42:322][  0]LogMemory: Virtual Memory: 338.88 MB used, 8388608.00 MB total
[2016.01.29-02.20.43:770][  0]LogD3D11RHI: Found D3D11 adapter 0: NVIDIA GeForce GTX 750 Ti (Feature Level 11_0)
[2016.01.29-02.20.43:770][  0]LogD3D11RHI: Adapter has 1992MB of dedicated video memory, 0MB of dedicated system memory, and 2048MB of shared system memory, 1 output[s]
[2016.01.29-02.20.43:770][  0]LogD3D11RHI: Chosen D3D11 Adapter Id = 0
[2016.01.29-02.20.43:782][  0]LogD3D11RHI: !Direct3DDevice
[2016.01.29-02.20.43:782][  0]LogRHI: Texture pool is 1361 MB (70% of 1945 MB)
[2016.01.29-02.20.43:807][  0]LogD3D11RHI: Async texture creation enabled
[2016.01.29-02.20.43:829][  0]LogShaderCompilers: Guid format shader working directory is 15 characters bigger than the processId version (../../../../../../Users/Tonga/Documents/Facultad/Tesis/Repositorio/proygrad_fing/Sistema de visualización/Intermediate/Shaders/WorkingDirectory/8044/).
[2016.01.29-02.20.43:830][  0]LogShaderCompilers: Cleaned the shader compiler working directory '../../../../../../Users/Tonga/Documents/Facultad/Tesis/Repositorio/proygrad_fing/Sistema de visualización/Intermediate/Shaders/tmp/8FA3B8EA4BDF6B5517212EB815E1D72E/'.
[2016.01.29-02.20.43:830][  0]LogShaderCompilers:Display: Using Local Shader Compiler.
[2016.01.29-02.20.46:106][  0]LogTemp:Display: Loaded TP AllDesktopTargetPlatform
[2016.01.29-02.20.46:118][  0]LogTemp:Display: Loaded TP WindowsClientTargetPlatform
[2016.01.29-02.20.46:129][  0]LogTemp:Display: Loaded TP WindowsNoEditorTargetPlatform
[2016.01.29-02.20.46:139][  0]LogTemp:Display: Loaded TP WindowsServerTargetPlatform
[2016.01.29-02.20.46:150][  0]LogTemp:Display: Loaded TP WindowsTargetPlatform
[2016.01.29-02.20.46:156][  0]LogTemp:Display: Loaded TP AndroidTargetPlatform
[2016.01.29-02.20.46:162][  0]LogTemp:Display: Loaded TP Android_ASTCTargetPlatform
[2016.01.29-02.20.46:169][  0]LogTemp:Display: Loaded TP Android_ATCTargetPlatform
[2016.01.29-02.20.46:177][  0]LogTemp:Display: Loaded TP Android_DXTTargetPlatform
[2016.01.29-02.20.46:188][  0]LogTemp:Display: Loaded TP Android_ETC1TargetPlatform
[2016.01.29-02.20.46:195][  0]LogTemp:Display: Loaded TP Android_ETC2TargetPlatform
[2016.01.29-02.20.46:202][  0]LogTemp:Display: Loaded TP Android_PVRTCTargetPlatform
[2016.01.29-02.20.46:203][  0]LogTemp:Display: Loaded TP HTML5TargetPlatform
[2016.01.29-02.20.46:227][  0]LogTemp:Display: Loaded TP IOSTargetPlatform
[2016.01.29-02.20.46:233][  0]LogTemp:Display: Loaded TP LinuxNoEditorTargetPlatform
[2016.01.29-02.20.46:240][  0]LogTemp:Display: Loaded TP LinuxServerTargetPlatform
[2016.01.29-02.20.46:248][  0]LogTemp:Display: Loaded TP LinuxTargetPlatform
[2016.01.29-02.20.46:248][  0]LogTargetPlatformManager:Display: Building Assets For Windows
[2016.01.29-02.20.46:425][  0]LogDerivedDataCache:Display: Max Cache Size: 512 MB
[2016.01.29-02.20.46:560][  0]LogDerivedDataCache: Loaded boot cache 0.13s 41MB C:/Users/Tonga/AppData/Local/UnrealEngine/4.9/DerivedDataCache/Boot.ddc.
[2016.01.29-02.20.46:560][  0]LogDerivedDataCache:Display: Loaded Boot cache: C:/Users/Tonga/AppData/Local/UnrealEngine/4.9/DerivedDataCache/Boot.ddc
[2016.01.29-02.20.46:560][  0]LogDerivedDataCache: FDerivedDataBackendGraph:  Pak pak cache file ../../../../../../Users/Tonga/Documents/Facultad/Tesis/Repositorio/proygrad_fing/Sistema de visualización/DerivedDataCache/DDC.ddp not found, will not use a pak cache.
[2016.01.29-02.20.46:560][  0]LogDerivedDataCache: Unable to find inner node Pak for hierarchical cache Hierarchy.
[2016.01.29-02.20.46:560][  0]LogDerivedDataCache: FDerivedDataBackendGraph:  CompressedPak pak cache file ../../../../../../Users/Tonga/Documents/Facultad/Tesis/Repositorio/proygrad_fing/Sistema de visualización/DerivedDataCache/Compressed.ddp not found, will not use a pak cache.
[2016.01.29-02.20.46:560][  0]LogDerivedDataCache: Unable to find inner node CompressedPak for hierarchical cache Hierarchy.
[2016.01.29-02.20.46:769][  0]LogDerivedDataCache:Display: Pak cache opened for reading ../../../Engine/DerivedDataCache/Compressed.ddp.
[2016.01.29-02.20.46:780][  0]LogDerivedDataCache: Using Local data cache path C:/Users/Tonga/AppData/Local/UnrealEngine/Common/DerivedDataCache: Writable
[2016.01.29-02.20.47:124][  0]LogInit: Selected Device Profile: [Windows]
[2016.01.29-02.20.47:125][  0]LogContentStreaming: Texture pool size is 0.000000MB
[2016.01.29-02.20.47:178][  0]LogMeshUtilities: No automatic mesh reduction module available
[2016.01.29-02.20.47:178][  0]LogMeshUtilities: No automatic mesh merging module available
[2016.01.29-02.20.47:877][  0]LogInit: WinSock: version 1.1 (2.2), MaxSocks=32767, MaxUdp=65467
[2016.01.29-02.20.49:218][  0]UdpMessaging: Initializing bridge on interface 0.0.0.0:0 to multicast group 230.0.0.1:6666.
[2016.01.29-02.20.49:348][  0]LogAssetRegistry: FAssetRegistry took 0.0101 seconds to start up
[2016.01.29-02.20.49:706][  0]SourceControl: Info Source control is disabled
[2016.01.29-02.20.49:707][  0]SourceControl: Info Source control is disabled
[2016.01.29-02.20.49:729][  0]SourceControl: Info Source control is disabled
[2016.01.29-02.20.49:751][  0]SourceControl: Info Source control is disabled
[2016.01.29-02.20.50:101][  0]LogLinker:Warning: Asset '../../../Engine/Plugins/Runtime/LeapMotionController/Content/LM_PassthroughMaterial.uasset' has been saved with empty engine version. The asset will be loaded but may be incompatible.
[2016.01.29-02.20.50:298][  0]LeapPluginLog: Using LeapPlugin version 0.9.7
[2016.01.29-02.20.50:305][  0]LogObj: 28981 objects as part of root set at end of initial load.
[2016.01.29-02.20.50:306][  0]LogUObjectAllocator: 6140352 out of 0 bytes used by permanent object pool.
[2016.01.29-02.20.50:402][  0]LogEngine: Initializing Engine...
[2016.01.29-02.20.50:404][  0]OCULUS: Info: 01/29/16 02:20:50: [CAPI] LibOVR module is located at C:\Windows\system32\LibOVRRT64_0_7.dll

[2016.01.29-02.20.50:906][  0]OCULUS: Error: 01/29/16 02:20:50: [CAPI] ovr_Create failed to complete within the timeout period.
[2016.01.29-02.20.50:907][  0]LogHMD: SteamVR failed to initialize.  Err: 110
[2016.01.29-02.20.51:139][  0]LogAIModule: Creating AISystem for world NewWorld
[2016.01.29-02.20.51:148][  0]LogInit: XAudio2 using 'Altavoces (Realtek High Definition Audio)' : 2 channels at 48 kHz using 32 bits per sample (channel mask 0x3)
[2016.01.29-02.20.51:181][  0]LogInit: FAudioDevice initialized.
[2016.01.29-02.20.51:240][  0]LogDerivedDataCache: Saved boot cache 0.06s 41MB C:/Users/Tonga/AppData/Local/UnrealEngine/4.9/DerivedDataCache/Boot.ddc.
[2016.01.29-02.20.51:258][  0]LogInit: Texture streaming: Enabled
[2016.01.29-02.20.51:268][  0]LogAnalytics: Creating configured Analytics provider AnalyticsET
[2016.01.29-02.20.51:268][  0]LogAnalytics: [UEEditor.Rocket.Release] APIServer = http://et2.epicgames.com/ET2/. AppVersion = 4.9.2-2707645+++depot+UE4-Releases+4.9
[2016.01.29-02.20.51:268][  0]LogAnalytics: [UEEditor.Rocket.Release] SetUserId d2bef611456171cb171d15a4a42cb182|6ac59fa8cbb647a4b14c5a548cbd3b91|31fc86a8-acb9-451a-b082-adf3974f05a6
[2016.01.29-02.20.51:268][  0]LogAnalytics: [UEEditor.Rocket.Release] AnalyticsET::StartSession
[2016.01.29-02.20.51:376][  0]LogInit: Transaction tracking system initialized
[2016.01.29-02.20.51:443][  0]BlueprintLog: New page: Editor Load
[2016.01.29-02.20.51:639][  0]LocalizationService: Info Localization service is disabled
[2016.01.29-02.20.51:824][  0]LogConsoleResponse:Display: 
[2016.01.29-02.20.52:071][  0]LogCook:Display: Done creating registry. It took  0.00s.
[2016.01.29-02.20.52:214][  0]LogFileCache: Scanning file cache for directory 'C:/Users/Tonga/Documents/Facultad/Tesis/Repositorio/proygrad_fing/Sistema de visualización/Content/' took 0.02s
[2016.01.29-02.20.52:214][  0]SourceControl: Info Source control is disabled
[2016.01.29-02.20.52:216][  0]LightingResults: New page: Lighting Build
[2016.01.29-02.20.52:229][  0]MapCheck: New page: Map Check
[2016.01.29-02.20.52:229][  0]LightingResults: New page: Lighting Build
[2016.01.29-02.20.52:272][  0]LogParticles: Destroying 0 GPU particle simulations for FXSystem 0x0000000025B56160
[2016.01.29-02.20.53:995][  0]LogBlueprint:Warning: [compiler LeapBasicRiggedCharacter] Warning InputAction Event references unknown Action 'Jump' for  InputAction Jump 
[2016.01.29-02.20.53:996][  0]LogBlueprint:Warning: [compiler LeapBasicRiggedCharacter] Warning Input Axis Event references unknown Axis 'LookUpRate' for  InputAxis LookUpRate 
[2016.01.29-02.20.53:996][  0]LogBlueprint:Warning: [compiler LeapBasicRiggedCharacter] Warning Input Axis Event references unknown Axis 'TurnRate' for  InputAxis TurnRate 
[2016.01.29-02.20.53:997][  0]LogBlueprint:Warning: [compiler LeapBasicRiggedCharacter] Warning Input Axis Event references unknown Axis 'MoveForward' for  InputAxis MoveForward 
[2016.01.29-02.20.54:002][  0]LogBlueprint:Warning: [compiler LeapBasicRiggedCharacter] Warning [0012.48] Compile of LeapBasicRiggedCharacter successful, but with 4 Warning(s) [in 17 ms]
[2016.01.29-02.20.54:002][  0]LogBlueprint:Warning: [compiler LeapBasicRiggedCharacter] Warning [0012.48] Compile of LeapBasicRiggedCharacter successful, but with 5 Warning(s) [in 0 ms]
[2016.01.29-02.20.54:002][  0]LogBlueprint:Warning: [compiler LeapBasicRiggedCharacter] Warning [0012.48] Compile of LeapBasicRiggedCharacter successful, but with 6 Warning(s) [in 0 ms]
[2016.01.29-02.20.54:020][  0]LogBlueprint:Warning: [compiler LeapBasicRiggedCharacter] Warning InputAction Event references unknown Action 'Jump' for  InputAction Jump 
[2016.01.29-02.20.54:021][  0]LogBlueprint:Warning: [compiler LeapBasicRiggedCharacter] Warning Input Axis Event references unknown Axis 'LookUpRate' for  InputAxis LookUpRate 
[2016.01.29-02.20.54:021][  0]LogBlueprint:Warning: [compiler LeapBasicRiggedCharacter] Warning Input Axis Event references unknown Axis 'TurnRate' for  InputAxis TurnRate 
[2016.01.29-02.20.54:022][  0]LogBlueprint:Warning: [compiler LeapBasicRiggedCharacter] Warning Input Axis Event references unknown Axis 'MoveForward' for  InputAxis MoveForward 
[2016.01.29-02.20.54:028][  0]LogBlueprint:Warning: [compiler LeapBasicRiggedCharacter] Warning [0012.50] Compile of LeapBasicRiggedCharacter successful, but with 4 Warning(s) [in 21 ms]
[2016.01.29-02.20.54:029][  0]LogBlueprint:Warning: [compiler LeapBasicRiggedCharacter] Warning [0012.50] Compile of LeapBasicRiggedCharacter successful, but with 5 Warning(s) [in 0 ms]
[2016.01.29-02.20.54:029][  0]LogBlueprint:Warning: [compiler LeapBasicRiggedCharacter] Warning [0012.50] Compile of LeapBasicRiggedCharacter successful, but with 6 Warning(s) [in 0 ms]
[2016.01.29-02.20.55:232][  0]LogAIModule: Creating AISystem for world Minimal_Default
[2016.01.29-02.20.55:252][  0]LeapPluginLog: InterfaceObject: CameraActor_Blueprint_C_0
[2016.01.29-02.20.55:253][  0]LeapPluginLog: InterfaceObject: LeapAnimBodyConnector_C_409
[2016.01.29-02.20.55:253][  0]LeapPluginLog:Warning: Warning! More than one (2) Leap Controller Component detected! Duplication of work and output may result (inefficiency warning).
[2016.01.29-02.20.55:254][  0]LeapPluginLog: LeapController::CleanupEventData Delete Called
[2016.01.29-02.20.55:269][  0]LeapPluginLog: LeapController::CleanupEventData Delete Called
[2016.01.29-02.20.55:272][  0]LeapPluginLog: InterfaceObject: LeapAnimBodyConnector_C_411
[2016.01.29-02.20.55:274][  0]LeapPluginLog: InterfaceObject: CameraActor_Blueprint_C_0
[2016.01.29-02.20.55:274][  0]LeapPluginLog:Warning: Warning! More than one (2) Leap Controller Component detected! Duplication of work and output may result (inefficiency warning).
[2016.01.29-02.20.55:275][  0]LeapPluginLog: LeapController::CleanupEventData Delete Called
[2016.01.29-02.20.55:275][  0]LeapPluginLog: InterfaceObject: CameraActor_Blueprint_C_0
[2016.01.29-02.20.55:275][  0]LeapPluginLog:Warning: Warning! More than one (2) Leap Controller Component detected! Duplication of work and output may result (inefficiency warning).
[2016.01.29-02.20.55:276][  0]LogEditorServer: Finished looking for orphan Actors (0.000 secs)
[2016.01.29-02.20.55:277][  0]Cmd: MAP CHECKDEP NOCLEARLOG
[2016.01.29-02.20.55:477][  0]MapCheck: Info Map check complete: 0 Error(s), 0 Warning(s), took 199.744ms to complete.
[2016.01.29-02.20.55:477][  0]LogFileHelpers: Loading map 'Minimal_Default' took 3.262
[2016.01.29-02.20.55:635][  0]LogCollectionManager: Loaded 0 collections in 0.005024 seconds
[2016.01.29-02.20.55:675][  0]LogFileCache: Scanning file cache for directory 'C:/Users/Tonga/Documents/Facultad/Tesis/Repositorio/proygrad_fing/Sistema de visualización/Saved/Collections/' took 0.01s
[2016.01.29-02.20.55:675][  0]LogFileCache: Scanning file cache for directory 'C:/Users/Tonga/Documents/Facultad/Tesis/Repositorio/proygrad_fing/Sistema de visualización/Content/Developers/Tonga/Collections/' took 0.01s
[2016.01.29-02.20.55:675][  0]LogFileCache: Scanning file cache for directory 'C:/Users/Tonga/Documents/Facultad/Tesis/Repositorio/proygrad_fing/Sistema de visualización/Content/Collections/' took 0.00s
[2016.01.29-02.20.55:675][  0]LogContentBrowser: Native class hierarchy populated in 0.0148 seconds. Added 1893 classes and 337 folders.
[2016.01.29-02.20.55:690][  0]LogCollectionManager: Rebuilt the GUID cache for 0 collections in 0.000003 seconds
[2016.01.29-02.20.55:705][  0]LogContentBrowser: Native class hierarchy updated for 'WidgetCarousel' in 0.0013 seconds. Added 0 classes and 0 folders.
[2016.01.29-02.20.55:839][  0]LogContentBrowser: Native class hierarchy updated for 'AddContentDialog' in 0.0007 seconds. Added 0 classes and 0 folders.
[2016.01.29-02.20.55:849][  0]LogContentBrowser: Native class hierarchy updated for 'SceneOutliner' in 0.0010 seconds. Added 1 classes and 2 folders.
[2016.01.29-02.20.55:953][  0]LogCrashTracker: Crashtracker disabled due to settings.
[2016.01.29-02.20.55:965][  0]LogUObjectGlobals:Warning: Failed to find object 'Class None.'
[2016.01.29-02.20.55:991][  0]LogLoad: Full Startup: 14.47 seconds (BP compile: 0.99 seconds)
[2016.01.29-02.20.56:456][  0]LogContentStreaming: Texture pool size now 1000 MB
[2016.01.29-02.20.56:660][  0]LogRenderer: Reallocating scene render targets to support 1144x576 (Frame:2).
[2016.01.29-02.20.56:929][  1]LeapPluginLog: InterfaceObject: LeapAnimBodyConnector_C_412
[2016.01.29-02.20.56:929][  1]LeapPluginLog:Warning: Warning! More than one (3) Leap Controller Component detected! Duplication of work and output may result (inefficiency warning).
[2016.01.29-02.20.59:594][  9]LogAssetRegistry: Asset discovery search completed in 10.2556 seconds
[2016.01.29-02.20.59:594][  9]LogCollectionManager: Rebuilt the object cache for 0 collections in 0.000002 seconds (found 0 objects)
[2016.01.29-02.20.59:594][  9]LogCollectionManager: Fixed up redirectors for 0 collections in 0.000051 seconds (updated 0 objects)
[2016.01.29-02.21.05:781][473]LogLinker:Warning: Asset '../../../Engine/Content/ArtTools/RenderToTexture/Macros/RenderToTextureMacros.uasset' has been saved with empty engine version. The asset will be loaded but may be incompatible.
[2016.01.29-02.21.06:631][473]LogContentBrowser: Native class hierarchy updated for 'BlueprintGraph' in 0.0015 seconds. Added 107 classes and 0 folders.
[2016.01.29-02.22.02:026][ 85]LogProperty:Warning: ObjectProperty /Script/Engine.EdGraphPin:LinkedTo.LinkedTo: unresolved reference to 'EdGraphPin'K2Node_Event_123.EdGraphPin_11893''
[2016.01.29-02.22.02:026][ 85]LogProperty:Warning: ObjectProperty /Script/Engine.EdGraphPin:LinkedTo.LinkedTo: unresolved reference to 'EdGraphPin'K2Node_VariableSet_94.EdGraphPin_11900''
[2016.01.29-02.22.02:582][ 85]LogProperty:Warning: ObjectProperty /Script/Engine.EdGraphPin:LinkedTo.LinkedTo: unresolved reference to 'EdGraphPin'K2Node_VariableSet_94.EdGraphPin_11902''
[2016.01.29-02.22.02:597][ 85]LogProperty:Warning: ObjectProperty /Script/Engine.EdGraphPin:LinkedTo.LinkedTo: unresolved reference to 'EdGraphPin'K2Node_CreateWidget_35.EdGraphPin_12160''
[2016.01.29-02.22.02:907][ 85]LogBlueprint:Warning: [compiler BP_Commentary_Box] Warning  Set Text (String)  is deprecated; Use the SetText function taking an FText instead.
[2016.01.29-02.22.02:923][ 85]LogBlueprint:Warning: [compiler BP_Commentary_Box] Warning  Set Text (String)  is deprecated; Use the SetText function taking an FText instead.
[2016.01.29-02.22.02:939][ 85]LogBlueprint:Warning: [compiler BP_Commentary_Box] Warning [0081.41] Compile of BP_Commentary_Box successful, but with 2 Warning(s) [in 76 ms]
[2016.01.29-02.22.02:939][ 85]LogBlueprint:Warning: [compiler BP_Commentary_Box] Warning [0081.41] Compile of BP_Commentary_Box successful, but with 3 Warning(s) [in 0 ms]
[2016.01.29-02.22.02:939][ 85]LogBlueprint:Warning: [compiler BP_Commentary_Box] Warning [0081.41] Compile of BP_Commentary_Box successful, but with 4 Warning(s) [in 0 ms]
[2016.01.29-02.22.02:996][ 85]LogBlueprint:Warning: [compiler BP_Commentary_Box] Warning  Set Text (String)  is deprecated; Use the SetText function taking an FText instead.
[2016.01.29-02.22.03:013][ 85]LogBlueprint:Warning: [compiler BP_Commentary_Box] Warning  Set Text (String)  is deprecated; Use the SetText function taking an FText instead.
[2016.01.29-02.22.03:025][ 85]LogBlueprint:Warning: [compiler BP_Commentary_Box] Warning [0081.50] Compile of BP_Commentary_Box successful, but with 2 Warning(s) [in 68 ms]
[2016.01.29-02.22.03:025][ 85]LogBlueprint:Warning: [compiler BP_Commentary_Box] Warning [0081.50] Compile of BP_Commentary_Box successful, but with 3 Warning(s) [in 0 ms]
[2016.01.29-02.22.03:025][ 85]LogBlueprint:Warning: [compiler BP_Commentary_Box] Warning [0081.50] Compile of BP_Commentary_Box successful, but with 4 Warning(s) [in 0 ms]
[2016.01.29-02.22.03:281][ 85]LogAIModule: Creating AISystem for world Inicio
[2016.01.29-02.22.03:298][ 85]LogUObjectHash:Warning: Ambiguous search, could be K2Node_VariableSet /Game/StarterContent/Maps/Minimal_Default.Minimal_Default:PersistentLevel.Minimal_Default.EventGraph.K2Node_VariableSet_110 or K2Node_VariableSet /Game/Inicio.Inicio:PersistentLevel.Inicio.EventGraph.K2Node_VariableSet_110
[2016.01.29-02.22.03:298][ 85]LogProperty:Warning: ObjectProperty /Script/Engine.EdGraphPin:LinkedTo.LinkedTo: unresolved reference to 'EdGraphPin'K2Node_VariableSet_110.EdGraphPin_11945''
[2016.01.29-02.22.03:299][ 85]LogUObjectHash:Warning: Ambiguous search, could be K2Node_VariableSet /Game/StarterContent/Maps/Minimal_Default.Minimal_Default:PersistentLevel.Minimal_Default.EventGraph.K2Node_VariableSet_110 or K2Node_VariableSet /Game/Inicio.Inicio:PersistentLevel.Inicio.EventGraph.K2Node_VariableSet_110
[2016.01.29-02.22.03:299][ 85]LogProperty:Warning: ObjectProperty /Script/Engine.EdGraphPin:LinkedTo.LinkedTo: unresolved reference to 'EdGraphPin'K2Node_VariableSet_110.EdGraphPin_11947''
[2016.01.29-02.22.03:299][ 85]LogUObjectHash:Warning: Ambiguous search, could be K2Node_CreateWidget /Game/StarterContent/Maps/Minimal_Default.Minimal_Default:PersistentLevel.Minimal_Default.EventGraph.K2Node_CreateWidget_46 or K2Node_CreateWidget /Game/Inicio.Inicio:PersistentLevel.Inicio.EventGraph.K2Node_CreateWidget_46
[2016.01.29-02.22.03:299][ 85]LogProperty:Warning: ObjectProperty /Script/Engine.EdGraphPin:LinkedTo.LinkedTo: unresolved reference to 'EdGraphPin'K2Node_CreateWidget_46.EdGraphPin_12175''
[2016.01.29-02.22.03:300][ 85]LogUObjectHash:Warning: Ambiguous search, could be K2Node_VariableSet /Game/StarterContent/Maps/Minimal_Default.Minimal_Default:PersistentLevel.Minimal_Default.EventGraph.K2Node_VariableSet_131 or K2Node_VariableSet /Game/Inicio.Inicio:PersistentLevel.Inicio.EventGraph.K2Node_VariableSet_131
[2016.01.29-02.22.03:300][ 85]LogProperty:Warning: ObjectProperty /Script/Engine.EdGraphPin:LinkedTo.LinkedTo: unresolved reference to 'EdGraphPin'K2Node_VariableSet_131.EdGraphPin_11975''
[2016.01.29-02.22.03:300][ 85]LogUObjectHash:Warning: Ambiguous search, could be K2Node_VariableSet /Game/StarterContent/Maps/Minimal_Default.Minimal_Default:PersistentLevel.Minimal_Default.EventGraph.K2Node_VariableSet_131 or K2Node_VariableSet /Game/Inicio.Inicio:PersistentLevel.Inicio.EventGraph.K2Node_VariableSet_131
[2016.01.29-02.22.03:300][ 85]LogProperty:Warning: ObjectProperty /Script/Engine.EdGraphPin:LinkedTo.LinkedTo: unresolved reference to 'EdGraphPin'K2Node_VariableSet_131.EdGraphPin_11977''
[2016.01.29-02.22.03:300][ 85]LogUObjectHash:Warning: Ambiguous search, could be K2Node_VariableSet /Game/StarterContent/Maps/Minimal_Default.Minimal_Default:PersistentLevel.Minimal_Default.EventGraph.K2Node_VariableSet_207 or K2Node_VariableSet /Game/Inicio.Inicio:PersistentLevel.Inicio.EventGraph.K2Node_VariableSet_207
[2016.01.29-02.22.03:300][ 85]LogProperty:Warning: ObjectProperty /Script/Engine.EdGraphPin:LinkedTo.LinkedTo: unresolved reference to 'EdGraphPin'K2Node_VariableSet_207.EdGraphPin_12206''
[2016.01.29-02.22.03:301][ 85]LogUObjectHash:Warning: Ambiguous search, could be K2Node_CallFunction /Engine/Tutorial/BlueprintTutorials/TutorialAssets/Tutorial_BP_MacroLib.Tutorial_BP_MacroLib:TutorialSamleMacro.K2Node_CallFunction_2740 or K2Node_CallFunction /Engine/Transient.PROTO_BP_Blueprint_0:UserConstructionScript.K2Node_CallFunction_2740
[2016.01.29-02.22.03:301][ 85]LogUObjectHash:Warning: Ambiguous search, could be K2Node_CallFunction /Engine/Tutorial/BlueprintTutorials/TutorialAssets/Tutorial_BP_MacroLib.Tutorial_BP_MacroLib:TutorialSamleMacro.K2Node_CallFunction_2740 or K2Node_CallFunction /Game/StarterContent/Maps/Minimal_Default.Minimal_Default:PersistentLevel.Minimal_Default.EventGraph.K2Node_CallFunction_2740
[2016.01.29-02.22.03:301][ 85]LogUObjectHash:Warning: Ambiguous search, could be K2Node_CallFunction /Engine/Tutorial/BlueprintTutorials/TutorialAssets/Tutorial_BP_MacroLib.Tutorial_BP_MacroLib:TutorialSamleMacro.K2Node_CallFunction_2740 or K2Node_CallFunction /Game/Inicio.Inicio:PersistentLevel.Inicio.EventGraph.K2Node_CallFunction_2740
[2016.01.29-02.22.03:301][ 85]LogProperty:Warning: ObjectProperty /Script/Engine.EdGraphPin:LinkedTo.LinkedTo: unresolved reference to 'EdGraphPin'K2Node_CallFunction_2740.EdGraphPin_12217''
[2016.01.29-02.22.03:301][ 85]LogUObjectHash:Warning: Ambiguous search, could be K2Node_CallFunction /Engine/Transient.PROTO_BP_Blueprint_0:UserConstructionScript.K2Node_CallFunction_2489 or K2Node_CallFunction /Game/StarterContent/Maps/Minimal_Default.Minimal_Default:PersistentLevel.Minimal_Default.EventGraph.K2Node_CallFunction_2489
[2016.01.29-02.22.03:301][ 85]LogUObjectHash:Warning: Ambiguous search, could be K2Node_CallFunction /Engine/Transient.PROTO_BP_Blueprint_0:UserConstructionScript.K2Node_CallFunction_2489 or K2Node_CallFunction /Game/Inicio.Inicio:PersistentLevel.Inicio.EventGraph.K2Node_CallFunction_2489
[2016.01.29-02.22.03:301][ 85]LogProperty:Warning: ObjectProperty /Script/Engine.EdGraphPin:LinkedTo.LinkedTo: unresolved reference to 'EdGraphPin'K2Node_CallFunction_2489.EdGraphPin_12192''
[2016.01.29-02.22.03:301][ 85]LogUObjectHash:Warning: Ambiguous search, could be K2Node_CallFunction /Engine/Tutorial/BlueprintTutorials/TutorialAssets/Tutorial_BP_MacroLib.Tutorial_BP_MacroLib:TutorialSamleMacro.K2Node_CallFunction_2740 or K2Node_CallFunction /Engine/Transient.PROTO_BP_Blueprint_0:UserConstructionScript.K2Node_CallFunction_2740
[2016.01.29-02.22.03:301][ 85]LogUObjectHash:Warning: Ambiguous search, could be K2Node_CallFunction /Engine/Tutorial/BlueprintTutorials/TutorialAssets/Tutorial_BP_MacroLib.Tutorial_BP_MacroLib:TutorialSamleMacro.K2Node_CallFunction_2740 or K2Node_CallFunction /Game/StarterContent/Maps/Minimal_Default.Minimal_Default:PersistentLevel.Minimal_Default.EventGraph.K2Node_CallFunction_2740
[2016.01.29-02.22.03:301][ 85]LogUObjectHash:Warning: Ambiguous search, could be K2Node_CallFunction /Engine/Tutorial/BlueprintTutorials/TutorialAssets/Tutorial_BP_MacroLib.Tutorial_BP_MacroLib:TutorialSamleMacro.K2Node_CallFunction_2740 or K2Node_CallFunction /Game/Inicio.Inicio:PersistentLevel.Inicio.EventGraph.K2Node_CallFunction_2740
[2016.01.29-02.22.03:301][ 85]LogProperty:Warning: ObjectProperty /Script/Engine.EdGraphPin:LinkedTo.LinkedTo: unresolved reference to 'EdGraphPin'K2Node_CallFunction_2740.EdGraphPin_12219''
[2016.01.29-02.22.03:302][ 85]LogUObjectHash:Warning: Ambiguous search, could be K2Node_CallFunction /Engine/Tutorial/BlueprintTutorials/TutorialAssets/Tutorial_BP_MacroLib.Tutorial_BP_MacroLib:TutorialSamleMacro.K2Node_CallFunction_2740 or K2Node_CallFunction /Engine/Transient.PROTO_BP_Blueprint_0:UserConstructionScript.K2Node_CallFunction_2740
[2016.01.29-02.22.03:302][ 85]LogUObjectHash:Warning: Ambiguous search, could be K2Node_CallFunction /Engine/Tutorial/BlueprintTutorials/TutorialAssets/Tutorial_BP_MacroLib.Tutorial_BP_MacroLib:TutorialSamleMacro.K2Node_CallFunction_2740 or K2Node_CallFunction /Game/StarterContent/Maps/Minimal_Default.Minimal_Default:PersistentLevel.Minimal_Default.EventGraph.K2Node_CallFunction_2740
[2016.01.29-02.22.03:302][ 85]LogUObjectHash:Warning: Ambiguous search, could be K2Node_CallFunction /Engine/Tutorial/BlueprintTutorials/TutorialAssets/Tutorial_BP_MacroLib.Tutorial_BP_MacroLib:TutorialSamleMacro.K2Node_CallFunction_2740 or K2Node_CallFunction /Game/Inicio.Inicio:PersistentLevel.Inicio.EventGraph.K2Node_CallFunction_2740
[2016.01.29-02.22.03:302][ 85]LogProperty:Warning: ObjectProperty /Script/Engine.EdGraphPin:LinkedTo.LinkedTo: unresolved reference to 'EdGraphPin'K2Node_CallFunction_2740.EdGraphPin_12218''
[2016.01.29-02.22.03:302][ 85]LogUObjectHash:Warning: Ambiguous search, could be K2Node_CallFunction /Game/StarterContent/Maps/Minimal_Default.Minimal_Default:PersistentLevel.Minimal_Default.EventGraph.K2Node_CallFunction_3053 or K2Node_CallFunction /Game/Assets/Blueprints/BP_Commentary_Box.BP_Commentary_Box:ExecuteUbergraph_BP_Commentary_Box.K2Node_CallFunction_3053
[2016.01.29-02.22.03:302][ 85]LogUObjectHash:Warning: Ambiguous search, could be K2Node_CallFunction /Game/StarterContent/Maps/Minimal_Default.Minimal_Default:PersistentLevel.Minimal_Default.EventGraph.K2Node_CallFunction_3053 or K2Node_CallFunction /Game/Inicio.Inicio:PersistentLevel.Inicio.EventGraph.K2Node_CallFunction_3053
[2016.01.29-02.22.03:302][ 85]LogProperty:Warning: ObjectProperty /Script/Engine.EdGraphPin:LinkedTo.LinkedTo: unresolved reference to 'EdGraphPin'K2Node_CallFunction_3053.EdGraphPin_12232''
[2016.01.29-02.22.03:304][ 85]LogUObjectHash:Warning: Ambiguous search, could be K2Node_VariableGet /LeapMotion/Character/Basic/BasicCharacter_AnimBlueprint.BasicCharacter_AnimBlueprint:ExecuteUbergraph_BasicCharacter_AnimBlueprint.K2Node_VariableGet_212 or K2Node_VariableGet /Game/StarterContent/Maps/Minimal_Default.Minimal_Default:PersistentLevel.Minimal_Default.EventGraph.K2Node_VariableGet_212
[2016.01.29-02.22.03:304][ 85]LogUObjectHash:Warning: Ambiguous search, could be K2Node_VariableGet /LeapMotion/Character/Basic/BasicCharacter_AnimBlueprint.BasicCharacter_AnimBlueprint:ExecuteUbergraph_BasicCharacter_AnimBlueprint.K2Node_VariableGet_212 or K2Node_VariableGet /Game/Inicio.Inicio:PersistentLevel.Inicio.EventGraph.K2Node_VariableGet_212
[2016.01.29-02.22.03:304][ 85]LogProperty:Warning: ObjectProperty /Script/Engine.EdGraphPin:LinkedTo.LinkedTo: unresolved reference to 'EdGraphPin'K2Node_VariableGet_212.EdGraphPin_12032''
[2016.01.29-02.22.03:304][ 85]LogUObjectHash:Warning: Ambiguous search, could be K2Node_VariableGet /LeapMotion/Character/Basic/BasicCharacter_AnimBlueprint.BasicCharacter_AnimBlueprint:ExecuteUbergraph_BasicCharacter_AnimBlueprint.K2Node_VariableGet_213 or K2Node_VariableGet /Game/StarterContent/Maps/Minimal_Default.Minimal_Default:PersistentLevel.Minimal_Default.EventGraph.K2Node_VariableGet_213
[2016.01.29-02.22.03:304][ 85]LogUObjectHash:Warning: Ambiguous search, could be K2Node_VariableGet /LeapMotion/Character/Basic/BasicCharacter_AnimBlueprint.BasicCharacter_AnimBlueprint:ExecuteUbergraph_BasicCharacter_AnimBlueprint.K2Node_VariableGet_213 or K2Node_VariableGet /Game/Inicio.Inicio:PersistentLevel.Inicio.EventGraph.K2Node_VariableGet_213
[2016.01.29-02.22.03:304][ 85]LogProperty:Warning: ObjectProperty /Script/Engine.EdGraphPin:LinkedTo.LinkedTo: unresolved reference to 'EdGraphPin'K2Node_VariableGet_213.EdGraphPin_12038''
[2016.01.29-02.22.03:304][ 85]LogUObjectHash:Warning: Ambiguous search, could be K2Node_CallFunction /Engine/Tutorial/BlueprintTutorials/TutorialAssets/Tutorial_BP_MacroLib.Tutorial_BP_MacroLib:TutorialSamleMacro.K2Node_CallFunction_2740 or K2Node_CallFunction /Engine/Transient.PROTO_BP_Blueprint_0:UserConstructionScript.K2Node_CallFunction_2740
[2016.01.29-02.22.03:304][ 85]LogUObjectHash:Warning: Ambiguous search, could be K2Node_CallFunction /Engine/Tutorial/BlueprintTutorials/TutorialAssets/Tutorial_BP_MacroLib.Tutorial_BP_MacroLib:TutorialSamleMacro.K2Node_CallFunction_2740 or K2Node_CallFunction /Game/Inicio.Inicio:PersistentLevel.Inicio.EventGraph.K2Node_CallFunction_2740
[2016.01.29-02.22.03:304][ 85]LogProperty:Warning: ObjectProperty /Script/Engine.EdGraphPin:LinkedTo.LinkedTo: unresolved reference to 'EdGraphPin'K2Node_CallFunction_2740.EdGraphPin_12220''
[2016.01.29-02.22.03:305][ 85]LogUObjectHash:Warning: Ambiguous search, could be K2Node_CallFunction /Engine/Tutorial/BlueprintTutorials/TutorialAssets/Tutorial_BP_MacroLib.Tutorial_BP_MacroLib:TutorialSamleMacro.K2Node_CallFunction_2740 or K2Node_CallFunction /Engine/Transient.PROTO_BP_Blueprint_0:UserConstructionScript.K2Node_CallFunction_2740
[2016.01.29-02.22.03:305][ 85]LogUObjectHash:Warning: Ambiguous search, could be K2Node_CallFunction /Engine/Tutorial/BlueprintTutorials/TutorialAssets/Tutorial_BP_MacroLib.Tutorial_BP_MacroLib:TutorialSamleMacro.K2Node_CallFunction_2740 or K2Node_CallFunction /Game/Inicio.Inicio:PersistentLevel.Inicio.EventGraph.K2Node_CallFunction_2740
[2016.01.29-02.22.03:305][ 85]LogProperty:Warning: ObjectProperty /Script/Engine.EdGraphPin:LinkedTo.LinkedTo: unresolved reference to 'EdGraphPin'K2Node_CallFunction_2740.EdGraphPin_12221''
[2016.01.29-02.22.03:305][ 85]LogUObjectHash:Warning: Ambiguous search, could be K2Node_CallFunction /Game/StarterContent/Maps/Minimal_Default.Minimal_Default:PersistentLevel.Minimal_Default.EventGraph.K2Node_CallFunction_3055 or K2Node_CallFunction /Game/Assets/Blueprints/BP_Commentary_Box.BP_Commentary_Box:ExecuteUbergraph_BP_Commentary_Box.K2Node_CallFunction_3055
[2016.01.29-02.22.03:305][ 85]LogUObjectHash:Warning: Ambiguous search, could be K2Node_CallFunction /Game/StarterContent/Maps/Minimal_Default.Minimal_Default:PersistentLevel.Minimal_Default.EventGraph.K2Node_CallFunction_3055 or K2Node_CallFunction /Game/Inicio.Inicio:PersistentLevel.Inicio.EventGraph.K2Node_CallFunction_3055
[2016.01.29-02.22.03:305][ 85]LogProperty:Warning: ObjectProperty /Script/Engine.EdGraphPin:LinkedTo.LinkedTo: unresolved reference to 'EdGraphPin'K2Node_CallFunction_3055.EdGraphPin_12256''
[2016.01.29-02.22.03:305][ 85]LogUObjectHash:Warning: Ambiguous search, could be K2Node_VariableGet /Game/StarterContent/Maps/Minimal_Default.Minimal_Default:PersistentLevel.Minimal_Default.EventGraph.K2Node_VariableGet_512 or K2Node_VariableGet /Game/Inicio.Inicio:PersistentLevel.Inicio.EventGraph.K2Node_VariableGet_512
[2016.01.29-02.22.03:305][ 85]LogProperty:Warning: ObjectProperty /Script/Engine.EdGraphPin:LinkedTo.LinkedTo: unresolved reference to 'EdGraphPin'K2Node_VariableGet_512.EdGraphPin_12068''
[2016.01.29-02.22.03:306][ 85]LogUObjectHash:Warning: Ambiguous search, could be K2Node_CallFunction /Game/StarterContent/Maps/Minimal_Default.Minimal_Default:PersistentLevel.Minimal_Default.EventGraph.K2Node_CallFunction_3055 or K2Node_CallFunction /Game/Assets/Blueprints/BP_Commentary_Box.BP_Commentary_Box:ExecuteUbergraph_BP_Commentary_Box.K2Node_CallFunction_3055
[2016.01.29-02.22.03:306][ 85]LogUObjectHash:Warning: Ambiguous search, could be K2Node_CallFunction /Game/StarterContent/Maps/Minimal_Default.Minimal_Default:PersistentLevel.Minimal_Default.EventGraph.K2Node_CallFunction_3055 or K2Node_CallFunction /Game/Inicio.Inicio:PersistentLevel.Inicio.EventGraph.K2Node_CallFunction_3055
[2016.01.29-02.22.03:306][ 85]LogProperty:Warning: ObjectProperty /Script/Engine.EdGraphPin:LinkedTo.LinkedTo: unresolved reference to 'EdGraphPin'K2Node_CallFunction_3055.EdGraphPin_12257''
[2016.01.29-02.22.03:306][ 85]LogUObjectHash:Warning: Ambiguous search, could be K2Node_CallFunction /Game/StarterContent/Maps/Minimal_Default.Minimal_Default:PersistentLevel.Minimal_Default.EventGraph.K2Node_CallFunction_3056 or K2Node_CallFunction /Game/Assets/Blueprints/BP_Commentary_Box.BP_Commentary_Box:ExecuteUbergraph_BP_Commentary_Box.K2Node_CallFunction_3056
[2016.01.29-02.22.03:306][ 85]LogUObjectHash:Warning: Ambiguous search, could be K2Node_CallFunction /Game/StarterContent/Maps/Minimal_Default.Minimal_Default:PersistentLevel.Minimal_Default.EventGraph.K2Node_CallFunction_3056 or K2Node_CallFunction /Game/Inicio.Inicio:PersistentLevel.Inicio.EventGraph.K2Node_CallFunction_3056
[2016.01.29-02.22.03:306][ 85]LogProperty:Warning: ObjectProperty /Script/Engine.EdGraphPin:LinkedTo.LinkedTo: unresolved reference to 'EdGraphPin'K2Node_CallFunction_3056.EdGraphPin_12268''
[2016.01.29-02.22.03:306][ 85]LogUObjectHash:Warning: Ambiguous search, could be K2Node_VariableGet /Game/StarterContent/Maps/Minimal_Default.Minimal_Default:PersistentLevel.Minimal_Default.EventGraph.K2Node_VariableGet_513 or K2Node_VariableGet /Game/Inicio.Inicio:PersistentLevel.Inicio.EventGraph.K2Node_VariableGet_513
[2016.01.29-02.22.03:306][ 85]LogProperty:Warning: ObjectProperty /Script/Engine.EdGraphPin:LinkedTo.LinkedTo: unresolved reference to 'EdGraphPin'K2Node_VariableGet_513.EdGraphPin_12074''
[2016.01.29-02.22.03:306][ 85]LogUObjectHash:Warning: Ambiguous search, could be K2Node_CallFunction /Game/StarterContent/Maps/Minimal_Default.Minimal_Default:PersistentLevel.Minimal_Default.EventGraph.K2Node_CallFunction_3055 or K2Node_CallFunction /Game/Assets/Blueprints/BP_Commentary_Box.BP_Commentary_Box:ExecuteUbergraph_BP_Commentary_Box.K2Node_CallFunction_3055
[2016.01.29-02.22.03:306][ 85]LogUObjectHash:Warning: Ambiguous search, could be K2Node_CallFunction /Game/StarterContent/Maps/Minimal_Default.Minimal_Default:PersistentLevel.Minimal_Default.EventGraph.K2Node_CallFunction_3055 or K2Node_CallFunction /Game/Inicio.Inicio:PersistentLevel.Inicio.EventGraph.K2Node_CallFunction_3055
[2016.01.29-02.22.03:307][ 85]LogProperty:Warning: ObjectProperty /Script/Engine.EdGraphPin:LinkedTo.LinkedTo: unresolved reference to 'EdGraphPin'K2Node_CallFunction_3055.EdGraphPin_12258''
[2016.01.29-02.22.03:307][ 85]LogUObjectHash:Warning: Ambiguous search, could be K2Node_CallFunction /Game/StarterContent/Maps/Minimal_Default.Minimal_Default:PersistentLevel.Minimal_Default.EventGraph.K2Node_CallFunction_3056 or K2Node_CallFunction /Game/Assets/Blueprints/BP_Commentary_Box.BP_Commentary_Box:ExecuteUbergraph_BP_Commentary_Box.K2Node_CallFunction_3056
[2016.01.29-02.22.03:307][ 85]LogUObjectHash:Warning: Ambiguous search, could be K2Node_CallFunction /Game/StarterContent/Maps/Minimal_Default.Minimal_Default:PersistentLevel.Minimal_Default.EventGraph.K2Node_CallFunction_3056 or K2Node_CallFunction /Game/Inicio.Inicio:PersistentLevel.Inicio.EventGraph.K2Node_CallFunction_3056
[2016.01.29-02.22.03:307][ 85]LogProperty:Warning: ObjectProperty /Script/Engine.EdGraphPin:LinkedTo.LinkedTo: unresolved reference to 'EdGraphPin'K2Node_CallFunction_3056.EdGraphPin_12270''
[2016.01.29-02.22.03:327][ 85]LogWindows:Error: Windows GetLastError: La operación se completó correctamente. (0)
[2016.01.29-02.22.07:563][ 85]LogCrashTracker: 


[2016.01.29-02.22.07:714][ 85]LogCrashTracker: 


[2016.01.29-02.22.07:714][ 85]LogWindows: === Critical error: ===
Fatal error: [File:D:\BuildFarm\buildmachine_++depot+UE4-Releases+4.9\Engine\Source\Runtime\CoreUObject\Private\Templates\Casts.cpp] [Line: 11] 
Cast of ObjectRedirector /Game/PanelLuces.PanelLuces_C to Class failed




[2016.01.29-02.22.07:935][ 85]LogExit: Executing StaticShutdownAfterError
[2016.01.29-02.22.07:954][ 85]LogPhysics:Warning: PHYSX: ..\..\PhysX\src\NpScene.cpp (2946) 8 : PxScene::unlockWrite() called without matching call to PxScene::lockWrite(), behaviour will be undefined.
[2016.01.29-02.22.07:955][ 85]LogPhysics:Warning: PHYSX: ..\..\PhysX\src\NpScene.cpp (2946) 8 : PxScene::unlockWrite() called without matching call to PxScene::lockWrite(), behaviour will be undefined.
[2016.01.29-02.22.07:955][ 85]LogPhysics:Warning: PHYSX: ..\..\PhysX\src\NpScene.cpp (2946) 8 : PxScene::unlockWrite() called without matching call to PxScene::lockWrite(), behaviour will be undefined.
[2016.01.29-02.22.07:955][ 85]LogPhysics:Warning: PHYSX: ..\..\PhysX\src\NpScene.cpp (2946) 8 : PxScene::unlockWrite() called without matching call to PxScene::lockWrite(), behaviour will be undefined.
[2016.01.29-02.22.07:956][ 85]LogWindows: FPlatformMisc::RequestExit(1)
[2016.01.29-02.22.07:956][ 85]Log file closed, 01/28/16 23:22:07
