[2016.01.29-02.18.05:112][  0]Log file open, 01/28/16 23:18:05
[2016.01.29-02.18.05:112][  0]LogInit:Display: Running engine for game: LeapBasics
[2016.01.29-02.18.05:112][  0]LogInit:Display: RandInit(-1962092849) SRandInit(-1962092848).
[2016.01.29-02.18.05:112][  0]LogTaskGraph: Started task graph with 4 named threads and 5 total threads.
[2016.01.29-02.18.05:112][  0]LogStats: Stats thread started at 0.077074
[2016.01.29-02.18.05:112][  0]LogInit: Version: 4.9.2-2707645+++depot+UE4-Releases+4.9
[2016.01.29-02.18.05:112][  0]LogInit: API Version: 2672455
[2016.01.29-02.18.05:112][  0]LogInit: Compiled (64-bit): Sep 28 2015 10:25:44
[2016.01.29-02.18.05:112][  0]LogInit: Compiled with Visual C++: 18.00.21005.01
[2016.01.29-02.18.05:112][  0]LogInit: Build Configuration: Development
[2016.01.29-02.18.05:112][  0]LogInit: Branch Name: ++depot+UE4-Releases+4.9
[2016.01.29-02.18.05:112][  0]LogInit: Command line:  
[2016.01.29-02.18.05:112][  0]LogInit: Base directory: C:/Program Files/Epic Games/4.9/Engine/Binaries/Win64/
[2016.01.29-02.18.05:112][  0]LogInit: Rocket: 1
[2016.01.29-02.18.05:134][  0]LogInit: Using libcurl 7.41.0
[2016.01.29-02.18.05:134][  0]LogInit:  - built for x86_64-pc-win32
[2016.01.29-02.18.05:134][  0]LogInit:  - supports SSL with WinSSL
[2016.01.29-02.18.05:134][  0]LogInit:  - other features:
[2016.01.29-02.18.05:134][  0]LogInit:      CURL_VERSION_SSL
[2016.01.29-02.18.05:134][  0]LogInit:      CURL_VERSION_IPV6
[2016.01.29-02.18.05:134][  0]LogInit:      CURL_VERSION_ASYNCHDNS
[2016.01.29-02.18.05:134][  0]LogInit:      CURL_VERSION_LARGEFILE
[2016.01.29-02.18.05:134][  0]LogInit:      CURL_VERSION_IDN
[2016.01.29-02.18.05:134][  0]LogInit:  CurlRequestOptions (configurable via config and command line):
[2016.01.29-02.18.05:134][  0]LogInit:  - bVerifyPeer = true  - Libcurl will verify peer certificate
[2016.01.29-02.18.05:134][  0]LogInit:  - bUseHttpProxy = false  - Libcurl will NOT use HTTP proxy
[2016.01.29-02.18.05:134][  0]LogInit:  - bDontReuseConnections = false  - Libcurl will reuse connections
[2016.01.29-02.18.05:134][  0]LogInit:  - CertBundlePath = nullptr  - Libcurl will use whatever was configured at build time.
[2016.01.29-02.18.05:148][  0]LogInit: Presizing for 0 objects not considered by GC, pre-allocating 0 bytes.
[2016.01.29-02.18.05:158][  0]LogInit: Object subsystem initialized
[2016.01.29-02.18.05:161][  0]LogInit: Selected Device Profile: [Windows]
[2016.01.29-02.18.05:161][  0]LogInit: Applying CVar settings loaded from the selected device profile: [Windows]
[2016.01.29-02.18.05:173][  0]LogInit: Computer: TONGA-PC
[2016.01.29-02.18.05:173][  0]LogInit: User: Tonga
[2016.01.29-02.18.05:173][  0]LogInit: CPU Page size=4096, Cores=2
[2016.01.29-02.18.05:173][  0]LogInit: High frequency timer resolution =3.021884 MHz
[2016.01.29-02.18.05:173][  0]LogMemory: Memory total: Physical=7.9GB (8GB approx)
[2016.01.29-02.18.05:173][  0]LogMemory: Platform Memory Stats for Windows
[2016.01.29-02.18.05:173][  0]LogMemory: Process Physical Memory: 53.75 MB used, 53.75 MB peak
[2016.01.29-02.18.05:173][  0]LogMemory: Process Virtual Memory: 58.17 MB used, 58.17 MB peak
[2016.01.29-02.18.05:173][  0]LogMemory: Physical Memory: 4948.85 MB used, 8132.66 MB total
[2016.01.29-02.18.05:173][  0]LogMemory: Virtual Memory: 338.88 MB used, 8388608.00 MB total
[2016.01.29-02.18.06:427][  0]LogD3D11RHI: Found D3D11 adapter 0: NVIDIA GeForce GTX 750 Ti (Feature Level 11_0)
[2016.01.29-02.18.06:427][  0]LogD3D11RHI: Adapter has 1992MB of dedicated video memory, 0MB of dedicated system memory, and 2048MB of shared system memory, 1 output[s]
[2016.01.29-02.18.06:427][  0]LogD3D11RHI: Chosen D3D11 Adapter Id = 0
[2016.01.29-02.18.06:437][  0]LogD3D11RHI: !Direct3DDevice
[2016.01.29-02.18.06:437][  0]LogRHI: Texture pool is 1361 MB (70% of 1945 MB)
[2016.01.29-02.18.06:452][  0]LogD3D11RHI: Async texture creation enabled
[2016.01.29-02.18.06:467][  0]LogShaderCompilers: Guid format shader working directory is 15 characters bigger than the processId version (../../../../../../Users/Tonga/Documents/Facultad/Tesis/Repositorio/proygrad_fing/Sistema de visualización/Intermediate/Shaders/WorkingDirectory/8256/).
[2016.01.29-02.18.06:467][  0]LogShaderCompilers: Cleaned the shader compiler working directory '../../../../../../Users/Tonga/Documents/Facultad/Tesis/Repositorio/proygrad_fing/Sistema de visualización/Intermediate/Shaders/tmp/B3D5C7564F4D3AF3061B40BCA55504AD/'.
[2016.01.29-02.18.06:467][  0]LogShaderCompilers:Display: Using Local Shader Compiler.
[2016.01.29-02.18.08:382][  0]LogTemp:Display: Loaded TP AllDesktopTargetPlatform
[2016.01.29-02.18.08:393][  0]LogTemp:Display: Loaded TP WindowsClientTargetPlatform
[2016.01.29-02.18.08:402][  0]LogTemp:Display: Loaded TP WindowsNoEditorTargetPlatform
[2016.01.29-02.18.08:412][  0]LogTemp:Display: Loaded TP WindowsServerTargetPlatform
[2016.01.29-02.18.08:422][  0]LogTemp:Display: Loaded TP WindowsTargetPlatform
[2016.01.29-02.18.08:429][  0]LogTemp:Display: Loaded TP AndroidTargetPlatform
[2016.01.29-02.18.08:435][  0]LogTemp:Display: Loaded TP Android_ASTCTargetPlatform
[2016.01.29-02.18.08:441][  0]LogTemp:Display: Loaded TP Android_ATCTargetPlatform
[2016.01.29-02.18.08:448][  0]LogTemp:Display: Loaded TP Android_DXTTargetPlatform
[2016.01.29-02.18.08:454][  0]LogTemp:Display: Loaded TP Android_ETC1TargetPlatform
[2016.01.29-02.18.08:461][  0]LogTemp:Display: Loaded TP Android_ETC2TargetPlatform
[2016.01.29-02.18.08:468][  0]LogTemp:Display: Loaded TP Android_PVRTCTargetPlatform
[2016.01.29-02.18.08:470][  0]LogTemp:Display: Loaded TP HTML5TargetPlatform
[2016.01.29-02.18.08:495][  0]LogTemp:Display: Loaded TP IOSTargetPlatform
[2016.01.29-02.18.08:501][  0]LogTemp:Display: Loaded TP LinuxNoEditorTargetPlatform
[2016.01.29-02.18.08:506][  0]LogTemp:Display: Loaded TP LinuxServerTargetPlatform
[2016.01.29-02.18.08:514][  0]LogTemp:Display: Loaded TP LinuxTargetPlatform
[2016.01.29-02.18.08:514][  0]LogTargetPlatformManager:Display: Building Assets For Windows
[2016.01.29-02.18.08:677][  0]LogDerivedDataCache:Display: Max Cache Size: 512 MB
[2016.01.29-02.18.08:797][  0]LogDerivedDataCache: Loaded boot cache 0.12s 41MB C:/Users/Tonga/AppData/Local/UnrealEngine/4.9/DerivedDataCache/Boot.ddc.
[2016.01.29-02.18.08:798][  0]LogDerivedDataCache:Display: Loaded Boot cache: C:/Users/Tonga/AppData/Local/UnrealEngine/4.9/DerivedDataCache/Boot.ddc
[2016.01.29-02.18.08:798][  0]LogDerivedDataCache: FDerivedDataBackendGraph:  Pak pak cache file ../../../../../../Users/Tonga/Documents/Facultad/Tesis/Repositorio/proygrad_fing/Sistema de visualización/DerivedDataCache/DDC.ddp not found, will not use a pak cache.
[2016.01.29-02.18.08:798][  0]LogDerivedDataCache: Unable to find inner node Pak for hierarchical cache Hierarchy.
[2016.01.29-02.18.08:798][  0]LogDerivedDataCache: FDerivedDataBackendGraph:  CompressedPak pak cache file ../../../../../../Users/Tonga/Documents/Facultad/Tesis/Repositorio/proygrad_fing/Sistema de visualización/DerivedDataCache/Compressed.ddp not found, will not use a pak cache.
[2016.01.29-02.18.08:798][  0]LogDerivedDataCache: Unable to find inner node CompressedPak for hierarchical cache Hierarchy.
[2016.01.29-02.18.08:996][  0]LogDerivedDataCache:Display: Pak cache opened for reading ../../../Engine/DerivedDataCache/Compressed.ddp.
[2016.01.29-02.18.09:007][  0]LogDerivedDataCache: Using Local data cache path C:/Users/Tonga/AppData/Local/UnrealEngine/Common/DerivedDataCache: Writable
[2016.01.29-02.18.09:345][  0]LogInit: Selected Device Profile: [Windows]
[2016.01.29-02.18.09:346][  0]LogContentStreaming: Texture pool size is 0.000000MB
[2016.01.29-02.18.09:393][  0]LogMeshUtilities: No automatic mesh reduction module available
[2016.01.29-02.18.09:393][  0]LogMeshUtilities: No automatic mesh merging module available
[2016.01.29-02.18.10:059][  0]LogInit: WinSock: version 1.1 (2.2), MaxSocks=32767, MaxUdp=65467
[2016.01.29-02.18.11:787][  0]UdpMessaging: Initializing bridge on interface 0.0.0.0:0 to multicast group 230.0.0.1:6666.
[2016.01.29-02.18.11:920][  0]LogAssetRegistry: FAssetRegistry took 0.0111 seconds to start up
[2016.01.29-02.18.12:235][  0]SourceControl: Info Source control is disabled
[2016.01.29-02.18.12:237][  0]SourceControl: Info Source control is disabled
[2016.01.29-02.18.12:260][  0]SourceControl: Info Source control is disabled
[2016.01.29-02.18.12:282][  0]SourceControl: Info Source control is disabled
[2016.01.29-02.18.12:651][  0]LogLinker:Warning: Asset '../../../Engine/Plugins/Runtime/LeapMotionController/Content/LM_PassthroughMaterial.uasset' has been saved with empty engine version. The asset will be loaded but may be incompatible.
[2016.01.29-02.18.12:827][  0]LeapPluginLog: Using LeapPlugin version 0.9.7
[2016.01.29-02.18.12:836][  0]LogObj: 28981 objects as part of root set at end of initial load.
[2016.01.29-02.18.12:836][  0]LogUObjectAllocator: 6140352 out of 0 bytes used by permanent object pool.
[2016.01.29-02.18.12:927][  0]LogEngine: Initializing Engine...
[2016.01.29-02.18.12:930][  0]OCULUS: Info: 01/29/16 02:18:12: [CAPI] LibOVR module is located at C:\Windows\system32\LibOVRRT64_0_7.dll

[2016.01.29-02.18.13:431][  0]OCULUS: Error: 01/29/16 02:18:13: [CAPI] ovr_Create failed to complete within the timeout period.
[2016.01.29-02.18.13:433][  0]LogHMD: SteamVR failed to initialize.  Err: 110
[2016.01.29-02.18.13:646][  0]LogAIModule: Creating AISystem for world NewWorld
[2016.01.29-02.18.13:655][  0]LogInit: XAudio2 using 'Altavoces (Realtek High Definition Audio)' : 2 channels at 48 kHz using 32 bits per sample (channel mask 0x3)
[2016.01.29-02.18.13:691][  0]LogInit: FAudioDevice initialized.
[2016.01.29-02.18.13:758][  0]LogDerivedDataCache: Saved boot cache 0.07s 41MB C:/Users/Tonga/AppData/Local/UnrealEngine/4.9/DerivedDataCache/Boot.ddc.
[2016.01.29-02.18.13:775][  0]LogInit: Texture streaming: Enabled
[2016.01.29-02.18.13:786][  0]LogAnalytics: Creating configured Analytics provider AnalyticsET
[2016.01.29-02.18.13:786][  0]LogAnalytics: [UEEditor.Rocket.Release] APIServer = http://et2.epicgames.com/ET2/. AppVersion = 4.9.2-2707645+++depot+UE4-Releases+4.9
[2016.01.29-02.18.13:786][  0]LogAnalytics: [UEEditor.Rocket.Release] SetUserId d2bef611456171cb171d15a4a42cb182|6ac59fa8cbb647a4b14c5a548cbd3b91|31fc86a8-acb9-451a-b082-adf3974f05a6
[2016.01.29-02.18.13:786][  0]LogAnalytics: [UEEditor.Rocket.Release] AnalyticsET::StartSession
[2016.01.29-02.18.13:902][  0]LogInit: Transaction tracking system initialized
[2016.01.29-02.18.13:961][  0]BlueprintLog: New page: Editor Load
[2016.01.29-02.18.14:121][  0]LocalizationService: Info Localization service is disabled
[2016.01.29-02.18.14:283][  0]LogConsoleResponse:Display: 
[2016.01.29-02.18.14:468][  0]LogCook:Display: Done creating registry. It took  0.00s.
[2016.01.29-02.18.14:605][  0]LogFileCache: Scanning file cache for directory 'C:/Users/Tonga/Documents/Facultad/Tesis/Repositorio/proygrad_fing/Sistema de visualización/Content/' took 0.02s
[2016.01.29-02.18.14:605][  0]SourceControl: Info Source control is disabled
[2016.01.29-02.18.14:606][  0]LightingResults: New page: Lighting Build
[2016.01.29-02.18.14:616][  0]MapCheck: New page: Map Check
[2016.01.29-02.18.14:616][  0]LightingResults: New page: Lighting Build
[2016.01.29-02.18.14:649][  0]LogParticles: Destroying 0 GPU particle simulations for FXSystem 0x0000000022456160
[2016.01.29-02.18.16:345][  0]LogBlueprint:Warning: [compiler LeapBasicRiggedCharacter] Warning InputAction Event references unknown Action 'Jump' for  InputAction Jump 
[2016.01.29-02.18.16:346][  0]LogBlueprint:Warning: [compiler LeapBasicRiggedCharacter] Warning Input Axis Event references unknown Axis 'LookUpRate' for  InputAxis LookUpRate 
[2016.01.29-02.18.16:346][  0]LogBlueprint:Warning: [compiler LeapBasicRiggedCharacter] Warning Input Axis Event references unknown Axis 'TurnRate' for  InputAxis TurnRate 
[2016.01.29-02.18.16:348][  0]LogBlueprint:Warning: [compiler LeapBasicRiggedCharacter] Warning Input Axis Event references unknown Axis 'MoveForward' for  InputAxis MoveForward 
[2016.01.29-02.18.16:358][  0]LogBlueprint:Warning: [compiler LeapBasicRiggedCharacter] Warning [0011.96] Compile of LeapBasicRiggedCharacter successful, but with 4 Warning(s) [in 24 ms]
[2016.01.29-02.18.16:358][  0]LogBlueprint:Warning: [compiler LeapBasicRiggedCharacter] Warning [0011.96] Compile of LeapBasicRiggedCharacter successful, but with 5 Warning(s) [in 0 ms]
[2016.01.29-02.18.16:358][  0]LogBlueprint:Warning: [compiler LeapBasicRiggedCharacter] Warning [0011.96] Compile of LeapBasicRiggedCharacter successful, but with 6 Warning(s) [in 0 ms]
[2016.01.29-02.18.16:374][  0]LogBlueprint:Warning: [compiler LeapBasicRiggedCharacter] Warning InputAction Event references unknown Action 'Jump' for  InputAction Jump 
[2016.01.29-02.18.16:375][  0]LogBlueprint:Warning: [compiler LeapBasicRiggedCharacter] Warning Input Axis Event references unknown Axis 'LookUpRate' for  InputAxis LookUpRate 
[2016.01.29-02.18.16:375][  0]LogBlueprint:Warning: [compiler LeapBasicRiggedCharacter] Warning Input Axis Event references unknown Axis 'TurnRate' for  InputAxis TurnRate 
[2016.01.29-02.18.16:376][  0]LogBlueprint:Warning: [compiler LeapBasicRiggedCharacter] Warning Input Axis Event references unknown Axis 'MoveForward' for  InputAxis MoveForward 
[2016.01.29-02.18.16:380][  0]LogBlueprint:Warning: [compiler LeapBasicRiggedCharacter] Warning [0011.99] Compile of LeapBasicRiggedCharacter successful, but with 4 Warning(s) [in 17 ms]
[2016.01.29-02.18.16:380][  0]LogBlueprint:Warning: [compiler LeapBasicRiggedCharacter] Warning [0011.99] Compile of LeapBasicRiggedCharacter successful, but with 5 Warning(s) [in 0 ms]
[2016.01.29-02.18.16:381][  0]LogBlueprint:Warning: [compiler LeapBasicRiggedCharacter] Warning [0011.99] Compile of LeapBasicRiggedCharacter successful, but with 6 Warning(s) [in 0 ms]
[2016.01.29-02.18.17:592][  0]LogAIModule: Creating AISystem for world Minimal_Default
[2016.01.29-02.18.17:608][  0]LeapPluginLog: InterfaceObject: CameraActor_Blueprint_C_0
[2016.01.29-02.18.17:609][  0]LeapPluginLog: InterfaceObject: LeapAnimBodyConnector_C_409
[2016.01.29-02.18.17:609][  0]LeapPluginLog:Warning: Warning! More than one (2) Leap Controller Component detected! Duplication of work and output may result (inefficiency warning).
[2016.01.29-02.18.17:611][  0]LeapPluginLog: LeapController::CleanupEventData Delete Called
[2016.01.29-02.18.17:624][  0]LeapPluginLog: LeapController::CleanupEventData Delete Called
[2016.01.29-02.18.17:629][  0]LeapPluginLog: InterfaceObject: LeapAnimBodyConnector_C_411
[2016.01.29-02.18.17:630][  0]LeapPluginLog: InterfaceObject: CameraActor_Blueprint_C_0
[2016.01.29-02.18.17:630][  0]LeapPluginLog:Warning: Warning! More than one (2) Leap Controller Component detected! Duplication of work and output may result (inefficiency warning).
[2016.01.29-02.18.17:634][  0]LeapPluginLog: LeapController::CleanupEventData Delete Called
[2016.01.29-02.18.17:634][  0]LeapPluginLog: InterfaceObject: CameraActor_Blueprint_C_0
[2016.01.29-02.18.17:634][  0]LeapPluginLog:Warning: Warning! More than one (2) Leap Controller Component detected! Duplication of work and output may result (inefficiency warning).
[2016.01.29-02.18.17:635][  0]LogEditorServer: Finished looking for orphan Actors (0.000 secs)
[2016.01.29-02.18.17:636][  0]Cmd: MAP CHECKDEP NOCLEARLOG
[2016.01.29-02.18.17:814][  0]MapCheck: Info Map check complete: 0 Error(s), 0 Warning(s), took 177.443ms to complete.
[2016.01.29-02.18.17:814][  0]LogFileHelpers: Loading map 'Minimal_Default' took 3.209
[2016.01.29-02.18.17:974][  0]LogCollectionManager: Loaded 0 collections in 0.005509 seconds
[2016.01.29-02.18.18:022][  0]LogFileCache: Scanning file cache for directory 'C:/Users/Tonga/Documents/Facultad/Tesis/Repositorio/proygrad_fing/Sistema de visualización/Saved/Collections/' took 0.01s
[2016.01.29-02.18.18:022][  0]LogFileCache: Scanning file cache for directory 'C:/Users/Tonga/Documents/Facultad/Tesis/Repositorio/proygrad_fing/Sistema de visualización/Content/Developers/Tonga/Collections/' took 0.01s
[2016.01.29-02.18.18:022][  0]LogFileCache: Scanning file cache for directory 'C:/Users/Tonga/Documents/Facultad/Tesis/Repositorio/proygrad_fing/Sistema de visualización/Content/Collections/' took 0.01s
[2016.01.29-02.18.18:022][  0]LogContentBrowser: Native class hierarchy populated in 0.0130 seconds. Added 1893 classes and 337 folders.
[2016.01.29-02.18.18:033][  0]LogCollectionManager: Rebuilt the GUID cache for 0 collections in 0.000003 seconds
[2016.01.29-02.18.18:047][  0]LogContentBrowser: Native class hierarchy updated for 'WidgetCarousel' in 0.0007 seconds. Added 0 classes and 0 folders.
[2016.01.29-02.18.18:190][  0]LogContentBrowser: Native class hierarchy updated for 'AddContentDialog' in 0.0005 seconds. Added 0 classes and 0 folders.
[2016.01.29-02.18.18:198][  0]LogContentBrowser: Native class hierarchy updated for 'SceneOutliner' in 0.0006 seconds. Added 1 classes and 2 folders.
[2016.01.29-02.18.18:296][  0]LogCrashTracker: Crashtracker disabled due to settings.
[2016.01.29-02.18.18:302][  0]LogUObjectGlobals:Warning: Failed to find object 'Class None.'
[2016.01.29-02.18.18:323][  0]LogLoad: Full Startup: 13.93 seconds (BP compile: 1.11 seconds)
[2016.01.29-02.18.18:420][  0]LogContentStreaming: Texture pool size now 1000 MB
[2016.01.29-02.18.18:592][  0]LogRenderer: Reallocating scene render targets to support 1144x576 (Frame:2).
[2016.01.29-02.18.18:782][  1]LeapPluginLog: InterfaceObject: LeapAnimBodyConnector_C_412
[2016.01.29-02.18.18:782][  1]LeapPluginLog:Warning: Warning! More than one (3) Leap Controller Component detected! Duplication of work and output may result (inefficiency warning).
[2016.01.29-02.18.19:511][ 10]LogAssetRegistry: Asset discovery search completed in 7.6025 seconds
[2016.01.29-02.18.19:511][ 10]LogCollectionManager: Rebuilt the object cache for 0 collections in 0.000001 seconds (found 0 objects)
[2016.01.29-02.18.19:511][ 10]LogCollectionManager: Fixed up redirectors for 0 collections in 0.000033 seconds (updated 0 objects)
[2016.01.29-02.19.14:348][810]LogActorComponent: UnregisterComponent: (/Engine/Transient.CharMoveComp) Not registered. Aborting.
[2016.01.29-02.19.14:348][810]LogActorComponent: UnregisterComponent: (/Engine/Transient.LeapController_GEN_VARIABLE) Not registered. Aborting.
[2016.01.29-02.19.14:438][810]LeapPluginLog: LeapController::CleanupEventData Delete Called
[2016.01.29-02.19.14:458][810]LeapPluginLog: LeapController::CleanupEventData Delete Called
[2016.01.29-02.19.14:500][810]LeapPluginLog: LeapController::CleanupEventData Delete Called
[2016.01.29-02.19.14:520][810]LeapPluginLog: LeapController::CleanupEventData Delete Called
[2016.01.29-02.19.14:578][810]LeapPluginLog: LeapController::CleanupEventData Delete Called
[2016.01.29-02.19.14:611][810]LogMetaData: Removing '/Game/Blueprints/ElementoListaLuzAgregada.ElementoListaLuzAgregada:SetearTexto.K2Node_FunctionEntry_12' ref from Metadata '/Game/ElementoListaLuzAgregada.PackageMetaData'
[2016.01.29-02.19.14:611][810]LogMetaData: Removing '/Game/Blueprints/ElementoListaLuzAgregada.ElementoListaLuzAgregada_C' ref from Metadata '/Game/ElementoListaLuzAgregada.PackageMetaData'
[2016.01.29-02.19.14:611][810]LogMetaData: Removing '/Game/Blueprints/ElementoListaLuzAgregada.ElementoListaLuzAgregada:EventGraph.K2Node_Event_132' ref from Metadata '/Game/ElementoListaLuzAgregada.PackageMetaData'
[2016.01.29-02.19.14:611][810]LogMetaData: Removing '/Game/Blueprints/ElementoListaLuzAgregada.ElementoListaLuzAgregada:EventGraph.K2Node_Event_133' ref from Metadata '/Game/ElementoListaLuzAgregada.PackageMetaData'
[2016.01.29-02.19.14:611][810]LogMetaData: Removing '/Game/Blueprints/ElementoListaLuzAgregada.ElementoListaLuzAgregada:SetearCoordenadas.K2Node_FunctionEntry_54' ref from Metadata '/Game/ElementoListaLuzAgregada.PackageMetaData'
[2016.01.29-02.19.14:611][810]LogMetaData: Removing '/Game/Blueprints/ElementoListaLuzAgregada.ElementoListaLuzAgregada:SetearColor.K2Node_FunctionEntry_61' ref from Metadata '/Game/ElementoListaLuzAgregada.PackageMetaData'
[2016.01.29-02.19.14:611][810]LogMetaData: Removing '/Game/Blueprints/ElementoListaLuzAgregada.ElementoListaLuzAgregada:SetearNombreActor.K2Node_FunctionEntry_404' ref from Metadata '/Game/ElementoListaLuzAgregada.PackageMetaData'
[2016.01.29-02.19.14:611][810]LogMetaData: Removing '/Game/Blueprints/ElementoListaLuzAgregada.ElementoListaLuzAgregada:NormalizarFlotante.K2Node_FunctionEntry_297' ref from Metadata '/Game/ElementoListaLuzAgregada.PackageMetaData'
[2016.01.29-02.19.14:611][810]LogMetaData: Removing '/Game/Blueprints/ElementoListaLuzAgregada.ElementoListaLuzAgregada:SetearLuzCreada.K2Node_FunctionEntry_482' ref from Metadata '/Game/ElementoListaLuzAgregada.PackageMetaData'
[2016.01.29-02.19.14:611][810]LogMetaData: Removing '/Game/Blueprints/ElementoListaLuzAgregada.ElementoListaLuzAgregada:ObtenerLuzCreada.K2Node_FunctionEntry_27' ref from Metadata '/Game/ElementoListaLuzAgregada.PackageMetaData'
[2016.01.29-02.19.14:611][810]LogMetaData: Removing '/Game/Blueprints/ElementoListaLuzAgregada.ElementoListaLuzAgregada:ObtenerLuzCreada.K2Node_FunctionResult_1' ref from Metadata '/Game/ElementoListaLuzAgregada.PackageMetaData'
[2016.01.29-02.19.14:611][810]LogMetaData: Removing '/Game/Blueprints/ElementoListaLuzAgregada.ElementoListaLuzAgregada:EliminarActorLuz.K2Node_FunctionEntry_1394' ref from Metadata '/Game/ElementoListaLuzAgregada.PackageMetaData'
[2016.01.29-02.19.14:611][810]LogMetaData: Removing '/Game/Blueprints/ElementoListaLuzAgregada.ElementoListaLuzAgregada:SetearPanelLuces.K2Node_FunctionEntry_775' ref from Metadata '/Game/ElementoListaLuzAgregada.PackageMetaData'
[2016.01.29-02.19.14:611][810]LogMetaData: Removing '/Game/Blueprints/ElementoListaLuzAgregada.ElementoListaLuzAgregada:ObtenerModeloLuz.K2Node_FunctionResult_1' ref from Metadata '/Game/ElementoListaLuzAgregada.PackageMetaData'
[2016.01.29-02.19.14:611][810]LogMetaData: Removing '/Game/Blueprints/ElementoListaLuzAgregada.ElementoListaLuzAgregada:ObtenerModeloLuz.K2Node_FunctionEntry_347' ref from Metadata '/Game/ElementoListaLuzAgregada.PackageMetaData'
[2016.01.29-02.19.14:611][810]LogMetaData: Removing '/Game/Blueprints/ElementoListaLuzAgregada.ElementoListaLuzAgregada:SetearModeloLuz.K2Node_FunctionEntry_310' ref from Metadata '/Game/ElementoListaLuzAgregada.PackageMetaData'
[2016.01.29-02.19.14:611][810]LogMetaData: Removing '/Game/Blueprints/ElementoListaLuzAgregada.SKEL_ElementoListaLuzAgregada_C' ref from Metadata '/Game/ElementoListaLuzAgregada.PackageMetaData'
[2016.01.29-02.19.14:895][810]LogSavePackage: Save=221.337418ms
[2016.01.29-02.19.14:896][810]LogSavePackage: Moving '../../../../../../Users/Tonga/Documents/Facultad/Tesis/Repositorio/proygrad_fing/Sistema de visualización/Saved/ElementoListaLuzAgregada3B067773400A72DCA0C64B96C8FABB81.tmp' to '../../../../../../Users/Tonga/Documents/Facultad/Tesis/Repositorio/proygrad_fing/Sistema de visualización/Content/Blueprints/ElementoListaLuzAgregada.uasset'
[2016.01.29-02.19.14:900][810]LogSavePackage: Total save time: 226.393204ms
[2016.01.29-02.19.14:900][810]LogSavePackage:Warning: Finished SavePackage ../../../../../../Users/Tonga/Documents/Facultad/Tesis/Repositorio/proygrad_fing/Sistema de visualización/Content/Blueprints/ElementoListaLuzAgregada.uasset
[2016.01.29-02.19.15:139][810]Cmd: OBJ SAVEPACKAGE PACKAGE="/Game/PanelLuces" FILE="../../../../../../Users/Tonga/Documents/Facultad/Tesis/Repositorio/proygrad_fing/Sistema de visualización/Content/PanelLuces.uasset" SILENT=true
[2016.01.29-02.19.15:656][810]LogSavePackage: Save=483.282288ms
[2016.01.29-02.19.15:656][810]LogSavePackage: Moving '../../../../../../Users/Tonga/Documents/Facultad/Tesis/Repositorio/proygrad_fing/Sistema de visualización/Saved/PanelLucesE4ED3BBF4E74EFA799F61EBB7358023C.tmp' to '../../../../../../Users/Tonga/Documents/Facultad/Tesis/Repositorio/proygrad_fing/Sistema de visualización/Content/PanelLuces.uasset'
[2016.01.29-02.19.15:660][810]LogSavePackage: Total save time: 518.788941ms
[2016.01.29-02.19.15:660][810]LogSavePackage:Warning: Finished SavePackage ../../../../../../Users/Tonga/Documents/Facultad/Tesis/Repositorio/proygrad_fing/Sistema de visualización/Content/PanelLuces.uasset
[2016.01.29-02.19.15:698][810]LeapPluginLog: InterfaceObject: LeapAnimBodyConnector_C_413
[2016.01.29-02.19.15:698][810]LeapPluginLog:Warning: Warning! More than one (4) Leap Controller Component detected! Duplication of work and output may result (inefficiency warning).
[2016.01.29-02.19.25:343][512]LogBlueprint:Warning: [compiler BP_Commentary_Box] Warning  Set Text (String)  is deprecated; Use the SetText function taking an FText instead.
[2016.01.29-02.19.25:356][512]LogBlueprint:Warning: [compiler BP_Commentary_Box] Warning  Set Text (String)  is deprecated; Use the SetText function taking an FText instead.
[2016.01.29-02.19.25:371][512]LogBlueprint:Warning: [compiler BP_Commentary_Box] Warning [0080.98] Compile of BP_Commentary_Box successful, but with 2 Warning(s) [in 60 ms]
[2016.01.29-02.19.25:371][512]LogBlueprint:Warning: [compiler BP_Commentary_Box] Warning [0080.98] Compile of BP_Commentary_Box successful, but with 3 Warning(s) [in 0 ms]
[2016.01.29-02.19.25:371][512]LogBlueprint:Warning: [compiler BP_Commentary_Box] Warning [0080.98] Compile of BP_Commentary_Box successful, but with 4 Warning(s) [in 0 ms]
[2016.01.29-02.19.25:417][512]LogBlueprint:Warning: [compiler BP_Commentary_Box] Warning  Set Text (String)  is deprecated; Use the SetText function taking an FText instead.
[2016.01.29-02.19.25:428][512]LogBlueprint:Warning: [compiler BP_Commentary_Box] Warning  Set Text (String)  is deprecated; Use the SetText function taking an FText instead.
[2016.01.29-02.19.25:441][512]LogBlueprint:Warning: [compiler BP_Commentary_Box] Warning [0081.05] Compile of BP_Commentary_Box successful, but with 2 Warning(s) [in 55 ms]
[2016.01.29-02.19.25:441][512]LogBlueprint:Warning: [compiler BP_Commentary_Box] Warning [0081.05] Compile of BP_Commentary_Box successful, but with 3 Warning(s) [in 0 ms]
[2016.01.29-02.19.25:441][512]LogBlueprint:Warning: [compiler BP_Commentary_Box] Warning [0081.05] Compile of BP_Commentary_Box successful, but with 4 Warning(s) [in 0 ms]
[2016.01.29-02.19.25:662][512]LoadErrors:Error: Error /Game/Blueprints/ElementoListaLuzAgregada : Failed import for ObjectProperty /Game/Blueprints/Lightbulb.Lightbulb_C:StaticMesh
[2016.01.29-02.19.31:170][116]LogActorComponent: UnregisterComponent: (/Engine/Transient.CharMoveComp) Not registered. Aborting.
[2016.01.29-02.19.31:170][116]LogActorComponent: UnregisterComponent: (/Engine/Transient.LeapController_GEN_VARIABLE) Not registered. Aborting.
[2016.01.29-02.19.31:225][116]LeapPluginLog: LeapController::CleanupEventData Delete Called
[2016.01.29-02.19.31:249][116]LogMetaData: Removing '/Game/Blueprints/Light_Source_Blueprint.Light_Source_Blueprint:UserConstructionScript.K2Node_FunctionEntry_288' ref from Metadata '/Game/Light_Source_Blueprint.PackageMetaData'
[2016.01.29-02.19.31:249][116]LogMetaData: Removing '/Game/Blueprints/Light_Source_Blueprint.Light_Source_Blueprint_C' ref from Metadata '/Game/Light_Source_Blueprint.PackageMetaData'
[2016.01.29-02.19.31:249][116]LogMetaData: Removing '/Game/Blueprints/Light_Source_Blueprint.Light_Source_Blueprint:EventGraph.K2Node_Event_308' ref from Metadata '/Game/Light_Source_Blueprint.PackageMetaData'
[2016.01.29-02.19.31:249][116]LogMetaData: Removing '/Game/Blueprints/Light_Source_Blueprint.Light_Source_Blueprint:EventGraph.K2Node_Event_309' ref from Metadata '/Game/Light_Source_Blueprint.PackageMetaData'
[2016.01.29-02.19.31:249][116]LogMetaData: Removing '/Game/Blueprints/Light_Source_Blueprint.SKEL_Light_Source_Blueprint_C' ref from Metadata '/Game/Light_Source_Blueprint.PackageMetaData'
[2016.01.29-02.19.31:589][116]LogMetaData: Removing '/Game/Blueprints/PanelLuces.PanelLuces_C' ref from Metadata '/Game/PanelLuces.PackageMetaData'
[2016.01.29-02.19.31:589][116]LogMetaData: Removing '/Game/Blueprints/PanelLuces.PanelLuces:EventGraph.K2Node_Event_0' ref from Metadata '/Game/PanelLuces.PackageMetaData'
[2016.01.29-02.19.31:589][116]LogMetaData: Removing '/Game/Blueprints/PanelLuces.PanelLuces:EventGraph.K2Node_Event_1' ref from Metadata '/Game/PanelLuces.PackageMetaData'
[2016.01.29-02.19.31:589][116]LogMetaData: Removing '/Game/Blueprints/PanelLuces.PanelLuces:SetearLineaLuzAgregadaEditando.K2Node_FunctionEntry_1442' ref from Metadata '/Game/PanelLuces.PackageMetaData'
[2016.01.29-02.19.31:589][116]LogMetaData: Removing '/Game/Blueprints/PanelLuces.PanelLuces:EditarLuz.K2Node_FunctionEntry_684' ref from Metadata '/Game/PanelLuces.PackageMetaData'
[2016.01.29-02.19.31:589][116]LogMetaData: Removing '/Game/Blueprints/PanelLuces.PanelLuces:CrearLuz.K2Node_FunctionEntry_1307' ref from Metadata '/Game/PanelLuces.PackageMetaData'
[2016.01.29-02.19.31:589][116]LogMetaData: Removing '/Game/Blueprints/PanelLuces.PanelLuces:AgregarLineaListaLuces.K2Node_FunctionEntry_1270' ref from Metadata '/Game/PanelLuces.PackageMetaData'
[2016.01.29-02.19.31:589][116]LogMetaData: Removing '/Game/Blueprints/PanelLuces.PanelLuces:DesplegarPanel.K2Node_FunctionEntry_291' ref from Metadata '/Game/PanelLuces.PackageMetaData'
[2016.01.29-02.19.31:589][116]LogMetaData: Removing '/Game/Blueprints/PanelLuces.SKEL_PanelLuces_C' ref from Metadata '/Game/PanelLuces.PackageMetaData'
[2016.01.29-02.19.31:719][116]LogMetaData: Removing '/Game/Blueprints/PanelMenuOpciones.PanelMenuOpciones_C' ref from Metadata '/Game/PanelMenuOpciones.PackageMetaData'
[2016.01.29-02.19.31:720][116]LogMetaData: Removing '/Game/Blueprints/PanelMenuOpciones.PanelMenuOpciones:EventGraph.K2Node_Event_347' ref from Metadata '/Game/PanelMenuOpciones.PackageMetaData'
[2016.01.29-02.19.31:720][116]LogMetaData: Removing '/Game/Blueprints/PanelMenuOpciones.PanelMenuOpciones:EventGraph.K2Node_Event_348' ref from Metadata '/Game/PanelMenuOpciones.PackageMetaData'
[2016.01.29-02.19.31:720][116]LogMetaData: Removing '/Game/Blueprints/PanelMenuOpciones.PanelMenuOpciones:SetearPaneles.K2Node_FunctionEntry_239' ref from Metadata '/Game/PanelMenuOpciones.PackageMetaData'
[2016.01.29-02.19.31:720][116]LogMetaData: Removing '/Game/Blueprints/PanelMenuOpciones.SKEL_PanelMenuOpciones_C' ref from Metadata '/Game/PanelMenuOpciones.PackageMetaData'
[2016.01.29-02.19.31:846][116]LogMetaData: Removing '/Game/Blueprints/PanelUbicacionesFavoritas.PanelUbicacionesFavoritas_C' ref from Metadata '/Game/PanelUbicacionesFavoritas.PackageMetaData'
[2016.01.29-02.19.31:846][116]LogMetaData: Removing '/Game/Blueprints/PanelUbicacionesFavoritas.PanelUbicacionesFavoritas:EventGraph.K2Node_Event_169' ref from Metadata '/Game/PanelUbicacionesFavoritas.PackageMetaData'
[2016.01.29-02.19.31:846][116]LogMetaData: Removing '/Game/Blueprints/PanelUbicacionesFavoritas.PanelUbicacionesFavoritas:EventGraph.K2Node_Event_170' ref from Metadata '/Game/PanelUbicacionesFavoritas.PackageMetaData'
[2016.01.29-02.19.31:846][116]LogMetaData: Removing '/Game/Blueprints/PanelUbicacionesFavoritas.PanelUbicacionesFavoritas:DesplegarPanel.K2Node_FunctionEntry_401' ref from Metadata '/Game/PanelUbicacionesFavoritas.PackageMetaData'
[2016.01.29-02.19.31:846][116]LogMetaData: Removing '/Game/Blueprints/PanelUbicacionesFavoritas.SKEL_PanelUbicacionesFavoritas_C' ref from Metadata '/Game/PanelUbicacionesFavoritas.PackageMetaData'
[2016.01.29-02.19.31:910][116]LogSavePackage: Save=21.595798ms
[2016.01.29-02.19.31:910][116]LogSavePackage: Moving '../../../../../../Users/Tonga/Documents/Facultad/Tesis/Repositorio/proygrad_fing/Sistema de visualización/Saved/Light_Source_BlueprintE4584ACF4ED783D0BF6A32A9F935E9B0.tmp' to '../../../../../../Users/Tonga/Documents/Facultad/Tesis/Repositorio/proygrad_fing/Sistema de visualización/Content/Blueprints/Light_Source_Blueprint.uasset'
[2016.01.29-02.19.31:914][116]LogSavePackage: Total save time: 28.966699ms
[2016.01.29-02.19.31:914][116]LogSavePackage:Warning: Finished SavePackage ../../../../../../Users/Tonga/Documents/Facultad/Tesis/Repositorio/proygrad_fing/Sistema de visualización/Content/Blueprints/Light_Source_Blueprint.uasset
[2016.01.29-02.19.31:953][116]LogSavePackage: Save=8.615155ms
[2016.01.29-02.19.31:953][116]LogSavePackage: Moving '../../../../../../Users/Tonga/Documents/Facultad/Tesis/Repositorio/proygrad_fing/Sistema de visualización/Saved/Light_Source_BlueprintDCB696B44A5BB0D2B68298B642583292.tmp' to '../../../../../../Users/Tonga/Documents/Facultad/Tesis/Repositorio/proygrad_fing/Sistema de visualización/Content/Light_Source_Blueprint.uasset'
[2016.01.29-02.19.31:958][116]LogSavePackage: Total save time: 26.685007ms
[2016.01.29-02.19.31:958][116]LogSavePackage:Warning: Finished SavePackage ../../../../../../Users/Tonga/Documents/Facultad/Tesis/Repositorio/proygrad_fing/Sistema de visualización/Content/Light_Source_Blueprint.uasset
[2016.01.29-02.19.32:629][116]LogSavePackage: Save=645.019775ms
[2016.01.29-02.19.32:629][116]LogSavePackage: Moving '../../../../../../Users/Tonga/Documents/Facultad/Tesis/Repositorio/proygrad_fing/Sistema de visualización/Saved/PanelLuces4CFE330B42588F94F6147F988A59665E.tmp' to '../../../../../../Users/Tonga/Documents/Facultad/Tesis/Repositorio/proygrad_fing/Sistema de visualización/Content/Blueprints/PanelLuces.uasset'
[2016.01.29-02.19.32:635][116]LogSavePackage: Total save time: 650.644101ms
[2016.01.29-02.19.32:635][116]LogSavePackage:Warning: Finished SavePackage ../../../../../../Users/Tonga/Documents/Facultad/Tesis/Repositorio/proygrad_fing/Sistema de visualización/Content/Blueprints/PanelLuces.uasset
[2016.01.29-02.19.32:661][116]Cmd: OBJ SAVEPACKAGE PACKAGE="/Game/PanelLuces" FILE="../../../../../../Users/Tonga/Documents/Facultad/Tesis/Repositorio/proygrad_fing/Sistema de visualización/Content/PanelLuces.uasset" SILENT=true
[2016.01.29-02.19.32:679][116]LogSavePackage: Save=4.290370ms
[2016.01.29-02.19.32:679][116]LogSavePackage: Moving '../../../../../../Users/Tonga/Documents/Facultad/Tesis/Repositorio/proygrad_fing/Sistema de visualización/Saved/PanelLucesA62174784A8B55D6DA525C8A74FD4FC0.tmp' to '../../../../../../Users/Tonga/Documents/Facultad/Tesis/Repositorio/proygrad_fing/Sistema de visualización/Content/PanelLuces.uasset'
[2016.01.29-02.19.32:684][116]LogSavePackage: Total save time: 20.982936ms
[2016.01.29-02.19.32:684][116]LogSavePackage:Warning: Finished SavePackage ../../../../../../Users/Tonga/Documents/Facultad/Tesis/Repositorio/proygrad_fing/Sistema de visualización/Content/PanelLuces.uasset
[2016.01.29-02.19.32:783][116]LogSavePackage: Save=81.482277ms
[2016.01.29-02.19.32:783][116]LogSavePackage: Moving '../../../../../../Users/Tonga/Documents/Facultad/Tesis/Repositorio/proygrad_fing/Sistema de visualización/Saved/PanelMenuOpciones2F09C4FD40323AE8BD8DB98E29D38685.tmp' to '../../../../../../Users/Tonga/Documents/Facultad/Tesis/Repositorio/proygrad_fing/Sistema de visualización/Content/Blueprints/PanelMenuOpciones.uasset'
[2016.01.29-02.19.32:789][116]LogSavePackage: Total save time: 88.197298ms
[2016.01.29-02.19.32:789][116]LogSavePackage:Warning: Finished SavePackage ../../../../../../Users/Tonga/Documents/Facultad/Tesis/Repositorio/proygrad_fing/Sistema de visualización/Content/Blueprints/PanelMenuOpciones.uasset
[2016.01.29-02.19.32:821][116]LogSavePackage: Save=3.774797ms
[2016.01.29-02.19.32:821][116]LogSavePackage: Moving '../../../../../../Users/Tonga/Documents/Facultad/Tesis/Repositorio/proygrad_fing/Sistema de visualización/Saved/PanelMenuOpciones1DECFC294DA778D69423ED93201C73DF.tmp' to '../../../../../../Users/Tonga/Documents/Facultad/Tesis/Repositorio/proygrad_fing/Sistema de visualización/Content/PanelMenuOpciones.uasset'
[2016.01.29-02.19.32:825][116]LogSavePackage: Total save time: 21.867815ms
[2016.01.29-02.19.32:825][116]LogSavePackage:Warning: Finished SavePackage ../../../../../../Users/Tonga/Documents/Facultad/Tesis/Repositorio/proygrad_fing/Sistema de visualización/Content/PanelMenuOpciones.uasset
[2016.01.29-02.19.32:899][116]LogSavePackage: Save=54.480583ms
[2016.01.29-02.19.32:899][116]LogSavePackage: Moving '../../../../../../Users/Tonga/Documents/Facultad/Tesis/Repositorio/proygrad_fing/Sistema de visualización/Saved/PanelUbicacionesFavoritasBBEF44614F47331DE522EF8550D7261E.tmp' to '../../../../../../Users/Tonga/Documents/Facultad/Tesis/Repositorio/proygrad_fing/Sistema de visualización/Content/Blueprints/PanelUbicacionesFavoritas.uasset'
[2016.01.29-02.19.32:904][116]LogSavePackage: Total save time: 60.993075ms
[2016.01.29-02.19.32:904][116]LogSavePackage:Warning: Finished SavePackage ../../../../../../Users/Tonga/Documents/Facultad/Tesis/Repositorio/proygrad_fing/Sistema de visualización/Content/Blueprints/PanelUbicacionesFavoritas.uasset
[2016.01.29-02.19.32:939][116]LogSavePackage: Save=4.117299ms
[2016.01.29-02.19.32:939][116]LogSavePackage: Moving '../../../../../../Users/Tonga/Documents/Facultad/Tesis/Repositorio/proygrad_fing/Sistema de visualización/Saved/PanelUbicacionesFavoritasF48D819F464B01A337AD829B6D15BDA5.tmp' to '../../../../../../Users/Tonga/Documents/Facultad/Tesis/Repositorio/proygrad_fing/Sistema de visualización/Content/PanelUbicacionesFavoritas.uasset'
[2016.01.29-02.19.32:942][116]LogSavePackage: Total save time: 22.174247ms
[2016.01.29-02.19.32:942][116]LogSavePackage:Warning: Finished SavePackage ../../../../../../Users/Tonga/Documents/Facultad/Tesis/Repositorio/proygrad_fing/Sistema de visualización/Content/PanelUbicacionesFavoritas.uasset
[2016.01.29-02.19.32:979][116]LeapPluginLog: InterfaceObject: LeapAnimBodyConnector_C_414
[2016.01.29-02.19.32:979][116]LeapPluginLog:Warning: Warning! More than one (5) Leap Controller Component detected! Duplication of work and output may result (inefficiency warning).
[2016.01.29-02.19.47:357][179]LogLinker:Warning: Asset '../../../Engine/Content/ArtTools/RenderToTexture/Macros/RenderToTextureMacros.uasset' has been saved with empty engine version. The asset will be loaded but may be incompatible.
[2016.01.29-02.19.48:181][179]LogContentBrowser: Native class hierarchy updated for 'BlueprintGraph' in 0.0012 seconds. Added 107 classes and 0 folders.
[2016.01.29-02.20.26:825][562]LogActorComponent: UnregisterComponent: (/Engine/Transient.CharMoveComp) Not registered. Aborting.
[2016.01.29-02.20.26:825][562]LogActorComponent: UnregisterComponent: (/Engine/Transient.LeapController_GEN_VARIABLE) Not registered. Aborting.
[2016.01.29-02.20.26:892][562]LeapPluginLog: LeapController::CleanupEventData Delete Called
[2016.01.29-02.20.27:128][562]LogSavePackage: Save=205.263672ms
[2016.01.29-02.20.27:128][562]LogSavePackage: Moving '../../../../../../Users/Tonga/Documents/Facultad/Tesis/Repositorio/proygrad_fing/Sistema de visualización/Saved/Minimal_Default60AC936645F43B78C7C5038D8D130EF0.tmp' to '../../../../../../Users/Tonga/Documents/Facultad/Tesis/Repositorio/proygrad_fing/Sistema de visualización/Content/StarterContent/Maps/Minimal_Default.umap'
[2016.01.29-02.20.27:133][562]LogSavePackage: Total save time: 222.980101ms
[2016.01.29-02.20.27:133][562]LogSavePackage:Warning: Finished SavePackage ../../../../../../Users/Tonga/Documents/Facultad/Tesis/Repositorio/proygrad_fing/Sistema de visualización/Content/StarterContent/Maps/Minimal_Default.umap
[2016.01.29-02.20.29:757][762]Cmd: QUIT_EDITOR
[2016.01.29-02.20.30:310][762]LogExit: Preparing to exit.
[2016.01.29-02.20.30:848][762]LeapPluginLog: LeapController::CleanupEventData Delete Called
[2016.01.29-02.20.30:848][762]LeapPluginLog: LeapController::CleanupEventData Delete Called
[2016.01.29-02.20.30:848][762]LeapPluginLog: LeapController::CleanupEventData Delete Called
[2016.01.29-02.20.30:913][762]LeapPluginLog: LeapController::CleanupEventData Delete Called
[2016.01.29-02.20.30:913][762]LeapPluginLog: LeapController::CleanupEventData Delete Called
[2016.01.29-02.20.30:953][762]LogExit: Editor shut down
[2016.01.29-02.20.30:953][762]LogExit: Transaction tracking system shut down
[2016.01.29-02.20.30:967][762]LogParticles: Destroying 0 GPU particle simulations for FXSystem 0x000000002C8394E0
[2016.01.29-02.20.30:968][762]LogParticles: Destroying 0 GPU particle simulations for FXSystem 0x000000003364C900
[2016.01.29-02.20.30:968][762]LogParticles: Destroying 0 GPU particle simulations for FXSystem 0x000000002D018400
[2016.01.29-02.20.30:969][762]LogParticles: Destroying 0 GPU particle simulations for FXSystem 0x0000000034105B20
[2016.01.29-02.20.30:969][762]LogParticles: Destroying 0 GPU particle simulations for FXSystem 0x00000000341059E0
[2016.01.29-02.20.30:975][762]LogParticles: Destroying 0 GPU particle simulations for FXSystem 0x0000000011AF3D80
[2016.01.29-02.20.31:009][762]LeapPluginLog: LeapController::CleanupEventData Delete Called
[2016.01.29-02.20.31:040][762]LeapPluginLog: LeapController::CleanupEventData Delete Called
[2016.01.29-02.20.31:112][762]LeapPluginLog: LeapController::CleanupEventData Delete Called
[2016.01.29-02.20.31:638][762]LogExit: Object subsystem successfully closed.
[2016.01.29-02.20.31:655][762]LogD3D11RHI: Shutdown
[2016.01.29-02.20.31:655][762]LogD3D11RHI: CleanupD3DDevice
[2016.01.29-02.20.31:836][762]LogD3D11RHI: ~FD3D11DynamicRHI
[2016.01.29-02.20.31:877][762]LogModuleManager: Shutting down and abandoning module BlueprintGraph (199)
[2016.01.29-02.20.31:877][762]LogModuleManager: Shutting down and abandoning module CrashTracker (198)
[2016.01.29-02.20.31:877][762]LogModuleManager: Shutting down and abandoning module SceneOutliner (197)
[2016.01.29-02.20.31:877][762]LogModuleManager: Shutting down and abandoning module SuperSearch (196)
[2016.01.29-02.20.31:877][762]LogModuleManager: Shutting down and abandoning module WidgetCarousel (195)
[2016.01.29-02.20.31:877][762]LogModuleManager: Shutting down and abandoning module AddContentDialog (194)
[2016.01.29-02.20.31:881][762]LogModuleManager: Shutting down and abandoning module EditorWidgets (193)
[2016.01.29-02.20.31:881][762]LogModuleManager: Shutting down and abandoning module CollectionManager (192)
[2016.01.29-02.20.31:882][762]LogModuleManager: Shutting down and abandoning module StatsViewer (191)
[2016.01.29-02.20.31:882][762]LogModuleManager: Shutting down and abandoning module FoliageEdit (190)
[2016.01.29-02.20.31:882][762]LogModuleManager: Shutting down and abandoning module LandscapeEditor (189)
[2016.01.29-02.20.31:882][762]LogModuleManager: Shutting down and abandoning module ActorPickerMode (188)
[2016.01.29-02.20.31:882][762]LogModuleManager: Shutting down and abandoning module GeometryMode (187)
[2016.01.29-02.20.31:882][762]LogModuleManager: Shutting down and abandoning module TextureAlignMode (186)
[2016.01.29-02.20.31:882][762]LogModuleManager: Shutting down and abandoning module BspMode (185)
[2016.01.29-02.20.31:882][762]LogModuleManager: Shutting down and abandoning module PlacementMode (184)
[2016.01.29-02.20.31:883][762]LogModuleManager: Shutting down and abandoning module AutomationWorker (183)
[2016.01.29-02.20.31:883][762]LogModuleManager: Shutting down and abandoning module CharacterAI (182)
[2016.01.29-02.20.31:883][762]LogModuleManager: Shutting down and abandoning module SmartSnapping (181)
[2016.01.29-02.20.31:883][762]LogModuleManager: Shutting down and abandoning module ViewportSnapping (180)
[2016.01.29-02.20.31:883][762]LogModuleManager: Shutting down and abandoning module LogVisualizer (179)
[2016.01.29-02.20.31:883][762]LogModuleManager: Shutting down and abandoning module GameProjectGeneration (178)
[2016.01.29-02.20.31:883][762]LogModuleManager: Shutting down and abandoning module IntroTutorials (177)
[2016.01.29-02.20.31:883][762]LogModuleManager: Shutting down and abandoning module EditorLiveStreaming (176)
[2016.01.29-02.20.31:883][762]LogModuleManager: Shutting down and abandoning module IOSPlatformEditor (175)
[2016.01.29-02.20.31:883][762]LogModuleManager: Shutting down and abandoning module HTML5PlatformEditor (174)
[2016.01.29-02.20.31:883][762]LogModuleManager: Shutting down and abandoning module AndroidDeviceDetection (173)
[2016.01.29-02.20.32:214][762]LogModuleManager: Shutting down and abandoning module AndroidPlatformEditor (172)
[2016.01.29-02.20.32:214][762]LogModuleManager: Shutting down and abandoning module IOSRuntimeSettings (171)
[2016.01.29-02.20.32:214][762]LogModuleManager: Shutting down and abandoning module AndroidRuntimeSettings (170)
[2016.01.29-02.20.32:214][762]LogModuleManager: Shutting down and abandoning module MergeActors (169)
[2016.01.29-02.20.32:214][762]LogModuleManager: Shutting down and abandoning module SizeMap (168)
[2016.01.29-02.20.32:214][762]LogModuleManager: Shutting down and abandoning module TreeMap (167)
[2016.01.29-02.20.32:214][762]LogModuleManager: Shutting down and abandoning module ReferenceViewer (166)
[2016.01.29-02.20.32:214][762]LogModuleManager: Shutting down and abandoning module LocalizationService (165)
[2016.01.29-02.20.32:214][762]LogModuleManager: Shutting down and abandoning module LocalizationDashboard (164)
[2016.01.29-02.20.32:214][762]LogModuleManager: Shutting down and abandoning module HardwareTargeting (163)
[2016.01.29-02.20.32:214][762]LogModuleManager: Shutting down and abandoning module DeviceProfileEditor (162)
[2016.01.29-02.20.32:214][762]LogModuleManager: Shutting down and abandoning module UndoHistory (161)
[2016.01.29-02.20.32:215][762]LogModuleManager: Shutting down and abandoning module GameplayTagsEditor (160)
[2016.01.29-02.20.32:215][762]LogModuleManager: Shutting down and abandoning module UserFeedback (159)
[2016.01.29-02.20.32:215][762]LogModuleManager: Shutting down and abandoning module XmlParser (158)
[2016.01.29-02.20.32:215][762]LogModuleManager: Shutting down and abandoning module Blutility (157)
[2016.01.29-02.20.32:215][762]LogModuleManager: Shutting down and abandoning module ProjectTargetPlatformEditor (156)
[2016.01.29-02.20.32:215][762]LogModuleManager: Shutting down and abandoning module ProjectSettingsViewer (155)
[2016.01.29-02.20.32:215][762]LogModuleManager: Shutting down and abandoning module InputBindingEditor (154)
[2016.01.29-02.20.32:215][762]LogModuleManager: Shutting down and abandoning module EditorSettingsViewer (153)
[2016.01.29-02.20.32:215][762]LogModuleManager: Shutting down and abandoning module SettingsEditor (152)
[2016.01.29-02.20.32:215][762]LogModuleManager: Shutting down and abandoning module ProjectLauncher (151)
[2016.01.29-02.20.32:215][762]LogModuleManager: Shutting down and abandoning module SessionFrontend (150)
[2016.01.29-02.20.32:215][762]LogModuleManager: Shutting down and abandoning module ProfilerClient (149)
[2016.01.29-02.20.32:215][762]LogModuleManager: Shutting down and abandoning module TargetDeviceServices (148)
[2016.01.29-02.20.32:215][762]LogModuleManager: Shutting down and abandoning module DeviceManager (147)
[2016.01.29-02.20.32:216][762]LogModuleManager: Shutting down and abandoning module AutomationController (146)
[2016.01.29-02.20.32:216][762]LogModuleManager: Shutting down and abandoning module AutomationWindow (145)
[2016.01.29-02.20.32:216][762]LogModuleManager: Shutting down and abandoning module Layers (144)
[2016.01.29-02.20.32:216][762]LogModuleManager: Shutting down and abandoning module ComponentVisualizers (143)
[2016.01.29-02.20.32:216][762]LogModuleManager: Shutting down and abandoning module DetailCustomizations (142)
[2016.01.29-02.20.32:216][762]LogModuleManager: Shutting down and abandoning module PackagesDialog (141)
[2016.01.29-02.20.32:216][762]LogModuleManager: Shutting down and abandoning module Persona (140)
[2016.01.29-02.20.32:216][762]LogModuleManager: Shutting down and abandoning module Kismet (139)
[2016.01.29-02.20.32:216][762]LogModuleManager: Shutting down and abandoning module GraphEditor (138)
[2016.01.29-02.20.32:216][762]LogModuleManager: Shutting down and abandoning module ClassViewer (137)
[2016.01.29-02.20.32:216][762]LogModuleManager: Shutting down and abandoning module Toolbox (136)
[2016.01.29-02.20.32:216][762]LogModuleManager: Shutting down and abandoning module ModuleUI (135)
[2016.01.29-02.20.32:216][762]LogModuleManager: Shutting down and abandoning module MovieSceneTools (134)
[2016.01.29-02.20.32:216][762]LogModuleManager: Shutting down and abandoning module OutputLog (133)
[2016.01.29-02.20.32:216][762]LogModuleManager: Shutting down and abandoning module GammaUI (132)
[2016.01.29-02.20.32:216][762]LogModuleManager: Shutting down and abandoning module Documentation (131)
[2016.01.29-02.20.32:216][762]LogModuleManager: Shutting down and abandoning module GameLiveStreaming (130)
[2016.01.29-02.20.32:216][762]LogModuleManager: Shutting down and abandoning module StreamingPauseRendering (129)
[2016.01.29-02.20.32:216][762]LogModuleManager: Shutting down and abandoning module AnalyticsET (128)
[2016.01.29-02.20.32:216][762]LogModuleManager: Shutting down and abandoning module Analytics (127)
[2016.01.29-02.20.32:216][762]LogModuleManager: Shutting down and abandoning module AITestSuite (126)
[2016.01.29-02.20.32:216][762]LogModuleManager: Shutting down and abandoning module GameplayDebugger (125)
[2016.01.29-02.20.32:216][762]LogModuleManager: Shutting down and abandoning module AIModule (124)
[2016.01.29-02.20.32:216][762]LogModuleManager: Shutting down and abandoning module ProfilerService (123)
[2016.01.29-02.20.32:456][762]LogModuleManager: Shutting down and abandoning module TaskGraph (122)
[2016.01.29-02.20.32:456][762]LogModuleManager: Shutting down and abandoning module LeapMotion (121)
[2016.01.29-02.20.32:481][762]LogModuleManager: Shutting down and abandoning module SlateRemote (120)
[2016.01.29-02.20.32:481][762]LogModuleManager: Shutting down and abandoning module SteamVRController (119)
[2016.01.29-02.20.32:481][762]LogModuleManager: Shutting down and abandoning module SteamVR (118)
[2016.01.29-02.20.32:481][762]LogModuleManager: Shutting down and abandoning module ProceduralMeshComponent (117)
[2016.01.29-02.20.32:481][762]LogModuleManager: Shutting down and abandoning module OculusRift (116)
[2016.01.29-02.20.32:481][762]LogModuleManager: Shutting down and abandoning module OculusLibrary (115)
[2016.01.29-02.20.32:481][762]LogModuleManager: Shutting down and abandoning module LeapMotionController (114)
[2016.01.29-02.20.32:504][762]LogModuleManager: Shutting down and abandoning module CustomMeshComponent (113)
[2016.01.29-02.20.32:504][762]LogModuleManager: Shutting down and abandoning module CableComponent (112)
[2016.01.29-02.20.32:504][762]LogModuleManager: Shutting down and abandoning module ArchVisCharacter (111)
[2016.01.29-02.20.32:504][762]LogModuleManager: Shutting down and abandoning module MessagingDebugger (110)
[2016.01.29-02.20.32:505][762]LogModuleManager: Shutting down and abandoning module MediaPlayerEditor (109)
[2016.01.29-02.20.32:505][762]LogModuleManager: Shutting down and abandoning module HTML5Networking (108)
[2016.01.29-02.20.32:505][762]LogModuleManager: Shutting down and abandoning module SpeedTreeImporter (107)
[2016.01.29-02.20.32:505][762]LogModuleManager: Shutting down and abandoning module PluginBrowser (106)
[2016.01.29-02.20.32:505][762]LogModuleManager: Shutting down and abandoning module EpicSurvey (105)
[2016.01.29-02.20.32:505][762]LogModuleManager: Shutting down and abandoning module DesktopPlatform (104)
[2016.01.29-02.20.32:505][762]LogModuleManager: Shutting down and abandoning module VisualStudioSourceCodeAccess (103)
[2016.01.29-02.20.32:505][762]LogModuleManager: Shutting down and abandoning module UObjectPlugin (102)
[2016.01.29-02.20.32:505][762]LogModuleManager: Shutting down and abandoning module SubversionSourceControl (101)
[2016.01.29-02.20.32:505][762]LogModuleManager: Shutting down and abandoning module PerforceSourceControl (100)
[2016.01.29-02.20.32:505][762]LogModuleManager: Shutting down and abandoning module SourceControl (99)
[2016.01.29-02.20.32:505][762]LogModuleManager: Shutting down and abandoning module GitSourceControl (98)
[2016.01.29-02.20.32:505][762]LogModuleManager: Shutting down and abandoning module LightPropagationVolumeEditor (97)
[2016.01.29-02.20.32:505][762]LogModuleManager: Shutting down and abandoning module PaperTiledImporter (96)
[2016.01.29-02.20.32:505][762]LogModuleManager: Shutting down and abandoning module PaperSpriteSheetImporter (95)
[2016.01.29-02.20.32:505][762]LogModuleManager: Shutting down and abandoning module MeshPaint (94)
[2016.01.29-02.20.32:505][762]LogModuleManager: Shutting down and abandoning module SlateReflector (93)
[2016.01.29-02.20.32:505][762]LogModuleManager: Shutting down and abandoning module HotReload (92)
[2016.01.29-02.20.32:507][762]LogModuleManager: Shutting down and abandoning module MainFrame (91)
[2016.01.29-02.20.32:507][762]LogModuleManager: Shutting down and abandoning module LevelEditor (90)
[2016.01.29-02.20.32:509][762]LogModuleManager: Shutting down and abandoning module DirectoryWatcher (89)
[2016.01.29-02.20.32:511][762]LogModuleManager: Shutting down and abandoning module AssetRegistry (88)
[2016.01.29-02.20.32:750][762]LogModuleManager: Shutting down and abandoning module ContentBrowser (87)
[2016.01.29-02.20.32:753][762]LogModuleManager: Shutting down and abandoning module Paper2DEditor (86)
[2016.01.29-02.20.32:753][762]LogModuleManager: Shutting down and abandoning module UdpMessaging (85)
[2016.01.29-02.20.32:853][762]LogModuleManager: Shutting down and abandoning module LightPropagationVolumeRuntime (84)
[2016.01.29-02.20.32:853][762]LogModuleManager: Shutting down and abandoning module Paper2D (83)
[2016.01.29-02.20.32:853][762]LogModuleManager: Shutting down and abandoning module WindowsMoviePlayer (82)
[2016.01.29-02.20.32:859][762]LogModuleManager: Shutting down and abandoning module Media (81)
[2016.01.29-02.20.32:859][762]LogModuleManager: Shutting down and abandoning module WmfMedia (80)
[2016.01.29-02.20.32:860][762]LogModuleManager: Shutting down and abandoning module OnlineBlueprintSupport (79)
[2016.01.29-02.20.32:860][762]LogModuleManager: Shutting down and abandoning module GameplayTasksEditor (78)
[2016.01.29-02.20.32:860][762]LogModuleManager: Shutting down and abandoning module PropertyEditor (77)
[2016.01.29-02.20.32:860][762]LogModuleManager: Shutting down and abandoning module BehaviorTreeEditor (76)
[2016.01.29-02.20.32:860][762]LogModuleManager: Shutting down and abandoning module FunctionalTesting (75)
[2016.01.29-02.20.32:860][762]LogModuleManager: Shutting down and abandoning module CollisionAnalyzer (74)
[2016.01.29-02.20.32:860][762]LogModuleManager: Shutting down and abandoning module WorkspaceMenuStructure (73)
[2016.01.29-02.20.32:860][762]LogModuleManager: Shutting down and abandoning module MessageLog (72)
[2016.01.29-02.20.32:860][762]LogModuleManager: Shutting down and abandoning module Sequencer (71)
[2016.01.29-02.20.32:860][762]LogModuleManager: Shutting down and abandoning module AssetTools (70)
[2016.01.29-02.20.32:860][762]LogModuleManager: Shutting down and abandoning module UMGEditor (69)
[2016.01.29-02.20.32:860][762]LogModuleManager: Shutting down and abandoning module UMG (68)
[2016.01.29-02.20.32:860][762]LogModuleManager: Shutting down and abandoning module Slate (67)
[2016.01.29-02.20.32:860][762]LogModuleManager: Shutting down and abandoning module EditorStyle (66)
[2016.01.29-02.20.32:865][762]LogModuleManager: Shutting down and abandoning module SessionServices (65)
[2016.01.29-02.20.32:866][762]LogModuleManager: Shutting down and abandoning module SourceCodeAccess (64)
[2016.01.29-02.20.32:866][762]LogModuleManager: Shutting down and abandoning module HeadMountedDisplay (63)
[2016.01.29-02.20.32:866][762]LogModuleManager: Shutting down and abandoning module XAudio2 (62)
[2016.01.29-02.20.32:866][762]LogModuleManager: Shutting down and abandoning module Networking (60)
[2016.01.29-02.20.32:866][762]LogModuleManager: Shutting down and abandoning module Core (59)
[2016.01.29-02.20.32:866][762]LogModuleManager: Shutting down and abandoning module KismetCompiler (58)
[2016.01.29-02.20.32:866][762]LogModuleManager: Shutting down and abandoning module PhysXFormats (57)
[2016.01.29-02.20.32:866][762]LogModuleManager: Shutting down and abandoning module MeshUtilities (56)
[2016.01.29-02.20.32:866][762]LogModuleManager: Shutting down and abandoning module CookingStats (55)
[2016.01.29-02.20.32:867][762]LogModuleManager: Shutting down and abandoning module DerivedDataCache (54)
[2016.01.29-02.20.32:954][762]LogDerivedDataCache: Shutdown
[2016.01.29-02.20.32:954][762]LogModuleManager: Shutting down and abandoning module ShaderFormatOpenGL (53)
[2016.01.29-02.20.32:954][762]LogModuleManager: Shutting down and abandoning module ShaderFormatD3D (52)
[2016.01.29-02.20.32:954][762]LogModuleManager: Shutting down and abandoning module MetalShaderFormat (51)
[2016.01.29-02.20.32:954][762]LogModuleManager: Shutting down and abandoning module TextureFormatUncompressed (50)
[2016.01.29-02.20.32:954][762]LogModuleManager: Shutting down and abandoning module TextureFormatPVR (49)
[2016.01.29-02.20.32:954][762]LogModuleManager: Shutting down and abandoning module TextureFormatIntelISPCTexComp (48)
[2016.01.29-02.20.32:954][762]LogModuleManager: Shutting down and abandoning module TextureFormatDXT (47)
[2016.01.29-02.20.32:954][762]LogModuleManager: Shutting down and abandoning module ImageWrapper (46)
[2016.01.29-02.20.32:954][762]LogModuleManager: Shutting down and abandoning module TextureFormatASTC (45)
[2016.01.29-02.20.32:954][762]LogModuleManager: Shutting down and abandoning module TextureFormatAndroid (44)
[2016.01.29-02.20.32:954][762]LogModuleManager: Shutting down and abandoning module AudioFormatOpus (43)
[2016.01.29-02.20.32:954][762]LogModuleManager: Shutting down and abandoning module AudioFormatOgg (42)
[2016.01.29-02.20.32:954][762]LogModuleManager: Shutting down and abandoning module AudioFormatADPCM (41)
[2016.01.29-02.20.32:954][762]LogModuleManager: Shutting down and abandoning module LinuxTargetPlatform (40)
[2016.01.29-02.20.32:954][762]LogModuleManager: Shutting down and abandoning module LinuxServerTargetPlatform (39)
[2016.01.29-02.20.32:954][762]LogModuleManager: Shutting down and abandoning module LinuxNoEditorTargetPlatform (38)
[2016.01.29-02.20.32:954][762]LogModuleManager: Shutting down and abandoning module Messaging (37)
[2016.01.29-02.20.32:954][762]LogModuleManager: Shutting down and abandoning module IOSTargetPlatform (36)
[2016.01.29-02.20.32:954][762]LogModuleManager: Shutting down and abandoning module HTML5TargetPlatform (35)
[2016.01.29-02.20.32:954][762]LogModuleManager: Shutting down and abandoning module Android_PVRTCTargetPlatform (34)
[2016.01.29-02.20.32:954][762]LogModuleManager: Shutting down and abandoning module Android_ETC2TargetPlatform (33)
[2016.01.29-02.20.32:954][762]LogModuleManager: Shutting down and abandoning module Android_ETC1TargetPlatform (32)
[2016.01.29-02.20.32:954][762]LogModuleManager: Shutting down and abandoning module Android_DXTTargetPlatform (31)
[2016.01.29-02.20.32:954][762]LogModuleManager: Shutting down and abandoning module Android_ATCTargetPlatform (30)
[2016.01.29-02.20.32:954][762]LogModuleManager: Shutting down and abandoning module Android_ASTCTargetPlatform (29)
[2016.01.29-02.20.32:954][762]LogModuleManager: Shutting down and abandoning module AndroidTargetPlatform (28)
[2016.01.29-02.20.32:954][762]LogModuleManager: Shutting down and abandoning module WindowsTargetPlatform (27)
[2016.01.29-02.20.32:954][762]LogModuleManager: Shutting down and abandoning module WindowsServerTargetPlatform (26)
[2016.01.29-02.20.32:954][762]LogModuleManager: Shutting down and abandoning module WindowsNoEditorTargetPlatform (25)
[2016.01.29-02.20.32:954][762]LogModuleManager: Shutting down and abandoning module WindowsClientTargetPlatform (24)
[2016.01.29-02.20.32:954][762]LogModuleManager: Shutting down and abandoning module AllDesktopTargetPlatform (23)
[2016.01.29-02.20.32:954][762]LogModuleManager: Shutting down and abandoning module TargetPlatform (22)
[2016.01.29-02.20.32:954][762]LogModuleManager: Shutting down and abandoning module InputCore (21)
[2016.01.29-02.20.32:954][762]LogModuleManager: Shutting down and abandoning module Settings (20)
[2016.01.29-02.20.32:955][762]LogModuleManager: Shutting down and abandoning module OnlineSubsystem (18)
[2016.01.29-02.20.32:955][762]LogModuleManager: Shutting down and abandoning module HTTP (17)
[2016.01.29-02.20.34:958][762]LogModuleManager: Shutting down and abandoning module XMPP (16)
[2016.01.29-02.20.34:958][762]LogModuleManager: Shutting down and abandoning module ExampleDeviceProfileSelector (15)
[2016.01.29-02.20.34:958][762]LogModuleManager: Shutting down and abandoning module TextureCompressor (14)
[2016.01.29-02.20.34:958][762]LogModuleManager: Shutting down and abandoning module ShaderCore (13)
[2016.01.29-02.20.34:958][762]LogModuleManager: Shutting down and abandoning module Landscape (12)
[2016.01.29-02.20.34:958][762]LogModuleManager: Shutting down and abandoning module SlateRHIRenderer (11)
[2016.01.29-02.20.34:961][762]LogModuleManager: Shutting down and abandoning module OpenGLDrv (10)
[2016.01.29-02.20.34:961][762]LogModuleManager: Shutting down and abandoning module D3D11RHI (9)
[2016.01.29-02.20.34:961][762]LogModuleManager: Shutting down and abandoning module AnimGraphRuntime (8)
[2016.01.29-02.20.34:961][762]LogModuleManager: Shutting down and abandoning module Renderer (7)
[2016.01.29-02.20.34:961][762]LogModuleManager: Shutting down and abandoning module Engine (6)
[2016.01.29-02.20.34:961][762]LogModuleManager: Shutting down and abandoning module CoreUObject (5)
[2016.01.29-02.20.34:961][762]LogModuleManager: Shutting down and abandoning module NetworkFile (4)
[2016.01.29-02.20.34:961][762]LogModuleManager: Shutting down and abandoning module StreamingFile (3)
[2016.01.29-02.20.34:961][762]LogModuleManager: Shutting down and abandoning module SandboxFile (2)
[2016.01.29-02.20.34:961][762]LogModuleManager: Shutting down and abandoning module PakFile (1)
[2016.01.29-02.20.34:962][762]LogExit: Exiting.
[2016.01.29-02.20.34:989][762]Log file closed, 01/28/16 23:20:34
