[2016.01.24-22.09.47:061][  0]Log file open, 01/24/16 19:09:47
[2016.01.24-22.09.47:061][  0]LogInit:Display: Running engine for game: LeapBasics
[2016.01.24-22.09.47:061][  0]LogInit:Display: RandInit(1868963980) SRandInit(1868963980).
[2016.01.24-22.09.47:061][  0]LogTaskGraph: Started task graph with 4 named threads and 7 total threads.
[2016.01.24-22.09.47:061][  0]LogStats: Stats thread started at 0.072064
[2016.01.24-22.09.47:061][  0]LogInit: Version: 4.9.2-2707645+++depot+UE4-Releases+4.9
[2016.01.24-22.09.47:061][  0]LogInit: API Version: 2672455
[2016.01.24-22.09.47:061][  0]LogInit: Compiled (64-bit): Sep 28 2015 10:25:44
[2016.01.24-22.09.47:061][  0]LogInit: Compiled with Visual C++: 18.00.21005.01
[2016.01.24-22.09.47:061][  0]LogInit: Build Configuration: Development
[2016.01.24-22.09.47:061][  0]LogInit: Branch Name: ++depot+UE4-Releases+4.9
[2016.01.24-22.09.47:061][  0]LogInit: Command line: 
[2016.01.24-22.09.47:061][  0]LogInit: Base directory: D:/Unreal/Epic Games/4.9/Engine/Binaries/Win64/
[2016.01.24-22.09.47:061][  0]LogInit: Rocket: 1
[2016.01.24-22.09.47:069][  0]LogInit: Using libcurl 7.41.0
[2016.01.24-22.09.47:069][  0]LogInit:  - built for x86_64-pc-win32
[2016.01.24-22.09.47:069][  0]LogInit:  - supports SSL with WinSSL
[2016.01.24-22.09.47:069][  0]LogInit:  - other features:
[2016.01.24-22.09.47:069][  0]LogInit:      CURL_VERSION_SSL
[2016.01.24-22.09.47:069][  0]LogInit:      CURL_VERSION_IPV6
[2016.01.24-22.09.47:069][  0]LogInit:      CURL_VERSION_ASYNCHDNS
[2016.01.24-22.09.47:069][  0]LogInit:      CURL_VERSION_LARGEFILE
[2016.01.24-22.09.47:069][  0]LogInit:      CURL_VERSION_IDN
[2016.01.24-22.09.47:069][  0]LogInit:  CurlRequestOptions (configurable via config and command line):
[2016.01.24-22.09.47:069][  0]LogInit:  - bVerifyPeer = true  - Libcurl will verify peer certificate
[2016.01.24-22.09.47:069][  0]LogInit:  - bUseHttpProxy = false  - Libcurl will NOT use HTTP proxy
[2016.01.24-22.09.47:069][  0]LogInit:  - bDontReuseConnections = false  - Libcurl will reuse connections
[2016.01.24-22.09.47:069][  0]LogInit:  - CertBundlePath = nullptr  - Libcurl will use whatever was configured at build time.
[2016.01.24-22.09.47:075][  0]LogInit: Presizing for 0 objects not considered by GC, pre-allocating 0 bytes.
[2016.01.24-22.09.47:081][  0]LogInit: Object subsystem initialized
[2016.01.24-22.09.47:082][  0]LogInit: Selected Device Profile: [Windows]
[2016.01.24-22.09.47:082][  0]LogInit: Applying CVar settings loaded from the selected device profile: [Windows]
[2016.01.24-22.09.47:088][  0]LogInit: Computer: EMI-PC
[2016.01.24-22.09.47:088][  0]LogInit: User: Emi
[2016.01.24-22.09.47:088][  0]LogInit: CPU Page size=4096, Cores=4
[2016.01.24-22.09.47:088][  0]LogInit: High frequency timer resolution =3.318408 MHz
[2016.01.24-22.09.47:088][  0]LogMemory: Memory total: Physical=7.9GB (8GB approx)
[2016.01.24-22.09.47:088][  0]LogMemory: Platform Memory Stats for Windows
[2016.01.24-22.09.47:088][  0]LogMemory: Process Physical Memory: 54.27 MB used, 54.27 MB peak
[2016.01.24-22.09.47:088][  0]LogMemory: Process Virtual Memory: 56.68 MB used, 56.68 MB peak
[2016.01.24-22.09.47:088][  0]LogMemory: Physical Memory: 5245.90 MB used, 8130.12 MB total
[2016.01.24-22.09.47:088][  0]LogMemory: Virtual Memory: 338.80 MB used, 8388608.00 MB total
[2016.01.24-22.09.47:789][  0]LogD3D11RHI: Found D3D11 adapter 0: NVIDIA GeForce 9600 GT (Feature Level 10_0)
[2016.01.24-22.09.47:789][  0]LogD3D11RHI: Adapter has 487MB of dedicated video memory, 0MB of dedicated system memory, and 3583MB of shared system memory, 2 output[s]
[2016.01.24-22.09.47:789][  0]LogD3D11RHI: Chosen D3D11 Adapter Id = 0
[2016.01.24-22.09.47:795][  0]LogD3D11RHI: !Direct3DDevice
[2016.01.24-22.09.47:795][  0]LogRHI: Texture pool is 341 MB (70% of 487 MB)
[2016.01.24-22.09.47:805][  0]LogD3D11RHI: Async texture creation enabled
[2016.01.24-22.09.47:817][  0]LogShaderCompilers: Guid format shader working directory is 15 characters bigger than the processId version (../../../../../../Facultad/Proyecto de grado/Repo/Proyectos/LeapBasics/Intermediate/Shaders/WorkingDirectory/6772/).
[2016.01.24-22.09.47:817][  0]LogShaderCompilers: Cleaned the shader compiler working directory '../../../../../../Facultad/Proyecto de grado/Repo/Proyectos/LeapBasics/Intermediate/Shaders/tmp/5225AEBD434C26777C7D9D8449B1756D/'.
[2016.01.24-22.09.47:817][  0]LogShaderCompilers:Display: Using Local Shader Compiler.
[2016.01.24-22.09.48:743][  0]LogTemp:Display: Loaded TP AllDesktopTargetPlatform
[2016.01.24-22.09.48:748][  0]LogTemp:Display: Loaded TP WindowsClientTargetPlatform
[2016.01.24-22.09.48:752][  0]LogTemp:Display: Loaded TP WindowsNoEditorTargetPlatform
[2016.01.24-22.09.48:756][  0]LogTemp:Display: Loaded TP WindowsServerTargetPlatform
[2016.01.24-22.09.48:760][  0]LogTemp:Display: Loaded TP WindowsTargetPlatform
[2016.01.24-22.09.48:763][  0]LogTemp:Display: Loaded TP AndroidTargetPlatform
[2016.01.24-22.09.48:766][  0]LogTemp:Display: Loaded TP Android_ASTCTargetPlatform
[2016.01.24-22.09.48:769][  0]LogTemp:Display: Loaded TP Android_ATCTargetPlatform
[2016.01.24-22.09.48:772][  0]LogTemp:Display: Loaded TP Android_DXTTargetPlatform
[2016.01.24-22.09.48:775][  0]LogTemp:Display: Loaded TP Android_ETC1TargetPlatform
[2016.01.24-22.09.48:778][  0]LogTemp:Display: Loaded TP Android_ETC2TargetPlatform
[2016.01.24-22.09.48:781][  0]LogTemp:Display: Loaded TP Android_PVRTCTargetPlatform
[2016.01.24-22.09.48:782][  0]LogTemp:Display: Loaded TP HTML5TargetPlatform
[2016.01.24-22.09.48:797][  0]LogTemp:Display: Loaded TP IOSTargetPlatform
[2016.01.24-22.09.48:799][  0]LogTemp:Display: Loaded TP LinuxNoEditorTargetPlatform
[2016.01.24-22.09.48:802][  0]LogTemp:Display: Loaded TP LinuxServerTargetPlatform
[2016.01.24-22.09.48:805][  0]LogTemp:Display: Loaded TP LinuxTargetPlatform
[2016.01.24-22.09.48:805][  0]LogTargetPlatformManager:Display: Building Assets For Windows
[2016.01.24-22.09.48:872][  0]LogDerivedDataCache:Display: Max Cache Size: 512 MB
[2016.01.24-22.09.48:910][  0]LogDerivedDataCache: Loaded boot cache 0.04s 36MB C:/Users/Emi/AppData/Local/UnrealEngine/4.9/DerivedDataCache/Boot.ddc.
[2016.01.24-22.09.48:910][  0]LogDerivedDataCache:Display: Loaded Boot cache: C:/Users/Emi/AppData/Local/UnrealEngine/4.9/DerivedDataCache/Boot.ddc
[2016.01.24-22.09.48:910][  0]LogDerivedDataCache: FDerivedDataBackendGraph:  Pak pak cache file ../../../../../../Facultad/Proyecto de grado/Repo/Proyectos/LeapBasics/DerivedDataCache/DDC.ddp not found, will not use a pak cache.
[2016.01.24-22.09.48:911][  0]LogDerivedDataCache: Unable to find inner node Pak for hierarchical cache Hierarchy.
[2016.01.24-22.09.48:911][  0]LogDerivedDataCache: FDerivedDataBackendGraph:  CompressedPak pak cache file ../../../../../../Facultad/Proyecto de grado/Repo/Proyectos/LeapBasics/DerivedDataCache/Compressed.ddp not found, will not use a pak cache.
[2016.01.24-22.09.48:911][  0]LogDerivedDataCache: Unable to find inner node CompressedPak for hierarchical cache Hierarchy.
[2016.01.24-22.09.49:036][  0]LogDerivedDataCache:Display: Pak cache opened for reading ../../../Engine/DerivedDataCache/Compressed.ddp.
[2016.01.24-22.09.49:047][  0]LogDerivedDataCache: Using Local data cache path C:/Users/Emi/AppData/Local/UnrealEngine/Common/DerivedDataCache: Writable
[2016.01.24-22.09.49:231][  0]LogInit: Selected Device Profile: [Windows]
[2016.01.24-22.09.49:232][  0]LogContentStreaming: Texture pool size is 0.000000MB
[2016.01.24-22.09.49:254][  0]LogMeshUtilities: No automatic mesh reduction module available
[2016.01.24-22.09.49:254][  0]LogMeshUtilities: No automatic mesh merging module available
[2016.01.24-22.09.49:603][  0]LogInit: WinSock: version 1.1 (2.2), MaxSocks=32767, MaxUdp=65467
[2016.01.24-22.09.50:219][  0]UdpMessaging: Initializing bridge on interface 0.0.0.0:0 to multicast group 230.0.0.1:6666.
[2016.01.24-22.09.50:306][  0]LogAssetRegistry: FAssetRegistry took 0.0096 seconds to start up
[2016.01.24-22.09.50:462][  0]SourceControl: Info Source control is disabled
[2016.01.24-22.09.50:475][  0]SourceControl: Info Source control is disabled
[2016.01.24-22.09.50:489][  0]SourceControl: Info Source control is disabled
[2016.01.24-22.09.50:504][  0]SourceControl: Info Source control is disabled
[2016.01.24-22.09.50:649][  0]LogLinker:Warning: Asset '../../../Engine/Plugins/Runtime/LeapMotionController/Content/LM_PassthroughMaterial.uasset' has been saved with empty engine version. The asset will be loaded but may be incompatible.
[2016.01.24-22.09.50:745][  0]LeapPluginLog: Using LeapPlugin version 0.9.7
[2016.01.24-22.09.50:750][  0]LogObj: 28981 objects as part of root set at end of initial load.
[2016.01.24-22.09.50:750][  0]LogUObjectAllocator: 6140352 out of 0 bytes used by permanent object pool.
[2016.01.24-22.09.50:800][  0]LogEngine: Initializing Engine...
[2016.01.24-22.09.50:804][  0]LogHMD: Can't find Oculus library dev build: is proper Runtime installed? Version: 0.7.0.0
[2016.01.24-22.09.50:804][  0]LogHMD: SteamVR failed to initialize.  Err: 110
[2016.01.24-22.09.50:907][  0]LogAIModule: Creating AISystem for world NewWorld
[2016.01.24-22.09.50:912][  0]LogInit: XAudio2 using 'Altavoces (Realtek High Definition Audio)' : 2 channels at 48 kHz using 32 bits per sample (channel mask 0x3)
[2016.01.24-22.09.50:919][  0]LogInit: FAudioDevice initialized.
[2016.01.24-22.09.50:940][  0]LogDerivedDataCache: Saved boot cache 0.02s 36MB C:/Users/Emi/AppData/Local/UnrealEngine/4.9/DerivedDataCache/Boot.ddc.
[2016.01.24-22.09.50:944][  0]LogInit: Texture streaming: Enabled
[2016.01.24-22.09.50:948][  0]LogAnalytics: Creating configured Analytics provider AnalyticsET
[2016.01.24-22.09.50:948][  0]LogAnalytics: [UEEditor.Rocket.Release] APIServer = http://et2.epicgames.com/ET2/. AppVersion = 4.9.2-2707645+++depot+UE4-Releases+4.9
[2016.01.24-22.09.50:948][  0]LogAnalytics: [UEEditor.Rocket.Release] SetUserId 45cdda59420a0fb546eb418542097723|3eb587a350884e2890a9dd44469b8ec9|fcb3de80-11b8-41b8-a6eb-60d2dfb79158
[2016.01.24-22.09.50:948][  0]LogAnalytics: [UEEditor.Rocket.Release] AnalyticsET::StartSession
[2016.01.24-22.09.50:972][  0]LogInit: Transaction tracking system initialized
[2016.01.24-22.09.50:995][  0]BlueprintLog: New page: Editor Load
[2016.01.24-22.09.51:058][  0]LocalizationService: Info Localization service is disabled
[2016.01.24-22.09.51:283][  0]LogConsoleResponse:Display: 
[2016.01.24-22.09.51:401][  0]LogCook:Display: Done creating registry. It took  0.00s.
[2016.01.24-22.09.51:449][  0]LogFileCache: Scanning file cache for directory 'D:/Facultad/Proyecto de grado/Repo/Proyectos/LeapBasics/Content/' took 0.02s
[2016.01.24-22.09.51:449][  0]SourceControl: Info Source control is disabled
[2016.01.24-22.09.51:449][  0]Cmd: MAP LOAD FILE="../../../../../../Facultad/Proyecto de grado/Repo/Proyectos/LeapBasics/Content/StarterContent/Maps/Minimal_Default.umap" TEMPLATE=0 SHOWPROGRESS=1 FEATURELEVEL=2
[2016.01.24-22.09.51:543][  0]LightingResults: New page: Lighting Build
[2016.01.24-22.09.51:546][  0]MapCheck: New page: Map Check
[2016.01.24-22.09.51:546][  0]LightingResults: New page: Lighting Build
[2016.01.24-22.09.51:555][  0]LogParticles: Destroying 0 GPU particle simulations for FXSystem 0x0000000022EE0400
[2016.01.24-22.09.52:623][  0]LogBlueprint:Warning: [compiler LeapBasicRiggedCharacter] Warning InputAction Event references unknown Action 'Jump' for  InputAction Jump 
[2016.01.24-22.09.52:623][  0]LogBlueprint:Warning: [compiler LeapBasicRiggedCharacter] Warning Input Axis Event references unknown Axis 'LookUpRate' for  InputAxis LookUpRate 
[2016.01.24-22.09.52:623][  0]LogBlueprint:Warning: [compiler LeapBasicRiggedCharacter] Warning Input Axis Event references unknown Axis 'TurnRate' for  InputAxis TurnRate 
[2016.01.24-22.09.52:623][  0]LogBlueprint:Warning: [compiler LeapBasicRiggedCharacter] Warning Input Axis Event references unknown Axis 'MoveForward' for  InputAxis MoveForward 
[2016.01.24-22.09.52:626][  0]LogBlueprint:Warning: [compiler LeapBasicRiggedCharacter] Warning [0006.24] Compile of LeapBasicRiggedCharacter successful, but with 4 Warning(s) [in 8 ms]
[2016.01.24-22.09.52:626][  0]LogBlueprint:Warning: [compiler LeapBasicRiggedCharacter] Warning [0006.24] Compile of LeapBasicRiggedCharacter successful, but with 5 Warning(s) [in 0 ms]
[2016.01.24-22.09.52:626][  0]LogBlueprint:Warning: [compiler LeapBasicRiggedCharacter] Warning [0006.24] Compile of LeapBasicRiggedCharacter successful, but with 6 Warning(s) [in 0 ms]
[2016.01.24-22.09.52:633][  0]LogBlueprint:Warning: [compiler LeapBasicRiggedCharacter] Warning InputAction Event references unknown Action 'Jump' for  InputAction Jump 
[2016.01.24-22.09.52:633][  0]LogBlueprint:Warning: [compiler LeapBasicRiggedCharacter] Warning Input Axis Event references unknown Axis 'LookUpRate' for  InputAxis LookUpRate 
[2016.01.24-22.09.52:633][  0]LogBlueprint:Warning: [compiler LeapBasicRiggedCharacter] Warning Input Axis Event references unknown Axis 'TurnRate' for  InputAxis TurnRate 
[2016.01.24-22.09.52:634][  0]LogBlueprint:Warning: [compiler LeapBasicRiggedCharacter] Warning Input Axis Event references unknown Axis 'MoveForward' for  InputAxis MoveForward 
[2016.01.24-22.09.52:636][  0]LogBlueprint:Warning: [compiler LeapBasicRiggedCharacter] Warning [0006.25] Compile of LeapBasicRiggedCharacter successful, but with 4 Warning(s) [in 8 ms]
[2016.01.24-22.09.52:636][  0]LogBlueprint:Warning: [compiler LeapBasicRiggedCharacter] Warning [0006.25] Compile of LeapBasicRiggedCharacter successful, but with 5 Warning(s) [in 0 ms]
[2016.01.24-22.09.52:636][  0]LogBlueprint:Warning: [compiler LeapBasicRiggedCharacter] Warning [0006.25] Compile of LeapBasicRiggedCharacter successful, but with 6 Warning(s) [in 0 ms]
[2016.01.24-22.09.54:488][  0]LogAIModule: Creating AISystem for world Minimal_Default
[2016.01.24-22.09.54:523][  0]LeapPluginLog: InterfaceObject: CameraActor_Blueprint_C_0
[2016.01.24-22.09.54:524][  0]LeapPluginLog: InterfaceObject: LeapAnimBodyConnector_C_409
[2016.01.24-22.09.54:524][  0]LeapPluginLog:Warning: Warning! More than one (2) Leap Controller Component detected! Duplication of work and output may result (inefficiency warning).
[2016.01.24-22.09.54:524][  0]LeapPluginLog: LeapController::CleanupEventData Delete Called
[2016.01.24-22.09.54:595][  0]LeapPluginLog: LeapController::CleanupEventData Delete Called
[2016.01.24-22.09.54:597][  0]LeapPluginLog: InterfaceObject: LeapAnimBodyConnector_C_411
[2016.01.24-22.09.54:597][  0]LeapPluginLog: InterfaceObject: CameraActor_Blueprint_C_0
[2016.01.24-22.09.54:597][  0]LeapPluginLog:Warning: Warning! More than one (2) Leap Controller Component detected! Duplication of work and output may result (inefficiency warning).
[2016.01.24-22.09.54:598][  0]LeapPluginLog: LeapController::CleanupEventData Delete Called
[2016.01.24-22.09.54:598][  0]LeapPluginLog: InterfaceObject: CameraActor_Blueprint_C_0
[2016.01.24-22.09.54:598][  0]LeapPluginLog:Warning: Warning! More than one (2) Leap Controller Component detected! Duplication of work and output may result (inefficiency warning).
[2016.01.24-22.09.54:598][  0]LogEditorServer: Finished looking for orphan Actors (0.000 secs)
[2016.01.24-22.09.54:622][  0]Cmd: MAP CHECKDEP NOCLEARLOG
[2016.01.24-22.09.54:671][  0]MapCheck: Info Map check complete: 0 Error(s), 0 Warning(s), took 48.787ms to complete.
[2016.01.24-22.09.54:671][  0]LogFileHelpers: Loading map 'Minimal_Default' took 3.222
[2016.01.24-22.09.54:808][  0]LogCollectionManager: Loaded 0 collections in 0.001550 seconds
[2016.01.24-22.09.54:844][  0]LogFileCache: Scanning file cache for directory 'D:/Facultad/Proyecto de grado/Repo/Proyectos/LeapBasics/Saved/Collections/' took 0.01s
[2016.01.24-22.09.54:844][  0]LogFileCache: Scanning file cache for directory 'D:/Facultad/Proyecto de grado/Repo/Proyectos/LeapBasics/Content/Developers/Emi/Collections/' took 0.01s
[2016.01.24-22.09.54:844][  0]LogFileCache: Scanning file cache for directory 'D:/Facultad/Proyecto de grado/Repo/Proyectos/LeapBasics/Content/Collections/' took 0.01s
[2016.01.24-22.09.54:844][  0]LogContentBrowser: Native class hierarchy populated in 0.0064 seconds. Added 1893 classes and 337 folders.
[2016.01.24-22.09.54:849][  0]LogCollectionManager: Rebuilt the GUID cache for 0 collections in 0.000002 seconds
[2016.01.24-22.09.54:855][  0]LogContentBrowser: Native class hierarchy updated for 'WidgetCarousel' in 0.0003 seconds. Added 0 classes and 0 folders.
[2016.01.24-22.09.55:246][  0]LogContentBrowser: Native class hierarchy updated for 'AddContentDialog' in 0.0003 seconds. Added 0 classes and 0 folders.
[2016.01.24-22.09.55:271][  0]LogContentBrowser: Native class hierarchy updated for 'SceneOutliner' in 0.0005 seconds. Added 1 classes and 2 folders.
[2016.01.24-22.09.55:328][  0]LogCrashTracker: Crashtracker disabled due to settings.
[2016.01.24-22.09.55:332][  0]LogUObjectGlobals:Warning: Failed to find object 'Class None.'
[2016.01.24-22.09.55:352][  0]LogLoad: Full Startup: 8.97 seconds (BP compile: 0.53 seconds)
[2016.01.24-22.09.55:431][  0]LogContentStreaming: Texture pool size now 400 MB
[2016.01.24-22.09.55:545][  0]LogRenderer: Reallocating scene render targets to support 780x456 (Frame:2).
[2016.01.24-22.09.55:654][  1]LeapPluginLog: InterfaceObject: LeapAnimBodyConnector_C_412
[2016.01.24-22.09.55:654][  1]LeapPluginLog:Warning: Warning! More than one (3) Leap Controller Component detected! Duplication of work and output may result (inefficiency warning).
[2016.01.24-22.09.56:273][  1]LogD3D11RHI: Timed out while waiting for GPU to catch up. (500 ms)
[2016.01.24-22.09.56:731][  5]LogAssetRegistry: Asset discovery search completed in 6.4356 seconds
[2016.01.24-22.09.56:731][  5]LogCollectionManager: Rebuilt the object cache for 0 collections in 0.000001 seconds (found 0 objects)
[2016.01.24-22.09.56:731][  5]LogCollectionManager: Fixed up redirectors for 0 collections in 0.000017 seconds (updated 0 objects)
[2016.01.25-03.38.15:037][285]LogActorComponent: UnregisterComponent: (/Engine/Transient.CharMoveComp) Not registered. Aborting.
[2016.01.25-03.38.15:037][285]LogActorComponent: UnregisterComponent: (/Engine/Transient.LeapController_GEN_VARIABLE) Not registered. Aborting.
[2016.01.25-03.38.15:071][285]LeapPluginLog: LeapController::CleanupEventData Delete Called
[2016.01.25-03.38.15:083][285]LeapPluginLog: LeapController::CleanupEventData Delete Called
[2016.01.25-03.38.15:103][285]LeapPluginLog: LeapController::CleanupEventData Delete Called
[2016.01.25-03.38.15:114][285]LeapPluginLog: LeapController::CleanupEventData Delete Called
[2016.01.25-03.38.15:145][285]LeapPluginLog: LeapController::CleanupEventData Delete Called
[2016.01.25-03.38.15:622][286]Cmd: QUIT_EDITOR
[2016.01.25-03.38.15:838][286]LogExit: Preparing to exit.
[2016.01.25-03.38.16:438][286]LeapPluginLog: LeapController::CleanupEventData Delete Called
[2016.01.25-03.38.16:464][286]LeapPluginLog: LeapController::CleanupEventData Delete Called
[2016.01.25-03.38.16:464][286]LeapPluginLog: LeapController::CleanupEventData Delete Called
[2016.01.25-03.38.16:478][286]LogExit: Editor shut down
[2016.01.25-03.38.16:479][286]LogExit: Transaction tracking system shut down
[2016.01.25-03.38.16:480][286]LogParticles: Destroying 0 GPU particle simulations for FXSystem 0x000000002420D440
[2016.01.25-03.38.16:481][286]LogParticles: Destroying 0 GPU particle simulations for FXSystem 0x000000002562B880
[2016.01.25-03.38.16:481][286]LogParticles: Destroying 0 GPU particle simulations for FXSystem 0x0000000029520B80
[2016.01.25-03.38.16:481][286]LogParticles: Destroying 0 GPU particle simulations for FXSystem 0x000000002BE819E0
[2016.01.25-03.38.16:492][286]LogParticles: Destroying 0 GPU particle simulations for FXSystem 0x000000002BE818A0
[2016.01.25-03.38.16:492][286]LeapPluginLog: LeapController::CleanupEventData Delete Called
[2016.01.25-03.38.16:505][286]LeapPluginLog: LeapController::CleanupEventData Delete Called
[2016.01.25-03.38.16:518][286]LeapPluginLog: LeapController::CleanupEventData Delete Called
[2016.01.25-03.38.16:650][286]LogExit: Object subsystem successfully closed.
[2016.01.25-03.38.16:665][286]LogD3D11RHI: Shutdown
[2016.01.25-03.38.16:665][286]LogD3D11RHI: CleanupD3DDevice
[2016.01.25-03.38.16:711][286]LogD3D11RHI: ~FD3D11DynamicRHI
[2016.01.25-03.38.16:774][286]LogModuleManager: Shutting down and abandoning module ExternalImagePicker (199)
[2016.01.25-03.38.16:774][286]LogModuleManager: Shutting down and abandoning module CrashTracker (198)
[2016.01.25-03.38.16:774][286]LogModuleManager: Shutting down and abandoning module SceneOutliner (197)
[2016.01.25-03.38.16:774][286]LogModuleManager: Shutting down and abandoning module SuperSearch (196)
[2016.01.25-03.38.16:774][286]LogModuleManager: Shutting down and abandoning module WidgetCarousel (195)
[2016.01.25-03.38.16:774][286]LogModuleManager: Shutting down and abandoning module AddContentDialog (194)
[2016.01.25-03.38.16:787][286]LogModuleManager: Shutting down and abandoning module EditorWidgets (193)
[2016.01.25-03.38.16:787][286]LogModuleManager: Shutting down and abandoning module CollectionManager (192)
[2016.01.25-03.38.16:787][286]LogModuleManager: Shutting down and abandoning module StatsViewer (191)
[2016.01.25-03.38.16:787][286]LogModuleManager: Shutting down and abandoning module FoliageEdit (190)
[2016.01.25-03.38.16:787][286]LogModuleManager: Shutting down and abandoning module LandscapeEditor (189)
[2016.01.25-03.38.16:787][286]LogModuleManager: Shutting down and abandoning module ActorPickerMode (188)
[2016.01.25-03.38.16:787][286]LogModuleManager: Shutting down and abandoning module GeometryMode (187)
[2016.01.25-03.38.16:787][286]LogModuleManager: Shutting down and abandoning module TextureAlignMode (186)
[2016.01.25-03.38.16:787][286]LogModuleManager: Shutting down and abandoning module BspMode (185)
[2016.01.25-03.38.16:787][286]LogModuleManager: Shutting down and abandoning module PlacementMode (184)
[2016.01.25-03.38.16:787][286]LogModuleManager: Shutting down and abandoning module AutomationWorker (183)
[2016.01.25-03.38.16:787][286]LogModuleManager: Shutting down and abandoning module CharacterAI (182)
[2016.01.25-03.38.16:787][286]LogModuleManager: Shutting down and abandoning module SmartSnapping (181)
[2016.01.25-03.38.16:787][286]LogModuleManager: Shutting down and abandoning module ViewportSnapping (180)
[2016.01.25-03.38.16:787][286]LogModuleManager: Shutting down and abandoning module LogVisualizer (179)
[2016.01.25-03.38.16:788][286]LogModuleManager: Shutting down and abandoning module GameProjectGeneration (178)
[2016.01.25-03.38.16:788][286]LogModuleManager: Shutting down and abandoning module IntroTutorials (177)
[2016.01.25-03.38.16:800][286]LogModuleManager: Shutting down and abandoning module EditorLiveStreaming (176)
[2016.01.25-03.38.16:800][286]LogModuleManager: Shutting down and abandoning module IOSPlatformEditor (175)
[2016.01.25-03.38.16:800][286]LogModuleManager: Shutting down and abandoning module HTML5PlatformEditor (174)
[2016.01.25-03.38.16:800][286]LogModuleManager: Shutting down and abandoning module AndroidDeviceDetection (173)
[2016.01.25-03.38.17:228][286]LogModuleManager: Shutting down and abandoning module AndroidPlatformEditor (172)
[2016.01.25-03.38.17:228][286]LogModuleManager: Shutting down and abandoning module IOSRuntimeSettings (171)
[2016.01.25-03.38.17:228][286]LogModuleManager: Shutting down and abandoning module AndroidRuntimeSettings (170)
[2016.01.25-03.38.17:228][286]LogModuleManager: Shutting down and abandoning module MergeActors (169)
[2016.01.25-03.38.17:228][286]LogModuleManager: Shutting down and abandoning module SizeMap (168)
[2016.01.25-03.38.17:228][286]LogModuleManager: Shutting down and abandoning module TreeMap (167)
[2016.01.25-03.38.17:228][286]LogModuleManager: Shutting down and abandoning module ReferenceViewer (166)
[2016.01.25-03.38.17:228][286]LogModuleManager: Shutting down and abandoning module LocalizationService (165)
[2016.01.25-03.38.17:228][286]LogModuleManager: Shutting down and abandoning module LocalizationDashboard (164)
[2016.01.25-03.38.17:228][286]LogModuleManager: Shutting down and abandoning module HardwareTargeting (163)
[2016.01.25-03.38.17:228][286]LogModuleManager: Shutting down and abandoning module DeviceProfileEditor (162)
[2016.01.25-03.38.17:228][286]LogModuleManager: Shutting down and abandoning module UndoHistory (161)
[2016.01.25-03.38.17:228][286]LogModuleManager: Shutting down and abandoning module GameplayTagsEditor (160)
[2016.01.25-03.38.17:228][286]LogModuleManager: Shutting down and abandoning module UserFeedback (159)
[2016.01.25-03.38.17:228][286]LogModuleManager: Shutting down and abandoning module XmlParser (158)
[2016.01.25-03.38.17:228][286]LogModuleManager: Shutting down and abandoning module Blutility (157)
[2016.01.25-03.38.17:228][286]LogModuleManager: Shutting down and abandoning module ProjectTargetPlatformEditor (156)
[2016.01.25-03.38.17:228][286]LogModuleManager: Shutting down and abandoning module ProjectSettingsViewer (155)
[2016.01.25-03.38.17:228][286]LogModuleManager: Shutting down and abandoning module InputBindingEditor (154)
[2016.01.25-03.38.17:228][286]LogModuleManager: Shutting down and abandoning module EditorSettingsViewer (153)
[2016.01.25-03.38.17:228][286]LogModuleManager: Shutting down and abandoning module SettingsEditor (152)
[2016.01.25-03.38.17:228][286]LogModuleManager: Shutting down and abandoning module ProjectLauncher (151)
[2016.01.25-03.38.17:228][286]LogModuleManager: Shutting down and abandoning module SessionFrontend (150)
[2016.01.25-03.38.17:228][286]LogModuleManager: Shutting down and abandoning module ProfilerClient (149)
[2016.01.25-03.38.17:228][286]LogModuleManager: Shutting down and abandoning module TargetDeviceServices (148)
[2016.01.25-03.38.17:228][286]LogModuleManager: Shutting down and abandoning module DeviceManager (147)
[2016.01.25-03.38.17:228][286]LogModuleManager: Shutting down and abandoning module AutomationController (146)
[2016.01.25-03.38.17:228][286]LogModuleManager: Shutting down and abandoning module AutomationWindow (145)
[2016.01.25-03.38.17:228][286]LogModuleManager: Shutting down and abandoning module Layers (144)
[2016.01.25-03.38.17:228][286]LogModuleManager: Shutting down and abandoning module ComponentVisualizers (143)
[2016.01.25-03.38.17:228][286]LogModuleManager: Shutting down and abandoning module DetailCustomizations (142)
[2016.01.25-03.38.17:228][286]LogModuleManager: Shutting down and abandoning module PackagesDialog (141)
[2016.01.25-03.38.17:228][286]LogModuleManager: Shutting down and abandoning module Persona (140)
[2016.01.25-03.38.17:228][286]LogModuleManager: Shutting down and abandoning module Kismet (139)
[2016.01.25-03.38.17:229][286]LogModuleManager: Shutting down and abandoning module GraphEditor (138)
[2016.01.25-03.38.17:229][286]LogModuleManager: Shutting down and abandoning module ClassViewer (137)
[2016.01.25-03.38.17:229][286]LogModuleManager: Shutting down and abandoning module Toolbox (136)
[2016.01.25-03.38.17:229][286]LogModuleManager: Shutting down and abandoning module ModuleUI (135)
[2016.01.25-03.38.17:229][286]LogModuleManager: Shutting down and abandoning module MovieSceneTools (134)
[2016.01.25-03.38.17:229][286]LogModuleManager: Shutting down and abandoning module OutputLog (133)
[2016.01.25-03.38.17:229][286]LogModuleManager: Shutting down and abandoning module GammaUI (132)
[2016.01.25-03.38.17:229][286]LogModuleManager: Shutting down and abandoning module Documentation (131)
[2016.01.25-03.38.17:229][286]LogModuleManager: Shutting down and abandoning module GameLiveStreaming (130)
[2016.01.25-03.38.17:229][286]LogModuleManager: Shutting down and abandoning module StreamingPauseRendering (129)
[2016.01.25-03.38.17:229][286]LogModuleManager: Shutting down and abandoning module AnalyticsET (128)
[2016.01.25-03.38.17:229][286]LogModuleManager: Shutting down and abandoning module Analytics (127)
[2016.01.25-03.38.17:229][286]LogModuleManager: Shutting down and abandoning module AITestSuite (126)
[2016.01.25-03.38.17:229][286]LogModuleManager: Shutting down and abandoning module GameplayDebugger (125)
[2016.01.25-03.38.17:229][286]LogModuleManager: Shutting down and abandoning module AIModule (124)
[2016.01.25-03.38.17:229][286]LogModuleManager: Shutting down and abandoning module ProfilerService (123)
[2016.01.25-03.38.17:236][286]LogModuleManager: Shutting down and abandoning module TaskGraph (122)
[2016.01.25-03.38.17:236][286]LogModuleManager: Shutting down and abandoning module LeapMotion (121)
[2016.01.25-03.38.17:252][286]LogModuleManager: Shutting down and abandoning module SlateRemote (120)
[2016.01.25-03.38.17:252][286]LogModuleManager: Shutting down and abandoning module SteamVRController (119)
[2016.01.25-03.38.17:252][286]LogModuleManager: Shutting down and abandoning module SteamVR (118)
[2016.01.25-03.38.17:252][286]LogModuleManager: Shutting down and abandoning module ProceduralMeshComponent (117)
[2016.01.25-03.38.17:252][286]LogModuleManager: Shutting down and abandoning module OculusRift (116)
[2016.01.25-03.38.17:252][286]LogModuleManager: Shutting down and abandoning module OculusLibrary (115)
[2016.01.25-03.38.17:252][286]LogModuleManager: Shutting down and abandoning module LeapMotionController (114)
[2016.01.25-03.38.17:264][286]LogModuleManager: Shutting down and abandoning module CustomMeshComponent (113)
[2016.01.25-03.38.17:264][286]LogModuleManager: Shutting down and abandoning module CableComponent (112)
[2016.01.25-03.38.17:264][286]LogModuleManager: Shutting down and abandoning module ArchVisCharacter (111)
[2016.01.25-03.38.17:264][286]LogModuleManager: Shutting down and abandoning module MessagingDebugger (110)
[2016.01.25-03.38.17:264][286]LogModuleManager: Shutting down and abandoning module MediaPlayerEditor (109)
[2016.01.25-03.38.17:264][286]LogModuleManager: Shutting down and abandoning module HTML5Networking (108)
[2016.01.25-03.38.17:264][286]LogModuleManager: Shutting down and abandoning module SpeedTreeImporter (107)
[2016.01.25-03.38.17:264][286]LogModuleManager: Shutting down and abandoning module PluginBrowser (106)
[2016.01.25-03.38.17:264][286]LogModuleManager: Shutting down and abandoning module EpicSurvey (105)
[2016.01.25-03.38.17:264][286]LogModuleManager: Shutting down and abandoning module DesktopPlatform (104)
[2016.01.25-03.38.17:264][286]LogModuleManager: Shutting down and abandoning module VisualStudioSourceCodeAccess (103)
[2016.01.25-03.38.17:264][286]LogModuleManager: Shutting down and abandoning module UObjectPlugin (102)
[2016.01.25-03.38.17:264][286]LogModuleManager: Shutting down and abandoning module SubversionSourceControl (101)
[2016.01.25-03.38.17:264][286]LogModuleManager: Shutting down and abandoning module PerforceSourceControl (100)
[2016.01.25-03.38.17:264][286]LogModuleManager: Shutting down and abandoning module SourceControl (99)
[2016.01.25-03.38.17:264][286]LogModuleManager: Shutting down and abandoning module GitSourceControl (98)
[2016.01.25-03.38.17:264][286]LogModuleManager: Shutting down and abandoning module LightPropagationVolumeEditor (97)
[2016.01.25-03.38.17:264][286]LogModuleManager: Shutting down and abandoning module PaperTiledImporter (96)
[2016.01.25-03.38.17:264][286]LogModuleManager: Shutting down and abandoning module PaperSpriteSheetImporter (95)
[2016.01.25-03.38.17:264][286]LogModuleManager: Shutting down and abandoning module MeshPaint (94)
[2016.01.25-03.38.17:264][286]LogModuleManager: Shutting down and abandoning module SlateReflector (93)
[2016.01.25-03.38.17:264][286]LogModuleManager: Shutting down and abandoning module HotReload (92)
[2016.01.25-03.38.17:265][286]LogModuleManager: Shutting down and abandoning module MainFrame (91)
[2016.01.25-03.38.17:265][286]LogModuleManager: Shutting down and abandoning module LevelEditor (90)
[2016.01.25-03.38.17:265][286]LogModuleManager: Shutting down and abandoning module DirectoryWatcher (89)
[2016.01.25-03.38.17:266][286]LogModuleManager: Shutting down and abandoning module AssetRegistry (88)
[2016.01.25-03.38.17:390][286]LogModuleManager: Shutting down and abandoning module ContentBrowser (87)
[2016.01.25-03.38.17:391][286]LogModuleManager: Shutting down and abandoning module Paper2DEditor (86)
[2016.01.25-03.38.17:391][286]LogModuleManager: Shutting down and abandoning module UdpMessaging (85)
[2016.01.25-03.38.17:491][286]LogModuleManager: Shutting down and abandoning module LightPropagationVolumeRuntime (84)
[2016.01.25-03.38.17:491][286]LogModuleManager: Shutting down and abandoning module Paper2D (83)
[2016.01.25-03.38.17:491][286]LogModuleManager: Shutting down and abandoning module WindowsMoviePlayer (82)
[2016.01.25-03.38.17:493][286]LogModuleManager: Shutting down and abandoning module Media (81)
[2016.01.25-03.38.17:493][286]LogModuleManager: Shutting down and abandoning module WmfMedia (80)
[2016.01.25-03.38.17:493][286]LogModuleManager: Shutting down and abandoning module OnlineBlueprintSupport (79)
[2016.01.25-03.38.17:493][286]LogModuleManager: Shutting down and abandoning module GameplayTasksEditor (78)
[2016.01.25-03.38.17:493][286]LogModuleManager: Shutting down and abandoning module PropertyEditor (77)
[2016.01.25-03.38.17:493][286]LogModuleManager: Shutting down and abandoning module BehaviorTreeEditor (76)
[2016.01.25-03.38.17:493][286]LogModuleManager: Shutting down and abandoning module FunctionalTesting (75)
[2016.01.25-03.38.17:493][286]LogModuleManager: Shutting down and abandoning module CollisionAnalyzer (74)
[2016.01.25-03.38.17:493][286]LogModuleManager: Shutting down and abandoning module WorkspaceMenuStructure (73)
[2016.01.25-03.38.17:493][286]LogModuleManager: Shutting down and abandoning module MessageLog (72)
[2016.01.25-03.38.17:493][286]LogModuleManager: Shutting down and abandoning module Sequencer (71)
[2016.01.25-03.38.17:493][286]LogModuleManager: Shutting down and abandoning module AssetTools (70)
[2016.01.25-03.38.17:493][286]LogModuleManager: Shutting down and abandoning module UMGEditor (69)
[2016.01.25-03.38.17:493][286]LogModuleManager: Shutting down and abandoning module UMG (68)
[2016.01.25-03.38.17:493][286]LogModuleManager: Shutting down and abandoning module Slate (67)
[2016.01.25-03.38.17:493][286]LogModuleManager: Shutting down and abandoning module EditorStyle (66)
[2016.01.25-03.38.17:494][286]LogModuleManager: Shutting down and abandoning module SessionServices (65)
[2016.01.25-03.38.17:494][286]LogModuleManager: Shutting down and abandoning module SourceCodeAccess (64)
[2016.01.25-03.38.17:494][286]LogModuleManager: Shutting down and abandoning module HeadMountedDisplay (63)
[2016.01.25-03.38.17:494][286]LogModuleManager: Shutting down and abandoning module XAudio2 (62)
[2016.01.25-03.38.17:494][286]LogModuleManager: Shutting down and abandoning module Networking (60)
[2016.01.25-03.38.17:494][286]LogModuleManager: Shutting down and abandoning module Core (59)
[2016.01.25-03.38.17:494][286]LogModuleManager: Shutting down and abandoning module KismetCompiler (58)
[2016.01.25-03.38.17:495][286]LogModuleManager: Shutting down and abandoning module PhysXFormats (57)
[2016.01.25-03.38.17:495][286]LogModuleManager: Shutting down and abandoning module MeshUtilities (56)
[2016.01.25-03.38.17:495][286]LogModuleManager: Shutting down and abandoning module CookingStats (55)
[2016.01.25-03.38.17:495][286]LogModuleManager: Shutting down and abandoning module DerivedDataCache (54)
[2016.01.25-03.38.17:572][286]LogDerivedDataCache: Shutdown
[2016.01.25-03.38.17:572][286]LogModuleManager: Shutting down and abandoning module ShaderFormatOpenGL (53)
[2016.01.25-03.38.17:572][286]LogModuleManager: Shutting down and abandoning module ShaderFormatD3D (52)
[2016.01.25-03.38.17:572][286]LogModuleManager: Shutting down and abandoning module MetalShaderFormat (51)
[2016.01.25-03.38.17:572][286]LogModuleManager: Shutting down and abandoning module TextureFormatUncompressed (50)
[2016.01.25-03.38.17:572][286]LogModuleManager: Shutting down and abandoning module TextureFormatPVR (49)
[2016.01.25-03.38.17:572][286]LogModuleManager: Shutting down and abandoning module TextureFormatIntelISPCTexComp (48)
[2016.01.25-03.38.17:572][286]LogModuleManager: Shutting down and abandoning module TextureFormatDXT (47)
[2016.01.25-03.38.17:572][286]LogModuleManager: Shutting down and abandoning module ImageWrapper (46)
[2016.01.25-03.38.17:572][286]LogModuleManager: Shutting down and abandoning module TextureFormatASTC (45)
[2016.01.25-03.38.17:572][286]LogModuleManager: Shutting down and abandoning module TextureFormatAndroid (44)
[2016.01.25-03.38.17:572][286]LogModuleManager: Shutting down and abandoning module AudioFormatOpus (43)
[2016.01.25-03.38.17:572][286]LogModuleManager: Shutting down and abandoning module AudioFormatOgg (42)
[2016.01.25-03.38.17:572][286]LogModuleManager: Shutting down and abandoning module AudioFormatADPCM (41)
[2016.01.25-03.38.17:572][286]LogModuleManager: Shutting down and abandoning module LinuxTargetPlatform (40)
[2016.01.25-03.38.17:572][286]LogModuleManager: Shutting down and abandoning module LinuxServerTargetPlatform (39)
[2016.01.25-03.38.17:572][286]LogModuleManager: Shutting down and abandoning module LinuxNoEditorTargetPlatform (38)
[2016.01.25-03.38.17:572][286]LogModuleManager: Shutting down and abandoning module Messaging (37)
[2016.01.25-03.38.17:572][286]LogModuleManager: Shutting down and abandoning module IOSTargetPlatform (36)
[2016.01.25-03.38.17:572][286]LogModuleManager: Shutting down and abandoning module HTML5TargetPlatform (35)
[2016.01.25-03.38.17:572][286]LogModuleManager: Shutting down and abandoning module Android_PVRTCTargetPlatform (34)
[2016.01.25-03.38.17:572][286]LogModuleManager: Shutting down and abandoning module Android_ETC2TargetPlatform (33)
[2016.01.25-03.38.17:572][286]LogModuleManager: Shutting down and abandoning module Android_ETC1TargetPlatform (32)
[2016.01.25-03.38.17:572][286]LogModuleManager: Shutting down and abandoning module Android_DXTTargetPlatform (31)
[2016.01.25-03.38.17:572][286]LogModuleManager: Shutting down and abandoning module Android_ATCTargetPlatform (30)
[2016.01.25-03.38.17:572][286]LogModuleManager: Shutting down and abandoning module Android_ASTCTargetPlatform (29)
[2016.01.25-03.38.17:572][286]LogModuleManager: Shutting down and abandoning module AndroidTargetPlatform (28)
[2016.01.25-03.38.17:572][286]LogModuleManager: Shutting down and abandoning module WindowsTargetPlatform (27)
[2016.01.25-03.38.17:572][286]LogModuleManager: Shutting down and abandoning module WindowsServerTargetPlatform (26)
[2016.01.25-03.38.17:572][286]LogModuleManager: Shutting down and abandoning module WindowsNoEditorTargetPlatform (25)
[2016.01.25-03.38.17:572][286]LogModuleManager: Shutting down and abandoning module WindowsClientTargetPlatform (24)
[2016.01.25-03.38.17:572][286]LogModuleManager: Shutting down and abandoning module AllDesktopTargetPlatform (23)
[2016.01.25-03.38.17:572][286]LogModuleManager: Shutting down and abandoning module TargetPlatform (22)
[2016.01.25-03.38.17:572][286]LogModuleManager: Shutting down and abandoning module InputCore (21)
[2016.01.25-03.38.17:572][286]LogModuleManager: Shutting down and abandoning module Settings (20)
[2016.01.25-03.38.17:572][286]LogModuleManager: Shutting down and abandoning module OnlineSubsystem (18)
[2016.01.25-03.38.17:572][286]LogModuleManager: Shutting down and abandoning module HTTP (17)
[2016.01.25-03.38.19:572][286]LogModuleManager: Shutting down and abandoning module XMPP (16)
[2016.01.25-03.38.19:572][286]LogModuleManager: Shutting down and abandoning module ExampleDeviceProfileSelector (15)
[2016.01.25-03.38.19:572][286]LogModuleManager: Shutting down and abandoning module TextureCompressor (14)
[2016.01.25-03.38.19:572][286]LogModuleManager: Shutting down and abandoning module ShaderCore (13)
[2016.01.25-03.38.19:572][286]LogModuleManager: Shutting down and abandoning module Landscape (12)
[2016.01.25-03.38.19:572][286]LogModuleManager: Shutting down and abandoning module SlateRHIRenderer (11)
[2016.01.25-03.38.19:572][286]LogModuleManager: Shutting down and abandoning module OpenGLDrv (10)
[2016.01.25-03.38.19:572][286]LogModuleManager: Shutting down and abandoning module D3D11RHI (9)
[2016.01.25-03.38.19:572][286]LogModuleManager: Shutting down and abandoning module AnimGraphRuntime (8)
[2016.01.25-03.38.19:573][286]LogModuleManager: Shutting down and abandoning module Renderer (7)
[2016.01.25-03.38.19:573][286]LogModuleManager: Shutting down and abandoning module Engine (6)
[2016.01.25-03.38.19:573][286]LogModuleManager: Shutting down and abandoning module CoreUObject (5)
[2016.01.25-03.38.19:573][286]LogModuleManager: Shutting down and abandoning module NetworkFile (4)
[2016.01.25-03.38.19:573][286]LogModuleManager: Shutting down and abandoning module StreamingFile (3)
[2016.01.25-03.38.19:573][286]LogModuleManager: Shutting down and abandoning module SandboxFile (2)
[2016.01.25-03.38.19:573][286]LogModuleManager: Shutting down and abandoning module PakFile (1)
[2016.01.25-03.38.19:573][286]LogExit: Exiting.
[2016.01.25-03.38.19:574][286]Log file closed, 01/25/16 00:38:19
