[2016.01.28-22.52.12:752][  0]Log file open, 01/28/16 19:52:12
[2016.01.28-22.52.12:752][  0]LogInit:Display: Running engine for game: LeapBasics
[2016.01.28-22.52.12:752][  0]LogInit:Display: RandInit(-634767541) SRandInit(-634767540).
[2016.01.28-22.52.12:752][  0]LogTaskGraph: Started task graph with 4 named threads and 5 total threads.
[2016.01.28-22.52.12:752][  0]LogStats: Stats thread started at 0.124817
[2016.01.28-22.52.12:752][  0]LogInit: Version: 4.9.2-2707645+++depot+UE4-Releases+4.9
[2016.01.28-22.52.12:752][  0]LogInit: API Version: 2672455
[2016.01.28-22.52.12:752][  0]LogInit: Compiled (64-bit): Sep 28 2015 10:25:44
[2016.01.28-22.52.12:752][  0]LogInit: Compiled with Visual C++: 18.00.21005.01
[2016.01.28-22.52.12:752][  0]LogInit: Build Configuration: Development
[2016.01.28-22.52.12:752][  0]LogInit: Branch Name: ++depot+UE4-Releases+4.9
[2016.01.28-22.52.12:752][  0]LogInit: Command line: 
[2016.01.28-22.52.12:752][  0]LogInit: Base directory: C:/Program Files/Epic Games/4.9/Engine/Binaries/Win64/
[2016.01.28-22.52.12:752][  0]LogInit: Rocket: 1
[2016.01.28-22.52.12:774][  0]LogInit: Using libcurl 7.41.0
[2016.01.28-22.52.12:774][  0]LogInit:  - built for x86_64-pc-win32
[2016.01.28-22.52.12:774][  0]LogInit:  - supports SSL with WinSSL
[2016.01.28-22.52.12:774][  0]LogInit:  - other features:
[2016.01.28-22.52.12:774][  0]LogInit:      CURL_VERSION_SSL
[2016.01.28-22.52.12:774][  0]LogInit:      CURL_VERSION_IPV6
[2016.01.28-22.52.12:774][  0]LogInit:      CURL_VERSION_ASYNCHDNS
[2016.01.28-22.52.12:774][  0]LogInit:      CURL_VERSION_LARGEFILE
[2016.01.28-22.52.12:774][  0]LogInit:      CURL_VERSION_IDN
[2016.01.28-22.52.12:774][  0]LogInit:  CurlRequestOptions (configurable via config and command line):
[2016.01.28-22.52.12:774][  0]LogInit:  - bVerifyPeer = true  - Libcurl will verify peer certificate
[2016.01.28-22.52.12:774][  0]LogInit:  - bUseHttpProxy = false  - Libcurl will NOT use HTTP proxy
[2016.01.28-22.52.12:774][  0]LogInit:  - bDontReuseConnections = false  - Libcurl will reuse connections
[2016.01.28-22.52.12:774][  0]LogInit:  - CertBundlePath = nullptr  - Libcurl will use whatever was configured at build time.
[2016.01.28-22.52.12:789][  0]LogInit: Presizing for 0 objects not considered by GC, pre-allocating 0 bytes.
[2016.01.28-22.52.12:801][  0]LogInit: Object subsystem initialized
[2016.01.28-22.52.12:803][  0]LogInit: Selected Device Profile: [Windows]
[2016.01.28-22.52.12:803][  0]LogInit: Applying CVar settings loaded from the selected device profile: [Windows]
[2016.01.28-22.52.12:815][  0]LogInit: Computer: TONGA-PC
[2016.01.28-22.52.12:815][  0]LogInit: User: Tonga
[2016.01.28-22.52.12:815][  0]LogInit: CPU Page size=4096, Cores=2
[2016.01.28-22.52.12:815][  0]LogInit: High frequency timer resolution =3.021884 MHz
[2016.01.28-22.52.12:815][  0]LogMemory: Memory total: Physical=7.9GB (8GB approx)
[2016.01.28-22.52.12:815][  0]LogMemory: Platform Memory Stats for Windows
[2016.01.28-22.52.12:815][  0]LogMemory: Process Physical Memory: 54.52 MB used, 54.52 MB peak
[2016.01.28-22.52.12:815][  0]LogMemory: Process Virtual Memory: 58.59 MB used, 58.59 MB peak
[2016.01.28-22.52.12:815][  0]LogMemory: Physical Memory: 3771.11 MB used, 8132.66 MB total
[2016.01.28-22.52.12:815][  0]LogMemory: Virtual Memory: 341.77 MB used, 8388608.00 MB total
[2016.01.28-22.52.14:161][  0]LogD3D11RHI: Found D3D11 adapter 0: NVIDIA GeForce GTX 750 Ti (Feature Level 11_0)
[2016.01.28-22.52.14:161][  0]LogD3D11RHI: Adapter has 1992MB of dedicated video memory, 0MB of dedicated system memory, and 2048MB of shared system memory, 1 output[s]
[2016.01.28-22.52.14:161][  0]LogD3D11RHI: Chosen D3D11 Adapter Id = 0
[2016.01.28-22.52.14:173][  0]LogD3D11RHI: !Direct3DDevice
[2016.01.28-22.52.14:173][  0]LogRHI: Texture pool is 1361 MB (70% of 1945 MB)
[2016.01.28-22.52.14:190][  0]LogD3D11RHI: Async texture creation enabled
[2016.01.28-22.52.14:208][  0]LogShaderCompilers: Guid format shader working directory is 15 characters bigger than the processId version (../../../../../../Users/Tonga/Documents/Facultad/Tesis/Repositorio/proygrad_fing/LeapBasics/Intermediate/Shaders/WorkingDirectory/4504/).
[2016.01.28-22.52.14:209][  0]LogShaderCompilers: Cleaned the shader compiler working directory '../../../../../../Users/Tonga/Documents/Facultad/Tesis/Repositorio/proygrad_fing/LeapBasics/Intermediate/Shaders/tmp/756FF4D64C3959B67ED36F868F87E794/'.
[2016.01.28-22.52.14:209][  0]LogShaderCompilers:Display: Using Local Shader Compiler.
[2016.01.28-22.52.16:433][  0]LogTemp:Display: Loaded TP AllDesktopTargetPlatform
[2016.01.28-22.52.16:449][  0]LogTemp:Display: Loaded TP WindowsClientTargetPlatform
[2016.01.28-22.52.16:464][  0]LogTemp:Display: Loaded TP WindowsNoEditorTargetPlatform
[2016.01.28-22.52.16:481][  0]LogTemp:Display: Loaded TP WindowsServerTargetPlatform
[2016.01.28-22.52.16:495][  0]LogTemp:Display: Loaded TP WindowsTargetPlatform
[2016.01.28-22.52.16:505][  0]LogTemp:Display: Loaded TP AndroidTargetPlatform
[2016.01.28-22.52.16:515][  0]LogTemp:Display: Loaded TP Android_ASTCTargetPlatform
[2016.01.28-22.52.16:525][  0]LogTemp:Display: Loaded TP Android_ATCTargetPlatform
[2016.01.28-22.52.16:538][  0]LogTemp:Display: Loaded TP Android_DXTTargetPlatform
[2016.01.28-22.52.16:556][  0]LogTemp:Display: Loaded TP Android_ETC1TargetPlatform
[2016.01.28-22.52.16:579][  0]LogTemp:Display: Loaded TP Android_ETC2TargetPlatform
[2016.01.28-22.52.16:589][  0]LogTemp:Display: Loaded TP Android_PVRTCTargetPlatform
[2016.01.28-22.52.16:592][  0]LogTemp:Display: Loaded TP HTML5TargetPlatform
[2016.01.28-22.52.16:618][  0]LogTemp:Display: Loaded TP IOSTargetPlatform
[2016.01.28-22.52.16:626][  0]LogTemp:Display: Loaded TP LinuxNoEditorTargetPlatform
[2016.01.28-22.52.16:634][  0]LogTemp:Display: Loaded TP LinuxServerTargetPlatform
[2016.01.28-22.52.16:642][  0]LogTemp:Display: Loaded TP LinuxTargetPlatform
[2016.01.28-22.52.16:642][  0]LogTargetPlatformManager:Display: Building Assets For Windows
[2016.01.28-22.52.16:841][  0]LogDerivedDataCache:Display: Max Cache Size: 512 MB
[2016.01.28-22.52.16:968][  0]LogDerivedDataCache: Loaded boot cache 0.13s 41MB C:/Users/Tonga/AppData/Local/UnrealEngine/4.9/DerivedDataCache/Boot.ddc.
[2016.01.28-22.52.16:968][  0]LogDerivedDataCache:Display: Loaded Boot cache: C:/Users/Tonga/AppData/Local/UnrealEngine/4.9/DerivedDataCache/Boot.ddc
[2016.01.28-22.52.16:969][  0]LogDerivedDataCache: FDerivedDataBackendGraph:  Pak pak cache file ../../../../../../Users/Tonga/Documents/Facultad/Tesis/Repositorio/proygrad_fing/LeapBasics/DerivedDataCache/DDC.ddp not found, will not use a pak cache.
[2016.01.28-22.52.16:973][  0]LogDerivedDataCache: Unable to find inner node Pak for hierarchical cache Hierarchy.
[2016.01.28-22.52.16:977][  0]LogDerivedDataCache: FDerivedDataBackendGraph:  CompressedPak pak cache file ../../../../../../Users/Tonga/Documents/Facultad/Tesis/Repositorio/proygrad_fing/LeapBasics/DerivedDataCache/Compressed.ddp not found, will not use a pak cache.
[2016.01.28-22.52.16:977][  0]LogDerivedDataCache: Unable to find inner node CompressedPak for hierarchical cache Hierarchy.
[2016.01.28-22.52.17:239][  0]LogDerivedDataCache:Display: Pak cache opened for reading ../../../Engine/DerivedDataCache/Compressed.ddp.
[2016.01.28-22.52.17:252][  0]LogDerivedDataCache: Using Local data cache path C:/Users/Tonga/AppData/Local/UnrealEngine/Common/DerivedDataCache: Writable
[2016.01.28-22.52.17:695][  0]LogInit: Selected Device Profile: [Windows]
[2016.01.28-22.52.17:697][  0]LogContentStreaming: Texture pool size is 0.000000MB
[2016.01.28-22.52.17:787][  0]LogMeshUtilities: No automatic mesh reduction module available
[2016.01.28-22.52.17:787][  0]LogMeshUtilities: No automatic mesh merging module available
[2016.01.28-22.52.18:660][  0]LogInit: WinSock: version 1.1 (2.2), MaxSocks=32767, MaxUdp=65467
[2016.01.28-22.52.20:801][  0]UdpMessaging: Initializing bridge on interface 0.0.0.0:0 to multicast group 230.0.0.1:6666.
[2016.01.28-22.52.20:948][  0]LogAssetRegistry: FAssetRegistry took 0.0097 seconds to start up
[2016.01.28-22.52.21:339][  0]SourceControl: Info Source control is disabled
[2016.01.28-22.52.21:340][  0]SourceControl: Info Source control is disabled
[2016.01.28-22.52.21:366][  0]SourceControl: Info Source control is disabled
[2016.01.28-22.52.21:393][  0]SourceControl: Info Source control is disabled
[2016.01.28-22.52.21:759][  0]LogLinker:Warning: Asset '../../../Engine/Plugins/Runtime/LeapMotionController/Content/LM_PassthroughMaterial.uasset' has been saved with empty engine version. The asset will be loaded but may be incompatible.
[2016.01.28-22.52.21:969][  0]LeapPluginLog: Using LeapPlugin version 0.9.7
[2016.01.28-22.52.21:976][  0]LogObj: 28981 objects as part of root set at end of initial load.
[2016.01.28-22.52.21:976][  0]LogUObjectAllocator: 6140360 out of 0 bytes used by permanent object pool.
[2016.01.28-22.52.22:074][  0]LogEngine: Initializing Engine...
[2016.01.28-22.52.22:079][  0]OCULUS: Info: 01/28/16 22:52:22: [CAPI] LibOVR module is located at C:\Windows\system32\LibOVRRT64_0_7.dll

[2016.01.28-22.52.22:580][  0]OCULUS: Error: 01/28/16 22:52:22: [CAPI] ovr_Create failed to complete within the timeout period.
[2016.01.28-22.52.22:585][  0]LogHMD: SteamVR failed to initialize.  Err: 110
[2016.01.28-22.52.22:824][  0]LogAIModule: Creating AISystem for world NewWorld
[2016.01.28-22.52.22:838][  0]LogInit: XAudio2 using 'Altavoces (Realtek High Definition Audio)' : 2 channels at 48 kHz using 32 bits per sample (channel mask 0x3)
[2016.01.28-22.52.22:934][  0]LogInit: FAudioDevice initialized.
[2016.01.28-22.52.22:986][  0]LogDerivedDataCache: Saved boot cache 0.05s 41MB C:/Users/Tonga/AppData/Local/UnrealEngine/4.9/DerivedDataCache/Boot.ddc.
[2016.01.28-22.52.23:004][  0]LogInit: Texture streaming: Enabled
[2016.01.28-22.52.23:020][  0]LogAnalytics: Creating configured Analytics provider AnalyticsET
[2016.01.28-22.52.23:020][  0]LogAnalytics: [UEEditor.Rocket.Release] APIServer = http://et2.epicgames.com/ET2/. AppVersion = 4.9.2-2707645+++depot+UE4-Releases+4.9
[2016.01.28-22.52.23:020][  0]LogAnalytics: [UEEditor.Rocket.Release] SetUserId d2bef611456171cb171d15a4a42cb182|6ac59fa8cbb647a4b14c5a548cbd3b91|31fc86a8-acb9-451a-b082-adf3974f05a6
[2016.01.28-22.52.23:020][  0]LogAnalytics: [UEEditor.Rocket.Release] AnalyticsET::StartSession
[2016.01.28-22.52.23:142][  0]LogInit: Transaction tracking system initialized
[2016.01.28-22.52.23:220][  0]BlueprintLog: New page: Editor Load
[2016.01.28-22.52.23:470][  0]LocalizationService: Info Localization service is disabled
[2016.01.28-22.52.23:704][  0]LogConsoleResponse:Display: 
[2016.01.28-22.52.23:928][  0]LogCook:Display: Done creating registry. It took  0.00s.
[2016.01.28-22.52.24:099][  0]LogFileCache: Scanning file cache for directory 'C:/Users/Tonga/Documents/Facultad/Tesis/Repositorio/proygrad_fing/LeapBasics/Content/' took 0.02s
[2016.01.28-22.52.24:099][  0]SourceControl: Info Source control is disabled
[2016.01.28-22.52.24:100][  0]Cmd: MAP LOAD FILE="../../../../../../Users/Tonga/Documents/Facultad/Tesis/Repositorio/proygrad_fing/LeapBasics/Content/StarterContent/Maps/Minimal_Default.umap" TEMPLATE=0 SHOWPROGRESS=1 FEATURELEVEL=3
[2016.01.28-22.52.24:142][  0]LightingResults: New page: Lighting Build
[2016.01.28-22.52.24:156][  0]MapCheck: New page: Map Check
[2016.01.28-22.52.24:156][  0]LightingResults: New page: Lighting Build
[2016.01.28-22.52.24:187][  0]LogParticles: Destroying 0 GPU particle simulations for FXSystem 0x0000000027016020
[2016.01.28-22.52.27:831][  0]LogBlueprint:Warning: [compiler LeapBasicRiggedCharacter] Warning InputAction Event references unknown Action 'Jump' for  InputAction Jump 
[2016.01.28-22.52.27:832][  0]LogBlueprint:Warning: [compiler LeapBasicRiggedCharacter] Warning Input Axis Event references unknown Axis 'LookUpRate' for  InputAxis LookUpRate 
[2016.01.28-22.52.27:832][  0]LogBlueprint:Warning: [compiler LeapBasicRiggedCharacter] Warning Input Axis Event references unknown Axis 'TurnRate' for  InputAxis TurnRate 
[2016.01.28-22.52.27:833][  0]LogBlueprint:Warning: [compiler LeapBasicRiggedCharacter] Warning Input Axis Event references unknown Axis 'MoveForward' for  InputAxis MoveForward 
[2016.01.28-22.52.27:838][  0]LogBlueprint:Warning: [compiler LeapBasicRiggedCharacter] Warning [0015.99] Compile of LeapBasicRiggedCharacter successful, but with 4 Warning(s) [in 18 ms]
[2016.01.28-22.52.27:838][  0]LogBlueprint:Warning: [compiler LeapBasicRiggedCharacter] Warning [0015.99] Compile of LeapBasicRiggedCharacter successful, but with 5 Warning(s) [in 0 ms]
[2016.01.28-22.52.27:838][  0]LogBlueprint:Warning: [compiler LeapBasicRiggedCharacter] Warning [0015.99] Compile of LeapBasicRiggedCharacter successful, but with 6 Warning(s) [in 0 ms]
[2016.01.28-22.52.27:856][  0]LogBlueprint:Warning: [compiler LeapBasicRiggedCharacter] Warning InputAction Event references unknown Action 'Jump' for  InputAction Jump 
[2016.01.28-22.52.27:856][  0]LogBlueprint:Warning: [compiler LeapBasicRiggedCharacter] Warning Input Axis Event references unknown Axis 'LookUpRate' for  InputAxis LookUpRate 
[2016.01.28-22.52.27:856][  0]LogBlueprint:Warning: [compiler LeapBasicRiggedCharacter] Warning Input Axis Event references unknown Axis 'TurnRate' for  InputAxis TurnRate 
[2016.01.28-22.52.27:857][  0]LogBlueprint:Warning: [compiler LeapBasicRiggedCharacter] Warning Input Axis Event references unknown Axis 'MoveForward' for  InputAxis MoveForward 
[2016.01.28-22.52.27:863][  0]LogBlueprint:Warning: [compiler LeapBasicRiggedCharacter] Warning [0016.02] Compile of LeapBasicRiggedCharacter successful, but with 4 Warning(s) [in 19 ms]
[2016.01.28-22.52.27:863][  0]LogBlueprint:Warning: [compiler LeapBasicRiggedCharacter] Warning [0016.02] Compile of LeapBasicRiggedCharacter successful, but with 5 Warning(s) [in 0 ms]
[2016.01.28-22.52.27:863][  0]LogBlueprint:Warning: [compiler LeapBasicRiggedCharacter] Warning [0016.02] Compile of LeapBasicRiggedCharacter successful, but with 6 Warning(s) [in 0 ms]
[2016.01.28-22.52.29:327][  0]LogTexture:Display: Building textures: HQ_Lightmap1_1 (AutoDXT)
[2016.01.28-22.52.29:361][  0]LogTexture:Display: Building textures: HQ_Lightmap1_2 (AutoDXT)
[2016.01.28-22.52.29:399][  0]LogTexture:Display: Building textures: HQ_Lightmap1_3 (AutoDXT)
[2016.01.28-22.52.29:433][  0]LogTexture:Display: Building textures: HQ_Lightmap1_4 (AutoDXT)
[2016.01.28-22.52.29:457][  0]LogTexture:Display: Building textures: LQ_Lightmap_1_1 (DXT1)
[2016.01.28-22.52.29:466][  0]LogTexture:Display: Building textures: LQ_Lightmap_1_2 (DXT1)
[2016.01.28-22.52.29:489][  0]LogTexture:Display: Building textures: LQ_Lightmap_1_3 (DXT1)
[2016.01.28-22.52.29:507][  0]LogTexture:Display: Building textures: LQ_Lightmap_1_4 (DXT1)
[2016.01.28-22.52.29:513][  0]LogTexture:Display: Building textures: SkyOcclusion1_1 (AutoDXT)
[2016.01.28-22.52.29:534][  0]LogTexture:Display: Building textures: SkyOcclusion1_2 (AutoDXT)
[2016.01.28-22.52.29:558][  0]LogTexture:Display: Building textures: SkyOcclusion1_3 (AutoDXT)
[2016.01.28-22.52.29:572][  0]LogTexture:Display: Building textures: SkyOcclusion1_4 (AutoDXT)
[2016.01.28-22.52.29:587][  0]LogTexture:Display: Building textures: ShadowMapTexture2D_46 (G8)
[2016.01.28-22.52.29:589][  0]LogTexture:Display: Building textures: ShadowMapTexture2D_47 (G8)
[2016.01.28-22.52.29:591][  0]LogTexture:Display: Building textures: ShadowMapTexture2D_48 (G8)
[2016.01.28-22.52.29:592][  0]LogTexture:Display: Building textures: ShadowMapTexture2D_49 (G8)
[2016.01.28-22.52.29:593][  0]LogStaticMesh: Building static mesh basico_mm...
[2016.01.28-22.52.29:620][  0]LogStaticMesh: Built static mesh [0.028388.2s] /Game/basico_mm.basico_mm
[2016.01.28-22.52.30:040][  0]LogTexture:Display: Building textures: Icon128 (AutoDXT)
[2016.01.28-22.52.30:847][  0]LogMaterial: Missing cached shader map for material Layer_0Mat, compiling. 
[2016.01.28-22.52.30:917][  0]LogAIModule: Creating AISystem for world Minimal_Default
[2016.01.28-22.52.30:942][  0]LeapPluginLog: InterfaceObject: CameraActor_Blueprint_C_0
[2016.01.28-22.52.30:943][  0]LeapPluginLog: InterfaceObject: LeapAnimBodyConnector_C_409
[2016.01.28-22.52.30:943][  0]LeapPluginLog:Warning: Warning! More than one (2) Leap Controller Component detected! Duplication of work and output may result (inefficiency warning).
[2016.01.28-22.52.30:945][  0]LeapPluginLog: LeapController::CleanupEventData Delete Called
[2016.01.28-22.52.30:987][  0]LeapPluginLog: LeapController::CleanupEventData Delete Called
[2016.01.28-22.52.30:990][  0]LeapPluginLog: InterfaceObject: LeapAnimBodyConnector_C_411
[2016.01.28-22.52.30:991][  0]LeapPluginLog: InterfaceObject: CameraActor_Blueprint_C_0
[2016.01.28-22.52.30:991][  0]LeapPluginLog:Warning: Warning! More than one (2) Leap Controller Component detected! Duplication of work and output may result (inefficiency warning).
[2016.01.28-22.52.30:992][  0]LeapPluginLog: LeapController::CleanupEventData Delete Called
[2016.01.28-22.52.30:992][  0]LeapPluginLog: InterfaceObject: CameraActor_Blueprint_C_0
[2016.01.28-22.52.30:992][  0]LeapPluginLog:Warning: Warning! More than one (2) Leap Controller Component detected! Duplication of work and output may result (inefficiency warning).
[2016.01.28-22.52.30:993][  0]LogEditorServer: Finished looking for orphan Actors (0.000 secs)
[2016.01.28-22.52.30:993][  0]Cmd: MAP CHECKDEP NOCLEARLOG
[2016.01.28-22.52.31:171][  0]MapCheck: Info Map check complete: 0 Error(s), 0 Warning(s), took 176.925ms to complete.
[2016.01.28-22.52.31:171][  0]LogFileHelpers: Loading map 'Minimal_Default' took 7.071
[2016.01.28-22.52.31:531][  0]LogCollectionManager: Loaded 0 collections in 0.004500 seconds
[2016.01.28-22.52.31:593][  0]LogFileCache: Scanning file cache for directory 'C:/Users/Tonga/Documents/Facultad/Tesis/Repositorio/proygrad_fing/LeapBasics/Saved/Collections/' took 0.01s
[2016.01.28-22.52.31:593][  0]LogFileCache: Scanning file cache for directory 'C:/Users/Tonga/Documents/Facultad/Tesis/Repositorio/proygrad_fing/LeapBasics/Content/Developers/Tonga/Collections/' took 0.02s
[2016.01.28-22.52.31:594][  0]LogFileCache: Scanning file cache for directory 'C:/Users/Tonga/Documents/Facultad/Tesis/Repositorio/proygrad_fing/LeapBasics/Content/Collections/' took 0.01s
[2016.01.28-22.52.31:594][  0]LogContentBrowser: Native class hierarchy populated in 0.0171 seconds. Added 1893 classes and 337 folders.
[2016.01.28-22.52.31:607][  0]LogCollectionManager: Rebuilt the GUID cache for 0 collections in 0.000004 seconds
[2016.01.28-22.52.31:640][  0]LogContentBrowser: Native class hierarchy updated for 'WidgetCarousel' in 0.0008 seconds. Added 0 classes and 0 folders.
[2016.01.28-22.52.36:837][  0]LogContentBrowser: Native class hierarchy updated for 'AddContentDialog' in 0.0008 seconds. Added 0 classes and 0 folders.
[2016.01.28-22.52.37:201][  0]LogContentBrowser: Native class hierarchy updated for 'SceneOutliner' in 0.0008 seconds. Added 1 classes and 2 folders.
[2016.01.28-22.52.37:536][  0]LogCrashTracker: Crashtracker disabled due to settings.
[2016.01.28-22.52.37:544][  0]LogUObjectGlobals:Warning: Failed to find object 'Class None.'
[2016.01.28-22.52.37:629][  0]LogLoad: Full Startup: 25.78 seconds (BP compile: 1.66 seconds)
[2016.01.28-22.52.38:129][  0]LogContentStreaming: Texture pool size now 1000 MB
[2016.01.28-22.52.38:514][  0]LogRenderer: Reallocating scene render targets to support 1144x576 (Frame:2).
[2016.01.28-22.52.38:866][  1]LeapPluginLog: InterfaceObject: LeapAnimBodyConnector_C_412
[2016.01.28-22.52.38:866][  1]LeapPluginLog:Warning: Warning! More than one (3) Leap Controller Component detected! Duplication of work and output may result (inefficiency warning).
[2016.01.28-22.52.39:723][ 12]LogAssetRegistry: Asset discovery search completed in 18.7844 seconds
[2016.01.28-22.52.39:723][ 12]LogCollectionManager: Rebuilt the object cache for 0 collections in 0.000001 seconds (found 0 objects)
[2016.01.28-22.52.39:723][ 12]LogCollectionManager: Fixed up redirectors for 0 collections in 0.000039 seconds (updated 0 objects)
[2016.01.28-22.52.59:179][552]LogBlueprintUserMessages: Early PlayInEditor Detection: Level '/Game/StarterContent/Maps/Minimal_Default.Minimal_Default:PersistentLevel' has LevelScriptBlueprint '/Game/StarterContent/Maps/Minimal_Default.Minimal_Default:PersistentLevel.Minimal_Default' with GeneratedClass '/Game/StarterContent/Maps/Minimal_Default.Minimal_Default_C' with ClassGeneratedBy '/Game/StarterContent/Maps/Minimal_Default.Minimal_Default:PersistentLevel.Minimal_Default'
[2016.01.28-22.52.59:179][552]LogPlayLevel: PlayLevel: No blueprints needed recompiling
[2016.01.28-22.52.59:180][552]PIE: New page: PIE session: Minimal_Default (Jan 28, 2016, 4:52:59 PM)
[2016.01.28-22.52.59:180][552]LogPlayLevel: Creating play world package: /Game/StarterContent/Maps/UEDPIE_0_Minimal_Default
[2016.01.28-22.52.59:194][552]LogPlayLevel: PIE: StaticDuplicateObject took: (0.013853s)
[2016.01.28-22.52.59:196][552]LogAIModule: Creating AISystem for world Minimal_Default
[2016.01.28-22.52.59:197][552]LogPlayLevel: PIE: World Init took: (0.002341s)
[2016.01.28-22.52.59:197][552]LogPlayLevel: PIE: Created PIE world by copying editor world from /Game/StarterContent/Maps/Minimal_Default.Minimal_Default to /Game/StarterContent/Maps/UEDPIE_0_Minimal_Default.Minimal_Default (0.016547s)
[2016.01.28-22.52.59:197][552]LogActorComponent: UnregisterComponent: (/Engine/Transient.CharMoveComp) Not registered. Aborting.
[2016.01.28-22.52.59:197][552]LogActorComponent: UnregisterComponent: (/Engine/Transient.LeapController_GEN_VARIABLE) Not registered. Aborting.
[2016.01.28-22.52.59:302][552]LeapPluginLog: LeapController::CleanupEventData Delete Called
[2016.01.28-22.52.59:336][552]LeapPluginLog: LeapController::CleanupEventData Delete Called
[2016.01.28-22.52.59:394][552]LeapPluginLog: LeapController::CleanupEventData Delete Called
[2016.01.28-22.52.59:414][552]LeapPluginLog: LeapController::CleanupEventData Delete Called
[2016.01.28-22.52.59:485][552]LeapPluginLog: LeapController::CleanupEventData Delete Called
[2016.01.28-22.52.59:515][552]LogInit: XAudio2 using 'Altavoces (Realtek High Definition Audio)' : 2 channels at 48 kHz using 32 bits per sample (channel mask 0x3)
[2016.01.28-22.52.59:554][552]LogInit: FAudioDevice initialized.
[2016.01.28-22.52.59:643][552]LogWorld: Game class is 'GameMode'
[2016.01.28-22.52.59:649][552]LeapPluginLog: InterfaceObject: CameraActor_Blueprint_C_0
[2016.01.28-22.52.59:649][552]LeapPluginLog:Warning: Warning! More than one (4) Leap Controller Component detected! Duplication of work and output may result (inefficiency warning).
[2016.01.28-22.52.59:650][552]LeapPluginLog: InterfaceObject: LeapAnimBodyConnector_C_409
[2016.01.28-22.52.59:650][552]LeapPluginLog:Warning: Warning! More than one (5) Leap Controller Component detected! Duplication of work and output may result (inefficiency warning).
[2016.01.28-22.52.59:650][552]LogWorld: Bringing World /Game/StarterContent/Maps/UEDPIE_0_Minimal_Default.Minimal_Default up for play (max tick rate 0) at 2016.01.28-19.52.59
[2016.01.28-22.52.59:651][552]LogActor:Warning: GameSession /Game/StarterContent/Maps/UEDPIE_0_Minimal_Default.Minimal_Default:PersistentLevel.GameSession_0 has natively added scene component(s), but none of them were set as the actor's RootComponent - picking one arbitrarily
[2016.01.28-22.52.59:652][552]LogActor:Warning: GameNetworkManager /Game/StarterContent/Maps/UEDPIE_0_Minimal_Default.Minimal_Default:PersistentLevel.GameNetworkManager_0 has natively added scene component(s), but none of them were set as the actor's RootComponent - picking one arbitrarily
[2016.01.28-22.52.59:654][552]LogWorld: Bringing up level for play took: 0.009413
[2016.01.28-22.52.59:658][552]PIE: Info Play in editor start time for /Game/StarterContent/Maps/UEDPIE_0_Minimal_Default 0.938
[2016.01.28-22.52.59:658][552]LogBlueprintUserMessages: Late PlayInEditor Detection: Level '/Game/StarterContent/Maps/Minimal_Default.Minimal_Default:PersistentLevel' has LevelScriptBlueprint '/Game/StarterContent/Maps/Minimal_Default.Minimal_Default:PersistentLevel.Minimal_Default' with GeneratedClass '/Game/StarterContent/Maps/Minimal_Default.Minimal_Default_C' with ClassGeneratedBy '/Game/StarterContent/Maps/Minimal_Default.Minimal_Default:PersistentLevel.Minimal_Default'
[2016.01.28-22.53.01:670][702]LogBlueprintUserMessages: [CameraActor_Blueprint_C_0] Grab Released
[2016.01.28-22.53.01:670][702]LogBlueprintUserMessages: [CameraActor_Blueprint_C_0] Pinch Released
[2016.01.28-22.53.01:670][702]LogBlueprintUserMessages: [CameraActor_Blueprint_C_0] Grab Released
[2016.01.28-22.53.01:670][702]LogBlueprintUserMessages: [CameraActor_Blueprint_C_0] Pinch Released
[2016.01.28-22.53.03:384][811]LogBlueprintUserMessages: [CameraActor_Blueprint_C_0] Pinch Pressed
[2016.01.28-22.53.03:384][811]LogBlueprintUserMessages: [CameraActor_Blueprint_C_0] Pinch Pressed
[2016.01.28-22.53.03:526][820]LogBlueprintUserMessages: [CameraActor_Blueprint_C_0] Grab Pressed
[2016.01.28-22.53.03:526][820]LogBlueprintUserMessages: [CameraActor_Blueprint_C_0] Grab Pressed
[2016.01.28-22.53.05:886][967]LogBlueprintUserMessages: [CameraActor_Blueprint_C_0] Grab Released
[2016.01.28-22.53.05:887][967]LogBlueprintUserMessages: [CameraActor_Blueprint_C_0] Pinch Released
[2016.01.28-22.53.05:887][967]LogBlueprintUserMessages: [CameraActor_Blueprint_C_0] Grab Released
[2016.01.28-22.53.05:887][967]LogBlueprintUserMessages: [CameraActor_Blueprint_C_0] Pinch Released
[2016.01.28-22.53.07:792][ 91]LogBlueprintUserMessages: [CameraActor_Blueprint_C_0] Grab Pressed
[2016.01.28-22.53.07:792][ 91]LogBlueprintUserMessages: [CameraActor_Blueprint_C_0] Grab Pressed
[2016.01.28-22.53.13:472][462]LogBlueprintUserMessages: [CameraActor_Blueprint_C_0] Grab Released
[2016.01.28-22.53.13:472][462]LogBlueprintUserMessages: [CameraActor_Blueprint_C_0] Grab Released
[2016.01.28-22.53.15:937][621]LogBlueprintUserMessages: [CameraActor_Blueprint_C_0] Pinch Pressed
[2016.01.28-22.53.15:937][621]LogBlueprintUserMessages: [CameraActor_Blueprint_C_0] Pinch Pressed
[2016.01.28-22.53.16:296][644]LogBlueprintUserMessages: [CameraActor_Blueprint_C_0] Pinch Released
[2016.01.28-22.53.16:297][644]LogBlueprintUserMessages: [CameraActor_Blueprint_C_0] Pinch Released
[2016.01.28-22.53.17:203][706]LogBlueprintUserMessages: [CameraActor_Blueprint_C_0] Grab Released
[2016.01.28-22.53.17:203][706]LogBlueprintUserMessages: [CameraActor_Blueprint_C_0] Pinch Released
[2016.01.28-22.53.17:203][706]LogBlueprintUserMessages: [CameraActor_Blueprint_C_0] Grab Released
[2016.01.28-22.53.17:203][706]LogBlueprintUserMessages: [CameraActor_Blueprint_C_0] Pinch Released
[2016.01.28-22.53.21:796][997]LogBlueprintUserMessages: [CameraActor_Blueprint_C_0] Grab Pressed
[2016.01.28-22.53.21:796][997]LogBlueprintUserMessages: [CameraActor_Blueprint_C_0] Grab Pressed
[2016.01.28-22.53.28:148][417]LogBlueprintUserMessages: [CameraActor_Blueprint_C_0] Grab Released
[2016.01.28-22.53.28:148][417]LogBlueprintUserMessages: [CameraActor_Blueprint_C_0] Pinch Released
[2016.01.28-22.53.28:148][417]LogBlueprintUserMessages: [CameraActor_Blueprint_C_0] Grab Released
[2016.01.28-22.53.28:148][417]LogBlueprintUserMessages: [CameraActor_Blueprint_C_0] Pinch Released
[2016.01.28-22.53.29:876][529]LogBlueprintUserMessages: [CameraActor_Blueprint_C_0] Grab Pressed
[2016.01.28-22.53.29:876][529]LogBlueprintUserMessages: [CameraActor_Blueprint_C_0] Grab Pressed
[2016.01.28-22.53.31:368][625]LogBlueprintUserMessages: [CameraActor_Blueprint_C_0] Grab Released
[2016.01.28-22.53.31:369][625]LogBlueprintUserMessages: [CameraActor_Blueprint_C_0] Pinch Pressed
[2016.01.28-22.53.31:369][625]LogBlueprintUserMessages: [CameraActor_Blueprint_C_0] Grab Released
[2016.01.28-22.53.31:369][625]LogBlueprintUserMessages: [CameraActor_Blueprint_C_0] Pinch Pressed
[2016.01.28-22.53.35:714][909]LogBlueprintUserMessages: [CameraActor_Blueprint_C_0] Grab Pressed
[2016.01.28-22.53.35:730][910]LogBlueprintUserMessages: [CameraActor_Blueprint_C_0] Grab Pressed
[2016.01.28-22.53.36:280][944]LogBlueprintUserMessages: [CameraActor_Blueprint_C_0] Grab Released
[2016.01.28-22.53.36:280][944]LogBlueprintUserMessages: [CameraActor_Blueprint_C_0] Grab Released
[2016.01.28-22.53.36:355][949]LogBlueprintUserMessages: [CameraActor_Blueprint_C_0] Grab Pressed
[2016.01.28-22.53.36:356][949]LogBlueprintUserMessages: [CameraActor_Blueprint_C_0] Grab Pressed
[2016.01.28-22.53.40:597][226]LogBlueprintUserMessages: [CameraActor_Blueprint_C_0] Grab Released
[2016.01.28-22.53.40:597][226]LogBlueprintUserMessages: [CameraActor_Blueprint_C_0] Pinch Released
[2016.01.28-22.53.40:597][226]LogBlueprintUserMessages: [CameraActor_Blueprint_C_0] Grab Released
[2016.01.28-22.53.40:597][226]LogBlueprintUserMessages: [CameraActor_Blueprint_C_0] Pinch Released
[2016.01.28-22.53.42:393][338]LogBlueprintUserMessages: [CameraActor_Blueprint_C_0] Grab Pressed
[2016.01.28-22.53.42:393][338]LogBlueprintUserMessages: [CameraActor_Blueprint_C_0] Grab Pressed
[2016.01.28-22.53.43:649][411]LogBlueprintUserMessages: [CameraActor_Blueprint_C_0] Grab Released
[2016.01.28-22.53.43:649][411]LogBlueprintUserMessages: [CameraActor_Blueprint_C_0] Grab Released
[2016.01.28-22.53.44:215][444]LogBlueprintUserMessages: [CameraActor_Blueprint_C_0] Grab Pressed
[2016.01.28-22.53.44:232][445]LogBlueprintUserMessages: [CameraActor_Blueprint_C_0] Grab Pressed
[2016.01.28-22.53.45:820][533]LogBlueprintUserMessages: [CameraActor_Blueprint_C_0] Grab Released
[2016.01.28-22.53.45:820][533]LogBlueprintUserMessages: [CameraActor_Blueprint_C_0] Grab Released
[2016.01.28-22.53.47:086][601]LogBlueprintUserMessages: [CameraActor_Blueprint_C_0] Grab Pressed
[2016.01.28-22.53.47:105][602]LogBlueprintUserMessages: [CameraActor_Blueprint_C_0] Grab Pressed
[2016.01.28-22.53.48:252][669]LogBlueprintUserMessages: [CameraActor_Blueprint_C_0] Grab Released
[2016.01.28-22.53.48:252][669]LogBlueprintUserMessages: [CameraActor_Blueprint_C_0] Grab Released
[2016.01.28-22.53.48:462][681]LogBlueprintUserMessages: [CameraActor_Blueprint_C_0] Grab Pressed
[2016.01.28-22.53.48:462][681]LogBlueprintUserMessages: [CameraActor_Blueprint_C_0] Grab Pressed
[2016.01.28-22.53.48:497][683]LogBlueprintUserMessages: [CameraActor_Blueprint_C_0] Grab Released
[2016.01.28-22.53.48:498][683]LogBlueprintUserMessages: [CameraActor_Blueprint_C_0] Grab Released
[2016.01.28-22.53.52:283][911]LogBlueprintUserMessages: [CameraActor_Blueprint_C_0] Grab Pressed
[2016.01.28-22.53.52:284][911]LogBlueprintUserMessages: [CameraActor_Blueprint_C_0] Grab Pressed
[2016.01.28-22.53.52:867][946]LogBlueprintUserMessages: [CameraActor_Blueprint_C_0] Grab Released
[2016.01.28-22.53.52:867][946]LogBlueprintUserMessages: [CameraActor_Blueprint_C_0] Grab Released
[2016.01.28-22.53.53:689][996]LogBlueprintUserMessages: [CameraActor_Blueprint_C_0] Grab Pressed
[2016.01.28-22.53.53:689][996]LogBlueprintUserMessages: [CameraActor_Blueprint_C_0] Grab Pressed
[2016.01.28-22.53.53:864][  5]LogBlueprintUserMessages: [CameraActor_Blueprint_C_0] Grab Released
[2016.01.28-22.53.53:864][  5]LogBlueprintUserMessages: [CameraActor_Blueprint_C_0] Grab Released
[2016.01.28-22.53.55:524][104]LogBlueprintUserMessages: [CameraActor_Blueprint_C_0] Grab Pressed
[2016.01.28-22.53.55:524][104]LogBlueprintUserMessages: [CameraActor_Blueprint_C_0] Grab Pressed
[2016.01.28-22.53.55:742][117]LogBlueprintUserMessages: [CameraActor_Blueprint_C_0] Grab Released
[2016.01.28-22.53.55:743][117]LogBlueprintUserMessages: [CameraActor_Blueprint_C_0] Grab Released
[2016.01.28-22.53.56:660][172]LogBlueprintUserMessages: [CameraActor_Blueprint_C_0] Grab Pressed
[2016.01.28-22.53.56:660][172]LogBlueprintUserMessages: [CameraActor_Blueprint_C_0] Grab Pressed
[2016.01.28-22.53.59:072][326]LogBlueprintUserMessages: [CameraActor_Blueprint_C_0] Grab Released
[2016.01.28-22.53.59:072][326]LogBlueprintUserMessages: [CameraActor_Blueprint_C_0] Grab Released
[2016.01.28-22.53.59:126][329]LogBlueprintUserMessages: [CameraActor_Blueprint_C_0] Pinch Pressed
[2016.01.28-22.53.59:126][329]LogBlueprintUserMessages: [CameraActor_Blueprint_C_0] Pinch Pressed
[2016.01.28-22.54.00:465][432]LogBlueprintUserMessages: [CameraActor_Blueprint_C_0] Pinch Released
[2016.01.28-22.54.00:542][440]LogBlueprintUserMessages: Early EndPlayMap Detection: Level '/Game/StarterContent/Maps/Minimal_Default.Minimal_Default:PersistentLevel' has LevelScriptBlueprint '/Game/StarterContent/Maps/Minimal_Default.Minimal_Default:PersistentLevel.Minimal_Default' with GeneratedClass '/Game/StarterContent/Maps/Minimal_Default.Minimal_Default_C' with ClassGeneratedBy '/Game/StarterContent/Maps/Minimal_Default.Minimal_Default:PersistentLevel.Minimal_Default'
[2016.01.28-22.54.00:551][440]LeapPluginLog: LeapController::CleanupEventData Delete Called
[2016.01.28-22.54.00:552][440]LeapPluginLog: LeapController::CleanupEventData Delete Called
[2016.01.28-22.54.00:606][440]LogBlueprintUserMessages: Late EndPlayMap Detection: Level '/Game/StarterContent/Maps/Minimal_Default.Minimal_Default:PersistentLevel' has LevelScriptBlueprint '/Game/StarterContent/Maps/Minimal_Default.Minimal_Default:PersistentLevel.Minimal_Default' with GeneratedClass '/Game/StarterContent/Maps/Minimal_Default.Minimal_Default_C' with ClassGeneratedBy '/Game/StarterContent/Maps/Minimal_Default.Minimal_Default:PersistentLevel.Minimal_Default'
[2016.01.28-22.54.00:645][440]LogParticles: Destroying 0 GPU particle simulations for FXSystem 0x000000002DFFA200
[2016.01.28-22.54.04:534][773]LogSavePackage: Save=215.140625ms
[2016.01.28-22.54.04:534][773]LogSavePackage: Moving '../../../../../../Users/Tonga/Documents/Facultad/Tesis/Repositorio/proygrad_fing/LeapBasics/Saved/UEDPCMinimal_Default0721ADDC4FB55BE4446D818D4AFF7073.tmp' to '../../../../../../Users/Tonga/Documents/Facultad/Tesis/Repositorio/proygrad_fing/LeapBasics/Saved/Autosaves/Game/StarterContent/Maps/UEDPCMinimal_Default.umap'
[2016.01.28-22.54.04:537][773]LogSavePackage: Total save time: 246.293373ms
[2016.01.28-22.54.04:537][773]LogSavePackage:Warning: Finished SavePackage ../../../../../../Users/Tonga/Documents/Facultad/Tesis/Repositorio/proygrad_fing/LeapBasics/Saved/Autosaves/Game/StarterContent/Maps/UEDPCMinimal_Default.umap
[2016.01.28-22.55.56:599][386]LeapPluginLog: InterfaceObject: LeapAnimBodyConnector_C_413
[2016.01.28-22.55.56:599][386]LeapPluginLog:Warning: Warning! More than one (4) Leap Controller Component detected! Duplication of work and output may result (inefficiency warning).
[2016.01.28-22.56.18:240][335]LogBlueprintUserMessages: Early PlayInEditor Detection: Level '/Game/StarterContent/Maps/Minimal_Default.Minimal_Default:PersistentLevel' has LevelScriptBlueprint '/Game/StarterContent/Maps/Minimal_Default.Minimal_Default:PersistentLevel.Minimal_Default' with GeneratedClass '/Game/StarterContent/Maps/Minimal_Default.Minimal_Default_C' with ClassGeneratedBy '/Game/StarterContent/Maps/Minimal_Default.Minimal_Default:PersistentLevel.Minimal_Default'
[2016.01.28-22.56.18:240][335]LogPlayLevel: PlayLevel: No blueprints needed recompiling
[2016.01.28-22.56.18:240][335]PIE: New page: SIE session: Minimal_Default (Jan 28, 2016, 4:56:18 PM)
[2016.01.28-22.56.18:240][335]LogPlayLevel: Creating play world package: /Game/StarterContent/Maps/UEDPIE_0_Minimal_Default
[2016.01.28-22.56.18:248][335]LogPlayLevel: PIE: StaticDuplicateObject took: (0.007610s)
[2016.01.28-22.56.18:249][335]LogAIModule: Creating AISystem for world Minimal_Default
[2016.01.28-22.56.18:249][335]LogPlayLevel: PIE: World Init took: (0.001184s)
[2016.01.28-22.56.18:249][335]LogPlayLevel: PIE: Created PIE world by copying editor world from /Game/StarterContent/Maps/Minimal_Default.Minimal_Default to /Game/StarterContent/Maps/UEDPIE_0_Minimal_Default.Minimal_Default (0.009040s)
[2016.01.28-22.56.18:250][335]LogActorComponent: UnregisterComponent: (/Engine/Transient.CharMoveComp) Not registered. Aborting.
[2016.01.28-22.56.18:250][335]LogActorComponent: UnregisterComponent: (/Engine/Transient.LeapController_GEN_VARIABLE) Not registered. Aborting.
[2016.01.28-22.56.18:288][335]LeapPluginLog: LeapController::CleanupEventData Delete Called
[2016.01.28-22.56.18:310][335]LogInit: XAudio2 using 'Altavoces (Realtek High Definition Audio)' : 2 channels at 48 kHz using 32 bits per sample (channel mask 0x3)
[2016.01.28-22.56.18:340][335]LogInit: FAudioDevice initialized.
[2016.01.28-22.56.18:382][335]LogWorld: Game class is 'GameMode'
[2016.01.28-22.56.18:387][335]LeapPluginLog: InterfaceObject: CameraActor_Blueprint_C_0
[2016.01.28-22.56.18:387][335]LeapPluginLog:Warning: Warning! More than one (5) Leap Controller Component detected! Duplication of work and output may result (inefficiency warning).
[2016.01.28-22.56.18:388][335]LeapPluginLog: InterfaceObject: LeapAnimBodyConnector_C_409
[2016.01.28-22.56.18:388][335]LeapPluginLog:Warning: Warning! More than one (6) Leap Controller Component detected! Duplication of work and output may result (inefficiency warning).
[2016.01.28-22.56.18:388][335]LogWorld: Bringing World /Game/StarterContent/Maps/UEDPIE_0_Minimal_Default.Minimal_Default up for play (max tick rate 0) at 2016.01.28-19.56.18
[2016.01.28-22.56.18:388][335]LogActor:Warning: GameSession /Game/StarterContent/Maps/UEDPIE_0_Minimal_Default.Minimal_Default:PersistentLevel.GameSession_1 has natively added scene component(s), but none of them were set as the actor's RootComponent - picking one arbitrarily
[2016.01.28-22.56.18:388][335]LogActor:Warning: GameNetworkManager /Game/StarterContent/Maps/UEDPIE_0_Minimal_Default.Minimal_Default:PersistentLevel.GameNetworkManager_1 has natively added scene component(s), but none of them were set as the actor's RootComponent - picking one arbitrarily
[2016.01.28-22.56.18:390][335]LogWorld: Bringing up level for play took: 0.006788
[2016.01.28-22.56.18:391][335]LogGameMode: Warning - PATHS NOT DEFINED or NO PLAYERSTART with positive rating
[2016.01.28-22.56.18:392][335]PIE: Info Play in editor start time for /Game/StarterContent/Maps/UEDPIE_0_Minimal_Default -0.33
[2016.01.28-22.56.18:414][335]LogBlueprintUserMessages: Late PlayInEditor Detection: Level '/Game/StarterContent/Maps/Minimal_Default.Minimal_Default:PersistentLevel' has LevelScriptBlueprint '/Game/StarterContent/Maps/Minimal_Default.Minimal_Default:PersistentLevel.Minimal_Default' with GeneratedClass '/Game/StarterContent/Maps/Minimal_Default.Minimal_Default_C' with ClassGeneratedBy '/Game/StarterContent/Maps/Minimal_Default.Minimal_Default:PersistentLevel.Minimal_Default'
[2016.01.28-22.56.23:037][629]LogEditorViewport: Clicking on Actor (context menu): StaticMeshActor (basico_mm)
[2016.01.28-22.56.23:038][629]LogSelection:Warning: PIE object was selected: "StaticMeshActor /Game/StarterContent/Maps/UEDPIE_0_Minimal_Default.Minimal_Default:PersistentLevel.basico_mm_4"
[2016.01.28-22.56.34:573][ 80]LogBlueprintUserMessages: Early EndPlayMap Detection: Level '/Game/StarterContent/Maps/Minimal_Default.Minimal_Default:PersistentLevel' has LevelScriptBlueprint '/Game/StarterContent/Maps/Minimal_Default.Minimal_Default:PersistentLevel.Minimal_Default' with GeneratedClass '/Game/StarterContent/Maps/Minimal_Default.Minimal_Default_C' with ClassGeneratedBy '/Game/StarterContent/Maps/Minimal_Default.Minimal_Default:PersistentLevel.Minimal_Default'
[2016.01.28-22.56.34:582][ 80]LeapPluginLog: LeapController::CleanupEventData Delete Called
[2016.01.28-22.56.34:583][ 80]LeapPluginLog: LeapController::CleanupEventData Delete Called
[2016.01.28-22.56.34:666][ 80]LogBlueprintUserMessages: Late EndPlayMap Detection: Level '/Game/StarterContent/Maps/Minimal_Default.Minimal_Default:PersistentLevel' has LevelScriptBlueprint '/Game/StarterContent/Maps/Minimal_Default.Minimal_Default:PersistentLevel.Minimal_Default' with GeneratedClass '/Game/StarterContent/Maps/Minimal_Default.Minimal_Default_C' with ClassGeneratedBy '/Game/StarterContent/Maps/Minimal_Default.Minimal_Default:PersistentLevel.Minimal_Default'
[2016.01.28-22.56.34:710][ 80]LogParticles: Destroying 0 GPU particle simulations for FXSystem 0x0000000011E9BE20
[2016.01.28-22.56.34:781][ 81]LeapPluginLog: InterfaceObject: LeapAnimBodyConnector_C_414
[2016.01.28-22.56.34:781][ 81]LeapPluginLog:Warning: Warning! More than one (5) Leap Controller Component detected! Duplication of work and output may result (inefficiency warning).
[2016.01.28-22.58.39:334][260]LogBlueprintUserMessages: Early PlayInEditor Detection: Level '/Game/StarterContent/Maps/Minimal_Default.Minimal_Default:PersistentLevel' has LevelScriptBlueprint '/Game/StarterContent/Maps/Minimal_Default.Minimal_Default:PersistentLevel.Minimal_Default' with GeneratedClass '/Game/StarterContent/Maps/Minimal_Default.Minimal_Default_C' with ClassGeneratedBy '/Game/StarterContent/Maps/Minimal_Default.Minimal_Default:PersistentLevel.Minimal_Default'
[2016.01.28-22.58.39:334][260]LogPlayLevel: PlayLevel: No blueprints needed recompiling
[2016.01.28-22.58.39:334][260]PIE: New page: SIE session: Minimal_Default (Jan 28, 2016, 4:58:39 PM)
[2016.01.28-22.58.39:334][260]LogPlayLevel: Creating play world package: /Game/StarterContent/Maps/UEDPIE_0_Minimal_Default
[2016.01.28-22.58.39:342][260]LogPlayLevel: PIE: StaticDuplicateObject took: (0.007946s)
[2016.01.28-22.58.39:344][260]LogAIModule: Creating AISystem for world Minimal_Default
[2016.01.28-22.58.39:344][260]LogPlayLevel: PIE: World Init took: (0.001651s)
[2016.01.28-22.58.39:344][260]LogPlayLevel: PIE: Created PIE world by copying editor world from /Game/StarterContent/Maps/Minimal_Default.Minimal_Default to /Game/StarterContent/Maps/UEDPIE_0_Minimal_Default.Minimal_Default (0.009900s)
[2016.01.28-22.58.39:344][260]LogActorComponent: UnregisterComponent: (/Engine/Transient.CharMoveComp) Not registered. Aborting.
[2016.01.28-22.58.39:344][260]LogActorComponent: UnregisterComponent: (/Engine/Transient.LeapController_GEN_VARIABLE) Not registered. Aborting.
[2016.01.28-22.58.39:385][260]LeapPluginLog: LeapController::CleanupEventData Delete Called
[2016.01.28-22.58.39:405][260]LogSelection:Warning: PIE object was selected: "StaticMeshActor /Game/StarterContent/Maps/UEDPIE_0_Minimal_Default.Minimal_Default:PersistentLevel.basico_mm_4"
[2016.01.28-22.58.39:408][260]LogInit: XAudio2 using 'Altavoces (Realtek High Definition Audio)' : 2 channels at 48 kHz using 32 bits per sample (channel mask 0x3)
[2016.01.28-22.58.39:445][260]LogInit: FAudioDevice initialized.
[2016.01.28-22.58.39:495][260]LogWorld: Game class is 'GameMode'
[2016.01.28-22.58.39:503][260]LeapPluginLog: InterfaceObject: CameraActor_Blueprint_C_0
[2016.01.28-22.58.39:503][260]LeapPluginLog:Warning: Warning! More than one (6) Leap Controller Component detected! Duplication of work and output may result (inefficiency warning).
[2016.01.28-22.58.39:504][260]LeapPluginLog: InterfaceObject: LeapAnimBodyConnector_C_409
[2016.01.28-22.58.39:504][260]LeapPluginLog:Warning: Warning! More than one (7) Leap Controller Component detected! Duplication of work and output may result (inefficiency warning).
[2016.01.28-22.58.39:504][260]LogWorld: Bringing World /Game/StarterContent/Maps/UEDPIE_0_Minimal_Default.Minimal_Default up for play (max tick rate 0) at 2016.01.28-19.58.39
[2016.01.28-22.58.39:504][260]LogActor:Warning: GameSession /Game/StarterContent/Maps/UEDPIE_0_Minimal_Default.Minimal_Default:PersistentLevel.GameSession_2 has natively added scene component(s), but none of them were set as the actor's RootComponent - picking one arbitrarily
[2016.01.28-22.58.39:504][260]LogActor:Warning: GameNetworkManager /Game/StarterContent/Maps/UEDPIE_0_Minimal_Default.Minimal_Default:PersistentLevel.GameNetworkManager_2 has natively added scene component(s), but none of them were set as the actor's RootComponent - picking one arbitrarily
[2016.01.28-22.58.39:506][260]LogWorld: Bringing up level for play took: 0.010006
[2016.01.28-22.58.39:508][260]LogGameMode: Warning - PATHS NOT DEFINED or NO PLAYERSTART with positive rating
[2016.01.28-22.58.39:510][260]PIE: Info Play in editor start time for /Game/StarterContent/Maps/UEDPIE_0_Minimal_Default 0.786
[2016.01.28-22.58.39:555][260]LogSelection:Warning: PIE object was selected: "StaticMeshActor /Game/StarterContent/Maps/UEDPIE_0_Minimal_Default.Minimal_Default:PersistentLevel.basico_mm_4"
[2016.01.28-22.58.39:555][260]LogBlueprintUserMessages: Late PlayInEditor Detection: Level '/Game/StarterContent/Maps/Minimal_Default.Minimal_Default:PersistentLevel' has LevelScriptBlueprint '/Game/StarterContent/Maps/Minimal_Default.Minimal_Default:PersistentLevel.Minimal_Default' with GeneratedClass '/Game/StarterContent/Maps/Minimal_Default.Minimal_Default_C' with ClassGeneratedBy '/Game/StarterContent/Maps/Minimal_Default.Minimal_Default:PersistentLevel.Minimal_Default'
[2016.01.28-22.58.48:871][786]LogBlueprintUserMessages: Early EndPlayMap Detection: Level '/Game/StarterContent/Maps/Minimal_Default.Minimal_Default:PersistentLevel' has LevelScriptBlueprint '/Game/StarterContent/Maps/Minimal_Default.Minimal_Default:PersistentLevel.Minimal_Default' with GeneratedClass '/Game/StarterContent/Maps/Minimal_Default.Minimal_Default_C' with ClassGeneratedBy '/Game/StarterContent/Maps/Minimal_Default.Minimal_Default:PersistentLevel.Minimal_Default'
[2016.01.28-22.58.48:881][786]LeapPluginLog: LeapController::CleanupEventData Delete Called
[2016.01.28-22.58.48:881][786]LeapPluginLog: LeapController::CleanupEventData Delete Called
[2016.01.28-22.58.48:949][786]LogBlueprintUserMessages: Late EndPlayMap Detection: Level '/Game/StarterContent/Maps/Minimal_Default.Minimal_Default:PersistentLevel' has LevelScriptBlueprint '/Game/StarterContent/Maps/Minimal_Default.Minimal_Default:PersistentLevel.Minimal_Default' with GeneratedClass '/Game/StarterContent/Maps/Minimal_Default.Minimal_Default_C' with ClassGeneratedBy '/Game/StarterContent/Maps/Minimal_Default.Minimal_Default:PersistentLevel.Minimal_Default'
[2016.01.28-22.58.48:994][786]LogParticles: Destroying 0 GPU particle simulations for FXSystem 0x0000000011C36F20
[2016.01.28-22.58.52:471][ 30]LogBlueprintUserMessages: Early PlayInEditor Detection: Level '/Game/StarterContent/Maps/Minimal_Default.Minimal_Default:PersistentLevel' has LevelScriptBlueprint '/Game/StarterContent/Maps/Minimal_Default.Minimal_Default:PersistentLevel.Minimal_Default' with GeneratedClass '/Game/StarterContent/Maps/Minimal_Default.Minimal_Default_C' with ClassGeneratedBy '/Game/StarterContent/Maps/Minimal_Default.Minimal_Default:PersistentLevel.Minimal_Default'
[2016.01.28-22.58.52:471][ 30]LogPlayLevel: PlayLevel: No blueprints needed recompiling
[2016.01.28-22.58.52:472][ 30]PIE: New page: SIE session: Minimal_Default (Jan 28, 2016, 4:58:52 PM)
[2016.01.28-22.58.52:472][ 30]LogPlayLevel: Creating play world package: /Game/StarterContent/Maps/UEDPIE_0_Minimal_Default
[2016.01.28-22.58.52:478][ 30]LogPlayLevel: PIE: StaticDuplicateObject took: (0.006585s)
[2016.01.28-22.58.52:479][ 30]LogAIModule: Creating AISystem for world Minimal_Default
[2016.01.28-22.58.52:480][ 30]LogPlayLevel: PIE: World Init took: (0.001185s)
[2016.01.28-22.58.52:480][ 30]LogPlayLevel: PIE: Created PIE world by copying editor world from /Game/StarterContent/Maps/Minimal_Default.Minimal_Default to /Game/StarterContent/Maps/UEDPIE_0_Minimal_Default.Minimal_Default (0.008072s)
[2016.01.28-22.58.52:519][ 30]LogSelection:Warning: PIE object was selected: "StaticMeshActor /Game/StarterContent/Maps/UEDPIE_0_Minimal_Default.Minimal_Default:PersistentLevel.basico_mm_4"
[2016.01.28-22.58.52:522][ 30]LogInit: XAudio2 using 'Altavoces (Realtek High Definition Audio)' : 2 channels at 48 kHz using 32 bits per sample (channel mask 0x3)
[2016.01.28-22.58.52:547][ 30]LogInit: FAudioDevice initialized.
[2016.01.28-22.58.52:590][ 30]LogWorld: Game class is 'GameMode'
[2016.01.28-22.58.52:596][ 30]LeapPluginLog: InterfaceObject: CameraActor_Blueprint_C_0
[2016.01.28-22.58.52:596][ 30]LeapPluginLog:Warning: Warning! More than one (6) Leap Controller Component detected! Duplication of work and output may result (inefficiency warning).
[2016.01.28-22.58.52:597][ 30]LeapPluginLog: InterfaceObject: LeapAnimBodyConnector_C_409
[2016.01.28-22.58.52:597][ 30]LeapPluginLog:Warning: Warning! More than one (7) Leap Controller Component detected! Duplication of work and output may result (inefficiency warning).
[2016.01.28-22.58.52:597][ 30]LogWorld: Bringing World /Game/StarterContent/Maps/UEDPIE_0_Minimal_Default.Minimal_Default up for play (max tick rate 0) at 2016.01.28-19.58.52
[2016.01.28-22.58.52:597][ 30]LogActor:Warning: GameSession /Game/StarterContent/Maps/UEDPIE_0_Minimal_Default.Minimal_Default:PersistentLevel.GameSession_3 has natively added scene component(s), but none of them were set as the actor's RootComponent - picking one arbitrarily
[2016.01.28-22.58.52:598][ 30]LogActor:Warning: GameNetworkManager /Game/StarterContent/Maps/UEDPIE_0_Minimal_Default.Minimal_Default:PersistentLevel.GameNetworkManager_3 has natively added scene component(s), but none of them were set as the actor's RootComponent - picking one arbitrarily
[2016.01.28-22.58.52:600][ 30]LogWorld: Bringing up level for play took: 0.009231
[2016.01.28-22.58.52:601][ 30]LogGameMode: Warning - PATHS NOT DEFINED or NO PLAYERSTART with positive rating
[2016.01.28-22.58.52:603][ 30]PIE: Info Play in editor start time for /Game/StarterContent/Maps/UEDPIE_0_Minimal_Default -0.121
[2016.01.28-22.58.52:647][ 30]LogSelection:Warning: PIE object was selected: "StaticMeshActor /Game/StarterContent/Maps/UEDPIE_0_Minimal_Default.Minimal_Default:PersistentLevel.basico_mm_4"
[2016.01.28-22.58.52:647][ 30]LogBlueprintUserMessages: Late PlayInEditor Detection: Level '/Game/StarterContent/Maps/Minimal_Default.Minimal_Default:PersistentLevel' has LevelScriptBlueprint '/Game/StarterContent/Maps/Minimal_Default.Minimal_Default:PersistentLevel.Minimal_Default' with GeneratedClass '/Game/StarterContent/Maps/Minimal_Default.Minimal_Default_C' with ClassGeneratedBy '/Game/StarterContent/Maps/Minimal_Default.Minimal_Default:PersistentLevel.Minimal_Default'
[2016.01.28-22.59.33:968][282]LogBlueprintUserMessages: Early EndPlayMap Detection: Level '/Game/StarterContent/Maps/Minimal_Default.Minimal_Default:PersistentLevel' has LevelScriptBlueprint '/Game/StarterContent/Maps/Minimal_Default.Minimal_Default:PersistentLevel.Minimal_Default' with GeneratedClass '/Game/StarterContent/Maps/Minimal_Default.Minimal_Default_C' with ClassGeneratedBy '/Game/StarterContent/Maps/Minimal_Default.Minimal_Default:PersistentLevel.Minimal_Default'
[2016.01.28-22.59.33:977][282]LeapPluginLog: LeapController::CleanupEventData Delete Called
[2016.01.28-22.59.33:978][282]LeapPluginLog: LeapController::CleanupEventData Delete Called
[2016.01.28-22.59.34:039][282]LogBlueprintUserMessages: Late EndPlayMap Detection: Level '/Game/StarterContent/Maps/Minimal_Default.Minimal_Default:PersistentLevel' has LevelScriptBlueprint '/Game/StarterContent/Maps/Minimal_Default.Minimal_Default:PersistentLevel.Minimal_Default' with GeneratedClass '/Game/StarterContent/Maps/Minimal_Default.Minimal_Default_C' with ClassGeneratedBy '/Game/StarterContent/Maps/Minimal_Default.Minimal_Default:PersistentLevel.Minimal_Default'
[2016.01.28-22.59.34:146][283]LogParticles: Destroying 0 GPU particle simulations for FXSystem 0x0000000011414C20
[2016.01.28-22.59.36:499][501]LogEditorViewport: Clicking on Actor (LMB): CameraActor_Blueprint_C (CameraActor_Blueprint)
[2016.01.28-22.59.36:668][501]LogEditorViewport: Clicking on Component (LMB): CameraComponent (Camera)
[2016.01.28-22.59.38:535][681]LogBlueprintUserMessages: Early PlayInEditor Detection: Level '/Game/StarterContent/Maps/Minimal_Default.Minimal_Default:PersistentLevel' has LevelScriptBlueprint '/Game/StarterContent/Maps/Minimal_Default.Minimal_Default:PersistentLevel.Minimal_Default' with GeneratedClass '/Game/StarterContent/Maps/Minimal_Default.Minimal_Default_C' with ClassGeneratedBy '/Game/StarterContent/Maps/Minimal_Default.Minimal_Default:PersistentLevel.Minimal_Default'
[2016.01.28-22.59.38:535][681]LogPlayLevel: PlayLevel: No blueprints needed recompiling
[2016.01.28-22.59.38:536][681]PIE: New page: SIE session: Minimal_Default (Jan 28, 2016, 4:59:38 PM)
[2016.01.28-22.59.38:536][681]LogPlayLevel: Creating play world package: /Game/StarterContent/Maps/UEDPIE_0_Minimal_Default
[2016.01.28-22.59.38:544][681]LogPlayLevel: PIE: StaticDuplicateObject took: (0.008403s)
[2016.01.28-22.59.38:545][681]LogAIModule: Creating AISystem for world Minimal_Default
[2016.01.28-22.59.38:546][681]LogPlayLevel: PIE: World Init took: (0.001394s)
[2016.01.28-22.59.38:546][681]LogPlayLevel: PIE: Created PIE world by copying editor world from /Game/StarterContent/Maps/Minimal_Default.Minimal_Default to /Game/StarterContent/Maps/UEDPIE_0_Minimal_Default.Minimal_Default (0.010059s)
[2016.01.28-22.59.38:610][681]LogSelection:Warning: PIE object was selected: "CameraActor_Blueprint_C /Game/StarterContent/Maps/UEDPIE_0_Minimal_Default.Minimal_Default:PersistentLevel.CameraActor_Blueprint_C_0"
[2016.01.28-22.59.38:613][681]LogInit: XAudio2 using 'Altavoces (Realtek High Definition Audio)' : 2 channels at 48 kHz using 32 bits per sample (channel mask 0x3)
[2016.01.28-22.59.38:660][681]LogInit: FAudioDevice initialized.
[2016.01.28-22.59.38:701][681]LogWorld: Game class is 'GameMode'
[2016.01.28-22.59.38:706][681]LeapPluginLog: InterfaceObject: CameraActor_Blueprint_C_0
[2016.01.28-22.59.38:706][681]LeapPluginLog:Warning: Warning! More than one (6) Leap Controller Component detected! Duplication of work and output may result (inefficiency warning).
[2016.01.28-22.59.38:706][681]LeapPluginLog: InterfaceObject: LeapAnimBodyConnector_C_409
[2016.01.28-22.59.38:706][681]LeapPluginLog:Warning: Warning! More than one (7) Leap Controller Component detected! Duplication of work and output may result (inefficiency warning).
[2016.01.28-22.59.38:706][681]LogWorld: Bringing World /Game/StarterContent/Maps/UEDPIE_0_Minimal_Default.Minimal_Default up for play (max tick rate 0) at 2016.01.28-19.59.38
[2016.01.28-22.59.38:706][681]LogActor:Warning: GameSession /Game/StarterContent/Maps/UEDPIE_0_Minimal_Default.Minimal_Default:PersistentLevel.GameSession_4 has natively added scene component(s), but none of them were set as the actor's RootComponent - picking one arbitrarily
[2016.01.28-22.59.38:707][681]LogActor:Warning: GameNetworkManager /Game/StarterContent/Maps/UEDPIE_0_Minimal_Default.Minimal_Default:PersistentLevel.GameNetworkManager_4 has natively added scene component(s), but none of them were set as the actor's RootComponent - picking one arbitrarily
[2016.01.28-22.59.38:708][681]LogWorld: Bringing up level for play took: 0.005906
[2016.01.28-22.59.38:708][681]LogGameMode: Warning - PATHS NOT DEFINED or NO PLAYERSTART with positive rating
[2016.01.28-22.59.38:710][681]PIE: Info Play in editor start time for /Game/StarterContent/Maps/UEDPIE_0_Minimal_Default -0.015
[2016.01.28-22.59.38:867][681]LogSelection:Warning: PIE object was selected: "CameraActor_Blueprint_C /Game/StarterContent/Maps/UEDPIE_0_Minimal_Default.Minimal_Default:PersistentLevel.CameraActor_Blueprint_C_0"
[2016.01.28-22.59.38:867][681]LogBlueprintUserMessages: Late PlayInEditor Detection: Level '/Game/StarterContent/Maps/Minimal_Default.Minimal_Default:PersistentLevel' has LevelScriptBlueprint '/Game/StarterContent/Maps/Minimal_Default.Minimal_Default:PersistentLevel.Minimal_Default' with GeneratedClass '/Game/StarterContent/Maps/Minimal_Default.Minimal_Default_C' with ClassGeneratedBy '/Game/StarterContent/Maps/Minimal_Default.Minimal_Default:PersistentLevel.Minimal_Default'
[2016.01.28-23.00.37:909][ 29]LogBlueprintUserMessages: Early EndPlayMap Detection: Level '/Game/StarterContent/Maps/Minimal_Default.Minimal_Default:PersistentLevel' has LevelScriptBlueprint '/Game/StarterContent/Maps/Minimal_Default.Minimal_Default:PersistentLevel.Minimal_Default' with GeneratedClass '/Game/StarterContent/Maps/Minimal_Default.Minimal_Default_C' with ClassGeneratedBy '/Game/StarterContent/Maps/Minimal_Default.Minimal_Default:PersistentLevel.Minimal_Default'
[2016.01.28-23.00.37:917][ 29]LeapPluginLog: LeapController::CleanupEventData Delete Called
[2016.01.28-23.00.37:918][ 29]LeapPluginLog: LeapController::CleanupEventData Delete Called
[2016.01.28-23.00.38:055][ 29]LogBlueprintUserMessages: Late EndPlayMap Detection: Level '/Game/StarterContent/Maps/Minimal_Default.Minimal_Default:PersistentLevel' has LevelScriptBlueprint '/Game/StarterContent/Maps/Minimal_Default.Minimal_Default:PersistentLevel.Minimal_Default' with GeneratedClass '/Game/StarterContent/Maps/Minimal_Default.Minimal_Default_C' with ClassGeneratedBy '/Game/StarterContent/Maps/Minimal_Default.Minimal_Default:PersistentLevel.Minimal_Default'
[2016.01.28-23.00.38:092][ 29]LogParticles: Destroying 0 GPU particle simulations for FXSystem 0x0000000043739940
[2016.01.28-23.00.38:205][ 30]LeapPluginLog: InterfaceObject: LeapAnimBodyConnector_C_415
[2016.01.28-23.00.38:205][ 30]LeapPluginLog:Warning: Warning! More than one (6) Leap Controller Component detected! Duplication of work and output may result (inefficiency warning).
[2016.01.28-23.03.18:701][904]LogEditorViewport: Clicking on Actor (LMB): StaticMeshActor (basico_mm)
[2016.01.28-23.03.20:394][ 69]LogEditorViewport: Clicking on Actor (LMB): PointLight (PointLight)
[2016.01.28-23.03.21:234][159]Cmd: DELETE
[2016.01.28-23.03.21:234][159]Cmd: ACTOR DELETE
[2016.01.28-23.03.21:254][159]LogEditorActor: Deleted Actor: PointLight
[2016.01.28-23.03.21:256][159]LogActorComponent: UnregisterComponent: (/Engine/Transient.CharMoveComp) Not registered. Aborting.
[2016.01.28-23.03.21:256][159]LogActorComponent: UnregisterComponent: (/Engine/Transient.LeapController_GEN_VARIABLE) Not registered. Aborting.
[2016.01.28-23.03.21:292][159]LeapPluginLog: LeapController::CleanupEventData Delete Called
[2016.01.28-23.03.21:310][159]LogEditorActor: Deleted 1 Actors (0.057 secs)
[2016.01.28-23.03.21:922][228]LeapPluginLog: InterfaceObject: LeapAnimBodyConnector_C_416
[2016.01.28-23.03.21:922][228]LeapPluginLog:Warning: Warning! More than one (7) Leap Controller Component detected! Duplication of work and output may result (inefficiency warning).
[2016.01.28-23.03.33:113][860]Cmd: DELETE
[2016.01.28-23.03.33:113][860]Cmd: ACTOR DELETE
[2016.01.28-23.03.33:114][860]LogEditorActor: Deleted Actor: PointLight
[2016.01.28-23.03.33:116][860]LogActorComponent: UnregisterComponent: (/Engine/Transient.CharMoveComp) Not registered. Aborting.
[2016.01.28-23.03.33:116][860]LogActorComponent: UnregisterComponent: (/Engine/Transient.LeapController_GEN_VARIABLE) Not registered. Aborting.
[2016.01.28-23.03.33:162][860]LeapPluginLog: LeapController::CleanupEventData Delete Called
[2016.01.28-23.03.33:182][860]LogEditorActor: Deleted 1 Actors (0.069 secs)
[2016.01.28-23.03.35:252][ 93]LeapPluginLog: InterfaceObject: LeapAnimBodyConnector_C_417
[2016.01.28-23.03.35:252][ 93]LeapPluginLog:Warning: Warning! More than one (8) Leap Controller Component detected! Duplication of work and output may result (inefficiency warning).
[2016.01.28-23.04.28:035][549]LogBlueprintUserMessages: Early PlayInEditor Detection: Level '/Game/StarterContent/Maps/Minimal_Default.Minimal_Default:PersistentLevel' has LevelScriptBlueprint '/Game/StarterContent/Maps/Minimal_Default.Minimal_Default:PersistentLevel.Minimal_Default' with GeneratedClass '/Game/StarterContent/Maps/Minimal_Default.Minimal_Default_C' with ClassGeneratedBy '/Game/StarterContent/Maps/Minimal_Default.Minimal_Default:PersistentLevel.Minimal_Default'
[2016.01.28-23.04.28:035][549]LogPlayLevel: PlayLevel: No blueprints needed recompiling
[2016.01.28-23.04.28:036][549]PIE: New page: SIE session: Minimal_Default (Jan 28, 2016, 5:04:28 PM)
[2016.01.28-23.04.28:036][549]LogPlayLevel: Creating play world package: /Game/StarterContent/Maps/UEDPIE_0_Minimal_Default
[2016.01.28-23.04.28:045][549]LogPlayLevel: PIE: StaticDuplicateObject took: (0.009299s)
[2016.01.28-23.04.28:047][549]LogAIModule: Creating AISystem for world Minimal_Default
[2016.01.28-23.04.28:048][549]LogPlayLevel: PIE: World Init took: (0.002463s)
[2016.01.28-23.04.28:048][549]LogPlayLevel: PIE: Created PIE world by copying editor world from /Game/StarterContent/Maps/Minimal_Default.Minimal_Default to /Game/StarterContent/Maps/UEDPIE_0_Minimal_Default.Minimal_Default (0.012140s)
[2016.01.28-23.04.28:048][549]LogActorComponent: UnregisterComponent: (/Engine/Transient.CharMoveComp) Not registered. Aborting.
[2016.01.28-23.04.28:048][549]LogActorComponent: UnregisterComponent: (/Engine/Transient.LeapController_GEN_VARIABLE) Not registered. Aborting.
[2016.01.28-23.04.28:090][549]LeapPluginLog: LeapController::CleanupEventData Delete Called
[2016.01.28-23.04.28:112][549]LogInit: XAudio2 using 'Altavoces (Realtek High Definition Audio)' : 2 channels at 48 kHz using 32 bits per sample (channel mask 0x3)
[2016.01.28-23.04.28:151][549]LogInit: FAudioDevice initialized.
[2016.01.28-23.04.28:198][549]LogWorld: Game class is 'GameMode'
[2016.01.28-23.04.28:204][549]LeapPluginLog: InterfaceObject: CameraActor_Blueprint_C_0
[2016.01.28-23.04.28:204][549]LeapPluginLog:Warning: Warning! More than one (9) Leap Controller Component detected! Duplication of work and output may result (inefficiency warning).
[2016.01.28-23.04.28:204][549]LeapPluginLog: InterfaceObject: LeapAnimBodyConnector_C_409
[2016.01.28-23.04.28:204][549]LeapPluginLog:Warning: Warning! More than one (10) Leap Controller Component detected! Duplication of work and output may result (inefficiency warning).
[2016.01.28-23.04.28:205][549]LogWorld: Bringing World /Game/StarterContent/Maps/UEDPIE_0_Minimal_Default.Minimal_Default up for play (max tick rate 0) at 2016.01.28-20.04.28
[2016.01.28-23.04.28:205][549]LogActor:Warning: GameSession /Game/StarterContent/Maps/UEDPIE_0_Minimal_Default.Minimal_Default:PersistentLevel.GameSession_5 has natively added scene component(s), but none of them were set as the actor's RootComponent - picking one arbitrarily
[2016.01.28-23.04.28:205][549]LogActor:Warning: GameNetworkManager /Game/StarterContent/Maps/UEDPIE_0_Minimal_Default.Minimal_Default:PersistentLevel.GameNetworkManager_5 has natively added scene component(s), but none of them were set as the actor's RootComponent - picking one arbitrarily
[2016.01.28-23.04.28:206][549]LogWorld: Bringing up level for play took: 0.007399
[2016.01.28-23.04.28:207][549]LogGameMode: Warning - PATHS NOT DEFINED or NO PLAYERSTART with positive rating
[2016.01.28-23.04.28:209][549]PIE: Info Play in editor start time for /Game/StarterContent/Maps/UEDPIE_0_Minimal_Default -0.518
[2016.01.28-23.04.28:213][549]LogBlueprintUserMessages: Late PlayInEditor Detection: Level '/Game/StarterContent/Maps/Minimal_Default.Minimal_Default:PersistentLevel' has LevelScriptBlueprint '/Game/StarterContent/Maps/Minimal_Default.Minimal_Default:PersistentLevel.Minimal_Default' with GeneratedClass '/Game/StarterContent/Maps/Minimal_Default.Minimal_Default_C' with ClassGeneratedBy '/Game/StarterContent/Maps/Minimal_Default.Minimal_Default:PersistentLevel.Minimal_Default'
[2016.01.28-23.04.32:275][840]LogBlueprintUserMessages: Early EndPlayMap Detection: Level '/Game/StarterContent/Maps/Minimal_Default.Minimal_Default:PersistentLevel' has LevelScriptBlueprint '/Game/StarterContent/Maps/Minimal_Default.Minimal_Default:PersistentLevel.Minimal_Default' with GeneratedClass '/Game/StarterContent/Maps/Minimal_Default.Minimal_Default_C' with ClassGeneratedBy '/Game/StarterContent/Maps/Minimal_Default.Minimal_Default:PersistentLevel.Minimal_Default'
[2016.01.28-23.04.32:281][840]LeapPluginLog: LeapController::CleanupEventData Delete Called
[2016.01.28-23.04.32:282][840]LeapPluginLog: LeapController::CleanupEventData Delete Called
[2016.01.28-23.04.32:306][840]LogBlueprintUserMessages: Late EndPlayMap Detection: Level '/Game/StarterContent/Maps/Minimal_Default.Minimal_Default:PersistentLevel' has LevelScriptBlueprint '/Game/StarterContent/Maps/Minimal_Default.Minimal_Default:PersistentLevel.Minimal_Default' with GeneratedClass '/Game/StarterContent/Maps/Minimal_Default.Minimal_Default_C' with ClassGeneratedBy '/Game/StarterContent/Maps/Minimal_Default.Minimal_Default:PersistentLevel.Minimal_Default'
[2016.01.28-23.04.32:344][840]LogParticles: Destroying 0 GPU particle simulations for FXSystem 0x000000001261F060
[2016.01.28-23.04.34:714][898]Cmd: QUIT_EDITOR
[2016.01.28-23.04.35:164][898]LogExit: Preparing to exit.
[2016.01.28-23.04.35:947][898]LeapPluginLog: LeapController::CleanupEventData Delete Called
[2016.01.28-23.04.35:947][898]LeapPluginLog: LeapController::CleanupEventData Delete Called
[2016.01.28-23.04.35:947][898]LeapPluginLog: LeapController::CleanupEventData Delete Called
[2016.01.28-23.04.35:947][898]LeapPluginLog: LeapController::CleanupEventData Delete Called
[2016.01.28-23.04.35:947][898]LeapPluginLog: LeapController::CleanupEventData Delete Called
[2016.01.28-23.04.35:947][898]LeapPluginLog: LeapController::CleanupEventData Delete Called
[2016.01.28-23.04.35:998][898]LeapPluginLog: LeapController::CleanupEventData Delete Called
[2016.01.28-23.04.35:999][898]LeapPluginLog: LeapController::CleanupEventData Delete Called
[2016.01.28-23.04.36:018][898]LogExit: Editor shut down
[2016.01.28-23.04.36:019][898]LogExit: Transaction tracking system shut down
[2016.01.28-23.04.36:026][898]LogParticles: Destroying 0 GPU particle simulations for FXSystem 0x000000002DD7C860
[2016.01.28-23.04.36:027][898]LogParticles: Destroying 0 GPU particle simulations for FXSystem 0x0000000025DD2340
[2016.01.28-23.04.36:055][898]LogParticles: Destroying 0 GPU particle simulations for FXSystem 0x0000000035297D80
[2016.01.28-23.04.36:055][898]LogParticles: Destroying 0 GPU particle simulations for FXSystem 0x000000002EA5A480
[2016.01.28-23.04.36:055][898]LogParticles: Destroying 0 GPU particle simulations for FXSystem 0x00000000370B96C0
[2016.01.28-23.04.36:055][898]LogParticles: Destroying 0 GPU particle simulations for FXSystem 0x00000000370B9580
[2016.01.28-23.04.36:055][898]LeapPluginLog: LeapController::CleanupEventData Delete Called
[2016.01.28-23.04.36:077][898]LeapPluginLog: LeapController::CleanupEventData Delete Called
[2016.01.28-23.04.36:099][898]LeapPluginLog: LeapController::CleanupEventData Delete Called
[2016.01.28-23.04.36:528][898]LogExit: Object subsystem successfully closed.
[2016.01.28-23.04.36:545][898]LogD3D11RHI: Shutdown
[2016.01.28-23.04.36:545][898]LogD3D11RHI: CleanupD3DDevice
[2016.01.28-23.04.36:631][898]LogD3D11RHI: ~FD3D11DynamicRHI
[2016.01.28-23.04.36:707][898]LogModuleManager: Shutting down and abandoning module CrashTracker (198)
[2016.01.28-23.04.36:707][898]LogModuleManager: Shutting down and abandoning module SceneOutliner (197)
[2016.01.28-23.04.36:707][898]LogModuleManager: Shutting down and abandoning module SuperSearch (196)
[2016.01.28-23.04.36:707][898]LogModuleManager: Shutting down and abandoning module WidgetCarousel (195)
[2016.01.28-23.04.36:707][898]LogModuleManager: Shutting down and abandoning module AddContentDialog (194)
[2016.01.28-23.04.36:709][898]LogModuleManager: Shutting down and abandoning module EditorWidgets (193)
[2016.01.28-23.04.36:709][898]LogModuleManager: Shutting down and abandoning module CollectionManager (192)
[2016.01.28-23.04.36:710][898]LogModuleManager: Shutting down and abandoning module StatsViewer (191)
[2016.01.28-23.04.36:710][898]LogModuleManager: Shutting down and abandoning module FoliageEdit (190)
[2016.01.28-23.04.36:710][898]LogModuleManager: Shutting down and abandoning module LandscapeEditor (189)
[2016.01.28-23.04.36:710][898]LogModuleManager: Shutting down and abandoning module ActorPickerMode (188)
[2016.01.28-23.04.36:710][898]LogModuleManager: Shutting down and abandoning module GeometryMode (187)
[2016.01.28-23.04.36:710][898]LogModuleManager: Shutting down and abandoning module TextureAlignMode (186)
[2016.01.28-23.04.36:710][898]LogModuleManager: Shutting down and abandoning module BspMode (185)
[2016.01.28-23.04.36:710][898]LogModuleManager: Shutting down and abandoning module PlacementMode (184)
[2016.01.28-23.04.36:710][898]LogModuleManager: Shutting down and abandoning module AutomationWorker (183)
[2016.01.28-23.04.36:710][898]LogModuleManager: Shutting down and abandoning module CharacterAI (182)
[2016.01.28-23.04.36:710][898]LogModuleManager: Shutting down and abandoning module SmartSnapping (181)
[2016.01.28-23.04.36:710][898]LogModuleManager: Shutting down and abandoning module ViewportSnapping (180)
[2016.01.28-23.04.36:710][898]LogModuleManager: Shutting down and abandoning module LogVisualizer (179)
[2016.01.28-23.04.36:710][898]LogModuleManager: Shutting down and abandoning module GameProjectGeneration (178)
[2016.01.28-23.04.36:710][898]LogModuleManager: Shutting down and abandoning module IntroTutorials (177)
[2016.01.28-23.04.36:711][898]LogModuleManager: Shutting down and abandoning module EditorLiveStreaming (176)
[2016.01.28-23.04.36:711][898]LogModuleManager: Shutting down and abandoning module IOSPlatformEditor (175)
[2016.01.28-23.04.36:711][898]LogModuleManager: Shutting down and abandoning module HTML5PlatformEditor (174)
[2016.01.28-23.04.36:711][898]LogModuleManager: Shutting down and abandoning module AndroidDeviceDetection (173)
[2016.01.28-23.04.37:648][898]LogModuleManager: Shutting down and abandoning module AndroidPlatformEditor (172)
[2016.01.28-23.04.37:648][898]LogModuleManager: Shutting down and abandoning module IOSRuntimeSettings (171)
[2016.01.28-23.04.37:648][898]LogModuleManager: Shutting down and abandoning module AndroidRuntimeSettings (170)
[2016.01.28-23.04.37:648][898]LogModuleManager: Shutting down and abandoning module MergeActors (169)
[2016.01.28-23.04.37:648][898]LogModuleManager: Shutting down and abandoning module SizeMap (168)
[2016.01.28-23.04.37:648][898]LogModuleManager: Shutting down and abandoning module TreeMap (167)
[2016.01.28-23.04.37:648][898]LogModuleManager: Shutting down and abandoning module ReferenceViewer (166)
[2016.01.28-23.04.37:648][898]LogModuleManager: Shutting down and abandoning module LocalizationService (165)
[2016.01.28-23.04.37:648][898]LogModuleManager: Shutting down and abandoning module LocalizationDashboard (164)
[2016.01.28-23.04.37:648][898]LogModuleManager: Shutting down and abandoning module HardwareTargeting (163)
[2016.01.28-23.04.37:648][898]LogModuleManager: Shutting down and abandoning module DeviceProfileEditor (162)
[2016.01.28-23.04.37:648][898]LogModuleManager: Shutting down and abandoning module UndoHistory (161)
[2016.01.28-23.04.37:648][898]LogModuleManager: Shutting down and abandoning module GameplayTagsEditor (160)
[2016.01.28-23.04.37:648][898]LogModuleManager: Shutting down and abandoning module UserFeedback (159)
[2016.01.28-23.04.37:648][898]LogModuleManager: Shutting down and abandoning module XmlParser (158)
[2016.01.28-23.04.37:648][898]LogModuleManager: Shutting down and abandoning module Blutility (157)
[2016.01.28-23.04.37:648][898]LogModuleManager: Shutting down and abandoning module ProjectTargetPlatformEditor (156)
[2016.01.28-23.04.37:648][898]LogModuleManager: Shutting down and abandoning module ProjectSettingsViewer (155)
[2016.01.28-23.04.37:648][898]LogModuleManager: Shutting down and abandoning module InputBindingEditor (154)
[2016.01.28-23.04.37:648][898]LogModuleManager: Shutting down and abandoning module EditorSettingsViewer (153)
[2016.01.28-23.04.37:649][898]LogModuleManager: Shutting down and abandoning module SettingsEditor (152)
[2016.01.28-23.04.37:649][898]LogModuleManager: Shutting down and abandoning module ProjectLauncher (151)
[2016.01.28-23.04.37:649][898]LogModuleManager: Shutting down and abandoning module SessionFrontend (150)
[2016.01.28-23.04.37:649][898]LogModuleManager: Shutting down and abandoning module ProfilerClient (149)
[2016.01.28-23.04.37:649][898]LogModuleManager: Shutting down and abandoning module TargetDeviceServices (148)
[2016.01.28-23.04.37:649][898]LogModuleManager: Shutting down and abandoning module DeviceManager (147)
[2016.01.28-23.04.37:649][898]LogModuleManager: Shutting down and abandoning module AutomationController (146)
[2016.01.28-23.04.37:649][898]LogModuleManager: Shutting down and abandoning module AutomationWindow (145)
[2016.01.28-23.04.37:649][898]LogModuleManager: Shutting down and abandoning module Layers (144)
[2016.01.28-23.04.37:649][898]LogModuleManager: Shutting down and abandoning module ComponentVisualizers (143)
[2016.01.28-23.04.37:649][898]LogModuleManager: Shutting down and abandoning module DetailCustomizations (142)
[2016.01.28-23.04.37:649][898]LogModuleManager: Shutting down and abandoning module PackagesDialog (141)
[2016.01.28-23.04.37:649][898]LogModuleManager: Shutting down and abandoning module Persona (140)
[2016.01.28-23.04.37:649][898]LogModuleManager: Shutting down and abandoning module Kismet (139)
[2016.01.28-23.04.37:649][898]LogModuleManager: Shutting down and abandoning module GraphEditor (138)
[2016.01.28-23.04.37:649][898]LogModuleManager: Shutting down and abandoning module ClassViewer (137)
[2016.01.28-23.04.37:649][898]LogModuleManager: Shutting down and abandoning module Toolbox (136)
[2016.01.28-23.04.37:649][898]LogModuleManager: Shutting down and abandoning module ModuleUI (135)
[2016.01.28-23.04.37:650][898]LogModuleManager: Shutting down and abandoning module MovieSceneTools (134)
[2016.01.28-23.04.37:650][898]LogModuleManager: Shutting down and abandoning module OutputLog (133)
[2016.01.28-23.04.37:650][898]LogModuleManager: Shutting down and abandoning module GammaUI (132)
[2016.01.28-23.04.37:650][898]LogModuleManager: Shutting down and abandoning module Documentation (131)
[2016.01.28-23.04.37:650][898]LogModuleManager: Shutting down and abandoning module GameLiveStreaming (130)
[2016.01.28-23.04.37:650][898]LogModuleManager: Shutting down and abandoning module StreamingPauseRendering (129)
[2016.01.28-23.04.37:650][898]LogModuleManager: Shutting down and abandoning module AnalyticsET (128)
[2016.01.28-23.04.37:650][898]LogModuleManager: Shutting down and abandoning module Analytics (127)
[2016.01.28-23.04.37:650][898]LogModuleManager: Shutting down and abandoning module AITestSuite (126)
[2016.01.28-23.04.37:650][898]LogModuleManager: Shutting down and abandoning module GameplayDebugger (125)
[2016.01.28-23.04.37:650][898]LogModuleManager: Shutting down and abandoning module AIModule (124)
[2016.01.28-23.04.37:650][898]LogModuleManager: Shutting down and abandoning module ProfilerService (123)
[2016.01.28-23.04.37:778][898]LogModuleManager: Shutting down and abandoning module TaskGraph (122)
[2016.01.28-23.04.37:778][898]LogModuleManager: Shutting down and abandoning module LeapMotion (121)
[2016.01.28-23.04.37:800][898]LogModuleManager: Shutting down and abandoning module SlateRemote (120)
[2016.01.28-23.04.37:800][898]LogModuleManager: Shutting down and abandoning module SteamVRController (119)
[2016.01.28-23.04.37:800][898]LogModuleManager: Shutting down and abandoning module SteamVR (118)
[2016.01.28-23.04.37:800][898]LogModuleManager: Shutting down and abandoning module ProceduralMeshComponent (117)
[2016.01.28-23.04.37:800][898]LogModuleManager: Shutting down and abandoning module OculusRift (116)
[2016.01.28-23.04.37:800][898]LogModuleManager: Shutting down and abandoning module OculusLibrary (115)
[2016.01.28-23.04.37:800][898]LogModuleManager: Shutting down and abandoning module LeapMotionController (114)
[2016.01.28-23.04.37:825][898]LogModuleManager: Shutting down and abandoning module CustomMeshComponent (113)
[2016.01.28-23.04.37:825][898]LogModuleManager: Shutting down and abandoning module CableComponent (112)
[2016.01.28-23.04.37:825][898]LogModuleManager: Shutting down and abandoning module ArchVisCharacter (111)
[2016.01.28-23.04.37:825][898]LogModuleManager: Shutting down and abandoning module MessagingDebugger (110)
[2016.01.28-23.04.37:826][898]LogModuleManager: Shutting down and abandoning module MediaPlayerEditor (109)
[2016.01.28-23.04.37:826][898]LogModuleManager: Shutting down and abandoning module HTML5Networking (108)
[2016.01.28-23.04.37:826][898]LogModuleManager: Shutting down and abandoning module SpeedTreeImporter (107)
[2016.01.28-23.04.37:826][898]LogModuleManager: Shutting down and abandoning module PluginBrowser (106)
[2016.01.28-23.04.37:826][898]LogModuleManager: Shutting down and abandoning module EpicSurvey (105)
[2016.01.28-23.04.37:826][898]LogModuleManager: Shutting down and abandoning module DesktopPlatform (104)
[2016.01.28-23.04.37:826][898]LogModuleManager: Shutting down and abandoning module VisualStudioSourceCodeAccess (103)
[2016.01.28-23.04.37:826][898]LogModuleManager: Shutting down and abandoning module UObjectPlugin (102)
[2016.01.28-23.04.37:826][898]LogModuleManager: Shutting down and abandoning module SubversionSourceControl (101)
[2016.01.28-23.04.37:826][898]LogModuleManager: Shutting down and abandoning module PerforceSourceControl (100)
[2016.01.28-23.04.37:826][898]LogModuleManager: Shutting down and abandoning module SourceControl (99)
[2016.01.28-23.04.37:826][898]LogModuleManager: Shutting down and abandoning module GitSourceControl (98)
[2016.01.28-23.04.37:826][898]LogModuleManager: Shutting down and abandoning module LightPropagationVolumeEditor (97)
[2016.01.28-23.04.37:826][898]LogModuleManager: Shutting down and abandoning module PaperTiledImporter (96)
[2016.01.28-23.04.37:826][898]LogModuleManager: Shutting down and abandoning module PaperSpriteSheetImporter (95)
[2016.01.28-23.04.37:826][898]LogModuleManager: Shutting down and abandoning module MeshPaint (94)
[2016.01.28-23.04.37:826][898]LogModuleManager: Shutting down and abandoning module SlateReflector (93)
[2016.01.28-23.04.37:826][898]LogModuleManager: Shutting down and abandoning module HotReload (92)
[2016.01.28-23.04.37:827][898]LogModuleManager: Shutting down and abandoning module MainFrame (91)
[2016.01.28-23.04.37:827][898]LogModuleManager: Shutting down and abandoning module LevelEditor (90)
[2016.01.28-23.04.37:828][898]LogModuleManager: Shutting down and abandoning module DirectoryWatcher (89)
[2016.01.28-23.04.37:830][898]LogModuleManager: Shutting down and abandoning module AssetRegistry (88)
[2016.01.28-23.04.38:053][898]LogModuleManager: Shutting down and abandoning module ContentBrowser (87)
[2016.01.28-23.04.38:056][898]LogModuleManager: Shutting down and abandoning module Paper2DEditor (86)
[2016.01.28-23.04.38:056][898]LogModuleManager: Shutting down and abandoning module UdpMessaging (85)
[2016.01.28-23.04.38:156][898]LogModuleManager: Shutting down and abandoning module LightPropagationVolumeRuntime (84)
[2016.01.28-23.04.38:156][898]LogModuleManager: Shutting down and abandoning module Paper2D (83)
[2016.01.28-23.04.38:156][898]LogModuleManager: Shutting down and abandoning module WindowsMoviePlayer (82)
[2016.01.28-23.04.38:164][898]LogModuleManager: Shutting down and abandoning module Media (81)
[2016.01.28-23.04.38:164][898]LogModuleManager: Shutting down and abandoning module WmfMedia (80)
[2016.01.28-23.04.38:165][898]LogModuleManager: Shutting down and abandoning module OnlineBlueprintSupport (79)
[2016.01.28-23.04.38:165][898]LogModuleManager: Shutting down and abandoning module GameplayTasksEditor (78)
[2016.01.28-23.04.38:165][898]LogModuleManager: Shutting down and abandoning module PropertyEditor (77)
[2016.01.28-23.04.38:165][898]LogModuleManager: Shutting down and abandoning module BehaviorTreeEditor (76)
[2016.01.28-23.04.38:165][898]LogModuleManager: Shutting down and abandoning module FunctionalTesting (75)
[2016.01.28-23.04.38:165][898]LogModuleManager: Shutting down and abandoning module CollisionAnalyzer (74)
[2016.01.28-23.04.38:165][898]LogModuleManager: Shutting down and abandoning module WorkspaceMenuStructure (73)
[2016.01.28-23.04.38:165][898]LogModuleManager: Shutting down and abandoning module MessageLog (72)
[2016.01.28-23.04.38:165][898]LogModuleManager: Shutting down and abandoning module Sequencer (71)
[2016.01.28-23.04.38:165][898]LogModuleManager: Shutting down and abandoning module AssetTools (70)
[2016.01.28-23.04.38:166][898]LogModuleManager: Shutting down and abandoning module UMGEditor (69)
[2016.01.28-23.04.38:166][898]LogModuleManager: Shutting down and abandoning module UMG (68)
[2016.01.28-23.04.38:166][898]LogModuleManager: Shutting down and abandoning module Slate (67)
[2016.01.28-23.04.38:166][898]LogModuleManager: Shutting down and abandoning module EditorStyle (66)
[2016.01.28-23.04.38:171][898]LogModuleManager: Shutting down and abandoning module SessionServices (65)
[2016.01.28-23.04.38:171][898]LogModuleManager: Shutting down and abandoning module SourceCodeAccess (64)
[2016.01.28-23.04.38:171][898]LogModuleManager: Shutting down and abandoning module HeadMountedDisplay (63)
[2016.01.28-23.04.38:171][898]LogModuleManager: Shutting down and abandoning module XAudio2 (62)
[2016.01.28-23.04.38:171][898]LogModuleManager: Shutting down and abandoning module Networking (60)
[2016.01.28-23.04.38:171][898]LogModuleManager: Shutting down and abandoning module Core (59)
[2016.01.28-23.04.38:171][898]LogModuleManager: Shutting down and abandoning module KismetCompiler (58)
[2016.01.28-23.04.38:171][898]LogModuleManager: Shutting down and abandoning module PhysXFormats (57)
[2016.01.28-23.04.38:171][898]LogModuleManager: Shutting down and abandoning module MeshUtilities (56)
[2016.01.28-23.04.38:171][898]LogModuleManager: Shutting down and abandoning module CookingStats (55)
[2016.01.28-23.04.38:172][898]LogModuleManager: Shutting down and abandoning module DerivedDataCache (54)
[2016.01.28-23.04.38:214][898]LogDerivedDataCache: Shutdown
[2016.01.28-23.04.38:214][898]LogModuleManager: Shutting down and abandoning module ShaderFormatOpenGL (53)
[2016.01.28-23.04.38:214][898]LogModuleManager: Shutting down and abandoning module ShaderFormatD3D (52)
[2016.01.28-23.04.38:214][898]LogModuleManager: Shutting down and abandoning module MetalShaderFormat (51)
[2016.01.28-23.04.38:214][898]LogModuleManager: Shutting down and abandoning module TextureFormatUncompressed (50)
[2016.01.28-23.04.38:214][898]LogModuleManager: Shutting down and abandoning module TextureFormatPVR (49)
[2016.01.28-23.04.38:214][898]LogModuleManager: Shutting down and abandoning module TextureFormatIntelISPCTexComp (48)
[2016.01.28-23.04.38:214][898]LogModuleManager: Shutting down and abandoning module TextureFormatDXT (47)
[2016.01.28-23.04.38:214][898]LogModuleManager: Shutting down and abandoning module ImageWrapper (46)
[2016.01.28-23.04.38:214][898]LogModuleManager: Shutting down and abandoning module TextureFormatASTC (45)
[2016.01.28-23.04.38:214][898]LogModuleManager: Shutting down and abandoning module TextureFormatAndroid (44)
[2016.01.28-23.04.38:214][898]LogModuleManager: Shutting down and abandoning module AudioFormatOpus (43)
[2016.01.28-23.04.38:214][898]LogModuleManager: Shutting down and abandoning module AudioFormatOgg (42)
[2016.01.28-23.04.38:214][898]LogModuleManager: Shutting down and abandoning module AudioFormatADPCM (41)
[2016.01.28-23.04.38:214][898]LogModuleManager: Shutting down and abandoning module LinuxTargetPlatform (40)
[2016.01.28-23.04.38:214][898]LogModuleManager: Shutting down and abandoning module LinuxServerTargetPlatform (39)
[2016.01.28-23.04.38:214][898]LogModuleManager: Shutting down and abandoning module LinuxNoEditorTargetPlatform (38)
[2016.01.28-23.04.38:214][898]LogModuleManager: Shutting down and abandoning module Messaging (37)
[2016.01.28-23.04.38:214][898]LogModuleManager: Shutting down and abandoning module IOSTargetPlatform (36)
[2016.01.28-23.04.38:214][898]LogModuleManager: Shutting down and abandoning module HTML5TargetPlatform (35)
[2016.01.28-23.04.38:214][898]LogModuleManager: Shutting down and abandoning module Android_PVRTCTargetPlatform (34)
[2016.01.28-23.04.38:214][898]LogModuleManager: Shutting down and abandoning module Android_ETC2TargetPlatform (33)
[2016.01.28-23.04.38:214][898]LogModuleManager: Shutting down and abandoning module Android_ETC1TargetPlatform (32)
[2016.01.28-23.04.38:214][898]LogModuleManager: Shutting down and abandoning module Android_DXTTargetPlatform (31)
[2016.01.28-23.04.38:214][898]LogModuleManager: Shutting down and abandoning module Android_ATCTargetPlatform (30)
[2016.01.28-23.04.38:214][898]LogModuleManager: Shutting down and abandoning module Android_ASTCTargetPlatform (29)
[2016.01.28-23.04.38:214][898]LogModuleManager: Shutting down and abandoning module AndroidTargetPlatform (28)
[2016.01.28-23.04.38:214][898]LogModuleManager: Shutting down and abandoning module WindowsTargetPlatform (27)
[2016.01.28-23.04.38:215][898]LogModuleManager: Shutting down and abandoning module WindowsServerTargetPlatform (26)
[2016.01.28-23.04.38:215][898]LogModuleManager: Shutting down and abandoning module WindowsNoEditorTargetPlatform (25)
[2016.01.28-23.04.38:215][898]LogModuleManager: Shutting down and abandoning module WindowsClientTargetPlatform (24)
[2016.01.28-23.04.38:215][898]LogModuleManager: Shutting down and abandoning module AllDesktopTargetPlatform (23)
[2016.01.28-23.04.38:215][898]LogModuleManager: Shutting down and abandoning module TargetPlatform (22)
[2016.01.28-23.04.38:215][898]LogModuleManager: Shutting down and abandoning module InputCore (21)
[2016.01.28-23.04.38:215][898]LogModuleManager: Shutting down and abandoning module Settings (20)
[2016.01.28-23.04.38:215][898]LogModuleManager: Shutting down and abandoning module OnlineSubsystem (18)
[2016.01.28-23.04.38:215][898]LogModuleManager: Shutting down and abandoning module HTTP (17)
[2016.01.28-23.04.39:215][898]LogModuleManager: Shutting down and abandoning module XMPP (16)
[2016.01.28-23.04.39:215][898]LogModuleManager: Shutting down and abandoning module ExampleDeviceProfileSelector (15)
[2016.01.28-23.04.39:215][898]LogModuleManager: Shutting down and abandoning module TextureCompressor (14)
[2016.01.28-23.04.39:215][898]LogModuleManager: Shutting down and abandoning module ShaderCore (13)
[2016.01.28-23.04.39:215][898]LogModuleManager: Shutting down and abandoning module Landscape (12)
[2016.01.28-23.04.39:215][898]LogModuleManager: Shutting down and abandoning module SlateRHIRenderer (11)
[2016.01.28-23.04.39:219][898]LogModuleManager: Shutting down and abandoning module OpenGLDrv (10)
[2016.01.28-23.04.39:219][898]LogModuleManager: Shutting down and abandoning module D3D11RHI (9)
[2016.01.28-23.04.39:219][898]LogModuleManager: Shutting down and abandoning module AnimGraphRuntime (8)
[2016.01.28-23.04.39:219][898]LogModuleManager: Shutting down and abandoning module Renderer (7)
[2016.01.28-23.04.39:219][898]LogModuleManager: Shutting down and abandoning module Engine (6)
[2016.01.28-23.04.39:219][898]LogModuleManager: Shutting down and abandoning module CoreUObject (5)
[2016.01.28-23.04.39:219][898]LogModuleManager: Shutting down and abandoning module NetworkFile (4)
[2016.01.28-23.04.39:219][898]LogModuleManager: Shutting down and abandoning module StreamingFile (3)
[2016.01.28-23.04.39:219][898]LogModuleManager: Shutting down and abandoning module SandboxFile (2)
[2016.01.28-23.04.39:219][898]LogModuleManager: Shutting down and abandoning module PakFile (1)
[2016.01.28-23.04.39:220][898]LogExit: Exiting.
[2016.01.28-23.04.39:251][898]Log file closed, 01/28/16 20:04:39
