[2016.01.29-02.30.14:201][  0]Log file open, 01/28/16 23:30:14
[2016.01.29-02.30.14:201][  0]LogInit:Display: Running engine for game: LeapBasics
[2016.01.29-02.30.14:201][  0]LogInit:Display: RandInit(240756156) SRandInit(240756157).
[2016.01.29-02.30.14:201][  0]LogTaskGraph: Started task graph with 4 named threads and 5 total threads.
[2016.01.29-02.30.14:201][  0]LogStats: Stats thread started at 0.079651
[2016.01.29-02.30.14:201][  0]LogInit: Version: 4.9.2-2707645+++depot+UE4-Releases+4.9
[2016.01.29-02.30.14:201][  0]LogInit: API Version: 2672455
[2016.01.29-02.30.14:201][  0]LogInit: Compiled (64-bit): Sep 28 2015 10:25:44
[2016.01.29-02.30.14:201][  0]LogInit: Compiled with Visual C++: 18.00.21005.01
[2016.01.29-02.30.14:201][  0]LogInit: Build Configuration: Development
[2016.01.29-02.30.14:201][  0]LogInit: Branch Name: ++depot+UE4-Releases+4.9
[2016.01.29-02.30.14:201][  0]LogInit: Command line:  
[2016.01.29-02.30.14:201][  0]LogInit: Base directory: C:/Program Files/Epic Games/4.9/Engine/Binaries/Win64/
[2016.01.29-02.30.14:201][  0]LogInit: Rocket: 1
[2016.01.29-02.30.14:221][  0]LogInit: Using libcurl 7.41.0
[2016.01.29-02.30.14:221][  0]LogInit:  - built for x86_64-pc-win32
[2016.01.29-02.30.14:221][  0]LogInit:  - supports SSL with WinSSL
[2016.01.29-02.30.14:221][  0]LogInit:  - other features:
[2016.01.29-02.30.14:221][  0]LogInit:      CURL_VERSION_SSL
[2016.01.29-02.30.14:221][  0]LogInit:      CURL_VERSION_IPV6
[2016.01.29-02.30.14:221][  0]LogInit:      CURL_VERSION_ASYNCHDNS
[2016.01.29-02.30.14:221][  0]LogInit:      CURL_VERSION_LARGEFILE
[2016.01.29-02.30.14:221][  0]LogInit:      CURL_VERSION_IDN
[2016.01.29-02.30.14:221][  0]LogInit:  CurlRequestOptions (configurable via config and command line):
[2016.01.29-02.30.14:221][  0]LogInit:  - bVerifyPeer = true  - Libcurl will verify peer certificate
[2016.01.29-02.30.14:221][  0]LogInit:  - bUseHttpProxy = false  - Libcurl will NOT use HTTP proxy
[2016.01.29-02.30.14:221][  0]LogInit:  - bDontReuseConnections = false  - Libcurl will reuse connections
[2016.01.29-02.30.14:221][  0]LogInit:  - CertBundlePath = nullptr  - Libcurl will use whatever was configured at build time.
[2016.01.29-02.30.14:234][  0]LogInit: Presizing for 0 objects not considered by GC, pre-allocating 0 bytes.
[2016.01.29-02.30.14:246][  0]LogInit: Object subsystem initialized
[2016.01.29-02.30.14:248][  0]LogInit: Selected Device Profile: [Windows]
[2016.01.29-02.30.14:248][  0]LogInit: Applying CVar settings loaded from the selected device profile: [Windows]
[2016.01.29-02.30.14:261][  0]LogInit: Computer: TONGA-PC
[2016.01.29-02.30.14:261][  0]LogInit: User: Tonga
[2016.01.29-02.30.14:261][  0]LogInit: CPU Page size=4096, Cores=2
[2016.01.29-02.30.14:261][  0]LogInit: High frequency timer resolution =3.021884 MHz
[2016.01.29-02.30.14:261][  0]LogMemory: Memory total: Physical=7.9GB (8GB approx)
[2016.01.29-02.30.14:261][  0]LogMemory: Platform Memory Stats for Windows
[2016.01.29-02.30.14:261][  0]LogMemory: Process Physical Memory: 54.07 MB used, 54.07 MB peak
[2016.01.29-02.30.14:261][  0]LogMemory: Process Virtual Memory: 58.17 MB used, 58.17 MB peak
[2016.01.29-02.30.14:261][  0]LogMemory: Physical Memory: 5131.63 MB used, 8132.66 MB total
[2016.01.29-02.30.14:261][  0]LogMemory: Virtual Memory: 338.88 MB used, 8388608.00 MB total
[2016.01.29-02.30.15:621][  0]LogD3D11RHI: Found D3D11 adapter 0: NVIDIA GeForce GTX 750 Ti (Feature Level 11_0)
[2016.01.29-02.30.15:621][  0]LogD3D11RHI: Adapter has 1992MB of dedicated video memory, 0MB of dedicated system memory, and 2048MB of shared system memory, 1 output[s]
[2016.01.29-02.30.15:621][  0]LogD3D11RHI: Chosen D3D11 Adapter Id = 0
[2016.01.29-02.30.15:632][  0]LogD3D11RHI: !Direct3DDevice
[2016.01.29-02.30.15:633][  0]LogRHI: Texture pool is 1361 MB (70% of 1945 MB)
[2016.01.29-02.30.15:649][  0]LogD3D11RHI: Async texture creation enabled
[2016.01.29-02.30.15:668][  0]LogShaderCompilers: Guid format shader working directory is 15 characters bigger than the processId version (../../../../../../Users/Tonga/Documents/Facultad/Tesis/Repositorio/proygrad_fing/Sistema de visualización/Intermediate/Shaders/WorkingDirectory/8360/).
[2016.01.29-02.30.15:668][  0]LogShaderCompilers: Cleaned the shader compiler working directory '../../../../../../Users/Tonga/Documents/Facultad/Tesis/Repositorio/proygrad_fing/Sistema de visualización/Intermediate/Shaders/tmp/78FFE73A4641B1D41C774EB8F834F518/'.
[2016.01.29-02.30.15:668][  0]LogShaderCompilers:Display: Using Local Shader Compiler.
[2016.01.29-02.30.17:780][  0]LogTemp:Display: Loaded TP AllDesktopTargetPlatform
[2016.01.29-02.30.17:790][  0]LogTemp:Display: Loaded TP WindowsClientTargetPlatform
[2016.01.29-02.30.17:800][  0]LogTemp:Display: Loaded TP WindowsNoEditorTargetPlatform
[2016.01.29-02.30.17:809][  0]LogTemp:Display: Loaded TP WindowsServerTargetPlatform
[2016.01.29-02.30.17:819][  0]LogTemp:Display: Loaded TP WindowsTargetPlatform
[2016.01.29-02.30.17:826][  0]LogTemp:Display: Loaded TP AndroidTargetPlatform
[2016.01.29-02.30.17:833][  0]LogTemp:Display: Loaded TP Android_ASTCTargetPlatform
[2016.01.29-02.30.17:841][  0]LogTemp:Display: Loaded TP Android_ATCTargetPlatform
[2016.01.29-02.30.17:847][  0]LogTemp:Display: Loaded TP Android_DXTTargetPlatform
[2016.01.29-02.30.17:854][  0]LogTemp:Display: Loaded TP Android_ETC1TargetPlatform
[2016.01.29-02.30.17:860][  0]LogTemp:Display: Loaded TP Android_ETC2TargetPlatform
[2016.01.29-02.30.17:867][  0]LogTemp:Display: Loaded TP Android_PVRTCTargetPlatform
[2016.01.29-02.30.17:868][  0]LogTemp:Display: Loaded TP HTML5TargetPlatform
[2016.01.29-02.30.17:889][  0]LogTemp:Display: Loaded TP IOSTargetPlatform
[2016.01.29-02.30.17:894][  0]LogTemp:Display: Loaded TP LinuxNoEditorTargetPlatform
[2016.01.29-02.30.17:900][  0]LogTemp:Display: Loaded TP LinuxServerTargetPlatform
[2016.01.29-02.30.17:906][  0]LogTemp:Display: Loaded TP LinuxTargetPlatform
[2016.01.29-02.30.17:906][  0]LogTargetPlatformManager:Display: Building Assets For Windows
[2016.01.29-02.30.18:075][  0]LogDerivedDataCache:Display: Max Cache Size: 512 MB
[2016.01.29-02.30.18:215][  0]LogDerivedDataCache: Loaded boot cache 0.14s 41MB C:/Users/Tonga/AppData/Local/UnrealEngine/4.9/DerivedDataCache/Boot.ddc.
[2016.01.29-02.30.18:215][  0]LogDerivedDataCache:Display: Loaded Boot cache: C:/Users/Tonga/AppData/Local/UnrealEngine/4.9/DerivedDataCache/Boot.ddc
[2016.01.29-02.30.18:215][  0]LogDerivedDataCache: FDerivedDataBackendGraph:  Pak pak cache file ../../../../../../Users/Tonga/Documents/Facultad/Tesis/Repositorio/proygrad_fing/Sistema de visualización/DerivedDataCache/DDC.ddp not found, will not use a pak cache.
[2016.01.29-02.30.18:215][  0]LogDerivedDataCache: Unable to find inner node Pak for hierarchical cache Hierarchy.
[2016.01.29-02.30.18:215][  0]LogDerivedDataCache: FDerivedDataBackendGraph:  CompressedPak pak cache file ../../../../../../Users/Tonga/Documents/Facultad/Tesis/Repositorio/proygrad_fing/Sistema de visualización/DerivedDataCache/Compressed.ddp not found, will not use a pak cache.
[2016.01.29-02.30.18:215][  0]LogDerivedDataCache: Unable to find inner node CompressedPak for hierarchical cache Hierarchy.
[2016.01.29-02.30.18:406][  0]LogDerivedDataCache:Display: Pak cache opened for reading ../../../Engine/DerivedDataCache/Compressed.ddp.
[2016.01.29-02.30.18:418][  0]LogDerivedDataCache: Using Local data cache path C:/Users/Tonga/AppData/Local/UnrealEngine/Common/DerivedDataCache: Writable
[2016.01.29-02.30.18:729][  0]LogInit: Selected Device Profile: [Windows]
[2016.01.29-02.30.18:730][  0]LogContentStreaming: Texture pool size is 0.000000MB
[2016.01.29-02.30.18:775][  0]LogMeshUtilities: No automatic mesh reduction module available
[2016.01.29-02.30.18:775][  0]LogMeshUtilities: No automatic mesh merging module available
[2016.01.29-02.30.19:378][  0]LogInit: WinSock: version 1.1 (2.2), MaxSocks=32767, MaxUdp=65467
[2016.01.29-02.30.20:943][  0]UdpMessaging: Initializing bridge on interface 0.0.0.0:0 to multicast group 230.0.0.1:6666.
[2016.01.29-02.30.21:076][  0]LogAssetRegistry: FAssetRegistry took 0.0102 seconds to start up
[2016.01.29-02.30.21:453][  0]SourceControl: Info Source control is disabled
[2016.01.29-02.30.21:455][  0]SourceControl: Info Source control is disabled
[2016.01.29-02.30.21:493][  0]SourceControl: Info Source control is disabled
[2016.01.29-02.30.21:522][  0]SourceControl: Info Source control is disabled
[2016.01.29-02.30.22:002][  0]LogFileManager:Warning: MoveFile was unable to move '../../../../../../Users/Tonga/Documents/Facultad/Tesis/Repositorio/proygrad_fing/Sistema de visualización/Intermediate/CachedAssetRegistry.bin.tmp' to '../../../../../../Users/Tonga/Documents/Facultad/Tesis/Repositorio/proygrad_fing/Sistema de visualización/Intermediate/CachedAssetRegistry.bin', retrying in .5s...
[2016.01.29-02.30.22:002][  0]LogLinker:Warning: Asset '../../../Engine/Plugins/Runtime/LeapMotionController/Content/LM_PassthroughMaterial.uasset' has been saved with empty engine version. The asset will be loaded but may be incompatible.
[2016.01.29-02.30.22:255][  0]LeapPluginLog: Using LeapPlugin version 0.9.7
[2016.01.29-02.30.22:264][  0]LogObj: 28981 objects as part of root set at end of initial load.
[2016.01.29-02.30.22:264][  0]LogUObjectAllocator: 6140352 out of 0 bytes used by permanent object pool.
[2016.01.29-02.30.22:389][  0]LogFileManager:Warning: MoveFile recovered during retry!
[2016.01.29-02.30.22:389][  0]LogEngine: Initializing Engine...
[2016.01.29-02.30.22:458][  0]OCULUS: Info: 01/29/16 02:30:22: [CAPI] LibOVR module is located at C:\Windows\system32\LibOVRRT64_0_7.dll

[2016.01.29-02.30.22:960][  0]OCULUS: Error: 01/29/16 02:30:22: [CAPI] ovr_Create failed to complete within the timeout period.
[2016.01.29-02.30.22:971][  0]LogHMD: SteamVR failed to initialize.  Err: 110
[2016.01.29-02.30.23:280][  0]LogAIModule: Creating AISystem for world NewWorld
[2016.01.29-02.30.23:292][  0]LogInit: XAudio2 using 'Altavoces (Realtek High Definition Audio)' : 2 channels at 48 kHz using 32 bits per sample (channel mask 0x3)
[2016.01.29-02.30.23:340][  0]LogInit: FAudioDevice initialized.
[2016.01.29-02.30.23:422][  0]LogDerivedDataCache: Saved boot cache 0.08s 41MB C:/Users/Tonga/AppData/Local/UnrealEngine/4.9/DerivedDataCache/Boot.ddc.
[2016.01.29-02.30.23:446][  0]LogInit: Texture streaming: Enabled
[2016.01.29-02.30.23:473][  0]LogAnalytics: Creating configured Analytics provider AnalyticsET
[2016.01.29-02.30.23:473][  0]LogAnalytics: [UEEditor.Rocket.Release] APIServer = http://et2.epicgames.com/ET2/. AppVersion = 4.9.2-2707645+++depot+UE4-Releases+4.9
[2016.01.29-02.30.23:473][  0]LogAnalytics: [UEEditor.Rocket.Release] SetUserId d2bef611456171cb171d15a4a42cb182|6ac59fa8cbb647a4b14c5a548cbd3b91|31fc86a8-acb9-451a-b082-adf3974f05a6
[2016.01.29-02.30.23:473][  0]LogAnalytics: [UEEditor.Rocket.Release] AnalyticsET::StartSession
[2016.01.29-02.30.23:623][  0]LogInit: Transaction tracking system initialized
[2016.01.29-02.30.23:696][  0]BlueprintLog: New page: Editor Load
[2016.01.29-02.30.23:977][  0]LocalizationService: Info Localization service is disabled
[2016.01.29-02.30.24:171][  0]LogConsoleResponse:Display: 
[2016.01.29-02.30.24:445][  0]LogCook:Display: Done creating registry. It took  0.00s.
[2016.01.29-02.30.24:651][  0]LogFileCache: Scanning file cache for directory 'C:/Users/Tonga/Documents/Facultad/Tesis/Repositorio/proygrad_fing/Sistema de visualización/Content/' took 0.02s
[2016.01.29-02.30.24:651][  0]SourceControl: Info Source control is disabled
[2016.01.29-02.30.24:653][  0]LightingResults: New page: Lighting Build
[2016.01.29-02.30.24:660][  0]MapCheck: New page: Map Check
[2016.01.29-02.30.24:660][  0]LightingResults: New page: Lighting Build
[2016.01.29-02.30.24:691][  0]LogParticles: Destroying 0 GPU particle simulations for FXSystem 0x000000001FFF6160
[2016.01.29-02.30.26:442][  0]LogBlueprint:Warning: [compiler LeapBasicRiggedCharacter] Warning InputAction Event references unknown Action 'Jump' for  InputAction Jump 
[2016.01.29-02.30.26:442][  0]LogBlueprint:Warning: [compiler LeapBasicRiggedCharacter] Warning Input Axis Event references unknown Axis 'LookUpRate' for  InputAxis LookUpRate 
[2016.01.29-02.30.26:443][  0]LogBlueprint:Warning: [compiler LeapBasicRiggedCharacter] Warning Input Axis Event references unknown Axis 'TurnRate' for  InputAxis TurnRate 
[2016.01.29-02.30.26:444][  0]LogBlueprint:Warning: [compiler LeapBasicRiggedCharacter] Warning Input Axis Event references unknown Axis 'MoveForward' for  InputAxis MoveForward 
[2016.01.29-02.30.26:450][  0]LogBlueprint:Warning: [compiler LeapBasicRiggedCharacter] Warning [0013.08] Compile of LeapBasicRiggedCharacter successful, but with 4 Warning(s) [in 23 ms]
[2016.01.29-02.30.26:450][  0]LogBlueprint:Warning: [compiler LeapBasicRiggedCharacter] Warning [0013.08] Compile of LeapBasicRiggedCharacter successful, but with 5 Warning(s) [in 0 ms]
[2016.01.29-02.30.26:450][  0]LogBlueprint:Warning: [compiler LeapBasicRiggedCharacter] Warning [0013.08] Compile of LeapBasicRiggedCharacter successful, but with 6 Warning(s) [in 0 ms]
[2016.01.29-02.30.26:468][  0]LogBlueprint:Warning: [compiler LeapBasicRiggedCharacter] Warning InputAction Event references unknown Action 'Jump' for  InputAction Jump 
[2016.01.29-02.30.26:469][  0]LogBlueprint:Warning: [compiler LeapBasicRiggedCharacter] Warning Input Axis Event references unknown Axis 'LookUpRate' for  InputAxis LookUpRate 
[2016.01.29-02.30.26:469][  0]LogBlueprint:Warning: [compiler LeapBasicRiggedCharacter] Warning Input Axis Event references unknown Axis 'TurnRate' for  InputAxis TurnRate 
[2016.01.29-02.30.26:470][  0]LogBlueprint:Warning: [compiler LeapBasicRiggedCharacter] Warning Input Axis Event references unknown Axis 'MoveForward' for  InputAxis MoveForward 
[2016.01.29-02.30.26:477][  0]LogBlueprint:Warning: [compiler LeapBasicRiggedCharacter] Warning [0013.11] Compile of LeapBasicRiggedCharacter successful, but with 4 Warning(s) [in 21 ms]
[2016.01.29-02.30.26:477][  0]LogBlueprint:Warning: [compiler LeapBasicRiggedCharacter] Warning [0013.11] Compile of LeapBasicRiggedCharacter successful, but with 5 Warning(s) [in 0 ms]
[2016.01.29-02.30.26:477][  0]LogBlueprint:Warning: [compiler LeapBasicRiggedCharacter] Warning [0013.11] Compile of LeapBasicRiggedCharacter successful, but with 6 Warning(s) [in 0 ms]
[2016.01.29-02.30.27:579][  0]LogAIModule: Creating AISystem for world Minimal_Default
[2016.01.29-02.30.27:590][  0]LeapPluginLog: InterfaceObject: CameraActor_Blueprint_C_0
[2016.01.29-02.30.27:590][  0]LeapPluginLog: InterfaceObject: LeapAnimBodyConnector_C_409
[2016.01.29-02.30.27:590][  0]LeapPluginLog:Warning: Warning! More than one (2) Leap Controller Component detected! Duplication of work and output may result (inefficiency warning).
[2016.01.29-02.30.27:592][  0]LeapPluginLog: LeapController::CleanupEventData Delete Called
[2016.01.29-02.30.27:601][  0]LeapPluginLog: LeapController::CleanupEventData Delete Called
[2016.01.29-02.30.27:604][  0]LeapPluginLog: InterfaceObject: LeapAnimBodyConnector_C_411
[2016.01.29-02.30.27:605][  0]LeapPluginLog: InterfaceObject: CameraActor_Blueprint_C_0
[2016.01.29-02.30.27:605][  0]LeapPluginLog:Warning: Warning! More than one (2) Leap Controller Component detected! Duplication of work and output may result (inefficiency warning).
[2016.01.29-02.30.27:606][  0]LeapPluginLog: LeapController::CleanupEventData Delete Called
[2016.01.29-02.30.27:606][  0]LeapPluginLog: InterfaceObject: CameraActor_Blueprint_C_0
[2016.01.29-02.30.27:606][  0]LeapPluginLog:Warning: Warning! More than one (2) Leap Controller Component detected! Duplication of work and output may result (inefficiency warning).
[2016.01.29-02.30.27:606][  0]LogEditorServer: Finished looking for orphan Actors (0.000 secs)
[2016.01.29-02.30.27:607][  0]Cmd: MAP CHECKDEP NOCLEARLOG
[2016.01.29-02.30.27:771][  0]MapCheck: Info Map check complete: 0 Error(s), 0 Warning(s), took 163.982ms to complete.
[2016.01.29-02.30.27:771][  0]LogFileHelpers: Loading map 'Minimal_Default' took 3.121
[2016.01.29-02.30.27:939][  0]LogCollectionManager: Loaded 0 collections in 0.005628 seconds
[2016.01.29-02.30.27:979][  0]LogFileCache: Scanning file cache for directory 'C:/Users/Tonga/Documents/Facultad/Tesis/Repositorio/proygrad_fing/Sistema de visualización/Saved/Collections/' took 0.01s
[2016.01.29-02.30.27:979][  0]LogFileCache: Scanning file cache for directory 'C:/Users/Tonga/Documents/Facultad/Tesis/Repositorio/proygrad_fing/Sistema de visualización/Content/Developers/Tonga/Collections/' took 0.00s
[2016.01.29-02.30.27:979][  0]LogFileCache: Scanning file cache for directory 'C:/Users/Tonga/Documents/Facultad/Tesis/Repositorio/proygrad_fing/Sistema de visualización/Content/Collections/' took 0.01s
[2016.01.29-02.30.27:979][  0]LogContentBrowser: Native class hierarchy populated in 0.0166 seconds. Added 1893 classes and 337 folders.
[2016.01.29-02.30.27:994][  0]LogCollectionManager: Rebuilt the GUID cache for 0 collections in 0.000003 seconds
[2016.01.29-02.30.28:009][  0]LogContentBrowser: Native class hierarchy updated for 'WidgetCarousel' in 0.0007 seconds. Added 0 classes and 0 folders.
[2016.01.29-02.30.28:135][  0]LogContentBrowser: Native class hierarchy updated for 'AddContentDialog' in 0.0005 seconds. Added 0 classes and 0 folders.
[2016.01.29-02.30.28:142][  0]LogContentBrowser: Native class hierarchy updated for 'SceneOutliner' in 0.0006 seconds. Added 1 classes and 2 folders.
[2016.01.29-02.30.28:230][  0]LogCrashTracker: Crashtracker disabled due to settings.
[2016.01.29-02.30.28:237][  0]LogUObjectGlobals:Warning: Failed to find object 'Class None.'
[2016.01.29-02.30.28:258][  0]LogLoad: Full Startup: 14.89 seconds (BP compile: 1.06 seconds)
[2016.01.29-02.30.28:386][  0]LogContentStreaming: Texture pool size now 1000 MB
[2016.01.29-02.30.28:565][  0]LogRenderer: Reallocating scene render targets to support 1144x576 (Frame:2).
[2016.01.29-02.30.28:752][  1]LeapPluginLog: InterfaceObject: LeapAnimBodyConnector_C_412
[2016.01.29-02.30.28:752][  1]LeapPluginLog:Warning: Warning! More than one (3) Leap Controller Component detected! Duplication of work and output may result (inefficiency warning).
[2016.01.29-02.30.29:300][  9]LogAssetRegistry: Asset discovery search completed in 8.2349 seconds
[2016.01.29-02.30.29:300][  9]LogCollectionManager: Rebuilt the object cache for 0 collections in 0.000002 seconds (found 0 objects)
[2016.01.29-02.30.29:300][  9]LogCollectionManager: Fixed up redirectors for 0 collections in 0.000044 seconds (updated 0 objects)
[2016.01.29-02.31.00:655][811]LogLinker:Warning: Asset '../../../Engine/Content/ArtTools/RenderToTexture/Macros/RenderToTextureMacros.uasset' has been saved with empty engine version. The asset will be loaded but may be incompatible.
[2016.01.29-02.31.01:576][811]LogContentBrowser: Native class hierarchy updated for 'BlueprintGraph' in 0.0018 seconds. Added 107 classes and 0 folders.
[2016.01.29-02.31.02:232][811]LoadErrors:Error: Error /Game/Blueprints/ElementoListaLuzAgregada : Failed import for ObjectProperty /Game/Blueprints/Lightbulb.Lightbulb_C:StaticMesh
[2016.01.29-02.31.10:406][349]BlueprintLog: New page: Compile PanelLuces
[2016.01.29-02.31.10:618][349]LogActorComponent: UnregisterComponent: (/Engine/Transient.CharMoveComp) Not registered. Aborting.
[2016.01.29-02.31.10:619][349]LogActorComponent: UnregisterComponent: (/Engine/Transient.LeapController_GEN_VARIABLE) Not registered. Aborting.
[2016.01.29-02.31.10:731][349]LogParticles: Destroying 0 GPU particle simulations for FXSystem 0x0000000011459B20
[2016.01.29-02.31.10:733][349]LogParticles: Destroying 0 GPU particle simulations for FXSystem 0x000000001145A200
[2016.01.29-02.31.10:743][349]LeapPluginLog: LeapController::CleanupEventData Delete Called
[2016.01.29-02.31.10:762][349]LeapPluginLog: LeapController::CleanupEventData Delete Called
[2016.01.29-02.31.10:800][349]LeapPluginLog: LeapController::CleanupEventData Delete Called
[2016.01.29-02.31.10:821][349]LeapPluginLog: LeapController::CleanupEventData Delete Called
[2016.01.29-02.31.10:881][349]LeapPluginLog: LeapController::CleanupEventData Delete Called
[2016.01.29-02.31.10:935][349]BlueprintEditorCompileResults: Info [0057.57] Compile of PanelLuces successful! [in 528 ms]
[2016.01.29-02.31.15:036][716]MapCheck: New page: Map Check
[2016.01.29-02.31.15:066][716]Cmd: MAP REBUILD ALLVISIBLE
[2016.01.29-02.31.15:066][716]LogEditorServer: Rebuildmap Clear paths rebuilt
[2016.01.29-02.31.15:183][716]LeapPluginLog: LeapController::CleanupEventData Delete Called
[2016.01.29-02.31.15:183][716]LeapPluginLog: LeapController::CleanupEventData Delete Called
[2016.01.29-02.31.15:186][716]LeapPluginLog: InterfaceObject: CameraActor_Blueprint_C_0
[2016.01.29-02.31.15:186][716]LeapPluginLog:Warning: Warning! More than one (2) Leap Controller Component detected! Duplication of work and output may result (inefficiency warning).
[2016.01.29-02.31.15:187][716]LeapPluginLog: InterfaceObject: LeapAnimBodyConnector_C_409
[2016.01.29-02.31.15:187][716]LeapPluginLog:Warning: Warning! More than one (3) Leap Controller Component detected! Duplication of work and output may result (inefficiency warning).
[2016.01.29-02.31.15:188][716]LeapPluginLog: LeapController::CleanupEventData Delete Called
[2016.01.29-02.31.15:189][716]LeapPluginLog: LeapController::CleanupEventData Delete Called
[2016.01.29-02.31.15:191][716]LeapPluginLog: InterfaceObject: LeapAnimBodyConnector_C_414
[2016.01.29-02.31.15:191][716]LeapPluginLog:Warning: Warning! More than one (2) Leap Controller Component detected! Duplication of work and output may result (inefficiency warning).
[2016.01.29-02.31.15:192][716]LeapPluginLog: InterfaceObject: CameraActor_Blueprint_C_0
[2016.01.29-02.31.15:192][716]LeapPluginLog:Warning: Warning! More than one (3) Leap Controller Component detected! Duplication of work and output may result (inefficiency warning).
[2016.01.29-02.31.15:193][716]LeapPluginLog: LeapController::CleanupEventData Delete Called
[2016.01.29-02.31.15:193][716]LeapPluginLog: InterfaceObject: CameraActor_Blueprint_C_0
[2016.01.29-02.31.15:193][716]LeapPluginLog:Warning: Warning! More than one (3) Leap Controller Component detected! Duplication of work and output may result (inefficiency warning).
[2016.01.29-02.31.15:252][716]LogParticles: Destroying 0 GPU particle simulations for FXSystem 0x0000000060AE25C0
[2016.01.29-02.31.15:253][716]LogParticles: Destroying 0 GPU particle simulations for FXSystem 0x0000000060AE2D40
[2016.01.29-02.31.15:301][716]MapCheck:Warning: Warning WorldSettings_1 Hierarchical LOD System is disabled or no HLOD level settings available, unable to build LOD actors. 
[2016.01.29-02.31.15:301][716]LogStats:          STAT_HLOD_BuildClusters - 106.962 ms
[2016.01.29-02.31.15:301][716]LightingResults: New page: Lighting Build - Jan 28, 2016, 8:31:15 PM
[2016.01.29-02.31.27:233][716]LogStaticLightingSystem:Warning: No importance volume found, so the scene bounding box was used.  You can optimize your scene's quality and lighting build times by adding importance volumes.
[2016.01.29-02.31.27:233][716]LogStaticLightingSystem: Running Lightmass w/ ImmediateImport mode ENABLED
[2016.01.29-02.31.27:233][716]LogStaticLightingSystem: Running Lightmass w/ ImmediateProcess mode ENABLED
[2016.01.29-02.31.27:233][716]LogStaticLightingSystem: Running Lightmass w/ Sorting mode ENABLED
[2016.01.29-02.31.27:233][716]LogStaticLightingSystem: Running Lightmass w/ Mapping paddings ENABLED
[2016.01.29-02.31.27:233][716]LogStaticLightingSystem: Running Lightmass w/ Mapping debug paddings DISABLED
[2016.01.29-02.31.27:597][716]LogEditorBuildUtils: Build time 0:00:12
[2016.01.29-02.31.31:379][949]Job is a success!
[2016.01.29-02.31.31:535][950]LeapPluginLog: LeapController::CleanupEventData Delete Called
[2016.01.29-02.31.31:535][950]LeapPluginLog: LeapController::CleanupEventData Delete Called
[2016.01.29-02.31.31:535][950]LeapPluginLog: LeapController::CleanupEventData Delete Called
[2016.01.29-02.31.31:550][950]LeapPluginLog: InterfaceObject: CameraActor_Blueprint_C_0
[2016.01.29-02.31.31:550][950]LeapPluginLog: InterfaceObject: LeapAnimBodyConnector_C_409
[2016.01.29-02.31.31:550][950]LeapPluginLog:Warning: Warning! More than one (2) Leap Controller Component detected! Duplication of work and output may result (inefficiency warning).
[2016.01.29-02.31.31:550][950]LeapPluginLog: InterfaceObject: LeapAnimBodyConnector_C_412
[2016.01.29-02.31.31:550][950]LeapPluginLog:Warning: Warning! More than one (3) Leap Controller Component detected! Duplication of work and output may result (inefficiency warning).
[2016.01.29-02.31.31:601][950]LogTexture:Display: Building textures: SkyOcclusion0_1 (AutoDXT)
[2016.01.29-02.31.31:627][950]LogTexture:Display: Building textures: LQ_Lightmap_0_4 (DXT1)
[2016.01.29-02.31.31:635][950]LogTexture:Display: Building textures: HQ_Lightmap0_4 (AutoDXT)
[2016.01.29-02.31.31:643][950]LogTexture:Display: Building textures: SkyOcclusion0_4 (AutoDXT)
[2016.01.29-02.31.31:650][950]LogTexture:Display: Building textures: LQ_Lightmap_0_3 (DXT1)
[2016.01.29-02.31.31:667][950]LogTexture:Display: Building textures: HQ_Lightmap0_3 (AutoDXT)
[2016.01.29-02.31.31:696][950]LogTexture:Display: Building textures: SkyOcclusion0_3 (AutoDXT)
[2016.01.29-02.31.31:715][950]LogTexture:Display: Building textures: LQ_Lightmap_0_2 (DXT1)
[2016.01.29-02.31.31:752][950]LogTexture:Display: Building textures: HQ_Lightmap0_2 (AutoDXT)
[2016.01.29-02.31.31:791][950]LogTexture:Display: Building textures: SkyOcclusion0_2 (AutoDXT)
[2016.01.29-02.31.31:812][950]LogTexture:Display: Building textures: LQ_Lightmap_0_1 (DXT1)
[2016.01.29-02.31.31:821][950]LogTexture:Display: Building textures: HQ_Lightmap0_1 (AutoDXT)
[2016.01.29-02.31.31:874][950]LogTexture:Display: Building textures: ShadowMapTexture2D_0 (G8)
[2016.01.29-02.31.31:891][950]LogTexture:Display: Building textures: ShadowMapTexture2D_1 (G8)
[2016.01.29-02.31.31:897][950]LogTexture:Display: Building textures: ShadowMapTexture2D_2 (G8)
[2016.01.29-02.31.31:900][950]LogTexture:Display: Building textures: ShadowMapTexture2D_3 (G8)
[2016.01.29-02.31.32:073][950]Lightmass on TONGA-PC: 2.66 sec total, 325 ms importing, 1 ms setup, 364 ms photons, 1.76 sec processing, 0 ms extra exporting [4/4 mappings]. Threads: 7.01 sec total, 2.92 sec processing.
[2016.01.29-02.31.32:077][950]LeapPluginLog: LeapController::CleanupEventData Delete Called
[2016.01.29-02.31.32:077][950]LeapPluginLog: LeapController::CleanupEventData Delete Called
[2016.01.29-02.31.32:079][950]LeapPluginLog: InterfaceObject: CameraActor_Blueprint_C_0
[2016.01.29-02.31.32:079][950]LeapPluginLog:Warning: Warning! More than one (2) Leap Controller Component detected! Duplication of work and output may result (inefficiency warning).
[2016.01.29-02.31.32:080][950]LeapPluginLog: InterfaceObject: LeapAnimBodyConnector_C_409
[2016.01.29-02.31.32:080][950]LeapPluginLog:Warning: Warning! More than one (3) Leap Controller Component detected! Duplication of work and output may result (inefficiency warning).
[2016.01.29-02.31.32:153][950]LogStaticLightingSystem: Illumination: 16.8 sec (335 ms encoding lightmaps)
[2016.01.29-02.31.32:153][950]LogStaticLightingSystem: Lightmap texture memory:  0.2 MB (0.2 MB streaming, 0.0 MB non-streaming), 8 textures
[2016.01.29-02.31.32:153][950]LogStaticLightingSystem: Shadowmap texture memory: 0.1 MB (0.1 MB streaming, 0.0 MB non-streaming), 4 textures
[2016.01.29-02.31.32:239][951]Cmd: MAP CHECK NOTIFYRESULTS
[2016.01.29-02.31.32:239][951]MapCheck: New page: Minimal_Default - Jan 28, 2016, 8:31:32 PM
[2016.01.29-02.31.32:562][951]MapCheck: Info Map check complete: 0 Error(s), 0 Warning(s), took 322.868ms to complete.
[2016.01.29-02.31.39:891][763]LeapPluginLog: InterfaceObject: LeapAnimBodyConnector_C_415
[2016.01.29-02.31.39:891][763]LeapPluginLog:Warning: Warning! More than one (4) Leap Controller Component detected! Duplication of work and output may result (inefficiency warning).
[2016.01.29-02.31.42:271][915]LogBlueprintUserMessages: CustomizeDetails for Blueprint 'Minimal_Default', cached variable property's owner is '/Game/StarterContent/Maps/Minimal_Default.SKEL_Minimal_Default_C'
[2016.01.29-02.31.47:619][436]LogBlueprintUserMessages: PostEditorRefresh for Blueprint 'Minimal_Default', cached variable property's owner is '/Game/StarterContent/Maps/Minimal_Default.SKEL_Minimal_Default_C'
[2016.01.29-02.31.47:624][436]LogBlueprintUserMessages: PostEditorRefresh for Blueprint 'Minimal_Default', cached variable property's owner is '/Game/StarterContent/Maps/Minimal_Default.SKEL_Minimal_Default_C'
[2016.01.29-02.31.47:630][436]LogBlueprintUserMessages: PostEditorRefresh for Blueprint 'Minimal_Default', cached variable property's owner is '/Game/StarterContent/Maps/Minimal_Default.SKEL_Minimal_Default_C'
[2016.01.29-02.31.47:648][436]LogBlueprintUserMessages: CustomizeDetails for Blueprint 'Minimal_Default', cached variable property's owner is '/Game/StarterContent/Maps/Minimal_Default.SKEL_Minimal_Default_C'
[2016.01.29-02.31.49:538][632]LogBlueprintUserMessages: CustomizeDetails for Blueprint 'Minimal_Default', cached variable property's owner is '/Game/StarterContent/Maps/Minimal_Default.SKEL_Minimal_Default_C'
[2016.01.29-02.32.10:650][894]BlueprintLog: New page: Compile Minimal_Default
[2016.01.29-02.32.10:707][894]LogActorComponent: UnregisterComponent: (/Engine/Transient.CharMoveComp) Not registered. Aborting.
[2016.01.29-02.32.10:707][894]LogActorComponent: UnregisterComponent: (/Engine/Transient.LeapController_GEN_VARIABLE) Not registered. Aborting.
[2016.01.29-02.32.10:774][894]LeapPluginLog: LeapController::CleanupEventData Delete Called
[2016.01.29-02.32.10:800][894]LogBlueprintUserMessages: PostEditorRefresh for Blueprint 'Minimal_Default', cached variable property's owner is '/Game/StarterContent/Maps/Minimal_Default.SKEL_Minimal_Default_C'
[2016.01.29-02.32.10:802][894]BlueprintEditorCompileResults: Info [0117.44] Compile of Minimal_Default successful! [in 152 ms]
[2016.01.29-02.32.10:818][894]LogBlueprintUserMessages: CustomizeDetails for Blueprint 'Minimal_Default', cached variable property's owner is '/Game/StarterContent/Maps/Minimal_Default.SKEL_Minimal_Default_C'
[2016.01.29-02.32.24:982][276]LogBlueprint:Warning: [compiler BP_Commentary_Box] Warning  Set Text (String)  is deprecated; Use the SetText function taking an FText instead.
[2016.01.29-02.32.24:994][276]LogBlueprint:Warning: [compiler BP_Commentary_Box] Warning  Set Text (String)  is deprecated; Use the SetText function taking an FText instead.
[2016.01.29-02.32.25:008][276]LogBlueprint:Warning: [compiler BP_Commentary_Box] Warning [0131.64] Compile of BP_Commentary_Box successful, but with 2 Warning(s) [in 56 ms]
[2016.01.29-02.32.25:008][276]LogBlueprint:Warning: [compiler BP_Commentary_Box] Warning [0131.64] Compile of BP_Commentary_Box successful, but with 3 Warning(s) [in 0 ms]
[2016.01.29-02.32.25:009][276]LogBlueprint:Warning: [compiler BP_Commentary_Box] Warning [0131.64] Compile of BP_Commentary_Box successful, but with 4 Warning(s) [in 0 ms]
[2016.01.29-02.32.25:050][276]LogBlueprint:Warning: [compiler BP_Commentary_Box] Warning  Set Text (String)  is deprecated; Use the SetText function taking an FText instead.
[2016.01.29-02.32.25:063][276]LogBlueprint:Warning: [compiler BP_Commentary_Box] Warning  Set Text (String)  is deprecated; Use the SetText function taking an FText instead.
[2016.01.29-02.32.25:079][276]LogBlueprint:Warning: [compiler BP_Commentary_Box] Warning [0131.71] Compile of BP_Commentary_Box successful, but with 2 Warning(s) [in 57 ms]
[2016.01.29-02.32.25:079][276]LogBlueprint:Warning: [compiler BP_Commentary_Box] Warning [0131.71] Compile of BP_Commentary_Box successful, but with 3 Warning(s) [in 0 ms]
[2016.01.29-02.32.25:079][276]LogBlueprint:Warning: [compiler BP_Commentary_Box] Warning [0131.71] Compile of BP_Commentary_Box successful, but with 4 Warning(s) [in 0 ms]
[2016.01.29-02.32.26:784][331]BlueprintLog: New page: Compile PanelMenuOpciones
[2016.01.29-02.32.26:967][331]BlueprintEditorCompileResults: Info [0133.60] Compile of PanelMenuOpciones successful! [in 182 ms]
[2016.01.29-02.32.28:505][502]BlueprintLog: New page: Compile PanelMenuOpciones
[2016.01.29-02.32.28:680][502]BlueprintEditorCompileResults: Info [0135.31] Compile of PanelMenuOpciones successful! [in 174 ms]
[2016.01.29-02.32.34:919][942]BlueprintLog: New page: Compile PanelUbicacionesFavoritas
[2016.01.29-02.32.35:092][942]BlueprintEditorCompileResults: Info [0141.73] Compile of PanelUbicacionesFavoritas successful! [in 173 ms]
[2016.01.29-02.32.41:221][378]BlueprintLog: New page: Compile Lightbulb
[2016.01.29-02.32.41:382][378]BlueprintEditorCompileResults: Info [0148.01] Compile of Lightbulb successful! [in 161 ms]
[2016.01.29-02.32.46:057][704]BlueprintLog: New page: Compile Light_Source_Blueprint
[2016.01.29-02.32.46:226][704]LogParticles: Destroying 0 GPU particle simulations for FXSystem 0x0000000020C82840
[2016.01.29-02.32.46:228][704]LogParticles: Destroying 0 GPU particle simulations for FXSystem 0x0000000020C82DE0
[2016.01.29-02.32.46:231][704]LogParticles: Destroying 0 GPU particle simulations for FXSystem 0x00000000546E6840
[2016.01.29-02.32.46:233][704]LogParticles: Destroying 0 GPU particle simulations for FXSystem 0x000000006119BEC0
[2016.01.29-02.32.46:235][704]LogParticles: Destroying 0 GPU particle simulations for FXSystem 0x000000006119B6A0
[2016.01.29-02.32.46:237][704]LogParticles: Destroying 0 GPU particle simulations for FXSystem 0x0000000059191DA0
[2016.01.29-02.32.46:247][704]BlueprintEditorCompileResults: Info [0152.88] Compile of Light_Source_Blueprint successful! [in 189 ms]
[2016.01.29-02.32.49:269][912]BlueprintLog: New page: Compile ElementoListaLuzAgregada
[2016.01.29-02.32.49:465][912]LogParticles: Destroying 0 GPU particle simulations for FXSystem 0x00000000983F5BC0
[2016.01.29-02.32.49:483][912]BlueprintEditorCompileResults: Info [0156.12] Compile of ElementoListaLuzAgregada successful! [in 213 ms]
[2016.01.29-02.32.59:520][422]LeapPluginLog: InterfaceObject: LeapAnimBodyConnector_C_416
[2016.01.29-02.32.59:520][422]LeapPluginLog:Warning: Warning! More than one (5) Leap Controller Component detected! Duplication of work and output may result (inefficiency warning).
[2016.01.29-02.33.02:115][603]LogBlueprintUserMessages: CustomizeDetails for Blueprint 'Minimal_Default', cached variable property's owner is '/Game/StarterContent/Maps/Minimal_Default.SKEL_Minimal_Default_C'
[2016.01.29-02.33.07:870][159]LogBlueprintUserMessages: PostEditorRefresh for Blueprint 'Minimal_Default', cached variable property's owner is '/Game/StarterContent/Maps/Minimal_Default.SKEL_Minimal_Default_C'
[2016.01.29-02.33.07:877][159]LogBlueprintUserMessages: PostEditorRefresh for Blueprint 'Minimal_Default', cached variable property's owner is '/Game/StarterContent/Maps/Minimal_Default.SKEL_Minimal_Default_C'
[2016.01.29-02.33.07:882][159]LogBlueprintUserMessages: PostEditorRefresh for Blueprint 'Minimal_Default', cached variable property's owner is '/Game/StarterContent/Maps/Minimal_Default.SKEL_Minimal_Default_C'
[2016.01.29-02.33.07:902][159]LogBlueprintUserMessages: CustomizeDetails for Blueprint 'Minimal_Default', cached variable property's owner is '/Game/StarterContent/Maps/Minimal_Default.SKEL_Minimal_Default_C'
[2016.01.29-02.33.08:950][262]LogBlueprintUserMessages: CustomizeDetails for Blueprint 'Minimal_Default', cached variable property's owner is '/Game/StarterContent/Maps/Minimal_Default.SKEL_Minimal_Default_C'
[2016.01.29-02.33.22:930][586]LogBlueprintUserMessages: PostEditorRefresh for Blueprint 'Minimal_Default', cached variable property's owner is '/Game/StarterContent/Maps/Minimal_Default.SKEL_Minimal_Default_C'
[2016.01.29-02.33.22:935][586]LogBlueprintUserMessages: PostEditorRefresh for Blueprint 'Minimal_Default', cached variable property's owner is '/Game/StarterContent/Maps/Minimal_Default.SKEL_Minimal_Default_C'
[2016.01.29-02.33.22:941][586]LogBlueprintUserMessages: PostEditorRefresh for Blueprint 'Minimal_Default', cached variable property's owner is '/Game/StarterContent/Maps/Minimal_Default.SKEL_Minimal_Default_C'
[2016.01.29-02.33.22:960][586]LogBlueprintUserMessages: CustomizeDetails for Blueprint 'Minimal_Default', cached variable property's owner is '/Game/StarterContent/Maps/Minimal_Default.SKEL_Minimal_Default_C'
[2016.01.29-02.33.28:298][ 68]BlueprintLog: New page: Compile Minimal_Default
[2016.01.29-02.33.28:361][ 68]LogActorComponent: UnregisterComponent: (/Engine/Transient.CharMoveComp) Not registered. Aborting.
[2016.01.29-02.33.28:361][ 68]LogActorComponent: UnregisterComponent: (/Engine/Transient.LeapController_GEN_VARIABLE) Not registered. Aborting.
[2016.01.29-02.33.28:430][ 68]LogParticles: Destroying 0 GPU particle simulations for FXSystem 0x0000000035688CC0
[2016.01.29-02.33.28:440][ 68]LogParticles: Destroying 0 GPU particle simulations for FXSystem 0x000000003568B9C0
[2016.01.29-02.33.28:440][ 68]LeapPluginLog: LeapController::CleanupEventData Delete Called
[2016.01.29-02.33.28:463][ 68]LogBlueprintUserMessages: PostEditorRefresh for Blueprint 'Minimal_Default', cached variable property's owner is '/Game/StarterContent/Maps/Minimal_Default.SKEL_Minimal_Default_C'
[2016.01.29-02.33.28:465][ 68]BlueprintEditorCompileResults: Info [0195.10] Compile of Minimal_Default successful! [in 166 ms]
[2016.01.29-02.33.28:483][ 68]LogBlueprintUserMessages: CustomizeDetails for Blueprint 'Minimal_Default', cached variable property's owner is '/Game/StarterContent/Maps/Minimal_Default.SKEL_Minimal_Default_C'
[2016.01.29-02.33.30:883][264]LogBlueprintUserMessages: PostEditorRefresh for Blueprint 'Minimal_Default', cached variable property's owner is '/Game/StarterContent/Maps/Minimal_Default.SKEL_Minimal_Default_C'
[2016.01.29-02.33.31:022][264]LogSavePackage: Save=207.687317ms
[2016.01.29-02.33.31:022][264]LogSavePackage: Moving '../../../../../../Users/Tonga/Documents/Facultad/Tesis/Repositorio/proygrad_fing/Sistema de visualización/Saved/Minimal_Default5DCF891543EEC2C4450E16B61541A7C4.tmp' to '../../../../../../Users/Tonga/Documents/Facultad/Tesis/Repositorio/proygrad_fing/Sistema de visualización/Content/StarterContent/Maps/Minimal_Default.umap'
[2016.01.29-02.33.31:027][264]LogSavePackage: Total save time: 240.150183ms
[2016.01.29-02.33.31:027][264]LogSavePackage:Warning: Finished SavePackage ../../../../../../Users/Tonga/Documents/Facultad/Tesis/Repositorio/proygrad_fing/Sistema de visualización/Content/StarterContent/Maps/Minimal_Default.umap
[2016.01.29-02.33.42:800][365]LogBlueprintUserMessages: CustomizeDetails for Blueprint 'Minimal_Default', cached variable property's owner is '/Game/StarterContent/Maps/Minimal_Default.SKEL_Minimal_Default_C'
[2016.01.29-02.33.43:738][453]LogBlueprintUserMessages: CustomizeDetails for Blueprint 'Minimal_Default', cached variable property's owner is '/Game/StarterContent/Maps/Minimal_Default.SKEL_Minimal_Default_C'
[2016.01.29-02.33.47:006][726]LogProperty:Warning: ObjectProperty /Script/Engine.EdGraphPin:LinkedTo.LinkedTo: unresolved reference to 'EdGraphPin'K2Node_Event_123.EdGraphPin_11893''
[2016.01.29-02.33.47:006][726]LogProperty:Warning: ObjectProperty /Script/Engine.EdGraphPin:LinkedTo.LinkedTo: unresolved reference to 'EdGraphPin'K2Node_VariableSet_94.EdGraphPin_11900''
[2016.01.29-02.33.47:006][726]LogProperty:Warning: ObjectProperty /Script/Engine.EdGraphPin:LinkedTo.LinkedTo: unresolved reference to 'EdGraphPin'K2Node_VariableSet_94.EdGraphPin_11902''
[2016.01.29-02.33.47:007][726]LogProperty:Warning: ObjectProperty /Script/Engine.EdGraphPin:LinkedTo.LinkedTo: unresolved reference to 'EdGraphPin'K2Node_CreateWidget_35.EdGraphPin_12160''
[2016.01.29-02.33.47:008][726]LogLinker:Warning: Can't find file '/Game/Inicio'
[2016.01.29-02.33.47:008][726]LogLinker: Can't find file '/Game/Inicio'
[2016.01.29-02.33.47:008][726]LogProperty:Warning: WeakObjectProperty /Script/Engine.EdGraphPinType:PinSubCategoryObject: unresolved reference to 'BlueprintGeneratedClass'/Game/Inicio.Inicio_C')'
[2016.01.29-02.33.47:009][726]LogProperty:Warning: ObjectProperty /Script/Engine.EdGraphPin:LinkedTo.LinkedTo: unresolved reference to 'EdGraphPin'K2Node_VariableSet_110.EdGraphPin_11945''
[2016.01.29-02.33.47:020][726]LogProperty:Warning: ObjectProperty /Script/Engine.EdGraphPin:LinkedTo.LinkedTo: unresolved reference to 'EdGraphPin'K2Node_VariableSet_110.EdGraphPin_11947''
[2016.01.29-02.33.47:020][726]LogProperty:Warning: ObjectProperty /Script/Engine.EdGraphPin:LinkedTo.LinkedTo: unresolved reference to 'EdGraphPin'K2Node_CreateWidget_46.EdGraphPin_12175''
[2016.01.29-02.33.47:021][726]LogLinker: Can't find file '/Game/Inicio'
[2016.01.29-02.33.47:021][726]LogProperty:Warning: WeakObjectProperty /Script/Engine.EdGraphPinType:PinSubCategoryObject: unresolved reference to 'BlueprintGeneratedClass'/Game/Inicio.Inicio_C')'
[2016.01.29-02.33.47:022][726]LogProperty:Warning: ObjectProperty /Script/Engine.EdGraphPin:LinkedTo.LinkedTo: unresolved reference to 'EdGraphPin'K2Node_VariableSet_131.EdGraphPin_11975''
[2016.01.29-02.33.47:063][726]LogProperty:Warning: ObjectProperty /Script/Engine.EdGraphPin:LinkedTo.LinkedTo: unresolved reference to 'EdGraphPin'K2Node_VariableSet_131.EdGraphPin_11977''
[2016.01.29-02.33.47:063][726]LogProperty:Warning: ObjectProperty /Script/Engine.EdGraphPin:LinkedTo.LinkedTo: unresolved reference to 'EdGraphPin'K2Node_VariableSet_207.EdGraphPin_12206''
[2016.01.29-02.33.47:064][726]LogUObjectHash:Warning: Ambiguous search, could be K2Node_CallFunction /Game/StarterContent/Maps/Minimal_Default.Minimal_Default:PersistentLevel.Minimal_Default.EventGraph.K2Node_CallFunction_2740 or K2Node_CallFunction /Engine/Tutorial/BlueprintTutorials/TutorialAssets/Tutorial_BP_MacroLib.Tutorial_BP_MacroLib:TutorialSamleMacro.K2Node_CallFunction_2740
[2016.01.29-02.33.47:064][726]LogUObjectHash:Warning: Ambiguous search, could be K2Node_CallFunction /Game/StarterContent/Maps/Minimal_Default.Minimal_Default:PersistentLevel.Minimal_Default.EventGraph.K2Node_CallFunction_2740 or K2Node_CallFunction /Engine/Transient.PROTO_BP_Blueprint_0:UserConstructionScript.K2Node_CallFunction_2740
[2016.01.29-02.33.47:064][726]LogProperty:Warning: ObjectProperty /Script/Engine.EdGraphPin:LinkedTo.LinkedTo: unresolved reference to 'EdGraphPin'K2Node_CallFunction_2740.EdGraphPin_12217''
[2016.01.29-02.33.47:064][726]LogUObjectHash:Warning: Ambiguous search, could be K2Node_CallFunction /Engine/Transient.PROTO_BP_Blueprint_0:UserConstructionScript.K2Node_CallFunction_2489 or K2Node_CallFunction /Game/StarterContent/Maps/Minimal_Default.Minimal_Default:PersistentLevel.Minimal_Default.EventGraph.K2Node_CallFunction_2489
[2016.01.29-02.33.47:064][726]LogProperty:Warning: ObjectProperty /Script/Engine.EdGraphPin:LinkedTo.LinkedTo: unresolved reference to 'EdGraphPin'K2Node_CallFunction_2489.EdGraphPin_12192''
[2016.01.29-02.33.47:064][726]LogUObjectHash:Warning: Ambiguous search, could be K2Node_CallFunction /Game/StarterContent/Maps/Minimal_Default.Minimal_Default:PersistentLevel.Minimal_Default.EventGraph.K2Node_CallFunction_2740 or K2Node_CallFunction /Engine/Tutorial/BlueprintTutorials/TutorialAssets/Tutorial_BP_MacroLib.Tutorial_BP_MacroLib:TutorialSamleMacro.K2Node_CallFunction_2740
[2016.01.29-02.33.47:064][726]LogUObjectHash:Warning: Ambiguous search, could be K2Node_CallFunction /Game/StarterContent/Maps/Minimal_Default.Minimal_Default:PersistentLevel.Minimal_Default.EventGraph.K2Node_CallFunction_2740 or K2Node_CallFunction /Engine/Transient.PROTO_BP_Blueprint_0:UserConstructionScript.K2Node_CallFunction_2740
[2016.01.29-02.33.47:064][726]LogProperty:Warning: ObjectProperty /Script/Engine.EdGraphPin:LinkedTo.LinkedTo: unresolved reference to 'EdGraphPin'K2Node_CallFunction_2740.EdGraphPin_12219''
[2016.01.29-02.33.47:065][726]LogLinker: Can't find file '/Game/Inicio'
[2016.01.29-02.33.47:065][726]LogProperty:Warning: WeakObjectProperty /Script/Engine.EdGraphPinType:PinSubCategoryObject: unresolved reference to 'BlueprintGeneratedClass'/Game/Inicio.Inicio_C')'
[2016.01.29-02.33.47:065][726]LogUObjectHash:Warning: Ambiguous search, could be K2Node_CallFunction /Game/StarterContent/Maps/Minimal_Default.Minimal_Default:PersistentLevel.Minimal_Default.EventGraph.K2Node_CallFunction_2740 or K2Node_CallFunction /Engine/Tutorial/BlueprintTutorials/TutorialAssets/Tutorial_BP_MacroLib.Tutorial_BP_MacroLib:TutorialSamleMacro.K2Node_CallFunction_2740
[2016.01.29-02.33.47:065][726]LogUObjectHash:Warning: Ambiguous search, could be K2Node_CallFunction /Game/StarterContent/Maps/Minimal_Default.Minimal_Default:PersistentLevel.Minimal_Default.EventGraph.K2Node_CallFunction_2740 or K2Node_CallFunction /Engine/Transient.PROTO_BP_Blueprint_0:UserConstructionScript.K2Node_CallFunction_2740
[2016.01.29-02.33.47:066][726]LogProperty:Warning: ObjectProperty /Script/Engine.EdGraphPin:LinkedTo.LinkedTo: unresolved reference to 'EdGraphPin'K2Node_CallFunction_2740.EdGraphPin_12218''
[2016.01.29-02.33.47:066][726]LogProperty:Warning: ObjectProperty /Script/Engine.EdGraphPin:LinkedTo.LinkedTo: unresolved reference to 'EdGraphPin'K2Node_CallFunction_3053.EdGraphPin_12232''
[2016.01.29-02.33.47:067][726]LogProperty:Warning: ObjectProperty /Script/Engine.EdGraphPin:LinkedTo.LinkedTo: unresolved reference to 'EdGraphPin'K2Node_VariableGet_212.EdGraphPin_12032''
[2016.01.29-02.33.47:067][726]LogProperty:Warning: ObjectProperty /Script/Engine.EdGraphPin:LinkedTo.LinkedTo: unresolved reference to 'EdGraphPin'K2Node_VariableGet_213.EdGraphPin_12038''
[2016.01.29-02.33.47:068][726]LogUObjectHash:Warning: Ambiguous search, could be K2Node_CallFunction /Engine/Tutorial/BlueprintTutorials/TutorialAssets/Tutorial_BP_MacroLib.Tutorial_BP_MacroLib:TutorialSamleMacro.K2Node_CallFunction_2740 or K2Node_CallFunction /Engine/Transient.PROTO_BP_Blueprint_0:UserConstructionScript.K2Node_CallFunction_2740
[2016.01.29-02.33.47:068][726]LogProperty:Warning: ObjectProperty /Script/Engine.EdGraphPin:LinkedTo.LinkedTo: unresolved reference to 'EdGraphPin'K2Node_CallFunction_2740.EdGraphPin_12220''
[2016.01.29-02.33.47:068][726]LogLinker: Can't find file '/Game/Inicio'
[2016.01.29-02.33.47:068][726]LogProperty:Warning: WeakObjectProperty /Script/Engine.EdGraphPinType:PinSubCategoryObject: unresolved reference to 'BlueprintGeneratedClass'/Game/Inicio.Inicio_C')'
[2016.01.29-02.33.47:069][726]LogUObjectHash:Warning: Ambiguous search, could be K2Node_CallFunction /Engine/Tutorial/BlueprintTutorials/TutorialAssets/Tutorial_BP_MacroLib.Tutorial_BP_MacroLib:TutorialSamleMacro.K2Node_CallFunction_2740 or K2Node_CallFunction /Engine/Transient.PROTO_BP_Blueprint_0:UserConstructionScript.K2Node_CallFunction_2740
[2016.01.29-02.33.47:069][726]LogProperty:Warning: ObjectProperty /Script/Engine.EdGraphPin:LinkedTo.LinkedTo: unresolved reference to 'EdGraphPin'K2Node_CallFunction_2740.EdGraphPin_12221''
[2016.01.29-02.33.47:069][726]LogLinker: Can't find file '/Game/Inicio'
[2016.01.29-02.33.47:069][726]LogProperty:Warning: WeakObjectProperty /Script/Engine.EdGraphPinType:PinSubCategoryObject: unresolved reference to 'BlueprintGeneratedClass'/Game/Inicio.Inicio_C')'
[2016.01.29-02.33.47:070][726]LogProperty:Warning: ObjectProperty /Script/Engine.EdGraphPin:LinkedTo.LinkedTo: unresolved reference to 'EdGraphPin'K2Node_CallFunction_3055.EdGraphPin_12256''
[2016.01.29-02.33.47:070][726]LogProperty:Warning: ObjectProperty /Script/Engine.EdGraphPin:LinkedTo.LinkedTo: unresolved reference to 'EdGraphPin'K2Node_VariableGet_512.EdGraphPin_12068''
[2016.01.29-02.33.47:070][726]LogProperty:Warning: ObjectProperty /Script/Engine.EdGraphPin:LinkedTo.LinkedTo: unresolved reference to 'EdGraphPin'K2Node_CallFunction_3055.EdGraphPin_12257''
[2016.01.29-02.33.47:071][726]LogProperty:Warning: ObjectProperty /Script/Engine.EdGraphPin:LinkedTo.LinkedTo: unresolved reference to 'EdGraphPin'K2Node_CallFunction_3056.EdGraphPin_12268''
[2016.01.29-02.33.47:071][726]LogProperty:Warning: ObjectProperty /Script/Engine.EdGraphPin:LinkedTo.LinkedTo: unresolved reference to 'EdGraphPin'K2Node_VariableGet_513.EdGraphPin_12074''
[2016.01.29-02.33.47:071][726]LogProperty:Warning: ObjectProperty /Script/Engine.EdGraphPin:LinkedTo.LinkedTo: unresolved reference to 'EdGraphPin'K2Node_CallFunction_3055.EdGraphPin_12258''
[2016.01.29-02.33.47:072][726]LogLinker: Can't find file '/Game/Inicio'
[2016.01.29-02.33.47:072][726]LogProperty:Warning: WeakObjectProperty /Script/Engine.EdGraphPinType:PinSubCategoryObject: unresolved reference to 'BlueprintGeneratedClass'/Game/Inicio.Inicio_C')'
[2016.01.29-02.33.47:072][726]LogProperty:Warning: ObjectProperty /Script/Engine.EdGraphPin:LinkedTo.LinkedTo: unresolved reference to 'EdGraphPin'K2Node_CallFunction_3056.EdGraphPin_12270''
[2016.01.29-02.33.47:073][726]LogLinker: Can't find file '/Game/Inicio'
[2016.01.29-02.33.47:073][726]LogProperty:Warning: WeakObjectProperty /Script/Engine.EdGraphPinType:PinSubCategoryObject: unresolved reference to 'BlueprintGeneratedClass'/Game/Inicio.Inicio_C')'
[2016.01.29-02.33.47:074][726]LogWindows:Error: Windows GetLastError: La operación se completó correctamente. (0)
[2016.01.29-02.33.47:926][726]LogCrashTracker: 


[2016.01.29-02.33.47:926][726]LogCrashTracker: 


[2016.01.29-02.33.47:926][726]LogWindows: === Critical error: ===
Fatal error: [File:D:\BuildFarm\buildmachine_++depot+UE4-Releases+4.9\Engine\Source\Runtime\CoreUObject\Private\Templates\Casts.cpp] [Line: 11] 
Cast of ObjectRedirector /Game/PanelLuces.PanelLuces_C to Class failed




[2016.01.29-02.33.48:118][726]LogExit: Executing StaticShutdownAfterError
[2016.01.29-02.33.48:127][726]LogPhysics:Warning: PHYSX: ..\..\PhysX\src\NpScene.cpp (2946) 8 : PxScene::unlockWrite() called without matching call to PxScene::lockWrite(), behaviour will be undefined.
[2016.01.29-02.33.48:127][726]LogPhysics:Warning: PHYSX: ..\..\PhysX\src\NpScene.cpp (2946) 8 : PxScene::unlockWrite() called without matching call to PxScene::lockWrite(), behaviour will be undefined.
[2016.01.29-02.33.48:128][726]LogPhysics:Warning: PHYSX: ..\..\PhysX\src\NpScene.cpp (2946) 8 : PxScene::unlockWrite() called without matching call to PxScene::lockWrite(), behaviour will be undefined.
[2016.01.29-02.33.48:128][726]LogPhysics:Warning: PHYSX: ..\..\PhysX\src\NpScene.cpp (2946) 8 : PxScene::unlockWrite() called without matching call to PxScene::lockWrite(), behaviour will be undefined.
[2016.01.29-02.33.48:128][726]LogWindows: FPlatformMisc::RequestExit(1)
[2016.01.29-02.33.48:128][726]Log file closed, 01/28/16 23:33:48
