[2016.01.29-02.22.26:616][  0]Log file open, 01/28/16 23:22:26
[2016.01.29-02.22.26:616][  0]LogInit:Display: Running engine for game: LeapBasics
[2016.01.29-02.22.26:616][  0]LogInit:Display: RandInit(-1171929393) SRandInit(-1171929392).
[2016.01.29-02.22.26:616][  0]LogTaskGraph: Started task graph with 4 named threads and 5 total threads.
[2016.01.29-02.22.26:616][  0]LogStats: Stats thread started at 0.075329
[2016.01.29-02.22.26:616][  0]LogInit: Version: 4.9.2-2707645+++depot+UE4-Releases+4.9
[2016.01.29-02.22.26:616][  0]LogInit: API Version: 2672455
[2016.01.29-02.22.26:616][  0]LogInit: Compiled (64-bit): Sep 28 2015 10:25:44
[2016.01.29-02.22.26:617][  0]LogInit: Compiled with Visual C++: 18.00.21005.01
[2016.01.29-02.22.26:617][  0]LogInit: Build Configuration: Development
[2016.01.29-02.22.26:617][  0]LogInit: Branch Name: ++depot+UE4-Releases+4.9
[2016.01.29-02.22.26:617][  0]LogInit: Command line:  
[2016.01.29-02.22.26:617][  0]LogInit: Base directory: C:/Program Files/Epic Games/4.9/Engine/Binaries/Win64/
[2016.01.29-02.22.26:617][  0]LogInit: Rocket: 1
[2016.01.29-02.22.26:638][  0]LogInit: Using libcurl 7.41.0
[2016.01.29-02.22.26:638][  0]LogInit:  - built for x86_64-pc-win32
[2016.01.29-02.22.26:638][  0]LogInit:  - supports SSL with WinSSL
[2016.01.29-02.22.26:638][  0]LogInit:  - other features:
[2016.01.29-02.22.26:638][  0]LogInit:      CURL_VERSION_SSL
[2016.01.29-02.22.26:638][  0]LogInit:      CURL_VERSION_IPV6
[2016.01.29-02.22.26:638][  0]LogInit:      CURL_VERSION_ASYNCHDNS
[2016.01.29-02.22.26:638][  0]LogInit:      CURL_VERSION_LARGEFILE
[2016.01.29-02.22.26:638][  0]LogInit:      CURL_VERSION_IDN
[2016.01.29-02.22.26:638][  0]LogInit:  CurlRequestOptions (configurable via config and command line):
[2016.01.29-02.22.26:638][  0]LogInit:  - bVerifyPeer = true  - Libcurl will verify peer certificate
[2016.01.29-02.22.26:638][  0]LogInit:  - bUseHttpProxy = false  - Libcurl will NOT use HTTP proxy
[2016.01.29-02.22.26:638][  0]LogInit:  - bDontReuseConnections = false  - Libcurl will reuse connections
[2016.01.29-02.22.26:638][  0]LogInit:  - CertBundlePath = nullptr  - Libcurl will use whatever was configured at build time.
[2016.01.29-02.22.26:655][  0]LogInit: Presizing for 0 objects not considered by GC, pre-allocating 0 bytes.
[2016.01.29-02.22.26:670][  0]LogInit: Object subsystem initialized
[2016.01.29-02.22.26:672][  0]LogInit: Selected Device Profile: [Windows]
[2016.01.29-02.22.26:672][  0]LogInit: Applying CVar settings loaded from the selected device profile: [Windows]
[2016.01.29-02.22.26:684][  0]LogInit: Computer: TONGA-PC
[2016.01.29-02.22.26:684][  0]LogInit: User: Tonga
[2016.01.29-02.22.26:684][  0]LogInit: CPU Page size=4096, Cores=2
[2016.01.29-02.22.26:684][  0]LogInit: High frequency timer resolution =3.021884 MHz
[2016.01.29-02.22.26:684][  0]LogMemory: Memory total: Physical=7.9GB (8GB approx)
[2016.01.29-02.22.26:684][  0]LogMemory: Platform Memory Stats for Windows
[2016.01.29-02.22.26:684][  0]LogMemory: Process Physical Memory: 53.75 MB used, 53.75 MB peak
[2016.01.29-02.22.26:684][  0]LogMemory: Process Virtual Memory: 58.16 MB used, 58.16 MB peak
[2016.01.29-02.22.26:684][  0]LogMemory: Physical Memory: 5024.84 MB used, 8132.66 MB total
[2016.01.29-02.22.26:684][  0]LogMemory: Virtual Memory: 338.88 MB used, 8388608.00 MB total
[2016.01.29-02.22.28:002][  0]LogD3D11RHI: Found D3D11 adapter 0: NVIDIA GeForce GTX 750 Ti (Feature Level 11_0)
[2016.01.29-02.22.28:002][  0]LogD3D11RHI: Adapter has 1992MB of dedicated video memory, 0MB of dedicated system memory, and 2048MB of shared system memory, 1 output[s]
[2016.01.29-02.22.28:002][  0]LogD3D11RHI: Chosen D3D11 Adapter Id = 0
[2016.01.29-02.22.28:014][  0]LogD3D11RHI: !Direct3DDevice
[2016.01.29-02.22.28:015][  0]LogRHI: Texture pool is 1361 MB (70% of 1945 MB)
[2016.01.29-02.22.28:033][  0]LogD3D11RHI: Async texture creation enabled
[2016.01.29-02.22.28:051][  0]LogShaderCompilers: Guid format shader working directory is 15 characters bigger than the processId version (../../../../../../Users/Tonga/Documents/Facultad/Tesis/Repositorio/proygrad_fing/Sistema de visualización/Intermediate/Shaders/WorkingDirectory/4944/).
[2016.01.29-02.22.28:052][  0]LogShaderCompilers: Cleaned the shader compiler working directory '../../../../../../Users/Tonga/Documents/Facultad/Tesis/Repositorio/proygrad_fing/Sistema de visualización/Intermediate/Shaders/tmp/6409D2A64ADD1B46974C1F985B705C37/'.
[2016.01.29-02.22.28:052][  0]LogShaderCompilers:Display: Using Local Shader Compiler.
[2016.01.29-02.22.30:299][  0]LogTemp:Display: Loaded TP AllDesktopTargetPlatform
[2016.01.29-02.22.30:309][  0]LogTemp:Display: Loaded TP WindowsClientTargetPlatform
[2016.01.29-02.22.30:322][  0]LogTemp:Display: Loaded TP WindowsNoEditorTargetPlatform
[2016.01.29-02.22.30:333][  0]LogTemp:Display: Loaded TP WindowsServerTargetPlatform
[2016.01.29-02.22.30:345][  0]LogTemp:Display: Loaded TP WindowsTargetPlatform
[2016.01.29-02.22.30:354][  0]LogTemp:Display: Loaded TP AndroidTargetPlatform
[2016.01.29-02.22.30:361][  0]LogTemp:Display: Loaded TP Android_ASTCTargetPlatform
[2016.01.29-02.22.30:369][  0]LogTemp:Display: Loaded TP Android_ATCTargetPlatform
[2016.01.29-02.22.30:376][  0]LogTemp:Display: Loaded TP Android_DXTTargetPlatform
[2016.01.29-02.22.30:386][  0]LogTemp:Display: Loaded TP Android_ETC1TargetPlatform
[2016.01.29-02.22.30:394][  0]LogTemp:Display: Loaded TP Android_ETC2TargetPlatform
[2016.01.29-02.22.30:404][  0]LogTemp:Display: Loaded TP Android_PVRTCTargetPlatform
[2016.01.29-02.22.30:407][  0]LogTemp:Display: Loaded TP HTML5TargetPlatform
[2016.01.29-02.22.30:434][  0]LogTemp:Display: Loaded TP IOSTargetPlatform
[2016.01.29-02.22.30:442][  0]LogTemp:Display: Loaded TP LinuxNoEditorTargetPlatform
[2016.01.29-02.22.30:452][  0]LogTemp:Display: Loaded TP LinuxServerTargetPlatform
[2016.01.29-02.22.30:462][  0]LogTemp:Display: Loaded TP LinuxTargetPlatform
[2016.01.29-02.22.30:462][  0]LogTargetPlatformManager:Display: Building Assets For Windows
[2016.01.29-02.22.30:662][  0]LogDerivedDataCache:Display: Max Cache Size: 512 MB
[2016.01.29-02.22.30:805][  0]LogDerivedDataCache: Loaded boot cache 0.14s 41MB C:/Users/Tonga/AppData/Local/UnrealEngine/4.9/DerivedDataCache/Boot.ddc.
[2016.01.29-02.22.30:805][  0]LogDerivedDataCache:Display: Loaded Boot cache: C:/Users/Tonga/AppData/Local/UnrealEngine/4.9/DerivedDataCache/Boot.ddc
[2016.01.29-02.22.30:805][  0]LogDerivedDataCache: FDerivedDataBackendGraph:  Pak pak cache file ../../../../../../Users/Tonga/Documents/Facultad/Tesis/Repositorio/proygrad_fing/Sistema de visualización/DerivedDataCache/DDC.ddp not found, will not use a pak cache.
[2016.01.29-02.22.30:805][  0]LogDerivedDataCache: Unable to find inner node Pak for hierarchical cache Hierarchy.
[2016.01.29-02.22.30:805][  0]LogDerivedDataCache: FDerivedDataBackendGraph:  CompressedPak pak cache file ../../../../../../Users/Tonga/Documents/Facultad/Tesis/Repositorio/proygrad_fing/Sistema de visualización/DerivedDataCache/Compressed.ddp not found, will not use a pak cache.
[2016.01.29-02.22.30:805][  0]LogDerivedDataCache: Unable to find inner node CompressedPak for hierarchical cache Hierarchy.
[2016.01.29-02.22.31:043][  0]LogDerivedDataCache:Display: Pak cache opened for reading ../../../Engine/DerivedDataCache/Compressed.ddp.
[2016.01.29-02.22.31:055][  0]LogDerivedDataCache: Using Local data cache path C:/Users/Tonga/AppData/Local/UnrealEngine/Common/DerivedDataCache: Writable
[2016.01.29-02.22.31:447][  0]LogInit: Selected Device Profile: [Windows]
[2016.01.29-02.22.31:449][  0]LogContentStreaming: Texture pool size is 0.000000MB
[2016.01.29-02.22.31:522][  0]LogMeshUtilities: No automatic mesh reduction module available
[2016.01.29-02.22.31:522][  0]LogMeshUtilities: No automatic mesh merging module available
[2016.01.29-02.22.32:258][  0]LogInit: WinSock: version 1.1 (2.2), MaxSocks=32767, MaxUdp=65467
[2016.01.29-02.22.33:610][  0]UdpMessaging: Initializing bridge on interface 0.0.0.0:0 to multicast group 230.0.0.1:6666.
[2016.01.29-02.22.33:746][  0]LogAssetRegistry: FAssetRegistry took 0.0098 seconds to start up
[2016.01.29-02.22.34:098][  0]SourceControl: Info Source control is disabled
[2016.01.29-02.22.34:099][  0]SourceControl: Info Source control is disabled
[2016.01.29-02.22.34:123][  0]SourceControl: Info Source control is disabled
[2016.01.29-02.22.34:151][  0]SourceControl: Info Source control is disabled
[2016.01.29-02.22.34:480][  0]LogLinker:Warning: Asset '../../../Engine/Plugins/Runtime/LeapMotionController/Content/LM_PassthroughMaterial.uasset' has been saved with empty engine version. The asset will be loaded but may be incompatible.
[2016.01.29-02.22.34:649][  0]LeapPluginLog: Using LeapPlugin version 0.9.7
[2016.01.29-02.22.34:656][  0]LogObj: 28981 objects as part of root set at end of initial load.
[2016.01.29-02.22.34:657][  0]LogUObjectAllocator: 6140352 out of 0 bytes used by permanent object pool.
[2016.01.29-02.22.34:739][  0]LogEngine: Initializing Engine...
[2016.01.29-02.22.34:741][  0]OCULUS: Info: 01/29/16 02:22:34: [CAPI] LibOVR module is located at C:\Windows\system32\LibOVRRT64_0_7.dll

[2016.01.29-02.22.35:242][  0]OCULUS: Error: 01/29/16 02:22:35: [CAPI] ovr_Create failed to complete within the timeout period.
[2016.01.29-02.22.35:244][  0]LogHMD: SteamVR failed to initialize.  Err: 110
[2016.01.29-02.22.35:468][  0]LogAIModule: Creating AISystem for world NewWorld
[2016.01.29-02.22.35:476][  0]LogInit: XAudio2 using 'Altavoces (Realtek High Definition Audio)' : 2 channels at 48 kHz using 32 bits per sample (channel mask 0x3)
[2016.01.29-02.22.35:510][  0]LogInit: FAudioDevice initialized.
[2016.01.29-02.22.35:563][  0]LogDerivedDataCache: Saved boot cache 0.05s 41MB C:/Users/Tonga/AppData/Local/UnrealEngine/4.9/DerivedDataCache/Boot.ddc.
[2016.01.29-02.22.35:577][  0]LogInit: Texture streaming: Enabled
[2016.01.29-02.22.35:587][  0]LogAnalytics: Creating configured Analytics provider AnalyticsET
[2016.01.29-02.22.35:587][  0]LogAnalytics: [UEEditor.Rocket.Release] APIServer = http://et2.epicgames.com/ET2/. AppVersion = 4.9.2-2707645+++depot+UE4-Releases+4.9
[2016.01.29-02.22.35:587][  0]LogAnalytics: [UEEditor.Rocket.Release] SetUserId d2bef611456171cb171d15a4a42cb182|6ac59fa8cbb647a4b14c5a548cbd3b91|31fc86a8-acb9-451a-b082-adf3974f05a6
[2016.01.29-02.22.35:587][  0]LogAnalytics: [UEEditor.Rocket.Release] AnalyticsET::StartSession
[2016.01.29-02.22.35:700][  0]LogInit: Transaction tracking system initialized
[2016.01.29-02.22.35:756][  0]BlueprintLog: New page: Editor Load
[2016.01.29-02.22.35:915][  0]LocalizationService: Info Localization service is disabled
[2016.01.29-02.22.36:066][  0]LogConsoleResponse:Display: 
[2016.01.29-02.22.36:284][  0]LogCook:Display: Done creating registry. It took  0.00s.
[2016.01.29-02.22.36:416][  0]LogFileCache: Scanning file cache for directory 'C:/Users/Tonga/Documents/Facultad/Tesis/Repositorio/proygrad_fing/Sistema de visualización/Content/' took 0.03s
[2016.01.29-02.22.36:416][  0]SourceControl: Info Source control is disabled
[2016.01.29-02.22.36:417][  0]LightingResults: New page: Lighting Build
[2016.01.29-02.22.36:424][  0]MapCheck: New page: Map Check
[2016.01.29-02.22.36:424][  0]LightingResults: New page: Lighting Build
[2016.01.29-02.22.36:455][  0]LogParticles: Destroying 0 GPU particle simulations for FXSystem 0x0000000025986160
[2016.01.29-02.22.38:200][  0]LogBlueprint:Warning: [compiler LeapBasicRiggedCharacter] Warning InputAction Event references unknown Action 'Jump' for  InputAction Jump 
[2016.01.29-02.22.38:200][  0]LogBlueprint:Warning: [compiler LeapBasicRiggedCharacter] Warning Input Axis Event references unknown Axis 'LookUpRate' for  InputAxis LookUpRate 
[2016.01.29-02.22.38:200][  0]LogBlueprint:Warning: [compiler LeapBasicRiggedCharacter] Warning Input Axis Event references unknown Axis 'TurnRate' for  InputAxis TurnRate 
[2016.01.29-02.22.38:201][  0]LogBlueprint:Warning: [compiler LeapBasicRiggedCharacter] Warning Input Axis Event references unknown Axis 'MoveForward' for  InputAxis MoveForward 
[2016.01.29-02.22.38:207][  0]LogBlueprint:Warning: [compiler LeapBasicRiggedCharacter] Warning [0012.33] Compile of LeapBasicRiggedCharacter successful, but with 4 Warning(s) [in 19 ms]
[2016.01.29-02.22.38:208][  0]LogBlueprint:Warning: [compiler LeapBasicRiggedCharacter] Warning [0012.33] Compile of LeapBasicRiggedCharacter successful, but with 5 Warning(s) [in 0 ms]
[2016.01.29-02.22.38:208][  0]LogBlueprint:Warning: [compiler LeapBasicRiggedCharacter] Warning [0012.33] Compile of LeapBasicRiggedCharacter successful, but with 6 Warning(s) [in 0 ms]
[2016.01.29-02.22.38:234][  0]LogBlueprint:Warning: [compiler LeapBasicRiggedCharacter] Warning InputAction Event references unknown Action 'Jump' for  InputAction Jump 
[2016.01.29-02.22.38:237][  0]LogBlueprint:Warning: [compiler LeapBasicRiggedCharacter] Warning Input Axis Event references unknown Axis 'LookUpRate' for  InputAxis LookUpRate 
[2016.01.29-02.22.38:237][  0]LogBlueprint:Warning: [compiler LeapBasicRiggedCharacter] Warning Input Axis Event references unknown Axis 'TurnRate' for  InputAxis TurnRate 
[2016.01.29-02.22.38:238][  0]LogBlueprint:Warning: [compiler LeapBasicRiggedCharacter] Warning Input Axis Event references unknown Axis 'MoveForward' for  InputAxis MoveForward 
[2016.01.29-02.22.38:244][  0]LogBlueprint:Warning: [compiler LeapBasicRiggedCharacter] Warning [0012.37] Compile of LeapBasicRiggedCharacter successful, but with 4 Warning(s) [in 22 ms]
[2016.01.29-02.22.38:244][  0]LogBlueprint:Warning: [compiler LeapBasicRiggedCharacter] Warning [0012.37] Compile of LeapBasicRiggedCharacter successful, but with 5 Warning(s) [in 0 ms]
[2016.01.29-02.22.38:244][  0]LogBlueprint:Warning: [compiler LeapBasicRiggedCharacter] Warning [0012.37] Compile of LeapBasicRiggedCharacter successful, but with 6 Warning(s) [in 0 ms]
[2016.01.29-02.22.39:227][  0]LogAIModule: Creating AISystem for world Minimal_Default
[2016.01.29-02.22.39:240][  0]LeapPluginLog: InterfaceObject: CameraActor_Blueprint_C_0
[2016.01.29-02.22.39:241][  0]LeapPluginLog: InterfaceObject: LeapAnimBodyConnector_C_409
[2016.01.29-02.22.39:241][  0]LeapPluginLog:Warning: Warning! More than one (2) Leap Controller Component detected! Duplication of work and output may result (inefficiency warning).
[2016.01.29-02.22.39:242][  0]LeapPluginLog: LeapController::CleanupEventData Delete Called
[2016.01.29-02.22.39:253][  0]LeapPluginLog: LeapController::CleanupEventData Delete Called
[2016.01.29-02.22.39:257][  0]LeapPluginLog: InterfaceObject: LeapAnimBodyConnector_C_411
[2016.01.29-02.22.39:258][  0]LeapPluginLog: InterfaceObject: CameraActor_Blueprint_C_0
[2016.01.29-02.22.39:258][  0]LeapPluginLog:Warning: Warning! More than one (2) Leap Controller Component detected! Duplication of work and output may result (inefficiency warning).
[2016.01.29-02.22.39:259][  0]LeapPluginLog: LeapController::CleanupEventData Delete Called
[2016.01.29-02.22.39:259][  0]LeapPluginLog: InterfaceObject: CameraActor_Blueprint_C_0
[2016.01.29-02.22.39:259][  0]LeapPluginLog:Warning: Warning! More than one (2) Leap Controller Component detected! Duplication of work and output may result (inefficiency warning).
[2016.01.29-02.22.39:259][  0]LogEditorServer: Finished looking for orphan Actors (0.000 secs)
[2016.01.29-02.22.39:260][  0]Cmd: MAP CHECKDEP NOCLEARLOG
[2016.01.29-02.22.39:428][  0]MapCheck: Info Map check complete: 0 Error(s), 0 Warning(s), took 167.829ms to complete.
[2016.01.29-02.22.39:428][  0]LogFileHelpers: Loading map 'Minimal_Default' took 3.012
[2016.01.29-02.22.39:575][  0]LogCollectionManager: Loaded 0 collections in 0.005396 seconds
[2016.01.29-02.22.39:616][  0]LogFileCache: Scanning file cache for directory 'C:/Users/Tonga/Documents/Facultad/Tesis/Repositorio/proygrad_fing/Sistema de visualización/Saved/Collections/' took 0.01s
[2016.01.29-02.22.39:616][  0]LogFileCache: Scanning file cache for directory 'C:/Users/Tonga/Documents/Facultad/Tesis/Repositorio/proygrad_fing/Sistema de visualización/Content/Developers/Tonga/Collections/' took 0.01s
[2016.01.29-02.22.39:616][  0]LogFileCache: Scanning file cache for directory 'C:/Users/Tonga/Documents/Facultad/Tesis/Repositorio/proygrad_fing/Sistema de visualización/Content/Collections/' took 0.00s
[2016.01.29-02.22.39:616][  0]LogContentBrowser: Native class hierarchy populated in 0.0131 seconds. Added 1893 classes and 337 folders.
[2016.01.29-02.22.39:627][  0]LogCollectionManager: Rebuilt the GUID cache for 0 collections in 0.000003 seconds
[2016.01.29-02.22.39:641][  0]LogContentBrowser: Native class hierarchy updated for 'WidgetCarousel' in 0.0005 seconds. Added 0 classes and 0 folders.
[2016.01.29-02.22.39:768][  0]LogContentBrowser: Native class hierarchy updated for 'AddContentDialog' in 0.0006 seconds. Added 0 classes and 0 folders.
[2016.01.29-02.22.39:775][  0]LogContentBrowser: Native class hierarchy updated for 'SceneOutliner' in 0.0011 seconds. Added 1 classes and 2 folders.
[2016.01.29-02.22.39:872][  0]LogCrashTracker: Crashtracker disabled due to settings.
[2016.01.29-02.22.39:884][  0]LogUObjectGlobals:Warning: Failed to find object 'Class None.'
[2016.01.29-02.22.39:906][  0]LogLoad: Full Startup: 14.03 seconds (BP compile: 1.01 seconds)
[2016.01.29-02.22.40:347][  0]LogContentStreaming: Texture pool size now 1000 MB
[2016.01.29-02.22.40:510][  0]LogRenderer: Reallocating scene render targets to support 1144x576 (Frame:2).
[2016.01.29-02.22.40:701][  1]LeapPluginLog: InterfaceObject: LeapAnimBodyConnector_C_412
[2016.01.29-02.22.40:701][  1]LeapPluginLog:Warning: Warning! More than one (3) Leap Controller Component detected! Duplication of work and output may result (inefficiency warning).
[2016.01.29-02.22.43:703][ 10]LogAssetRegistry: Asset discovery search completed in 9.9663 seconds
[2016.01.29-02.22.43:703][ 10]LogCollectionManager: Rebuilt the object cache for 0 collections in 0.000001 seconds (found 0 objects)
[2016.01.29-02.22.43:703][ 10]LogCollectionManager: Fixed up redirectors for 0 collections in 0.000034 seconds (updated 0 objects)
[2016.01.29-02.25.13:953][541]LogLinker:Warning: Asset '../../../Engine/Content/ArtTools/RenderToTexture/Macros/RenderToTextureMacros.uasset' has been saved with empty engine version. The asset will be loaded but may be incompatible.
[2016.01.29-02.25.14:751][541]LogContentBrowser: Native class hierarchy updated for 'BlueprintGraph' in 0.0011 seconds. Added 107 classes and 0 folders.
[2016.01.29-02.26.21:136][423]LogBlueprintUserMessages: CustomizeDetails for Blueprint 'Minimal_Default', cached variable property's owner is '/Game/StarterContent/Maps/Minimal_Default.SKEL_Minimal_Default_C'
[2016.01.29-02.26.27:534][ 81]LogBlueprintUserMessages: CustomizeDetails for Blueprint 'Minimal_Default', cached variable property's owner is '/Game/StarterContent/Maps/Minimal_Default.SKEL_Minimal_Default_C'
[2016.01.29-02.26.28:588][195]LogBlueprintUserMessages: PostEditorRefresh for Blueprint 'Minimal_Default', cached variable property's owner is '/Game/StarterContent/Maps/Minimal_Default.SKEL_Minimal_Default_C'
[2016.01.29-02.26.28:614][195]LogBlueprintUserMessages: CustomizeDetails for Blueprint 'Minimal_Default', cached variable property's owner is '/Game/StarterContent/Maps/Minimal_Default.SKEL_Minimal_Default_C'
[2016.01.29-02.26.31:940][509]LogBlueprintUserMessages: CustomizeDetails for Blueprint 'Minimal_Default', cached variable property's owner is '/Game/StarterContent/Maps/Minimal_Default.SKEL_Minimal_Default_C'
[2016.01.29-02.26.33:152][644]LogBlueprintUserMessages: PostEditorRefresh for Blueprint 'Minimal_Default', cached variable property's owner is '/Game/StarterContent/Maps/Minimal_Default.SKEL_Minimal_Default_C'
[2016.01.29-02.26.33:178][644]LogBlueprintUserMessages: CustomizeDetails for Blueprint 'Minimal_Default', cached variable property's owner is '/Game/StarterContent/Maps/Minimal_Default.SKEL_Minimal_Default_C'
[2016.01.29-02.26.38:330][151]LogBlueprintUserMessages: CustomizeDetails for Blueprint 'Minimal_Default', cached variable property's owner is '/Game/StarterContent/Maps/Minimal_Default.SKEL_Minimal_Default_C'
[2016.01.29-02.26.40:277][342]LogBlueprintUserMessages: CustomizeDetails for Blueprint 'Minimal_Default', cached variable property's owner is '/Game/StarterContent/Maps/Minimal_Default.SKEL_Minimal_Default_C'
[2016.01.29-02.26.44:096][705]LogBlueprintUserMessages: CustomizeDetails for Blueprint 'Minimal_Default', cached variable property's owner is '/Game/StarterContent/Maps/Minimal_Default.SKEL_Minimal_Default_C'
[2016.01.29-02.26.46:418][931]LogBlueprintUserMessages: CustomizeDetails for Blueprint 'Minimal_Default', cached variable property's owner is '/Game/StarterContent/Maps/Minimal_Default.SKEL_Minimal_Default_C'
[2016.01.29-02.27.09:809][251]LogBlueprintUserMessages: CustomizeDetails for Blueprint 'Minimal_Default', cached variable property's owner is '/Game/StarterContent/Maps/Minimal_Default.SKEL_Minimal_Default_C'
[2016.01.29-02.27.25:236][189]BlueprintLog: New page: Compile Minimal_Default
[2016.01.29-02.27.25:309][189]LogActorComponent: UnregisterComponent: (/Engine/Transient.CharMoveComp) Not registered. Aborting.
[2016.01.29-02.27.25:309][189]LogActorComponent: UnregisterComponent: (/Engine/Transient.LeapController_GEN_VARIABLE) Not registered. Aborting.
[2016.01.29-02.27.25:411][189]LeapPluginLog: LeapController::CleanupEventData Delete Called
[2016.01.29-02.27.25:436][189]LeapPluginLog: LeapController::CleanupEventData Delete Called
[2016.01.29-02.27.25:486][189]LeapPluginLog: LeapController::CleanupEventData Delete Called
[2016.01.29-02.27.25:507][189]LeapPluginLog: LeapController::CleanupEventData Delete Called
[2016.01.29-02.27.25:562][189]LeapPluginLog: LeapController::CleanupEventData Delete Called
[2016.01.29-02.27.25:587][189]LogBlueprintUserMessages: PostEditorRefresh for Blueprint 'Minimal_Default', cached variable property's owner is '/Game/StarterContent/Maps/Minimal_Default.SKEL_Minimal_Default_C'
[2016.01.29-02.27.25:600][189]BlueprintEditorCompileResults: Info [0299.71] Compile of Minimal_Default successful! [in 351 ms]
[2016.01.29-02.27.25:616][189]LogBlueprintUserMessages: CustomizeDetails for Blueprint 'Minimal_Default', cached variable property's owner is '/Game/StarterContent/Maps/Minimal_Default.SKEL_Minimal_Default_C'
[2016.01.29-02.27.27:763][399]LeapPluginLog: InterfaceObject: LeapAnimBodyConnector_C_413
[2016.01.29-02.27.27:763][399]LeapPluginLog:Warning: Warning! More than one (4) Leap Controller Component detected! Duplication of work and output may result (inefficiency warning).
[2016.01.29-02.27.35:523][971]LogActorComponent: UnregisterComponent: (/Engine/Transient.CharMoveComp) Not registered. Aborting.
[2016.01.29-02.27.35:523][971]LogActorComponent: UnregisterComponent: (/Engine/Transient.LeapController_GEN_VARIABLE) Not registered. Aborting.
[2016.01.29-02.27.35:588][971]LeapPluginLog: LeapController::CleanupEventData Delete Called
[2016.01.29-02.27.35:701][971]LogBlueprintUserMessages: PostEditorRefresh for Blueprint 'Minimal_Default', cached variable property's owner is '/Game/StarterContent/Maps/Minimal_Default.SKEL_Minimal_Default_C'
[2016.01.29-02.27.35:847][971]LogSavePackage: Save=209.350525ms
[2016.01.29-02.27.35:847][971]LogSavePackage: Moving '../../../../../../Users/Tonga/Documents/Facultad/Tesis/Repositorio/proygrad_fing/Sistema de visualización/Saved/Minimal_Default36A71F2E4EFAF6E845707FA51BFABE1A.tmp' to '../../../../../../Users/Tonga/Documents/Facultad/Tesis/Repositorio/proygrad_fing/Sistema de visualización/Content/StarterContent/Maps/Minimal_Default.umap'
[2016.01.29-02.27.35:853][971]LogSavePackage: Total save time: 245.689113ms
[2016.01.29-02.27.35:853][971]LogSavePackage:Warning: Finished SavePackage ../../../../../../Users/Tonga/Documents/Facultad/Tesis/Repositorio/proygrad_fing/Sistema de visualización/Content/StarterContent/Maps/Minimal_Default.umap
[2016.01.29-02.27.38:894][254]LogBlueprintUserMessages: CustomizeDetails for Blueprint 'Minimal_Default', cached variable property's owner is '/Game/StarterContent/Maps/Minimal_Default.SKEL_Minimal_Default_C'
[2016.01.29-02.27.49:490][359]LogBlueprintUserMessages: CustomizeDetails for Blueprint 'Minimal_Default', cached variable property's owner is '/Game/StarterContent/Maps/Minimal_Default.SKEL_Minimal_Default_C'
[2016.01.29-02.28.46:824][385]LogBlueprintUserMessages: CustomizeDetails for Blueprint 'Minimal_Default', cached variable property's owner is '/Game/StarterContent/Maps/Minimal_Default.SKEL_Minimal_Default_C'
[2016.01.29-02.28.56:973][292]LoadErrors:Error: Error /Game/Blueprints/ElementoListaLuzAgregada : Failed import for ObjectProperty /Game/Blueprints/Lightbulb.Lightbulb_C:StaticMesh
[2016.01.29-02.29.03:109][856]LeapPluginLog: InterfaceObject: LeapAnimBodyConnector_C_414
[2016.01.29-02.29.03:110][856]LeapPluginLog:Warning: Warning! More than one (5) Leap Controller Component detected! Duplication of work and output may result (inefficiency warning).
[2016.01.29-02.29.05:481][988]LogBlueprint:Warning: [compiler BP_Commentary_Box] Warning  Set Text (String)  is deprecated; Use the SetText function taking an FText instead.
[2016.01.29-02.29.05:492][988]LogBlueprint:Warning: [compiler BP_Commentary_Box] Warning  Set Text (String)  is deprecated; Use the SetText function taking an FText instead.
[2016.01.29-02.29.05:505][988]LogBlueprint:Warning: [compiler BP_Commentary_Box] Warning [0399.62] Compile of BP_Commentary_Box successful, but with 2 Warning(s) [in 60 ms]
[2016.01.29-02.29.05:505][988]LogBlueprint:Warning: [compiler BP_Commentary_Box] Warning [0399.62] Compile of BP_Commentary_Box successful, but with 3 Warning(s) [in 0 ms]
[2016.01.29-02.29.05:505][988]LogBlueprint:Warning: [compiler BP_Commentary_Box] Warning [0399.62] Compile of BP_Commentary_Box successful, but with 4 Warning(s) [in 0 ms]
[2016.01.29-02.29.05:550][988]LogBlueprint:Warning: [compiler BP_Commentary_Box] Warning  Set Text (String)  is deprecated; Use the SetText function taking an FText instead.
[2016.01.29-02.29.05:561][988]LogBlueprint:Warning: [compiler BP_Commentary_Box] Warning  Set Text (String)  is deprecated; Use the SetText function taking an FText instead.
[2016.01.29-02.29.05:575][988]LogBlueprint:Warning: [compiler BP_Commentary_Box] Warning [0399.69] Compile of BP_Commentary_Box successful, but with 2 Warning(s) [in 54 ms]
[2016.01.29-02.29.05:575][988]LogBlueprint:Warning: [compiler BP_Commentary_Box] Warning [0399.69] Compile of BP_Commentary_Box successful, but with 3 Warning(s) [in 0 ms]
[2016.01.29-02.29.05:575][988]LogBlueprint:Warning: [compiler BP_Commentary_Box] Warning [0399.69] Compile of BP_Commentary_Box successful, but with 4 Warning(s) [in 0 ms]
[2016.01.29-02.29.05:817][988]LogAIModule: Creating AISystem for world Inicio
[2016.01.29-02.29.05:843][988]LogActorComponent: UnregisterComponent: (/Engine/Transient.CharMoveComp) Not registered. Aborting.
[2016.01.29-02.29.05:843][988]LogActorComponent: UnregisterComponent: (/Engine/Transient.LeapController_GEN_VARIABLE) Not registered. Aborting.
[2016.01.29-02.29.05:912][988]LogParticles: Destroying 0 GPU particle simulations for FXSystem 0x000000005AD71DA0
[2016.01.29-02.29.05:916][988]LogParticles: Destroying 0 GPU particle simulations for FXSystem 0x000000005AD72DE0
[2016.01.29-02.29.05:916][988]LogParticles: Destroying 0 GPU particle simulations for FXSystem 0x0000000032FF98A0
[2016.01.29-02.29.05:927][988]LeapPluginLog: LeapController::CleanupEventData Delete Called
[2016.01.29-02.29.05:959][988]Cmd: MAP LOAD FILE="../../../../../../Users/Tonga/Documents/Facultad/Tesis/Repositorio/proygrad_fing/Sistema de visualización/Content/Inicio.umap" TEMPLATE=0 SHOWPROGRESS=1 FEATURELEVEL=3
[2016.01.29-02.29.05:959][988]LightingResults: New page: Lighting Build
[2016.01.29-02.29.05:991][988]LoadErrors: New page: Loading map: Inicio.umap
[2016.01.29-02.29.05:992][988]LeapPluginLog: LeapController::CleanupEventData Delete Called
[2016.01.29-02.29.05:992][988]LeapPluginLog: LeapController::CleanupEventData Delete Called
[2016.01.29-02.29.05:992][988]MapCheck: New page: Map Check
[2016.01.29-02.29.05:992][988]LightingResults: New page: Lighting Build
[2016.01.29-02.29.06:051][988]LogParticles: Destroying 0 GPU particle simulations for FXSystem 0x000000002B822480
[2016.01.29-02.29.06:210][988]LogEditorServer: Finished looking for orphan Actors (0.000 secs)
[2016.01.29-02.29.06:263][988]Cmd: MAP CHECKDEP NOCLEARLOG
[2016.01.29-02.29.06:431][988]MapCheck: Info Map check complete: 0 Error(s), 0 Warning(s), took 168.211ms to complete.
[2016.01.29-02.29.06:433][988]LogFileHelpers: Loading map 'Inicio' took 0.475
[2016.01.29-02.29.06:514][989]LeapPluginLog: InterfaceObject: LeapAnimBodyConnector_C_415
[2016.01.29-02.29.06:514][989]LeapPluginLog:Warning: Warning! More than one (4) Leap Controller Component detected! Duplication of work and output may result (inefficiency warning).
[2016.01.29-02.29.14:818][850]LogRenderer: Reallocating scene render targets to support 1432x924 (Frame:2171).
[2016.01.29-02.29.21:074][327]LogActorComponent: UnregisterComponent: (/Engine/Transient.CharMoveComp) Not registered. Aborting.
[2016.01.29-02.29.21:074][327]LogActorComponent: UnregisterComponent: (/Engine/Transient.LeapController_GEN_VARIABLE) Not registered. Aborting.
[2016.01.29-02.29.21:136][327]LogParticles: Destroying 0 GPU particle simulations for FXSystem 0x000000004683DC60
[2016.01.29-02.29.21:141][327]LeapPluginLog: LeapController::CleanupEventData Delete Called
[2016.01.29-02.29.23:064][327]LightingResults: New page: Lighting Build
[2016.01.29-02.29.23:065][327]MapCheck: New page: Map Check
[2016.01.29-02.29.23:065][327]LightingResults: New page: Lighting Build
[2016.01.29-02.29.23:126][327]LogParticles: Destroying 0 GPU particle simulations for FXSystem 0x000000002B822F20
[2016.01.29-02.29.23:136][327]LogAIModule: Creating AISystem for world NewWorld
[2016.01.29-02.29.23:223][327]LoadErrors: New page: New Map
[2016.01.29-02.29.23:295][327]LogAIModule: Creating AISystem for world Inicio
[2016.01.29-02.29.23:318][327]LeapPluginLog: LeapController::CleanupEventData Delete Called
[2016.01.29-02.29.23:318][327]LeapPluginLog: LeapController::CleanupEventData Delete Called
[2016.01.29-02.29.23:318][327]LeapPluginLog: LeapController::CleanupEventData Delete Called
[2016.01.29-02.29.23:318][327]LeapPluginLog: LeapController::CleanupEventData Delete Called
[2016.01.29-02.29.24:457][327]LeapPluginLog: InterfaceObject: LeapAnimBodyConnector_C_414
[2016.01.29-02.29.24:457][327]LeapPluginLog: InterfaceObject: LeapAnimBodyConnector_C_413
[2016.01.29-02.29.24:457][327]LeapPluginLog:Warning: Warning! More than one (2) Leap Controller Component detected! Duplication of work and output may result (inefficiency warning).
[2016.01.29-02.29.24:457][327]LeapPluginLog: InterfaceObject: LeapAnimBodyConnector_C_415
[2016.01.29-02.29.24:457][327]LeapPluginLog:Warning: Warning! More than one (3) Leap Controller Component detected! Duplication of work and output may result (inefficiency warning).
[2016.01.29-02.29.24:457][327]LeapPluginLog: InterfaceObject: LeapAnimBodyConnector_C_412
[2016.01.29-02.29.24:457][327]LeapPluginLog:Warning: Warning! More than one (4) Leap Controller Component detected! Duplication of work and output may result (inefficiency warning).
[2016.01.29-02.29.24:865][327]LeapPluginLog: InterfaceObject: LeapAnimBodyConnector_C_416
[2016.01.29-02.29.24:865][327]LeapPluginLog:Warning: Warning! More than one (5) Leap Controller Component detected! Duplication of work and output may result (inefficiency warning).
[2016.01.29-02.30.09:317][993]LogActorComponent: UnregisterComponent: (/Engine/Transient.CharMoveComp) Not registered. Aborting.
[2016.01.29-02.30.09:317][993]LogActorComponent: UnregisterComponent: (/Engine/Transient.LeapController_GEN_VARIABLE) Not registered. Aborting.
[2016.01.29-02.30.09:377][993]LogParticles: Destroying 0 GPU particle simulations for FXSystem 0x0000000032002840
[2016.01.29-02.30.09:381][993]LeapPluginLog: LeapController::CleanupEventData Delete Called
[2016.01.29-02.30.09:916][994]Cmd: QUIT_EDITOR
[2016.01.29-02.30.10:299][994]LogExit: Preparing to exit.
[2016.01.29-02.30.10:761][994]LeapPluginLog: LeapController::CleanupEventData Delete Called
[2016.01.29-02.30.10:761][994]LeapPluginLog: LeapController::CleanupEventData Delete Called
[2016.01.29-02.30.10:761][994]LeapPluginLog: LeapController::CleanupEventData Delete Called
[2016.01.29-02.30.10:762][994]LeapPluginLog: LeapController::CleanupEventData Delete Called
[2016.01.29-02.30.10:762][994]LeapPluginLog: LeapController::CleanupEventData Delete Called
[2016.01.29-02.30.10:840][994]LogExit: Editor shut down
[2016.01.29-02.30.10:840][994]LogExit: Transaction tracking system shut down
[2016.01.29-02.30.10:845][994]LogParticles: Destroying 0 GPU particle simulations for FXSystem 0x00000000331FA840
[2016.01.29-02.30.10:845][994]LogParticles: Destroying 0 GPU particle simulations for FXSystem 0x000000001EB53EC0
[2016.01.29-02.30.10:845][994]LogParticles: Destroying 0 GPU particle simulations for FXSystem 0x000000003FE522A0
[2016.01.29-02.30.10:846][994]LogParticles: Destroying 0 GPU particle simulations for FXSystem 0x000000003FE52160
[2016.01.29-02.30.10:853][994]LogParticles: Destroying 0 GPU particle simulations for FXSystem 0x000000002C3C3920
[2016.01.29-02.30.10:884][994]LeapPluginLog: LeapController::CleanupEventData Delete Called
[2016.01.29-02.30.10:911][994]LeapPluginLog: LeapController::CleanupEventData Delete Called
[2016.01.29-02.30.10:971][994]LeapPluginLog: LeapController::CleanupEventData Delete Called
[2016.01.29-02.30.11:404][994]LogExit: Object subsystem successfully closed.
[2016.01.29-02.30.11:414][994]LogD3D11RHI: Shutdown
[2016.01.29-02.30.11:414][994]LogD3D11RHI: CleanupD3DDevice
[2016.01.29-02.30.11:512][994]LogD3D11RHI: ~FD3D11DynamicRHI
[2016.01.29-02.30.11:549][994]LogModuleManager: Shutting down and abandoning module StaticMeshEditor (201)
[2016.01.29-02.30.11:549][994]LogModuleManager: Shutting down and abandoning module SequencerWidgets (200)
[2016.01.29-02.30.11:549][994]LogModuleManager: Shutting down and abandoning module BlueprintGraph (199)
[2016.01.29-02.30.11:549][994]LogModuleManager: Shutting down and abandoning module CrashTracker (198)
[2016.01.29-02.30.11:549][994]LogModuleManager: Shutting down and abandoning module SceneOutliner (197)
[2016.01.29-02.30.11:549][994]LogModuleManager: Shutting down and abandoning module SuperSearch (196)
[2016.01.29-02.30.11:549][994]LogModuleManager: Shutting down and abandoning module WidgetCarousel (195)
[2016.01.29-02.30.11:549][994]LogModuleManager: Shutting down and abandoning module AddContentDialog (194)
[2016.01.29-02.30.11:551][994]LogModuleManager: Shutting down and abandoning module EditorWidgets (193)
[2016.01.29-02.30.11:552][994]LogModuleManager: Shutting down and abandoning module CollectionManager (192)
[2016.01.29-02.30.11:552][994]LogModuleManager: Shutting down and abandoning module StatsViewer (191)
[2016.01.29-02.30.11:552][994]LogModuleManager: Shutting down and abandoning module FoliageEdit (190)
[2016.01.29-02.30.11:552][994]LogModuleManager: Shutting down and abandoning module LandscapeEditor (189)
[2016.01.29-02.30.11:552][994]LogModuleManager: Shutting down and abandoning module ActorPickerMode (188)
[2016.01.29-02.30.11:552][994]LogModuleManager: Shutting down and abandoning module GeometryMode (187)
[2016.01.29-02.30.11:552][994]LogModuleManager: Shutting down and abandoning module TextureAlignMode (186)
[2016.01.29-02.30.11:552][994]LogModuleManager: Shutting down and abandoning module BspMode (185)
[2016.01.29-02.30.11:552][994]LogModuleManager: Shutting down and abandoning module PlacementMode (184)
[2016.01.29-02.30.11:552][994]LogModuleManager: Shutting down and abandoning module AutomationWorker (183)
[2016.01.29-02.30.11:552][994]LogModuleManager: Shutting down and abandoning module CharacterAI (182)
[2016.01.29-02.30.11:553][994]LogModuleManager: Shutting down and abandoning module SmartSnapping (181)
[2016.01.29-02.30.11:553][994]LogModuleManager: Shutting down and abandoning module ViewportSnapping (180)
[2016.01.29-02.30.11:553][994]LogModuleManager: Shutting down and abandoning module LogVisualizer (179)
[2016.01.29-02.30.11:553][994]LogModuleManager: Shutting down and abandoning module GameProjectGeneration (178)
[2016.01.29-02.30.11:553][994]LogModuleManager: Shutting down and abandoning module IntroTutorials (177)
[2016.01.29-02.30.11:553][994]LogModuleManager: Shutting down and abandoning module EditorLiveStreaming (176)
[2016.01.29-02.30.11:553][994]LogModuleManager: Shutting down and abandoning module IOSPlatformEditor (175)
[2016.01.29-02.30.11:553][994]LogModuleManager: Shutting down and abandoning module HTML5PlatformEditor (174)
[2016.01.29-02.30.11:553][994]LogModuleManager: Shutting down and abandoning module AndroidDeviceDetection (173)
[2016.01.29-02.30.12:036][994]LogModuleManager: Shutting down and abandoning module AndroidPlatformEditor (172)
[2016.01.29-02.30.12:036][994]LogModuleManager: Shutting down and abandoning module IOSRuntimeSettings (171)
[2016.01.29-02.30.12:036][994]LogModuleManager: Shutting down and abandoning module AndroidRuntimeSettings (170)
[2016.01.29-02.30.12:036][994]LogModuleManager: Shutting down and abandoning module MergeActors (169)
[2016.01.29-02.30.12:036][994]LogModuleManager: Shutting down and abandoning module SizeMap (168)
[2016.01.29-02.30.12:036][994]LogModuleManager: Shutting down and abandoning module TreeMap (167)
[2016.01.29-02.30.12:036][994]LogModuleManager: Shutting down and abandoning module ReferenceViewer (166)
[2016.01.29-02.30.12:036][994]LogModuleManager: Shutting down and abandoning module LocalizationService (165)
[2016.01.29-02.30.12:036][994]LogModuleManager: Shutting down and abandoning module LocalizationDashboard (164)
[2016.01.29-02.30.12:036][994]LogModuleManager: Shutting down and abandoning module HardwareTargeting (163)
[2016.01.29-02.30.12:036][994]LogModuleManager: Shutting down and abandoning module DeviceProfileEditor (162)
[2016.01.29-02.30.12:036][994]LogModuleManager: Shutting down and abandoning module UndoHistory (161)
[2016.01.29-02.30.12:036][994]LogModuleManager: Shutting down and abandoning module GameplayTagsEditor (160)
[2016.01.29-02.30.12:036][994]LogModuleManager: Shutting down and abandoning module UserFeedback (159)
[2016.01.29-02.30.12:036][994]LogModuleManager: Shutting down and abandoning module XmlParser (158)
[2016.01.29-02.30.12:036][994]LogModuleManager: Shutting down and abandoning module Blutility (157)
[2016.01.29-02.30.12:036][994]LogModuleManager: Shutting down and abandoning module ProjectTargetPlatformEditor (156)
[2016.01.29-02.30.12:036][994]LogModuleManager: Shutting down and abandoning module ProjectSettingsViewer (155)
[2016.01.29-02.30.12:037][994]LogModuleManager: Shutting down and abandoning module InputBindingEditor (154)
[2016.01.29-02.30.12:037][994]LogModuleManager: Shutting down and abandoning module EditorSettingsViewer (153)
[2016.01.29-02.30.12:037][994]LogModuleManager: Shutting down and abandoning module SettingsEditor (152)
[2016.01.29-02.30.12:037][994]LogModuleManager: Shutting down and abandoning module ProjectLauncher (151)
[2016.01.29-02.30.12:037][994]LogModuleManager: Shutting down and abandoning module SessionFrontend (150)
[2016.01.29-02.30.12:037][994]LogModuleManager: Shutting down and abandoning module ProfilerClient (149)
[2016.01.29-02.30.12:037][994]LogModuleManager: Shutting down and abandoning module TargetDeviceServices (148)
[2016.01.29-02.30.12:037][994]LogModuleManager: Shutting down and abandoning module DeviceManager (147)
[2016.01.29-02.30.12:037][994]LogModuleManager: Shutting down and abandoning module AutomationController (146)
[2016.01.29-02.30.12:037][994]LogModuleManager: Shutting down and abandoning module AutomationWindow (145)
[2016.01.29-02.30.12:037][994]LogModuleManager: Shutting down and abandoning module Layers (144)
[2016.01.29-02.30.12:037][994]LogModuleManager: Shutting down and abandoning module ComponentVisualizers (143)
[2016.01.29-02.30.12:037][994]LogModuleManager: Shutting down and abandoning module DetailCustomizations (142)
[2016.01.29-02.30.12:037][994]LogModuleManager: Shutting down and abandoning module PackagesDialog (141)
[2016.01.29-02.30.12:038][994]LogModuleManager: Shutting down and abandoning module Persona (140)
[2016.01.29-02.30.12:038][994]LogModuleManager: Shutting down and abandoning module Kismet (139)
[2016.01.29-02.30.12:038][994]LogModuleManager: Shutting down and abandoning module GraphEditor (138)
[2016.01.29-02.30.12:038][994]LogModuleManager: Shutting down and abandoning module ClassViewer (137)
[2016.01.29-02.30.12:038][994]LogModuleManager: Shutting down and abandoning module Toolbox (136)
[2016.01.29-02.30.12:038][994]LogModuleManager: Shutting down and abandoning module ModuleUI (135)
[2016.01.29-02.30.12:038][994]LogModuleManager: Shutting down and abandoning module MovieSceneTools (134)
[2016.01.29-02.30.12:038][994]LogModuleManager: Shutting down and abandoning module OutputLog (133)
[2016.01.29-02.30.12:038][994]LogModuleManager: Shutting down and abandoning module GammaUI (132)
[2016.01.29-02.30.12:038][994]LogModuleManager: Shutting down and abandoning module Documentation (131)
[2016.01.29-02.30.12:038][994]LogModuleManager: Shutting down and abandoning module GameLiveStreaming (130)
[2016.01.29-02.30.12:038][994]LogModuleManager: Shutting down and abandoning module StreamingPauseRendering (129)
[2016.01.29-02.30.12:038][994]LogModuleManager: Shutting down and abandoning module AnalyticsET (128)
[2016.01.29-02.30.12:038][994]LogModuleManager: Shutting down and abandoning module Analytics (127)
[2016.01.29-02.30.12:038][994]LogModuleManager: Shutting down and abandoning module AITestSuite (126)
[2016.01.29-02.30.12:038][994]LogModuleManager: Shutting down and abandoning module GameplayDebugger (125)
[2016.01.29-02.30.12:038][994]LogModuleManager: Shutting down and abandoning module AIModule (124)
[2016.01.29-02.30.12:038][994]LogModuleManager: Shutting down and abandoning module ProfilerService (123)
[2016.01.29-02.30.12:176][994]LogModuleManager: Shutting down and abandoning module TaskGraph (122)
[2016.01.29-02.30.12:176][994]LogModuleManager: Shutting down and abandoning module LeapMotion (121)
[2016.01.29-02.30.12:197][994]LogModuleManager: Shutting down and abandoning module SlateRemote (120)
[2016.01.29-02.30.12:197][994]LogModuleManager: Shutting down and abandoning module SteamVRController (119)
[2016.01.29-02.30.12:197][994]LogModuleManager: Shutting down and abandoning module SteamVR (118)
[2016.01.29-02.30.12:197][994]LogModuleManager: Shutting down and abandoning module ProceduralMeshComponent (117)
[2016.01.29-02.30.12:197][994]LogModuleManager: Shutting down and abandoning module OculusRift (116)
[2016.01.29-02.30.12:197][994]LogModuleManager: Shutting down and abandoning module OculusLibrary (115)
[2016.01.29-02.30.12:197][994]LogModuleManager: Shutting down and abandoning module LeapMotionController (114)
[2016.01.29-02.30.12:217][994]LogModuleManager: Shutting down and abandoning module CustomMeshComponent (113)
[2016.01.29-02.30.12:217][994]LogModuleManager: Shutting down and abandoning module CableComponent (112)
[2016.01.29-02.30.12:217][994]LogModuleManager: Shutting down and abandoning module ArchVisCharacter (111)
[2016.01.29-02.30.12:217][994]LogModuleManager: Shutting down and abandoning module MessagingDebugger (110)
[2016.01.29-02.30.12:218][994]LogModuleManager: Shutting down and abandoning module MediaPlayerEditor (109)
[2016.01.29-02.30.12:218][994]LogModuleManager: Shutting down and abandoning module HTML5Networking (108)
[2016.01.29-02.30.12:218][994]LogModuleManager: Shutting down and abandoning module SpeedTreeImporter (107)
[2016.01.29-02.30.12:218][994]LogModuleManager: Shutting down and abandoning module PluginBrowser (106)
[2016.01.29-02.30.12:218][994]LogModuleManager: Shutting down and abandoning module EpicSurvey (105)
[2016.01.29-02.30.12:218][994]LogModuleManager: Shutting down and abandoning module DesktopPlatform (104)
[2016.01.29-02.30.12:218][994]LogModuleManager: Shutting down and abandoning module VisualStudioSourceCodeAccess (103)
[2016.01.29-02.30.12:218][994]LogModuleManager: Shutting down and abandoning module UObjectPlugin (102)
[2016.01.29-02.30.12:218][994]LogModuleManager: Shutting down and abandoning module SubversionSourceControl (101)
[2016.01.29-02.30.12:218][994]LogModuleManager: Shutting down and abandoning module PerforceSourceControl (100)
[2016.01.29-02.30.12:218][994]LogModuleManager: Shutting down and abandoning module SourceControl (99)
[2016.01.29-02.30.12:218][994]LogModuleManager: Shutting down and abandoning module GitSourceControl (98)
[2016.01.29-02.30.12:218][994]LogModuleManager: Shutting down and abandoning module LightPropagationVolumeEditor (97)
[2016.01.29-02.30.12:218][994]LogModuleManager: Shutting down and abandoning module PaperTiledImporter (96)
[2016.01.29-02.30.12:218][994]LogModuleManager: Shutting down and abandoning module PaperSpriteSheetImporter (95)
[2016.01.29-02.30.12:218][994]LogModuleManager: Shutting down and abandoning module MeshPaint (94)
[2016.01.29-02.30.12:218][994]LogModuleManager: Shutting down and abandoning module SlateReflector (93)
[2016.01.29-02.30.12:218][994]LogModuleManager: Shutting down and abandoning module HotReload (92)
[2016.01.29-02.30.12:218][994]LogModuleManager: Shutting down and abandoning module MainFrame (91)
[2016.01.29-02.30.12:218][994]LogModuleManager: Shutting down and abandoning module LevelEditor (90)
[2016.01.29-02.30.12:220][994]LogModuleManager: Shutting down and abandoning module DirectoryWatcher (89)
[2016.01.29-02.30.12:222][994]LogModuleManager: Shutting down and abandoning module AssetRegistry (88)
[2016.01.29-02.30.12:343][994]LogModuleManager: Shutting down and abandoning module ContentBrowser (87)
[2016.01.29-02.30.12:345][994]LogModuleManager: Shutting down and abandoning module Paper2DEditor (86)
[2016.01.29-02.30.12:345][994]LogModuleManager: Shutting down and abandoning module UdpMessaging (85)
[2016.01.29-02.30.12:445][994]LogModuleManager: Shutting down and abandoning module LightPropagationVolumeRuntime (84)
[2016.01.29-02.30.12:445][994]LogModuleManager: Shutting down and abandoning module Paper2D (83)
[2016.01.29-02.30.12:445][994]LogModuleManager: Shutting down and abandoning module WindowsMoviePlayer (82)
[2016.01.29-02.30.12:450][994]LogModuleManager: Shutting down and abandoning module Media (81)
[2016.01.29-02.30.12:450][994]LogModuleManager: Shutting down and abandoning module WmfMedia (80)
[2016.01.29-02.30.12:451][994]LogModuleManager: Shutting down and abandoning module OnlineBlueprintSupport (79)
[2016.01.29-02.30.12:451][994]LogModuleManager: Shutting down and abandoning module GameplayTasksEditor (78)
[2016.01.29-02.30.12:451][994]LogModuleManager: Shutting down and abandoning module PropertyEditor (77)
[2016.01.29-02.30.12:451][994]LogModuleManager: Shutting down and abandoning module BehaviorTreeEditor (76)
[2016.01.29-02.30.12:451][994]LogModuleManager: Shutting down and abandoning module FunctionalTesting (75)
[2016.01.29-02.30.12:451][994]LogModuleManager: Shutting down and abandoning module CollisionAnalyzer (74)
[2016.01.29-02.30.12:451][994]LogModuleManager: Shutting down and abandoning module WorkspaceMenuStructure (73)
[2016.01.29-02.30.12:451][994]LogModuleManager: Shutting down and abandoning module MessageLog (72)
[2016.01.29-02.30.12:451][994]LogModuleManager: Shutting down and abandoning module Sequencer (71)
[2016.01.29-02.30.12:451][994]LogModuleManager: Shutting down and abandoning module AssetTools (70)
[2016.01.29-02.30.12:451][994]LogModuleManager: Shutting down and abandoning module UMGEditor (69)
[2016.01.29-02.30.12:451][994]LogModuleManager: Shutting down and abandoning module UMG (68)
[2016.01.29-02.30.12:451][994]LogModuleManager: Shutting down and abandoning module Slate (67)
[2016.01.29-02.30.12:451][994]LogModuleManager: Shutting down and abandoning module EditorStyle (66)
[2016.01.29-02.30.12:455][994]LogModuleManager: Shutting down and abandoning module SessionServices (65)
[2016.01.29-02.30.12:455][994]LogModuleManager: Shutting down and abandoning module SourceCodeAccess (64)
[2016.01.29-02.30.12:455][994]LogModuleManager: Shutting down and abandoning module HeadMountedDisplay (63)
[2016.01.29-02.30.12:455][994]LogModuleManager: Shutting down and abandoning module XAudio2 (62)
[2016.01.29-02.30.12:455][994]LogModuleManager: Shutting down and abandoning module Networking (60)
[2016.01.29-02.30.12:456][994]LogModuleManager: Shutting down and abandoning module Core (59)
[2016.01.29-02.30.12:456][994]LogModuleManager: Shutting down and abandoning module KismetCompiler (58)
[2016.01.29-02.30.12:456][994]LogModuleManager: Shutting down and abandoning module PhysXFormats (57)
[2016.01.29-02.30.12:456][994]LogModuleManager: Shutting down and abandoning module MeshUtilities (56)
[2016.01.29-02.30.12:456][994]LogModuleManager: Shutting down and abandoning module CookingStats (55)
[2016.01.29-02.30.12:457][994]LogModuleManager: Shutting down and abandoning module DerivedDataCache (54)
[2016.01.29-02.30.12:492][994]LogDerivedDataCache: Shutdown
[2016.01.29-02.30.12:492][994]LogModuleManager: Shutting down and abandoning module ShaderFormatOpenGL (53)
[2016.01.29-02.30.12:492][994]LogModuleManager: Shutting down and abandoning module ShaderFormatD3D (52)
[2016.01.29-02.30.12:492][994]LogModuleManager: Shutting down and abandoning module MetalShaderFormat (51)
[2016.01.29-02.30.12:492][994]LogModuleManager: Shutting down and abandoning module TextureFormatUncompressed (50)
[2016.01.29-02.30.12:492][994]LogModuleManager: Shutting down and abandoning module TextureFormatPVR (49)
[2016.01.29-02.30.12:492][994]LogModuleManager: Shutting down and abandoning module TextureFormatIntelISPCTexComp (48)
[2016.01.29-02.30.12:492][994]LogModuleManager: Shutting down and abandoning module TextureFormatDXT (47)
[2016.01.29-02.30.12:493][994]LogModuleManager: Shutting down and abandoning module ImageWrapper (46)
[2016.01.29-02.30.12:493][994]LogModuleManager: Shutting down and abandoning module TextureFormatASTC (45)
[2016.01.29-02.30.12:493][994]LogModuleManager: Shutting down and abandoning module TextureFormatAndroid (44)
[2016.01.29-02.30.12:493][994]LogModuleManager: Shutting down and abandoning module AudioFormatOpus (43)
[2016.01.29-02.30.12:493][994]LogModuleManager: Shutting down and abandoning module AudioFormatOgg (42)
[2016.01.29-02.30.12:493][994]LogModuleManager: Shutting down and abandoning module AudioFormatADPCM (41)
[2016.01.29-02.30.12:493][994]LogModuleManager: Shutting down and abandoning module LinuxTargetPlatform (40)
[2016.01.29-02.30.12:493][994]LogModuleManager: Shutting down and abandoning module LinuxServerTargetPlatform (39)
[2016.01.29-02.30.12:493][994]LogModuleManager: Shutting down and abandoning module LinuxNoEditorTargetPlatform (38)
[2016.01.29-02.30.12:493][994]LogModuleManager: Shutting down and abandoning module Messaging (37)
[2016.01.29-02.30.12:493][994]LogModuleManager: Shutting down and abandoning module IOSTargetPlatform (36)
[2016.01.29-02.30.12:493][994]LogModuleManager: Shutting down and abandoning module HTML5TargetPlatform (35)
[2016.01.29-02.30.12:493][994]LogModuleManager: Shutting down and abandoning module Android_PVRTCTargetPlatform (34)
[2016.01.29-02.30.12:493][994]LogModuleManager: Shutting down and abandoning module Android_ETC2TargetPlatform (33)
[2016.01.29-02.30.12:493][994]LogModuleManager: Shutting down and abandoning module Android_ETC1TargetPlatform (32)
[2016.01.29-02.30.12:493][994]LogModuleManager: Shutting down and abandoning module Android_DXTTargetPlatform (31)
[2016.01.29-02.30.12:493][994]LogModuleManager: Shutting down and abandoning module Android_ATCTargetPlatform (30)
[2016.01.29-02.30.12:493][994]LogModuleManager: Shutting down and abandoning module Android_ASTCTargetPlatform (29)
[2016.01.29-02.30.12:493][994]LogModuleManager: Shutting down and abandoning module AndroidTargetPlatform (28)
[2016.01.29-02.30.12:493][994]LogModuleManager: Shutting down and abandoning module WindowsTargetPlatform (27)
[2016.01.29-02.30.12:493][994]LogModuleManager: Shutting down and abandoning module WindowsServerTargetPlatform (26)
[2016.01.29-02.30.12:493][994]LogModuleManager: Shutting down and abandoning module WindowsNoEditorTargetPlatform (25)
[2016.01.29-02.30.12:493][994]LogModuleManager: Shutting down and abandoning module WindowsClientTargetPlatform (24)
[2016.01.29-02.30.12:493][994]LogModuleManager: Shutting down and abandoning module AllDesktopTargetPlatform (23)
[2016.01.29-02.30.12:493][994]LogModuleManager: Shutting down and abandoning module TargetPlatform (22)
[2016.01.29-02.30.12:493][994]LogModuleManager: Shutting down and abandoning module InputCore (21)
[2016.01.29-02.30.12:493][994]LogModuleManager: Shutting down and abandoning module Settings (20)
[2016.01.29-02.30.12:493][994]LogModuleManager: Shutting down and abandoning module OnlineSubsystem (18)
[2016.01.29-02.30.12:493][994]LogModuleManager: Shutting down and abandoning module HTTP (17)
[2016.01.29-02.30.13:494][994]LogModuleManager: Shutting down and abandoning module XMPP (16)
[2016.01.29-02.30.13:494][994]LogModuleManager: Shutting down and abandoning module ExampleDeviceProfileSelector (15)
[2016.01.29-02.30.13:494][994]LogModuleManager: Shutting down and abandoning module TextureCompressor (14)
[2016.01.29-02.30.13:494][994]LogModuleManager: Shutting down and abandoning module ShaderCore (13)
[2016.01.29-02.30.13:494][994]LogModuleManager: Shutting down and abandoning module Landscape (12)
[2016.01.29-02.30.13:494][994]LogModuleManager: Shutting down and abandoning module SlateRHIRenderer (11)
[2016.01.29-02.30.13:500][994]LogModuleManager: Shutting down and abandoning module OpenGLDrv (10)
[2016.01.29-02.30.13:500][994]LogModuleManager: Shutting down and abandoning module D3D11RHI (9)
[2016.01.29-02.30.13:500][994]LogModuleManager: Shutting down and abandoning module AnimGraphRuntime (8)
[2016.01.29-02.30.13:500][994]LogModuleManager: Shutting down and abandoning module Renderer (7)
[2016.01.29-02.30.13:500][994]LogModuleManager: Shutting down and abandoning module Engine (6)
[2016.01.29-02.30.13:500][994]LogModuleManager: Shutting down and abandoning module CoreUObject (5)
[2016.01.29-02.30.13:500][994]LogModuleManager: Shutting down and abandoning module NetworkFile (4)
[2016.01.29-02.30.13:500][994]LogModuleManager: Shutting down and abandoning module StreamingFile (3)
[2016.01.29-02.30.13:500][994]LogModuleManager: Shutting down and abandoning module SandboxFile (2)
[2016.01.29-02.30.13:500][994]LogModuleManager: Shutting down and abandoning module PakFile (1)
[2016.01.29-02.30.13:500][994]LogExit: Exiting.
[2016.01.29-02.30.13:531][994]Log file closed, 01/28/16 23:30:13
