[2016.01.29-03.31.16:183][  0]Log file open, 01/29/16 00:31:16
[2016.01.29-03.31.16:183][  0]LogInit:Display: Running engine for game: SistemaVisualizacion
[2016.01.29-03.31.16:183][  0]LogInit:Display: RandInit(-1578567655) SRandInit(-1578567654).
[2016.01.29-03.31.16:183][  0]LogTaskGraph: Started task graph with 4 named threads and 5 total threads.
[2016.01.29-03.31.16:183][  0]LogStats: Stats thread started at 0.080854
[2016.01.29-03.31.16:183][  0]LogInit: Version: 4.9.2-2707645+++depot+UE4-Releases+4.9
[2016.01.29-03.31.16:183][  0]LogInit: API Version: 2672455
[2016.01.29-03.31.16:183][  0]LogInit: Compiled (64-bit): Sep 28 2015 10:25:44
[2016.01.29-03.31.16:183][  0]LogInit: Compiled with Visual C++: 18.00.21005.01
[2016.01.29-03.31.16:183][  0]LogInit: Build Configuration: Development
[2016.01.29-03.31.16:183][  0]LogInit: Branch Name: ++depot+UE4-Releases+4.9
[2016.01.29-03.31.16:183][  0]LogInit: Command line:  
[2016.01.29-03.31.16:183][  0]LogInit: Base directory: C:/Program Files/Epic Games/4.9/Engine/Binaries/Win64/
[2016.01.29-03.31.16:183][  0]LogInit: Rocket: 1
[2016.01.29-03.31.16:207][  0]LogInit: Using libcurl 7.41.0
[2016.01.29-03.31.16:207][  0]LogInit:  - built for x86_64-pc-win32
[2016.01.29-03.31.16:207][  0]LogInit:  - supports SSL with WinSSL
[2016.01.29-03.31.16:207][  0]LogInit:  - other features:
[2016.01.29-03.31.16:207][  0]LogInit:      CURL_VERSION_SSL
[2016.01.29-03.31.16:207][  0]LogInit:      CURL_VERSION_IPV6
[2016.01.29-03.31.16:207][  0]LogInit:      CURL_VERSION_ASYNCHDNS
[2016.01.29-03.31.16:207][  0]LogInit:      CURL_VERSION_LARGEFILE
[2016.01.29-03.31.16:207][  0]LogInit:      CURL_VERSION_IDN
[2016.01.29-03.31.16:207][  0]LogInit:  CurlRequestOptions (configurable via config and command line):
[2016.01.29-03.31.16:207][  0]LogInit:  - bVerifyPeer = true  - Libcurl will verify peer certificate
[2016.01.29-03.31.16:207][  0]LogInit:  - bUseHttpProxy = false  - Libcurl will NOT use HTTP proxy
[2016.01.29-03.31.16:207][  0]LogInit:  - bDontReuseConnections = false  - Libcurl will reuse connections
[2016.01.29-03.31.16:207][  0]LogInit:  - CertBundlePath = nullptr  - Libcurl will use whatever was configured at build time.
[2016.01.29-03.31.16:222][  0]LogInit: Presizing for 0 objects not considered by GC, pre-allocating 0 bytes.
[2016.01.29-03.31.16:234][  0]LogInit: Object subsystem initialized
[2016.01.29-03.31.16:236][  0]LogInit: Selected Device Profile: [Windows]
[2016.01.29-03.31.16:236][  0]LogInit: Applying CVar settings loaded from the selected device profile: [Windows]
[2016.01.29-03.31.16:262][  0]LogInit: Computer: TONGA-PC
[2016.01.29-03.31.16:262][  0]LogInit: User: Tonga
[2016.01.29-03.31.16:262][  0]LogInit: CPU Page size=4096, Cores=2
[2016.01.29-03.31.16:262][  0]LogInit: High frequency timer resolution =3.021884 MHz
[2016.01.29-03.31.16:262][  0]LogMemory: Memory total: Physical=7.9GB (8GB approx)
[2016.01.29-03.31.16:262][  0]LogMemory: Platform Memory Stats for Windows
[2016.01.29-03.31.16:262][  0]LogMemory: Process Physical Memory: 53.83 MB used, 53.83 MB peak
[2016.01.29-03.31.16:262][  0]LogMemory: Process Virtual Memory: 58.19 MB used, 58.19 MB peak
[2016.01.29-03.31.16:262][  0]LogMemory: Physical Memory: 4094.50 MB used, 8132.66 MB total
[2016.01.29-03.31.16:262][  0]LogMemory: Virtual Memory: 338.88 MB used, 8388608.00 MB total
[2016.01.29-03.31.17:714][  0]LogD3D11RHI: Found D3D11 adapter 0: NVIDIA GeForce GTX 750 Ti (Feature Level 11_0)
[2016.01.29-03.31.17:714][  0]LogD3D11RHI: Adapter has 1992MB of dedicated video memory, 0MB of dedicated system memory, and 2048MB of shared system memory, 1 output[s]
[2016.01.29-03.31.17:714][  0]LogD3D11RHI: Chosen D3D11 Adapter Id = 0
[2016.01.29-03.31.17:728][  0]LogD3D11RHI: !Direct3DDevice
[2016.01.29-03.31.17:728][  0]LogRHI: Texture pool is 1361 MB (70% of 1945 MB)
[2016.01.29-03.31.17:744][  0]LogD3D11RHI: Async texture creation enabled
[2016.01.29-03.31.17:761][  0]LogShaderCompilers: Guid format shader working directory is 16 characters bigger than the processId version (../../../../../../Users/Tonga/Documents/Facultad/Tesis/Repositorio/proygrad_fing/Sistema de visualización/Intermediate/Shaders/WorkingDirectory/464/).
[2016.01.29-03.31.17:762][  0]LogShaderCompilers: Cleaned the shader compiler working directory '../../../../../../Users/Tonga/Documents/Facultad/Tesis/Repositorio/proygrad_fing/Sistema de visualización/Intermediate/Shaders/tmp/DC092CCA4508BD1C46622FA1EBB8A36C/'.
[2016.01.29-03.31.17:762][  0]LogShaderCompilers:Display: Using Local Shader Compiler.
[2016.01.29-03.31.20:480][  0]LogTemp:Display: Loaded TP AllDesktopTargetPlatform
[2016.01.29-03.31.20:490][  0]LogTemp:Display: Loaded TP WindowsClientTargetPlatform
[2016.01.29-03.31.20:501][  0]LogTemp:Display: Loaded TP WindowsNoEditorTargetPlatform
[2016.01.29-03.31.20:512][  0]LogTemp:Display: Loaded TP WindowsServerTargetPlatform
[2016.01.29-03.31.20:524][  0]LogTemp:Display: Loaded TP WindowsTargetPlatform
[2016.01.29-03.31.20:532][  0]LogTemp:Display: Loaded TP AndroidTargetPlatform
[2016.01.29-03.31.20:539][  0]LogTemp:Display: Loaded TP Android_ASTCTargetPlatform
[2016.01.29-03.31.20:546][  0]LogTemp:Display: Loaded TP Android_ATCTargetPlatform
[2016.01.29-03.31.20:553][  0]LogTemp:Display: Loaded TP Android_DXTTargetPlatform
[2016.01.29-03.31.20:561][  0]LogTemp:Display: Loaded TP Android_ETC1TargetPlatform
[2016.01.29-03.31.20:568][  0]LogTemp:Display: Loaded TP Android_ETC2TargetPlatform
[2016.01.29-03.31.20:576][  0]LogTemp:Display: Loaded TP Android_PVRTCTargetPlatform
[2016.01.29-03.31.20:578][  0]LogTemp:Display: Loaded TP HTML5TargetPlatform
[2016.01.29-03.31.20:602][  0]LogTemp:Display: Loaded TP IOSTargetPlatform
[2016.01.29-03.31.20:609][  0]LogTemp:Display: Loaded TP LinuxNoEditorTargetPlatform
[2016.01.29-03.31.20:617][  0]LogTemp:Display: Loaded TP LinuxServerTargetPlatform
[2016.01.29-03.31.20:626][  0]LogTemp:Display: Loaded TP LinuxTargetPlatform
[2016.01.29-03.31.20:627][  0]LogTargetPlatformManager:Display: Building Assets For Windows
[2016.01.29-03.31.20:808][  0]LogDerivedDataCache:Display: Max Cache Size: 512 MB
[2016.01.29-03.31.21:264][  0]LogDerivedDataCache: Loaded boot cache 0.46s 41MB C:/Users/Tonga/AppData/Local/UnrealEngine/4.9/DerivedDataCache/Boot.ddc.
[2016.01.29-03.31.21:264][  0]LogDerivedDataCache:Display: Loaded Boot cache: C:/Users/Tonga/AppData/Local/UnrealEngine/4.9/DerivedDataCache/Boot.ddc
[2016.01.29-03.31.21:265][  0]LogDerivedDataCache: FDerivedDataBackendGraph:  Pak pak cache file ../../../../../../Users/Tonga/Documents/Facultad/Tesis/Repositorio/proygrad_fing/Sistema de visualización/DerivedDataCache/DDC.ddp not found, will not use a pak cache.
[2016.01.29-03.31.21:265][  0]LogDerivedDataCache: Unable to find inner node Pak for hierarchical cache Hierarchy.
[2016.01.29-03.31.21:265][  0]LogDerivedDataCache: FDerivedDataBackendGraph:  CompressedPak pak cache file ../../../../../../Users/Tonga/Documents/Facultad/Tesis/Repositorio/proygrad_fing/Sistema de visualización/DerivedDataCache/Compressed.ddp not found, will not use a pak cache.
[2016.01.29-03.31.21:265][  0]LogDerivedDataCache: Unable to find inner node CompressedPak for hierarchical cache Hierarchy.
[2016.01.29-03.31.21:497][  0]LogDerivedDataCache:Display: Pak cache opened for reading ../../../Engine/DerivedDataCache/Compressed.ddp.
[2016.01.29-03.31.21:509][  0]LogDerivedDataCache: Using Local data cache path C:/Users/Tonga/AppData/Local/UnrealEngine/Common/DerivedDataCache: Writable
[2016.01.29-03.31.21:918][  0]LogInit: Selected Device Profile: [Windows]
[2016.01.29-03.31.21:919][  0]LogContentStreaming: Texture pool size is 0.000000MB
[2016.01.29-03.31.21:972][  0]LogMeshUtilities: No automatic mesh reduction module available
[2016.01.29-03.31.21:972][  0]LogMeshUtilities: No automatic mesh merging module available
[2016.01.29-03.31.22:703][  0]LogInit: WinSock: version 1.1 (2.2), MaxSocks=32767, MaxUdp=65467
[2016.01.29-03.31.24:672][  0]UdpMessaging: Initializing bridge on interface 0.0.0.0:0 to multicast group 230.0.0.1:6666.
[2016.01.29-03.31.24:798][  0]LogAssetRegistry: FAssetRegistry took 0.0104 seconds to start up
[2016.01.29-03.31.25:137][  0]SourceControl: Info Source control is disabled
[2016.01.29-03.31.25:139][  0]SourceControl: Info Source control is disabled
[2016.01.29-03.31.25:163][  0]SourceControl: Info Source control is disabled
[2016.01.29-03.31.25:188][  0]SourceControl: Info Source control is disabled
[2016.01.29-03.31.25:532][  0]LogLinker:Warning: Asset '../../../Engine/Plugins/Runtime/LeapMotionController/Content/LM_PassthroughMaterial.uasset' has been saved with empty engine version. The asset will be loaded but may be incompatible.
[2016.01.29-03.31.25:729][  0]LeapPluginLog: Using LeapPlugin version 0.9.7
[2016.01.29-03.31.25:736][  0]LogObj: 28981 objects as part of root set at end of initial load.
[2016.01.29-03.31.25:736][  0]LogUObjectAllocator: 6140352 out of 0 bytes used by permanent object pool.
[2016.01.29-03.31.25:820][  0]LogEngine: Initializing Engine...
[2016.01.29-03.31.25:822][  0]OCULUS: Info: 01/29/16 03:31:25: [CAPI] LibOVR module is located at C:\Windows\system32\LibOVRRT64_0_7.dll

[2016.01.29-03.31.26:324][  0]OCULUS: Error: 01/29/16 03:31:26: [CAPI] ovr_Create failed to complete within the timeout period.
[2016.01.29-03.31.26:328][  0]LogHMD: SteamVR failed to initialize.  Err: 110
[2016.01.29-03.31.26:604][  0]LogAIModule: Creating AISystem for world NewWorld
[2016.01.29-03.31.26:614][  0]LogInit: XAudio2 using 'Altavoces (Realtek High Definition Audio)' : 2 channels at 48 kHz using 32 bits per sample (channel mask 0x3)
[2016.01.29-03.31.26:649][  0]LogInit: FAudioDevice initialized.
[2016.01.29-03.31.26:704][  0]LogDerivedDataCache: Saved boot cache 0.05s 41MB C:/Users/Tonga/AppData/Local/UnrealEngine/4.9/DerivedDataCache/Boot.ddc.
[2016.01.29-03.31.26:724][  0]LogInit: Texture streaming: Enabled
[2016.01.29-03.31.26:735][  0]LogAnalytics: Creating configured Analytics provider AnalyticsET
[2016.01.29-03.31.26:735][  0]LogAnalytics: [UEEditor.Rocket.Release] APIServer = http://et2.epicgames.com/ET2/. AppVersion = 4.9.2-2707645+++depot+UE4-Releases+4.9
[2016.01.29-03.31.26:735][  0]LogAnalytics: [UEEditor.Rocket.Release] SetUserId d2bef611456171cb171d15a4a42cb182|6ac59fa8cbb647a4b14c5a548cbd3b91|31fc86a8-acb9-451a-b082-adf3974f05a6
[2016.01.29-03.31.26:735][  0]LogAnalytics: [UEEditor.Rocket.Release] AnalyticsET::StartSession
[2016.01.29-03.31.27:315][  0]LogInit: Transaction tracking system initialized
[2016.01.29-03.31.27:394][  0]BlueprintLog: New page: Editor Load
[2016.01.29-03.31.27:568][  0]LocalizationService: Info Localization service is disabled
[2016.01.29-03.31.27:759][  0]LogConsoleResponse:Display: 
[2016.01.29-03.31.28:033][  0]LogCook:Display: Done creating registry. It took  0.00s.
[2016.01.29-03.31.28:185][  0]LogFileCache: Scanning file cache for directory 'C:/Users/Tonga/Documents/Facultad/Tesis/Repositorio/proygrad_fing/Sistema de visualización/Content/' took 0.03s
[2016.01.29-03.31.28:185][  0]SourceControl: Info Source control is disabled
[2016.01.29-03.31.28:225][  0]LightingResults: New page: Lighting Build
[2016.01.29-03.31.28:231][  0]MapCheck: New page: Map Check
[2016.01.29-03.31.28:231][  0]LightingResults: New page: Lighting Build
[2016.01.29-03.31.28:261][  0]LogParticles: Destroying 0 GPU particle simulations for FXSystem 0x0000000023E8E160
[2016.01.29-03.31.30:153][  0]LogBlueprint:Warning: [compiler LeapBasicRiggedCharacter] Warning InputAction Event references unknown Action 'Jump' for  InputAction Jump 
[2016.01.29-03.31.30:154][  0]LogBlueprint:Warning: [compiler LeapBasicRiggedCharacter] Warning Input Axis Event references unknown Axis 'LookUpRate' for  InputAxis LookUpRate 
[2016.01.29-03.31.30:156][  0]LogBlueprint:Warning: [compiler LeapBasicRiggedCharacter] Warning Input Axis Event references unknown Axis 'TurnRate' for  InputAxis TurnRate 
[2016.01.29-03.31.30:157][  0]LogBlueprint:Warning: [compiler LeapBasicRiggedCharacter] Warning Input Axis Event references unknown Axis 'MoveForward' for  InputAxis MoveForward 
[2016.01.29-03.31.30:164][  0]LogBlueprint:Warning: [compiler LeapBasicRiggedCharacter] Warning [0014.94] Compile of LeapBasicRiggedCharacter successful, but with 4 Warning(s) [in 26 ms]
[2016.01.29-03.31.30:164][  0]LogBlueprint:Warning: [compiler LeapBasicRiggedCharacter] Warning [0014.94] Compile of LeapBasicRiggedCharacter successful, but with 5 Warning(s) [in 0 ms]
[2016.01.29-03.31.30:164][  0]LogBlueprint:Warning: [compiler LeapBasicRiggedCharacter] Warning [0014.94] Compile of LeapBasicRiggedCharacter successful, but with 6 Warning(s) [in 0 ms]
[2016.01.29-03.31.30:183][  0]LogBlueprint:Warning: [compiler LeapBasicRiggedCharacter] Warning InputAction Event references unknown Action 'Jump' for  InputAction Jump 
[2016.01.29-03.31.30:183][  0]LogBlueprint:Warning: [compiler LeapBasicRiggedCharacter] Warning Input Axis Event references unknown Axis 'LookUpRate' for  InputAxis LookUpRate 
[2016.01.29-03.31.30:184][  0]LogBlueprint:Warning: [compiler LeapBasicRiggedCharacter] Warning Input Axis Event references unknown Axis 'TurnRate' for  InputAxis TurnRate 
[2016.01.29-03.31.30:184][  0]LogBlueprint:Warning: [compiler LeapBasicRiggedCharacter] Warning Input Axis Event references unknown Axis 'MoveForward' for  InputAxis MoveForward 
[2016.01.29-03.31.30:190][  0]LogBlueprint:Warning: [compiler LeapBasicRiggedCharacter] Warning [0014.97] Compile of LeapBasicRiggedCharacter successful, but with 4 Warning(s) [in 19 ms]
[2016.01.29-03.31.30:190][  0]LogBlueprint:Warning: [compiler LeapBasicRiggedCharacter] Warning [0014.97] Compile of LeapBasicRiggedCharacter successful, but with 5 Warning(s) [in 0 ms]
[2016.01.29-03.31.30:190][  0]LogBlueprint:Warning: [compiler LeapBasicRiggedCharacter] Warning [0014.97] Compile of LeapBasicRiggedCharacter successful, but with 6 Warning(s) [in 0 ms]
[2016.01.29-03.31.31:575][  0]LogBlueprint:Warning: [compiler BP_Commentary_Box] Warning  Set Text (String)  is deprecated; Use the SetText function taking an FText instead.
[2016.01.29-03.31.31:589][  0]LogBlueprint:Warning: [compiler BP_Commentary_Box] Warning  Set Text (String)  is deprecated; Use the SetText function taking an FText instead.
[2016.01.29-03.31.31:606][  0]LogBlueprint:Warning: [compiler BP_Commentary_Box] Warning [0016.38] Compile of BP_Commentary_Box successful, but with 2 Warning(s) [in 74 ms]
[2016.01.29-03.31.31:606][  0]LogBlueprint:Warning: [compiler BP_Commentary_Box] Warning [0016.39] Compile of BP_Commentary_Box successful, but with 3 Warning(s) [in 0 ms]
[2016.01.29-03.31.31:607][  0]LogBlueprint:Warning: [compiler BP_Commentary_Box] Warning [0016.39] Compile of BP_Commentary_Box successful, but with 4 Warning(s) [in 0 ms]
[2016.01.29-03.31.31:662][  0]LogBlueprint:Warning: [compiler BP_Commentary_Box] Warning  Set Text (String)  is deprecated; Use the SetText function taking an FText instead.
[2016.01.29-03.31.31:676][  0]LogBlueprint:Warning: [compiler BP_Commentary_Box] Warning  Set Text (String)  is deprecated; Use the SetText function taking an FText instead.
[2016.01.29-03.31.31:691][  0]LogBlueprint:Warning: [compiler BP_Commentary_Box] Warning [0016.47] Compile of BP_Commentary_Box successful, but with 2 Warning(s) [in 65 ms]
[2016.01.29-03.31.31:691][  0]LogBlueprint:Warning: [compiler BP_Commentary_Box] Warning [0016.47] Compile of BP_Commentary_Box successful, but with 3 Warning(s) [in 0 ms]
[2016.01.29-03.31.31:692][  0]LogBlueprint:Warning: [compiler BP_Commentary_Box] Warning [0016.47] Compile of BP_Commentary_Box successful, but with 4 Warning(s) [in 0 ms]
[2016.01.29-03.31.33:320][  0]LogAIModule: Creating AISystem for world Minimal_Default
[2016.01.29-03.31.33:335][  0]LeapPluginLog: InterfaceObject: CameraActor_Blueprint_C_0
[2016.01.29-03.31.33:336][  0]LeapPluginLog: InterfaceObject: LeapAnimBodyConnector_C_409
[2016.01.29-03.31.33:336][  0]LeapPluginLog:Warning: Warning! More than one (2) Leap Controller Component detected! Duplication of work and output may result (inefficiency warning).
[2016.01.29-03.31.33:338][  0]LeapPluginLog: LeapController::CleanupEventData Delete Called
[2016.01.29-03.31.33:396][  0]LeapPluginLog: LeapController::CleanupEventData Delete Called
[2016.01.29-03.31.33:400][  0]LeapPluginLog: InterfaceObject: LeapAnimBodyConnector_C_411
[2016.01.29-03.31.33:401][  0]LeapPluginLog: InterfaceObject: CameraActor_Blueprint_C_0
[2016.01.29-03.31.33:401][  0]LeapPluginLog:Warning: Warning! More than one (2) Leap Controller Component detected! Duplication of work and output may result (inefficiency warning).
[2016.01.29-03.31.33:402][  0]LeapPluginLog: LeapController::CleanupEventData Delete Called
[2016.01.29-03.31.33:402][  0]LeapPluginLog: InterfaceObject: CameraActor_Blueprint_C_0
[2016.01.29-03.31.33:402][  0]LeapPluginLog:Warning: Warning! More than one (2) Leap Controller Component detected! Duplication of work and output may result (inefficiency warning).
[2016.01.29-03.31.33:403][  0]LogEditorServer: Finished looking for orphan Actors (0.000 secs)
[2016.01.29-03.31.33:405][  0]Cmd: MAP CHECKDEP NOCLEARLOG
[2016.01.29-03.31.33:597][  0]MapCheck: Info Map check complete: 0 Error(s), 0 Warning(s), took 192.333ms to complete.
[2016.01.29-03.31.33:597][  0]LogFileHelpers: Loading map 'Minimal_Default' took 5.411
[2016.01.29-03.31.33:741][  0]LogCollectionManager: Loaded 0 collections in 0.004670 seconds
[2016.01.29-03.31.33:789][  0]LogFileCache: Scanning file cache for directory 'C:/Users/Tonga/Documents/Facultad/Tesis/Repositorio/proygrad_fing/Sistema de visualización/Saved/Collections/' took 0.01s
[2016.01.29-03.31.33:789][  0]LogFileCache: Scanning file cache for directory 'C:/Users/Tonga/Documents/Facultad/Tesis/Repositorio/proygrad_fing/Sistema de visualización/Content/Developers/Tonga/Collections/' took 0.01s
[2016.01.29-03.31.33:789][  0]LogFileCache: Scanning file cache for directory 'C:/Users/Tonga/Documents/Facultad/Tesis/Repositorio/proygrad_fing/Sistema de visualización/Content/Collections/' took 0.01s
[2016.01.29-03.31.33:789][  0]LogContentBrowser: Native class hierarchy populated in 0.0132 seconds. Added 1893 classes and 337 folders.
[2016.01.29-03.31.33:801][  0]LogCollectionManager: Rebuilt the GUID cache for 0 collections in 0.000004 seconds
[2016.01.29-03.31.33:823][  0]LogContentBrowser: Native class hierarchy updated for 'WidgetCarousel' in 0.0005 seconds. Added 0 classes and 0 folders.
[2016.01.29-03.31.33:985][  0]LogContentBrowser: Native class hierarchy updated for 'AddContentDialog' in 0.0006 seconds. Added 0 classes and 0 folders.
[2016.01.29-03.31.33:991][  0]LogContentBrowser: Native class hierarchy updated for 'SceneOutliner' in 0.0006 seconds. Added 1 classes and 2 folders.
[2016.01.29-03.31.34:092][  0]LogCrashTracker: Crashtracker disabled due to settings.
[2016.01.29-03.31.34:097][  0]LogUObjectGlobals:Warning: Failed to find object 'Class None.'
[2016.01.29-03.31.34:118][  0]LogLoad: Full Startup: 18.90 seconds (BP compile: 1.53 seconds)
[2016.01.29-03.31.34:130][  0]LoadErrors:Error: Error /Game/Blueprints/ElementoListaLuzAgregada : Failed import for ObjectProperty /Game/Blueprints/Lightbulb.Lightbulb_C:StaticMesh
[2016.01.29-03.31.34:225][  0]LogContentStreaming: Texture pool size now 1000 MB
[2016.01.29-03.31.34:398][  0]LogRenderer: Reallocating scene render targets to support 1144x576 (Frame:2).
[2016.01.29-03.31.35:398][ 13]LogAssetRegistry: Asset discovery search completed in 10.6095 seconds
[2016.01.29-03.31.35:398][ 13]LogCollectionManager: Rebuilt the object cache for 0 collections in 0.000001 seconds (found 0 objects)
[2016.01.29-03.31.35:398][ 13]LogCollectionManager: Fixed up redirectors for 0 collections in 0.000038 seconds (updated 0 objects)
[2016.01.29-03.31.44:629][967]LogBlueprintUserMessages: Early PlayInEditor Detection: Level '/Game/StarterContent/Maps/Minimal_Default.Minimal_Default:PersistentLevel' has LevelScriptBlueprint '/Game/StarterContent/Maps/Minimal_Default.Minimal_Default:PersistentLevel.Minimal_Default' with GeneratedClass '/Game/StarterContent/Maps/Minimal_Default.Minimal_Default_C' with ClassGeneratedBy '/Game/StarterContent/Maps/Minimal_Default.Minimal_Default:PersistentLevel.Minimal_Default'
[2016.01.29-03.31.44:630][967]LogPlayLevel: PlayLevel: No blueprints needed recompiling
[2016.01.29-03.31.44:630][967]PIE: New page: PIE session: Minimal_Default (Jan 28, 2016, 9:31:44 PM)
[2016.01.29-03.31.44:630][967]LogPlayLevel: Creating play world package: /Game/StarterContent/Maps/UEDPIE_0_Minimal_Default
[2016.01.29-03.31.44:648][967]LogPlayLevel: PIE: StaticDuplicateObject took: (0.017805s)
[2016.01.29-03.31.44:649][967]LogAIModule: Creating AISystem for world Minimal_Default
[2016.01.29-03.31.44:649][967]LogPlayLevel: PIE: World Init took: (0.001365s)
[2016.01.29-03.31.44:650][967]LogPlayLevel: PIE: Created PIE world by copying editor world from /Game/StarterContent/Maps/Minimal_Default.Minimal_Default to /Game/StarterContent/Maps/UEDPIE_0_Minimal_Default.Minimal_Default (0.019467s)
[2016.01.29-03.31.44:756][967]LeapPluginLog: LeapController::CleanupEventData Delete Called
[2016.01.29-03.31.44:776][967]LeapPluginLog: LeapController::CleanupEventData Delete Called
[2016.01.29-03.31.44:820][967]LeapPluginLog: LeapController::CleanupEventData Delete Called
[2016.01.29-03.31.44:841][967]LeapPluginLog: LeapController::CleanupEventData Delete Called
[2016.01.29-03.31.44:928][967]LogInit: XAudio2 using 'Altavoces (Realtek High Definition Audio)' : 2 channels at 48 kHz using 32 bits per sample (channel mask 0x3)
[2016.01.29-03.31.44:954][967]LogInit: FAudioDevice initialized.
[2016.01.29-03.31.45:011][967]LogWorld: Game class is 'GameMode'
[2016.01.29-03.31.45:017][967]LeapPluginLog: InterfaceObject: CameraActor_Blueprint_C_0
[2016.01.29-03.31.45:017][967]LeapPluginLog:Warning: Warning! More than one (3) Leap Controller Component detected! Duplication of work and output may result (inefficiency warning).
[2016.01.29-03.31.45:017][967]LeapPluginLog: InterfaceObject: LeapAnimBodyConnector_C_409
[2016.01.29-03.31.45:017][967]LeapPluginLog:Warning: Warning! More than one (4) Leap Controller Component detected! Duplication of work and output may result (inefficiency warning).
[2016.01.29-03.31.45:018][967]LogWorld: Bringing World /Game/StarterContent/Maps/UEDPIE_0_Minimal_Default.Minimal_Default up for play (max tick rate 0) at 2016.01.29-00.31.45
[2016.01.29-03.31.45:018][967]LogActor:Warning: GameSession /Game/StarterContent/Maps/UEDPIE_0_Minimal_Default.Minimal_Default:PersistentLevel.GameSession_0 has natively added scene component(s), but none of them were set as the actor's RootComponent - picking one arbitrarily
[2016.01.29-03.31.45:018][967]LogActor:Warning: GameNetworkManager /Game/StarterContent/Maps/UEDPIE_0_Minimal_Default.Minimal_Default:PersistentLevel.GameNetworkManager_0 has natively added scene component(s), but none of them were set as the actor's RootComponent - picking one arbitrarily
[2016.01.29-03.31.45:019][967]LogWorld: Bringing up level for play took: 0.007552
[2016.01.29-03.31.45:028][967]PIE: Info Play in editor start time for /Game/StarterContent/Maps/UEDPIE_0_Minimal_Default 0.112
[2016.01.29-03.31.45:028][967]LogBlueprintUserMessages: Late PlayInEditor Detection: Level '/Game/StarterContent/Maps/Minimal_Default.Minimal_Default:PersistentLevel' has LevelScriptBlueprint '/Game/StarterContent/Maps/Minimal_Default.Minimal_Default:PersistentLevel.Minimal_Default' with GeneratedClass '/Game/StarterContent/Maps/Minimal_Default.Minimal_Default_C' with ClassGeneratedBy '/Game/StarterContent/Maps/Minimal_Default.Minimal_Default:PersistentLevel.Minimal_Default'
[2016.01.29-03.31.50:663][462]LogBlueprintUserMessages: Early EndPlayMap Detection: Level '/Game/StarterContent/Maps/Minimal_Default.Minimal_Default:PersistentLevel' has LevelScriptBlueprint '/Game/StarterContent/Maps/Minimal_Default.Minimal_Default:PersistentLevel.Minimal_Default' with GeneratedClass '/Game/StarterContent/Maps/Minimal_Default.Minimal_Default_C' with ClassGeneratedBy '/Game/StarterContent/Maps/Minimal_Default.Minimal_Default:PersistentLevel.Minimal_Default'
[2016.01.29-03.31.50:670][462]LeapPluginLog: LeapController::CleanupEventData Delete Called
[2016.01.29-03.31.50:671][462]LeapPluginLog: LeapController::CleanupEventData Delete Called
[2016.01.29-03.31.50:702][462]LogBlueprintUserMessages: Late EndPlayMap Detection: Level '/Game/StarterContent/Maps/Minimal_Default.Minimal_Default:PersistentLevel' has LevelScriptBlueprint '/Game/StarterContent/Maps/Minimal_Default.Minimal_Default:PersistentLevel.Minimal_Default' with GeneratedClass '/Game/StarterContent/Maps/Minimal_Default.Minimal_Default_C' with ClassGeneratedBy '/Game/StarterContent/Maps/Minimal_Default.Minimal_Default:PersistentLevel.Minimal_Default'
[2016.01.29-03.31.50:743][462]LogParticles: Destroying 0 GPU particle simulations for FXSystem 0x000000002E6D7880
[2016.01.29-03.31.50:905][463]Cmd: QUIT_EDITOR
[2016.01.29-03.31.51:326][463]LogExit: Preparing to exit.
[2016.01.29-03.31.51:763][463]LeapPluginLog: LeapController::CleanupEventData Delete Called
[2016.01.29-03.31.51:764][463]LeapPluginLog: LeapController::CleanupEventData Delete Called
[2016.01.29-03.31.51:777][463]LogExit: Editor shut down
[2016.01.29-03.31.51:778][463]LogExit: Transaction tracking system shut down
[2016.01.29-03.31.51:783][463]LogParticles: Destroying 0 GPU particle simulations for FXSystem 0x000000002D84AAC0
[2016.01.29-03.31.51:784][463]LogParticles: Destroying 0 GPU particle simulations for FXSystem 0x000000002D2DDE40
[2016.01.29-03.31.51:810][463]LogParticles: Destroying 0 GPU particle simulations for FXSystem 0x000000002D2DED40
[2016.01.29-03.31.51:810][463]LeapPluginLog: LeapController::CleanupEventData Delete Called
[2016.01.29-03.31.51:834][463]LeapPluginLog: LeapController::CleanupEventData Delete Called
[2016.01.29-03.31.51:859][463]LeapPluginLog: LeapController::CleanupEventData Delete Called
[2016.01.29-03.31.52:138][463]LogExit: Object subsystem successfully closed.
[2016.01.29-03.31.52:154][463]LogD3D11RHI: Shutdown
[2016.01.29-03.31.52:154][463]LogD3D11RHI: CleanupD3DDevice
[2016.01.29-03.31.52:249][463]LogD3D11RHI: ~FD3D11DynamicRHI
[2016.01.29-03.31.52:293][463]LogModuleManager: Shutting down and abandoning module CrashTracker (198)
[2016.01.29-03.31.52:293][463]LogModuleManager: Shutting down and abandoning module SceneOutliner (197)
[2016.01.29-03.31.52:293][463]LogModuleManager: Shutting down and abandoning module SuperSearch (196)
[2016.01.29-03.31.52:293][463]LogModuleManager: Shutting down and abandoning module WidgetCarousel (195)
[2016.01.29-03.31.52:293][463]LogModuleManager: Shutting down and abandoning module AddContentDialog (194)
[2016.01.29-03.31.52:296][463]LogModuleManager: Shutting down and abandoning module EditorWidgets (193)
[2016.01.29-03.31.52:296][463]LogModuleManager: Shutting down and abandoning module CollectionManager (192)
[2016.01.29-03.31.52:296][463]LogModuleManager: Shutting down and abandoning module StatsViewer (191)
[2016.01.29-03.31.52:296][463]LogModuleManager: Shutting down and abandoning module FoliageEdit (190)
[2016.01.29-03.31.52:296][463]LogModuleManager: Shutting down and abandoning module LandscapeEditor (189)
[2016.01.29-03.31.52:296][463]LogModuleManager: Shutting down and abandoning module ActorPickerMode (188)
[2016.01.29-03.31.52:296][463]LogModuleManager: Shutting down and abandoning module GeometryMode (187)
[2016.01.29-03.31.52:296][463]LogModuleManager: Shutting down and abandoning module TextureAlignMode (186)
[2016.01.29-03.31.52:296][463]LogModuleManager: Shutting down and abandoning module BspMode (185)
[2016.01.29-03.31.52:297][463]LogModuleManager: Shutting down and abandoning module PlacementMode (184)
[2016.01.29-03.31.52:297][463]LogModuleManager: Shutting down and abandoning module AutomationWorker (183)
[2016.01.29-03.31.52:297][463]LogModuleManager: Shutting down and abandoning module CharacterAI (182)
[2016.01.29-03.31.52:297][463]LogModuleManager: Shutting down and abandoning module SmartSnapping (181)
[2016.01.29-03.31.52:297][463]LogModuleManager: Shutting down and abandoning module ViewportSnapping (180)
[2016.01.29-03.31.52:297][463]LogModuleManager: Shutting down and abandoning module LogVisualizer (179)
[2016.01.29-03.31.52:297][463]LogModuleManager: Shutting down and abandoning module GameProjectGeneration (178)
[2016.01.29-03.31.52:297][463]LogModuleManager: Shutting down and abandoning module IntroTutorials (177)
[2016.01.29-03.31.52:297][463]LogModuleManager: Shutting down and abandoning module EditorLiveStreaming (176)
[2016.01.29-03.31.52:297][463]LogModuleManager: Shutting down and abandoning module IOSPlatformEditor (175)
[2016.01.29-03.31.52:297][463]LogModuleManager: Shutting down and abandoning module HTML5PlatformEditor (174)
[2016.01.29-03.31.52:297][463]LogModuleManager: Shutting down and abandoning module AndroidDeviceDetection (173)
[2016.01.29-03.31.52:666][463]LogModuleManager: Shutting down and abandoning module AndroidPlatformEditor (172)
[2016.01.29-03.31.52:666][463]LogModuleManager: Shutting down and abandoning module IOSRuntimeSettings (171)
[2016.01.29-03.31.52:666][463]LogModuleManager: Shutting down and abandoning module AndroidRuntimeSettings (170)
[2016.01.29-03.31.52:666][463]LogModuleManager: Shutting down and abandoning module MergeActors (169)
[2016.01.29-03.31.52:666][463]LogModuleManager: Shutting down and abandoning module SizeMap (168)
[2016.01.29-03.31.52:666][463]LogModuleManager: Shutting down and abandoning module TreeMap (167)
[2016.01.29-03.31.52:666][463]LogModuleManager: Shutting down and abandoning module ReferenceViewer (166)
[2016.01.29-03.31.52:666][463]LogModuleManager: Shutting down and abandoning module LocalizationService (165)
[2016.01.29-03.31.52:666][463]LogModuleManager: Shutting down and abandoning module LocalizationDashboard (164)
[2016.01.29-03.31.52:666][463]LogModuleManager: Shutting down and abandoning module HardwareTargeting (163)
[2016.01.29-03.31.52:666][463]LogModuleManager: Shutting down and abandoning module DeviceProfileEditor (162)
[2016.01.29-03.31.52:666][463]LogModuleManager: Shutting down and abandoning module UndoHistory (161)
[2016.01.29-03.31.52:666][463]LogModuleManager: Shutting down and abandoning module GameplayTagsEditor (160)
[2016.01.29-03.31.52:666][463]LogModuleManager: Shutting down and abandoning module UserFeedback (159)
[2016.01.29-03.31.52:666][463]LogModuleManager: Shutting down and abandoning module XmlParser (158)
[2016.01.29-03.31.52:666][463]LogModuleManager: Shutting down and abandoning module Blutility (157)
[2016.01.29-03.31.52:666][463]LogModuleManager: Shutting down and abandoning module ProjectTargetPlatformEditor (156)
[2016.01.29-03.31.52:666][463]LogModuleManager: Shutting down and abandoning module ProjectSettingsViewer (155)
[2016.01.29-03.31.52:666][463]LogModuleManager: Shutting down and abandoning module InputBindingEditor (154)
[2016.01.29-03.31.52:666][463]LogModuleManager: Shutting down and abandoning module EditorSettingsViewer (153)
[2016.01.29-03.31.52:666][463]LogModuleManager: Shutting down and abandoning module SettingsEditor (152)
[2016.01.29-03.31.52:666][463]LogModuleManager: Shutting down and abandoning module ProjectLauncher (151)
[2016.01.29-03.31.52:666][463]LogModuleManager: Shutting down and abandoning module SessionFrontend (150)
[2016.01.29-03.31.52:666][463]LogModuleManager: Shutting down and abandoning module ProfilerClient (149)
[2016.01.29-03.31.52:666][463]LogModuleManager: Shutting down and abandoning module TargetDeviceServices (148)
[2016.01.29-03.31.52:666][463]LogModuleManager: Shutting down and abandoning module DeviceManager (147)
[2016.01.29-03.31.52:667][463]LogModuleManager: Shutting down and abandoning module AutomationController (146)
[2016.01.29-03.31.52:667][463]LogModuleManager: Shutting down and abandoning module AutomationWindow (145)
[2016.01.29-03.31.52:667][463]LogModuleManager: Shutting down and abandoning module Layers (144)
[2016.01.29-03.31.52:667][463]LogModuleManager: Shutting down and abandoning module ComponentVisualizers (143)
[2016.01.29-03.31.52:667][463]LogModuleManager: Shutting down and abandoning module DetailCustomizations (142)
[2016.01.29-03.31.52:667][463]LogModuleManager: Shutting down and abandoning module PackagesDialog (141)
[2016.01.29-03.31.52:667][463]LogModuleManager: Shutting down and abandoning module Persona (140)
[2016.01.29-03.31.52:667][463]LogModuleManager: Shutting down and abandoning module Kismet (139)
[2016.01.29-03.31.52:667][463]LogModuleManager: Shutting down and abandoning module GraphEditor (138)
[2016.01.29-03.31.52:667][463]LogModuleManager: Shutting down and abandoning module ClassViewer (137)
[2016.01.29-03.31.52:667][463]LogModuleManager: Shutting down and abandoning module Toolbox (136)
[2016.01.29-03.31.52:667][463]LogModuleManager: Shutting down and abandoning module ModuleUI (135)
[2016.01.29-03.31.52:667][463]LogModuleManager: Shutting down and abandoning module MovieSceneTools (134)
[2016.01.29-03.31.52:667][463]LogModuleManager: Shutting down and abandoning module OutputLog (133)
[2016.01.29-03.31.52:667][463]LogModuleManager: Shutting down and abandoning module GammaUI (132)
[2016.01.29-03.31.52:667][463]LogModuleManager: Shutting down and abandoning module Documentation (131)
[2016.01.29-03.31.52:667][463]LogModuleManager: Shutting down and abandoning module GameLiveStreaming (130)
[2016.01.29-03.31.52:667][463]LogModuleManager: Shutting down and abandoning module StreamingPauseRendering (129)
[2016.01.29-03.31.52:667][463]LogModuleManager: Shutting down and abandoning module AnalyticsET (128)
[2016.01.29-03.31.52:667][463]LogModuleManager: Shutting down and abandoning module Analytics (127)
[2016.01.29-03.31.52:667][463]LogModuleManager: Shutting down and abandoning module AITestSuite (126)
[2016.01.29-03.31.52:667][463]LogModuleManager: Shutting down and abandoning module GameplayDebugger (125)
[2016.01.29-03.31.52:667][463]LogModuleManager: Shutting down and abandoning module AIModule (124)
[2016.01.29-03.31.52:667][463]LogModuleManager: Shutting down and abandoning module ProfilerService (123)
[2016.01.29-03.31.52:771][463]LogModuleManager: Shutting down and abandoning module TaskGraph (122)
[2016.01.29-03.31.52:771][463]LogModuleManager: Shutting down and abandoning module LeapMotion (121)
[2016.01.29-03.31.52:793][463]LogModuleManager: Shutting down and abandoning module SlateRemote (120)
[2016.01.29-03.31.52:793][463]LogModuleManager: Shutting down and abandoning module SteamVRController (119)
[2016.01.29-03.31.52:793][463]LogModuleManager: Shutting down and abandoning module SteamVR (118)
[2016.01.29-03.31.52:793][463]LogModuleManager: Shutting down and abandoning module ProceduralMeshComponent (117)
[2016.01.29-03.31.52:793][463]LogModuleManager: Shutting down and abandoning module OculusRift (116)
[2016.01.29-03.31.52:793][463]LogModuleManager: Shutting down and abandoning module OculusLibrary (115)
[2016.01.29-03.31.52:793][463]LogModuleManager: Shutting down and abandoning module LeapMotionController (114)
[2016.01.29-03.31.52:822][463]LogModuleManager: Shutting down and abandoning module CustomMeshComponent (113)
[2016.01.29-03.31.52:822][463]LogModuleManager: Shutting down and abandoning module CableComponent (112)
[2016.01.29-03.31.52:822][463]LogModuleManager: Shutting down and abandoning module ArchVisCharacter (111)
[2016.01.29-03.31.52:822][463]LogModuleManager: Shutting down and abandoning module MessagingDebugger (110)
[2016.01.29-03.31.52:822][463]LogModuleManager: Shutting down and abandoning module MediaPlayerEditor (109)
[2016.01.29-03.31.52:822][463]LogModuleManager: Shutting down and abandoning module HTML5Networking (108)
[2016.01.29-03.31.52:822][463]LogModuleManager: Shutting down and abandoning module SpeedTreeImporter (107)
[2016.01.29-03.31.52:822][463]LogModuleManager: Shutting down and abandoning module PluginBrowser (106)
[2016.01.29-03.31.52:822][463]LogModuleManager: Shutting down and abandoning module EpicSurvey (105)
[2016.01.29-03.31.52:822][463]LogModuleManager: Shutting down and abandoning module DesktopPlatform (104)
[2016.01.29-03.31.52:822][463]LogModuleManager: Shutting down and abandoning module VisualStudioSourceCodeAccess (103)
[2016.01.29-03.31.52:822][463]LogModuleManager: Shutting down and abandoning module UObjectPlugin (102)
[2016.01.29-03.31.52:822][463]LogModuleManager: Shutting down and abandoning module SubversionSourceControl (101)
[2016.01.29-03.31.52:822][463]LogModuleManager: Shutting down and abandoning module PerforceSourceControl (100)
[2016.01.29-03.31.52:822][463]LogModuleManager: Shutting down and abandoning module SourceControl (99)
[2016.01.29-03.31.52:822][463]LogModuleManager: Shutting down and abandoning module GitSourceControl (98)
[2016.01.29-03.31.52:822][463]LogModuleManager: Shutting down and abandoning module LightPropagationVolumeEditor (97)
[2016.01.29-03.31.52:822][463]LogModuleManager: Shutting down and abandoning module PaperTiledImporter (96)
[2016.01.29-03.31.52:822][463]LogModuleManager: Shutting down and abandoning module PaperSpriteSheetImporter (95)
[2016.01.29-03.31.52:822][463]LogModuleManager: Shutting down and abandoning module MeshPaint (94)
[2016.01.29-03.31.52:822][463]LogModuleManager: Shutting down and abandoning module SlateReflector (93)
[2016.01.29-03.31.52:823][463]LogModuleManager: Shutting down and abandoning module HotReload (92)
[2016.01.29-03.31.52:823][463]LogModuleManager: Shutting down and abandoning module MainFrame (91)
[2016.01.29-03.31.52:823][463]LogModuleManager: Shutting down and abandoning module LevelEditor (90)
[2016.01.29-03.31.52:824][463]LogModuleManager: Shutting down and abandoning module DirectoryWatcher (89)
[2016.01.29-03.31.52:826][463]LogModuleManager: Shutting down and abandoning module AssetRegistry (88)
[2016.01.29-03.31.52:996][463]LogModuleManager: Shutting down and abandoning module ContentBrowser (87)
[2016.01.29-03.31.52:997][463]LogModuleManager: Shutting down and abandoning module Paper2DEditor (86)
[2016.01.29-03.31.52:997][463]LogModuleManager: Shutting down and abandoning module UdpMessaging (85)
[2016.01.29-03.31.53:097][463]LogModuleManager: Shutting down and abandoning module LightPropagationVolumeRuntime (84)
[2016.01.29-03.31.53:097][463]LogModuleManager: Shutting down and abandoning module Paper2D (83)
[2016.01.29-03.31.53:097][463]LogModuleManager: Shutting down and abandoning module WindowsMoviePlayer (82)
[2016.01.29-03.31.53:105][463]LogModuleManager: Shutting down and abandoning module Media (81)
[2016.01.29-03.31.53:105][463]LogModuleManager: Shutting down and abandoning module WmfMedia (80)
[2016.01.29-03.31.53:106][463]LogModuleManager: Shutting down and abandoning module OnlineBlueprintSupport (79)
[2016.01.29-03.31.53:106][463]LogModuleManager: Shutting down and abandoning module GameplayTasksEditor (78)
[2016.01.29-03.31.53:106][463]LogModuleManager: Shutting down and abandoning module PropertyEditor (77)
[2016.01.29-03.31.53:106][463]LogModuleManager: Shutting down and abandoning module BehaviorTreeEditor (76)
[2016.01.29-03.31.53:106][463]LogModuleManager: Shutting down and abandoning module FunctionalTesting (75)
[2016.01.29-03.31.53:106][463]LogModuleManager: Shutting down and abandoning module CollisionAnalyzer (74)
[2016.01.29-03.31.53:106][463]LogModuleManager: Shutting down and abandoning module WorkspaceMenuStructure (73)
[2016.01.29-03.31.53:106][463]LogModuleManager: Shutting down and abandoning module MessageLog (72)
[2016.01.29-03.31.53:106][463]LogModuleManager: Shutting down and abandoning module Sequencer (71)
[2016.01.29-03.31.53:106][463]LogModuleManager: Shutting down and abandoning module AssetTools (70)
[2016.01.29-03.31.53:106][463]LogModuleManager: Shutting down and abandoning module UMGEditor (69)
[2016.01.29-03.31.53:106][463]LogModuleManager: Shutting down and abandoning module UMG (68)
[2016.01.29-03.31.53:106][463]LogModuleManager: Shutting down and abandoning module Slate (67)
[2016.01.29-03.31.53:106][463]LogModuleManager: Shutting down and abandoning module EditorStyle (66)
[2016.01.29-03.31.53:110][463]LogModuleManager: Shutting down and abandoning module SessionServices (65)
[2016.01.29-03.31.53:110][463]LogModuleManager: Shutting down and abandoning module SourceCodeAccess (64)
[2016.01.29-03.31.53:110][463]LogModuleManager: Shutting down and abandoning module HeadMountedDisplay (63)
[2016.01.29-03.31.53:110][463]LogModuleManager: Shutting down and abandoning module XAudio2 (62)
[2016.01.29-03.31.53:110][463]LogModuleManager: Shutting down and abandoning module Networking (60)
[2016.01.29-03.31.53:110][463]LogModuleManager: Shutting down and abandoning module Core (59)
[2016.01.29-03.31.53:110][463]LogModuleManager: Shutting down and abandoning module KismetCompiler (58)
[2016.01.29-03.31.53:110][463]LogModuleManager: Shutting down and abandoning module PhysXFormats (57)
[2016.01.29-03.31.53:110][463]LogModuleManager: Shutting down and abandoning module MeshUtilities (56)
[2016.01.29-03.31.53:110][463]LogModuleManager: Shutting down and abandoning module CookingStats (55)
[2016.01.29-03.31.53:111][463]LogModuleManager: Shutting down and abandoning module DerivedDataCache (54)
[2016.01.29-03.31.53:519][463]LogDerivedDataCache: Shutdown
[2016.01.29-03.31.53:519][463]LogModuleManager: Shutting down and abandoning module ShaderFormatOpenGL (53)
[2016.01.29-03.31.53:519][463]LogModuleManager: Shutting down and abandoning module ShaderFormatD3D (52)
[2016.01.29-03.31.53:519][463]LogModuleManager: Shutting down and abandoning module MetalShaderFormat (51)
[2016.01.29-03.31.53:519][463]LogModuleManager: Shutting down and abandoning module TextureFormatUncompressed (50)
[2016.01.29-03.31.53:519][463]LogModuleManager: Shutting down and abandoning module TextureFormatPVR (49)
[2016.01.29-03.31.53:519][463]LogModuleManager: Shutting down and abandoning module TextureFormatIntelISPCTexComp (48)
[2016.01.29-03.31.53:519][463]LogModuleManager: Shutting down and abandoning module TextureFormatDXT (47)
[2016.01.29-03.31.53:519][463]LogModuleManager: Shutting down and abandoning module ImageWrapper (46)
[2016.01.29-03.31.53:519][463]LogModuleManager: Shutting down and abandoning module TextureFormatASTC (45)
[2016.01.29-03.31.53:519][463]LogModuleManager: Shutting down and abandoning module TextureFormatAndroid (44)
[2016.01.29-03.31.53:519][463]LogModuleManager: Shutting down and abandoning module AudioFormatOpus (43)
[2016.01.29-03.31.53:519][463]LogModuleManager: Shutting down and abandoning module AudioFormatOgg (42)
[2016.01.29-03.31.53:519][463]LogModuleManager: Shutting down and abandoning module AudioFormatADPCM (41)
[2016.01.29-03.31.53:519][463]LogModuleManager: Shutting down and abandoning module LinuxTargetPlatform (40)
[2016.01.29-03.31.53:519][463]LogModuleManager: Shutting down and abandoning module LinuxServerTargetPlatform (39)
[2016.01.29-03.31.53:519][463]LogModuleManager: Shutting down and abandoning module LinuxNoEditorTargetPlatform (38)
[2016.01.29-03.31.53:519][463]LogModuleManager: Shutting down and abandoning module Messaging (37)
[2016.01.29-03.31.53:519][463]LogModuleManager: Shutting down and abandoning module IOSTargetPlatform (36)
[2016.01.29-03.31.53:519][463]LogModuleManager: Shutting down and abandoning module HTML5TargetPlatform (35)
[2016.01.29-03.31.53:519][463]LogModuleManager: Shutting down and abandoning module Android_PVRTCTargetPlatform (34)
[2016.01.29-03.31.53:519][463]LogModuleManager: Shutting down and abandoning module Android_ETC2TargetPlatform (33)
[2016.01.29-03.31.53:519][463]LogModuleManager: Shutting down and abandoning module Android_ETC1TargetPlatform (32)
[2016.01.29-03.31.53:520][463]LogModuleManager: Shutting down and abandoning module Android_DXTTargetPlatform (31)
[2016.01.29-03.31.53:520][463]LogModuleManager: Shutting down and abandoning module Android_ATCTargetPlatform (30)
[2016.01.29-03.31.53:520][463]LogModuleManager: Shutting down and abandoning module Android_ASTCTargetPlatform (29)
[2016.01.29-03.31.53:520][463]LogModuleManager: Shutting down and abandoning module AndroidTargetPlatform (28)
[2016.01.29-03.31.53:520][463]LogModuleManager: Shutting down and abandoning module WindowsTargetPlatform (27)
[2016.01.29-03.31.53:520][463]LogModuleManager: Shutting down and abandoning module WindowsServerTargetPlatform (26)
[2016.01.29-03.31.53:520][463]LogModuleManager: Shutting down and abandoning module WindowsNoEditorTargetPlatform (25)
[2016.01.29-03.31.53:520][463]LogModuleManager: Shutting down and abandoning module WindowsClientTargetPlatform (24)
[2016.01.29-03.31.53:520][463]LogModuleManager: Shutting down and abandoning module AllDesktopTargetPlatform (23)
[2016.01.29-03.31.53:520][463]LogModuleManager: Shutting down and abandoning module TargetPlatform (22)
[2016.01.29-03.31.53:520][463]LogModuleManager: Shutting down and abandoning module InputCore (21)
[2016.01.29-03.31.53:520][463]LogModuleManager: Shutting down and abandoning module Settings (20)
[2016.01.29-03.31.53:520][463]LogModuleManager: Shutting down and abandoning module OnlineSubsystem (18)
[2016.01.29-03.31.53:520][463]LogModuleManager: Shutting down and abandoning module HTTP (17)
[2016.01.29-03.31.55:537][463]LogModuleManager: Shutting down and abandoning module XMPP (16)
[2016.01.29-03.31.55:537][463]LogModuleManager: Shutting down and abandoning module ExampleDeviceProfileSelector (15)
[2016.01.29-03.31.55:537][463]LogModuleManager: Shutting down and abandoning module TextureCompressor (14)
[2016.01.29-03.31.55:538][463]LogModuleManager: Shutting down and abandoning module ShaderCore (13)
[2016.01.29-03.31.55:538][463]LogModuleManager: Shutting down and abandoning module Landscape (12)
[2016.01.29-03.31.55:538][463]LogModuleManager: Shutting down and abandoning module SlateRHIRenderer (11)
[2016.01.29-03.31.55:541][463]LogModuleManager: Shutting down and abandoning module OpenGLDrv (10)
[2016.01.29-03.31.55:541][463]LogModuleManager: Shutting down and abandoning module D3D11RHI (9)
[2016.01.29-03.31.55:541][463]LogModuleManager: Shutting down and abandoning module AnimGraphRuntime (8)
[2016.01.29-03.31.55:541][463]LogModuleManager: Shutting down and abandoning module Renderer (7)
[2016.01.29-03.31.55:541][463]LogModuleManager: Shutting down and abandoning module Engine (6)
[2016.01.29-03.31.55:541][463]LogModuleManager: Shutting down and abandoning module CoreUObject (5)
[2016.01.29-03.31.55:541][463]LogModuleManager: Shutting down and abandoning module NetworkFile (4)
[2016.01.29-03.31.55:541][463]LogModuleManager: Shutting down and abandoning module StreamingFile (3)
[2016.01.29-03.31.55:541][463]LogModuleManager: Shutting down and abandoning module SandboxFile (2)
[2016.01.29-03.31.55:541][463]LogModuleManager: Shutting down and abandoning module PakFile (1)
[2016.01.29-03.31.55:541][463]LogExit: Exiting.
[2016.01.29-03.31.55:545][463]Log file closed, 01/29/16 00:31:55
