[2016.01.14-03.28.37:358][  0]Log file open, 01/14/16 00:28:37
[2016.01.14-03.28.37:358][  0]LogInit:Display: Running engine for game: BotonLuz
[2016.01.14-03.28.37:358][  0]LogInit:Display: RandInit(1255356592) SRandInit(1255356593).
[2016.01.14-03.28.37:358][  0]LogTaskGraph: Started task graph with 4 named threads and 5 total threads.
[2016.01.14-03.28.37:358][  0]LogStats: Stats thread started at 0.127403
[2016.01.14-03.28.37:358][  0]LogInit: Version: 4.9.2-2707645+++depot+UE4-Releases+4.9
[2016.01.14-03.28.37:358][  0]LogInit: API Version: 2672455
[2016.01.14-03.28.37:358][  0]LogInit: Compiled (64-bit): Sep 28 2015 10:25:44
[2016.01.14-03.28.37:358][  0]LogInit: Compiled with Visual C++: 18.00.21005.01
[2016.01.14-03.28.37:358][  0]LogInit: Build Configuration: Development
[2016.01.14-03.28.37:358][  0]LogInit: Branch Name: ++depot+UE4-Releases+4.9
[2016.01.14-03.28.37:359][  0]LogInit: Command line:  /Temp/Autosaves/Game/UEDPCInicio -game -PIEVIACONSOLE -ResX=1280 -ResY=720  -Multiprocess 
[2016.01.14-03.28.37:359][  0]LogInit: Base directory: C:/Program Files/Epic Games/4.9/Engine/Binaries/Win64/
[2016.01.14-03.28.37:359][  0]LogInit: Rocket: 1
[2016.01.14-03.28.37:383][  0]LogInit: Using libcurl 7.41.0
[2016.01.14-03.28.37:383][  0]LogInit:  - built for x86_64-pc-win32
[2016.01.14-03.28.37:383][  0]LogInit:  - supports SSL with WinSSL
[2016.01.14-03.28.37:383][  0]LogInit:  - other features:
[2016.01.14-03.28.37:383][  0]LogInit:      CURL_VERSION_SSL
[2016.01.14-03.28.37:383][  0]LogInit:      CURL_VERSION_IPV6
[2016.01.14-03.28.37:383][  0]LogInit:      CURL_VERSION_ASYNCHDNS
[2016.01.14-03.28.37:383][  0]LogInit:      CURL_VERSION_LARGEFILE
[2016.01.14-03.28.37:383][  0]LogInit:      CURL_VERSION_IDN
[2016.01.14-03.28.37:383][  0]LogInit:  CurlRequestOptions (configurable via config and command line):
[2016.01.14-03.28.37:383][  0]LogInit:  - bVerifyPeer = true  - Libcurl will verify peer certificate
[2016.01.14-03.28.37:383][  0]LogInit:  - bUseHttpProxy = false  - Libcurl will NOT use HTTP proxy
[2016.01.14-03.28.37:383][  0]LogInit:  - bDontReuseConnections = false  - Libcurl will reuse connections
[2016.01.14-03.28.37:383][  0]LogInit:  - CertBundlePath = nullptr  - Libcurl will use whatever was configured at build time.
[2016.01.14-03.28.37:397][  0]LogInit: Presizing for 0 objects not considered by GC, pre-allocating 0 bytes.
[2016.01.14-03.28.37:411][  0]LogInit: Object subsystem initialized
[2016.01.14-03.28.37:426][  0]LogInit: Selected Device Profile: [Windows]
[2016.01.14-03.28.37:426][  0]LogInit: Applying CVar settings loaded from the selected device profile: [Windows]
[2016.01.14-03.28.37:432][  0]LogInit: Computer: TONGA-PC
[2016.01.14-03.28.37:433][  0]LogInit: User: Tonga
[2016.01.14-03.28.37:433][  0]LogInit: CPU Page size=4096, Cores=2
[2016.01.14-03.28.37:433][  0]LogInit: High frequency timer resolution =3.021894 MHz
[2016.01.14-03.28.37:433][  0]LogMemory: Memory total: Physical=7.9GB (8GB approx)
[2016.01.14-03.28.37:433][  0]LogMemory: Platform Memory Stats for Windows
[2016.01.14-03.28.37:433][  0]LogMemory: Process Physical Memory: 54.02 MB used, 54.02 MB peak
[2016.01.14-03.28.37:433][  0]LogMemory: Process Virtual Memory: 58.57 MB used, 58.57 MB peak
[2016.01.14-03.28.37:433][  0]LogMemory: Physical Memory: 6278.04 MB used, 8132.66 MB total
[2016.01.14-03.28.37:433][  0]LogMemory: Virtual Memory: 341.80 MB used, 8388608.00 MB total
[2016.01.14-03.28.38:688][  0]LogD3D11RHI: Found D3D11 adapter 0: NVIDIA GeForce GTX 750 Ti (Feature Level 11_0)
[2016.01.14-03.28.38:688][  0]LogD3D11RHI: Adapter has 1993MB of dedicated video memory, 0MB of dedicated system memory, and 2048MB of shared system memory, 1 output[s]
[2016.01.14-03.28.38:688][  0]LogD3D11RHI: Chosen D3D11 Adapter Id = 0
[2016.01.14-03.28.38:701][  0]LogD3D11RHI: !Direct3DDevice
[2016.01.14-03.28.38:702][  0]LogRHI: Texture pool is 1361 MB (70% of 1945 MB)
[2016.01.14-03.28.38:724][  0]LogD3D11RHI: Async texture creation enabled
[2016.01.14-03.28.38:742][  0]LogShaderCompilers: Guid format shader working directory is 15 characters bigger than the processId version (../../../../../../Users/Tonga/Documents/Facultad/Tesis/Repositorio/proygrad_fing/BotonLuz/Intermediate/Shaders/WorkingDirectory/8648/).
[2016.01.14-03.28.38:742][  0]LogShaderCompilers: Cleaned the shader compiler working directory '../../../../../../Users/Tonga/Documents/Facultad/Tesis/Repositorio/proygrad_fing/BotonLuz/Intermediate/Shaders/tmp/D57CE8EC46EEA6E8953C5D8F848AD4D1/'.
[2016.01.14-03.28.38:742][  0]LogShaderCompilers:Display: Using Local Shader Compiler.
[2016.01.14-03.28.41:514][  0]LogTemp:Display: Loaded TP AllDesktopTargetPlatform
[2016.01.14-03.28.41:527][  0]LogTemp:Display: Loaded TP WindowsClientTargetPlatform
[2016.01.14-03.28.41:540][  0]LogTemp:Display: Loaded TP WindowsNoEditorTargetPlatform
[2016.01.14-03.28.41:556][  0]LogTemp:Display: Loaded TP WindowsServerTargetPlatform
[2016.01.14-03.28.41:571][  0]LogTemp:Display: Loaded TP WindowsTargetPlatform
[2016.01.14-03.28.41:581][  0]LogTemp:Display: Loaded TP AndroidTargetPlatform
[2016.01.14-03.28.41:590][  0]LogTemp:Display: Loaded TP Android_ASTCTargetPlatform
[2016.01.14-03.28.41:607][  0]LogTemp:Display: Loaded TP Android_ATCTargetPlatform
[2016.01.14-03.28.41:618][  0]LogTemp:Display: Loaded TP Android_DXTTargetPlatform
[2016.01.14-03.28.41:629][  0]LogTemp:Display: Loaded TP Android_ETC1TargetPlatform
[2016.01.14-03.28.41:640][  0]LogTemp:Display: Loaded TP Android_ETC2TargetPlatform
[2016.01.14-03.28.41:652][  0]LogTemp:Display: Loaded TP Android_PVRTCTargetPlatform
[2016.01.14-03.28.41:655][  0]LogTemp:Display: Loaded TP HTML5TargetPlatform
[2016.01.14-03.28.41:683][  0]LogTemp:Display: Loaded TP IOSTargetPlatform
[2016.01.14-03.28.41:691][  0]LogTemp:Display: Loaded TP LinuxNoEditorTargetPlatform
[2016.01.14-03.28.41:720][  0]LogTemp:Display: Loaded TP LinuxServerTargetPlatform
[2016.01.14-03.28.41:730][  0]LogTemp:Display: Loaded TP LinuxTargetPlatform
[2016.01.14-03.28.41:730][  0]LogTargetPlatformManager:Display: Building Assets For Windows
[2016.01.14-03.28.41:960][  0]LogDerivedDataCache:Display: Max Cache Size: 512 MB
[2016.01.14-03.28.42:462][  0]LogDerivedDataCache: Loaded boot cache 0.50s 41MB C:/Users/Tonga/AppData/Local/UnrealEngine/4.9/DerivedDataCache/Boot.ddc.
[2016.01.14-03.28.42:462][  0]LogDerivedDataCache:Display: Loaded Boot cache: C:/Users/Tonga/AppData/Local/UnrealEngine/4.9/DerivedDataCache/Boot.ddc
[2016.01.14-03.28.42:463][  0]LogDerivedDataCache: FDerivedDataBackendGraph:  Pak pak cache file ../../../../../../Users/Tonga/Documents/Facultad/Tesis/Repositorio/proygrad_fing/BotonLuz/DerivedDataCache/DDC.ddp not found, will not use a pak cache.
[2016.01.14-03.28.42:463][  0]LogDerivedDataCache: Unable to find inner node Pak for hierarchical cache Hierarchy.
[2016.01.14-03.28.42:463][  0]LogDerivedDataCache: FDerivedDataBackendGraph:  CompressedPak pak cache file ../../../../../../Users/Tonga/Documents/Facultad/Tesis/Repositorio/proygrad_fing/BotonLuz/DerivedDataCache/Compressed.ddp not found, will not use a pak cache.
[2016.01.14-03.28.42:463][  0]LogDerivedDataCache: Unable to find inner node CompressedPak for hierarchical cache Hierarchy.
[2016.01.14-03.28.42:666][  0]LogDerivedDataCache:Display: Pak cache opened for reading ../../../Engine/DerivedDataCache/Compressed.ddp.
[2016.01.14-03.28.42:678][  0]LogDerivedDataCache: Using Local data cache path C:/Users/Tonga/AppData/Local/UnrealEngine/Common/DerivedDataCache: Writable
[2016.01.14-03.28.43:629][  0]LogInit: Selected Device Profile: [Windows]
[2016.01.14-03.28.43:629][  0]LogContentStreaming: Texture pool size is 1000.000000MB
[2016.01.14-03.28.43:658][  0]LogMeshUtilities: No automatic mesh reduction module available
[2016.01.14-03.28.43:658][  0]LogMeshUtilities: No automatic mesh merging module available
[2016.01.14-03.28.44:267][  0]LogInit: WinSock: version 1.1 (2.2), MaxSocks=32767, MaxUdp=65467
[2016.01.14-03.28.44:928][  0]LogWindowsMoviePlayer: Unable to load movie: ../../../../../../Users/Tonga/Documents/Facultad/Tesis/Repositorio/proygrad_fing/BotonLuz/Content/Movies/Default_Startup.mp4
[2016.01.14-03.28.45:169][  0]SourceControl: Info Source control is disabled
[2016.01.14-03.28.45:169][  0]SourceControl: Info Source control is disabled
[2016.01.14-03.28.45:193][  0]SourceControl: Info Source control is disabled
[2016.01.14-03.28.45:379][  0]LogLinker:Warning: Asset '../../../Engine/Plugins/Runtime/LeapMotionController/Content/LM_PassthroughMaterial.uasset' has been saved with empty engine version. The asset will be loaded but may be incompatible.
[2016.01.14-03.28.45:547][  0]LogObj: 27669 objects as part of root set at end of initial load.
[2016.01.14-03.28.45:547][  0]LogUObjectAllocator: 5775704 out of 0 bytes used by permanent object pool.
[2016.01.14-03.28.45:686][  0]LogEngine: Initializing Engine...
[2016.01.14-03.28.45:690][  0]OCULUS: Info: 01/14/16 03:28:45: [CAPI] LibOVR module is located at C:\Windows\system32\LibOVRRT64_0_7.dll

[2016.01.14-03.28.46:192][  0]OCULUS: Error: 01/14/16 03:28:46: [CAPI] ovr_Create failed to complete within the timeout period.
[2016.01.14-03.28.46:195][  0]LogHMD: SteamVR failed to initialize.  Err: 110
[2016.01.14-03.28.46:374][  0]LogInit: XAudio2 using 'Altavoces (Realtek High Definition Audio)' : 2 channels at 48 kHz using 32 bits per sample (channel mask 0x3)
[2016.01.14-03.28.46:421][  0]LogInit: FAudioDevice initialized.
[2016.01.14-03.28.46:433][  0]LogInit: Texture streaming: Enabled
[2016.01.14-03.28.46:639][  0]LogNet: Browse: /Temp/Autosaves/Game/UEDPCInicio?Name=Player
[2016.01.14-03.28.46:640][  0]LogLoad: LoadMap: /Temp/Autosaves/Game/UEDPCInicio?Name=Player
[2016.01.14-03.28.46:676][  0]LogParticles: Destroying 0 GPU particle simulations for FXSystem 0x0000000012ABF560
[2016.01.14-03.28.46:699][  0]LogMemory: Platform Memory Stats for Windows
[2016.01.14-03.28.46:699][  0]LogMemory: Process Physical Memory: 371.14 MB used, 371.14 MB peak
[2016.01.14-03.28.46:699][  0]LogMemory: Process Virtual Memory: 419.09 MB used, 447.15 MB peak
[2016.01.14-03.28.46:699][  0]LogMemory: Physical Memory: 6557.10 MB used, 8132.66 MB total
[2016.01.14-03.28.46:699][  0]LogMemory: Virtual Memory: 945.25 MB used, 8388608.00 MB total
[2016.01.14-03.28.46:699][  0]LogMemory: 
[2016.01.14-03.28.46:699][  0]Allocator Stats for TBB: (not implemented)
[2016.01.14-03.28.47:187][  0]LogAIModule: Creating AISystem for world Inicio
[2016.01.14-03.28.47:188][  0]LogWorld: Game class is 'GameMode'
[2016.01.14-03.28.47:203][  0]LogWorld: Bringing World /Temp/Autosaves/Game/UEDPCInicio.Inicio up for play (max tick rate 0) at 2016.01.14-00.28.47
[2016.01.14-03.28.47:204][  0]LogWorld: Bringing up level for play took: 0.002436
[2016.01.14-03.28.47:397][  0]LogInit:Display: Game Engine Initialized.
[2016.01.14-03.28.47:641][  0]LogLoad: Full Startup: 10.94 seconds (BP compile: 0.20 seconds)
[2016.01.14-03.28.47:798][  2]LogRenderer: Reallocating scene render targets to support 1280x720 (Frame:2).
[2016.01.14-03.29.10:334][366]LogRenderer: Reallocating scene render targets to support 1920x1020 (Frame:1369).
[2016.01.14-03.29.19:944][958]PIE:Warning: Warning Mobility of PointLight_0 : LightComponent0 has to be 'Movable' if you'd like to Mobility of {0} : {1} has to be 'Movable' if you'd like to {2}. . 
[2016.01.14-03.29.21:444][ 51]PIE:Warning: Warning Mobility of PointLight_1 : LightComponent0 has to be 'Movable' if you'd like to Mobility of {0} : {1} has to be 'Movable' if you'd like to {2}. . 
[2016.01.14-03.29.21:686][ 66]PIE:Warning: Warning Mobility of PointLight_2 : LightComponent0 has to be 'Movable' if you'd like to Mobility of {0} : {1} has to be 'Movable' if you'd like to {2}. . 
[2016.01.14-03.29.21:895][ 79]PIE:Warning: Warning Mobility of PointLight_3 : LightComponent0 has to be 'Movable' if you'd like to Mobility of {0} : {1} has to be 'Movable' if you'd like to {2}. . 
[2016.01.14-03.29.22:008][ 86]PIE:Warning: Warning Mobility of PointLight_4 : LightComponent0 has to be 'Movable' if you'd like to Mobility of {0} : {1} has to be 'Movable' if you'd like to {2}. . 
[2016.01.14-03.29.24:349][231]PIE:Warning: Warning Mobility of PointLight_5 : LightComponent0 has to be 'Movable' if you'd like to Mobility of {0} : {1} has to be 'Movable' if you'd like to {2}. . 
[2016.01.14-03.29.24:736][255]PIE:Warning: Warning Mobility of PointLight_6 : LightComponent0 has to be 'Movable' if you'd like to Mobility of {0} : {1} has to be 'Movable' if you'd like to {2}. . 
[2016.01.14-03.29.24:866][263]PIE:Warning: Warning Mobility of PointLight_7 : LightComponent0 has to be 'Movable' if you'd like to Mobility of {0} : {1} has to be 'Movable' if you'd like to {2}. . 
[2016.01.14-03.29.25:027][273]PIE:Warning: Warning Mobility of PointLight_8 : LightComponent0 has to be 'Movable' if you'd like to Mobility of {0} : {1} has to be 'Movable' if you'd like to {2}. . 
[2016.01.14-03.29.25:157][281]PIE:Warning: Warning Mobility of PointLight_9 : LightComponent0 has to be 'Movable' if you'd like to Mobility of {0} : {1} has to be 'Movable' if you'd like to {2}. . 
[2016.01.14-03.29.28:407][453]PIE:Warning: Warning Mobility of PointLight_10 : LightComponent0 has to be 'Movable' if you'd like to Mobility of {0} : {1} has to be 'Movable' if you'd like to {2}. . 
[2016.01.14-03.29.28:546][460]PIE:Warning: Warning Mobility of PointLight_11 : LightComponent0 has to be 'Movable' if you'd like to Mobility of {0} : {1} has to be 'Movable' if you'd like to {2}. . 
[2016.01.14-03.29.28:687][467]PIE:Warning: Warning Mobility of PointLight_12 : LightComponent0 has to be 'Movable' if you'd like to Mobility of {0} : {1} has to be 'Movable' if you'd like to {2}. . 
[2016.01.14-03.29.28:836][474]PIE:Warning: Warning Mobility of PointLight_13 : LightComponent0 has to be 'Movable' if you'd like to Mobility of {0} : {1} has to be 'Movable' if you'd like to {2}. . 
[2016.01.14-03.29.31:789][606]PIE:Warning: Warning Mobility of PointLight_14 : LightComponent0 has to be 'Movable' if you'd like to Mobility of {0} : {1} has to be 'Movable' if you'd like to {2}. . 
[2016.01.14-03.29.31:928][612]PIE:Warning: Warning Mobility of PointLight_15 : LightComponent0 has to be 'Movable' if you'd like to Mobility of {0} : {1} has to be 'Movable' if you'd like to {2}. . 
[2016.01.14-03.29.33:945][696]PIE:Warning: Warning Mobility of PointLight_16 : LightComponent0 has to be 'Movable' if you'd like to Mobility of {0} : {1} has to be 'Movable' if you'd like to {2}. . 
[2016.01.14-03.29.34:640][724]PIE:Warning: Warning Mobility of PointLight_17 : LightComponent0 has to be 'Movable' if you'd like to Mobility of {0} : {1} has to be 'Movable' if you'd like to {2}. . 
[2016.01.14-03.29.52:070][399]PIE:Warning: Warning Mobility of PointLight_18 : LightComponent0 has to be 'Movable' if you'd like to Mobility of {0} : {1} has to be 'Movable' if you'd like to {2}. . 
[2016.01.14-03.29.52:228][405]PIE:Warning: Warning Mobility of PointLight_19 : LightComponent0 has to be 'Movable' if you'd like to Mobility of {0} : {1} has to be 'Movable' if you'd like to {2}. . 
[2016.01.14-03.29.52:365][410]PIE:Warning: Warning Mobility of PointLight_20 : LightComponent0 has to be 'Movable' if you'd like to Mobility of {0} : {1} has to be 'Movable' if you'd like to {2}. . 
[2016.01.14-03.29.52:509][415]PIE:Warning: Warning Mobility of PointLight_21 : LightComponent0 has to be 'Movable' if you'd like to Mobility of {0} : {1} has to be 'Movable' if you'd like to {2}. . 
[2016.01.14-03.29.52:650][420]PIE:Warning: Warning Mobility of PointLight_22 : LightComponent0 has to be 'Movable' if you'd like to Mobility of {0} : {1} has to be 'Movable' if you'd like to {2}. . 
[2016.01.14-03.29.52:798][425]PIE:Warning: Warning Mobility of PointLight_23 : LightComponent0 has to be 'Movable' if you'd like to Mobility of {0} : {1} has to be 'Movable' if you'd like to {2}. . 
[2016.01.14-03.29.52:953][430]PIE:Warning: Warning Mobility of PointLight_24 : LightComponent0 has to be 'Movable' if you'd like to Mobility of {0} : {1} has to be 'Movable' if you'd like to {2}. . 
[2016.01.14-03.29.53:078][434]PIE:Warning: Warning Mobility of PointLight_25 : LightComponent0 has to be 'Movable' if you'd like to Mobility of {0} : {1} has to be 'Movable' if you'd like to {2}. . 
[2016.01.14-03.29.53:240][439]PIE:Warning: Warning Mobility of PointLight_26 : LightComponent0 has to be 'Movable' if you'd like to Mobility of {0} : {1} has to be 'Movable' if you'd like to {2}. . 
[2016.01.14-03.29.53:372][443]PIE:Warning: Warning Mobility of PointLight_27 : LightComponent0 has to be 'Movable' if you'd like to Mobility of {0} : {1} has to be 'Movable' if you'd like to {2}. . 
[2016.01.14-03.29.53:510][447]PIE:Warning: Warning Mobility of PointLight_28 : LightComponent0 has to be 'Movable' if you'd like to Mobility of {0} : {1} has to be 'Movable' if you'd like to {2}. . 
[2016.01.14-03.29.53:648][451]PIE:Warning: Warning Mobility of PointLight_29 : LightComponent0 has to be 'Movable' if you'd like to Mobility of {0} : {1} has to be 'Movable' if you'd like to {2}. . 
[2016.01.14-03.29.53:790][455]PIE:Warning: Warning Mobility of PointLight_30 : LightComponent0 has to be 'Movable' if you'd like to Mobility of {0} : {1} has to be 'Movable' if you'd like to {2}. . 
[2016.01.14-03.29.53:901][458]PIE:Warning: Warning Mobility of PointLight_31 : LightComponent0 has to be 'Movable' if you'd like to Mobility of {0} : {1} has to be 'Movable' if you'd like to {2}. . 
[2016.01.14-03.29.54:049][462]PIE:Warning: Warning Mobility of PointLight_32 : LightComponent0 has to be 'Movable' if you'd like to Mobility of {0} : {1} has to be 'Movable' if you'd like to {2}. . 
[2016.01.14-03.29.54:204][466]PIE:Warning: Warning Mobility of PointLight_33 : LightComponent0 has to be 'Movable' if you'd like to Mobility of {0} : {1} has to be 'Movable' if you'd like to {2}. . 
[2016.01.14-03.29.54:359][470]PIE:Warning: Warning Mobility of PointLight_34 : LightComponent0 has to be 'Movable' if you'd like to Mobility of {0} : {1} has to be 'Movable' if you'd like to {2}. . 
[2016.01.14-03.29.54:520][474]PIE:Warning: Warning Mobility of PointLight_35 : LightComponent0 has to be 'Movable' if you'd like to Mobility of {0} : {1} has to be 'Movable' if you'd like to {2}. . 
[2016.01.14-03.31.00:003][203]LogEngine: All Windows Closed
[2016.01.14-03.31.00:003][203]LogWindows: FPlatformMisc::RequestExit(0)
[2016.01.14-03.31.00:258][204]LogExit: Preparing to exit.
[2016.01.14-03.31.00:607][204]LogExit: Game engine shut down
[2016.01.14-03.31.00:641][204]LogParticles: Destroying 0 GPU particle simulations for FXSystem 0x0000000010525760
[2016.01.14-03.31.01:302][204]LogExit: Object subsystem successfully closed.
[2016.01.14-03.31.01:445][204]LogD3D11RHI: Shutdown
[2016.01.14-03.31.01:445][204]LogD3D11RHI: CleanupD3DDevice
[2016.01.14-03.31.01:581][204]LogD3D11RHI: ~FD3D11DynamicRHI
[2016.01.14-03.31.01:750][204]LogModuleManager: Shutting down and abandoning module AndroidDeviceDetection (115)
[2016.01.14-03.31.02:685][204]LogModuleManager: Shutting down and abandoning module AutomationController (114)
[2016.01.14-03.31.02:693][204]LogModuleManager: Shutting down and abandoning module AutomationWorker (113)
[2016.01.14-03.31.02:698][204]LogModuleManager: Shutting down and abandoning module CharacterAI (112)
[2016.01.14-03.31.02:698][204]LogModuleManager: Shutting down and abandoning module AITestSuite (111)
[2016.01.14-03.31.02:698][204]LogModuleManager: Shutting down and abandoning module GameplayDebugger (110)
[2016.01.14-03.31.02:698][204]LogModuleManager: Shutting down and abandoning module AIModule (109)
[2016.01.14-03.31.02:698][204]LogModuleManager: Shutting down and abandoning module GameLiveStreaming (108)
[2016.01.14-03.31.02:698][204]LogModuleManager: Shutting down and abandoning module StreamingPauseRendering (107)
[2016.01.14-03.31.02:698][204]LogModuleManager: Shutting down and abandoning module ProfilerService (106)
[2016.01.14-03.31.02:726][204]LogModuleManager: Shutting down and abandoning module TaskGraph (105)
[2016.01.14-03.31.02:748][204]LogModuleManager: Shutting down and abandoning module SlateRemote (104)
[2016.01.14-03.31.02:756][204]LogModuleManager: Shutting down and abandoning module SteamVRController (103)
[2016.01.14-03.31.02:756][204]LogModuleManager: Shutting down and abandoning module SteamVR (102)
[2016.01.14-03.31.02:756][204]LogModuleManager: Shutting down and abandoning module ProceduralMeshComponent (101)
[2016.01.14-03.31.02:756][204]LogModuleManager: Shutting down and abandoning module OculusRift (100)
[2016.01.14-03.31.02:756][204]LogModuleManager: Shutting down and abandoning module OculusLibrary (99)
[2016.01.14-03.31.02:756][204]LogModuleManager: Shutting down and abandoning module LeapMotionController (98)
[2016.01.14-03.31.02:798][204]LogModuleManager: Shutting down and abandoning module CustomMeshComponent (97)
[2016.01.14-03.31.02:806][204]LogModuleManager: Shutting down and abandoning module CableComponent (96)
[2016.01.14-03.31.02:806][204]LogModuleManager: Shutting down and abandoning module ArchVisCharacter (95)
[2016.01.14-03.31.02:806][204]LogModuleManager: Shutting down and abandoning module HTML5Networking (94)
[2016.01.14-03.31.02:806][204]LogModuleManager: Shutting down and abandoning module DesktopPlatform (93)
[2016.01.14-03.31.02:806][204]LogModuleManager: Shutting down and abandoning module DirectoryWatcher (92)
[2016.01.14-03.31.02:806][204]LogModuleManager: Shutting down and abandoning module HotReload (91)
[2016.01.14-03.31.02:807][204]LogModuleManager: Shutting down and abandoning module VisualStudioSourceCodeAccess (90)
[2016.01.14-03.31.02:807][204]LogModuleManager: Shutting down and abandoning module UObjectPlugin (89)
[2016.01.14-03.31.02:807][204]LogModuleManager: Shutting down and abandoning module SubversionSourceControl (88)
[2016.01.14-03.31.02:807][204]LogModuleManager: Shutting down and abandoning module SourceControl (87)
[2016.01.14-03.31.02:811][204]LogModuleManager: Shutting down and abandoning module PerforceSourceControl (86)
[2016.01.14-03.31.02:820][204]LogModuleManager: Shutting down and abandoning module UdpMessaging (85)
[2016.01.14-03.31.02:820][204]LogModuleManager: Shutting down and abandoning module LightPropagationVolumeRuntime (84)
[2016.01.14-03.31.02:820][204]LogModuleManager: Shutting down and abandoning module Paper2D (83)
[2016.01.14-03.31.02:828][204]LogModuleManager: Shutting down and abandoning module WindowsMoviePlayer (82)
[2016.01.14-03.31.02:832][204]LogModuleManager: Shutting down and abandoning module Media (81)
[2016.01.14-03.31.02:832][204]LogModuleManager: Shutting down and abandoning module WmfMedia (80)
[2016.01.14-03.31.02:832][204]LogModuleManager: Shutting down and abandoning module OnlineBlueprintSupport (79)
[2016.01.14-03.31.02:832][204]LogModuleManager: Shutting down and abandoning module GameplayTasksEditor (78)
[2016.01.14-03.31.02:832][204]LogModuleManager: Shutting down and abandoning module PropertyEditor (77)
[2016.01.14-03.31.02:832][204]LogModuleManager: Shutting down and abandoning module BehaviorTreeEditor (76)
[2016.01.14-03.31.02:840][204]LogModuleManager: Shutting down and abandoning module FunctionalTesting (75)
[2016.01.14-03.31.02:840][204]LogModuleManager: Shutting down and abandoning module CollisionAnalyzer (74)
[2016.01.14-03.31.02:851][204]LogModuleManager: Shutting down and abandoning module WorkspaceMenuStructure (73)
[2016.01.14-03.31.02:851][204]LogModuleManager: Shutting down and abandoning module MessageLog (72)
[2016.01.14-03.31.02:851][204]LogModuleManager: Shutting down and abandoning module Sequencer (71)
[2016.01.14-03.31.02:851][204]LogModuleManager: Shutting down and abandoning module AssetTools (70)
[2016.01.14-03.31.02:862][204]LogModuleManager: Shutting down and abandoning module UMGEditor (69)
[2016.01.14-03.31.02:862][204]LogModuleManager: Shutting down and abandoning module UMG (68)
[2016.01.14-03.31.02:862][204]LogModuleManager: Shutting down and abandoning module Slate (67)
[2016.01.14-03.31.02:862][204]LogModuleManager: Shutting down and abandoning module EditorStyle (66)
[2016.01.14-03.31.02:865][204]LogModuleManager: Shutting down and abandoning module SessionServices (65)
[2016.01.14-03.31.02:865][204]LogModuleManager: Shutting down and abandoning module SourceCodeAccess (64)
[2016.01.14-03.31.02:865][204]LogModuleManager: Shutting down and abandoning module HeadMountedDisplay (63)
[2016.01.14-03.31.02:865][204]LogModuleManager: Shutting down and abandoning module XAudio2 (62)
[2016.01.14-03.31.02:865][204]LogModuleManager: Shutting down and abandoning module Networking (60)
[2016.01.14-03.31.02:865][204]LogModuleManager: Shutting down and abandoning module Core (59)
[2016.01.14-03.31.02:865][204]LogModuleManager: Shutting down and abandoning module KismetCompiler (58)
[2016.01.14-03.31.02:865][204]LogModuleManager: Shutting down and abandoning module PhysXFormats (57)
[2016.01.14-03.31.02:865][204]LogModuleManager: Shutting down and abandoning module MeshUtilities (56)
[2016.01.14-03.31.02:868][204]LogModuleManager: Shutting down and abandoning module CookingStats (55)
[2016.01.14-03.31.02:869][204]LogModuleManager: Shutting down and abandoning module DerivedDataCache (54)
[2016.01.14-03.31.02:899][204]LogDerivedDataCache: Shutdown
[2016.01.14-03.31.02:899][204]LogModuleManager: Shutting down and abandoning module ShaderFormatOpenGL (53)
[2016.01.14-03.31.02:907][204]LogModuleManager: Shutting down and abandoning module ShaderFormatD3D (52)
[2016.01.14-03.31.02:907][204]LogModuleManager: Shutting down and abandoning module MetalShaderFormat (51)
[2016.01.14-03.31.02:907][204]LogModuleManager: Shutting down and abandoning module TextureFormatUncompressed (50)
[2016.01.14-03.31.02:907][204]LogModuleManager: Shutting down and abandoning module TextureFormatPVR (49)
[2016.01.14-03.31.02:907][204]LogModuleManager: Shutting down and abandoning module TextureFormatIntelISPCTexComp (48)
[2016.01.14-03.31.02:907][204]LogModuleManager: Shutting down and abandoning module TextureFormatDXT (47)
[2016.01.14-03.31.02:907][204]LogModuleManager: Shutting down and abandoning module ImageWrapper (46)
[2016.01.14-03.31.02:907][204]LogModuleManager: Shutting down and abandoning module TextureFormatASTC (45)
[2016.01.14-03.31.02:907][204]LogModuleManager: Shutting down and abandoning module TextureFormatAndroid (44)
[2016.01.14-03.31.02:907][204]LogModuleManager: Shutting down and abandoning module AudioFormatOpus (43)
[2016.01.14-03.31.02:907][204]LogModuleManager: Shutting down and abandoning module AudioFormatOgg (42)
[2016.01.14-03.31.02:908][204]LogModuleManager: Shutting down and abandoning module AudioFormatADPCM (41)
[2016.01.14-03.31.02:908][204]LogModuleManager: Shutting down and abandoning module LinuxTargetPlatform (40)
[2016.01.14-03.31.02:908][204]LogModuleManager: Shutting down and abandoning module LinuxServerTargetPlatform (39)
[2016.01.14-03.31.02:912][204]LogModuleManager: Shutting down and abandoning module LinuxNoEditorTargetPlatform (38)
[2016.01.14-03.31.02:915][204]LogModuleManager: Shutting down and abandoning module Messaging (37)
[2016.01.14-03.31.02:915][204]LogModuleManager: Shutting down and abandoning module IOSTargetPlatform (36)
[2016.01.14-03.31.02:915][204]LogModuleManager: Shutting down and abandoning module HTML5TargetPlatform (35)
[2016.01.14-03.31.02:915][204]LogModuleManager: Shutting down and abandoning module Android_PVRTCTargetPlatform (34)
[2016.01.14-03.31.02:917][204]LogModuleManager: Shutting down and abandoning module Android_ETC2TargetPlatform (33)
[2016.01.14-03.31.02:923][204]LogModuleManager: Shutting down and abandoning module Android_ETC1TargetPlatform (32)
[2016.01.14-03.31.02:932][204]LogModuleManager: Shutting down and abandoning module Android_DXTTargetPlatform (31)
[2016.01.14-03.31.02:935][204]LogModuleManager: Shutting down and abandoning module Android_ATCTargetPlatform (30)
[2016.01.14-03.31.02:943][204]LogModuleManager: Shutting down and abandoning module Android_ASTCTargetPlatform (29)
[2016.01.14-03.31.02:952][204]LogModuleManager: Shutting down and abandoning module AndroidTargetPlatform (28)
[2016.01.14-03.31.02:961][204]LogModuleManager: Shutting down and abandoning module WindowsTargetPlatform (27)
[2016.01.14-03.31.02:962][204]LogModuleManager: Shutting down and abandoning module WindowsServerTargetPlatform (26)
[2016.01.14-03.31.02:962][204]LogModuleManager: Shutting down and abandoning module WindowsNoEditorTargetPlatform (25)
[2016.01.14-03.31.02:962][204]LogModuleManager: Shutting down and abandoning module WindowsClientTargetPlatform (24)
[2016.01.14-03.31.02:965][204]LogModuleManager: Shutting down and abandoning module AllDesktopTargetPlatform (23)
[2016.01.14-03.31.02:965][204]LogModuleManager: Shutting down and abandoning module TargetPlatform (22)
[2016.01.14-03.31.02:965][204]LogModuleManager: Shutting down and abandoning module InputCore (21)
[2016.01.14-03.31.02:965][204]LogModuleManager: Shutting down and abandoning module Settings (20)
[2016.01.14-03.31.02:965][204]LogModuleManager: Shutting down and abandoning module OnlineSubsystem (18)
[2016.01.14-03.31.02:965][204]LogModuleManager: Shutting down and abandoning module HTTP (17)
[2016.01.14-03.31.02:965][204]LogModuleManager: Shutting down and abandoning module XMPP (16)
[2016.01.14-03.31.02:970][204]LogModuleManager: Shutting down and abandoning module ExampleDeviceProfileSelector (15)
[2016.01.14-03.31.02:970][204]LogModuleManager: Shutting down and abandoning module TextureCompressor (14)
[2016.01.14-03.31.02:987][204]LogModuleManager: Shutting down and abandoning module ShaderCore (13)
[2016.01.14-03.31.02:987][204]LogModuleManager: Shutting down and abandoning module Landscape (12)
[2016.01.14-03.31.02:987][204]LogModuleManager: Shutting down and abandoning module SlateRHIRenderer (11)
[2016.01.14-03.31.02:997][204]LogModuleManager: Shutting down and abandoning module OpenGLDrv (10)
[2016.01.14-03.31.03:004][204]LogModuleManager: Shutting down and abandoning module D3D11RHI (9)
[2016.01.14-03.31.03:004][204]LogModuleManager: Shutting down and abandoning module AnimGraphRuntime (8)
[2016.01.14-03.31.03:004][204]LogModuleManager: Shutting down and abandoning module Renderer (7)
[2016.01.14-03.31.03:004][204]LogModuleManager: Shutting down and abandoning module Engine (6)
[2016.01.14-03.31.03:004][204]LogModuleManager: Shutting down and abandoning module CoreUObject (5)
[2016.01.14-03.31.03:004][204]LogModuleManager: Shutting down and abandoning module NetworkFile (4)
[2016.01.14-03.31.03:004][204]LogModuleManager: Shutting down and abandoning module StreamingFile (3)
[2016.01.14-03.31.03:004][204]LogModuleManager: Shutting down and abandoning module SandboxFile (2)
[2016.01.14-03.31.03:005][204]LogModuleManager: Shutting down and abandoning module PakFile (1)
[2016.01.14-03.31.03:022][204]LogExit: Exiting.
[2016.01.14-03.31.03:025][204]Log file closed, 01/14/16 00:31:03
