[2016.01.14-16.25.48:304][  0]Log file open, 01/14/16 13:25:48
[2016.01.14-16.25.48:304][  0]LogInit:Display: Running engine for game: BotonLuz
[2016.01.14-16.25.48:304][  0]LogInit:Display: RandInit(-756217245) SRandInit(-756217245).
[2016.01.14-16.25.48:304][  0]LogTaskGraph: Started task graph with 4 named threads and 5 total threads.
[2016.01.14-16.25.48:304][  0]LogStats: Stats thread started at 0.088537
[2016.01.14-16.25.48:304][  0]LogInit: Version: 4.9.2-2707645+++depot+UE4-Releases+4.9
[2016.01.14-16.25.48:304][  0]LogInit: API Version: 2672455
[2016.01.14-16.25.48:304][  0]LogInit: Compiled (64-bit): Sep 28 2015 10:25:44
[2016.01.14-16.25.48:304][  0]LogInit: Compiled with Visual C++: 18.00.21005.01
[2016.01.14-16.25.48:304][  0]LogInit: Build Configuration: Development
[2016.01.14-16.25.48:304][  0]LogInit: Branch Name: ++depot+UE4-Releases+4.9
[2016.01.14-16.25.48:304][  0]LogInit: Command line: 
[2016.01.14-16.25.48:304][  0]LogInit: Base directory: C:/Program Files/Epic Games/4.9/Engine/Binaries/Win64/
[2016.01.14-16.25.48:304][  0]LogInit: Rocket: 1
[2016.01.14-16.25.48:332][  0]LogInit: Using libcurl 7.41.0
[2016.01.14-16.25.48:332][  0]LogInit:  - built for x86_64-pc-win32
[2016.01.14-16.25.48:332][  0]LogInit:  - supports SSL with WinSSL
[2016.01.14-16.25.48:332][  0]LogInit:  - other features:
[2016.01.14-16.25.48:332][  0]LogInit:      CURL_VERSION_SSL
[2016.01.14-16.25.48:332][  0]LogInit:      CURL_VERSION_IPV6
[2016.01.14-16.25.48:332][  0]LogInit:      CURL_VERSION_ASYNCHDNS
[2016.01.14-16.25.48:332][  0]LogInit:      CURL_VERSION_LARGEFILE
[2016.01.14-16.25.48:332][  0]LogInit:      CURL_VERSION_IDN
[2016.01.14-16.25.48:332][  0]LogInit:  CurlRequestOptions (configurable via config and command line):
[2016.01.14-16.25.48:332][  0]LogInit:  - bVerifyPeer = true  - Libcurl will verify peer certificate
[2016.01.14-16.25.48:332][  0]LogInit:  - bUseHttpProxy = false  - Libcurl will NOT use HTTP proxy
[2016.01.14-16.25.48:332][  0]LogInit:  - bDontReuseConnections = false  - Libcurl will reuse connections
[2016.01.14-16.25.48:332][  0]LogInit:  - CertBundlePath = nullptr  - Libcurl will use whatever was configured at build time.
[2016.01.14-16.25.48:346][  0]LogInit: Presizing for 0 objects not considered by GC, pre-allocating 0 bytes.
[2016.01.14-16.25.48:362][  0]LogInit: Object subsystem initialized
[2016.01.14-16.25.48:364][  0]LogInit: Selected Device Profile: [Windows]
[2016.01.14-16.25.48:364][  0]LogInit: Applying CVar settings loaded from the selected device profile: [Windows]
[2016.01.14-16.25.48:376][  0]LogInit: Computer: TONGA-PC
[2016.01.14-16.25.48:376][  0]LogInit: User: Tonga
[2016.01.14-16.25.48:376][  0]LogInit: CPU Page size=4096, Cores=2
[2016.01.14-16.25.48:376][  0]LogInit: High frequency timer resolution =3.021875 MHz
[2016.01.14-16.25.48:376][  0]LogMemory: Memory total: Physical=7.9GB (8GB approx)
[2016.01.14-16.25.48:376][  0]LogMemory: Platform Memory Stats for Windows
[2016.01.14-16.25.48:376][  0]LogMemory: Process Physical Memory: 54.31 MB used, 54.31 MB peak
[2016.01.14-16.25.48:376][  0]LogMemory: Process Virtual Memory: 58.63 MB used, 58.63 MB peak
[2016.01.14-16.25.48:376][  0]LogMemory: Physical Memory: 3683.78 MB used, 8132.66 MB total
[2016.01.14-16.25.48:376][  0]LogMemory: Virtual Memory: 337.82 MB used, 8388608.00 MB total
[2016.01.14-16.25.49:675][  0]LogD3D11RHI: Found D3D11 adapter 0: NVIDIA GeForce GTX 750 Ti (Feature Level 11_0)
[2016.01.14-16.25.49:675][  0]LogD3D11RHI: Adapter has 1993MB of dedicated video memory, 0MB of dedicated system memory, and 2048MB of shared system memory, 1 output[s]
[2016.01.14-16.25.49:675][  0]LogD3D11RHI: Chosen D3D11 Adapter Id = 0
[2016.01.14-16.25.49:685][  0]LogD3D11RHI: !Direct3DDevice
[2016.01.14-16.25.49:685][  0]LogRHI: Texture pool is 1361 MB (70% of 1945 MB)
[2016.01.14-16.25.49:703][  0]LogD3D11RHI: Async texture creation enabled
[2016.01.14-16.25.49:720][  0]LogShaderCompilers: Guid format shader working directory is 15 characters bigger than the processId version (../../../../../../Users/Tonga/Documents/Facultad/Tesis/Repositorio/proygrad_fing/BotonLuz/Intermediate/Shaders/WorkingDirectory/5228/).
[2016.01.14-16.25.49:721][  0]LogShaderCompilers: Cleaned the shader compiler working directory '../../../../../../Users/Tonga/Documents/Facultad/Tesis/Repositorio/proygrad_fing/BotonLuz/Intermediate/Shaders/tmp/42D1CA6F4CF6C323317C8981461BEE2D/'.
[2016.01.14-16.25.49:721][  0]LogShaderCompilers:Display: Using Local Shader Compiler.
[2016.01.14-16.25.51:362][  0]LogTemp:Display: Loaded TP AllDesktopTargetPlatform
[2016.01.14-16.25.51:374][  0]LogTemp:Display: Loaded TP WindowsClientTargetPlatform
[2016.01.14-16.25.51:384][  0]LogTemp:Display: Loaded TP WindowsNoEditorTargetPlatform
[2016.01.14-16.25.51:394][  0]LogTemp:Display: Loaded TP WindowsServerTargetPlatform
[2016.01.14-16.25.51:405][  0]LogTemp:Display: Loaded TP WindowsTargetPlatform
[2016.01.14-16.25.51:413][  0]LogTemp:Display: Loaded TP AndroidTargetPlatform
[2016.01.14-16.25.51:420][  0]LogTemp:Display: Loaded TP Android_ASTCTargetPlatform
[2016.01.14-16.25.51:428][  0]LogTemp:Display: Loaded TP Android_ATCTargetPlatform
[2016.01.14-16.25.51:435][  0]LogTemp:Display: Loaded TP Android_DXTTargetPlatform
[2016.01.14-16.25.51:442][  0]LogTemp:Display: Loaded TP Android_ETC1TargetPlatform
[2016.01.14-16.25.51:450][  0]LogTemp:Display: Loaded TP Android_ETC2TargetPlatform
[2016.01.14-16.25.51:458][  0]LogTemp:Display: Loaded TP Android_PVRTCTargetPlatform
[2016.01.14-16.25.51:461][  0]LogTemp:Display: Loaded TP HTML5TargetPlatform
[2016.01.14-16.25.51:485][  0]LogTemp:Display: Loaded TP IOSTargetPlatform
[2016.01.14-16.25.51:491][  0]LogTemp:Display: Loaded TP LinuxNoEditorTargetPlatform
[2016.01.14-16.25.51:498][  0]LogTemp:Display: Loaded TP LinuxServerTargetPlatform
[2016.01.14-16.25.51:506][  0]LogTemp:Display: Loaded TP LinuxTargetPlatform
[2016.01.14-16.25.51:506][  0]LogTargetPlatformManager:Display: Building Assets For Windows
[2016.01.14-16.25.51:688][  0]LogDerivedDataCache:Display: Max Cache Size: 512 MB
[2016.01.14-16.25.51:806][  0]LogDerivedDataCache: Loaded boot cache 0.12s 41MB C:/Users/Tonga/AppData/Local/UnrealEngine/4.9/DerivedDataCache/Boot.ddc.
[2016.01.14-16.25.51:806][  0]LogDerivedDataCache:Display: Loaded Boot cache: C:/Users/Tonga/AppData/Local/UnrealEngine/4.9/DerivedDataCache/Boot.ddc
[2016.01.14-16.25.51:807][  0]LogDerivedDataCache: FDerivedDataBackendGraph:  Pak pak cache file ../../../../../../Users/Tonga/Documents/Facultad/Tesis/Repositorio/proygrad_fing/BotonLuz/DerivedDataCache/DDC.ddp not found, will not use a pak cache.
[2016.01.14-16.25.51:807][  0]LogDerivedDataCache: Unable to find inner node Pak for hierarchical cache Hierarchy.
[2016.01.14-16.25.51:807][  0]LogDerivedDataCache: FDerivedDataBackendGraph:  CompressedPak pak cache file ../../../../../../Users/Tonga/Documents/Facultad/Tesis/Repositorio/proygrad_fing/BotonLuz/DerivedDataCache/Compressed.ddp not found, will not use a pak cache.
[2016.01.14-16.25.51:807][  0]LogDerivedDataCache: Unable to find inner node CompressedPak for hierarchical cache Hierarchy.
[2016.01.14-16.25.52:038][  0]LogDerivedDataCache:Display: Pak cache opened for reading ../../../Engine/DerivedDataCache/Compressed.ddp.
[2016.01.14-16.25.52:051][  0]LogDerivedDataCache: Using Local data cache path C:/Users/Tonga/AppData/Local/UnrealEngine/Common/DerivedDataCache: Writable
[2016.01.14-16.25.52:384][  0]LogInit: Selected Device Profile: [Windows]
[2016.01.14-16.25.52:385][  0]LogContentStreaming: Texture pool size is 0.000000MB
[2016.01.14-16.25.52:428][  0]LogMeshUtilities: No automatic mesh reduction module available
[2016.01.14-16.25.52:428][  0]LogMeshUtilities: No automatic mesh merging module available
[2016.01.14-16.25.53:007][  0]LogInit: WinSock: version 1.1 (2.2), MaxSocks=32767, MaxUdp=65467
[2016.01.14-16.25.54:541][  0]UdpMessaging: Initializing bridge on interface 0.0.0.0:0 to multicast group 230.0.0.1:6666.
[2016.01.14-16.25.54:678][  0]LogAssetRegistry: FAssetRegistry took 0.0106 seconds to start up
[2016.01.14-16.25.55:106][  0]SourceControl: Info Source control is disabled
[2016.01.14-16.25.55:108][  0]SourceControl: Info Source control is disabled
[2016.01.14-16.25.55:151][  0]SourceControl: Info Source control is disabled
[2016.01.14-16.25.55:173][  0]SourceControl: Info Source control is disabled
[2016.01.14-16.25.55:480][  0]LogLinker:Warning: Asset '../../../Engine/Plugins/Runtime/LeapMotionController/Content/LM_PassthroughMaterial.uasset' has been saved with empty engine version. The asset will be loaded but may be incompatible.
[2016.01.14-16.25.55:640][  0]LogObj: 28361 objects as part of root set at end of initial load.
[2016.01.14-16.25.55:640][  0]LogUObjectAllocator: 6038864 out of 0 bytes used by permanent object pool.
[2016.01.14-16.25.55:723][  0]LogEngine: Initializing Engine...
[2016.01.14-16.25.55:730][  0]OCULUS: Info: 01/14/16 16:25:55: [CAPI] LibOVR module is located at C:\Windows\system32\LibOVRRT64_0_7.dll

[2016.01.14-16.25.56:232][  0]OCULUS: Error: 01/14/16 16:25:56: [CAPI] ovr_Create failed to complete within the timeout period.
[2016.01.14-16.25.56:236][  0]LogHMD: SteamVR failed to initialize.  Err: 110
[2016.01.14-16.25.56:442][  0]LogAIModule: Creating AISystem for world NewWorld
[2016.01.14-16.25.56:458][  0]LogInit: XAudio2 using 'Altavoces (Realtek High Definition Audio)' : 2 channels at 48 kHz using 32 bits per sample (channel mask 0x3)
[2016.01.14-16.25.56:493][  0]LogInit: FAudioDevice initialized.
[2016.01.14-16.25.56:544][  0]LogDerivedDataCache: Saved boot cache 0.05s 41MB C:/Users/Tonga/AppData/Local/UnrealEngine/4.9/DerivedDataCache/Boot.ddc.
[2016.01.14-16.25.56:560][  0]LogInit: Texture streaming: Enabled
[2016.01.14-16.25.56:574][  0]LogAnalytics: Creating configured Analytics provider AnalyticsET
[2016.01.14-16.25.56:574][  0]LogAnalytics: [UEEditor.Rocket.Release] APIServer = http://et2.epicgames.com/ET2/. AppVersion = 4.9.2-2707645+++depot+UE4-Releases+4.9
[2016.01.14-16.25.56:575][  0]LogAnalytics: [UEEditor.Rocket.Release] SetUserId d2bef611456171cb171d15a4a42cb182|6ac59fa8cbb647a4b14c5a548cbd3b91|31fc86a8-acb9-451a-b082-adf3974f05a6
[2016.01.14-16.25.56:575][  0]LogAnalytics: [UEEditor.Rocket.Release] AnalyticsET::StartSession
[2016.01.14-16.25.56:682][  0]LogInit: Transaction tracking system initialized
[2016.01.14-16.25.56:750][  0]BlueprintLog: New page: Editor Load
[2016.01.14-16.25.56:959][  0]LocalizationService: Info Localization service is disabled
[2016.01.14-16.25.57:147][  0]LogConsoleResponse:Display: 
[2016.01.14-16.25.57:322][  0]LogCook:Display: Done creating registry. It took  0.00s.
[2016.01.14-16.25.57:537][  0]LogFileCache: Scanning file cache for directory 'C:/Users/Tonga/Documents/Facultad/Tesis/Repositorio/proygrad_fing/BotonLuz/Content/' took 0.01s
[2016.01.14-16.25.57:537][  0]SourceControl: Info Source control is disabled
[2016.01.14-16.25.57:538][  0]Cmd: MAP LOAD FILE="../../../Engine/Content/Maps/Templates/Template_Default.umap" TEMPLATE=1 SHOWPROGRESS=1 FEATURELEVEL=3
[2016.01.14-16.25.57:539][  0]LightingResults: New page: Lighting Build
[2016.01.14-16.25.57:545][  0]MapCheck: New page: Map Check
[2016.01.14-16.25.57:545][  0]LightingResults: New page: Lighting Build
[2016.01.14-16.25.57:575][  0]LogParticles: Destroying 0 GPU particle simulations for FXSystem 0x000000002491E160
[2016.01.14-16.25.58:021][  0]LogAIModule: Creating AISystem for world Untitled_1
[2016.01.14-16.25.58:028][  0]LogEditorServer: Finished looking for orphan Actors (0.000 secs)
[2016.01.14-16.25.58:038][  0]Cmd: MAP CHECKDEP NOCLEARLOG
[2016.01.14-16.25.58:160][  0]MapCheck: Info Map check complete: 0 Error(s), 0 Warning(s), took 121.719ms to complete.
[2016.01.14-16.25.58:160][  0]LogFileHelpers: Loading map 'Template_Default' took 0.623
[2016.01.14-16.25.58:299][  0]LogCollectionManager: Loaded 0 collections in 0.005838 seconds
[2016.01.14-16.25.58:345][  0]LogFileCache: Scanning file cache for directory 'C:/Users/Tonga/Documents/Facultad/Tesis/Repositorio/proygrad_fing/BotonLuz/Saved/Collections/' took 0.01s
[2016.01.14-16.25.58:345][  0]LogFileCache: Scanning file cache for directory 'C:/Users/Tonga/Documents/Facultad/Tesis/Repositorio/proygrad_fing/BotonLuz/Content/Developers/Tonga/Collections/' took 0.01s
[2016.01.14-16.25.58:345][  0]LogFileCache: Scanning file cache for directory 'C:/Users/Tonga/Documents/Facultad/Tesis/Repositorio/proygrad_fing/BotonLuz/Content/Collections/' took 0.01s
[2016.01.14-16.25.58:345][  0]LogContentBrowser: Native class hierarchy populated in 0.0121 seconds. Added 1867 classes and 333 folders.
[2016.01.14-16.25.58:359][  0]LogCollectionManager: Rebuilt the GUID cache for 0 collections in 0.000004 seconds
[2016.01.14-16.25.58:371][  0]LogContentBrowser: Native class hierarchy updated for 'WidgetCarousel' in 0.0005 seconds. Added 0 classes and 0 folders.
[2016.01.14-16.25.58:499][  0]LogContentBrowser: Native class hierarchy updated for 'AddContentDialog' in 0.0008 seconds. Added 0 classes and 0 folders.
[2016.01.14-16.25.58:511][  0]LogContentBrowser: Native class hierarchy updated for 'SceneOutliner' in 0.0006 seconds. Added 1 classes and 2 folders.
[2016.01.14-16.25.58:594][  0]LogCrashTracker: Crashtracker disabled due to settings.
[2016.01.14-16.25.58:600][  0]LogUObjectGlobals:Warning: Failed to find object 'Class None.'
[2016.01.14-16.25.58:625][  0]LogLoad: Full Startup: 11.02 seconds (BP compile: 0.08 seconds)
[2016.01.14-16.25.58:708][  0]LogContentStreaming: Texture pool size now 1000 MB
[2016.01.14-16.25.58:860][  0]LogRenderer: Reallocating scene render targets to support 1144x576 (Frame:2).
[2016.01.14-16.25.59:142][  4]LogAssetRegistry: Asset discovery search completed in 4.4752 seconds
[2016.01.14-16.25.59:142][  4]LogCollectionManager: Rebuilt the object cache for 0 collections in 0.000001 seconds (found 0 objects)
[2016.01.14-16.25.59:142][  4]LogCollectionManager: Fixed up redirectors for 0 collections in 0.000031 seconds (updated 0 objects)
[2016.01.14-16.26.04:315][432]LogAIModule: Creating AISystem for world Inicio
[2016.01.14-16.26.04:378][432]Cmd: MAP LOAD FILE="../../../../../../Users/Tonga/Documents/Facultad/Tesis/Repositorio/proygrad_fing/BotonLuz/Content/Inicio.umap" TEMPLATE=0 SHOWPROGRESS=1 FEATURELEVEL=3
[2016.01.14-16.26.04:378][432]LightingResults: New page: Lighting Build
[2016.01.14-16.26.04:405][432]LoadErrors: New page: Loading map: Inicio.umap
[2016.01.14-16.26.04:405][432]MapCheck: New page: Map Check
[2016.01.14-16.26.04:405][432]LightingResults: New page: Lighting Build
[2016.01.14-16.26.04:430][432]LogParticles: Destroying 0 GPU particle simulations for FXSystem 0x00000000124FB560
[2016.01.14-16.26.04:494][432]LogEditorServer: Finished looking for orphan Actors (0.000 secs)
[2016.01.14-16.26.04:542][432]Cmd: MAP CHECKDEP NOCLEARLOG
[2016.01.14-16.26.04:646][432]MapCheck: Info Map check complete: 0 Error(s), 0 Warning(s), took 103.908ms to complete.
[2016.01.14-16.26.04:646][432]LogFileHelpers: Loading map 'Inicio' took 0.269
[2016.01.14-16.26.20:276][ 88]LogLinker:Warning: Asset '../../../Engine/Content/ArtTools/RenderToTexture/Macros/RenderToTextureMacros.uasset' has been saved with empty engine version. The asset will be loaded but may be incompatible.
[2016.01.14-16.26.20:965][ 88]LogContentBrowser: Native class hierarchy updated for 'BlueprintGraph' in 0.0011 seconds. Added 107 classes and 0 folders.
[2016.01.14-16.28.56:397][574]LogSavePackage: Save=138.533859ms
[2016.01.14-16.28.56:397][574]LogSavePackage: Moving '../../../../../../Users/Tonga/Documents/Facultad/Tesis/Repositorio/proygrad_fing/BotonLuz/Saved/ElementoListaLuzAgregada7713B3764BC23CF61E11A9B333E4CE83.tmp' to '../../../../../../Users/Tonga/Documents/Facultad/Tesis/Repositorio/proygrad_fing/BotonLuz/Content/ElementoListaLuzAgregada.uasset'
[2016.01.14-16.28.56:401][574]LogSavePackage: Total save time: 227.199998ms
[2016.01.14-16.28.56:401][574]LogSavePackage:Warning: Finished SavePackage ../../../../../../Users/Tonga/Documents/Facultad/Tesis/Repositorio/proygrad_fing/BotonLuz/Content/ElementoListaLuzAgregada.uasset
[2016.01.14-16.28.56:732][599]BlueprintLog: New page: Compile ElementoListaLuzAgregada
[2016.01.14-16.28.56:888][599]BlueprintEditorCompileResults: Info [0189.28] Compile of ElementoListaLuzAgregada successful! [in 156 ms]
[2016.01.14-16.28.59:698][834]LogBlueprintUserMessages: Early PlayInEditor Detection: Level '/Game/Inicio.Inicio:PersistentLevel' has LevelScriptBlueprint '/Game/Inicio.Inicio:PersistentLevel.Inicio' with GeneratedClass '/Game/Inicio.Inicio_C' with ClassGeneratedBy '/Game/Inicio.Inicio:PersistentLevel.Inicio'
[2016.01.14-16.28.59:698][834]LogPlayLevel: PlayLevel: No blueprints needed recompiling
[2016.01.14-16.28.59:698][834]PIE: New page: SIE session: Inicio (Jan 14, 2016, 10:28:59 AM)
[2016.01.14-16.28.59:699][834]LogPlayLevel: Creating play world package: /Game/UEDPIE_0_Inicio
[2016.01.14-16.28.59:703][834]LogPlayLevel: PIE: StaticDuplicateObject took: (0.004357s)
[2016.01.14-16.28.59:704][834]LogAIModule: Creating AISystem for world Inicio
[2016.01.14-16.28.59:704][834]LogPlayLevel: PIE: World Init took: (0.001270s)
[2016.01.14-16.28.59:704][834]LogPlayLevel: PIE: Created PIE world by copying editor world from /Game/Inicio.Inicio to /Game/UEDPIE_0_Inicio.Inicio (0.005889s)
[2016.01.14-16.28.59:757][834]LogInit: XAudio2 using 'Altavoces (Realtek High Definition Audio)' : 2 channels at 48 kHz using 32 bits per sample (channel mask 0x3)
[2016.01.14-16.28.59:778][834]LogInit: FAudioDevice initialized.
[2016.01.14-16.28.59:834][834]LogWorld: Game class is 'GameMode'
[2016.01.14-16.28.59:836][834]LogWorld: Bringing World /Game/UEDPIE_0_Inicio.Inicio up for play (max tick rate 0) at 2016.01.14-13.28.59
[2016.01.14-16.28.59:836][834]LogActor:Warning: GameSession /Game/UEDPIE_0_Inicio.Inicio:PersistentLevel.GameSession_0 has natively added scene component(s), but none of them were set as the actor's RootComponent - picking one arbitrarily
[2016.01.14-16.28.59:836][834]LogActor:Warning: GameNetworkManager /Game/UEDPIE_0_Inicio.Inicio:PersistentLevel.GameNetworkManager_0 has natively added scene component(s), but none of them were set as the actor's RootComponent - picking one arbitrarily
[2016.01.14-16.28.59:837][834]LogWorld: Bringing up level for play took: 0.002308
[2016.01.14-16.28.59:842][834]PIE: Info Play in editor start time for /Game/UEDPIE_0_Inicio 1.088
[2016.01.14-16.28.59:849][834]LogBlueprintUserMessages: Late PlayInEditor Detection: Level '/Game/Inicio.Inicio:PersistentLevel' has LevelScriptBlueprint '/Game/Inicio.Inicio:PersistentLevel.Inicio' with GeneratedClass '/Game/Inicio.Inicio_C' with ClassGeneratedBy '/Game/Inicio.Inicio:PersistentLevel.Inicio'
[2016.01.14-16.29.01:285][916]PIE:Warning: Warning Mobility of PointLight_0 : LightComponent0 has to be 'Movable' if you'd like to Mobility of {0} : {1} has to be 'Movable' if you'd like to {2}. . 
[2016.01.14-16.29.02:811][ 14]PIE:Warning: Warning Mobility of PointLight_1 : LightComponent0 has to be 'Movable' if you'd like to Mobility of {0} : {1} has to be 'Movable' if you'd like to {2}. . 
[2016.01.14-16.29.02:989][ 23]PIE:Warning: Warning Mobility of PointLight_2 : LightComponent0 has to be 'Movable' if you'd like to Mobility of {0} : {1} has to be 'Movable' if you'd like to {2}. . 
[2016.01.14-16.29.03:102][ 28]PIE:Warning: Warning Mobility of PointLight_3 : LightComponent0 has to be 'Movable' if you'd like to Mobility of {0} : {1} has to be 'Movable' if you'd like to {2}. . 
[2016.01.14-16.29.03:273][ 36]PIE:Warning: Warning Mobility of PointLight_4 : LightComponent0 has to be 'Movable' if you'd like to Mobility of {0} : {1} has to be 'Movable' if you'd like to {2}. . 
[2016.01.14-16.29.03:422][ 42]PIE:Warning: Warning Mobility of PointLight_5 : LightComponent0 has to be 'Movable' if you'd like to Mobility of {0} : {1} has to be 'Movable' if you'd like to {2}. . 
[2016.01.14-16.29.05:972][191]LogEditorViewport: Clicking on Actor (LMB): BP_Sky_Sphere_C (Sky Sphere)
[2016.01.14-16.29.05:972][191]LogSelection:Warning: PIE object was selected: "BP_Sky_Sphere_C /Game/UEDPIE_0_Inicio.Inicio:PersistentLevel.SkySphere"
[2016.01.14-16.29.07:248][262]PIE:Warning: Warning Mobility of PointLight_6 : LightComponent0 has to be 'Movable' if you'd like to Mobility of {0} : {1} has to be 'Movable' if you'd like to {2}. . 
[2016.01.14-16.29.10:265][431]PIE:Warning: Warning Mobility of PointLight_7 : LightComponent0 has to be 'Movable' if you'd like to Mobility of {0} : {1} has to be 'Movable' if you'd like to {2}. . 
[2016.01.14-16.29.13:698][589]PIE:Warning: Warning Mobility of PointLight_8 : LightComponent0 has to be 'Movable' if you'd like to Mobility of {0} : {1} has to be 'Movable' if you'd like to {2}. . 
[2016.01.14-16.29.18:616][823]PIE:Warning: Warning Mobility of PointLight_9 : LightComponent0 has to be 'Movable' if you'd like to Mobility of {0} : {1} has to be 'Movable' if you'd like to {2}. . 
[2016.01.14-16.29.24:749][132]LogEditorViewport: Clicking on Actor (LMB): BP_Sky_Sphere_C (Sky Sphere)
[2016.01.14-16.29.24:750][132]LogSelection:Warning: PIE object was selected: "BP_Sky_Sphere_C /Game/UEDPIE_0_Inicio.Inicio:PersistentLevel.SkySphere"
[2016.01.14-16.29.46:021][339]PIE:Warning: Warning Mobility of PointLight_10 : LightComponent0 has to be 'Movable' if you'd like to Mobility of {0} : {1} has to be 'Movable' if you'd like to {2}. . 
[2016.01.14-16.30.12:063][940]LogEditorViewport: Clicking on Actor (LMB): BP_Sky_Sphere_C (Sky Sphere)
[2016.01.14-16.30.12:063][940]LogSelection:Warning: PIE object was selected: "BP_Sky_Sphere_C /Game/UEDPIE_0_Inicio.Inicio:PersistentLevel.SkySphere"
[2016.01.14-16.30.12:962][995]LogEditorViewport: Clicking on Actor (LMB): BP_Sky_Sphere_C (Sky Sphere)
[2016.01.14-16.30.12:962][995]LogSelection:Warning: PIE object was selected: "BP_Sky_Sphere_C /Game/UEDPIE_0_Inicio.Inicio:PersistentLevel.SkySphere"
[2016.01.14-16.30.16:943][246]LogEditorViewport: Clicking on Actor (LMB): BP_Sky_Sphere_C (Sky Sphere)
[2016.01.14-16.30.16:943][246]LogSelection:Warning: PIE object was selected: "BP_Sky_Sphere_C /Game/UEDPIE_0_Inicio.Inicio:PersistentLevel.SkySphere"
[2016.01.14-16.31.48:291][341]LogBlueprintUserMessages: Early EndPlayMap Detection: Level '/Game/Inicio.Inicio:PersistentLevel' has LevelScriptBlueprint '/Game/Inicio.Inicio:PersistentLevel.Inicio' with GeneratedClass '/Game/Inicio.Inicio_C' with ClassGeneratedBy '/Game/Inicio.Inicio:PersistentLevel.Inicio'
[2016.01.14-16.31.48:341][341]LogBlueprintUserMessages: Late EndPlayMap Detection: Level '/Game/Inicio.Inicio:PersistentLevel' has LevelScriptBlueprint '/Game/Inicio.Inicio:PersistentLevel.Inicio' with GeneratedClass '/Game/Inicio.Inicio_C' with ClassGeneratedBy '/Game/Inicio.Inicio:PersistentLevel.Inicio'
[2016.01.14-16.31.48:402][341]LogParticles: Destroying 0 GPU particle simulations for FXSystem 0x000000001B460CC0
[2016.01.14-16.33.24:166][255]Cmd: TRANSACTION UNDO
[2016.01.14-16.33.24:166][255]LogEditorTransaction: Undo Move Actors
[2016.01.14-16.38.53:725][531]LogParticles: Destroying 0 GPU particle simulations for FXSystem 0x0000000019019120
[2016.01.14-16.38.53:727][531]LogParticles: Destroying 0 GPU particle simulations for FXSystem 0x0000000019019940
[2016.01.14-16.38.55:675][531]LogSavePackage: Save=940.920776ms
[2016.01.14-16.38.55:675][531]LogSavePackage: Moving '../../../../../../Users/Tonga/Documents/Facultad/Tesis/Repositorio/proygrad_fing/BotonLuz/Saved/Inicio_Auto1046FFC074720B30A223B248B84D2AAC8.tmp' to '../../../../../../Users/Tonga/Documents/Facultad/Tesis/Repositorio/proygrad_fing/BotonLuz/Saved/Autosaves/Game/Inicio_Auto1.umap'
[2016.01.14-16.38.55:688][531]LogSavePackage: Total save time: 1912.757147ms
[2016.01.14-16.38.55:688][531]LogSavePackage:Warning: Finished SavePackage ../../../../../../Users/Tonga/Documents/Facultad/Tesis/Repositorio/proygrad_fing/BotonLuz/Saved/Autosaves/Game/Inicio_Auto1.umap
[2016.01.14-16.38.55:700][531]LogFileHelpers: Editor autosave (incl. sublevels) for '/Game/Inicio' took 2.074
[2016.01.14-16.38.55:700][531]LogFileHelpers: Editor autosave (incl. sublevels) for all levels took 2.074
[2016.01.14-19.01.46:250][ 92]LogParticles: Destroying 0 GPU particle simulations for FXSystem 0x000000003F2F8900
[2016.01.14-19.01.46:252][ 92]LogParticles: Destroying 0 GPU particle simulations for FXSystem 0x000000003F2F8D60
[2016.01.14-19.01.52:220][418]LogSavePackage: Save=104.308090ms
[2016.01.14-19.01.52:220][418]LogSavePackage: Moving '../../../../../../Users/Tonga/Documents/Facultad/Tesis/Repositorio/proygrad_fing/BotonLuz/Saved/Inicio684D9536485485A0E09CEDBC7FF307C9.tmp' to '../../../../../../Users/Tonga/Documents/Facultad/Tesis/Repositorio/proygrad_fing/BotonLuz/Content/Inicio.umap'
[2016.01.14-19.01.52:225][418]LogSavePackage: Total save time: 229.141511ms
[2016.01.14-19.01.52:225][418]LogSavePackage:Warning: Finished SavePackage ../../../../../../Users/Tonga/Documents/Facultad/Tesis/Repositorio/proygrad_fing/BotonLuz/Content/Inicio.umap
[2016.01.14-20.10.04:532][763]LogHttp:Warning: Timeout processing Http request. 000000005EC53200
[2016.01.14-20.10.09:147][764]LogD3D11RHI: Timed out while waiting for GPU to catch up. (0.5 s)
[2016.01.14-20.10.18:797][792]LogD3D11RHI: Timed out while waiting for GPU to catch up. (0.5 s)
[2016.01.14-20.10.19:298][793]LogD3D11RHI: Timed out while waiting for GPU to catch up. (0.5 s)
[2016.01.14-20.10.19:800][794]LogD3D11RHI: Timed out while waiting for GPU to catch up. (0.5 s)
[2016.01.14-22.15.11:882][793]LogFileHelpers: Editor autosave (incl. sublevels) for '/Game/Inicio' took 0.074
[2016.01.14-22.15.11:891][793]OBJ SavePackage: Generating thumbnails for [0] asset(s) in package [/Game/PanelUbicacionesFavoritas] ([1] browsable assets)...
[2016.01.14-22.15.11:891][793]OBJ SavePackage: Finished generating thumbnails for package [/Game/PanelUbicacionesFavoritas]
[2016.01.14-22.15.11:910][793]LogSavePackage: Save=15.954333ms
[2016.01.14-22.15.11:910][793]LogSavePackage: Moving '../../../../../../Users/Tonga/Documents/Facultad/Tesis/Repositorio/proygrad_fing/BotonLuz/Saved/PanelUbicacionesFavoritas_Auto29216C8AC44E58AE25343F2A61B293E81.tmp' to '../../../../../../Users/Tonga/Documents/Facultad/Tesis/Repositorio/proygrad_fing/BotonLuz/Saved/Autosaves/Game/PanelUbicacionesFavoritas_Auto2.uasset'
[2016.01.14-22.15.11:913][793]LogSavePackage: Total save time: 19.977663ms
[2016.01.14-22.15.11:913][793]LogSavePackage:Warning: Finished SavePackage ../../../../../../Users/Tonga/Documents/Facultad/Tesis/Repositorio/proygrad_fing/BotonLuz/Saved/Autosaves/Game/PanelUbicacionesFavoritas_Auto2.uasset
[2016.01.14-22.15.11:913][793]LogFileHelpers: Auto-saving content packages took 0.030
[2016.01.14-22.22.46:598][912]LogSavePackage: Save=40.365665ms
[2016.01.14-22.22.46:598][912]LogSavePackage: Moving '../../../../../../Users/Tonga/Documents/Facultad/Tesis/Repositorio/proygrad_fing/BotonLuz/Saved/PanelUbicacionesFavoritas0D02EA7541D9BEDF2D1E8AB86252F61E.tmp' to '../../../../../../Users/Tonga/Documents/Facultad/Tesis/Repositorio/proygrad_fing/BotonLuz/Content/PanelUbicacionesFavoritas.uasset'
[2016.01.14-22.22.46:602][912]LogSavePackage: Total save time: 44.991933ms
[2016.01.14-22.22.46:602][912]LogSavePackage:Warning: Finished SavePackage ../../../../../../Users/Tonga/Documents/Facultad/Tesis/Repositorio/proygrad_fing/BotonLuz/Content/PanelUbicacionesFavoritas.uasset
[2016.01.14-22.23.42:175][818]LogUObjectHash:Warning: Ambiguous search, could be Border /Game/PanelLuces.PanelLuces:WidgetTree.BorderPanelNuevaLuz or Border /Engine/Transient.World_9:PanelLuces_C_3.WidgetTree_60.BorderPanelNuevaLuz
[2016.01.14-22.23.42:175][818]LogUObjectHash:Warning: Ambiguous search, could be Border /Game/PanelLuces.PanelLuces:WidgetTree.BorderPanelNuevaLuz or Border /Game/PanelLuces.PanelLuces_C:WidgetTree_42.BorderPanelNuevaLuz
[2016.01.14-22.23.42:175][818]LogUObjectHash:Warning: Ambiguous search, could be Border /Game/PanelLuces.PanelLuces:WidgetTree.BorderPanelNuevaLuz or Border /Game/PanelLuces.PanelLuces_C:WidgetTree_61.BorderPanelNuevaLuz
[2016.01.14-22.23.42:175][818]LogUObjectHash:Warning: Ambiguous search, could be Border /Game/PanelLuces.PanelLuces:WidgetTree.BorderPanelNuevaLuz or Border /Game/PanelLuces.PanelLuces_C:WidgetTree_59.BorderPanelNuevaLuz
[2016.01.14-22.23.42:175][818]LogUObjectHash:Warning: Ambiguous search, could be Border /Game/PanelLuces.PanelLuces:WidgetTree.BorderPanelNuevaLuz or Border /Game/PanelLuces.PanelLuces_C:WidgetTree_9.BorderPanelNuevaLuz
[2016.01.14-22.23.42:175][818]LogUObjectHash:Warning: Ambiguous search, could be Border /Game/PanelLuces.PanelLuces:WidgetTree.BorderPanelNuevaLuz or Border /Engine/Transient.World_9:PanelLuces_C_4.WidgetTree_62.BorderPanelNuevaLuz
[2016.01.14-22.23.42:175][818]LogProperty:Warning: Illegal TEXT reference to a private object in external package (BorderSlot /Game/PanelLuces.PanelLuces:WidgetTree.BorderPanelNuevaLuz.BorderSlot_0) from referencer (CanvasPanel /Engine/UMG/Editor/Transient.PanelNuevaLuz).  Import failed...
[2016.01.14-22.23.42:183][818]LogProperty:Warning: ObjectProperty /Script/UMG.Widget:Slot: unresolved reference to 'BorderSlot'BorderPanelNuevaLuz.BorderSlot_0''
[2016.01.14-22.24.03:163][493]LogUObjectHash:Warning: Ambiguous search, could be CanvasPanel /Game/PanelLuces.PanelLuces:WidgetTree.CanvasPanel_0 or CanvasPanel /Game/ElementoListaLuzAgregada.ElementoListaLuzAgregada_C:WidgetTree_18.CanvasPanel_0
[2016.01.14-22.24.03:163][493]LogUObjectHash:Warning: Ambiguous search, could be CanvasPanel /Game/PanelLuces.PanelLuces:WidgetTree.CanvasPanel_0 or CanvasPanel /Game/ElementoListaLuzAgregada.ElementoListaLuzAgregada:WidgetTree.CanvasPanel_0
[2016.01.14-22.24.03:163][493]LogUObjectHash:Warning: Ambiguous search, could be CanvasPanel /Game/PanelLuces.PanelLuces:WidgetTree.CanvasPanel_0 or CanvasPanel /Game/PanelLuces.PanelLuces_C:WidgetTree_61.CanvasPanel_0
[2016.01.14-22.24.03:163][493]LogUObjectHash:Warning: Ambiguous search, could be CanvasPanel /Game/PanelLuces.PanelLuces:WidgetTree.CanvasPanel_0 or CanvasPanel /Game/PanelLuces.PanelLuces_C:WidgetTree_9.CanvasPanel_0
[2016.01.14-22.24.03:163][493]LogUObjectHash:Warning: Ambiguous search, could be CanvasPanel /Game/PanelLuces.PanelLuces:WidgetTree.CanvasPanel_0 or CanvasPanel /Game/ElementoListaLuzAgregada.ElementoListaLuzAgregada_C:WidgetTree_38.CanvasPanel_0
[2016.01.14-22.24.03:163][493]LogUObjectHash:Warning: Ambiguous search, could be CanvasPanel /Game/PanelLuces.PanelLuces:WidgetTree.CanvasPanel_0 or CanvasPanel /Engine/Transient.World_9:PanelLuces_C_3.WidgetTree_60.CanvasPanel_0
[2016.01.14-22.24.03:163][493]LogUObjectHash:Warning: Ambiguous search, could be CanvasPanel /Game/PanelLuces.PanelLuces:WidgetTree.CanvasPanel_0 or CanvasPanel /Engine/Transient.World_9:PanelLuces_C_4.WidgetTree_62.CanvasPanel_0
[2016.01.14-22.24.03:163][493]LogUObjectHash:Warning: Ambiguous search, could be CanvasPanel /Game/PanelLuces.PanelLuces:WidgetTree.CanvasPanel_0 or CanvasPanel /Game/PanelLuces.PanelLuces_C:WidgetTree_42.CanvasPanel_0
[2016.01.14-22.24.03:163][493]LogUObjectHash:Warning: Ambiguous search, could be CanvasPanel /Game/PanelLuces.PanelLuces:WidgetTree.CanvasPanel_0 or CanvasPanel /Game/PanelLuces.PanelLuces_C:WidgetTree_59.CanvasPanel_0
[2016.01.14-22.24.03:163][493]LogProperty:Warning: Illegal TEXT reference to a private object in external package (CanvasPanelSlot /Game/PanelLuces.PanelLuces:WidgetTree.CanvasPanel_0.CanvasPanelSlot_1142) from referencer (Border /Engine/UMG/Editor/Transient.BorderPanelNuevaLuz).  Import failed...
[2016.01.14-22.24.03:164][493]LogProperty:Warning: ObjectProperty /Script/UMG.Widget:Slot: unresolved reference to 'CanvasPanelSlot'CanvasPanel_0.CanvasPanelSlot_1142''
[2016.01.14-22.24.08:376][636]LogEditorTransaction: Undo Move Widget
[2016.01.14-22.28.34:034][ 44]LogFileHelpers: Editor autosave (incl. sublevels) for '/Game/Inicio' took 0.131
[2016.01.14-22.28.34:053][ 44]OBJ SavePackage: Generating thumbnails for [0] asset(s) in package [/Game/PanelLuces] ([1] browsable assets)...
[2016.01.14-22.28.34:053][ 44]OBJ SavePackage: Finished generating thumbnails for package [/Game/PanelLuces]
[2016.01.14-22.28.34:946][ 44]LogSavePackage: Save=627.763916ms
[2016.01.14-22.28.34:946][ 44]LogSavePackage: Moving '../../../../../../Users/Tonga/Documents/Facultad/Tesis/Repositorio/proygrad_fing/BotonLuz/Saved/PanelLuces_Auto3A592874345C3F8A678BE22A7EF299DD4.tmp' to '../../../../../../Users/Tonga/Documents/Facultad/Tesis/Repositorio/proygrad_fing/BotonLuz/Saved/Autosaves/Game/PanelLuces_Auto3.uasset'
[2016.01.14-22.28.34:951][ 44]LogSavePackage: Total save time: 894.909285ms
[2016.01.14-22.28.34:951][ 44]LogSavePackage:Warning: Finished SavePackage ../../../../../../Users/Tonga/Documents/Facultad/Tesis/Repositorio/proygrad_fing/BotonLuz/Saved/Autosaves/Game/PanelLuces_Auto3.uasset
[2016.01.14-22.28.34:962][ 44]OBJ SavePackage: Generating thumbnails for [0] asset(s) in package [/Game/PanelUbicacionesFavoritas] ([1] browsable assets)...
[2016.01.14-22.28.34:967][ 44]OBJ SavePackage: Finished generating thumbnails for package [/Game/PanelUbicacionesFavoritas]
[2016.01.14-22.28.35:085][ 44]LogSavePackage: Save=52.714622ms
[2016.01.14-22.28.35:085][ 44]LogSavePackage: Moving '../../../../../../Users/Tonga/Documents/Facultad/Tesis/Repositorio/proygrad_fing/BotonLuz/Saved/PanelUbicacionesFavoritas_Auto3EF44175143B9D4723F7E1A9D71E18E50.tmp' to '../../../../../../Users/Tonga/Documents/Facultad/Tesis/Repositorio/proygrad_fing/BotonLuz/Saved/Autosaves/Game/PanelUbicacionesFavoritas_Auto3.uasset'
[2016.01.14-22.28.35:088][ 44]LogSavePackage: Total save time: 117.118347ms
[2016.01.14-22.28.35:088][ 44]LogSavePackage:Warning: Finished SavePackage ../../../../../../Users/Tonga/Documents/Facultad/Tesis/Repositorio/proygrad_fing/BotonLuz/Saved/Autosaves/Game/PanelUbicacionesFavoritas_Auto3.uasset
[2016.01.14-22.28.35:088][ 44]LogFileHelpers: Auto-saving content packages took 1.053
[2016.01.14-22.34.06:180][901]LogSavePackage: Save=169.484177ms
[2016.01.14-22.34.06:180][901]LogSavePackage: Moving '../../../../../../Users/Tonga/Documents/Facultad/Tesis/Repositorio/proygrad_fing/BotonLuz/Saved/PanelUbicacionesFavoritas2A6A421349FA326F7027B688ECDE6B82.tmp' to '../../../../../../Users/Tonga/Documents/Facultad/Tesis/Repositorio/proygrad_fing/BotonLuz/Content/PanelUbicacionesFavoritas.uasset'
[2016.01.14-22.34.06:186][901]LogSavePackage: Total save time: 288.631398ms
[2016.01.14-22.34.06:186][901]LogSavePackage:Warning: Finished SavePackage ../../../../../../Users/Tonga/Documents/Facultad/Tesis/Repositorio/proygrad_fing/BotonLuz/Content/PanelUbicacionesFavoritas.uasset
[2016.01.14-22.34.06:512][909]BlueprintLog: New page: Compile PanelUbicacionesFavoritas
[2016.01.14-22.34.06:756][909]BlueprintEditorCompileResults: Info [2098.70] Compile of PanelUbicacionesFavoritas successful! [in 243 ms]
[2016.01.14-22.34.09:081][977]Cmd: OBJ SAVEPACKAGE PACKAGE="/Game/PanelLuces" FILE="../../../../../../Users/Tonga/Documents/Facultad/Tesis/Repositorio/proygrad_fing/BotonLuz/Content/PanelLuces.uasset" SILENT=true
[2016.01.14-22.34.09:563][977]LogSavePackage: Save=447.164429ms
[2016.01.14-22.34.09:563][977]LogSavePackage: Moving '../../../../../../Users/Tonga/Documents/Facultad/Tesis/Repositorio/proygrad_fing/BotonLuz/Saved/PanelLuces3F3A311641706E10D00BCBB75C35E021.tmp' to '../../../../../../Users/Tonga/Documents/Facultad/Tesis/Repositorio/proygrad_fing/BotonLuz/Content/PanelLuces.uasset'
[2016.01.14-22.34.09:569][977]LogSavePackage: Total save time: 485.838428ms
[2016.01.14-22.34.09:569][977]LogSavePackage:Warning: Finished SavePackage ../../../../../../Users/Tonga/Documents/Facultad/Tesis/Repositorio/proygrad_fing/BotonLuz/Content/PanelLuces.uasset
[2016.01.14-22.34.10:497][  3]BlueprintLog: New page: Compile PanelLuces
[2016.01.14-22.34.10:819][  3]BlueprintEditorCompileResults: Info [2102.76] Compile of PanelLuces successful! [in 320 ms]
[2016.01.14-22.34.34:789][251]LogEditorViewport: Clicking on Actor (LMB): BP_Sky_Sphere_C (Sky Sphere)
[2016.01.14-22.48.36:757][877]LogSavePackage: Save=32.107548ms
[2016.01.14-22.48.36:757][877]LogSavePackage: Moving '../../../../../../Users/Tonga/Documents/Facultad/Tesis/Repositorio/proygrad_fing/BotonLuz/Saved/PanelUbicacionesFavoritas0BCBA6024EB8A1BFB065AD897ECF1602.tmp' to '../../../../../../Users/Tonga/Documents/Facultad/Tesis/Repositorio/proygrad_fing/BotonLuz/Content/PanelUbicacionesFavoritas.uasset'
[2016.01.14-22.48.36:759][877]LogSavePackage: Total save time: 128.529470ms
[2016.01.14-22.48.36:759][877]LogSavePackage:Warning: Finished SavePackage ../../../../../../Users/Tonga/Documents/Facultad/Tesis/Repositorio/proygrad_fing/BotonLuz/Content/PanelUbicacionesFavoritas.uasset
[2016.01.14-22.55.43:423][364]LogParticles: Destroying 0 GPU particle simulations for FXSystem 0x000000001B912B60
[2016.01.14-22.55.43:683][364]LogParticles: Destroying 0 GPU particle simulations for FXSystem 0x000000005F5BDB20
[2016.01.14-22.55.44:564][365]Cmd: QUIT_EDITOR
[2016.01.14-22.55.45:815][365]LogExit: Preparing to exit.
[2016.01.14-22.55.47:093][365]LogExit: Editor shut down
[2016.01.14-22.55.47:117][365]LogExit: Transaction tracking system shut down
[2016.01.14-22.55.47:118][365]LogParticles: Destroying 0 GPU particle simulations for FXSystem 0x00000000119923E0
[2016.01.14-22.55.47:119][365]LogParticles: Destroying 0 GPU particle simulations for FXSystem 0x0000000011992E80
[2016.01.14-22.55.47:280][365]LogParticles: Destroying 0 GPU particle simulations for FXSystem 0x000000002F803F60
[2016.01.14-22.55.47:281][365]LogParticles: Destroying 0 GPU particle simulations for FXSystem 0x000000001B912200
[2016.01.14-22.55.47:307][365]LogParticles: Destroying 0 GPU particle simulations for FXSystem 0x000000005F5BF4C0
[2016.01.14-22.55.50:270][365]LogExit: Object subsystem successfully closed.
[2016.01.14-22.55.50:833][365]LogD3D11RHI: Shutdown
[2016.01.14-22.55.50:833][365]LogD3D11RHI: CleanupD3DDevice
[2016.01.14-22.55.51:193][365]LogD3D11RHI: ~FD3D11DynamicRHI
[2016.01.14-22.55.52:130][365]LogModuleManager: Shutting down and abandoning module SequencerWidgets (199)
[2016.01.14-22.55.52:130][365]LogModuleManager: Shutting down and abandoning module BlueprintGraph (198)
[2016.01.14-22.55.52:130][365]LogModuleManager: Shutting down and abandoning module CrashTracker (197)
[2016.01.14-22.55.52:130][365]LogModuleManager: Shutting down and abandoning module SceneOutliner (196)
[2016.01.14-22.55.52:130][365]LogModuleManager: Shutting down and abandoning module SuperSearch (195)
[2016.01.14-22.55.52:130][365]LogModuleManager: Shutting down and abandoning module WidgetCarousel (194)
[2016.01.14-22.55.52:130][365]LogModuleManager: Shutting down and abandoning module AddContentDialog (193)
[2016.01.14-22.55.52:149][365]LogModuleManager: Shutting down and abandoning module EditorWidgets (192)
[2016.01.14-22.55.52:149][365]LogModuleManager: Shutting down and abandoning module CollectionManager (191)
[2016.01.14-22.55.52:158][365]LogModuleManager: Shutting down and abandoning module StatsViewer (190)
[2016.01.14-22.55.52:173][365]LogModuleManager: Shutting down and abandoning module FoliageEdit (189)
[2016.01.14-22.55.52:182][365]LogModuleManager: Shutting down and abandoning module LandscapeEditor (188)
[2016.01.14-22.55.52:227][365]LogModuleManager: Shutting down and abandoning module ActorPickerMode (187)
[2016.01.14-22.55.52:227][365]LogModuleManager: Shutting down and abandoning module GeometryMode (186)
[2016.01.14-22.55.52:227][365]LogModuleManager: Shutting down and abandoning module TextureAlignMode (185)
[2016.01.14-22.55.52:228][365]LogModuleManager: Shutting down and abandoning module BspMode (184)
[2016.01.14-22.55.52:228][365]LogModuleManager: Shutting down and abandoning module PlacementMode (183)
[2016.01.14-22.55.52:228][365]LogModuleManager: Shutting down and abandoning module AutomationWorker (182)
[2016.01.14-22.55.52:252][365]LogModuleManager: Shutting down and abandoning module CharacterAI (181)
[2016.01.14-22.55.52:252][365]LogModuleManager: Shutting down and abandoning module SmartSnapping (180)
[2016.01.14-22.55.52:252][365]LogModuleManager: Shutting down and abandoning module ViewportSnapping (179)
[2016.01.14-22.55.52:252][365]LogModuleManager: Shutting down and abandoning module LogVisualizer (178)
[2016.01.14-22.55.52:293][365]LogModuleManager: Shutting down and abandoning module GameProjectGeneration (177)
[2016.01.14-22.55.52:314][365]LogModuleManager: Shutting down and abandoning module IntroTutorials (176)
[2016.01.14-22.55.52:346][365]LogModuleManager: Shutting down and abandoning module EditorLiveStreaming (175)
[2016.01.14-22.55.52:346][365]LogModuleManager: Shutting down and abandoning module IOSPlatformEditor (174)
[2016.01.14-22.55.52:356][365]LogModuleManager: Shutting down and abandoning module HTML5PlatformEditor (173)
[2016.01.14-22.55.52:356][365]LogModuleManager: Shutting down and abandoning module AndroidDeviceDetection (172)
[2016.01.14-22.55.52:523][365]LogModuleManager: Shutting down and abandoning module AndroidPlatformEditor (171)
[2016.01.14-22.55.52:523][365]LogModuleManager: Shutting down and abandoning module IOSRuntimeSettings (170)
[2016.01.14-22.55.52:523][365]LogModuleManager: Shutting down and abandoning module AndroidRuntimeSettings (169)
[2016.01.14-22.55.52:523][365]LogModuleManager: Shutting down and abandoning module MergeActors (168)
[2016.01.14-22.55.52:533][365]LogModuleManager: Shutting down and abandoning module SizeMap (167)
[2016.01.14-22.55.52:533][365]LogModuleManager: Shutting down and abandoning module TreeMap (166)
[2016.01.14-22.55.52:545][365]LogModuleManager: Shutting down and abandoning module ReferenceViewer (165)
[2016.01.14-22.55.52:545][365]LogModuleManager: Shutting down and abandoning module LocalizationService (164)
[2016.01.14-22.55.52:559][365]LogModuleManager: Shutting down and abandoning module LocalizationDashboard (163)
[2016.01.14-22.55.52:600][365]LogModuleManager: Shutting down and abandoning module HardwareTargeting (162)
[2016.01.14-22.55.52:600][365]LogModuleManager: Shutting down and abandoning module DeviceProfileEditor (161)
[2016.01.14-22.55.52:600][365]LogModuleManager: Shutting down and abandoning module UndoHistory (160)
[2016.01.14-22.55.52:608][365]LogModuleManager: Shutting down and abandoning module GameplayTagsEditor (159)
[2016.01.14-22.55.52:608][365]LogModuleManager: Shutting down and abandoning module UserFeedback (158)
[2016.01.14-22.55.52:608][365]LogModuleManager: Shutting down and abandoning module XmlParser (157)
[2016.01.14-22.55.52:617][365]LogModuleManager: Shutting down and abandoning module Blutility (156)
[2016.01.14-22.55.52:617][365]LogModuleManager: Shutting down and abandoning module ProjectTargetPlatformEditor (155)
[2016.01.14-22.55.52:632][365]LogModuleManager: Shutting down and abandoning module ProjectSettingsViewer (154)
[2016.01.14-22.55.52:632][365]LogModuleManager: Shutting down and abandoning module InputBindingEditor (153)
[2016.01.14-22.55.52:636][365]LogModuleManager: Shutting down and abandoning module EditorSettingsViewer (152)
[2016.01.14-22.55.52:636][365]LogModuleManager: Shutting down and abandoning module SettingsEditor (151)
[2016.01.14-22.55.52:651][365]LogModuleManager: Shutting down and abandoning module ProjectLauncher (150)
[2016.01.14-22.55.52:666][365]LogModuleManager: Shutting down and abandoning module SessionFrontend (149)
[2016.01.14-22.55.52:680][365]LogModuleManager: Shutting down and abandoning module ProfilerClient (148)
[2016.01.14-22.55.52:694][365]LogModuleManager: Shutting down and abandoning module TargetDeviceServices (147)
[2016.01.14-22.55.52:695][365]LogModuleManager: Shutting down and abandoning module DeviceManager (146)
[2016.01.14-22.55.52:722][365]LogModuleManager: Shutting down and abandoning module AutomationController (145)
[2016.01.14-22.55.52:739][365]LogModuleManager: Shutting down and abandoning module AutomationWindow (144)
[2016.01.14-22.55.52:789][365]LogModuleManager: Shutting down and abandoning module Layers (143)
[2016.01.14-22.55.52:843][365]LogModuleManager: Shutting down and abandoning module ComponentVisualizers (142)
[2016.01.14-22.55.52:843][365]LogModuleManager: Shutting down and abandoning module DetailCustomizations (141)
[2016.01.14-22.55.52:847][365]LogModuleManager: Shutting down and abandoning module PackagesDialog (140)
[2016.01.14-22.55.52:847][365]LogModuleManager: Shutting down and abandoning module Persona (139)
[2016.01.14-22.55.52:877][365]LogModuleManager: Shutting down and abandoning module Kismet (138)
[2016.01.14-22.55.52:877][365]LogModuleManager: Shutting down and abandoning module GraphEditor (137)
[2016.01.14-22.55.52:877][365]LogModuleManager: Shutting down and abandoning module ClassViewer (136)
[2016.01.14-22.55.52:887][365]LogModuleManager: Shutting down and abandoning module Toolbox (135)
[2016.01.14-22.55.52:887][365]LogModuleManager: Shutting down and abandoning module ModuleUI (134)
[2016.01.14-22.55.52:901][365]LogModuleManager: Shutting down and abandoning module MovieSceneTools (133)
[2016.01.14-22.55.52:942][365]LogModuleManager: Shutting down and abandoning module OutputLog (132)
[2016.01.14-22.55.52:960][365]LogModuleManager: Shutting down and abandoning module GammaUI (131)
[2016.01.14-22.55.52:979][365]LogModuleManager: Shutting down and abandoning module Documentation (130)
[2016.01.14-22.55.52:979][365]LogModuleManager: Shutting down and abandoning module GameLiveStreaming (129)
[2016.01.14-22.55.53:020][365]LogModuleManager: Shutting down and abandoning module StreamingPauseRendering (128)
[2016.01.14-22.55.53:032][365]LogModuleManager: Shutting down and abandoning module AnalyticsET (127)
[2016.01.14-22.55.53:032][365]LogModuleManager: Shutting down and abandoning module Analytics (126)
[2016.01.14-22.55.53:032][365]LogModuleManager: Shutting down and abandoning module AITestSuite (125)
[2016.01.14-22.55.53:035][365]LogModuleManager: Shutting down and abandoning module GameplayDebugger (124)
[2016.01.14-22.55.53:035][365]LogModuleManager: Shutting down and abandoning module AIModule (123)
[2016.01.14-22.55.53:035][365]LogModuleManager: Shutting down and abandoning module ProfilerService (122)
[2016.01.14-22.55.53:188][365]LogModuleManager: Shutting down and abandoning module TaskGraph (121)
[2016.01.14-22.55.53:204][365]LogModuleManager: Shutting down and abandoning module SlateRemote (120)
[2016.01.14-22.55.53:205][365]LogModuleManager: Shutting down and abandoning module SteamVRController (119)
[2016.01.14-22.55.53:205][365]LogModuleManager: Shutting down and abandoning module SteamVR (118)
[2016.01.14-22.55.53:205][365]LogModuleManager: Shutting down and abandoning module ProceduralMeshComponent (117)
[2016.01.14-22.55.53:205][365]LogModuleManager: Shutting down and abandoning module OculusRift (116)
[2016.01.14-22.55.53:205][365]LogModuleManager: Shutting down and abandoning module OculusLibrary (115)
[2016.01.14-22.55.53:205][365]LogModuleManager: Shutting down and abandoning module LeapMotionController (114)
[2016.01.14-22.55.53:332][365]LogModuleManager: Shutting down and abandoning module CustomMeshComponent (113)
[2016.01.14-22.55.53:360][365]LogModuleManager: Shutting down and abandoning module CableComponent (112)
[2016.01.14-22.55.53:360][365]LogModuleManager: Shutting down and abandoning module ArchVisCharacter (111)
[2016.01.14-22.55.53:360][365]LogModuleManager: Shutting down and abandoning module MessagingDebugger (110)
[2016.01.14-22.55.53:454][365]LogModuleManager: Shutting down and abandoning module MediaPlayerEditor (109)
[2016.01.14-22.55.53:522][365]LogModuleManager: Shutting down and abandoning module HTML5Networking (108)
[2016.01.14-22.55.53:522][365]LogModuleManager: Shutting down and abandoning module SpeedTreeImporter (107)
[2016.01.14-22.55.53:522][365]LogModuleManager: Shutting down and abandoning module PluginBrowser (106)
[2016.01.14-22.55.53:533][365]LogModuleManager: Shutting down and abandoning module EpicSurvey (105)
[2016.01.14-22.55.53:533][365]LogModuleManager: Shutting down and abandoning module DesktopPlatform (104)
[2016.01.14-22.55.53:533][365]LogModuleManager: Shutting down and abandoning module VisualStudioSourceCodeAccess (103)
[2016.01.14-22.55.53:554][365]LogModuleManager: Shutting down and abandoning module UObjectPlugin (102)
[2016.01.14-22.55.53:555][365]LogModuleManager: Shutting down and abandoning module SubversionSourceControl (101)
[2016.01.14-22.55.53:581][365]LogModuleManager: Shutting down and abandoning module PerforceSourceControl (100)
[2016.01.14-22.55.53:592][365]LogModuleManager: Shutting down and abandoning module SourceControl (99)
[2016.01.14-22.55.53:607][365]LogModuleManager: Shutting down and abandoning module GitSourceControl (98)
[2016.01.14-22.55.53:616][365]LogModuleManager: Shutting down and abandoning module LightPropagationVolumeEditor (97)
[2016.01.14-22.55.53:616][365]LogModuleManager: Shutting down and abandoning module PaperTiledImporter (96)
[2016.01.14-22.55.53:632][365]LogModuleManager: Shutting down and abandoning module PaperSpriteSheetImporter (95)
[2016.01.14-22.55.53:635][365]LogModuleManager: Shutting down and abandoning module MeshPaint (94)
[2016.01.14-22.55.53:639][365]LogModuleManager: Shutting down and abandoning module SlateReflector (93)
[2016.01.14-22.55.53:652][365]LogModuleManager: Shutting down and abandoning module HotReload (92)
[2016.01.14-22.55.53:661][365]LogModuleManager: Shutting down and abandoning module MainFrame (91)
[2016.01.14-22.55.53:661][365]LogModuleManager: Shutting down and abandoning module LevelEditor (90)
[2016.01.14-22.55.53:679][365]LogModuleManager: Shutting down and abandoning module DirectoryWatcher (89)
[2016.01.14-22.55.53:680][365]LogModuleManager: Shutting down and abandoning module AssetRegistry (88)
[2016.01.14-22.55.53:746][365]LogModuleManager: Shutting down and abandoning module ContentBrowser (87)
[2016.01.14-22.55.53:747][365]LogModuleManager: Shutting down and abandoning module Paper2DEditor (86)
[2016.01.14-22.55.53:844][365]LogModuleManager: Shutting down and abandoning module UdpMessaging (85)
[2016.01.14-22.55.53:945][365]LogModuleManager: Shutting down and abandoning module LightPropagationVolumeRuntime (84)
[2016.01.14-22.55.53:945][365]LogModuleManager: Shutting down and abandoning module Paper2D (83)
[2016.01.14-22.55.53:957][365]LogModuleManager: Shutting down and abandoning module WindowsMoviePlayer (82)
[2016.01.14-22.55.53:991][365]LogModuleManager: Shutting down and abandoning module Media (81)
[2016.01.14-22.55.53:991][365]LogModuleManager: Shutting down and abandoning module WmfMedia (80)
[2016.01.14-22.55.54:103][365]LogModuleManager: Shutting down and abandoning module OnlineBlueprintSupport (79)
[2016.01.14-22.55.54:103][365]LogModuleManager: Shutting down and abandoning module GameplayTasksEditor (78)
[2016.01.14-22.55.54:103][365]LogModuleManager: Shutting down and abandoning module PropertyEditor (77)
[2016.01.14-22.55.54:103][365]LogModuleManager: Shutting down and abandoning module BehaviorTreeEditor (76)
[2016.01.14-22.55.54:120][365]LogModuleManager: Shutting down and abandoning module FunctionalTesting (75)
[2016.01.14-22.55.54:120][365]LogModuleManager: Shutting down and abandoning module CollisionAnalyzer (74)
[2016.01.14-22.55.54:138][365]LogModuleManager: Shutting down and abandoning module WorkspaceMenuStructure (73)
[2016.01.14-22.55.54:138][365]LogModuleManager: Shutting down and abandoning module MessageLog (72)
[2016.01.14-22.55.54:138][365]LogModuleManager: Shutting down and abandoning module Sequencer (71)
[2016.01.14-22.55.54:138][365]LogModuleManager: Shutting down and abandoning module AssetTools (70)
[2016.01.14-22.55.54:138][365]LogModuleManager: Shutting down and abandoning module UMGEditor (69)
[2016.01.14-22.55.54:138][365]LogModuleManager: Shutting down and abandoning module UMG (68)
[2016.01.14-22.55.54:138][365]LogModuleManager: Shutting down and abandoning module Slate (67)
[2016.01.14-22.55.54:138][365]LogModuleManager: Shutting down and abandoning module EditorStyle (66)
[2016.01.14-22.55.54:143][365]LogModuleManager: Shutting down and abandoning module SessionServices (65)
[2016.01.14-22.55.54:143][365]LogModuleManager: Shutting down and abandoning module SourceCodeAccess (64)
[2016.01.14-22.55.54:143][365]LogModuleManager: Shutting down and abandoning module HeadMountedDisplay (63)
[2016.01.14-22.55.54:143][365]LogModuleManager: Shutting down and abandoning module XAudio2 (62)
[2016.01.14-22.55.54:144][365]LogModuleManager: Shutting down and abandoning module Networking (60)
[2016.01.14-22.55.54:144][365]LogModuleManager: Shutting down and abandoning module Core (59)
[2016.01.14-22.55.54:144][365]LogModuleManager: Shutting down and abandoning module KismetCompiler (58)
[2016.01.14-22.55.54:144][365]LogModuleManager: Shutting down and abandoning module PhysXFormats (57)
[2016.01.14-22.55.54:152][365]LogModuleManager: Shutting down and abandoning module MeshUtilities (56)
[2016.01.14-22.55.54:164][365]LogModuleManager: Shutting down and abandoning module CookingStats (55)
[2016.01.14-22.55.54:165][365]LogModuleManager: Shutting down and abandoning module DerivedDataCache (54)
[2016.01.14-22.55.54:233][365]LogDerivedDataCache: Shutdown
[2016.01.14-22.55.54:233][365]LogModuleManager: Shutting down and abandoning module ShaderFormatOpenGL (53)
[2016.01.14-22.55.54:253][365]LogModuleManager: Shutting down and abandoning module ShaderFormatD3D (52)
[2016.01.14-22.55.54:271][365]LogModuleManager: Shutting down and abandoning module MetalShaderFormat (51)
[2016.01.14-22.55.54:278][365]LogModuleManager: Shutting down and abandoning module TextureFormatUncompressed (50)
[2016.01.14-22.55.54:278][365]LogModuleManager: Shutting down and abandoning module TextureFormatPVR (49)
[2016.01.14-22.55.54:287][365]LogModuleManager: Shutting down and abandoning module TextureFormatIntelISPCTexComp (48)
[2016.01.14-22.55.54:302][365]LogModuleManager: Shutting down and abandoning module TextureFormatDXT (47)
[2016.01.14-22.55.54:302][365]LogModuleManager: Shutting down and abandoning module ImageWrapper (46)
[2016.01.14-22.55.54:302][365]LogModuleManager: Shutting down and abandoning module TextureFormatASTC (45)
[2016.01.14-22.55.54:302][365]LogModuleManager: Shutting down and abandoning module TextureFormatAndroid (44)
[2016.01.14-22.55.54:302][365]LogModuleManager: Shutting down and abandoning module AudioFormatOpus (43)
[2016.01.14-22.55.54:345][365]LogModuleManager: Shutting down and abandoning module AudioFormatOgg (42)
[2016.01.14-22.55.54:362][365]LogModuleManager: Shutting down and abandoning module AudioFormatADPCM (41)
[2016.01.14-22.55.54:384][365]LogModuleManager: Shutting down and abandoning module LinuxTargetPlatform (40)
[2016.01.14-22.55.54:384][365]LogModuleManager: Shutting down and abandoning module LinuxServerTargetPlatform (39)
[2016.01.14-22.55.54:407][365]LogModuleManager: Shutting down and abandoning module LinuxNoEditorTargetPlatform (38)
[2016.01.14-22.55.54:419][365]LogModuleManager: Shutting down and abandoning module Messaging (37)
[2016.01.14-22.55.54:419][365]LogModuleManager: Shutting down and abandoning module IOSTargetPlatform (36)
[2016.01.14-22.55.54:419][365]LogModuleManager: Shutting down and abandoning module HTML5TargetPlatform (35)
[2016.01.14-22.55.54:419][365]LogModuleManager: Shutting down and abandoning module Android_PVRTCTargetPlatform (34)
[2016.01.14-22.55.54:446][365]LogModuleManager: Shutting down and abandoning module Android_ETC2TargetPlatform (33)
[2016.01.14-22.55.54:452][365]LogModuleManager: Shutting down and abandoning module Android_ETC1TargetPlatform (32)
[2016.01.14-22.55.54:461][365]LogModuleManager: Shutting down and abandoning module Android_DXTTargetPlatform (31)
[2016.01.14-22.55.54:480][365]LogModuleManager: Shutting down and abandoning module Android_ATCTargetPlatform (30)
[2016.01.14-22.55.54:497][365]LogModuleManager: Shutting down and abandoning module Android_ASTCTargetPlatform (29)
[2016.01.14-22.55.54:506][365]LogModuleManager: Shutting down and abandoning module AndroidTargetPlatform (28)
[2016.01.14-22.55.54:524][365]LogModuleManager: Shutting down and abandoning module WindowsTargetPlatform (27)
[2016.01.14-22.55.54:524][365]LogModuleManager: Shutting down and abandoning module WindowsServerTargetPlatform (26)
[2016.01.14-22.55.54:526][365]LogModuleManager: Shutting down and abandoning module WindowsNoEditorTargetPlatform (25)
[2016.01.14-22.55.54:526][365]LogModuleManager: Shutting down and abandoning module WindowsClientTargetPlatform (24)
[2016.01.14-22.55.54:535][365]LogModuleManager: Shutting down and abandoning module AllDesktopTargetPlatform (23)
[2016.01.14-22.55.54:549][365]LogModuleManager: Shutting down and abandoning module TargetPlatform (22)
[2016.01.14-22.55.54:550][365]LogModuleManager: Shutting down and abandoning module InputCore (21)
[2016.01.14-22.55.54:550][365]LogModuleManager: Shutting down and abandoning module Settings (20)
[2016.01.14-22.55.54:550][365]LogModuleManager: Shutting down and abandoning module OnlineSubsystem (18)
[2016.01.14-22.55.54:550][365]LogModuleManager: Shutting down and abandoning module HTTP (17)
[2016.01.14-22.55.56:550][365]LogModuleManager: Shutting down and abandoning module XMPP (16)
[2016.01.14-22.55.56:579][365]LogModuleManager: Shutting down and abandoning module ExampleDeviceProfileSelector (15)
[2016.01.14-22.55.56:579][365]LogModuleManager: Shutting down and abandoning module TextureCompressor (14)
[2016.01.14-22.55.56:580][365]LogModuleManager: Shutting down and abandoning module ShaderCore (13)
[2016.01.14-22.55.56:580][365]LogModuleManager: Shutting down and abandoning module Landscape (12)
[2016.01.14-22.55.56:580][365]LogModuleManager: Shutting down and abandoning module SlateRHIRenderer (11)
[2016.01.14-22.55.56:587][365]LogModuleManager: Shutting down and abandoning module OpenGLDrv (10)
[2016.01.14-22.55.56:591][365]LogModuleManager: Shutting down and abandoning module D3D11RHI (9)
[2016.01.14-22.55.56:591][365]LogModuleManager: Shutting down and abandoning module AnimGraphRuntime (8)
[2016.01.14-22.55.56:591][365]LogModuleManager: Shutting down and abandoning module Renderer (7)
[2016.01.14-22.55.56:591][365]LogModuleManager: Shutting down and abandoning module Engine (6)
[2016.01.14-22.55.56:591][365]LogModuleManager: Shutting down and abandoning module CoreUObject (5)
[2016.01.14-22.55.56:591][365]LogModuleManager: Shutting down and abandoning module NetworkFile (4)
[2016.01.14-22.55.56:591][365]LogModuleManager: Shutting down and abandoning module StreamingFile (3)
[2016.01.14-22.55.56:592][365]LogModuleManager: Shutting down and abandoning module SandboxFile (2)
[2016.01.14-22.55.56:592][365]LogModuleManager: Shutting down and abandoning module PakFile (1)
[2016.01.14-22.55.56:598][365]LogExit: Exiting.
[2016.01.14-22.55.56:602][365]Log file closed, 01/14/16 19:55:56
