[2016.01.11-21.31.47:780][  0]Log file open, 01/11/16 18:31:47
[2016.01.11-21.31.47:780][  0]LogInit:Display: Running engine for game: BotonLuz
[2016.01.11-21.31.47:780][  0]LogInit:Display: RandInit(-858164074) SRandInit(-858164073).
[2016.01.11-21.31.47:780][  0]LogTaskGraph: Started task graph with 4 named threads and 5 total threads.
[2016.01.11-21.31.47:780][  0]LogStats: Stats thread started at 0.133045
[2016.01.11-21.31.47:780][  0]LogInit: Version: 4.9.2-2707645+++depot+UE4-Releases+4.9
[2016.01.11-21.31.47:780][  0]LogInit: API Version: 2672455
[2016.01.11-21.31.47:780][  0]LogInit: Compiled (64-bit): Sep 28 2015 10:25:44
[2016.01.11-21.31.47:780][  0]LogInit: Compiled with Visual C++: 18.00.21005.01
[2016.01.11-21.31.47:780][  0]LogInit: Build Configuration: Development
[2016.01.11-21.31.47:780][  0]LogInit: Branch Name: ++depot+UE4-Releases+4.9
[2016.01.11-21.31.47:780][  0]LogInit: Command line: 
[2016.01.11-21.31.47:780][  0]LogInit: Base directory: C:/Program Files/Epic Games/4.9/Engine/Binaries/Win64/
[2016.01.11-21.31.47:780][  0]LogInit: Rocket: 1
[2016.01.11-21.31.47:801][  0]LogInit: Using libcurl 7.41.0
[2016.01.11-21.31.47:801][  0]LogInit:  - built for x86_64-pc-win32
[2016.01.11-21.31.47:801][  0]LogInit:  - supports SSL with WinSSL
[2016.01.11-21.31.47:801][  0]LogInit:  - other features:
[2016.01.11-21.31.47:801][  0]LogInit:      CURL_VERSION_SSL
[2016.01.11-21.31.47:801][  0]LogInit:      CURL_VERSION_IPV6
[2016.01.11-21.31.47:801][  0]LogInit:      CURL_VERSION_ASYNCHDNS
[2016.01.11-21.31.47:801][  0]LogInit:      CURL_VERSION_LARGEFILE
[2016.01.11-21.31.47:801][  0]LogInit:      CURL_VERSION_IDN
[2016.01.11-21.31.47:801][  0]LogInit:  CurlRequestOptions (configurable via config and command line):
[2016.01.11-21.31.47:801][  0]LogInit:  - bVerifyPeer = true  - Libcurl will verify peer certificate
[2016.01.11-21.31.47:801][  0]LogInit:  - bUseHttpProxy = false  - Libcurl will NOT use HTTP proxy
[2016.01.11-21.31.47:801][  0]LogInit:  - bDontReuseConnections = false  - Libcurl will reuse connections
[2016.01.11-21.31.47:801][  0]LogInit:  - CertBundlePath = nullptr  - Libcurl will use whatever was configured at build time.
[2016.01.11-21.31.47:815][  0]LogInit: Presizing for 0 objects not considered by GC, pre-allocating 0 bytes.
[2016.01.11-21.31.47:827][  0]LogInit: Object subsystem initialized
[2016.01.11-21.31.47:829][  0]LogInit: Selected Device Profile: [Windows]
[2016.01.11-21.31.47:829][  0]LogInit: Applying CVar settings loaded from the selected device profile: [Windows]
[2016.01.11-21.31.47:851][  0]LogInit: Computer: TONGA-PC
[2016.01.11-21.31.47:851][  0]LogInit: User: Tonga
[2016.01.11-21.31.47:851][  0]LogInit: CPU Page size=4096, Cores=2
[2016.01.11-21.31.47:851][  0]LogInit: High frequency timer resolution =3.021875 MHz
[2016.01.11-21.31.47:851][  0]LogMemory: Memory total: Physical=7.9GB (8GB approx)
[2016.01.11-21.31.47:851][  0]LogMemory: Platform Memory Stats for Windows
[2016.01.11-21.31.47:851][  0]LogMemory: Process Physical Memory: 54.34 MB used, 54.34 MB peak
[2016.01.11-21.31.47:851][  0]LogMemory: Process Virtual Memory: 58.61 MB used, 58.61 MB peak
[2016.01.11-21.31.47:851][  0]LogMemory: Physical Memory: 5106.00 MB used, 8132.66 MB total
[2016.01.11-21.31.47:851][  0]LogMemory: Virtual Memory: 341.80 MB used, 8388608.00 MB total
[2016.01.11-21.31.48:939][  0]LogD3D11RHI: Found D3D11 adapter 0: NVIDIA GeForce GTX 750 Ti (Feature Level 11_0)
[2016.01.11-21.31.48:939][  0]LogD3D11RHI: Adapter has 1993MB of dedicated video memory, 0MB of dedicated system memory, and 2048MB of shared system memory, 1 output[s]
[2016.01.11-21.31.48:939][  0]LogD3D11RHI: Chosen D3D11 Adapter Id = 0
[2016.01.11-21.31.48:951][  0]LogD3D11RHI: !Direct3DDevice
[2016.01.11-21.31.48:951][  0]LogRHI: Texture pool is 1361 MB (70% of 1945 MB)
[2016.01.11-21.31.48:974][  0]LogD3D11RHI: Async texture creation enabled
[2016.01.11-21.31.48:992][  0]LogShaderCompilers: Guid format shader working directory is 15 characters bigger than the processId version (../../../../../../Users/Tonga/Documents/Facultad/Tesis/Repositorio/proygrad_fing/BotonLuz/Intermediate/Shaders/WorkingDirectory/7124/).
[2016.01.11-21.31.48:992][  0]LogShaderCompilers: Cleaned the shader compiler working directory '../../../../../../Users/Tonga/Documents/Facultad/Tesis/Repositorio/proygrad_fing/BotonLuz/Intermediate/Shaders/tmp/2AD4967D477380DF949C819D7961B7A5/'.
[2016.01.11-21.31.48:992][  0]LogShaderCompilers:Display: Using Local Shader Compiler.
[2016.01.11-21.31.50:858][  0]LogTemp:Display: Loaded TP AllDesktopTargetPlatform
[2016.01.11-21.31.50:870][  0]LogTemp:Display: Loaded TP WindowsClientTargetPlatform
[2016.01.11-21.31.50:886][  0]LogTemp:Display: Loaded TP WindowsNoEditorTargetPlatform
[2016.01.11-21.31.50:899][  0]LogTemp:Display: Loaded TP WindowsServerTargetPlatform
[2016.01.11-21.31.50:912][  0]LogTemp:Display: Loaded TP WindowsTargetPlatform
[2016.01.11-21.31.50:921][  0]LogTemp:Display: Loaded TP AndroidTargetPlatform
[2016.01.11-21.31.50:928][  0]LogTemp:Display: Loaded TP Android_ASTCTargetPlatform
[2016.01.11-21.31.50:935][  0]LogTemp:Display: Loaded TP Android_ATCTargetPlatform
[2016.01.11-21.31.50:945][  0]LogTemp:Display: Loaded TP Android_DXTTargetPlatform
[2016.01.11-21.31.50:955][  0]LogTemp:Display: Loaded TP Android_ETC1TargetPlatform
[2016.01.11-21.31.50:967][  0]LogTemp:Display: Loaded TP Android_ETC2TargetPlatform
[2016.01.11-21.31.50:980][  0]LogTemp:Display: Loaded TP Android_PVRTCTargetPlatform
[2016.01.11-21.31.50:987][  0]LogTemp:Display: Loaded TP HTML5TargetPlatform
[2016.01.11-21.31.51:023][  0]LogTemp:Display: Loaded TP IOSTargetPlatform
[2016.01.11-21.31.51:034][  0]LogTemp:Display: Loaded TP LinuxNoEditorTargetPlatform
[2016.01.11-21.31.51:043][  0]LogTemp:Display: Loaded TP LinuxServerTargetPlatform
[2016.01.11-21.31.51:057][  0]LogTemp:Display: Loaded TP LinuxTargetPlatform
[2016.01.11-21.31.51:057][  0]LogTargetPlatformManager:Display: Building Assets For Windows
[2016.01.11-21.31.51:266][  0]LogDerivedDataCache:Display: Max Cache Size: 512 MB
[2016.01.11-21.31.51:425][  0]LogDerivedDataCache: Loaded boot cache 0.16s 41MB C:/Users/Tonga/AppData/Local/UnrealEngine/4.9/DerivedDataCache/Boot.ddc.
[2016.01.11-21.31.51:425][  0]LogDerivedDataCache:Display: Loaded Boot cache: C:/Users/Tonga/AppData/Local/UnrealEngine/4.9/DerivedDataCache/Boot.ddc
[2016.01.11-21.31.51:425][  0]LogDerivedDataCache: FDerivedDataBackendGraph:  Pak pak cache file ../../../../../../Users/Tonga/Documents/Facultad/Tesis/Repositorio/proygrad_fing/BotonLuz/DerivedDataCache/DDC.ddp not found, will not use a pak cache.
[2016.01.11-21.31.51:425][  0]LogDerivedDataCache: Unable to find inner node Pak for hierarchical cache Hierarchy.
[2016.01.11-21.31.51:425][  0]LogDerivedDataCache: FDerivedDataBackendGraph:  CompressedPak pak cache file ../../../../../../Users/Tonga/Documents/Facultad/Tesis/Repositorio/proygrad_fing/BotonLuz/DerivedDataCache/Compressed.ddp not found, will not use a pak cache.
[2016.01.11-21.31.51:425][  0]LogDerivedDataCache: Unable to find inner node CompressedPak for hierarchical cache Hierarchy.
[2016.01.11-21.31.51:645][  0]LogDerivedDataCache:Display: Pak cache opened for reading ../../../Engine/DerivedDataCache/Compressed.ddp.
[2016.01.11-21.31.51:657][  0]LogDerivedDataCache: Using Local data cache path C:/Users/Tonga/AppData/Local/UnrealEngine/Common/DerivedDataCache: Writable
[2016.01.11-21.31.52:017][  0]LogInit: Selected Device Profile: [Windows]
[2016.01.11-21.31.52:018][  0]LogContentStreaming: Texture pool size is 0.000000MB
[2016.01.11-21.31.52:064][  0]LogMeshUtilities: No automatic mesh reduction module available
[2016.01.11-21.31.52:064][  0]LogMeshUtilities: No automatic mesh merging module available
[2016.01.11-21.31.52:733][  0]LogInit: WinSock: version 1.1 (2.2), MaxSocks=32767, MaxUdp=65467
[2016.01.11-21.31.54:522][  0]UdpMessaging: Initializing bridge on interface 0.0.0.0:0 to multicast group 230.0.0.1:6666.
[2016.01.11-21.31.54:672][  0]LogAssetRegistry: FAssetRegistry took 0.0101 seconds to start up
[2016.01.11-21.31.55:019][  0]SourceControl: Info Source control is disabled
[2016.01.11-21.31.55:020][  0]SourceControl: Info Source control is disabled
[2016.01.11-21.31.55:045][  0]SourceControl: Info Source control is disabled
[2016.01.11-21.31.55:069][  0]SourceControl: Info Source control is disabled
[2016.01.11-21.31.55:404][  0]LogLinker:Warning: Asset '../../../Engine/Plugins/Runtime/LeapMotionController/Content/LM_PassthroughMaterial.uasset' has been saved with empty engine version. The asset will be loaded but may be incompatible.
[2016.01.11-21.31.55:563][  0]LogObj: 28361 objects as part of root set at end of initial load.
[2016.01.11-21.31.55:563][  0]LogUObjectAllocator: 6038864 out of 0 bytes used by permanent object pool.
[2016.01.11-21.31.55:648][  0]LogEngine: Initializing Engine...
[2016.01.11-21.31.55:652][  0]OCULUS: Info: 01/11/16 21:31:55: [CAPI] LibOVR module is located at C:\Windows\system32\LibOVRRT64_0_7.dll

[2016.01.11-21.31.56:154][  0]OCULUS: Error: 01/11/16 21:31:56: [CAPI] ovr_Create failed to complete within the timeout period.
[2016.01.11-21.31.56:157][  0]LogHMD: SteamVR failed to initialize.  Err: 110
[2016.01.11-21.31.56:367][  0]LogAIModule: Creating AISystem for world NewWorld
[2016.01.11-21.31.56:379][  0]LogInit: XAudio2 using 'Altavoces (Realtek High Definition Audio)' : 2 channels at 48 kHz using 32 bits per sample (channel mask 0x3)
[2016.01.11-21.31.56:410][  0]LogInit: FAudioDevice initialized.
[2016.01.11-21.31.56:456][  0]LogDerivedDataCache: Saved boot cache 0.05s 41MB C:/Users/Tonga/AppData/Local/UnrealEngine/4.9/DerivedDataCache/Boot.ddc.
[2016.01.11-21.31.56:471][  0]LogInit: Texture streaming: Enabled
[2016.01.11-21.31.56:486][  0]LogAnalytics: Creating configured Analytics provider AnalyticsET
[2016.01.11-21.31.56:486][  0]LogAnalytics: [UEEditor.Rocket.Release] APIServer = http://et2.epicgames.com/ET2/. AppVersion = 4.9.2-2707645+++depot+UE4-Releases+4.9
[2016.01.11-21.31.56:486][  0]LogAnalytics: [UEEditor.Rocket.Release] SetUserId d2bef611456171cb171d15a4a42cb182|6ac59fa8cbb647a4b14c5a548cbd3b91|31fc86a8-acb9-451a-b082-adf3974f05a6
[2016.01.11-21.31.56:487][  0]LogAnalytics: [UEEditor.Rocket.Release] AnalyticsET::StartSession
[2016.01.11-21.31.56:596][  0]LogInit: Transaction tracking system initialized
[2016.01.11-21.31.56:671][  0]BlueprintLog: New page: Editor Load
[2016.01.11-21.31.56:898][  0]LocalizationService: Info Localization service is disabled
[2016.01.11-21.31.57:110][  0]LogConsoleResponse:Display: 
[2016.01.11-21.31.57:326][  0]LogCook:Display: Done creating registry. It took  0.00s.
[2016.01.11-21.31.57:496][  0]LogFileCache: Scanning file cache for directory 'C:/Users/Tonga/Documents/Facultad/Tesis/Repositorio/proygrad_fing/BotonLuz/Content/' took 0.01s
[2016.01.11-21.31.57:496][  0]SourceControl: Info Source control is disabled
[2016.01.11-21.51.59:213][  0]LogWindowsTextInputMethodSystem:Display: IME system now deactivated.
[2016.01.11-21.52.02:831][  0]LogWindowsTextInputMethodSystem:Display: IME system now deactivated.
[2016.01.11-21.52.02:832][  0]Cmd: MAP LOAD FILE="../../../Engine/Content/Maps/Templates/Template_Default.umap" TEMPLATE=1 SHOWPROGRESS=1 FEATURELEVEL=3
[2016.01.11-21.52.02:834][  0]LightingResults: New page: Lighting Build
[2016.01.11-21.52.02:842][  0]MapCheck: New page: Map Check
[2016.01.11-21.52.02:842][  0]LightingResults: New page: Lighting Build
[2016.01.11-21.52.02:869][  0]LogParticles: Destroying 0 GPU particle simulations for FXSystem 0x0000000024F36160
[2016.01.11-21.52.03:303][  0]LogAIModule: Creating AISystem for world Untitled_1
[2016.01.11-21.52.03:314][  0]LogEditorServer: Finished looking for orphan Actors (0.000 secs)
[2016.01.11-21.52.03:330][  0]Cmd: MAP CHECKDEP NOCLEARLOG
[2016.01.11-21.52.03:483][  0]MapCheck: Info Map check complete: 0 Error(s), 0 Warning(s), took 152.892ms to complete.
[2016.01.11-21.52.03:483][  0]LogFileHelpers: Loading map 'Template_Default' took 0.651
[2016.01.11-21.52.03:776][  0]LogCollectionManager: Loaded 0 collections in 0.010010 seconds
[2016.01.11-21.52.03:825][  0]LogFileCache: Scanning file cache for directory 'C:/Users/Tonga/Documents/Facultad/Tesis/Repositorio/proygrad_fing/BotonLuz/Saved/Collections/' took 0.01s
[2016.01.11-21.52.03:825][  0]LogFileCache: Scanning file cache for directory 'C:/Users/Tonga/Documents/Facultad/Tesis/Repositorio/proygrad_fing/BotonLuz/Content/Developers/Tonga/Collections/' took 0.01s
[2016.01.11-21.52.03:825][  0]LogFileCache: Scanning file cache for directory 'C:/Users/Tonga/Documents/Facultad/Tesis/Repositorio/proygrad_fing/BotonLuz/Content/Collections/' took 0.01s
[2016.01.11-21.52.03:825][  0]LogContentBrowser: Native class hierarchy populated in 0.0136 seconds. Added 1867 classes and 333 folders.
[2016.01.11-21.52.03:852][  0]LogCollectionManager: Rebuilt the GUID cache for 0 collections in 0.000004 seconds
[2016.01.11-21.52.03:863][  0]LogContentBrowser: Native class hierarchy updated for 'WidgetCarousel' in 0.0006 seconds. Added 0 classes and 0 folders.
[2016.01.11-21.52.04:349][  0]LogContentBrowser: Native class hierarchy updated for 'AddContentDialog' in 0.0005 seconds. Added 0 classes and 0 folders.
[2016.01.11-21.52.04:407][  0]LogContentBrowser: Native class hierarchy updated for 'SceneOutliner' in 0.0006 seconds. Added 1 classes and 2 folders.
[2016.01.11-21.52.04:679][  0]LogCrashTracker: Crashtracker disabled due to settings.
[2016.01.11-21.52.04:704][  0]LogUObjectGlobals:Warning: Failed to find object 'Class None.'
[2016.01.11-21.52.04:742][  0]LogStats:Warning: MetaData mismatch. Did you assign a stat to two groups? New //STATGROUP_Threads//SplashScreenThread///Thread_17e0_0///####STATCAT_Advanced#### old //STATGROUP_Threads//SplashScreenThread///Thread_1fc8_0///####STATCAT_Advanced####
[2016.01.11-21.52.04:742][  0]LogLoad: Full Startup: 1218.19 seconds (BP compile: 0.07 seconds)
[2016.01.11-21.52.05:177][  0]LogContentStreaming: Texture pool size now 1000 MB
[2016.01.11-21.52.05:383][  0]LogRenderer: Reallocating scene render targets to support 1144x576 (Frame:2).
[2016.01.11-21.52.06:599][  4]LogAssetRegistry: Asset discovery search completed in 1211.9273 seconds
[2016.01.11-21.52.06:599][  4]LogCollectionManager: Rebuilt the object cache for 0 collections in 0.000001 seconds (found 0 objects)
[2016.01.11-21.52.06:599][  4]LogCollectionManager: Fixed up redirectors for 0 collections in 0.000035 seconds (updated 0 objects)
[2016.01.11-21.52.12:697][ 27]LogAIModule: Creating AISystem for world Inicio
[2016.01.11-21.52.12:761][ 27]Cmd: MAP LOAD FILE="../../../../../../Users/Tonga/Documents/Facultad/Tesis/Repositorio/proygrad_fing/BotonLuz/Content/Inicio.umap" TEMPLATE=0 SHOWPROGRESS=1 FEATURELEVEL=3
[2016.01.11-21.52.12:761][ 27]LightingResults: New page: Lighting Build
[2016.01.11-21.52.12:794][ 27]LoadErrors: New page: Loading map: Inicio.umap
[2016.01.11-21.52.12:800][ 27]MapCheck: New page: Map Check
[2016.01.11-21.52.12:800][ 27]LightingResults: New page: Lighting Build
[2016.01.11-21.52.12:826][ 27]LogParticles: Destroying 0 GPU particle simulations for FXSystem 0x000000001ACEF100
[2016.01.11-21.52.12:886][ 27]LogEditorServer: Finished looking for orphan Actors (0.000 secs)
[2016.01.11-21.52.12:933][ 27]Cmd: MAP CHECKDEP NOCLEARLOG
[2016.01.11-21.52.13:054][ 27]MapCheck: Info Map check complete: 0 Error(s), 0 Warning(s), took 120.048ms to complete.
[2016.01.11-21.52.13:054][ 27]LogFileHelpers: Loading map 'Inicio' took 0.294
[2016.01.11-21.52.17:765][439]LogLinker:Warning: Asset '../../../Engine/Content/ArtTools/RenderToTexture/Macros/RenderToTextureMacros.uasset' has been saved with empty engine version. The asset will be loaded but may be incompatible.
[2016.01.11-21.52.18:594][439]LogContentBrowser: Native class hierarchy updated for 'BlueprintGraph' in 0.0010 seconds. Added 107 classes and 0 folders.
[2016.01.11-21.52.21:936][578]LogBlueprintUserMessages: Early PlayInEditor Detection: Level '/Game/Inicio.Inicio:PersistentLevel' has LevelScriptBlueprint '/Game/Inicio.Inicio:PersistentLevel.Inicio' with GeneratedClass '/Game/Inicio.Inicio_C' with ClassGeneratedBy '/Game/Inicio.Inicio:PersistentLevel.Inicio'
[2016.01.11-21.52.21:936][578]LogPlayLevel: PlayLevel: No blueprints needed recompiling
[2016.01.11-21.52.22:040][578]PIE: New page: SIE session: Inicio (Jan 11, 2016, 3:52:21 PM)
[2016.01.11-21.52.22:040][578]LogPlayLevel: Creating play world package: /Game/UEDPIE_0_Inicio
[2016.01.11-21.52.22:045][578]LogPlayLevel: PIE: StaticDuplicateObject took: (0.005186s)
[2016.01.11-21.52.22:047][578]LogAIModule: Creating AISystem for world Inicio
[2016.01.11-21.52.22:047][578]LogPlayLevel: PIE: World Init took: (0.001871s)
[2016.01.11-21.52.22:047][578]LogPlayLevel: PIE: Created PIE world by copying editor world from /Game/Inicio.Inicio to /Game/UEDPIE_0_Inicio.Inicio (0.007349s)
[2016.01.11-21.52.22:089][578]LogParticles: Destroying 0 GPU particle simulations for FXSystem 0x0000000008794720
[2016.01.11-21.52.22:091][578]LogParticles: Destroying 0 GPU particle simulations for FXSystem 0x000000002935A200
[2016.01.11-21.52.22:101][578]LogInit: XAudio2 using 'Altavoces (Realtek High Definition Audio)' : 2 channels at 48 kHz using 32 bits per sample (channel mask 0x3)
[2016.01.11-21.52.22:131][578]LogInit: FAudioDevice initialized.
[2016.01.11-21.52.22:211][578]LogWorld: Game class is 'GameMode'
[2016.01.11-21.52.22:214][578]LogWorld: Bringing World /Game/UEDPIE_0_Inicio.Inicio up for play (max tick rate 0) at 2016.01.11-18.52.22
[2016.01.11-21.52.22:214][578]LogActor:Warning: GameSession /Game/UEDPIE_0_Inicio.Inicio:PersistentLevel.GameSession_0 has natively added scene component(s), but none of them were set as the actor's RootComponent - picking one arbitrarily
[2016.01.11-21.52.22:214][578]LogActor:Warning: GameNetworkManager /Game/UEDPIE_0_Inicio.Inicio:PersistentLevel.GameNetworkManager_0 has natively added scene component(s), but none of them were set as the actor's RootComponent - picking one arbitrarily
[2016.01.11-21.52.22:215][578]LogWorld: Bringing up level for play took: 0.002995
[2016.01.11-21.52.22:219][578]PIE: Info Play in editor start time for /Game/UEDPIE_0_Inicio 0.496
[2016.01.11-21.52.22:235][578]LogBlueprintUserMessages: Late PlayInEditor Detection: Level '/Game/Inicio.Inicio:PersistentLevel' has LevelScriptBlueprint '/Game/Inicio.Inicio:PersistentLevel.Inicio' with GeneratedClass '/Game/Inicio.Inicio_C' with ClassGeneratedBy '/Game/Inicio.Inicio:PersistentLevel.Inicio'
[2016.01.11-21.52.24:480][687]PIE:Warning: Warning Mobility of PointLight_0 : LightComponent0 has to be 'Movable' if you'd like to Mobility of {0} : {1} has to be 'Movable' if you'd like to {2}. . 
[2016.01.11-21.52.24:481][687]LogScript:Warning: Accessed None 'elementoListaLuces'
	PanelLuces_C /Engine/Transient.UnrealEdEngine_0:GameInstance_0.PanelLuces_C_2
	Function /Game/PanelLuces.PanelLuces_C:ExecuteUbergraph_PanelLuces:0CC5
[2016.01.11-21.53.37:788][751]PIE:Warning: Warning Mobility of PointLight_1 : LightComponent0 has to be 'Movable' if you'd like to Mobility of {0} : {1} has to be 'Movable' if you'd like to {2}. . 
[2016.01.11-21.53.37:788][751]LogScript:Warning: Accessed None 'elementoListaLuces'
	PanelLuces_C /Engine/Transient.UnrealEdEngine_0:GameInstance_0.PanelLuces_C_2
	Function /Game/PanelLuces.PanelLuces_C:ExecuteUbergraph_PanelLuces:0CC5
[2016.01.11-21.53.38:098][777]PIE:Warning: Warning Mobility of PointLight_2 : LightComponent0 has to be 'Movable' if you'd like to Mobility of {0} : {1} has to be 'Movable' if you'd like to {2}. . 
[2016.01.11-21.53.38:098][777]LogScript:Warning: Accessed None 'elementoListaLuces'
	PanelLuces_C /Engine/Transient.UnrealEdEngine_0:GameInstance_0.PanelLuces_C_2
	Function /Game/PanelLuces.PanelLuces_C:ExecuteUbergraph_PanelLuces:0CC5
[2016.01.11-21.53.38:226][785]PIE:Warning: Warning Mobility of PointLight_3 : LightComponent0 has to be 'Movable' if you'd like to Mobility of {0} : {1} has to be 'Movable' if you'd like to {2}. . 
[2016.01.11-21.53.38:226][785]LogScript:Warning: Accessed None 'elementoListaLuces'
	PanelLuces_C /Engine/Transient.UnrealEdEngine_0:GameInstance_0.PanelLuces_C_2
	Function /Game/PanelLuces.PanelLuces_C:ExecuteUbergraph_PanelLuces:0CC5
[2016.01.11-21.53.38:359][793]PIE:Warning: Warning Mobility of PointLight_4 : LightComponent0 has to be 'Movable' if you'd like to Mobility of {0} : {1} has to be 'Movable' if you'd like to {2}. . 
[2016.01.11-21.53.38:359][793]LogScript:Warning: Accessed None 'elementoListaLuces'
	PanelLuces_C /Engine/Transient.UnrealEdEngine_0:GameInstance_0.PanelLuces_C_2
	Function /Game/PanelLuces.PanelLuces_C:ExecuteUbergraph_PanelLuces:0CC5
[2016.01.11-21.53.38:503][802]PIE:Warning: Warning Mobility of PointLight_5 : LightComponent0 has to be 'Movable' if you'd like to Mobility of {0} : {1} has to be 'Movable' if you'd like to {2}. . 
[2016.01.11-21.53.38:503][802]LogScript:Warning: Accessed None 'elementoListaLuces'
	PanelLuces_C /Engine/Transient.UnrealEdEngine_0:GameInstance_0.PanelLuces_C_2
	Function /Game/PanelLuces.PanelLuces_C:ExecuteUbergraph_PanelLuces:0CC5
[2016.01.11-21.53.44:751][264]PIE:Warning: Warning Mobility of DirectionalLight_0 : LightComponent0 has to be 'Movable' if you'd like to Mobility of {0} : {1} has to be 'Movable' if you'd like to {2}. . 
[2016.01.11-21.53.44:751][264]LogScript:Warning: Accessed None 'elementoListaLuces'
	PanelLuces_C /Engine/Transient.UnrealEdEngine_0:GameInstance_0.PanelLuces_C_2
	Function /Game/PanelLuces.PanelLuces_C:ExecuteUbergraph_PanelLuces:0CC5
[2016.01.11-21.53.47:855][484]LogBlueprintUserMessages: Early EndPlayMap Detection: Level '/Game/Inicio.Inicio:PersistentLevel' has LevelScriptBlueprint '/Game/Inicio.Inicio:PersistentLevel.Inicio' with GeneratedClass '/Game/Inicio.Inicio_C' with ClassGeneratedBy '/Game/Inicio.Inicio:PersistentLevel.Inicio'
[2016.01.11-21.53.47:924][484]LogBlueprintUserMessages: Late EndPlayMap Detection: Level '/Game/Inicio.Inicio:PersistentLevel' has LevelScriptBlueprint '/Game/Inicio.Inicio:PersistentLevel.Inicio' with GeneratedClass '/Game/Inicio.Inicio_C' with ClassGeneratedBy '/Game/Inicio.Inicio:PersistentLevel.Inicio'
[2016.01.11-21.53.47:975][484]LogParticles: Destroying 0 GPU particle simulations for FXSystem 0x00000000510D4CC0
[2016.01.11-21.59.42:251][ 56]Cmd: MAP LOAD FILE="../../../../../../Users/Tonga/Documents/Facultad/Tesis/Repositorio/proygrad_fing/BotonLuz/Content/Inicio.umap" TEMPLATE=0 SHOWPROGRESS=1 FEATURELEVEL=3
[2016.01.11-21.59.42:251][ 56]LightingResults: New page: Lighting Build
[2016.01.11-21.59.42:295][ 56]LoadErrors: New page: Loading map: Inicio.umap
[2016.01.11-21.59.42:296][ 56]MapCheck: New page: Map Check
[2016.01.11-21.59.42:296][ 56]LightingResults: New page: Lighting Build
[2016.01.11-21.59.42:339][ 56]LogParticles: Destroying 0 GPU particle simulations for FXSystem 0x0000000029AA0180
[2016.01.11-21.59.42:374][ 56]LogAIModule: Creating AISystem for world Inicio
[2016.01.11-21.59.42:493][ 56]LogEditorServer: Finished looking for orphan Actors (0.000 secs)
[2016.01.11-21.59.42:544][ 56]Cmd: MAP CHECKDEP NOCLEARLOG
[2016.01.11-21.59.42:675][ 56]MapCheck: Info Map check complete: 0 Error(s), 0 Warning(s), took 130.902ms to complete.
[2016.01.11-21.59.42:676][ 56]LogFileHelpers: Loading map 'Inicio' took 0.426
[2016.01.11-22.03.04:908][876]LogBlueprintUserMessages: CustomizeDetails for Blueprint 'PanelLuces', cached variable property's owner is '/Game/PanelLuces.SKEL_PanelLuces_C'
[2016.01.11-22.03.25:903][302]LogBlueprintUserMessages: CustomizeDetails for Blueprint 'PanelLuces', cached variable property's owner is '/Game/PanelLuces.SKEL_PanelLuces_C'
[2016.01.11-22.03.27:153][387]LogBlueprintUserMessages: CustomizeDetails for Blueprint 'PanelLuces', cached variable property's owner is '/Game/PanelLuces.SKEL_PanelLuces_C'
[2016.01.11-22.04.24:405][860]LogBlueprintUserMessages: CustomizeDetails for Blueprint 'PanelLuces', cached variable property's owner is '/Game/PanelLuces.SKEL_PanelLuces_C'
[2016.01.11-22.04.24:429][861]LogBlueprintUserMessages: CustomizeDetails for Blueprint 'PanelLuces', cached variable property's owner is '/Game/PanelLuces.SKEL_PanelLuces_C'
[2016.01.11-22.04.35:431][466]LogBlueprintUserMessages: CustomizeDetails for Blueprint 'PanelLuces', cached variable property's owner is '/Game/PanelLuces.SKEL_PanelLuces_C'
[2016.01.11-22.04.38:133][637]Cmd: OBJ SAVEPACKAGE PACKAGE="/Game/PanelLuces" FILE="../../../../../../Users/Tonga/Documents/Facultad/Tesis/Repositorio/proygrad_fing/BotonLuz/Content/PanelLuces.uasset" SILENT=true
[2016.01.11-22.04.38:435][637]LogSavePackage: Save=238.902344ms
[2016.01.11-22.04.38:435][637]LogSavePackage: Moving '../../../../../../Users/Tonga/Documents/Facultad/Tesis/Repositorio/proygrad_fing/BotonLuz/Saved/PanelLucesE35C2C1246685DB172A735919D6B8768.tmp' to '../../../../../../Users/Tonga/Documents/Facultad/Tesis/Repositorio/proygrad_fing/BotonLuz/Content/PanelLuces.uasset'
[2016.01.11-22.04.38:440][637]LogSavePackage: Total save time: 304.932535ms
[2016.01.11-22.04.38:441][637]LogSavePackage:Warning: Finished SavePackage ../../../../../../Users/Tonga/Documents/Facultad/Tesis/Repositorio/proygrad_fing/BotonLuz/Content/PanelLuces.uasset
[2016.01.11-22.09.50:421][735]LogFileHelpers: Editor autosave (incl. sublevels) for '/Game/Inicio' took 0.062
[2016.01.11-22.09.50:428][735]OBJ SavePackage: Generating thumbnails for [0] asset(s) in package [/Game/ElementoListaLuzAgregada] ([1] browsable assets)...
[2016.01.11-22.09.50:428][735]OBJ SavePackage: Finished generating thumbnails for package [/Game/ElementoListaLuzAgregada]
[2016.01.11-22.09.50:444][735]LogSavePackage: Save=13.107425ms
[2016.01.11-22.09.50:444][735]LogSavePackage: Moving '../../../../../../Users/Tonga/Documents/Facultad/Tesis/Repositorio/proygrad_fing/BotonLuz/Saved/ElementoListaLuzAgregada_Auto1852A6F24458177E2D2B1BE9276A154CF.tmp' to '../../../../../../Users/Tonga/Documents/Facultad/Tesis/Repositorio/proygrad_fing/BotonLuz/Saved/Autosaves/Game/ElementoListaLuzAgregada_Auto1.uasset'
[2016.01.11-22.09.50:446][735]LogSavePackage: Total save time: 15.888479ms
[2016.01.11-22.09.50:446][735]LogSavePackage:Warning: Finished SavePackage ../../../../../../Users/Tonga/Documents/Facultad/Tesis/Repositorio/proygrad_fing/BotonLuz/Saved/Autosaves/Game/ElementoListaLuzAgregada_Auto1.uasset
[2016.01.11-22.09.50:446][735]LogFileHelpers: Auto-saving content packages took 0.025
[2016.01.11-22.22.13:565][877]LogParticles: Destroying 0 GPU particle simulations for FXSystem 0x000000005A59C860
[2016.01.11-22.22.13:570][877]LogFileHelpers: Editor autosave (incl. sublevels) for '/Game/Inicio' took 0.057
[2016.01.11-22.22.13:577][877]OBJ SavePackage: Generating thumbnails for [0] asset(s) in package [/Game/PanelLuces] ([1] browsable assets)...
[2016.01.11-22.22.13:577][877]OBJ SavePackage: Finished generating thumbnails for package [/Game/PanelLuces]
[2016.01.11-22.22.13:858][877]LogSavePackage: Save=210.011658ms
[2016.01.11-22.22.13:858][877]LogSavePackage: Moving '../../../../../../Users/Tonga/Documents/Facultad/Tesis/Repositorio/proygrad_fing/BotonLuz/Saved/PanelLuces_Auto2FD8AE02B476DB42568EDFC9BBC434B08.tmp' to '../../../../../../Users/Tonga/Documents/Facultad/Tesis/Repositorio/proygrad_fing/BotonLuz/Saved/Autosaves/Game/PanelLuces_Auto2.uasset'
[2016.01.11-22.22.13:860][877]LogSavePackage: Total save time: 281.332288ms
[2016.01.11-22.22.13:860][877]LogSavePackage:Warning: Finished SavePackage ../../../../../../Users/Tonga/Documents/Facultad/Tesis/Repositorio/proygrad_fing/BotonLuz/Saved/Autosaves/Game/PanelLuces_Auto2.uasset
[2016.01.11-22.22.13:860][877]LogFileHelpers: Auto-saving content packages took 0.290
[2016.01.11-22.24.39:996][120]LogBlueprintUserMessages: CustomizeDetails for Blueprint 'PanelLuces', cached variable property's owner is '/Game/PanelLuces.SKEL_PanelLuces_C'
[2016.01.11-22.24.45:172][450]LogBlueprintUserMessages: CustomizeDetails for Blueprint 'PanelLuces', cached variable property's owner is '/Game/PanelLuces.SKEL_PanelLuces_C'
[2016.01.11-22.31.04:191][ 84]Cmd: OBJ SAVEPACKAGE PACKAGE="/Game/PanelLuces" FILE="../../../../../../Users/Tonga/Documents/Facultad/Tesis/Repositorio/proygrad_fing/BotonLuz/Content/PanelLuces.uasset" SILENT=true
[2016.01.11-22.31.04:465][ 84]LogSavePackage: Save=215.781586ms
[2016.01.11-22.31.04:465][ 84]LogSavePackage: Moving '../../../../../../Users/Tonga/Documents/Facultad/Tesis/Repositorio/proygrad_fing/BotonLuz/Saved/PanelLuces92A642D54760CD013712CAA0E03164EB.tmp' to '../../../../../../Users/Tonga/Documents/Facultad/Tesis/Repositorio/proygrad_fing/BotonLuz/Content/PanelLuces.uasset'
[2016.01.11-22.31.04:469][ 84]LogSavePackage: Total save time: 277.001861ms
[2016.01.11-22.31.04:469][ 84]LogSavePackage:Warning: Finished SavePackage ../../../../../../Users/Tonga/Documents/Facultad/Tesis/Repositorio/proygrad_fing/BotonLuz/Content/PanelLuces.uasset
[2016.01.11-22.31.47:796][187]LogBlueprintUserMessages: CustomizeDetails for Blueprint 'PanelLuces', cached variable property's owner is '/Game/PanelLuces.SKEL_PanelLuces_C'
[2016.01.11-22.32.04:578][231]Cmd: OBJ SAVEPACKAGE PACKAGE="/Game/PanelLuces" FILE="../../../../../../Users/Tonga/Documents/Facultad/Tesis/Repositorio/proygrad_fing/BotonLuz/Content/PanelLuces.uasset" SILENT=true
[2016.01.11-22.32.04:823][231]LogSavePackage: Save=224.364014ms
[2016.01.11-22.32.04:823][231]LogSavePackage: Moving '../../../../../../Users/Tonga/Documents/Facultad/Tesis/Repositorio/proygrad_fing/BotonLuz/Saved/PanelLucesAA993308403E64D234272C92E0CC16BA.tmp' to '../../../../../../Users/Tonga/Documents/Facultad/Tesis/Repositorio/proygrad_fing/BotonLuz/Content/PanelLuces.uasset'
[2016.01.11-22.32.04:827][231]LogSavePackage: Total save time: 247.639295ms
[2016.01.11-22.32.04:828][231]LogSavePackage:Warning: Finished SavePackage ../../../../../../Users/Tonga/Documents/Facultad/Tesis/Repositorio/proygrad_fing/BotonLuz/Content/PanelLuces.uasset
[2016.01.11-22.32.04:992][241]BlueprintLog: New page: Compile PanelLuces
[2016.01.11-22.32.05:201][241]BlueprintEditorCompileResults: Info [3618.63] Compile of PanelLuces successful! [in 208 ms]
[2016.01.11-22.32.13:324][791]LogBlueprintUserMessages: Early PlayInEditor Detection: Level '/Game/Inicio.Inicio:PersistentLevel' has LevelScriptBlueprint '/Game/Inicio.Inicio:PersistentLevel.Inicio' with GeneratedClass '/Game/Inicio.Inicio_C' with ClassGeneratedBy '/Game/Inicio.Inicio:PersistentLevel.Inicio'
[2016.01.11-22.32.13:325][791]BlueprintLog: New page: Pre-Play auto-recompile
[2016.01.11-22.32.13:325][791]LogPlayLevel: [PlayLevel] Compiling ElementoListaLuzAgregada before play...
[2016.01.11-22.32.13:377][791]LogPlayLevel: PlayLevel: Blueprint regeneration took 52 ms (1 blueprints)
[2016.01.11-22.32.13:430][791]PIE: New page: SIE session: Inicio (Jan 11, 2016, 4:32:13 PM)
[2016.01.11-22.32.13:430][791]LogPlayLevel: Creating play world package: /Game/UEDPIE_0_Inicio
[2016.01.11-22.32.13:435][791]LogPlayLevel: PIE: StaticDuplicateObject took: (0.004632s)
[2016.01.11-22.32.13:436][791]LogAIModule: Creating AISystem for world Inicio
[2016.01.11-22.32.13:436][791]LogPlayLevel: PIE: World Init took: (0.001185s)
[2016.01.11-22.32.13:436][791]LogPlayLevel: PIE: Created PIE world by copying editor world from /Game/Inicio.Inicio to /Game/UEDPIE_0_Inicio.Inicio (0.006041s)
[2016.01.11-22.32.13:491][791]LogInit: XAudio2 using 'Altavoces (Realtek High Definition Audio)' : 2 channels at 48 kHz using 32 bits per sample (channel mask 0x3)
[2016.01.11-22.32.13:513][791]LogInit: FAudioDevice initialized.
[2016.01.11-22.32.13:551][791]LogWorld: Game class is 'GameMode'
[2016.01.11-22.32.13:554][791]LogWorld: Bringing World /Game/UEDPIE_0_Inicio.Inicio up for play (max tick rate 0) at 2016.01.11-19.32.13
[2016.01.11-22.32.13:554][791]LogActor:Warning: GameSession /Game/UEDPIE_0_Inicio.Inicio:PersistentLevel.GameSession_1 has natively added scene component(s), but none of them were set as the actor's RootComponent - picking one arbitrarily
[2016.01.11-22.32.13:555][791]LogActor:Warning: GameNetworkManager /Game/UEDPIE_0_Inicio.Inicio:PersistentLevel.GameNetworkManager_1 has natively added scene component(s), but none of them were set as the actor's RootComponent - picking one arbitrarily
[2016.01.11-22.32.13:555][791]LogWorld: Bringing up level for play took: 0.002609
[2016.01.11-22.32.13:559][791]PIE: Info Play in editor start time for /Game/UEDPIE_0_Inicio -0.186
[2016.01.11-22.32.13:561][791]LogBlueprintUserMessages: Late PlayInEditor Detection: Level '/Game/Inicio.Inicio:PersistentLevel' has LevelScriptBlueprint '/Game/Inicio.Inicio:PersistentLevel.Inicio' with GeneratedClass '/Game/Inicio.Inicio_C' with ClassGeneratedBy '/Game/Inicio.Inicio:PersistentLevel.Inicio'
[2016.01.11-22.32.15:210][862]PIE:Warning: Warning Mobility of PointLight_6 : LightComponent0 has to be 'Movable' if you'd like to Mobility of {0} : {1} has to be 'Movable' if you'd like to {2}. . 
[2016.01.11-22.32.15:210][862]LogScript:Warning: Accessed None 'elementoListaLuces'
	PanelLuces_C /Engine/Transient.UnrealEdEngine_0:GameInstance_1.PanelLuces_C_1
	Function /Game/PanelLuces.PanelLuces_C:ExecuteUbergraph_PanelLuces:0CBB
[2016.01.11-22.32.17:144][975]PIE:Warning: Warning Mobility of PointLight_7 : LightComponent0 has to be 'Movable' if you'd like to Mobility of {0} : {1} has to be 'Movable' if you'd like to {2}. . 
[2016.01.11-22.32.17:144][975]LogScript:Warning: Accessed None 'elementoListaLuces'
	PanelLuces_C /Engine/Transient.UnrealEdEngine_0:GameInstance_1.PanelLuces_C_1
	Function /Game/PanelLuces.PanelLuces_C:ExecuteUbergraph_PanelLuces:0CBB
[2016.01.11-22.32.24:327][298]PIE:Warning: Warning Mobility of PointLight_8 : LightComponent0 has to be 'Movable' if you'd like to Mobility of {0} : {1} has to be 'Movable' if you'd like to {2}. . 
[2016.01.11-22.32.24:327][298]LogScript:Warning: Accessed None 'elementoListaLuces'
	PanelLuces_C /Engine/Transient.UnrealEdEngine_0:GameInstance_1.PanelLuces_C_1
	Function /Game/PanelLuces.PanelLuces_C:ExecuteUbergraph_PanelLuces:0CBB
[2016.01.11-22.32.24:478][306]PIE:Warning: Warning Mobility of PointLight_9 : LightComponent0 has to be 'Movable' if you'd like to Mobility of {0} : {1} has to be 'Movable' if you'd like to {2}. . 
[2016.01.11-22.32.24:478][306]LogScript:Warning: Accessed None 'elementoListaLuces'
	PanelLuces_C /Engine/Transient.UnrealEdEngine_0:GameInstance_1.PanelLuces_C_1
	Function /Game/PanelLuces.PanelLuces_C:ExecuteUbergraph_PanelLuces:0CBB
[2016.01.11-22.32.24:634][314]PIE:Warning: Warning Mobility of PointLight_10 : LightComponent0 has to be 'Movable' if you'd like to Mobility of {0} : {1} has to be 'Movable' if you'd like to {2}. . 
[2016.01.11-22.32.24:634][314]LogScript:Warning: Accessed None 'elementoListaLuces'
	PanelLuces_C /Engine/Transient.UnrealEdEngine_0:GameInstance_1.PanelLuces_C_1
	Function /Game/PanelLuces.PanelLuces_C:ExecuteUbergraph_PanelLuces:0CBB
[2016.01.11-22.32.24:810][322]PIE:Warning: Warning Mobility of PointLight_11 : LightComponent0 has to be 'Movable' if you'd like to Mobility of {0} : {1} has to be 'Movable' if you'd like to {2}. . 
[2016.01.11-22.32.24:811][322]LogScript:Warning: Accessed None 'elementoListaLuces'
	PanelLuces_C /Engine/Transient.UnrealEdEngine_0:GameInstance_1.PanelLuces_C_1
	Function /Game/PanelLuces.PanelLuces_C:ExecuteUbergraph_PanelLuces:0CBB
[2016.01.11-22.32.24:929][326]PIE:Warning: Warning Mobility of PointLight_12 : LightComponent0 has to be 'Movable' if you'd like to Mobility of {0} : {1} has to be 'Movable' if you'd like to {2}. . 
[2016.01.11-22.32.24:929][326]LogScript:Warning: Accessed None 'elementoListaLuces'
	PanelLuces_C /Engine/Transient.UnrealEdEngine_0:GameInstance_1.PanelLuces_C_1
	Function /Game/PanelLuces.PanelLuces_C:ExecuteUbergraph_PanelLuces:0CBB
[2016.01.11-22.32.25:077][332]PIE:Warning: Warning Mobility of PointLight_13 : LightComponent0 has to be 'Movable' if you'd like to Mobility of {0} : {1} has to be 'Movable' if you'd like to {2}. . 
[2016.01.11-22.32.25:077][332]LogScript:Warning: Accessed None 'elementoListaLuces'
	PanelLuces_C /Engine/Transient.UnrealEdEngine_0:GameInstance_1.PanelLuces_C_1
	Function /Game/PanelLuces.PanelLuces_C:ExecuteUbergraph_PanelLuces:0CBB
[2016.01.11-22.32.25:217][337]PIE:Warning: Warning Mobility of PointLight_14 : LightComponent0 has to be 'Movable' if you'd like to Mobility of {0} : {1} has to be 'Movable' if you'd like to {2}. . 
[2016.01.11-22.32.25:217][337]LogScript:Warning: Accessed None 'elementoListaLuces'
	PanelLuces_C /Engine/Transient.UnrealEdEngine_0:GameInstance_1.PanelLuces_C_1
	Function /Game/PanelLuces.PanelLuces_C:ExecuteUbergraph_PanelLuces:0CBB
[2016.01.11-22.32.25:373][343]PIE:Warning: Warning Mobility of PointLight_15 : LightComponent0 has to be 'Movable' if you'd like to Mobility of {0} : {1} has to be 'Movable' if you'd like to {2}. . 
[2016.01.11-22.32.25:373][343]LogScript:Warning: Accessed None 'elementoListaLuces'
	PanelLuces_C /Engine/Transient.UnrealEdEngine_0:GameInstance_1.PanelLuces_C_1
	Function /Game/PanelLuces.PanelLuces_C:ExecuteUbergraph_PanelLuces:0CBB
[2016.01.11-22.32.25:534][349]PIE:Warning: Warning Mobility of PointLight_16 : LightComponent0 has to be 'Movable' if you'd like to Mobility of {0} : {1} has to be 'Movable' if you'd like to {2}. . 
[2016.01.11-22.32.25:534][349]LogScript:Warning: Accessed None 'elementoListaLuces'
	PanelLuces_C /Engine/Transient.UnrealEdEngine_0:GameInstance_1.PanelLuces_C_1
	Function /Game/PanelLuces.PanelLuces_C:ExecuteUbergraph_PanelLuces:0CBB
[2016.01.11-22.32.25:677][354]PIE:Warning: Warning Mobility of PointLight_17 : LightComponent0 has to be 'Movable' if you'd like to Mobility of {0} : {1} has to be 'Movable' if you'd like to {2}. . 
[2016.01.11-22.32.25:677][354]LogScript:Warning: Accessed None 'elementoListaLuces'
	PanelLuces_C /Engine/Transient.UnrealEdEngine_0:GameInstance_1.PanelLuces_C_1
	Function /Game/PanelLuces.PanelLuces_C:ExecuteUbergraph_PanelLuces:0CBB
[2016.01.11-22.32.25:848][360]PIE:Warning: Warning Mobility of PointLight_18 : LightComponent0 has to be 'Movable' if you'd like to Mobility of {0} : {1} has to be 'Movable' if you'd like to {2}. . 
[2016.01.11-22.32.25:848][360]LogScript:Warning: Accessed None 'elementoListaLuces'
	PanelLuces_C /Engine/Transient.UnrealEdEngine_0:GameInstance_1.PanelLuces_C_1
	Function /Game/PanelLuces.PanelLuces_C:ExecuteUbergraph_PanelLuces:0CBB
[2016.01.11-22.32.25:977][364]PIE:Warning: Warning Mobility of PointLight_19 : LightComponent0 has to be 'Movable' if you'd like to Mobility of {0} : {1} has to be 'Movable' if you'd like to {2}. . 
[2016.01.11-22.32.25:977][364]LogScript:Warning: Accessed None 'elementoListaLuces'
	PanelLuces_C /Engine/Transient.UnrealEdEngine_0:GameInstance_1.PanelLuces_C_1
	Function /Game/PanelLuces.PanelLuces_C:ExecuteUbergraph_PanelLuces:0CBB
[2016.01.11-22.32.26:156][370]PIE:Warning: Warning Mobility of PointLight_20 : LightComponent0 has to be 'Movable' if you'd like to Mobility of {0} : {1} has to be 'Movable' if you'd like to {2}. . 
[2016.01.11-22.32.26:156][370]LogScript:Warning: Accessed None 'elementoListaLuces'
	PanelLuces_C /Engine/Transient.UnrealEdEngine_0:GameInstance_1.PanelLuces_C_1
	Function /Game/PanelLuces.PanelLuces_C:ExecuteUbergraph_PanelLuces:0CBB
[2016.01.11-22.32.26:319][375]PIE:Warning: Warning Mobility of PointLight_21 : LightComponent0 has to be 'Movable' if you'd like to Mobility of {0} : {1} has to be 'Movable' if you'd like to {2}. . 
[2016.01.11-22.32.26:319][375]LogScript:Warning: Accessed None 'elementoListaLuces'
	PanelLuces_C /Engine/Transient.UnrealEdEngine_0:GameInstance_1.PanelLuces_C_1
	Function /Game/PanelLuces.PanelLuces_C:ExecuteUbergraph_PanelLuces:0CBB
[2016.01.11-22.32.26:487][380]PIE:Warning: Warning Mobility of PointLight_22 : LightComponent0 has to be 'Movable' if you'd like to Mobility of {0} : {1} has to be 'Movable' if you'd like to {2}. . 
[2016.01.11-22.32.26:487][380]LogScript:Warning: Accessed None 'elementoListaLuces'
	PanelLuces_C /Engine/Transient.UnrealEdEngine_0:GameInstance_1.PanelLuces_C_1
	Function /Game/PanelLuces.PanelLuces_C:ExecuteUbergraph_PanelLuces:0CBB
[2016.01.11-22.32.26:656][385]PIE:Warning: Warning Mobility of PointLight_23 : LightComponent0 has to be 'Movable' if you'd like to Mobility of {0} : {1} has to be 'Movable' if you'd like to {2}. . 
[2016.01.11-22.32.26:799][389]PIE:Warning: Warning Mobility of PointLight_24 : LightComponent0 has to be 'Movable' if you'd like to Mobility of {0} : {1} has to be 'Movable' if you'd like to {2}. . 
[2016.01.11-22.32.26:934][393]PIE:Warning: Warning Mobility of PointLight_25 : LightComponent0 has to be 'Movable' if you'd like to Mobility of {0} : {1} has to be 'Movable' if you'd like to {2}. . 
[2016.01.11-22.32.27:090][398]PIE:Warning: Warning Mobility of PointLight_26 : LightComponent0 has to be 'Movable' if you'd like to Mobility of {0} : {1} has to be 'Movable' if you'd like to {2}. . 
[2016.01.11-22.32.27:231][402]PIE:Warning: Warning Mobility of PointLight_27 : LightComponent0 has to be 'Movable' if you'd like to Mobility of {0} : {1} has to be 'Movable' if you'd like to {2}. . 
[2016.01.11-22.32.27:401][407]PIE:Warning: Warning Mobility of PointLight_28 : LightComponent0 has to be 'Movable' if you'd like to Mobility of {0} : {1} has to be 'Movable' if you'd like to {2}. . 
[2016.01.11-22.32.27:553][411]PIE:Warning: Warning Mobility of PointLight_29 : LightComponent0 has to be 'Movable' if you'd like to Mobility of {0} : {1} has to be 'Movable' if you'd like to {2}. . 
[2016.01.11-22.32.27:729][416]PIE:Warning: Warning Mobility of PointLight_30 : LightComponent0 has to be 'Movable' if you'd like to Mobility of {0} : {1} has to be 'Movable' if you'd like to {2}. . 
[2016.01.11-22.32.28:073][425]PIE:Warning: Warning Mobility of PointLight_31 : LightComponent0 has to be 'Movable' if you'd like to Mobility of {0} : {1} has to be 'Movable' if you'd like to {2}. . 
[2016.01.11-22.32.28:259][430]PIE:Warning: Warning Mobility of PointLight_32 : LightComponent0 has to be 'Movable' if you'd like to Mobility of {0} : {1} has to be 'Movable' if you'd like to {2}. . 
[2016.01.11-22.32.28:454][435]PIE:Warning: Warning Mobility of PointLight_33 : LightComponent0 has to be 'Movable' if you'd like to Mobility of {0} : {1} has to be 'Movable' if you'd like to {2}. . 
[2016.01.11-22.32.28:621][439]PIE:Warning: Warning Mobility of PointLight_34 : LightComponent0 has to be 'Movable' if you'd like to Mobility of {0} : {1} has to be 'Movable' if you'd like to {2}. . 
[2016.01.11-22.32.28:787][443]PIE:Warning: Warning Mobility of PointLight_35 : LightComponent0 has to be 'Movable' if you'd like to Mobility of {0} : {1} has to be 'Movable' if you'd like to {2}. . 
[2016.01.11-22.32.28:909][446]PIE:Warning: Warning Mobility of PointLight_36 : LightComponent0 has to be 'Movable' if you'd like to Mobility of {0} : {1} has to be 'Movable' if you'd like to {2}. . 
[2016.01.11-22.32.29:076][450]PIE:Warning: Warning Mobility of PointLight_37 : LightComponent0 has to be 'Movable' if you'd like to Mobility of {0} : {1} has to be 'Movable' if you'd like to {2}. . 
[2016.01.11-22.32.29:254][454]PIE:Warning: Warning Mobility of PointLight_38 : LightComponent0 has to be 'Movable' if you'd like to Mobility of {0} : {1} has to be 'Movable' if you'd like to {2}. . 
[2016.01.11-22.32.29:432][458]PIE:Warning: Warning Mobility of PointLight_39 : LightComponent0 has to be 'Movable' if you'd like to Mobility of {0} : {1} has to be 'Movable' if you'd like to {2}. . 
[2016.01.11-22.32.29:603][462]PIE:Warning: Warning Mobility of PointLight_40 : LightComponent0 has to be 'Movable' if you'd like to Mobility of {0} : {1} has to be 'Movable' if you'd like to {2}. . 
[2016.01.11-22.32.29:783][466]PIE:Warning: Warning Mobility of PointLight_41 : LightComponent0 has to be 'Movable' if you'd like to Mobility of {0} : {1} has to be 'Movable' if you'd like to {2}. . 
[2016.01.11-22.32.29:968][470]PIE:Warning: Warning Mobility of PointLight_42 : LightComponent0 has to be 'Movable' if you'd like to Mobility of {0} : {1} has to be 'Movable' if you'd like to {2}. . 
[2016.01.11-22.32.30:155][474]PIE:Warning: Warning Mobility of PointLight_43 : LightComponent0 has to be 'Movable' if you'd like to Mobility of {0} : {1} has to be 'Movable' if you'd like to {2}. . 
[2016.01.11-22.32.30:345][478]PIE:Warning: Warning Mobility of PointLight_44 : LightComponent0 has to be 'Movable' if you'd like to Mobility of {0} : {1} has to be 'Movable' if you'd like to {2}. . 
[2016.01.11-22.32.30:491][481]PIE:Warning: Warning Mobility of PointLight_45 : LightComponent0 has to be 'Movable' if you'd like to Mobility of {0} : {1} has to be 'Movable' if you'd like to {2}. . 
[2016.01.11-22.32.30:690][485]PIE:Warning: Warning Mobility of PointLight_46 : LightComponent0 has to be 'Movable' if you'd like to Mobility of {0} : {1} has to be 'Movable' if you'd like to {2}. . 
[2016.01.11-22.32.30:847][488]PIE:Warning: Warning Mobility of PointLight_47 : LightComponent0 has to be 'Movable' if you'd like to Mobility of {0} : {1} has to be 'Movable' if you'd like to {2}. . 
[2016.01.11-22.32.31:048][492]PIE:Warning: Warning Mobility of PointLight_48 : LightComponent0 has to be 'Movable' if you'd like to Mobility of {0} : {1} has to be 'Movable' if you'd like to {2}. . 
[2016.01.11-22.32.31:199][495]PIE:Warning: Warning Mobility of PointLight_49 : LightComponent0 has to be 'Movable' if you'd like to Mobility of {0} : {1} has to be 'Movable' if you'd like to {2}. . 
[2016.01.11-22.32.31:368][498]PIE:Warning: Warning Mobility of PointLight_50 : LightComponent0 has to be 'Movable' if you'd like to Mobility of {0} : {1} has to be 'Movable' if you'd like to {2}. . 
[2016.01.11-22.32.31:531][501]PIE:Warning: Warning Mobility of PointLight_51 : LightComponent0 has to be 'Movable' if you'd like to Mobility of {0} : {1} has to be 'Movable' if you'd like to {2}. . 
[2016.01.11-22.32.31:753][505]PIE:Warning: Warning Mobility of PointLight_52 : LightComponent0 has to be 'Movable' if you'd like to Mobility of {0} : {1} has to be 'Movable' if you'd like to {2}. . 
[2016.01.11-22.32.31:918][508]PIE:Warning: Warning Mobility of PointLight_53 : LightComponent0 has to be 'Movable' if you'd like to Mobility of {0} : {1} has to be 'Movable' if you'd like to {2}. . 
[2016.01.11-22.32.32:090][511]PIE:Warning: Warning Mobility of PointLight_54 : LightComponent0 has to be 'Movable' if you'd like to Mobility of {0} : {1} has to be 'Movable' if you'd like to {2}. . 
[2016.01.11-22.32.32:365][516]PIE:Warning: Warning Mobility of PointLight_55 : LightComponent0 has to be 'Movable' if you'd like to Mobility of {0} : {1} has to be 'Movable' if you'd like to {2}. . 
[2016.01.11-22.32.32:545][519]PIE:Warning: Warning Mobility of PointLight_56 : LightComponent0 has to be 'Movable' if you'd like to Mobility of {0} : {1} has to be 'Movable' if you'd like to {2}. . 
[2016.01.11-22.33.03:733][782]LogBlueprintUserMessages: Early EndPlayMap Detection: Level '/Game/Inicio.Inicio:PersistentLevel' has LevelScriptBlueprint '/Game/Inicio.Inicio:PersistentLevel.Inicio' with GeneratedClass '/Game/Inicio.Inicio_C' with ClassGeneratedBy '/Game/Inicio.Inicio:PersistentLevel.Inicio'
[2016.01.11-22.33.03:784][782]LogBlueprintUserMessages: Late EndPlayMap Detection: Level '/Game/Inicio.Inicio:PersistentLevel' has LevelScriptBlueprint '/Game/Inicio.Inicio:PersistentLevel.Inicio' with GeneratedClass '/Game/Inicio.Inicio_C' with ClassGeneratedBy '/Game/Inicio.Inicio:PersistentLevel.Inicio'
[2016.01.11-22.33.03:852][782]LogParticles: Destroying 0 GPU particle simulations for FXSystem 0x0000000011A41440
[2016.01.11-22.33.39:380][ 18]LogFileHelpers: Editor autosave (incl. sublevels) for '/Game/Inicio' took 0.061
[2016.01.11-22.33.39:387][ 18]OBJ SavePackage: Generating thumbnails for [0] asset(s) in package [/Game/ElementoListaLuzAgregada] ([1] browsable assets)...
[2016.01.11-22.33.39:387][ 18]OBJ SavePackage: Finished generating thumbnails for package [/Game/ElementoListaLuzAgregada]
[2016.01.11-22.33.39:405][ 18]LogSavePackage: Save=15.167073ms
[2016.01.11-22.33.39:405][ 18]LogSavePackage: Moving '../../../../../../Users/Tonga/Documents/Facultad/Tesis/Repositorio/proygrad_fing/BotonLuz/Saved/ElementoListaLuzAgregada_Auto39A81350D41E1964DD3E24B8035B089CE.tmp' to '../../../../../../Users/Tonga/Documents/Facultad/Tesis/Repositorio/proygrad_fing/BotonLuz/Saved/Autosaves/Game/ElementoListaLuzAgregada_Auto3.uasset'
[2016.01.11-22.33.39:407][ 18]LogSavePackage: Total save time: 17.770756ms
[2016.01.11-22.33.39:407][ 18]LogSavePackage:Warning: Finished SavePackage ../../../../../../Users/Tonga/Documents/Facultad/Tesis/Repositorio/proygrad_fing/BotonLuz/Saved/Autosaves/Game/ElementoListaLuzAgregada_Auto3.uasset
[2016.01.11-22.33.39:407][ 18]LogFileHelpers: Auto-saving content packages took 0.027
[2016.01.11-22.34.15:720][564]LogBlueprintUserMessages: CustomizeDetails for Blueprint 'PanelLuces', cached variable property's owner is '/Game/PanelLuces.SKEL_PanelLuces_C'
[2016.01.11-22.34.21:126][898]LogBlueprintUserMessages: CustomizeDetails for Blueprint 'PanelLuces', cached variable property's owner is '/Game/PanelLuces.SKEL_PanelLuces_C'
[2016.01.11-22.39.17:346][275]LogD3D11RHI: Timed out while waiting for GPU to catch up. (0.5 s)
[2016.01.11-22.39.18:406][276]LogD3D11RHI: Timed out while waiting for GPU to catch up. (0.5 s)
[2016.01.11-22.39.25:433][276]LogD3D11RHI: bDeviceRemoved
[2016.01.11-22.39.25:433][276]LogD3D11RHI: CleanupD3DDevice
[2016.01.11-22.39.25:451][276]LogWindows:Error: Windows GetLastError: La operación se completó correctamente. (0)
[2016.01.11-22.39.29:521][276]LogCrashTracker: 


[2016.01.11-22.39.29:521][276]LogCrashTracker: 


[2016.01.11-22.39.29:521][276]LogWindows: === Critical error: ===
Fatal error: [File:D:\BuildFarm\buildmachine_++depot+UE4-Releases+4.9\Engine\Source\Runtime\Windows\D3D11RHI\Private\Windows\WindowsD3D11Device.cpp] [Line: 402] 
The Direct3D 11 device that was being used has been removed (Error: -2005270521 'RESET').  Please restart the game.




[2016.01.11-22.39.29:686][276]LogExit: Executing StaticShutdownAfterError
[2016.01.11-22.39.29:695][276]LogPhysics:Warning: PHYSX: ..\..\PhysX\src\NpScene.cpp (2946) 8 : PxScene::unlockWrite() called without matching call to PxScene::lockWrite(), behaviour will be undefined.
[2016.01.11-22.39.29:696][276]LogPhysics:Warning: PHYSX: ..\..\PhysX\src\NpScene.cpp (2946) 8 : PxScene::unlockWrite() called without matching call to PxScene::lockWrite(), behaviour will be undefined.
[2016.01.11-22.39.29:696][276]LogPhysics:Warning: PHYSX: ..\..\PhysX\src\NpScene.cpp (2946) 8 : PxScene::unlockWrite() called without matching call to PxScene::lockWrite(), behaviour will be undefined.
[2016.01.11-22.39.29:697][276]LogPhysics:Warning: PHYSX: ..\..\PhysX\src\NpScene.cpp (2946) 8 : PxScene::unlockWrite() called without matching call to PxScene::lockWrite(), behaviour will be undefined.
[2016.01.11-22.39.29:697][276]LogPhysics:Warning: PHYSX: ..\..\PhysX\src\NpScene.cpp (2946) 8 : PxScene::unlockWrite() called without matching call to PxScene::lockWrite(), behaviour will be undefined.
[2016.01.11-22.39.29:698][276]LogPhysics:Warning: PHYSX: ..\..\PhysX\src\NpScene.cpp (2946) 8 : PxScene::unlockWrite() called without matching call to PxScene::lockWrite(), behaviour will be undefined.
[2016.01.11-22.39.29:698][276]LogPhysics:Warning: PHYSX: ..\..\PhysX\src\NpScene.cpp (2946) 8 : PxScene::unlockWrite() called without matching call to PxScene::lockWrite(), behaviour will be undefined.
[2016.01.11-22.39.29:699][276]LogPhysics:Warning: PHYSX: ..\..\PhysX\src\NpScene.cpp (2946) 8 : PxScene::unlockWrite() called without matching call to PxScene::lockWrite(), behaviour will be undefined.
[2016.01.11-22.39.29:699][276]LogWindows: FPlatformMisc::RequestExit(1)
[2016.01.11-22.39.29:699][276]Log file closed, 01/11/16 19:39:29
