[2016.01.13-22.33.28:635][  0]Log file open, 01/13/16 19:33:28
[2016.01.13-22.33.28:635][  0]LogInit:Display: Running engine for game: BotonLuz
[2016.01.13-22.33.28:635][  0]LogInit:Display: RandInit(-68449674) SRandInit(-68449673).
[2016.01.13-22.33.28:635][  0]LogTaskGraph: Started task graph with 4 named threads and 5 total threads.
[2016.01.13-22.33.28:635][  0]LogStats: Stats thread started at 0.088412
[2016.01.13-22.33.28:635][  0]LogInit: Version: 4.9.2-2707645+++depot+UE4-Releases+4.9
[2016.01.13-22.33.28:635][  0]LogInit: API Version: 2672455
[2016.01.13-22.33.28:635][  0]LogInit: Compiled (64-bit): Sep 28 2015 10:25:44
[2016.01.13-22.33.28:635][  0]LogInit: Compiled with Visual C++: 18.00.21005.01
[2016.01.13-22.33.28:635][  0]LogInit: Build Configuration: Development
[2016.01.13-22.33.28:635][  0]LogInit: Branch Name: ++depot+UE4-Releases+4.9
[2016.01.13-22.33.28:635][  0]LogInit: Command line: 
[2016.01.13-22.33.28:635][  0]LogInit: Base directory: C:/Program Files/Epic Games/4.9/Engine/Binaries/Win64/
[2016.01.13-22.33.28:635][  0]LogInit: Rocket: 1
[2016.01.13-22.33.28:663][  0]LogInit: Using libcurl 7.41.0
[2016.01.13-22.33.28:663][  0]LogInit:  - built for x86_64-pc-win32
[2016.01.13-22.33.28:663][  0]LogInit:  - supports SSL with WinSSL
[2016.01.13-22.33.28:663][  0]LogInit:  - other features:
[2016.01.13-22.33.28:663][  0]LogInit:      CURL_VERSION_SSL
[2016.01.13-22.33.28:663][  0]LogInit:      CURL_VERSION_IPV6
[2016.01.13-22.33.28:663][  0]LogInit:      CURL_VERSION_ASYNCHDNS
[2016.01.13-22.33.28:663][  0]LogInit:      CURL_VERSION_LARGEFILE
[2016.01.13-22.33.28:663][  0]LogInit:      CURL_VERSION_IDN
[2016.01.13-22.33.28:663][  0]LogInit:  CurlRequestOptions (configurable via config and command line):
[2016.01.13-22.33.28:663][  0]LogInit:  - bVerifyPeer = true  - Libcurl will verify peer certificate
[2016.01.13-22.33.28:663][  0]LogInit:  - bUseHttpProxy = false  - Libcurl will NOT use HTTP proxy
[2016.01.13-22.33.28:663][  0]LogInit:  - bDontReuseConnections = false  - Libcurl will reuse connections
[2016.01.13-22.33.28:663][  0]LogInit:  - CertBundlePath = nullptr  - Libcurl will use whatever was configured at build time.
[2016.01.13-22.33.28:676][  0]LogInit: Presizing for 0 objects not considered by GC, pre-allocating 0 bytes.
[2016.01.13-22.33.28:686][  0]LogInit: Object subsystem initialized
[2016.01.13-22.33.28:688][  0]LogInit: Selected Device Profile: [Windows]
[2016.01.13-22.33.28:688][  0]LogInit: Applying CVar settings loaded from the selected device profile: [Windows]
[2016.01.13-22.33.28:706][  0]LogInit: Computer: TONGA-PC
[2016.01.13-22.33.28:706][  0]LogInit: User: Tonga
[2016.01.13-22.33.28:706][  0]LogInit: CPU Page size=4096, Cores=2
[2016.01.13-22.33.28:706][  0]LogInit: High frequency timer resolution =3.021875 MHz
[2016.01.13-22.33.28:706][  0]LogMemory: Memory total: Physical=7.9GB (8GB approx)
[2016.01.13-22.33.28:706][  0]LogMemory: Platform Memory Stats for Windows
[2016.01.13-22.33.28:706][  0]LogMemory: Process Physical Memory: 54.43 MB used, 54.43 MB peak
[2016.01.13-22.33.28:706][  0]LogMemory: Process Virtual Memory: 58.62 MB used, 58.62 MB peak
[2016.01.13-22.33.28:706][  0]LogMemory: Physical Memory: 3915.24 MB used, 8132.66 MB total
[2016.01.13-22.33.28:706][  0]LogMemory: Virtual Memory: 341.80 MB used, 8388608.00 MB total
[2016.01.13-22.33.29:929][  0]LogD3D11RHI: Found D3D11 adapter 0: NVIDIA GeForce GTX 750 Ti (Feature Level 11_0)
[2016.01.13-22.33.29:929][  0]LogD3D11RHI: Adapter has 1993MB of dedicated video memory, 0MB of dedicated system memory, and 2048MB of shared system memory, 1 output[s]
[2016.01.13-22.33.29:929][  0]LogD3D11RHI: Chosen D3D11 Adapter Id = 0
[2016.01.13-22.33.29:941][  0]LogD3D11RHI: !Direct3DDevice
[2016.01.13-22.33.29:941][  0]LogRHI: Texture pool is 1361 MB (70% of 1945 MB)
[2016.01.13-22.33.29:967][  0]LogD3D11RHI: Async texture creation enabled
[2016.01.13-22.33.29:988][  0]LogShaderCompilers: Guid format shader working directory is 15 characters bigger than the processId version (../../../../../../Users/Tonga/Documents/Facultad/Tesis/Repositorio/proygrad_fing/BotonLuz/Intermediate/Shaders/WorkingDirectory/3404/).
[2016.01.13-22.33.29:989][  0]LogShaderCompilers: Cleaned the shader compiler working directory '../../../../../../Users/Tonga/Documents/Facultad/Tesis/Repositorio/proygrad_fing/BotonLuz/Intermediate/Shaders/tmp/664B327049B2649064C106967FFB95EC/'.
[2016.01.13-22.33.29:989][  0]LogShaderCompilers:Display: Using Local Shader Compiler.
[2016.01.13-22.33.31:673][  0]LogTemp:Display: Loaded TP AllDesktopTargetPlatform
[2016.01.13-22.33.31:685][  0]LogTemp:Display: Loaded TP WindowsClientTargetPlatform
[2016.01.13-22.33.31:695][  0]LogTemp:Display: Loaded TP WindowsNoEditorTargetPlatform
[2016.01.13-22.33.31:706][  0]LogTemp:Display: Loaded TP WindowsServerTargetPlatform
[2016.01.13-22.33.31:717][  0]LogTemp:Display: Loaded TP WindowsTargetPlatform
[2016.01.13-22.33.31:725][  0]LogTemp:Display: Loaded TP AndroidTargetPlatform
[2016.01.13-22.33.31:732][  0]LogTemp:Display: Loaded TP Android_ASTCTargetPlatform
[2016.01.13-22.33.31:740][  0]LogTemp:Display: Loaded TP Android_ATCTargetPlatform
[2016.01.13-22.33.31:747][  0]LogTemp:Display: Loaded TP Android_DXTTargetPlatform
[2016.01.13-22.33.31:754][  0]LogTemp:Display: Loaded TP Android_ETC1TargetPlatform
[2016.01.13-22.33.31:762][  0]LogTemp:Display: Loaded TP Android_ETC2TargetPlatform
[2016.01.13-22.33.31:770][  0]LogTemp:Display: Loaded TP Android_PVRTCTargetPlatform
[2016.01.13-22.33.31:774][  0]LogTemp:Display: Loaded TP HTML5TargetPlatform
[2016.01.13-22.33.31:798][  0]LogTemp:Display: Loaded TP IOSTargetPlatform
[2016.01.13-22.33.31:805][  0]LogTemp:Display: Loaded TP LinuxNoEditorTargetPlatform
[2016.01.13-22.33.31:812][  0]LogTemp:Display: Loaded TP LinuxServerTargetPlatform
[2016.01.13-22.33.31:821][  0]LogTemp:Display: Loaded TP LinuxTargetPlatform
[2016.01.13-22.33.31:821][  0]LogTargetPlatformManager:Display: Building Assets For Windows
[2016.01.13-22.33.32:003][  0]LogDerivedDataCache:Display: Max Cache Size: 512 MB
[2016.01.13-22.33.32:122][  0]LogDerivedDataCache: Loaded boot cache 0.12s 41MB C:/Users/Tonga/AppData/Local/UnrealEngine/4.9/DerivedDataCache/Boot.ddc.
[2016.01.13-22.33.32:130][  0]LogDerivedDataCache:Display: Loaded Boot cache: C:/Users/Tonga/AppData/Local/UnrealEngine/4.9/DerivedDataCache/Boot.ddc
[2016.01.13-22.33.32:130][  0]LogDerivedDataCache: FDerivedDataBackendGraph:  Pak pak cache file ../../../../../../Users/Tonga/Documents/Facultad/Tesis/Repositorio/proygrad_fing/BotonLuz/DerivedDataCache/DDC.ddp not found, will not use a pak cache.
[2016.01.13-22.33.32:130][  0]LogDerivedDataCache: Unable to find inner node Pak for hierarchical cache Hierarchy.
[2016.01.13-22.33.32:131][  0]LogDerivedDataCache: FDerivedDataBackendGraph:  CompressedPak pak cache file ../../../../../../Users/Tonga/Documents/Facultad/Tesis/Repositorio/proygrad_fing/BotonLuz/DerivedDataCache/Compressed.ddp not found, will not use a pak cache.
[2016.01.13-22.33.32:131][  0]LogDerivedDataCache: Unable to find inner node CompressedPak for hierarchical cache Hierarchy.
[2016.01.13-22.33.32:315][  0]LogDerivedDataCache:Display: Pak cache opened for reading ../../../Engine/DerivedDataCache/Compressed.ddp.
[2016.01.13-22.33.32:327][  0]LogDerivedDataCache: Using Local data cache path C:/Users/Tonga/AppData/Local/UnrealEngine/Common/DerivedDataCache: Writable
[2016.01.13-22.33.32:632][  0]LogInit: Selected Device Profile: [Windows]
[2016.01.13-22.33.32:633][  0]LogContentStreaming: Texture pool size is 0.000000MB
[2016.01.13-22.33.32:693][  0]LogMeshUtilities: No automatic mesh reduction module available
[2016.01.13-22.33.32:693][  0]LogMeshUtilities: No automatic mesh merging module available
[2016.01.13-22.33.33:354][  0]LogInit: WinSock: version 1.1 (2.2), MaxSocks=32767, MaxUdp=65467
[2016.01.13-22.33.34:877][  0]UdpMessaging: Initializing bridge on interface 0.0.0.0:0 to multicast group 230.0.0.1:6666.
[2016.01.13-22.33.35:003][  0]LogAssetRegistry: FAssetRegistry took 0.0103 seconds to start up
[2016.01.13-22.33.35:492][  0]SourceControl: Info Source control is disabled
[2016.01.13-22.33.35:493][  0]SourceControl: Info Source control is disabled
[2016.01.13-22.33.35:543][  0]SourceControl: Info Source control is disabled
[2016.01.13-22.33.35:576][  0]SourceControl: Info Source control is disabled
[2016.01.13-22.33.35:969][  0]LogLinker:Warning: Asset '../../../Engine/Plugins/Runtime/LeapMotionController/Content/LM_PassthroughMaterial.uasset' has been saved with empty engine version. The asset will be loaded but may be incompatible.
[2016.01.13-22.33.36:189][  0]LogObj: 28361 objects as part of root set at end of initial load.
[2016.01.13-22.33.36:189][  0]LogUObjectAllocator: 6038864 out of 0 bytes used by permanent object pool.
[2016.01.13-22.33.36:280][  0]LogEngine: Initializing Engine...
[2016.01.13-22.33.36:285][  0]OCULUS: Info: 01/13/16 22:33:36: [CAPI] LibOVR module is located at C:\Windows\system32\LibOVRRT64_0_7.dll

[2016.01.13-22.33.36:300][  0]OCULUS: Error: 01/13/16 22:33:36: [IPC] WARNING: Overhead alert threshold exceeded for SetInitialState : x1: C2S=806.784 (806.784-806.784), S2C=249.183 (249.183-249.183), RTT=1145.32 (1145.32-1145.32), Runtime=89.3485 (89.3485-89.3485), IPC=1055.97 (1055.97-1055.97) (microseconds) C2Ssize=80 (80-80), S2Csize=81 (81-81) (bytes)
[2016.01.13-22.33.36:801][  0]OCULUS: Error: 01/13/16 22:33:36: [CAPI] ovr_Create failed to complete within the timeout period.
[2016.01.13-22.33.36:805][  0]LogHMD: SteamVR failed to initialize.  Err: 110
[2016.01.13-22.33.37:010][  0]LogAIModule: Creating AISystem for world NewWorld
[2016.01.13-22.33.37:022][  0]LogInit: XAudio2 using 'Altavoces (Realtek High Definition Audio)' : 2 channels at 48 kHz using 32 bits per sample (channel mask 0x3)
[2016.01.13-22.33.37:051][  0]LogInit: FAudioDevice initialized.
[2016.01.13-22.33.37:110][  0]LogDerivedDataCache: Saved boot cache 0.06s 41MB C:/Users/Tonga/AppData/Local/UnrealEngine/4.9/DerivedDataCache/Boot.ddc.
[2016.01.13-22.33.37:128][  0]LogInit: Texture streaming: Enabled
[2016.01.13-22.33.37:144][  0]LogAnalytics: Creating configured Analytics provider AnalyticsET
[2016.01.13-22.33.37:144][  0]LogAnalytics: [UEEditor.Rocket.Release] APIServer = http://et2.epicgames.com/ET2/. AppVersion = 4.9.2-2707645+++depot+UE4-Releases+4.9
[2016.01.13-22.33.37:144][  0]LogAnalytics: [UEEditor.Rocket.Release] SetUserId d2bef611456171cb171d15a4a42cb182|6ac59fa8cbb647a4b14c5a548cbd3b91|31fc86a8-acb9-451a-b082-adf3974f05a6
[2016.01.13-22.33.37:144][  0]LogAnalytics: [UEEditor.Rocket.Release] AnalyticsET::StartSession
[2016.01.13-22.33.37:260][  0]LogInit: Transaction tracking system initialized
[2016.01.13-22.33.37:340][  0]BlueprintLog: New page: Editor Load
[2016.01.13-22.33.37:550][  0]LocalizationService: Info Localization service is disabled
[2016.01.13-22.33.37:731][  0]LogConsoleResponse:Display: 
[2016.01.13-22.33.37:909][  0]LogCook:Display: Done creating registry. It took  0.00s.
[2016.01.13-22.33.38:097][  0]LogFileCache: Scanning file cache for directory 'C:/Users/Tonga/Documents/Facultad/Tesis/Repositorio/proygrad_fing/BotonLuz/Content/' took 0.01s
[2016.01.13-22.33.38:097][  0]SourceControl: Info Source control is disabled
[2016.01.13-22.33.38:097][  0]Cmd: MAP LOAD FILE="../../../Engine/Content/Maps/Templates/Template_Default.umap" TEMPLATE=1 SHOWPROGRESS=1 FEATURELEVEL=3
[2016.01.13-22.33.38:098][  0]LightingResults: New page: Lighting Build
[2016.01.13-22.33.38:125][  0]MapCheck: New page: Map Check
[2016.01.13-22.33.38:125][  0]LightingResults: New page: Lighting Build
[2016.01.13-22.33.38:191][  0]LogParticles: Destroying 0 GPU particle simulations for FXSystem 0x000000002153E160
[2016.01.13-22.33.38:689][  0]LogAIModule: Creating AISystem for world Untitled_1
[2016.01.13-22.33.38:697][  0]LogEditorServer: Finished looking for orphan Actors (0.000 secs)
[2016.01.13-22.33.38:704][  0]Cmd: MAP CHECKDEP NOCLEARLOG
[2016.01.13-22.33.38:888][  0]MapCheck: Info Map check complete: 0 Error(s), 0 Warning(s), took 183.592ms to complete.
[2016.01.13-22.33.38:888][  0]L