[2016.01.14-16.08.35:512][  0]Log file open, 01/14/16 13:08:35
[2016.01.14-16.08.35:512][  0]LogInit:Display: Running engine for game: BotonLuz
[2016.01.14-16.08.35:512][  0]LogInit:Display: RandInit(417296717) SRandInit(417296718).
[2016.01.14-16.08.35:512][  0]LogTaskGraph: Started task graph with 4 named threads and 5 total threads.
[2016.01.14-16.08.35:512][  0]LogStats: Stats thread started at 0.093335
[2016.01.14-16.08.35:512][  0]LogInit: Version: 4.9.2-2707645+++depot+UE4-Releases+4.9
[2016.01.14-16.08.35:512][  0]LogInit: API Version: 2672455
[2016.01.14-16.08.35:512][  0]LogInit: Compiled (64-bit): Sep 28 2015 10:25:44
[2016.01.14-16.08.35:512][  0]LogInit: Compiled with Visual C++: 18.00.21005.01
[2016.01.14-16.08.35:512][  0]LogInit: Build Configuration: Development
[2016.01.14-16.08.35:512][  0]LogInit: Branch Name: ++depot+UE4-Releases+4.9
[2016.01.14-16.08.35:512][  0]LogInit: Command line: 
[2016.01.14-16.08.35:512][  0]LogInit: Base directory: C:/Program Files/Epic Games/4.9/Engine/Binaries/Win64/
[2016.01.14-16.08.35:512][  0]LogInit: Rocket: 1
[2016.01.14-16.08.35:549][  0]LogInit: Using libcurl 7.41.0
[2016.01.14-16.08.35:549][  0]LogInit:  - built for x86_64-pc-win32
[2016.01.14-16.08.35:549][  0]LogInit:  - supports SSL with WinSSL
[2016.01.14-16.08.35:549][  0]LogInit:  - other features:
[2016.01.14-16.08.35:549][  0]LogInit:      CURL_VERSION_SSL
[2016.01.14-16.08.35:549][  0]LogInit:      CURL_VERSION_IPV6
[2016.01.14-16.08.35:549][  0]LogInit:      CURL_VERSION_ASYNCHDNS
[2016.01.14-16.08.35:549][  0]LogInit:      CURL_VERSION_LARGEFILE
[2016.01.14-16.08.35:549][  0]LogInit:      CURL_VERSION_IDN
[2016.01.14-16.08.35:549][  0]LogInit:  CurlRequestOptions (configurable via config and command line):
[2016.01.14-16.08.35:549][  0]LogInit:  - bVerifyPeer = true  - Libcurl will verify peer certificate
[2016.01.14-16.08.35:549][  0]LogInit:  - bUseHttpProxy = false  - Libcurl will NOT use HTTP proxy
[2016.01.14-16.08.35:549][  0]LogInit:  - bDontReuseConnections = false  - Libcurl will reuse connections
[2016.01.14-16.08.35:549][  0]LogInit:  - CertBundlePath = nullptr  - Libcurl will use whatever was configured at build time.
[2016.01.14-16.08.35:573][  0]LogInit: Presizing for 0 objects not considered by GC, pre-allocating 0 bytes.
[2016.01.14-16.08.35:586][  0]LogInit: Object subsystem initialized
[2016.01.14-16.08.35:588][  0]LogInit: Selected Device Profile: [Windows]
[2016.01.14-16.08.35:588][  0]LogInit: Applying CVar settings loaded from the selected device profile: [Windows]
[2016.01.14-16.08.35:601][  0]LogInit: Computer: TONGA-PC
[2016.01.14-16.08.35:601][  0]LogInit: User: Tonga
[2016.01.14-16.08.35:601][  0]LogInit: CPU Page size=4096, Cores=2
[2016.01.14-16.08.35:601][  0]LogInit: High frequency timer resolution =3.021875 MHz
[2016.01.14-16.08.35:601][  0]LogMemory: Memory total: Physical=7.9GB (8GB approx)
[2016.01.14-16.08.35:601][  0]LogMemory: Platform Memory Stats for Windows
[2016.01.14-16.08.35:601][  0]LogMemory: Process Physical Memory: 54.24 MB used, 54.24 MB peak
[2016.01.14-16.08.35:601][  0]LogMemory: Process Virtual Memory: 57.62 MB used, 57.62 MB peak
[2016.01.14-16.08.35:601][  0]LogMemory: Physical Memory: 3676.11 MB used, 8132.66 MB total
[2016.01.14-16.08.35:601][  0]LogMemory: Virtual Memory: 336.82 MB used, 8388608.00 MB total
[2016.01.14-16.08.36:912][  0]LogD3D11RHI: Found D3D11 adapter 0: NVIDIA GeForce GTX 750 Ti (Feature Level 11_0)
[2016.01.14-16.08.36:912][  0]LogD3D11RHI: Adapter has 1993MB of dedicated video memory, 0MB of dedicated system memory, and 2048MB of shared system memory, 1 output[s]
[2016.01.14-16.08.36:912][  0]LogD3D11RHI: Chosen D3D11 Adapter Id = 0
[2016.01.14-16.08.36:924][  0]LogD3D11RHI: !Direct3DDevice
[2016.01.14-16.08.36:924][  0]LogRHI: Texture pool is 1361 MB (70% of 1945 MB)
[2016.01.14-16.08.36:948][  0]LogD3D11RHI: Async texture creation enabled
[2016.01.14-16.08.36:967][  0]LogShaderCompilers: Guid format shader working directory is 15 characters bigger than the processId version (../../../../../../Users/Tonga/Documents/Facultad/Tesis/Repositorio/proygrad_fing/BotonLuz/Intermediate/Shaders/WorkingDirectory/2696/).
[2016.01.14-16.08.36:967][  0]LogShaderCompilers: Cleaned the shader compiler working directory '../../../../../../Users/Tonga/Documents/Facultad/Tesis/Repositorio/proygrad_fing/BotonLuz/Intermediate/Shaders/tmp/5DA667DF431527B728E268983EBEF874/'.
[2016.01.14-16.08.36:967][  0]LogShaderCompilers:Display: Using Local Shader Compiler.
[2016.01.14-16.08.38:804][  0]LogTemp:Display: Loaded TP AllDesktopTargetPlatform
[2016.01.14-16.08.38:815][  0]LogTemp:Display: Loaded TP WindowsClientTargetPlatform
[2016.01.14-16.08.38:825][  0]LogTemp:Display: Loaded TP WindowsNoEditorTargetPlatform
[2016.01.14-16.08.38:839][  0]LogTemp:Display: Loaded TP WindowsServerTargetPlatform
[2016.01.14-16.08.38:852][  0]LogTemp:Display: Loaded TP WindowsTargetPlatform
[2016.01.14-16.08.38:860][  0]LogTemp:Display: Loaded TP AndroidTargetPlatform
[2016.01.14-16.08.38:867][  0]LogTemp:Display: Loaded TP Android_ASTCTargetPlatform
[2016.01.14-16.08.38:875][  0]LogTemp:Display: Loaded TP Android_ATCTargetPlatform
[2016.01.14-16.08.38:884][  0]LogTemp:Display: Loaded TP Android_DXTTargetPlatform
[2016.01.14-16.08.38:898][  0]LogTemp:Display: Loaded TP Android_ETC1TargetPlatform
[2016.01.14-16.08.38:911][  0]LogTemp:Display: Loaded TP Android_ETC2TargetPlatform
[2016.01.14-16.08.38:920][  0]LogTemp:Display: Loaded TP Android_PVRTCTargetPlatform
[2016.01.14-16.08.38:924][  0]LogTemp:Display: Loaded TP HTML5TargetPlatform
[2016.01.14-16.08.38:955][  0]LogTemp:Display: Loaded TP IOSTargetPlatform
[2016.01.14-16.08.38:964][  0]LogTemp:Display: Loaded TP LinuxNoEditorTargetPlatform
[2016.01.14-16.08.38:972][  0]LogTemp:Display: Loaded TP LinuxServerTargetPlatform
[2016.01.14-16.08.38:982][  0]LogTemp:Display: Loaded TP LinuxTargetPlatform
[2016.01.14-16.08.38:982][  0]LogTargetPlatformManager:Display: Building Assets For Windows
[2016.01.14-16.08.39:210][  0]LogDerivedDataCache:Display: Max Cache Size: 512 MB
[2016.01.14-16.08.39:367][  0]LogDerivedDataCache: Loaded boot cache 0.16s 41MB C:/Users/Tonga/AppData/Local/UnrealEngine/4.9/DerivedDataCache/Boot.ddc.
[2016.01.14-16.08.39:368][  0]LogDerivedDataCache:Display: Loaded Boot cache: C:/Users/Tonga/AppData/Local/UnrealEngine/4.9/DerivedDataCache/Boot.ddc
[2016.01.14-16.08.39:368][  0]LogDerivedDataCache: FDerivedDataBackendGraph:  Pak pak cache file ../../../../../../Users/Tonga/Documents/Facultad/Tesis/Repositorio/proygrad_fing/BotonLuz/DerivedDataCache/DDC.ddp not found, will not use a pak cache.
[2016.01.14-16.08.39:368][  0]LogDerivedDataCache: Unable to find inner node Pak for hierarchical cache Hierarchy.
[2016.01.14-16.08.39:368][  0]LogDerivedDataCache: FDerivedDataBackendGraph:  CompressedPak pak cache file ../../../../../../Users/Tonga/Documents/Facultad/Tesis/Repositorio/proygrad_fing/BotonLuz/DerivedDataCache/Compressed.ddp not found, will not use a pak cache.
[2016.01.14-16.08.39:368][  0]LogDerivedDataCache: Unable to find inner node CompressedPak for hierarchical cache Hierarchy.
[2016.01.14-16.08.39:545][  0]LogDerivedDataCache:Display: Pak cache opened for reading ../../../Engine/DerivedDataCache/Compressed.ddp.
[2016.01.14-16.08.39:557][  0]LogDerivedDataCache: Using Local data cache path C:/Users/Tonga/AppData/Local/UnrealEngine/Common/DerivedDataCache: Writable
[2016.01.14-16.08.39:860][  0]LogInit: Selected Device Profile: [Windows]
[2016.01.14-16.08.39:861][  0]LogContentStreaming: Texture pool size is 0.000000MB
[2016.01.14-16.08.39:906][  0]LogMeshUtilities: No automatic mesh reduction module available
[2016.01.14-16.08.39:907][  0]LogMeshUtilities: No automatic mesh merging module available
[2016.01.14-16.08.40:514][  0]LogInit: WinSock: version 1.1 (2.2), MaxSocks=32767, MaxUdp=65467
[2016.01.14-16.08.41:768][  0]UdpMessaging: Initializing bridge on interface 0.0.0.0:0 to multicast group 230.0.0.1:6666.
[2016.01.14-16.08.41:893][  0]LogAssetRegistry: FAssetRegistry took 0.0099 seconds to start up
[2016.01.14-16.08.42:205][  0]SourceControl: Info Source control is disabled
[2016.01.14-16.08.42:207][  0]SourceControl: Info Source control is disabled
[2016.01.14-16.08.42:234][  0]SourceControl: Info Source control is disabled
[2016.01.14-16.08.42:263][  0]SourceControl: Info Source control is disabled
[2016.01.14-16.08.42:600][  0]LogLinker:Warning: Asset '../../../Engine/Plugins/Runtime/LeapMotionController/Content/LM_PassthroughMaterial.uasset' has been saved with empty engine version. The asset will be loaded but may be incompatible.
[2016.01.14-16.08.42:752][  0]LogObj: 28361 objects as part of root set at end of initial load.
[2016.01.14-16.08.42:752][  0]LogUObjectAllocator: 6038864 out of 0 bytes used by permanent object pool.
[2016.01.14-16.08.42:827][  0]LogEngine: Initializing Engine...
[2016.01.14-16.08.42:831][  0]OCULUS: Info: 01/14/16 16:08:42: [CAPI] LibOVR module is located at C:\Windows\system32\LibOVRRT64_0_7.dll

[2016.01.14-16.08.43:332][  0]OCULUS: Error: 01/14/16 16:08:43: [CAPI] ovr_Create failed to complete within the timeout period.
[2016.01.14-16.08.43:337][  0]LogHMD: SteamVR failed to initialize.  Err: 110
[2016.01.14-16.08.43:551][  0]LogAIModule: Creating AISystem for world NewWorld
[2016.01.14-16.08.43:564][  0]LogInit: XAudio2 using 'Altavoces (Realtek High Definition Audio)' : 2 channels at 48 kHz using 32 bits per sample (channel mask 0x3)
[2016.01.14-16.08.43:591][  0]LogInit: FAudioDevice initialized.
[2016.01.14-16.08.43:634][  0]LogDerivedDataCache: Saved boot cache 0.04s 41MB C:/Users/Tonga/AppData/Local/UnrealEngine/4.9/DerivedDataCache/Boot.ddc.
[2016.01.14-16.08.43:648][  0]LogInit: Texture streaming: Enabled
[2016.01.14-16.08.43:662][  0]LogAnalytics: Creating configured Analytics provider AnalyticsET
[2016.01.14-16.08.43:662][  0]LogAnalytics: [UEEditor.Rocket.Release] APIServer = http://et2.epicgames.com/ET2/. AppVersion = 4.9.2-2707645+++depot+UE4-Releases+4.9
[2016.01.14-16.08.43:662][  0]LogAnalytics: [UEEditor.Rocket.Release] SetUserId d2bef611456171cb171d15a4a42cb182|6ac59fa8cbb647a4b14c5a548cbd3b91|31fc86a8-acb9-451a-b082-adf3974f05a6
[2016.01.14-16.08.43:662][  0]LogAnalytics: [UEEditor.Rocket.Release] AnalyticsET::StartSession
[2016.01.14-16.08.43:773][  0]LogInit: Transaction tracking system initialized
[2016.01.14-16.08.43:842][  0]BlueprintLog: New page: Editor Load
[2016.01.14-16.08.44:043][  0]LocalizationService: Info Localization service is disabled
[2016.01.14-16.08.44:218][  0]LogConsoleResponse:Display: 
[2016.01.14-16.08.44:390][  0]LogCook:Display: Done creating registry. It took  0.00s.
[2016.01.14-16.08.44:586][  0]LogFileCache: Scanning file cache for directory 'C:/Users/Tonga/Documents/Facultad/Tesis/Repositorio/proygrad_fing/BotonLuz/Content/' took 0.01s
[2016.01.14-16.08.44:586][  0]SourceControl: Info Source control is disabled
[2016.01.14-16.08.44:586][  0]Cmd: MAP LOAD FILE="../../../Engine/Content/Maps/Templates/Template_Default.umap" TEMPLATE=1 SHOWPROGRESS=1 FEATURELEVEL=3
[2016.01.14-16.08.44:587][  0]LightingResults: New page: Lighting Build
[2016.01.14-16.08.44:595][  0]MapCheck: New page: Map Check
[2016.01.14-16.08.44:595][  0]LightingResults: New page: Lighting Build
[2016.01.14-16.08.44:623][  0]LogParticles: Destroying 0 GPU particle simulations for FXSystem 0x0000000024BE6160
[2016.01.14-16.08.45:161][  0]LogAIModule: Creating AISystem for world Untitled_1
[2016.01.14-16.08.45:177][  0]LogEditorServer: Finished looking for orphan Actors (0.000 secs)
[2016.01.14-16.08.45:202][  0]Cmd: MAP CHECKDEP NOCLEARLOG
[2016.01.14-16.08.45:297][  0]MapCheck: Info Map check complete: 0 Error(s), 0 Warning(s), took 94.375ms to complete.
[2016.01.14-16.08.45:297][  0]LogFileHelpers: Loading map 'Template_Default' took 0.711
[2016.01.14-16.08.45:469][  0]LogCollectionManager: Loaded 0 collections in 0.006469 seconds
[2016.01.14-16.08.45:496][  0]LogFileCache: Scanning file cache for directory 'C:/Users/Tonga/Documents/Facultad/Tesis/Repositorio/proygrad_fing/BotonLuz/Saved/Collections/' took 0.01s
[2016.01.14-16.08.45:496][  0]LogFileCache: Scanning file cache for directory 'C:/Users/Tonga/Documents/Facultad/Tesis/Repositorio/proygrad_fing/BotonLuz/Content/Developers/Tonga/Collections/' took 0.00s
[2016.01.14-16.08.45:496][  0]LogFileCache: Scanning file cache for directory 'C:/Users/Tonga/Documents/Facultad/Tesis/Repositorio/proygrad_fing/BotonLuz/Content/Collections/' took 0.00s
[2016.01.14-16.08.45:497][  0]LogContentBrowser: Native class hierarchy populated in 0.0127 seconds. Added 1867 classes and 333 folders.
[2016.01.14-16.08.45:506][  0]LogCollectionManager: Rebuilt the GUID cache for 0 collections in 0.000004 seconds
[2016.01.14-16.08.45:518][  0]LogContentBrowser: Native class hierarchy updated for 'WidgetCarousel' in 0.0006 seconds. Added 0 classes and 0 folders.
[2016.01.14-16.08.45:937][  0]LogContentBrowser: Native class hierarchy updated for 'AddContentDialog' in 0.0015 seconds. Added 0 classes and 0 folders.
[2016.01.14-16.08.45:994][  0]LogContentBrowser: Native class hierarchy updated for 'SceneOutliner' in 0.0007 seconds. Added 1 classes and 2 folders.
[2016.01.14-16.08.46:185][  0]LogCrashTracker: Crashtracker disabled due to settings.
[2016.01.14-16.08.46:192][  0]LogUObjectGlobals:Warning: Failed to find object 'Class None.'
[2016.01.14-16.08.46:214][  0]LogLoad: Full Startup: 11.57 seconds (BP compile: 0.13 seconds)
[2016.01.14-16.08.46:631][  0]LogContentStreaming: Texture pool size now 1000 MB
[2016.01.14-16.08.46:824][  0]LogRenderer: Reallocating scene render targets to support 1144x576 (Frame:2).
[2016.01.14-16.08.47:979][  4]LogAssetRegistry: Asset discovery search completed in 6.0962 seconds
[2016.01.14-16.08.47:979][  4]LogCollectionManager: Rebuilt the object cache for 0 collections in 0.000001 seconds (found 0 objects)
[2016.01.14-16.08.47:979][  4]LogCollectionManager: Fixed up redirectors for 0 collections in 0.000031 seconds (updated 0 objects)
[2016.01.14-16.12.41:999][825]LogAIModule: Creating AISystem for world Inicio
[2016.01.14-16.12.42:068][825]Cmd: MAP LOAD FILE="../../../../../../Users/Tonga/Documents/Facultad/Tesis/Repositorio/proygrad_fing/BotonLuz/Content/Inicio.umap" TEMPLATE=0 SHOWPROGRESS=1 FEATURELEVEL=3
[2016.01.14-16.12.42:068][825]LightingResults: New page: Lighting Build
[2016.01.14-16.12.42:107][825]LoadErrors: New page: Loading map: Inicio.umap
[2016.01.14-16.12.42:108][825]MapCheck: New page: Map Check
[2016.01.14-16.12.42:108][825]LightingResults: New page: Lighting Build
[2016.01.14-16.12.42:132][825]LogParticles: Destroying 0 GPU particle simulations for FXSystem 0x000000000FAFB060
[2016.01.14-16.12.42:195][825]LogEditorServer: Finished looking for orphan Actors (0.000 secs)
[2016.01.14-16.12.42:244][825]Cmd: MAP CHECKDEP NOCLEARLOG
[2016.01.14-16.12.42:398][825]MapCheck: Info Map check complete: 0 Error(s), 0 Warning(s), took 154.356ms to complete.
[2016.01.14-16.12.42:398][825]LogFileHelpers: Loading map 'Inicio' took 0.332
[2016.01.14-16.12.46:800][301]LogBlueprintUserMessages: Early PlayInEditor Detection: Level '/Game/Inicio.Inicio:PersistentLevel' has LevelScriptBlueprint '/Game/Inicio.Inicio:PersistentLevel.Inicio' with GeneratedClass '/Game/Inicio.Inicio_C' with ClassGeneratedBy '/Game/Inicio.Inicio:PersistentLevel.Inicio'
[2016.01.14-16.12.46:800][301]LogPlayLevel: PlayLevel: No blueprints needed recompiling
[2016.01.14-16.12.46:801][301]PIE: New page: SIE session: Inicio (Jan 14, 2016, 10:12:46 AM)
[2016.01.14-16.12.46:801][301]LogPlayLevel: Creating play world package: /Game/UEDPIE_0_Inicio
[2016.01.14-16.12.46:806][301]LogPlayLevel: PIE: StaticDuplicateObject took: (0.005374s)
[2016.01.14-16.12.46:807][301]LogAIModule: Creating AISystem for world Inicio
[2016.01.14-16.12.46:808][301]LogPlayLevel: PIE: World Init took: (0.001310s)
[2016.01.14-16.12.46:808][301]LogPlayLevel: PIE: Created PIE world by copying editor world from /Game/Inicio.Inicio to /Game/UEDPIE_0_Inicio.Inicio (0.007513s)
[2016.01.14-16.12.46:841][301]LogInit: XAudio2 using 'Altavoces (Realtek High Definition Audio)' : 2 channels at 48 kHz using 32 bits per sample (channel mask 0x3)
[2016.01.14-16.12.46:868][301]LogInit: FAudioDevice initialized.
[2016.01.14-16.12.46:942][301]LogWorld: Game class is 'GameMode'
[2016.01.14-16.12.46:945][301]LogWorld: Bringing World /Game/UEDPIE_0_Inicio.Inicio up for play (max tick rate 0) at 2016.01.14-13.12.46
[2016.01.14-16.12.46:945][301]LogActor:Warning: GameSession /Game/UEDPIE_0_Inicio.Inicio:PersistentLevel.GameSession_0 has natively added scene component(s), but none of them were set as the actor's RootComponent - picking one arbitrarily
[2016.01.14-16.12.46:945][301]LogActor:Warning: GameNetworkManager /Game/UEDPIE_0_Inicio.Inicio:PersistentLevel.GameNetworkManager_0 has natively added scene component(s), but none of them were set as the actor's RootComponent - picking one arbitrarily
[2016.01.14-16.12.46:946][301]LogWorld: Bringing up level for play took: 0.002864
[2016.01.14-16.12.46:952][301]PIE: Info Play in editor start time for /Game/UEDPIE_0_Inicio 0.207
[2016.01.14-16.12.46:964][301]LogBlueprintUserMessages: Late PlayInEditor Detection: Level '/Game/Inicio.Inicio:PersistentLevel' has LevelScriptBlueprint '/Game/Inicio.Inicio:PersistentLevel.Inicio' with GeneratedClass '/Game/Inicio.Inicio_C' with ClassGeneratedBy '/Game/Inicio.Inicio:PersistentLevel.Inicio'
[2016.01.14-16.12.48:589][388]PIE:Warning: Warning Mobility of PointLight_0 : LightComponent0 has to be 'Movable' if you'd like to Mobility of {0} : {1} has to be 'Movable' if you'd like to {2}. . 
[2016.01.14-16.12.49:623][480]PIE:Warning: Warning Mobility of PointLight_1 : LightComponent0 has to be 'Movable' if you'd like to Mobility of {0} : {1} has to be 'Movable' if you'd like to {2}. . 
[2016.01.14-16.12.49:911][500]PIE:Warning: Warning Mobility of PointLight_2 : LightComponent0 has to be 'Movable' if you'd like to Mobility of {0} : {1} has to be 'Movable' if you'd like to {2}. . 
[2016.01.14-16.12.50:046][508]PIE:Warning: Warning Mobility of PointLight_3 : LightComponent0 has to be 'Movable' if you'd like to Mobility of {0} : {1} has to be 'Movable' if you'd like to {2}. . 
[2016.01.14-16.12.50:232][518]PIE:Warning: Warning Mobility of PointLight_4 : LightComponent0 has to be 'Movable' if you'd like to Mobility of {0} : {1} has to be 'Movable' if you'd like to {2}. . 
[2016.01.14-16.12.50:361][523]PIE:Warning: Warning Mobility of PointLight_5 : LightComponent0 has to be 'Movable' if you'd like to Mobility of {0} : {1} has to be 'Movable' if you'd like to {2}. . 
[2016.01.14-16.12.50:502][529]PIE:Warning: Warning Mobility of PointLight_6 : LightComponent0 has to be 'Movable' if you'd like to Mobility of {0} : {1} has to be 'Movable' if you'd like to {2}. . 
[2016.01.14-16.12.50:640][535]PIE:Warning: Warning Mobility of PointLight_7 : LightComponent0 has to be 'Movable' if you'd like to Mobility of {0} : {1} has to be 'Movable' if you'd like to {2}. . 
[2016.01.14-16.12.50:934][547]PIE:Warning: Warning Mobility of PointLight_8 : LightComponent0 has to be 'Movable' if you'd like to Mobility of {0} : {1} has to be 'Movable' if you'd like to {2}. . 
[2016.01.14-16.12.51:093][554]PIE:Warning: Warning Mobility of PointLight_9 : LightComponent0 has to be 'Movable' if you'd like to Mobility of {0} : {1} has to be 'Movable' if you'd like to {2}. . 
[2016.01.14-16.12.51:221][561]PIE:Warning: Warning Mobility of PointLight_10 : LightComponent0 has to be 'Movable' if you'd like to Mobility of {0} : {1} has to be 'Movable' if you'd like to {2}. . 
[2016.01.14-16.12.51:399][570]PIE:Warning: Warning Mobility of PointLight_11 : LightComponent0 has to be 'Movable' if you'd like to Mobility of {0} : {1} has to be 'Movable' if you'd like to {2}. . 
[2016.01.14-16.12.51:567][578]PIE:Warning: Warning Mobility of PointLight_12 : LightComponent0 has to be 'Movable' if you'd like to Mobility of {0} : {1} has to be 'Movable' if you'd like to {2}. . 
[2016.01.14-16.12.51:739][586]PIE:Warning: Warning Mobility of PointLight_13 : LightComponent0 has to be 'Movable' if you'd like to Mobility of {0} : {1} has to be 'Movable' if you'd like to {2}. . 
[2016.01.14-16.12.51:916][593]PIE:Warning: Warning Mobility of PointLight_14 : LightComponent0 has to be 'Movable' if you'd like to Mobility of {0} : {1} has to be 'Movable' if you'd like to {2}. . 
[2016.01.14-16.12.52:062][599]PIE:Warning: Warning Mobility of PointLight_15 : LightComponent0 has to be 'Movable' if you'd like to Mobility of {0} : {1} has to be 'Movable' if you'd like to {2}. . 
[2016.01.14-16.12.52:348][609]PIE:Warning: Warning Mobility of PointLight_16 : LightComponent0 has to be 'Movable' if you'd like to Mobility of {0} : {1} has to be 'Movable' if you'd like to {2}. . 
[2016.01.14-16.12.52:497][616]PIE:Warning: Warning Mobility of PointLight_17 : LightComponent0 has to be 'Movable' if you'd like to Mobility of {0} : {1} has to be 'Movable' if you'd like to {2}. . 
[2016.01.14-16.12.52:697][625]PIE:Warning: Warning Mobility of PointLight_18 : LightComponent0 has to be 'Movable' if you'd like to Mobility of {0} : {1} has to be 'Movable' if you'd like to {2}. . 
[2016.01.14-16.12.52:864][632]PIE:Warning: Warning Mobility of PointLight_19 : LightComponent0 has to be 'Movable' if you'd like to Mobility of {0} : {1} has to be 'Movable' if you'd like to {2}. . 
[2016.01.14-16.12.53:057][640]PIE:Warning: Warning Mobility of PointLight_20 : LightComponent0 has to be 'Movable' if you'd like to Mobility of {0} : {1} has to be 'Movable' if you'd like to {2}. . 
[2016.01.14-16.12.53:235][647]PIE:Warning: Warning Mobility of PointLight_21 : LightComponent0 has to be 'Movable' if you'd like to Mobility of {0} : {1} has to be 'Movable' if you'd like to {2}. . 
[2016.01.14-16.12.53:396][653]PIE:Warning: Warning Mobility of PointLight_22 : LightComponent0 has to be 'Movable' if you'd like to Mobility of {0} : {1} has to be 'Movable' if you'd like to {2}. . 
[2016.01.14-16.12.53:576][660]PIE:Warning: Warning Mobility of PointLight_23 : LightComponent0 has to be 'Movable' if you'd like to Mobility of {0} : {1} has to be 'Movable' if you'd like to {2}. . 
[2016.01.14-16.13.16:792][623]PIE:Warning: Warning Mobility of PointLight_24 : LightComponent0 has to be 'Movable' if you'd like to Mobility of {0} : {1} has to be 'Movable' if you'd like to {2}. . 
[2016.01.14-16.13.43:837][820]LogLinker:Warning: Asset '../../../Engine/Content/ArtTools/RenderToTexture/Macros/RenderToTextureMacros.uasset' has been saved with empty engine version. The asset will be loaded but may be incompatible.
[2016.01.14-16.13.44:530][820]LogContentBrowser: Native class hierarchy updated for 'BlueprintGraph' in 0.0011 seconds. Added 107 classes and 0 folders.
[2016.01.14-16.13.46:744][886]LogBlueprintUserMessages: Early EndPlayMap Detection: Level '/Game/Inicio.Inicio:PersistentLevel' has LevelScriptBlueprint '/Game/Inicio.Inicio:PersistentLevel.Inicio' with GeneratedClass '/Game/Inicio.Inicio_C' with ClassGeneratedBy '/Game/Inicio.Inicio:PersistentLevel.Inicio'
[2016.01.14-16.13.46:811][886]LogBlueprintUserMessages: Late EndPlayMap Detection: Level '/Game/Inicio.Inicio:PersistentLevel' has LevelScriptBlueprint '/Game/Inicio.Inicio:PersistentLevel.Inicio' with GeneratedClass '/Game/Inicio.Inicio_C' with ClassGeneratedBy '/Game/Inicio.Inicio:PersistentLevel.Inicio'
[2016.01.14-16.13.46:854][886]LogParticles: Destroying 0 GPU particle simulations for FXSystem 0x000000001B58F2E0
[2016.01.14-16.15.35:987][ 48]LogBlueprintUserMessages: CustomizeDetails for Blueprint 'ElementoListaLuzAgregada', cached variable property's owner is '/Game/ElementoListaLuzAgregada.SKEL_ElementoListaLuzAgregada_C'
[2016.01.14-16.15.42:177][462]LogBlueprintUserMessages: PostEditorRefresh for Blueprint 'ElementoListaLuzAgregada', cached variable property's owner is '/Game/ElementoListaLuzAgregada.SKEL_ElementoListaLuzAgregada_C'
[2016.01.14-16.15.42:196][462]LogBlueprintUserMessages: PostEditorRefresh for Blueprint 'ElementoListaLuzAgregada', cached variable property's owner is '/Game/ElementoListaLuzAgregada.SKEL_ElementoListaLuzAgregada_C'
[2016.01.14-16.15.42:216][462]LogBlueprintUserMessages: PostEditorRefresh for Blueprint 'ElementoListaLuzAgregada', cached variable property's owner is '/Game/ElementoListaLuzAgregada.SKEL_ElementoListaLuzAgregada_C'
[2016.01.14-16.15.42:243][462]LogBlueprintUserMessages: CustomizeDetails for Blueprint 'ElementoListaLuzAgregada', cached variable property's owner is '/Game/ElementoListaLuzAgregada.SKEL_ElementoListaLuzAgregada_C'
[2016.01.14-16.15.51:351][108]LogBlueprintUserMessages: CustomizeDetails for Blueprint 'ElementoListaLuzAgregada', cached variable property's owner is '/Game/ElementoListaLuzAgregada.SKEL_ElementoListaLuzAgregada_C'
[2016.01.14-16.16.00:637][755]LogBlueprintUserMessages: CustomizeDetails for Blueprint 'ElementoListaLuzAgregada', cached variable property's owner is '/Game/ElementoListaLuzAgregada.SKEL_ElementoListaLuzAgregada_C'
[2016.01.14-16.16.22:054][203]LogBlueprintUserMessages: PostEditorRefresh for Blueprint 'ElementoListaLuzAgregada', cached variable property's owner is '/Game/ElementoListaLuzAgregada.SKEL_ElementoListaLuzAgregada_C'
[2016.01.14-16.16.22:073][203]LogBlueprintUserMessages: PostEditorRefresh for Blueprint 'ElementoListaLuzAgregada', cached variable property's owner is '/Game/ElementoListaLuzAgregada.SKEL_ElementoListaLuzAgregada_C'
[2016.01.14-16.16.22:145][203]LogBlueprintUserMessages: CustomizeDetails for Blueprint 'ElementoListaLuzAgregada', cached variable property's owner is '/Game/ElementoListaLuzAgregada.SKEL_ElementoListaLuzAgregada_C'
[2016.01.14-16.16.25:350][388]LogSavePackage: Save=150.899689ms
[2016.01.14-16.16.25:350][388]LogSavePackage: Moving '../../../../../../Users/Tonga/Documents/Facultad/Tesis/Repositorio/proygrad_fing/BotonLuz/Saved/ElementoListaLuzAgregada86AFEECF4D77E3DD73536CBF4402D6D1.tmp' to '../../../../../../Users/Tonga/Documents/Facultad/Tesis/Repositorio/proygrad_fing/BotonLuz/Content/ElementoListaLuzAgregada.uasset'
[2016.01.14-16.16.25:354][388]LogSavePackage: Total save time: 252.681199ms
[2016.01.14-16.16.25:354][388]LogSavePackage:Warning: Finished SavePackage ../../../../../../Users/Tonga/Documents/Facultad/Tesis/Repositorio/proygrad_fing/BotonLuz/Content/ElementoListaLuzAgregada.uasset
[2016.01.14-16.17.55:532][455]LogBlueprintUserMessages: CustomizeDetails for Blueprint 'ElementoListaLuzAgregada', cached variable property's owner is '/Game/ElementoListaLuzAgregada.SKEL_ElementoListaLuzAgregada_C'
[2016.01.14-16.20.22:689][539]LogSavePackage: Save=132.623947ms
[2016.01.14-16.20.22:689][539]LogSavePackage: Moving '../../../../../../Users/Tonga/Documents/Facultad/Tesis/Repositorio/proygrad_fing/BotonLuz/Saved/ElementoListaLuzAgregada9AC6E75A4A0535CA7C84DEAC7B7F759C.tmp' to '../../../../../../Users/Tonga/Documents/Facultad/Tesis/Repositorio/proygrad_fing/BotonLuz/Content/ElementoListaLuzAgregada.uasset'
[2016.01.14-16.20.22:693][539]LogSavePackage: Total save time: 219.438594ms
[2016.01.14-16.20.22:693][539]LogSavePackage:Warning: Finished SavePackage ../../../../../../Users/Tonga/Documents/Facultad/Tesis/Repositorio/proygrad_fing/BotonLuz/Content/ElementoListaLuzAgregada.uasset
[2016.01.14-16.20.22:823][547]BlueprintLog: New page: Compile ElementoListaLuzAgregada
[2016.01.14-16.20.22:997][547]BlueprintEditorCompileResults: Info [0708.35] Compile of ElementoListaLuzAgregada successful! [in 173 ms]
[2016.01.14-16.20.25:237][702]LogBlueprintUserMessages: Early PlayInEditor Detection: Level '/Game/Inicio.Inicio:PersistentLevel' has LevelScriptBlueprint '/Game/Inicio.Inicio:PersistentLevel.Inicio' with GeneratedClass '/Game/Inicio.Inicio_C' with ClassGeneratedBy '/Game/Inicio.Inicio:PersistentLevel.Inicio'
[2016.01.14-16.20.25:238][702]LogPlayLevel: PlayLevel: No blueprints needed recompiling
[2016.01.14-16.20.25:238][702]PIE: New page: SIE session: Inicio (Jan 14, 2016, 10:20:25 AM)
[2016.01.14-16.20.25:238][702]LogPlayLevel: Creating play world package: /Game/UEDPIE_0_Inicio
[2016.01.14-16.20.25:242][702]LogPlayLevel: PIE: StaticDuplicateObject took: (0.004607s)
[2016.01.14-16.20.25:244][702]LogAIModule: Creating AISystem for world Inicio
[2016.01.14-16.20.25:244][702]LogPlayLevel: PIE: World Init took: (0.001545s)
[2016.01.14-16.20.25:244][702]LogPlayLevel: PIE: Created PIE world by copying editor world from /Game/Inicio.Inicio to /Game/UEDPIE_0_Inicio.Inicio (0.006399s)
[2016.01.14-16.20.25:302][702]LogInit: XAudio2 using 'Altavoces (Realtek High Definition Audio)' : 2 channels at 48 kHz using 32 bits per sample (channel mask 0x3)
[2016.01.14-16.20.25:324][702]LogInit: FAudioDevice initialized.
[2016.01.14-16.20.25:360][702]LogWorld: Game class is 'GameMode'
[2016.01.14-16.20.25:362][702]LogWorld: Bringing World /Game/UEDPIE_0_Inicio.Inicio up for play (max tick rate 0) at 2016.01.14-13.20.25
[2016.01.14-16.20.25:362][702]LogActor:Warning: GameSession /Game/UEDPIE_0_Inicio.Inicio:PersistentLevel.GameSession_1 has natively added scene component(s), but none of them were set as the actor's RootComponent - picking one arbitrarily
[2016.01.14-16.20.25:362][702]LogActor:Warning: GameNetworkManager /Game/UEDPIE_0_Inicio.Inicio:PersistentLevel.GameNetworkManager_1 has natively added scene component(s), but none of them were set as the actor's RootComponent - picking one arbitrarily
[2016.01.14-16.20.25:362][702]LogWorld: Bringing up level for play took: 0.002000
[2016.01.14-16.20.25:367][702]PIE: Info Play in editor start time for /Game/UEDPIE_0_Inicio 0.618
[2016.01.14-16.20.25:370][702]LogBlueprintUserMessages: Late PlayInEditor Detection: Level '/Game/Inicio.Inicio:PersistentLevel' has LevelScriptBlueprint '/Game/Inicio.Inicio:PersistentLevel.Inicio' with GeneratedClass '/Game/Inicio.Inicio_C' with ClassGeneratedBy '/Game/Inicio.Inicio:PersistentLevel.Inicio'
[2016.01.14-16.20.30:111][ 21]PIE:Warning: Warning Mobility of PointLight_25 : LightComponent0 has to be 'Movable' if you'd like to Mobility of {0} : {1} has to be 'Movable' if you'd like to {2}. . 
[2016.01.14-16.20.47:920][314]PIE:Warning: Warning Mobility of PointLight_26 : LightComponent0 has to be 'Movable' if you'd like to Mobility of {0} : {1} has to be 'Movable' if you'd like to {2}. . 
[2016.01.14-16.20.51:783][545]PIE:Warning: Warning Mobility of PointLight_27 : LightComponent0 has to be 'Movable' if you'd like to Mobility of {0} : {1} has to be 'Movable' if you'd like to {2}. . 
[2016.01.14-16.21.03:513][352]PIE:Warning: Warning Mobility of PointLight_28 : LightComponent0 has to be 'Movable' if you'd like to Mobility of {0} : {1} has to be 'Movable' if you'd like to {2}. . 
[2016.01.14-16.21.11:765][914]PIE:Warning: Warning Mobility of PointLight_29 : LightComponent0 has to be 'Movable' if you'd like to Mobility of {0} : {1} has to be 'Movable' if you'd like to {2}. . 
[2016.01.14-16.22.37:980][873]LogBlueprintUserMessages: Early EndPlayMap Detection: Level '/Game/Inicio.Inicio:PersistentLevel' has LevelScriptBlueprint '/Game/Inicio.Inicio:PersistentLevel.Inicio' with GeneratedClass '/Game/Inicio.Inicio_C' with ClassGeneratedBy '/Game/Inicio.Inicio:PersistentLevel.Inicio'
[2016.01.14-16.22.38:016][873]LogBlueprintUserMessages: Late EndPlayMap Detection: Level '/Game/Inicio.Inicio:PersistentLevel' has LevelScriptBlueprint '/Game/Inicio.Inicio:PersistentLevel.Inicio' with GeneratedClass '/Game/Inicio.Inicio_C' with ClassGeneratedBy '/Game/Inicio.Inicio:PersistentLevel.Inicio'
[2016.01.14-16.22.38:071][873]LogParticles: Destroying 0 GPU particle simulations for FXSystem 0x0000000016B31B20
[2016.01.14-16.22.59:040][219]LogBlueprintUserMessages: CustomizeDetails for Blueprint 'ElementoListaLuzAgregada', cached variable property's owner is '/Game/ElementoListaLuzAgregada.SKEL_ElementoListaLuzAgregada_C'
[2016.01.14-16.23.18:007][467]LogSavePackage: Save=133.978409ms
[2016.01.14-16.23.18:007][467]LogSavePackage: Moving '../../../../../../Users/Tonga/Documents/Facultad/Tesis/Repositorio/proygrad_fing/BotonLuz/Saved/ElementoListaLuzAgregadaAA049867421DAD9BB09F3D9D131B9007.tmp' to '../../../../../../Users/Tonga/Documents/Facultad/Tesis/Repositorio/proygrad_fing/BotonLuz/Content/ElementoListaLuzAgregada.uasset'
[2016.01.14-16.23.18:012][467]LogSavePackage: Total save time: 243.679505ms
[2016.01.14-16.23.18:012][467]LogSavePackage:Warning: Finished SavePackage ../../../../../../Users/Tonga/Documents/Facultad/Tesis/Repositorio/proygrad_fing/BotonLuz/Content/ElementoListaLuzAgregada.uasset
[2016.01.14-16.23.18:306][486]BlueprintLog: New page: Compile ElementoListaLuzAgregada
[2016.01.14-16.23.18:469][486]BlueprintEditorCompileResults: Info [0883.82] Compile of ElementoListaLuzAgregada successful! [in 163 ms]
[2016.01.14-16.23.22:615][791]LogBlueprintUserMessages: Early PlayInEditor Detection: Level '/Game/Inicio.Inicio:PersistentLevel' has LevelScriptBlueprint '/Game/Inicio.Inicio:PersistentLevel.Inicio' with GeneratedClass '/Game/Inicio.Inicio_C' with ClassGeneratedBy '/Game/Inicio.Inicio:PersistentLevel.Inicio'
[2016.01.14-16.23.22:615][791]LogPlayLevel: PlayLevel: No blueprints needed recompiling
[2016.01.14-16.23.22:615][791]PIE: New page: SIE session: Inicio (Jan 14, 2016, 10:23:22 AM)
[2016.01.14-16.23.22:615][791]LogPlayLevel: Creating play world package: /Game/UEDPIE_0_Inicio
[2016.01.14-16.23.22:620][791]LogPlayLevel: PIE: StaticDuplicateObject took: (0.004456s)
[2016.01.14-16.23.22:621][791]LogAIModule: Creating AISystem for world Inicio
[2016.01.14-16.23.22:621][791]LogPlayLevel: PIE: World Init took: (0.001315s)
[2016.01.14-16.23.22:621][791]LogPlayLevel: PIE: Created PIE world by copying editor world from /Game/Inicio.Inicio to /Game/UEDPIE_0_Inicio.Inicio (0.006021s)
[2016.01.14-16.23.22:681][791]LogInit: XAudio2 using 'Altavoces (Realtek High Definition Audio)' : 2 channels at 48 kHz using 32 bits per sample (channel mask 0x3)
[2016.01.14-16.23.22:703][791]LogInit: FAudioDevice initialized.
[2016.01.14-16.23.22:743][791]LogWorld: Game class is 'GameMode'
[2016.01.14-16.23.22:746][791]LogWorld: Bringing World /Game/UEDPIE_0_Inicio.Inicio up for play (max tick rate 0) at 2016.01.14-13.23.22
[2016.01.14-16.23.22:746][791]LogActor:Warning: GameSession /Game/UEDPIE_0_Inicio.Inicio:PersistentLevel.GameSession_2 has natively added scene component(s), but none of them were set as the actor's RootComponent - picking one arbitrarily
[2016.01.14-16.23.22:746][791]LogActor:Warning: GameNetworkManager /Game/UEDPIE_0_Inicio.Inicio:PersistentLevel.GameNetworkManager_2 has natively added scene component(s), but none of them were set as the actor's RootComponent - picking one arbitrarily
[2016.01.14-16.23.22:746][791]LogWorld: Bringing up level for play took: 0.002056
[2016.01.14-16.23.22:752][791]PIE: Info Play in editor start time for /Game/UEDPIE_0_Inicio 0
[2016.01.14-16.23.22:754][791]LogBlueprintUserMessages: Late PlayInEditor Detection: Level '/Game/Inicio.Inicio:PersistentLevel' has LevelScriptBlueprint '/Game/Inicio.Inicio:PersistentLevel.Inicio' with GeneratedClass '/Game/Inicio.Inicio_C' with ClassGeneratedBy '/Game/Inicio.Inicio:PersistentLevel.Inicio'
[2016.01.14-16.23.24:092][862]PIE:Warning: Warning Mobility of PointLight_30 : LightComponent0 has to be 'Movable' if you'd like to Mobility of {0} : {1} has to be 'Movable' if you'd like to {2}. . 
[2016.01.14-16.23.26:767][ 10]PIE:Warning: Warning Mobility of PointLight_31 : LightComponent0 has to be 'Movable' if you'd like to Mobility of {0} : {1} has to be 'Movable' if you'd like to {2}. . 
[2016.01.14-16.23.35:233][531]PIE:Warning: Warning Mobility of PointLight_32 : LightComponent0 has to be 'Movable' if you'd like to Mobility of {0} : {1} has to be 'Movable' if you'd like to {2}. . 
[2016.01.14-16.23.42:391][989]PIE:Warning: Warning Mobility of PointLight_33 : LightComponent0 has to be 'Movable' if you'd like to Mobility of {0} : {1} has to be 'Movable' if you'd like to {2}. . 
[2016.01.14-16.23.53:205][675]PIE:Warning: Warning Mobility of PointLight_34 : LightComponent0 has to be 'Movable' if you'd like to Mobility of {0} : {1} has to be 'Movable' if you'd like to {2}. . 
[2016.01.14-16.23.57:644][893]LogSavePackage: Save=102.889099ms
[2016.01.14-16.23.57:644][893]LogSavePackage: Moving '../../../../../../Users/Tonga/Documents/Facultad/Tesis/Repositorio/proygrad_fing/BotonLuz/Saved/InicioBD939B4D427215C81E19BF89DE2AF4F4.tmp' to '../../../../../../Users/Tonga/Documents/Facultad/Tesis/Repositorio/proygrad_fing/BotonLuz/Content/Inicio.umap'
[2016.01.14-16.23.57:646][893]LogSavePackage: Total save time: 135.351729ms
[2016.01.14-16.23.57:646][893]LogSavePackage:Warning: Finished SavePackage ../../../../../../Users/Tonga/Documents/Facultad/Tesis/Repositorio/proygrad_fing/BotonLuz/Content/Inicio.umap
[2016.01.14-16.24.03:196][125]LogBlueprintUserMessages: Early EndPlayMap Detection: Level '/Game/Inicio.Inicio:PersistentLevel' has LevelScriptBlueprint '/Game/Inicio.Inicio:PersistentLevel.Inicio' with GeneratedClass '/Game/Inicio.Inicio_C' with ClassGeneratedBy '/Game/Inicio.Inicio:PersistentLevel.Inicio'
[2016.01.14-16.24.27:860][125]LogOutputDevice: === Handled error: ===

Ensure condition failed: NewObject->IsA(this->GeneratedClass) [File:D:\BuildFarm\buildmachine_++depot+UE4-Releases+4.9\Engine\Source\Runtime\Engine\Private\Blueprint.cpp] [Line: 634]
Type mismatch: Expected Inicio_C, Found LevelScriptBlueprint
Stack: 
UE4Editor-Core.dll!FWindowsPlatformStackWalk::StackWalkAndDump() [d:\buildfarm\buildmachine_++depot+ue4-releases+4.9\engine\source\runtime\core\private\windows\windowsplatformstackwalk.cpp:175]
UE4Editor-Core.dll!FDebug::EnsureFailed() [d:\buildfarm\buildmachine_++depot+ue4-releases+4.9\engine\source\runtime\core\private\misc\outputdevice.cpp:258]
UE4Editor-Core.dll!FDebug::OptionallyLogFormattedEnsureMessageReturningFalse() [d:\buildfarm\buildmachine_++depot+ue4-releases+4.9\engine\source\runtime\core\private\misc\outputdevice.cpp:368]
UE4Editor-Engine.dll!UBlueprint::SetObjectBeingDebugged() [d:\buildfarm\buildmachine_++depot+ue4-releases+4.9\engine\source\runtime\engine\private\blueprint.cpp:634]
UE4Editor-Engine.dll!UWorld::TransferBlueprintDebugReferences() [d:\buildfarm\buildmachine_++depot+ue4-releases+4.9\engine\source\runtime\engine\private\world.cpp:1551]
UE4Editor-UnrealEd.dll!UEditorEngine::TeardownPlaySession() [d:\buildfarm\buildmachine_++depot+ue4-releases+4.9\engine\source\editor\unrealed\private\playlevel.cpp:588]
UE4Editor-UnrealEd.dll!UEditorEngine::EndPlayMap() [d:\buildfarm\buildmachine_++depot+ue4-releases+4.9\engine\source\editor\unrealed\private\playlevel.cpp:217]
UE4Editor-UnrealEd.dll!UEditorEngine::Tick() [d:\buildfarm\buildmachine_++depot+ue4-releases+4.9\engine\source\editor\unrealed\private\editorengine.cpp:1579]
UE4Editor-UnrealEd.dll!UUnrealEdEngine::Tick() [d:\buildfarm\buildmachine_++depot+ue4-releases+4.9\engine\source\editor\unrealed\private\unrealedengine.cpp:366]
UE4Editor.exe!FEngineLoop::Tick() [d:\buildfarm\buildmachine_++depot+ue4-releases+4.9\engine\source\runtime\launch\private\launchengineloop.cpp:2428]
UE4Editor.exe!GuardedMain() [d:\buildfarm\buildmachine_++depot+ue4-releases+4.9\engine\source\runtime\launch\private\launch.cpp:142]
UE4Editor.exe!GuardedMainWrapper() [d:\buildfarm\buildmachine_++depot+ue4-releases+4.9\engine\source\runtime\launch\private\windows\launchwindows.cpp:126]
UE4Editor.exe!WinMain() [d:\buildfarm\buildmachine_++depot+ue4-releases+4.9\engine\source\runtime\launch\private\windows\launchwindows.cpp:200]
UE4Editor.exe!__tmainCRTStartup() [f:\dd\vctools\crt\crtw32\dllstuff\crtexe.c:618]
kernel32.dll
ntdll.dll
ntdll.dll

[2016.01.14-16.24.30:189][125]LogBlueprintUserMessages: Late EndPlayMap Detection: Level '/Game/Inicio.Inicio:PersistentLevel' has LevelScriptBlueprint '/Game/Inicio.Inicio:PersistentLevel.Inicio' with GeneratedClass '/Game/Inicio.Inicio_C' with ClassGeneratedBy '/Game/Inicio.Inicio:PersistentLevel.Inicio'
[2016.01.14-16.24.30:245][125]LogParticles: Destroying 0 GPU particle simulations for FXSystem 0x000000004D43E5C0
[2016.01.14-16.24.31:203][126]LogWindowsTextInputMethodSystem:Display: IME system now deactivated.
[2016.01.14-16.24.31:209][127]Cmd: QUIT_EDITOR
[2016.01.14-16.24.31:536][127]LogExit: Preparing to exit.
[2016.01.14-16.24.32:664][127]LogExit: Editor shut down
[2016.01.14-16.24.32:664][127]LogExit: Transaction tracking system shut down
[2016.01.14-16.24.32:666][127]LogParticles: Destroying 0 GPU particle simulations for FXSystem 0x000000001E6723E0
[2016.01.14-16.24.32:666][127]LogParticles: Destroying 0 GPU particle simulations for FXSystem 0x0000000010FE67A0
[2016.01.14-16.24.32:668][127]LogParticles: Destroying 0 GPU particle simulations for FXSystem 0x00000000249CA8E0
[2016.01.14-16.24.32:670][127]LogParticles: Destroying 0 GPU particle simulations for FXSystem 0x00000000249CB1A0
[2016.01.14-16.24.32:670][127]LogParticles: Destroying 0 GPU particle simulations for FXSystem 0x0000000016E009A0
[2016.01.14-16.24.32:926][127]LogExit: Object subsystem successfully closed.
[2016.01.14-16.24.32:939][127]LogD3D11RHI: Shutdown
[2016.01.14-16.24.32:939][127]LogD3D11RHI: CleanupD3DDevice
[2016.01.14-16.24.33:011][127]LogD3D11RHI: ~FD3D11DynamicRHI
[2016.01.14-16.24.33:040][127]LogModuleManager: Shutting down and abandoning module SequencerWidgets (199)
[2016.01.14-16.24.33:040][127]LogModuleManager: Shutting down and abandoning module BlueprintGraph (198)
[2016.01.14-16.24.33:041][127]LogModuleManager: Shutting down and abandoning module CrashTracker (197)
[2016.01.14-16.24.33:041][127]LogModuleManager: Shutting down and abandoning module SceneOutliner (196)
[2016.01.14-16.24.33:041][127]LogModuleManager: Shutting down and abandoning module SuperSearch (195)
[2016.01.14-16.24.33:041][127]LogModuleManager: Shutting down and abandoning module WidgetCarousel (194)
[2016.01.14-16.24.33:041][127]LogModuleManager: Shutting down and abandoning module AddContentDialog (193)
[2016.01.14-16.24.33:043][127]LogModuleManager: Shutting down and abandoning module EditorWidgets (192)
[2016.01.14-16.24.33:043][127]LogModuleManager: Shutting down and abandoning module CollectionManager (191)
[2016.01.14-16.24.33:043][127]LogModuleManager: Shutting down and abandoning module StatsViewer (190)
[2016.01.14-16.24.33:043][127]LogModuleManager: Shutting down and abandoning module FoliageEdit (189)
[2016.01.14-16.24.33:043][127]LogModuleManager: Shutting down and abandoning module LandscapeEditor (188)
[2016.01.14-16.24.33:043][127]LogModuleManager: Shutting down and abandoning module ActorPickerMode (187)
[2016.01.14-16.24.33:043][127]LogModuleManager: Shutting down and abandoning module GeometryMode (186)
[2016.01.14-16.24.33:043][127]LogModuleManager: Shutting down and abandoning module TextureAlignMode (185)
[2016.01.14-16.24.33:043][127]LogModuleManager: Shutting down and abandoning module BspMode (184)
[2016.01.14-16.24.33:043][127]LogModuleManager: Shutting down and abandoning module PlacementMode (183)
[2016.01.14-16.24.33:043][127]LogModuleManager: Shutting down and abandoning module AutomationWorker (182)
[2016.01.14-16.24.33:044][127]LogModuleManager: Shutting down and abandoning module CharacterAI (181)
[2016.01.14-16.24.33:044][127]LogModuleManager: Shutting down and abandoning module SmartSnapping (180)
[2016.01.14-16.24.33:044][127]LogModuleManager: Shutting down and abandoning module ViewportSnapping (179)
[2016.01.14-16.24.33:044][127]LogModuleManager: Shutting down and abandoning module LogVisualizer (178)
[2016.01.14-16.24.33:044][127]LogModuleManager: Shutting down and abandoning module GameProjectGeneration (177)
[2016.01.14-16.24.33:044][127]LogModuleManager: Shutting down and abandoning module IntroTutorials (176)
[2016.01.14-16.24.33:044][127]LogModuleManager: Shutting down and abandoning module EditorLiveStreaming (175)
[2016.01.14-16.24.33:044][127]LogModuleManager: Shutting down and abandoning module IOSPlatformEditor (174)
[2016.01.14-16.24.33:044][127]LogModuleManager: Shutting down and abandoning module HTML5PlatformEditor (173)
[2016.01.14-16.24.33:044][127]LogModuleManager: Shutting down and abandoning module AndroidDeviceDetection (172)
[2016.01.14-16.24.33:559][127]LogModuleManager: Shutting down and abandoning module AndroidPlatformEditor (171)
[2016.01.14-16.24.33:559][127]LogModuleManager: Shutting down and abandoning module IOSRuntimeSettings (170)
[2016.01.14-16.24.33:559][127]LogModuleManager: Shutting down and abandoning module AndroidRuntimeSettings (169)
[2016.01.14-16.24.33:559][127]LogModuleManager: Shutting down and abandoning module MergeActors (168)
[2016.01.14-16.24.33:559][127]LogModuleManager: Shutting down and abandoning module SizeMap (167)
[2016.01.14-16.24.33:559][127]LogModuleManager: Shutting down and abandoning module TreeMap (166)
[2016.01.14-16.24.33:559][127]LogModuleManager: Shutting down and abandoning module ReferenceViewer (165)
[2016.01.14-16.24.33:559][127]LogModuleManager: Shutting down and abandoning module LocalizationService (164)
[2016.01.14-16.24.33:559][127]LogModuleManager: Shutting down and abandoning module LocalizationDashboard (163)
[2016.01.14-16.24.33:559][127]LogModuleManager: Shutting down and abandoning module HardwareTargeting (162)
[2016.01.14-16.24.33:559][127]LogModuleManager: Shutting down and abandoning module DeviceProfileEditor (161)
[2016.01.14-16.24.33:559][127]LogModuleManager: Shutting down and abandoning module UndoHistory (160)
[2016.01.14-16.24.33:559][127]LogModuleManager: Shutting down and abandoning module GameplayTagsEditor (159)
[2016.01.14-16.24.33:559][127]LogModuleManager: Shutting down and abandoning module UserFeedback (158)
[2016.01.14-16.24.33:559][127]LogModuleManager: Shutting down and abandoning module XmlParser (157)
[2016.01.14-16.24.33:559][127]LogModuleManager: Shutting down and abandoning module Blutility (156)
[2016.01.14-16.24.33:559][127]LogModuleManager: Shutting down and abandoning module ProjectTargetPlatformEditor (155)
[2016.01.14-16.24.33:559][127]LogModuleManager: Shutting down and abandoning module ProjectSettingsViewer (154)
[2016.01.14-16.24.33:559][127]LogModuleManager: Shutting down and abandoning module InputBindingEditor (153)
[2016.01.14-16.24.33:559][127]LogModuleManager: Shutting down and abandoning module EditorSettingsViewer (152)
[2016.01.14-16.24.33:559][127]LogModuleManager: Shutting down and abandoning module SettingsEditor (151)
[2016.01.14-16.24.33:559][127]LogModuleManager: Shutting down and abandoning module ProjectLauncher (150)
[2016.01.14-16.24.33:559][127]LogModuleManager: Shutting down and abandoning module SessionFrontend (149)
[2016.01.14-16.24.33:559][127]LogModuleManager: Shutting down and abandoning module ProfilerClient (148)
[2016.01.14-16.24.33:559][127]LogModuleManager: Shutting down and abandoning module TargetDeviceServices (147)
[2016.01.14-16.24.33:559][127]LogModuleManager: Shutting down and abandoning module DeviceManager (146)
[2016.01.14-16.24.33:560][127]LogModuleManager: Shutting down and abandoning module AutomationController (145)
[2016.01.14-16.24.33:560][127]LogModuleManager: Shutting down and abandoning module AutomationWindow (144)
[2016.01.14-16.24.33:560][127]LogModuleManager: Shutting down and abandoning module Layers (143)
[2016.01.14-16.24.33:560][127]LogModuleManager: Shutting down and abandoning module ComponentVisualizers (142)
[2016.01.14-16.24.33:560][127]LogModuleManager: Shutting down and abandoning module DetailCustomizations (141)
[2016.01.14-16.24.33:560][127]LogModuleManager: Shutting down and abandoning module PackagesDialog (140)
[2016.01.14-16.24.33:560][127]LogModuleManager: Shutting down and abandoning module Persona (139)
[2016.01.14-16.24.33:560][127]LogModuleManager: Shutting down and abandoning module Kismet (138)
[2016.01.14-16.24.33:560][127]LogModuleManager: Shutting down and abandoning module GraphEditor (137)
[2016.01.14-16.24.33:560][127]LogModuleManager: Shutting down and abandoning module ClassViewer (136)
[2016.01.14-16.24.33:560][127]LogModuleManager: Shutting down and abandoning module Toolbox (135)
[2016.01.14-16.24.33:560][127]LogModuleManager: Shutting down and abandoning module ModuleUI (134)
[2016.01.14-16.24.33:560][127]LogModuleManager: Shutting down and abandoning module MovieSceneTools (133)
[2016.01.14-16.24.33:560][127]LogModuleManager: Shutting down and abandoning module OutputLog (132)
[2016.01.14-16.24.33:560][127]LogModuleManager: Shutting down and abandoning module GammaUI (131)
[2016.01.14-16.24.33:560][127]LogModuleManager: Shutting down and abandoning module Documentation (130)
[2016.01.14-16.24.33:560][127]LogModuleManager: Shutting down and abandoning module GameLiveStreaming (129)
[2016.01.14-16.24.33:560][127]LogModuleManager: Shutting down and abandoning module StreamingPauseRendering (128)
[2016.01.14-16.24.33:560][127]LogModuleManager: Shutting down and abandoning module AnalyticsET (127)
[2016.01.14-16.24.33:560][127]LogModuleManager: Shutting down and abandoning module Analytics (126)
[2016.01.14-16.24.33:560][127]LogModuleManager: Shutting down and abandoning module AITestSuite (125)
[2016.01.14-16.24.33:560][127]LogModuleManager: Shutting down and abandoning module GameplayDebugger (124)
[2016.01.14-16.24.33:560][127]LogModuleManager: Shutting down and abandoning module AIModule (123)
[2016.01.14-16.24.33:560][127]LogModuleManager: Shutting down and abandoning module ProfilerService (122)
[2016.01.14-16.24.33:561][127]LogModuleManager: Shutting down and abandoning module TaskGraph (121)
[2016.01.14-16.24.33:561][127]LogModuleManager: Shutting down and abandoning module SlateRemote (120)
[2016.01.14-16.24.33:561][127]LogModuleManager: Shutting down and abandoning module SteamVRController (119)
[2016.01.14-16.24.33:561][127]LogModuleManager: Shutting down and abandoning module SteamVR (118)
[2016.01.14-16.24.33:561][127]LogModuleManager: Shutting down and abandoning module ProceduralMeshComponent (117)
[2016.01.14-16.24.33:561][127]LogModuleManager: Shutting down and abandoning module OculusRift (116)
[2016.01.14-16.24.33:561][127]LogModuleManager: Shutting down and abandoning module OculusLibrary (115)
[2016.01.14-16.24.33:561][127]LogModuleManager: Shutting down and abandoning module LeapMotionController (114)
[2016.01.14-16.24.33:637][127]LogModuleManager: Shutting down and abandoning module CustomMeshComponent (113)
[2016.01.14-16.24.33:637][127]LogModuleManager: Shutting down and abandoning module CableComponent (112)
[2016.01.14-16.24.33:637][127]LogModuleManager: Shutting down and abandoning module ArchVisCharacter (111)
[2016.01.14-16.24.33:637][127]LogModuleManager: Shutting down and abandoning module MessagingDebugger (110)
[2016.01.14-16.24.33:637][127]LogModuleManager: Shutting down and abandoning module MediaPlayerEditor (109)
[2016.01.14-16.24.33:637][127]LogModuleManager: Shutting down and abandoning module HTML5Networking (108)
[2016.01.14-16.24.33:637][127]LogModuleManager: Shutting down and abandoning module SpeedTreeImporter (107)
[2016.01.14-16.24.33:637][127]LogModuleManager: Shutting down and abandoning module PluginBrowser (106)
[2016.01.14-16.24.33:637][127]LogModuleManager: Shutting down and abandoning module EpicSurvey (105)
[2016.01.14-16.24.33:637][127]LogModuleManager: Shutting down and abandoning module DesktopPlatform (104)
[2016.01.14-16.24.33:637][127]LogModuleManager: Shutting down and abandoning module VisualStudioSourceCodeAccess (103)
[2016.01.14-16.24.33:637][127]LogModuleManager: Shutting down and abandoning module UObjectPlugin (102)
[2016.01.14-16.24.33:637][127]LogModuleManager: Shutting down and abandoning module SubversionSourceControl (101)
[2016.01.14-16.24.33:637][127]LogModuleManager: Shutting down and abandoning module PerforceSourceControl (100)
[2016.01.14-16.24.33:637][127]LogModuleManager: Shutting down and abandoning module SourceControl (99)
[2016.01.14-16.24.33:637][127]LogModuleManager: Shutting down and abandoning module GitSourceControl (98)
[2016.01.14-16.24.33:637][127]LogModuleManager: Shutting down and abandoning module LightPropagationVolumeEditor (97)
[2016.01.14-16.24.33:637][127]LogModuleManager: Shutting down and abandoning module PaperTiledImporter (96)
[2016.01.14-16.24.33:637][127]LogModuleManager: Shutting down and abandoning module PaperSpriteSheetImporter (95)
[2016.01.14-16.24.33:637][127]LogModuleManager: Shutting down and abandoning module MeshPaint (94)
[2016.01.14-16.24.33:637][127]LogModuleManager: Shutting down and abandoning module SlateReflector (93)
[2016.01.14-16.24.33:637][127]LogModuleManager: Shutting down and abandoning module HotReload (92)
[2016.01.14-16.24.33:637][127]LogModuleManager: Shutting down and abandoning module MainFrame (91)
[2016.01.14-16.24.33:637][127]LogModuleManager: Shutting down and abandoning module LevelEditor (90)
[2016.01.14-16.24.33:639][127]LogModuleManager: Shutting down and abandoning module DirectoryWatcher (89)
[2016.01.14-16.24.33:640][127]LogModuleManager: Shutting down and abandoning module AssetRegistry (88)
[2016.01.14-16.24.33:749][127]LogModuleManager: Shutting down and abandoning module ContentBrowser (87)
[2016.01.14-16.24.33:750][127]LogModuleManager: Shutting down and abandoning module Paper2DEditor (86)
[2016.01.14-16.24.33:750][127]LogModuleManager: Shutting down and abandoning module UdpMessaging (85)
[2016.01.14-16.24.33:850][127]LogModuleManager: Shutting down and abandoning module LightPropagationVolumeRuntime (84)
[2016.01.14-16.24.33:850][127]LogModuleManager: Shutting down and abandoning module Paper2D (83)
[2016.01.14-16.24.33:850][127]LogModuleManager: Shutting down and abandoning module WindowsMoviePlayer (82)
[2016.01.14-16.24.33:855][127]LogModuleManager: Shutting down and abandoning module Media (81)
[2016.01.14-16.24.33:855][127]LogModuleManager: Shutting down and abandoning module WmfMedia (80)
[2016.01.14-16.24.33:855][127]LogModuleManager: Shutting down and abandoning module OnlineBlueprintSupport (79)
[2016.01.14-16.24.33:855][127]LogModuleManager: Shutting down and abandoning module GameplayTasksEditor (78)
[2016.01.14-16.24.33:855][127]LogModuleManager: Shutting down and abandoning module PropertyEditor (77)
[2016.01.14-16.24.33:855][127]LogModuleManager: Shutting down and abandoning module BehaviorTreeEditor (76)
[2016.01.14-16.24.33:855][127]LogModuleManager: Shutting down and abandoning module FunctionalTesting (75)
[2016.01.14-16.24.33:855][127]LogModuleManager: Shutting down and abandoning module CollisionAnalyzer (74)
[2016.01.14-16.24.33:856][127]LogModuleManager: Shutting down and abandoning module WorkspaceMenuStructure (73)
[2016.01.14-16.24.33:856][127]LogModuleManager: Shutting down and abandoning module MessageLog (72)
[2016.01.14-16.24.33:856][127]LogModuleManager: Shutting down and abandoning module Sequencer (71)
[2016.01.14-16.24.33:856][127]LogModuleManager: Shutting down and abandoning module AssetTools (70)
[2016.01.14-16.24.33:856][127]LogModuleManager: Shutting down and abandoning module UMGEditor (69)
[2016.01.14-16.24.33:856][127]LogModuleManager: Shutting down and abandoning module UMG (68)
[2016.01.14-16.24.33:856][127]LogModuleManager: Shutting down and abandoning module Slate (67)
[2016.01.14-16.24.33:856][127]LogModuleManager: Shutting down and abandoning module EditorStyle (66)
[2016.01.14-16.24.33:860][127]LogModuleManager: Shutting down and abandoning module SessionServices (65)
[2016.01.14-16.24.33:860][127]LogModuleManager: Shutting down and abandoning module SourceCodeAccess (64)
[2016.01.14-16.24.33:860][127]LogModuleManager: Shutting down and abandoning module HeadMountedDisplay (63)
[2016.01.14-16.24.33:860][127]LogModuleManager: Shutting down and abandoning module XAudio2 (62)
[2016.01.14-16.24.33:860][127]LogModuleManager: Shutting down and abandoning module Networking (60)
[2016.01.14-16.24.33:860][127]LogModuleManager: Shutting down and abandoning module Core (59)
[2016.01.14-16.24.33:860][127]LogModuleManager: Shutting down and abandoning module KismetCompiler (58)
[2016.01.14-16.24.33:860][127]LogModuleManager: Shutting down and abandoning module PhysXFormats (57)
[2016.01.14-16.24.33:860][127]LogModuleManager: Shutting down and abandoning module MeshUtilities (56)
[2016.01.14-16.24.33:860][127]LogModuleManager: Shutting down and abandoning module CookingStats (55)
[2016.01.14-16.24.33:861][127]LogModuleManager: Shutting down and abandoning module DerivedDataCache (54)
[2016.01.14-16.24.33:874][127]LogDerivedDataCache: Shutdown
[2016.01.14-16.24.33:874][127]LogModuleManager: Shutting down and abandoning module ShaderFormatOpenGL (53)
[2016.01.14-16.24.33:874][127]LogModuleManager: Shutting down and abandoning module ShaderFormatD3D (52)
[2016.01.14-16.24.33:874][127]LogModuleManager: Shutting down and abandoning module MetalShaderFormat (51)
[2016.01.14-16.24.33:874][127]LogModuleManager: Shutting down and abandoning module TextureFormatUncompressed (50)
[2016.01.14-16.24.33:874][127]LogModuleManager: Shutting down and abandoning module TextureFormatPVR (49)
[2016.01.14-16.24.33:874][127]LogModuleManager: Shutting down and abandoning module TextureFormatIntelISPCTexComp (48)
[2016.01.14-16.24.33:874][127]LogModuleManager: Shutting down and abandoning module TextureFormatDXT (47)
[2016.01.14-16.24.33:874][127]LogModuleManager: Shutting down and abandoning module ImageWrapper (46)
[2016.01.14-16.24.33:874][127]LogModuleManager: Shutting down and abandoning module TextureFormatASTC (45)
[2016.01.14-16.24.33:874][127]LogModuleManager: Shutting down and abandoning module TextureFormatAndroid (44)
[2016.01.14-16.24.33:874][127]LogModuleManager: Shutting down and abandoning module AudioFormatOpus (43)
[2016.01.14-16.24.33:874][127]LogModuleManager: Shutting down and abandoning module AudioFormatOgg (42)
[2016.01.14-16.24.33:874][127]LogModuleManager: Shutting down and abandoning module AudioFormatADPCM (41)
[2016.01.14-16.24.33:874][127]LogModuleManager: Shutting down and abandoning module LinuxTargetPlatform (40)
[2016.01.14-16.24.33:874][127]LogModuleManager: Shutting down and abandoning module LinuxServerTargetPlatform (39)
[2016.01.14-16.24.33:874][127]LogModuleManager: Shutting down and abandoning module LinuxNoEditorTargetPlatform (38)
[2016.01.14-16.24.33:874][127]LogModuleManager: Shutting down and abandoning module Messaging (37)
[2016.01.14-16.24.33:874][127]LogModuleManager: Shutting down and abandoning module IOSTargetPlatform (36)
[2016.01.14-16.24.33:874][127]LogModuleManager: Shutting down and abandoning module HTML5TargetPlatform (35)
[2016.01.14-16.24.33:874][127]LogModuleManager: Shutting down and abandoning module Android_PVRTCTargetPlatform (34)
[2016.01.14-16.24.33:874][127]LogModuleManager: Shutting down and abandoning module Android_ETC2TargetPlatform (33)
[2016.01.14-16.24.33:874][127]LogModuleManager: Shutting down and abandoning module Android_ETC1TargetPlatform (32)
[2016.01.14-16.24.33:874][127]LogModuleManager: Shutting down and abandoning module Android_DXTTargetPlatform (31)
[2016.01.14-16.24.33:874][127]LogModuleManager: Shutting down and abandoning module Android_ATCTargetPlatform (30)
[2016.01.14-16.24.33:874][127]LogModuleManager: Shutting down and abandoning module Android_ASTCTargetPlatform (29)
[2016.01.14-16.24.33:874][127]LogModuleManager: Shutting down and abandoning module AndroidTargetPlatform (28)
[2016.01.14-16.24.33:874][127]LogModuleManager: Shutting down and abandoning module WindowsTargetPlatform (27)
[2016.01.14-16.24.33:874][127]LogModuleManager: Shutting down and abandoning module WindowsServerTargetPlatform (26)
[2016.01.14-16.24.33:874][127]LogModuleManager: Shutting down and abandoning module WindowsNoEditorTargetPlatform (25)
[2016.01.14-16.24.33:874][127]LogModuleManager: Shutting down and abandoning module WindowsClientTargetPlatform (24)
[2016.01.14-16.24.33:874][127]LogModuleManager: Shutting down and abandoning module AllDesktopTargetPlatform (23)
[2016.01.14-16.24.33:874][127]LogModuleManager: Shutting down and abandoning module TargetPlatform (22)
[2016.01.14-16.24.33:874][127]LogModuleManager: Shutting down and abandoning module InputCore (21)
[2016.01.14-16.24.33:874][127]LogModuleManager: Shutting down and abandoning module Settings (20)
[2016.01.14-16.24.33:874][127]LogModuleManager: Shutting down and abandoning module OnlineSubsystem (18)
[2016.01.14-16.24.33:874][127]LogModuleManager: Shutting down and abandoning module HTTP (17)
[2016.01.14-16.24.34:875][127]LogModuleManager: Shutting down and abandoning module XMPP (16)
[2016.01.14-16.24.34:875][127]LogModuleManager: Shutting down and abandoning module ExampleDeviceProfileSelector (15)
[2016.01.14-16.24.34:875][127]LogModuleManager: Shutting down and abandoning module TextureCompressor (14)
[2016.01.14-16.24.34:875][127]LogModuleManager: Shutting down and abandoning module ShaderCore (13)
[2016.01.14-16.24.34:875][127]LogModuleManager: Shutting down and abandoning module Landscape (12)
[2016.01.14-16.24.34:875][127]LogModuleManager: Shutting down and abandoning module SlateRHIRenderer (11)
[2016.01.14-16.24.34:880][127]LogModuleManager: Shutting down and abandoning module OpenGLDrv (10)
[2016.01.14-16.24.34:880][127]LogModuleManager: Shutting down and abandoning module D3D11RHI (9)
[2016.01.14-16.24.34:880][127]LogModuleManager: Shutting down and abandoning module AnimGraphRuntime (8)
[2016.01.14-16.24.34:880][127]LogModuleManager: Shutting down and abandoning module Renderer (7)
[2016.01.14-16.24.34:880][127]LogModuleManager: Shutting down and abandoning module Engine (6)
[2016.01.14-16.24.34:880][127]LogModuleManager: Shutting down and abandoning module CoreUObject (5)
[2016.01.14-16.24.34:880][127]LogModuleManager: Shutting down and abandoning module NetworkFile (4)
[2016.01.14-16.24.34:880][127]LogModuleManager: Shutting down and abandoning module StreamingFile (3)
[2016.01.14-16.24.34:880][127]LogModuleManager: Shutting down and abandoning module SandboxFile (2)
[2016.01.14-16.24.34:880][127]LogModuleManager: Shutting down and abandoning module PakFile (1)
[2016.01.14-16.24.34:881][127]LogExit: Exiting.
[2016.01.14-16.24.34:882][127]Log file closed, 01/14/16 13:24:34
