[2016.01.11-22.50.41:265][  0]Log file open, 01/11/16 19:50:41
[2016.01.11-22.50.41:265][  0]LogInit:Display: Running engine for game: BotonLuz
[2016.01.11-22.50.41:265][  0]LogInit:Display: RandInit(562423129) SRandInit(562423130).
[2016.01.11-22.50.41:265][  0]LogTaskGraph: Started task graph with 4 named threads and 5 total threads.
[2016.01.11-22.50.41:265][  0]LogStats: Stats thread started at 0.083884
[2016.01.11-22.50.41:265][  0]LogInit: Version: 4.9.2-2707645+++depot+UE4-Releases+4.9
[2016.01.11-22.50.41:265][  0]LogInit: API Version: 2672455
[2016.01.11-22.50.41:265][  0]LogInit: Compiled (64-bit): Sep 28 2015 10:25:44
[2016.01.11-22.50.41:265][  0]LogInit: Compiled with Visual C++: 18.00.21005.01
[2016.01.11-22.50.41:265][  0]LogInit: Build Configuration: Development
[2016.01.11-22.50.41:265][  0]LogInit: Branch Name: ++depot+UE4-Releases+4.9
[2016.01.11-22.50.41:265][  0]LogInit: Command line: 
[2016.01.11-22.50.41:265][  0]LogInit: Base directory: C:/Program Files/Epic Games/4.9/Engine/Binaries/Win64/
[2016.01.11-22.50.41:265][  0]LogInit: Rocket: 1
[2016.01.11-22.50.41:284][  0]LogInit: Using libcurl 7.41.0
[2016.01.11-22.50.41:284][  0]LogInit:  - built for x86_64-pc-win32
[2016.01.11-22.50.41:284][  0]LogInit:  - supports SSL with WinSSL
[2016.01.11-22.50.41:284][  0]LogInit:  - other features:
[2016.01.11-22.50.41:284][  0]LogInit:      CURL_VERSION_SSL
[2016.01.11-22.50.41:284][  0]LogInit:      CURL_VERSION_IPV6
[2016.01.11-22.50.41:284][  0]LogInit:      CURL_VERSION_ASYNCHDNS
[2016.01.11-22.50.41:284][  0]LogInit:      CURL_VERSION_LARGEFILE
[2016.01.11-22.50.41:284][  0]LogInit:      CURL_VERSION_IDN
[2016.01.11-22.50.41:284][  0]LogInit:  CurlRequestOptions (configurable via config and command line):
[2016.01.11-22.50.41:284][  0]LogInit:  - bVerifyPeer = true  - Libcurl will verify peer certificate
[2016.01.11-22.50.41:284][  0]LogInit:  - bUseHttpProxy = false  - Libcurl will NOT use HTTP proxy
[2016.01.11-22.50.41:284][  0]LogInit:  - bDontReuseConnections = false  - Libcurl will reuse connections
[2016.01.11-22.50.41:284][  0]LogInit:  - CertBundlePath = nullptr  - Libcurl will use whatever was configured at build time.
[2016.01.11-22.50.41:297][  0]LogInit: Presizing for 0 objects not considered by GC, pre-allocating 0 bytes.
[2016.01.11-22.50.41:307][  0]LogInit: Object subsystem initialized
[2016.01.11-22.50.41:309][  0]LogInit: Selected Device Profile: [Windows]
[2016.01.11-22.50.41:309][  0]LogInit: Applying CVar settings loaded from the selected device profile: [Windows]
[2016.01.11-22.50.41:320][  0]LogInit: Computer: TONGA-PC
[2016.01.11-22.50.41:320][  0]LogInit: User: Tonga
[2016.01.11-22.50.41:320][  0]LogInit: CPU Page size=4096, Cores=2
[2016.01.11-22.50.41:320][  0]LogInit: High frequency timer resolution =3.021875 MHz
[2016.01.11-22.50.41:320][  0]LogMemory: Memory total: Physical=7.9GB (8GB approx)
[2016.01.11-22.50.41:320][  0]LogMemory: Platform Memory Stats for Windows
[2016.01.11-22.50.41:320][  0]LogMemory: Process Physical Memory: 54.33 MB used, 54.33 MB peak
[2016.01.11-22.50.41:320][  0]LogMemory: Process Virtual Memory: 56.69 MB used, 56.69 MB peak
[2016.01.11-22.50.41:320][  0]LogMemory: Physical Memory: 3504.02 MB used, 8132.66 MB total
[2016.01.11-22.50.41:320][  0]LogMemory: Virtual Memory: 339.86 MB used, 8388608.00 MB total
[2016.01.11-22.50.42:473][  0]LogD3D11RHI: Found D3D11 adapter 0: NVIDIA GeForce GTX 750 Ti (Feature Level 11_0)
[2016.01.11-22.50.42:473][  0]LogD3D11RHI: Adapter has 1993MB of dedicated video memory, 0MB of dedicated system memory, and 2048MB of shared system memory, 1 output[s]
[2016.01.11-22.50.42:473][  0]LogD3D11RHI: Chosen D3D11 Adapter Id = 0
[2016.01.11-22.50.42:483][  0]LogD3D11RHI: !Direct3DDevice
[2016.01.11-22.50.42:484][  0]LogRHI: Texture pool is 1361 MB (70% of 1945 MB)
[2016.01.11-22.50.42:502][  0]LogD3D11RHI: Async texture creation enabled
[2016.01.11-22.50.42:518][  0]LogShaderCompilers: Guid format shader working directory is 15 characters bigger than the processId version (../../../../../../Users/Tonga/Documents/Facultad/Tesis/Repositorio/proygrad_fing/BotonLuz/Intermediate/Shaders/WorkingDirectory/6764/).
[2016.01.11-22.50.42:518][  0]LogShaderCompilers: Cleaned the shader compiler working directory '../../../../../../Users/Tonga/Documents/Facultad/Tesis/Repositorio/proygrad_fing/BotonLuz/Intermediate/Shaders/tmp/091FAAFA43795D041765DABFC5157556/'.
[2016.01.11-22.50.42:518][  0]LogShaderCompilers:Display: Using Local Shader Compiler.
[2016.01.11-22.50.45:342][  0]LogTemp:Display: Loaded TP AllDesktopTargetPlatform
[2016.01.11-22.50.45:354][  0]LogTemp:Display: Loaded TP WindowsClientTargetPlatform
[2016.01.11-22.50.45:367][  0]LogTemp:Display: Loaded TP WindowsNoEditorTargetPlatform
[2016.01.11-22.50.45:380][  0]LogTemp:Display: Loaded TP WindowsServerTargetPlatform
[2016.01.11-22.50.45:392][  0]LogTemp:Display: Loaded TP WindowsTargetPlatform
[2016.01.11-22.50.45:401][  0]LogTemp:Display: Loaded TP AndroidTargetPlatform
[2016.01.11-22.50.45:409][  0]LogTemp:Display: Loaded TP Android_ASTCTargetPlatform
[2016.01.11-22.50.45:417][  0]LogTemp:Display: Loaded TP Android_ATCTargetPlatform
[2016.01.11-22.50.45:425][  0]LogTemp:Display: Loaded TP Android_DXTTargetPlatform
[2016.01.11-22.50.45:433][  0]LogTemp:Display: Loaded TP Android_ETC1TargetPlatform
[2016.01.11-22.50.45:440][  0]LogTemp:Display: Loaded TP Android_ETC2TargetPlatform
[2016.01.11-22.50.45:448][  0]LogTemp:Display: Loaded TP Android_PVRTCTargetPlatform
[2016.01.11-22.50.45:451][  0]LogTemp:Display: Loaded TP HTML5TargetPlatform
[2016.01.11-22.50.45:476][  0]LogTemp:Display: Loaded TP IOSTargetPlatform
[2016.01.11-22.50.45:483][  0]LogTemp:Display: Loaded TP LinuxNoEditorTargetPlatform
[2016.01.11-22.50.45:491][  0]LogTemp:Display: Loaded TP LinuxServerTargetPlatform
[2016.01.11-22.50.45:499][  0]LogTemp:Display: Loaded TP LinuxTargetPlatform
[2016.01.11-22.50.45:499][  0]LogTargetPlatformManager:Display: Building Assets For Windows
[2016.01.11-22.50.45:683][  0]LogDerivedDataCache:Display: Max Cache Size: 512 MB
[2016.01.11-22.50.46:190][  0]LogDerivedDataCache: Loaded boot cache 0.51s 41MB C:/Users/Tonga/AppData/Local/UnrealEngine/4.9/DerivedDataCache/Boot.ddc.
[2016.01.11-22.50.46:190][  0]LogDerivedDataCache:Display: Loaded Boot cache: C:/Users/Tonga/AppData/Local/UnrealEngine/4.9/DerivedDataCache/Boot.ddc
[2016.01.11-22.50.46:190][  0]LogDerivedDataCache: FDerivedDataBackendGraph:  Pak pak cache file ../../../../../../Users/Tonga/Documents/Facultad/Tesis/Repositorio/proygrad_fing/BotonLuz/DerivedDataCache/DDC.ddp not found, will not use a pak cache.
[2016.01.11-22.50.46:190][  0]LogDerivedDataCache: Unable to find inner node Pak for hierarchical cache Hierarchy.
[2016.01.11-22.50.46:190][  0]LogDerivedDataCache: FDerivedDataBackendGraph:  CompressedPak pak cache file ../../../../../../Users/Tonga/Documents/Facultad/Tesis/Repositorio/proygrad_fing/BotonLuz/DerivedDataCache/Compressed.ddp not found, will not use a pak cache.
[2016.01.11-22.50.46:190][  0]LogDerivedDataCache: Unable to find inner node CompressedPak for hierarchical cache Hierarchy.
[2016.01.11-22.50.46:382][  0]LogDerivedDataCache:Display: Pak cache opened for reading ../../../Engine/DerivedDataCache/Compressed.ddp.
[2016.01.11-22.50.46:394][  0]LogDerivedDataCache: Using Local data cache path C:/Users/Tonga/AppData/Local/UnrealEngine/Common/DerivedDataCache: Writable
[2016.01.11-22.50.47:334][  0]LogInit: Selected Device Profile: [Windows]
[2016.01.11-22.50.47:335][  0]LogContentStreaming: Texture pool size is 0.000000MB
[2016.01.11-22.50.47:380][  0]LogMeshUtilities: No automatic mesh reduction module available
[2016.01.11-22.50.47:380][  0]LogMeshUtilities: No automatic mesh merging module available
[2016.01.11-22.50.48:214][  0]LogInit: WinSock: version 1.1 (2.2), MaxSocks=32767, MaxUdp=65467
[2016.01.11-22.50.57:533][  0]UdpMessaging: Initializing bridge on interface 0.0.0.0:0 to multicast group 230.0.0.1:6666.
[2016.01.11-22.50.58:036][  0]LogAssetRegistry: FAssetRegistry took 0.0172 seconds to start up
[2016.01.11-22.50.59:321][  0]SourceControl: Info Source control is disabled
[2016.01.11-22.50.59:323][  0]SourceControl: Info Source control is disabled
[2016.01.11-22.50.59:426][  0]SourceControl: Info Source control is disabled
[2016.01.11-22.50.59:527][  0]SourceControl: Info Source control is disabled
[2016.01.11-22.51.00:340][  0]LogLinker:Warning: Asset '../../../Engine/Plugins/Runtime/LeapMotionController/Content/LM_PassthroughMaterial.uasset' has been saved with empty engine version. The asset will be loaded but may be incompatible.
[2016.01.11-22.51.00:565][  0]LogObj: 28361 objects as part of root set at end of initial load.
[2016.01.11-22.51.00:565][  0]LogUObjectAllocator: 6038864 out of 0 bytes used by permanent object pool.
[2016.01.11-22.51.00:668][  0]LogEngine: Initializing Engine...
[2016.01.11-22.51.00:674][  0]OCULUS: Info: 01/11/16 22:51:00: [CAPI] LibOVR module is located at C:\Windows\system32\LibOVRRT64_0_7.dll

[2016.01.11-22.51.01:176][  0]OCULUS: Error: 01/11/16 22:51:01: [CAPI] ovr_Create failed to complete within the timeout period.
[2016.01.11-22.51.01:180][  0]LogHMD: SteamVR failed to initialize.  Err: 110
[2016.01.11-22.51.01:404][  0]LogAIModule: Creating AISystem for world NewWorld
[2016.01.11-22.51.01:415][  0]LogInit: XAudio2 using 'Altavoces (Realtek High Definition Audio)' : 2 channels at 48 kHz using 32 bits per sample (channel mask 0x3)
[2016.01.11-22.51.01:444][  0]LogInit: FAudioDevice initialized.
[2016.01.11-22.51.01:491][  0]LogDerivedDataCache: Saved boot cache 0.05s 41MB C:/Users/Tonga/AppData/Local/UnrealEngine/4.9/DerivedDataCache/Boot.ddc.
[2016.01.11-22.51.01:506][  0]LogInit: Texture streaming: Enabled
[2016.01.11-22.51.01:520][  0]LogAnalytics: Creating configured Analytics provider AnalyticsET
[2016.01.11-22.51.01:520][  0]LogAnalytics: [UEEditor.Rocket.Release] APIServer = http://et2.epicgames.com/ET2/. AppVersion = 4.9.2-2707645+++depot+UE4-Releases+4.9
[2016.01.11-22.51.01:520][  0]LogAnalytics: [UEEditor.Rocket.Release] SetUserId d2bef611456171cb171d15a4a42cb182|6ac59fa8cbb647a4b14c5a548cbd3b91|31fc86a8-acb9-451a-b082-adf3974f05a6
[2016.01.11-22.51.01:521][  0]LogAnalytics: [UEEditor.Rocket.Release] AnalyticsET::StartSession
[2016.01.11-22.51.01:641][  0]LogInit: Transaction tracking system initialized
[2016.01.11-22.51.01:710][  0]BlueprintLog: New page: Editor Load
[2016.01.11-22.51.01:928][  0]LocalizationService: Info Localization service is disabled
[2016.01.11-22.51.02:357][  0]LogConsoleResponse:Display: 
[2016.01.11-22.51.02:556][  0]LogCook:Display: Done creating registry. It took  0.00s.
[2016.01.11-22.51.02:814][  0]LogFileCache: Scanning file cache for directory 'C:/Users/Tonga/Documents/Facultad/Tesis/Repositorio/proygrad_fing/BotonLuz/Content/' took 0.01s
[2016.01.11-22.51.02:829][  0]SourceControl: Info Source control is disabled
[2016.01.11-22.51.48:535][  0]LogWindowsTextInputMethodSystem:Display: IME system now deactivated.
[2016.01.11-22.51.48:536][  0]Cmd: MAP LOAD FILE="../../../Engine/Content/Maps/Templates/Template_Default.umap" TEMPLATE=1 SHOWPROGRESS=1 FEATURELEVEL=3
[2016.01.11-22.51.48:538][  0]LightingResults: New page: Lighting Build
[2016.01.11-22.51.48:556][  0]MapCheck: New page: Map Check
[2016.01.11-22.51.48:556][  0]LightingResults: New page: Lighting Build
[2016.01.11-22.51.48:592][  0]LogParticles: Destroying 0 GPU particle simulations for FXSystem 0x0000000014A12160
[2016.01.11-22.51.49:036][  0]LogAIModule: Creating AISystem for world Untitled_1
[2016.01.11-22.51.49:049][  0]LogEditorServer: Finished looking for orphan Actors (0.000 secs)
[2016.01.11-22.51.49:060][  0]Cmd: MAP CHECKDEP NOCLEARLOG
[2016.01.11-22.51.49:207][  0]MapCheck: Info Map check complete: 0 Error(s), 0 Warning(s), took 147.473ms to complete.
[2016.01.11-22.51.49:207][  0]LogFileHelpers: Loading map 'Template_Default' took 0.671
[2016.01.11-22.51.49:325][  0]LogCollectionManager: Loaded 0 collections in 0.004432 seconds
[2016.01.11-22.51.49:370][  0]LogFileCache: Scanning file cache for directory 'C:/Users/Tonga/Documents/Facultad/Tesis/Repositorio/proygrad_fing/BotonLuz/Saved/Collections/' took 0.01s
[2016.01.11-22.51.49:370][  0]LogFileCache: Scanning file cache for directory 'C:/Users/Tonga/Documents/Facultad/Tesis/Repositorio/proygrad_fing/BotonLuz/Content/Developers/Tonga/Collections/' took 0.01s
[2016.01.11-22.51.49:370][  0]LogFileCache: Scanning file cache for directory 'C:/Users/Tonga/Documents/Facultad/Tesis/Repositorio/proygrad_fing/BotonLuz/Content/Collections/' took 0.01s
[2016.01.11-22.51.49:370][  0]LogContentBrowser: Native class hierarchy populated in 0.0110 seconds. Added 1867 classes and 333 folders.
[2016.01.11-22.51.49:380][  0]LogCollectionManager: Rebuilt the GUID cache for 0 collections in 0.000004 seconds
[2016.01.11-22.51.49:391][  0]LogContentBrowser: Native class hierarchy updated for 'WidgetCarousel' in 0.0005 seconds. Added 0 classes and 0 folders.
[2016.01.11-22.51.49:731][  0]LogContentBrowser: Native class hierarchy updated for 'AddContentDialog' in 0.0005 seconds. Added 0 classes and 0 folders.
[2016.01.11-22.51.49:740][  0]LogContentBrowser: Native class hierarchy updated for 'SceneOutliner' in 0.0005 seconds. Added 1 classes and 2 folders.
[2016.01.11-22.51.49:820][  0]LogCrashTracker: Crashtracker disabled due to settings.
[2016.01.11-22.51.49:827][  0]LogUObjectGlobals:Warning: Failed to find object 'Class None.'
[2016.01.11-22.51.49:848][  0]LogStats:Warning: MetaData mismatch. Did you assign a stat to two groups? New //STATGROUP_Threads//SplashScreenThread///Thread_1e28_0///####STATCAT_Advanced#### old //STATGROUP_Threads//SplashScreenThread///Thread_910_0///####STATCAT_Advanced####
[2016.01.11-22.51.49:848][  0]LogLoad: Full Startup: 69.26 seconds (BP compile: 0.10 seconds)
[2016.01.11-22.51.49:930][  0]LogContentStreaming: Texture pool size now 1000 MB
[2016.01.11-22.51.50:087][  0]LogRenderer: Reallocating scene render targets to support 1144x576 (Frame:2).
[2016.01.11-22.51.50:373][  5]LogAssetRegistry: Asset discovery search completed in 52.3530 seconds
[2016.01.11-22.51.50:373][  5]LogCollectionManager: Rebuilt the object cache for 0 collections in 0.000001 seconds (found 0 objects)
[2016.01.11-22.51.50:373][  5]LogCollectionManager: Fixed up redirectors for 0 collections in 0.000029 seconds (updated 0 objects)
[2016.01.11-22.51.55:205][396]LogLinker:Warning: Asset '../../../Engine/Content/ArtTools/RenderToTexture/Macros/RenderToTextureMacros.uasset' has been saved with empty engine version. The asset will be loaded but may be incompatible.
[2016.01.11-22.51.55:910][396]LogContentBrowser: Native class hierarchy updated for 'BlueprintGraph' in 0.0013 seconds. Added 107 classes and 0 folders.
[2016.01.11-22.58.33:212][744]LogSavePackage: Save=21.680910ms
[2016.01.11-22.58.33:212][744]LogSavePackage: Moving '../../../../../../Users/Tonga/Documents/Facultad/Tesis/Repositorio/proygrad_fing/BotonLuz/Saved/ElementoListaLuzAgregadaEABC82E043CC68DB9613439289F51A15.tmp' to '../../../../../../Users/Tonga/Documents/Facultad/Tesis/Repositorio/proygrad_fing/BotonLuz/Content/ElementoListaLuzAgregada.uasset'
[2016.01.11-22.58.33:216][744]LogSavePackage: Total save time: 73.472597ms
[2016.01.11-22.58.33:216][744]LogSavePackage:Warning: Finished SavePackage ../../../../../../Users/Tonga/Documents/Facultad/Tesis/Repositorio/proygrad_fing/BotonLuz/Content/ElementoListaLuzAgregada.uasset
[2016.01.11-22.58.33:740][776]BlueprintLog: New page: Compile ElementoListaLuzAgregada
[2016.01.11-22.58.33:873][776]BlueprintEditorCompileResults: Info [0473.28] Compile of ElementoListaLuzAgregada successful! [in 132 ms]
[2016.01.11-23.01.36:478][985]LogBlueprintUserMessages: CustomizeDetails for Blueprint 'ElementoListaLuzAgregada', cached variable property's owner is '/Game/ElementoListaLuzAgregada.SKEL_ElementoListaLuzAgregada_C'
[2016.01.11-23.02.56:680][394]LogParticles: Destroying 0 GPU particle simulations for FXSystem 0x0000000057F196C0
[2016.01.11-23.02.56:685][394]LogFileHelpers: Editor autosave (incl. sublevels) for '/Temp/Untitled_1' took 0.059
[2016.01.11-23.02.56:692][394]OBJ SavePackage: Generating thumbnails for [0] asset(s) in package [/Game/ElementoListaLuzAgregada] ([1] browsable assets)...
[2016.01.11-23.02.56:692][394]OBJ SavePackage: Finished generating thumbnails for package [/Game/ElementoListaLuzAgregada]
[2016.01.11-23.02.56:736][394]LogSavePackage: Save=16.167114ms
[2016.01.11-23.02.56:736][394]LogSavePackage: Moving '../../../../../../Users/Tonga/Documents/Facultad/Tesis/Repositorio/proygrad_fing/BotonLuz/Saved/ElementoListaLuzAgregada_Auto1872AC4544855F0401E9AD5891B8AC28E.tmp' to '../../../../../../Users/Tonga/Documents/Facultad/Tesis/Repositorio/proygrad_fing/BotonLuz/Saved/Autosaves/Game/ElementoListaLuzAgregada_Auto1.uasset'
[2016.01.11-23.02.56:738][394]LogSavePackage: Total save time: 43.548457ms
[2016.01.11-23.02.56:738][394]LogSavePackage:Warning: Finished SavePackage ../../../../../../Users/Tonga/Documents/Facultad/Tesis/Repositorio/proygrad_fing/BotonLuz/Saved/Autosaves/Game/ElementoListaLuzAgregada_Auto1.uasset
[2016.01.11-23.02.56:738][394]LogFileHelpers: Auto-saving content packages took 0.052
[2016.01.11-23.03.22:134][716]LogBlueprintUserMessages: CustomizeDetails for Blueprint 'ElementoListaLuzAgregada', cached variable property's owner is '/Game/ElementoListaLuzAgregada.SKEL_ElementoListaLuzAgregada_C'
[2016.01.11-23.03.26:363][ 29]LogBlueprintUserMessages: CustomizeDetails for Blueprint 'ElementoListaLuzAgregada', cached variable property's owner is '/Game/ElementoListaLuzAgregada.SKEL_ElementoListaLuzAgregada_C'
[2016.01.11-23.03.31:391][367]LogBlueprintUserMessages: CustomizeDetails for Blueprint 'ElementoListaLuzAgregada', cached variable property's owner is '/Game/ElementoListaLuzAgregada.SKEL_ElementoListaLuzAgregada_C'
[2016.01.11-23.03.31:411][368]LogBlueprintUserMessages: CustomizeDetails for Blueprint 'ElementoListaLuzAgregada', cached variable property's owner is '/Game/ElementoListaLuzAgregada.SKEL_ElementoListaLuzAgregada_C'
[2016.01.11-23.03.33:880][551]LogBlueprintUserMessages: CustomizeDetails for Blueprint 'ElementoListaLuzAgregada', cached variable property's owner is '/Game/ElementoListaLuzAgregada.SKEL_ElementoListaLuzAgregada_C'
[2016.01.11-23.03.37:467][821]LogBlueprintUserMessages: CustomizeDetails for Blueprint 'ElementoListaLuzAgregada', cached variable property's owner is '/Game/ElementoListaLuzAgregada.SKEL_ElementoListaLuzAgregada_C'
[2016.01.11-23.03.38:410][890]LogBlueprintUserMessages: CustomizeDetails for Blueprint 'ElementoListaLuzAgregada', cached variable property's owner is '/Game/ElementoListaLuzAgregada.SKEL_ElementoListaLuzAgregada_C'
[2016.01.11-23.03.44:709][354]LogBlueprintUserMessages: CustomizeDetails for Blueprint 'ElementoListaLuzAgregada', cached variable property's owner is '/Game/ElementoListaLuzAgregada.SKEL_ElementoListaLuzAgregada_C'
[2016.01.11-23.03.48:277][488]LogBlueprintUserMessages: PostEditorRefresh for Blueprint 'ElementoListaLuzAgregada', cached variable property's owner is '/Game/ElementoListaLuzAgregada.SKEL_ElementoListaLuzAgregada_C'
[2016.01.11-23.03.48:317][488]LogBlueprintUserMessages: PostEditorRefresh for Blueprint 'ElementoListaLuzAgregada', cached variable property's owner is '/Game/ElementoListaLuzAgregada.SKEL_ElementoListaLuzAgregada_C'
[2016.01.11-23.03.48:352][488]LogBlueprintUserMessages: CustomizeDetails for Blueprint 'ElementoListaLuzAgregada', cached variable property's owner is '/Game/ElementoListaLuzAgregada.SKEL_ElementoListaLuzAgregada_C'
[2016.01.11-23.03.50:755][616]LogBlueprintUserMessages: CustomizeDetails for Blueprint 'ElementoListaLuzAgregada', cached variable property's owner is '/Game/ElementoListaLuzAgregada.SKEL_ElementoListaLuzAgregada_C'
[2016.01.11-23.03.51:542][673]LogBlueprintUserMessages: CustomizeDetails for Blueprint 'ElementoListaLuzAgregada', cached variable property's owner is '/Game/ElementoListaLuzAgregada.SKEL_ElementoListaLuzAgregada_C'
[2016.01.11-23.04.03:162][513]LogBlueprintUserMessages: CustomizeDetails for Blueprint 'ElementoListaLuzAgregada', cached variable property's owner is '/Game/ElementoListaLuzAgregada.SKEL_ElementoListaLuzAgregada_C'
[2016.01.11-23.04.11:532][953]LogBlueprintUserMessages: CustomizeDetails for Blueprint 'ElementoListaLuzAgregada', cached variable property's owner is '/Game/ElementoListaLuzAgregada.SKEL_ElementoListaLuzAgregada_C'
[2016.01.11-23.04.16:144][294]LogBlueprintUserMessages: CustomizeDetails for Blueprint 'ElementoListaLuzAgregada', cached variable property's owner is '/Game/ElementoListaLuzAgregada.SKEL_ElementoListaLuzAgregada_C'
[2016.01.11-23.05.09:246][799]LogSavePackage: Save=45.555820ms
[2016.01.11-23.05.09:246][799]LogSavePackage: Moving '../../../../../../Users/Tonga/Documents/Facultad/Tesis/Repositorio/proygrad_fing/BotonLuz/Saved/ElementoListaLuzAgregada507750184617E869EB140191EAB0E4A1.tmp' to '../../../../../../Users/Tonga/Documents/Facultad/Tesis/Repositorio/proygrad_fing/BotonLuz/Content/ElementoListaLuzAgregada.uasset'
[2016.01.11-23.05.09:252][799]LogSavePackage: Total save time: 108.748376ms
[2016.01.11-23.05.09:252][799]LogSavePackage:Warning: Finished SavePackage ../../../../../../Users/Tonga/Documents/Facultad/Tesis/Repositorio/proygrad_fing/BotonLuz/Content/ElementoListaLuzAgregada.uasset
[2016.01.11-23.05.09:779][831]BlueprintLog: New page: Compile ElementoListaLuzAgregada
[2016.01.11-23.05.09:911][831]BlueprintEditorCompileResults: Info [0869.31] Compile of ElementoListaLuzAgregada successful! [in 131 ms]
[2016.01.11-23.05.21:776][442]LogSavePackage: Save=13.811624ms
[2016.01.11-23.05.21:776][442]LogSavePackage: Moving '../../../../../../Users/Tonga/Documents/Facultad/Tesis/Repositorio/proygrad_fing/BotonLuz/Saved/ElementoListaLuzAgregada34CBD3A143C0391B626D908D79FEDDF4.tmp' to '../../../../../../Users/Tonga/Documents/Facultad/Tesis/Repositorio/proygrad_fing/BotonLuz/Content/ElementoListaLuzAgregada.uasset'
[2016.01.11-23.05.21:778][442]LogSavePackage: Total save time: 34.542464ms
[2016.01.11-23.05.21:778][442]LogSavePackage:Warning: Finished SavePackage ../../../../../../Users/Tonga/Documents/Facultad/Tesis/Repositorio/proygrad_fing/BotonLuz/Content/ElementoListaLuzAgregada.uasset
[2016.01.11-23.05.46:094][743]LogBlueprintUserMessages: CustomizeDetails for Blueprint 'ElementoListaLuzAgregada', cached variable property's owner is '/Game/ElementoListaLuzAgregada.SKEL_ElementoListaLuzAgregada_C'
[2016.01.11-23.06.17:227][973]LogBlueprintUserMessages: CustomizeDetails for Blueprint 'ElementoListaLuzAgregada', cached variable property's owner is '/Game/ElementoListaLuzAgregada.SKEL_ElementoListaLuzAgregada_C'
[2016.01.11-23.06.25:614][566]LogBlueprintUserMessages: CustomizeDetails for Blueprint 'ElementoListaLuzAgregada', cached variable property's owner is '/Game/ElementoListaLuzAgregada.SKEL_ElementoListaLuzAgregada_C'
[2016.01.11-23.06.26:366][619]LogBlueprintUserMessages: CustomizeDetails for Blueprint 'ElementoListaLuzAgregada', cached variable property's owner is '/Game/ElementoListaLuzAgregada.SKEL_ElementoListaLuzAgregada_C'
[2016.01.11-23.06.27:102][672]LogBlueprintUserMessages: CustomizeDetails for Blueprint 'ElementoListaLuzAgregada', cached variable property's owner is '/Game/ElementoListaLuzAgregada.SKEL_ElementoListaLuzAgregada_C'
[2016.01.11-23.06.52:391][151]LogSavePackage: Save=22.266640ms
[2016.01.11-23.06.52:391][151]LogSavePackage: Moving '../../../../../../Users/Tonga/Documents/Facultad/Tesis/Repositorio/proygrad_fing/BotonLuz/Saved/ElementoListaLuzAgregada3C985C884306BA2F755EF2A60B2EB301.tmp' to '../../../../../../Users/Tonga/Documents/Facultad/Tesis/Repositorio/proygrad_fing/BotonLuz/Content/ElementoListaLuzAgregada.uasset'
[2016.01.11-23.06.52:395][151]LogSavePackage: Total save time: 46.449639ms
[2016.01.11-23.06.52:395][151]LogSavePackage:Warning: Finished SavePackage ../../../../../../Users/Tonga/Documents/Facultad/Tesis/Repositorio/proygrad_fing/BotonLuz/Content/ElementoListaLuzAgregada.uasset
[2016.01.11-23.06.52:787][168]BlueprintLog: New page: Compile ElementoListaLuzAgregada
[2016.01.11-23.06.52:915][168]BlueprintEditorCompileResults: Info [0972.32] Compile of ElementoListaLuzAgregada successful! [in 127 ms]
[2016.01.11-23.07.10:504][264]LogBlueprintUserMessages: CustomizeDetails for Blueprint 'ElementoListaLuzAgregada', cached variable property's owner is '/Game/ElementoListaLuzAgregada.SKEL_ElementoListaLuzAgregada_C'
[2016.01.11-23.08.10:357][240]LogSavePackage: Save=16.886536ms
[2016.01.11-23.08.10:357][240]LogSavePackage: Moving '../../../../../../Users/Tonga/Documents/Facultad/Tesis/Repositorio/proygrad_fing/BotonLuz/Saved/ElementoListaLuzAgregadaDDDA37B04AEC760868FDF4BEB8F4D560.tmp' to '../../../../../../Users/Tonga/Documents/Facultad/Tesis/Repositorio/proygrad_fing/BotonLuz/Content/ElementoListaLuzAgregada.uasset'
[2016.01.11-23.08.10:361][240]LogSavePackage: Total save time: 40.621798ms
[2016.01.11-23.08.10:361][240]LogSavePackage:Warning: Finished SavePackage ../../../../../../Users/Tonga/Documents/Facultad/Tesis/Repositorio/proygrad_fing/BotonLuz/Content/ElementoListaLuzAgregada.uasset
[2016.01.11-23.08.10:886][280]BlueprintLog: New page: Compile ElementoListaLuzAgregada
[2016.01.11-23.08.11:002][280]BlueprintEditorCompileResults: Info [1050.40] Compile of ElementoListaLuzAgregada successful! [in 115 ms]
[2016.01.11-23.08.19:587][831]Cmd: OBJ SAVEPACKAGE PACKAGE="/Game/PanelLuces" FILE="../../../../../../Users/Tonga/Documents/Facultad/Tesis/Repositorio/proygrad_fing/BotonLuz/Content/PanelLuces.uasset" SILENT=true
[2016.01.11-23.08.19:804][831]LogSavePackage: Save=194.679138ms
[2016.01.11-23.08.19:804][831]LogSavePackage: Moving '../../../../../../Users/Tonga/Documents/Facultad/Tesis/Repositorio/proygrad_fing/BotonLuz/Saved/PanelLucesB0CB1A9941A987FCEF5DA59C1180764A.tmp' to '../../../../../../Users/Tonga/Documents/Facultad/Tesis/Repositorio/proygrad_fing/BotonLuz/Content/PanelLuces.uasset'
[2016.01.11-23.08.19:807][831]LogSavePackage: Total save time: 218.293611ms
[2016.01.11-23.08.19:807][831]LogSavePackage:Warning: Finished SavePackage ../../../../../../Users/Tonga/Documents/Facultad/Tesis/Repositorio/proygrad_fing/BotonLuz/Content/PanelLuces.uasset
[2016.01.11-23.08.49:501][661]LogBlueprintUserMessages: CustomizeDetails for Blueprint 'PanelLuces', cached variable property's owner is '/Game/PanelLuces.SKEL_PanelLuces_C'
[2016.01.11-23.10.09:510][558]Cmd: OBJ SAVEPACKAGE PACKAGE="/Game/PanelLuces" FILE="../../../../../../Users/Tonga/Documents/Facultad/Tesis/Repositorio/proygrad_fing/BotonLuz/Content/PanelLuces.uasset" SILENT=true
[2016.01.11-23.10.09:742][558]LogSavePackage: Save=212.114670ms
[2016.01.11-23.10.09:742][558]LogSavePackage: Moving '../../../../../../Users/Tonga/Documents/Facultad/Tesis/Repositorio/proygrad_fing/BotonLuz/Saved/PanelLucesBBF4600E42239590DB482493BF2CECED.tmp' to '../../../../../../Users/Tonga/Documents/Facultad/Tesis/Repositorio/proygrad_fing/BotonLuz/Content/PanelLuces.uasset'
[2016.01.11-23.10.09:747][558]LogSavePackage: Total save time: 236.148085ms
[2016.01.11-23.10.09:747][558]LogSavePackage:Warning: Finished SavePackage ../../../../../../Users/Tonga/Documents/Facultad/Tesis/Repositorio/proygrad_fing/BotonLuz/Content/PanelLuces.uasset
[2016.01.11-23.10.09:978][572]BlueprintLog: New page: Compile PanelLuces
[2016.01.11-23.10.10:161][572]BlueprintEditorCompileResults: Info [1169.56] Compile of PanelLuces successful! [in 182 ms]
[2016.01.11-23.10.15:132][975]LogAIModule: Creating AISystem for world Inicio
[2016.01.11-23.10.15:193][975]Cmd: MAP LOAD FILE="../../../../../../Users/Tonga/Documents/Facultad/Tesis/Repositorio/proygrad_fing/BotonLuz/Content/Inicio.umap" TEMPLATE=0 SHOWPROGRESS=1 FEATURELEVEL=3
[2016.01.11-23.10.15:193][975]LightingResults: New page: Lighting Build
[2016.01.11-23.10.15:219][975]LoadErrors: New page: Loading map: Inicio.umap
[2016.01.11-23.10.15:220][975]MapCheck: New page: Map Check
[2016.01.11-23.10.15:220][975]LightingResults: New page: Lighting Build
[2016.01.11-23.10.15:267][975]LogParticles: Destroying 0 GPU particle simulations for FXSystem 0x000000001B3AB560
[2016.01.11-23.10.15:270][975]LogParticles: Destroying 0 GPU particle simulations for FXSystem 0x00000000589BBE20
[2016.01.11-23.10.15:363][975]LogEditorServer: Finished looking for orphan Actors (0.000 secs)
[2016.01.11-23.10.15:412][975]Cmd: MAP CHECKDEP NOCLEARLOG
[2016.01.11-23.10.15:537][975]MapCheck: Info Map check complete: 0 Error(s), 0 Warning(s), took 124.59ms to complete.
[2016.01.11-23.10.15:537][975]LogFileHelpers: Loading map 'Inicio' took 0.345
[2016.01.11-23.10.16:372][ 43]LogBlueprintUserMessages: Early PlayInEditor Detection: Level '/Game/Inicio.Inicio:PersistentLevel' has LevelScriptBlueprint '/Game/Inicio.Inicio:PersistentLevel.Inicio' with GeneratedClass '/Game/Inicio.Inicio_C' with ClassGeneratedBy '/Game/Inicio.Inicio:PersistentLevel.Inicio'
[2016.01.11-23.10.16:372][ 43]LogPlayLevel: PlayLevel: No blueprints needed recompiling
[2016.01.11-23.10.16:372][ 43]PIE: New page: SIE session: Inicio (Jan 11, 2016, 5:10:16 PM)
[2016.01.11-23.10.16:372][ 43]LogPlayLevel: Creating play world package: /Game/UEDPIE_0_Inicio
[2016.01.11-23.10.16:377][ 43]LogPlayLevel: PIE: StaticDuplicateObject took: (0.004981s)
[2016.01.11-23.10.16:379][ 43]LogAIModule: Creating AISystem for world Inicio
[2016.01.11-23.10.16:379][ 43]LogPlayLevel: PIE: World Init took: (0.001538s)
[2016.01.11-23.10.16:379][ 43]LogPlayLevel: PIE: Created PIE world by copying editor world from /Game/Inicio.Inicio to /Game/UEDPIE_0_Inicio.Inicio (0.006798s)
[2016.01.11-23.10.16:439][ 43]LogInit: XAudio2 using 'Altavoces (Realtek High Definition Audio)' : 2 channels at 48 kHz using 32 bits per sample (channel mask 0x3)
[2016.01.11-23.10.16:465][ 43]LogInit: FAudioDevice initialized.
[2016.01.11-23.10.16:514][ 43]LogWorld: Game class is 'GameMode'
[2016.01.11-23.10.16:516][ 43]LogWorld: Bringing World /Game/UEDPIE_0_Inicio.Inicio up for play (max tick rate 0) at 2016.01.11-20.10.16
[2016.01.11-23.10.16:516][ 43]LogActor:Warning: GameSession /Game/UEDPIE_0_Inicio.Inicio:PersistentLevel.GameSession_0 has natively added scene component(s), but none of them were set as the actor's RootComponent - picking one arbitrarily
[2016.01.11-23.10.16:517][ 43]LogActor:Warning: GameNetworkManager /Game/UEDPIE_0_Inicio.Inicio:PersistentLevel.GameNetworkManager_0 has natively added scene component(s), but none of them were set as the actor's RootComponent - picking one arbitrarily
[2016.01.11-23.10.16:517][ 43]LogWorld: Bringing up level for play took: 0.002367
[2016.01.11-23.10.16:522][ 43]PIE: Info Play in editor start time for /Game/UEDPIE_0_Inicio 0.774
[2016.01.11-23.10.16:529][ 43]LogBlueprintUserMessages: Late PlayInEditor Detection: Level '/Game/Inicio.Inicio:PersistentLevel' has LevelScriptBlueprint '/Game/Inicio.Inicio:PersistentLevel.Inicio' with GeneratedClass '/Game/Inicio.Inicio_C' with ClassGeneratedBy '/Game/Inicio.Inicio:PersistentLevel.Inicio'
[2016.01.11-23.10.17:836][104]PIE:Warning: Warning Mobility of PointLight_0 : LightComponent0 has to be 'Movable' if you'd like to Mobility of {0} : {1} has to be 'Movable' if you'd like to {2}. . 
[2016.01.11-23.10.18:360][140]PIE:Warning: Warning Mobility of PointLight_1 : LightComponent0 has to be 'Movable' if you'd like to Mobility of {0} : {1} has to be 'Movable' if you'd like to {2}. . 
[2016.01.11-23.10.18:682][160]PIE:Warning: Warning Mobility of PointLight_2 : LightComponent0 has to be 'Movable' if you'd like to Mobility of {0} : {1} has to be 'Movable' if you'd like to {2}. . 
[2016.01.11-23.10.18:814][166]PIE:Warning: Warning Mobility of PointLight_3 : LightComponent0 has to be 'Movable' if you'd like to Mobility of {0} : {1} has to be 'Movable' if you'd like to {2}. . 
[2016.01.11-23.10.18:968][173]PIE:Warning: Warning Mobility of PointLight_4 : LightComponent0 has to be 'Movable' if you'd like to Mobility of {0} : {1} has to be 'Movable' if you'd like to {2}. . 
[2016.01.11-23.10.19:150][179]PIE:Warning: Warning Mobility of PointLight_5 : LightComponent0 has to be 'Movable' if you'd like to Mobility of {0} : {1} has to be 'Movable' if you'd like to {2}. . 
[2016.01.11-23.10.19:436][193]PIE:Warning: Warning Mobility of PointLight_6 : LightComponent0 has to be 'Movable' if you'd like to Mobility of {0} : {1} has to be 'Movable' if you'd like to {2}. . 
[2016.01.11-23.10.19:605][200]PIE:Warning: Warning Mobility of PointLight_7 : LightComponent0 has to be 'Movable' if you'd like to Mobility of {0} : {1} has to be 'Movable' if you'd like to {2}. . 
[2016.01.11-23.10.19:758][206]PIE:Warning: Warning Mobility of PointLight_8 : LightComponent0 has to be 'Movable' if you'd like to Mobility of {0} : {1} has to be 'Movable' if you'd like to {2}. . 
[2016.01.11-23.10.19:932][212]PIE:Warning: Warning Mobility of PointLight_9 : LightComponent0 has to be 'Movable' if you'd like to Mobility of {0} : {1} has to be 'Movable' if you'd like to {2}. . 
[2016.01.11-23.10.39:097][684]LogBlueprintUserMessages: Early EndPlayMap Detection: Level '/Game/Inicio.Inicio:PersistentLevel' has LevelScriptBlueprint '/Game/Inicio.Inicio:PersistentLevel.Inicio' with GeneratedClass '/Game/Inicio.Inicio_C' with ClassGeneratedBy '/Game/Inicio.Inicio:PersistentLevel.Inicio'
[2016.01.11-23.10.39:143][684]LogBlueprintUserMessages: Late EndPlayMap Detection: Level '/Game/Inicio.Inicio:PersistentLevel' has LevelScriptBlueprint '/Game/Inicio.Inicio:PersistentLevel.Inicio' with GeneratedClass '/Game/Inicio.Inicio_C' with ClassGeneratedBy '/Game/Inicio.Inicio:PersistentLevel.Inicio'
[2016.01.11-23.10.39:197][684]LogParticles: Destroying 0 GPU particle simulations for FXSystem 0x000000005B6C45E0
[2016.01.11-23.15.55:128][521]LogD3D11RHI: Timed out while waiting for GPU to catch up. (0.5 s)
[2016.01.11-23.15.56:087][522]LogD3D11RHI: Timed out while waiting for GPU to catch up. (0.5 s)
[2016.01.11-23.15.58:475][522]LogD3D11RHI: bDeviceRemoved
[2016.01.11-23.15.58:475][522]LogD3D11RHI: CleanupD3DDevice
[2016.01.11-23.15.58:482][522]LogWindows:Error: Windows GetLastError: La operación se completó correctamente. (0)
[2016.01.11-23.15.59:177][522]LogCrashTracker: 


[2016.01.11-23.15.59:178][522]LogCrashTracker: 


[2016.01.11-23.15.59:178][522]LogWindows: === Critical error: ===
Fatal error: [File:D:\BuildFarm\buildmachine_++depot+UE4-Releases+4.9\Engine\Source\Runtime\Windows\D3D11RHI\Private\Windows\WindowsD3D11Device.cpp] [Line: 402] 
The Direct3D 11 device that was being used has been removed (Error: -2005270521 'RESET').  Please restart the game.




[2016.01.11-23.15.59:349][522]LogExit: Executing StaticShutdownAfterError
[2016.01.11-23.15.59:356][522]LogPhysics:Warning: PHYSX: ..\..\PhysX\src\NpScene.cpp (2946) 8 : PxScene::unlockWrite() called without matching call to PxScene::lockWrite(), behaviour will be undefined.
[2016.01.11-23.15.59:357][522]LogPhysics:Warning: PHYSX: ..\..\PhysX\src\NpScene.cpp (2946) 8 : PxScene::unlockWrite() called without matching call to PxScene::lockWrite(), behaviour will be undefined.
[2016.01.11-23.15.59:357][522]LogPhysics:Warning: PHYSX: ..\..\PhysX\src\NpScene.cpp (2946) 8 : PxScene::unlockWrite() called without matching call to PxScene::lockWrite(), behaviour will be undefined.
[2016.01.11-23.15.59:357][522]LogPhysics:Warning: PHYSX: ..\..\PhysX\src\NpScene.cpp (2946) 8 : PxScene::unlockWrite() called without matching call to PxScene::lockWrite(), behaviour will be undefined.
[2016.01.11-23.15.59:358][522]LogPhysics:Warning: PHYSX: ..\..\PhysX\src\NpScene.cpp (2946) 8 : PxScene::unlockWrite() called without matching call to PxScene::lockWrite(), behaviour will be undefined.
[2016.01.11-23.15.59:358][522]LogPhysics:Warning: PHYSX: ..\..\PhysX\src\NpScene.cpp (2946) 8 : PxScene::unlockWrite() called without matching call to PxScene::lockWrite(), behaviour will be undefined.
[2016.01.11-23.15.59:358][522]LogPhysics:Warning: PHYSX: ..\..\PhysX\src\NpScene.cpp (2946) 8 : PxScene::unlockWrite() called without matching call to PxScene::lockWrite(), behaviour will be undefined.
[2016.01.11-23.15.59:359][522]LogPhysics:Warning: PHYSX: ..\..\PhysX\src\NpScene.cpp (2946) 8 : PxScene::unlockWrite() called without matching call to PxScene::lockWrite(), behaviour will be undefined.
[2016.01.11-23.15.59:359][522]LogPhysics:Warning: PHYSX: ..\..\PhysX\src\NpScene.cpp (2946) 8 : PxScene::unlockWrite() called without matching call to PxScene::lockWrite(), behaviour will be undefined.
[2016.01.11-23.15.59:359][522]LogPhysics:Warning: PHYSX: ..\..\PhysX\src\NpScene.cpp (2946) 8 : PxScene::unlockWrite() called without matching call to PxScene::lockWrite(), behaviour will be undefined.
[2016.01.11-23.15.59:360][522]LogWindows: FPlatformMisc::RequestExit(1)
[2016.01.11-23.15.59:360][522]Log file closed, 01/11/16 20:15:59
