[2016.01.12-02.59.27:990][  0]Log file open, 01/11/16 23:59:27
[2016.01.12-02.59.27:990][  0]LogInit:Display: Running engine for game: BotonLuz
[2016.01.12-02.59.27:990][  0]LogInit:Display: RandInit(-1575840400) SRandInit(-1575840399).
[2016.01.12-02.59.27:990][  0]LogTaskGraph: Started task graph with 4 named threads and 5 total threads.
[2016.01.12-02.59.27:990][  0]LogStats: Stats thread started at 0.083043
[2016.01.12-02.59.27:990][  0]LogInit: Version: 4.9.2-2707645+++depot+UE4-Releases+4.9
[2016.01.12-02.59.27:990][  0]LogInit: API Version: 2672455
[2016.01.12-02.59.27:990][  0]LogInit: Compiled (64-bit): Sep 28 2015 10:25:44
[2016.01.12-02.59.27:990][  0]LogInit: Compiled with Visual C++: 18.00.21005.01
[2016.01.12-02.59.27:990][  0]LogInit: Build Configuration: Development
[2016.01.12-02.59.27:990][  0]LogInit: Branch Name: ++depot+UE4-Releases+4.9
[2016.01.12-02.59.27:990][  0]LogInit: Command line: 
[2016.01.12-02.59.27:990][  0]LogInit: Base directory: C:/Program Files/Epic Games/4.9/Engine/Binaries/Win64/
[2016.01.12-02.59.27:990][  0]LogInit: Rocket: 1
[2016.01.12-02.59.28:010][  0]LogInit: Using libcurl 7.41.0
[2016.01.12-02.59.28:010][  0]LogInit:  - built for x86_64-pc-win32
[2016.01.12-02.59.28:010][  0]LogInit:  - supports SSL with WinSSL
[2016.01.12-02.59.28:010][  0]LogInit:  - other features:
[2016.01.12-02.59.28:010][  0]LogInit:      CURL_VERSION_SSL
[2016.01.12-02.59.28:010][  0]LogInit:      CURL_VERSION_IPV6
[2016.01.12-02.59.28:010][  0]LogInit:      CURL_VERSION_ASYNCHDNS
[2016.01.12-02.59.28:010][  0]LogInit:      CURL_VERSION_LARGEFILE
[2016.01.12-02.59.28:010][  0]LogInit:      CURL_VERSION_IDN
[2016.01.12-02.59.28:010][  0]LogInit:  CurlRequestOptions (configurable via config and command line):
[2016.01.12-02.59.28:010][  0]LogInit:  - bVerifyPeer = true  - Libcurl will verify peer certificate
[2016.01.12-02.59.28:010][  0]LogInit:  - bUseHttpProxy = false  - Libcurl will NOT use HTTP proxy
[2016.01.12-02.59.28:010][  0]LogInit:  - bDontReuseConnections = false  - Libcurl will reuse connections
[2016.01.12-02.59.28:010][  0]LogInit:  - CertBundlePath = nullptr  - Libcurl will use whatever was configured at build time.
[2016.01.12-02.59.28:024][  0]LogInit: Presizing for 0 objects not considered by GC, pre-allocating 0 bytes.
[2016.01.12-02.59.28:034][  0]LogInit: Object subsystem initialized
[2016.01.12-02.59.28:036][  0]LogInit: Selected Device Profile: [Windows]
[2016.01.12-02.59.28:036][  0]LogInit: Applying CVar settings loaded from the selected device profile: [Windows]
[2016.01.12-02.59.28:048][  0]LogInit: Computer: TONGA-PC
[2016.01.12-02.59.28:048][  0]LogInit: User: Tonga
[2016.01.12-02.59.28:048][  0]LogInit: CPU Page size=4096, Cores=2
[2016.01.12-02.59.28:048][  0]LogInit: High frequency timer resolution =3.021875 MHz
[2016.01.12-02.59.28:048][  0]LogMemory: Memory total: Physical=7.9GB (8GB approx)
[2016.01.12-02.59.28:048][  0]LogMemory: Platform Memory Stats for Windows
[2016.01.12-02.59.28:048][  0]LogMemory: Process Physical Memory: 54.36 MB used, 54.36 MB peak
[2016.01.12-02.59.28:048][  0]LogMemory: Process Virtual Memory: 58.62 MB used, 58.62 MB peak
[2016.01.12-02.59.28:048][  0]LogMemory: Physical Memory: 4806.66 MB used, 8132.66 MB total
[2016.01.12-02.59.28:048][  0]LogMemory: Virtual Memory: 341.80 MB used, 8388608.00 MB total
[2016.01.12-02.59.29:182][  0]LogD3D11RHI: Found D3D11 adapter 0: NVIDIA GeForce GTX 750 Ti (Feature Level 11_0)
[2016.01.12-02.59.29:182][  0]LogD3D11RHI: Adapter has 1993MB of dedicated video memory, 0MB of dedicated system memory, and 2048MB of shared system memory, 1 output[s]
[2016.01.12-02.59.29:182][  0]LogD3D11RHI: Chosen D3D11 Adapter Id = 0
[2016.01.12-02.59.29:193][  0]LogD3D11RHI: !Direct3DDevice
[2016.01.12-02.59.29:193][  0]LogRHI: Texture pool is 1361 MB (70% of 1945 MB)
[2016.01.12-02.59.29:211][  0]LogD3D11RHI: Async texture creation enabled
[2016.01.12-02.59.29:227][  0]LogShaderCompilers: Guid format shader working directory is 15 characters bigger than the processId version (../../../../../../Users/Tonga/Documents/Facultad/Tesis/Repositorio/proygrad_fing/BotonLuz/Intermediate/Shaders/WorkingDirectory/7484/).
[2016.01.12-02.59.29:227][  0]LogShaderCompilers: Cleaned the shader compiler working directory '../../../../../../Users/Tonga/Documents/Facultad/Tesis/Repositorio/proygrad_fing/BotonLuz/Intermediate/Shaders/tmp/5C7D1E254E3F7614031A4C88AF705E55/'.
[2016.01.12-02.59.29:227][  0]LogShaderCompilers:Display: Using Local Shader Compiler.
[2016.01.12-02.59.30:864][  0]LogTemp:Display: Loaded TP AllDesktopTargetPlatform
[2016.01.12-02.59.30:875][  0]LogTemp:Display: Loaded TP WindowsClientTargetPlatform
[2016.01.12-02.59.30:886][  0]LogTemp:Display: Loaded TP WindowsNoEditorTargetPlatform
[2016.01.12-02.59.30:895][  0]LogTemp:Display: Loaded TP WindowsServerTargetPlatform
[2016.01.12-02.59.30:906][  0]LogTemp:Display: Loaded TP WindowsTargetPlatform
[2016.01.12-02.59.30:914][  0]LogTemp:Display: Loaded TP AndroidTargetPlatform
[2016.01.12-02.59.30:921][  0]LogTemp:Display: Loaded TP Android_ASTCTargetPlatform
[2016.01.12-02.59.30:928][  0]LogTemp:Display: Loaded TP Android_ATCTargetPlatform
[2016.01.12-02.59.30:936][  0]LogTemp:Display: Loaded TP Android_DXTTargetPlatform
[2016.01.12-02.59.30:944][  0]LogTemp:Display: Loaded TP Android_ETC1TargetPlatform
[2016.01.12-02.59.30:952][  0]LogTemp:Display: Loaded TP Android_ETC2TargetPlatform
[2016.01.12-02.59.30:960][  0]LogTemp:Display: Loaded TP Android_PVRTCTargetPlatform
[2016.01.12-02.59.30:963][  0]LogTemp:Display: Loaded TP HTML5TargetPlatform
[2016.01.12-02.59.30:987][  0]LogTemp:Display: Loaded TP IOSTargetPlatform
[2016.01.12-02.59.30:995][  0]LogTemp:Display: Loaded TP LinuxNoEditorTargetPlatform
[2016.01.12-02.59.31:002][  0]LogTemp:Display: Loaded TP LinuxServerTargetPlatform
[2016.01.12-02.59.31:011][  0]LogTemp:Display: Loaded TP LinuxTargetPlatform
[2016.01.12-02.59.31:011][  0]LogTargetPlatformManager:Display: Building Assets For Windows
[2016.01.12-02.59.31:189][  0]LogDerivedDataCache:Display: Max Cache Size: 512 MB
[2016.01.12-02.59.31:314][  0]LogDerivedDataCache: Loaded boot cache 0.13s 41MB C:/Users/Tonga/AppData/Local/UnrealEngine/4.9/DerivedDataCache/Boot.ddc.
[2016.01.12-02.59.31:314][  0]LogDerivedDataCache:Display: Loaded Boot cache: C:/Users/Tonga/AppData/Local/UnrealEngine/4.9/DerivedDataCache/Boot.ddc
[2016.01.12-02.59.31:314][  0]LogDerivedDataCache: FDerivedDataBackendGraph:  Pak pak cache file ../../../../../../Users/Tonga/Documents/Facultad/Tesis/Repositorio/proygrad_fing/BotonLuz/DerivedDataCache/DDC.ddp not found, will not use a pak cache.
[2016.01.12-02.59.31:314][  0]LogDerivedDataCache: Unable to find inner node Pak for hierarchical cache Hierarchy.
[2016.01.12-02.59.31:314][  0]LogDerivedDataCache: FDerivedDataBackendGraph:  CompressedPak pak cache file ../../../../../../Users/Tonga/Documents/Facultad/Tesis/Repositorio/proygrad_fing/BotonLuz/DerivedDataCache/Compressed.ddp not found, will not use a pak cache.
[2016.01.12-02.59.31:314][  0]LogDerivedDataCache: Unable to find inner node CompressedPak for hierarchical cache Hierarchy.
[2016.01.12-02.59.31:482][  0]LogDerivedDataCache:Display: Pak cache opened for reading ../../../Engine/DerivedDataCache/Compressed.ddp.
[2016.01.12-02.59.31:494][  0]LogDerivedDataCache: Using Local data cache path C:/Users/Tonga/AppData/Local/UnrealEngine/Common/DerivedDataCache: Writable
[2016.01.12-02.59.31:791][  0]LogInit: Selected Device Profile: [Windows]
[2016.01.12-02.59.31:792][  0]LogContentStreaming: Texture pool size is 0.000000MB
[2016.01.12-02.59.31:837][  0]LogMeshUtilities: No automatic mesh reduction module available
[2016.01.12-02.59.31:837][  0]LogMeshUtilities: No automatic mesh merging module available
[2016.01.12-02.59.32:554][  0]LogInit: WinSock: version 1.1 (2.2), MaxSocks=32767, MaxUdp=65467
[2016.01.12-02.59.34:266][  0]UdpMessaging: Initializing bridge on interface 0.0.0.0:0 to multicast group 230.0.0.1:6666.
[2016.01.12-02.59.34:410][  0]LogAssetRegistry: FAssetRegistry took 0.0116 seconds to start up
[2016.01.12-02.59.34:813][  0]SourceControl: Info Source control is disabled
[2016.01.12-02.59.34:815][  0]SourceControl: Info Source control is disabled
[2016.01.12-02.59.34:848][  0]SourceControl: Info Source control is disabled
[2016.01.12-02.59.34:877][  0]SourceControl: Info Source control is disabled
[2016.01.12-02.59.35:167][  0]LogLinker:Warning: Asset '../../../Engine/Plugins/Runtime/LeapMotionController/Content/LM_PassthroughMaterial.uasset' has been saved with empty engine version. The asset will be loaded but may be incompatible.
[2016.01.12-02.59.35:321][  0]LogObj: 28361 objects as part of root set at end of initial load.
[2016.01.12-02.59.35:321][  0]LogUObjectAllocator: 6038864 out of 0 bytes used by permanent object pool.
[2016.01.12-02.59.35:399][  0]LogEngine: Initializing Engine...
[2016.01.12-02.59.35:403][  0]OCULUS: Info: 01/12/16 02:59:35: [CAPI] LibOVR module is located at C:\Windows\system32\LibOVRRT64_0_7.dll

[2016.01.12-02.59.35:904][  0]OCULUS: Error: 01/12/16 02:59:35: [CAPI] ovr_Create failed to complete within the timeout period.
[2016.01.12-02.59.35:910][  0]LogHMD: SteamVR failed to initialize.  Err: 110
[2016.01.12-02.59.36:193][  0]LogAIModule: Creating AISystem for world NewWorld
[2016.01.12-02.59.36:208][  0]LogInit: XAudio2 using 'Altavoces (Realtek High Definition Audio)' : 2 channels at 48 kHz using 32 bits per sample (channel mask 0x3)
[2016.01.12-02.59.36:250][  0]LogInit: FAudioDevice initialized.
[2016.01.12-02.59.36:306][  0]LogDerivedDataCache: Saved boot cache 0.06s 41MB C:/Users/Tonga/AppData/Local/UnrealEngine/4.9/DerivedDataCache/Boot.ddc.
[2016.01.12-02.59.36:325][  0]LogInit: Texture streaming: Enabled
[2016.01.12-02.59.36:342][  0]LogAnalytics: Creating configured Analytics provider AnalyticsET
[2016.01.12-02.59.36:342][  0]LogAnalytics: [UEEditor.Rocket.Release] APIServer = http://et2.epicgames.com/ET2/. AppVersion = 4.9.2-2707645+++depot+UE4-Releases+4.9
[2016.01.12-02.59.36:342][  0]LogAnalytics: [UEEditor.Rocket.Release] SetUserId d2bef611456171cb171d15a4a42cb182|6ac59fa8cbb647a4b14c5a548cbd3b91|31fc86a8-acb9-451a-b082-adf3974f05a6
[2016.01.12-02.59.36:342][  0]LogAnalytics: [UEEditor.Rocket.Release] AnalyticsET::StartSession
[2016.01.12-02.59.36:485][  0]LogInit: Transaction tracking system initialized
[2016.01.12-02.59.36:609][  0]BlueprintLog: New page: Editor Load
[2016.01.12-02.59.36:899][  0]LocalizationService: Info Localization service is disabled
[2016.01.12-02.59.37:092][  0]LogConsoleResponse:Display: 
[2016.01.12-02.59.37:284][  0]LogCook:Display: Done creating registry. It took  0.00s.
[2016.01.12-02.59.37:484][  0]LogFileCache: Scanning file cache for directory 'C:/Users/Tonga/Documents/Facultad/Tesis/Repositorio/proygrad_fing/BotonLuz/Content/' took 0.01s
[2016.01.12-02.59.37:484][  0]SourceControl: Info Source control is disabled
[2016.01.12-02.59.37:485][  0]Cmd: MAP LOAD FILE="../../../Engine/Content/Maps/Templates/Template_Default.umap" TEMPLATE=1 SHOWPROGRESS=1 FEATURELEVEL=3
[2016.01.12-02.59.37:486][  0]LightingResults: New page: Lighting Build
[2016.01.12-02.59.37:496][  0]MapCheck: New page: Map Check
[2016.01.12-02.59.37:496][  0]LightingResults: New page: Lighting Build
[2016.01.12-02.59.37:528][  0]LogParticles: Destroying 0 GPU particle simulations for FXSystem 0x000000002543C400
[2016.01.12-02.59.38:091][  0]LogAIModule: Creating AISystem for world Untitled_1
[2016.01.12-02.59.38:098][  0]LogEditorServer: Finished looking for orphan Actors (0.000 secs)
[2016.01.12-02.59.38:110][  0]Cmd: MAP CHECKDEP NOCLEARLOG
[2016.01.12-02.59.38:238][  0]MapCheck: Info Map check complete: 0 Error(s), 0 Warning(s), took 127.851ms to complete.
[2016.01.12-02.59.38:238][  0]LogFileHelpers: Loading map 'Template_Default' took 0.753
[2016.01.12-02.59.38:385][  0]LogCollectionManager: Loaded 0 collections in 0.004708 seconds
[2016.01.12-02.59.38:432][  0]LogFileCache: Scanning file cache for directory 'C:/Users/Tonga/Documents/Facultad/Tesis/Repositorio/proygrad_fing/BotonLuz/Saved/Collections/' took 0.01s
[2016.01.12-02.59.38:432][  0]LogFileCache: Scanning file cache for directory 'C:/Users/Tonga/Documents/Facultad/Tesis/Repositorio/proygrad_fing/BotonLuz/Content/Developers/Tonga/Collections/' took 0.01s
[2016.01.12-02.59.38:432][  0]LogFileCache: Scanning file cache for directory 'C:/Users/Tonga/Documents/Facultad/Tesis/Repositorio/proygrad_fing/BotonLuz/Content/Collections/' took 0.01s
[2016.01.12-02.59.38:432][  0]LogContentBrowser: Native class hierarchy populated in 0.0133 seconds. Added 1867 classes and 333 folders.
[2016.01.12-02.59.38:442][  0]LogCollectionManager: Rebuilt the GUID cache for 0 collections in 0.000004 seconds
[2016.01.12-02.59.38:454][  0]LogContentBrowser: Native class hierarchy updated for 'WidgetCarousel' in 0.0005 seconds. Added 0 classes and 0 folders.
[2016.01.12-02.59.38:565][  0]LogContentBrowser: Native class hierarchy updated for 'AddContentDialog' in 0.0005 seconds. Added 0 classes and 0 folders.
[2016.01.12-02.59.38:575][  0]LogContentBrowser: Native class hierarchy updated for 'SceneOutliner' in 0.0006 seconds. Added 1 classes and 2 folders.
[2016.01.12-02.59.38:656][  0]LogCrashTracker: Crashtracker disabled due to settings.
[2016.01.12-02.59.38:661][  0]LogUObjectGlobals:Warning: Failed to find object 'Class None.'
[2016.01.12-02.59.38:682][  0]LogLoad: Full Startup: 11.37 seconds (BP compile: 0.10 seconds)
[2016.01.12-02.59.38:757][  0]LogContentStreaming: Texture pool size now 1000 MB
[2016.01.12-02.59.38:915][  0]LogRenderer: Reallocating scene render targets to support 1144x576 (Frame:2).
[2016.01.12-02.59.39:193][  4]LogAssetRegistry: Asset discovery search completed in 4.7941 seconds
[2016.01.12-02.59.39:193][  4]LogCollectionManager: Rebuilt the object cache for 0 collections in 0.000001 seconds (found 0 objects)
[2016.01.12-02.59.39:193][  4]LogCollectionManager: Fixed up redirectors for 0 collections in 0.000041 seconds (updated 0 objects)
[2016.01.12-02.59.44:420][540]LogLinker:Warning: Asset '../../../Engine/Content/ArtTools/RenderToTexture/Macros/RenderToTextureMacros.uasset' has been saved with empty engine version. The asset will be loaded but may be incompatible.
[2016.01.12-02.59.45:123][540]LogContentBrowser: Native class hierarchy updated for 'BlueprintGraph' in 0.0011 seconds. Added 107 classes and 0 folders.
[2016.01.12-03.28.46:102][ 25]LogFactory: FactoryCreateBinary: Texture with ReimportTextureFactory (0 0 ../../../../../../Users/Tonga/Documents/Facultad/Tesis/Iconos/6785-200.png)
[2016.01.12-03.28.46:106][ 25]LogTexture:Display: Building textures: 6785-200 (AutoDXT)
[2016.01.12-03.28.50:568][451]LogContentBrowser: Native class hierarchy updated for 'TextureEditor' in 0.0006 seconds. Added 1 classes and 2 folders.
[2016.01.12-03.29.00:237][507]Cmd: OBJ SAVEPACKAGE PACKAGE="/Game/Iconos/Foco" FILE="../../../../../../Users/Tonga/Documents/Facultad/Tesis/Repositorio/proygrad_fing/BotonLuz/Content/Iconos/Foco.uasset" SILENT=true
[2016.01.12-03.29.00:247][507]LogSavePackage: Save=7.284881ms
[2016.01.12-03.29.00:247][507]LogSavePackage: Moving '../../../../../../Users/Tonga/Documents/Facultad/Tesis/Repositorio/proygrad_fing/BotonLuz/Saved/FocoC479CEE24A52412EEC72D6A1BA5A836D.tmp' to '../../../../../../Users/Tonga/Documents/Facultad/Tesis/Repositorio/proygrad_fing/BotonLuz/Content/Iconos/Foco.uasset'
[2016.01.12-03.29.00:251][507]LogSavePackage: Total save time: 11.632513ms
[2016.01.12-03.29.00:251][507]LogSavePackage:Warning: Finished SavePackage ../../../../../../Users/Tonga/Documents/Facultad/Tesis/Repositorio/proygrad_fing/BotonLuz/Content/Iconos/Foco.uasset
[2016.01.12-03.29.00:373][507]LogParticles: Destroying 0 GPU particle simulations for FXSystem 0x000000004AC17740
[2016.01.12-03.29.00:375][507]LogParticles: Destroying 0 GPU particle simulations for FXSystem 0x000000004AC17240
[2016.01.12-03.29.25:697][559]LogFileHelpers: Editor autosave (incl. sublevels) for '/Temp/Untitled_1' took 0.044
[2016.01.12-03.29.25:708][559]LogSavePackage: Save=2.120207ms
[2016.01.12-03.29.25:708][559]LogSavePackage: Moving '../../../../../../Users/Tonga/Documents/Facultad/Tesis/Repositorio/proygrad_fing/BotonLuz/Saved/6785-200_Auto1A332CF964DC694183490F09464141332.tmp' to '../../../../../../Users/Tonga/Documents/Facultad/Tesis/Repositorio/proygrad_fing/BotonLuz/Saved/Autosaves/Game/Iconos/6785-200_Auto1.uasset'
[2016.01.12-03.29.25:710][559]LogSavePackage: Total save time: 4.932038ms
[2016.01.12-03.29.25:710][559]LogSavePackage:Warning: Finished SavePackage ../../../../../../Users/Tonga/Documents/Facultad/Tesis/Repositorio/proygrad_fing/BotonLuz/Saved/Autosaves/Game/Iconos/6785-200_Auto1.uasset
[2016.01.12-03.29.25:710][559]LogFileHelpers: Auto-saving content packages took 0.012
[2016.01.12-03.31.23:883][218]LogBlueprintUserMessages: CustomizeDetails for Blueprint 'ElementoListaLuzAgregada', cached variable property's owner is '/Game/ElementoListaLuzAgregada.SKEL_ElementoListaLuzAgregada_C'
[2016.01.12-03.31.29:960][693]LogBlueprintUserMessages: CustomizeDetails for Blueprint 'ElementoListaLuzAgregada', cached variable property's owner is '/Game/ElementoListaLuzAgregada.SKEL_ElementoListaLuzAgregada_C'
[2016.01.12-03.31.33:597][963]LogSavePackage: Save=44.603432ms
[2016.01.12-03.31.33:597][963]LogSavePackage: Moving '../../../../../../Users/Tonga/Documents/Facultad/Tesis/Repositorio/proygrad_fing/BotonLuz/Saved/ElementoListaLuzAgregada19F1175F455303AB7469828B14D25560.tmp' to '../../../../../../Users/Tonga/Documents/Facultad/Tesis/Repositorio/proygrad_fing/BotonLuz/Content/ElementoListaLuzAgregada.uasset'
[2016.01.12-03.31.33:602][963]LogSavePackage: Total save time: 97.739980ms
[2016.01.12-03.31.33:602][963]LogSavePackage:Warning: Finished SavePackage ../../../../../../Users/Tonga/Documents/Facultad/Tesis/Repositorio/proygrad_fing/BotonLuz/Content/ElementoListaLuzAgregada.uasset
[2016.01.12-03.31.34:017][994]BlueprintLog: New page: Compile ElementoListaLuzAgregada
[2016.01.12-03.31.34:127][994]LogBlueprintUserMessages: PostEditorRefresh for Blueprint 'ElementoListaLuzAgregada', cached variable property's owner is '/Game/ElementoListaLuzAgregada.SKEL_ElementoListaLuzAgregada_C'
[2016.01.12-03.31.34:129][994]BlueprintEditorCompileResults: Info [1926.80] Compile of ElementoListaLuzAgregada successful! [in 112 ms]
[2016.01.12-03.31.34:153][994]LogBlueprintUserMessages: CustomizeDetails for Blueprint 'ElementoListaLuzAgregada', cached variable property's owner is '/Game/ElementoListaLuzAgregada.SKEL_ElementoListaLuzAgregada_C'
[2016.01.12-03.32.19:194][ 64]LogBlueprintUserMessages: CustomizeDetails for Blueprint 'ElementoListaLuzAgregada', cached variable property's owner is '/Game/ElementoListaLuzAgregada.SKEL_ElementoListaLuzAgregada_C'
[2016.01.12-03.34.25:543][692]LogFactory: FactoryCreateBinary: Texture with ReimportTextureFactory (0 0 ../../../../../../Users/Tonga/Documents/Facultad/Tesis/Iconos/light bulb4.png)
[2016.01.12-03.34.25:557][692]LogTexture:Display: Building textures: light_bulb4 (AutoDXT)
[2016.01.12-03.34.59:849][511]LogSavePackage: Save=19.556400ms
[2016.01.12-03.34.59:849][511]LogSavePackage: Moving '../../../../../../Users/Tonga/Documents/Facultad/Tesis/Repositorio/proygrad_fing/BotonLuz/Saved/IconoLuzPuntualFCBF17A24F6762178254EAB0AE03CB88.tmp' to '../../../../../../Users/Tonga/Documents/Facultad/Tesis/Repositorio/proygrad_fing/BotonLuz/Content/Iconos/IconoLuzPuntual.uasset'
[2016.01.12-03.34.59:853][511]LogSavePackage: Total save time: 23.490049ms
[2016.01.12-03.34.59:853][511]LogSavePackage:Warning: Finished SavePackage ../../../../../../Users/Tonga/Documents/Facultad/Tesis/Repositorio/proygrad_fing/BotonLuz/Content/Iconos/IconoLuzPuntual.uasset
[2016.01.12-03.35.04:226][821]LogFactory: FactoryCreateBinary: Texture with ReimportTextureFactory (0 0 ../../../../../../Users/Tonga/Documents/Facultad/Tesis/Iconos/6785-200.png)
[2016.01.12-03.35.04:230][821]LogTexture:Display: Building textures: 6785-200 (AutoDXT)
[2016.01.12-03.35.16:168][ 86]Cmd: OBJ SAVEPACKAGE PACKAGE="/Game/Iconos/IconoLuzFoco" FILE="../../../../../../Users/Tonga/Documents/Facultad/Tesis/Repositorio/proygrad_fing/BotonLuz/Content/Iconos/IconoLuzFoco.uasset" SILENT=true
[2016.01.12-03.35.16:177][ 86]LogSavePackage: Save=7.397063ms
[2016.01.12-03.35.16:177][ 86]LogSavePackage: Moving '../../../../../../Users/Tonga/Documents/Facultad/Tesis/Repositorio/proygrad_fing/BotonLuz/Saved/IconoLuzFoco3531E8E742907BEE073D25AFB049450A.tmp' to '../../../../../../Users/Tonga/Documents/Facultad/Tesis/Repositorio/proygrad_fing/BotonLuz/Content/Iconos/IconoLuzFoco.uasset'
[2016.01.12-03.35.16:181][ 86]LogSavePackage: Total save time: 11.544816ms
[2016.01.12-03.35.16:181][ 86]LogSavePackage:Warning: Finished SavePackage ../../../../../../Users/Tonga/Documents/Facultad/Tesis/Repositorio/proygrad_fing/BotonLuz/Content/Iconos/IconoLuzFoco.uasset
[2016.01.12-03.39.30:178][ 54]LogFileHelpers: Editor autosave (incl. sublevels) for '/Temp/Untitled_1' took 0.052
[2016.01.12-03.39.30:190][ 54]LogSavePackage: Save=2.192678ms
[2016.01.12-03.39.30:190][ 54]LogSavePackage: Moving '../../../../../../Users/Tonga/Documents/Facultad/Tesis/Repositorio/proygrad_fing/BotonLuz/Saved/light_bulb4_Auto2CDE093754DCD7C8257118F8AB3F8C5BC.tmp' to '../../../../../../Users/Tonga/Documents/Facultad/Tesis/Repositorio/proygrad_fing/BotonLuz/Saved/Autosaves/Game/Iconos/light_bulb4_Auto2.uasset'
[2016.01.12-03.39.30:192][ 54]LogSavePackage: Total save time: 4.889019ms
[2016.01.12-03.39.30:192][ 54]LogSavePackage:Warning: Finished SavePackage ../../../../../../Users/Tonga/Documents/Facultad/Tesis/Repositorio/proygrad_fing/BotonLuz/Saved/Autosaves/Game/Iconos/light_bulb4_Auto2.uasset
[2016.01.12-03.39.30:197][ 54]OBJ SavePackage: Generating thumbnails for [0] asset(s) in package [/Game/ElementoListaLuzAgregada] ([1] browsable assets)...
[2016.01.12-03.39.30:197][ 54]OBJ SavePackage: Finished generating thumbnails for package [/Game/ElementoListaLuzAgregada]
[2016.01.12-03.39.30:267][ 54]LogSavePackage: Save=38.758717ms
[2016.01.12-03.39.30:267][ 54]LogSavePackage: Moving '../../../../../../Users/Tonga/Documents/Facultad/Tesis/Repositorio/proygrad_fing/BotonLuz/Saved/ElementoListaLuzAgregada_Auto2D677ECDD4EEBFE4C66B816AC8B12F0F4.tmp' to '../../../../../../Users/Tonga/Documents/Facultad/Tesis/Repositorio/proygrad_fing/BotonLuz/Saved/Autosaves/Game/ElementoListaLuzAgregada_Auto2.uasset'
[2016.01.12-03.39.30:269][ 54]LogSavePackage: Total save time: 70.259362ms
[2016.01.12-03.39.30:269][ 54]LogSavePackage:Warning: Finished SavePackage ../../../../../../Users/Tonga/Documents/Facultad/Tesis/Repositorio/proygrad_fing/BotonLuz/Saved/Autosaves/Game/ElementoListaLuzAgregada_Auto2.uasset
[2016.01.12-03.39.30:277][ 54]LogSavePackage: Save=2.000745ms
[2016.01.12-03.39.30:278][ 54]LogSavePackage: Moving '../../../../../../Users/Tonga/Documents/Facultad/Tesis/Repositorio/proygrad_fing/BotonLuz/Saved/6785-200_Auto2C54DB2D64529E6F3C84F7D8E99C65310.tmp' to '../../../../../../Users/Tonga/Documents/Facultad/Tesis/Repositorio/proygrad_fing/BotonLuz/Saved/Autosaves/Game/Iconos/6785-200_Auto2.uasset'
[2016.01.12-03.39.30:280][ 54]LogSavePackage: Total save time: 4.365169ms
[2016.01.12-03.39.30:280][ 54]LogSavePackage:Warning: Finished SavePackage ../../../../../../Users/Tonga/Documents/Facultad/Tesis/Repositorio/proygrad_fing/BotonLuz/Saved/Autosaves/Game/Iconos/6785-200_Auto2.uasset
[2016.01.12-03.39.30:280][ 54]LogFileHelpers: Auto-saving content packages took 0.101
[2016.01.12-03.40.25:196][520]LogBlueprintUserMessages: CustomizeDetails for Blueprint 'ElementoListaLuzAgregada', cached variable property's owner is '/Game/ElementoListaLuzAgregada.SKEL_ElementoListaLuzAgregada_C'
[2016.01.12-03.40.36:177][331]LogBlueprintUserMessages: PostEditorRefresh for Blueprint 'ElementoListaLuzAgregada', cached variable property's owner is '/Game/ElementoListaLuzAgregada.SKEL_ElementoListaLuzAgregada_C'
[2016.01.12-03.40.36:187][331]LogBlueprintUserMessages: PostEditorRefresh for Blueprint 'ElementoListaLuzAgregada', cached variable property's owner is '/Game/ElementoListaLuzAgregada.SKEL_ElementoListaLuzAgregada_C'
[2016.01.12-03.40.36:198][331]LogBlueprintUserMessages: PostEditorRefresh for Blueprint 'ElementoListaLuzAgregada', cached variable property's owner is '/Game/ElementoListaLuzAgregada.SKEL_ElementoListaLuzAgregada_C'
[2016.01.12-03.40.36:221][331]LogBlueprintUserMessages: CustomizeDetails for Blueprint 'ElementoListaLuzAgregada', cached variable property's owner is '/Game/ElementoListaLuzAgregada.SKEL_ElementoListaLuzAgregada_C'
[2016.01.12-03.40.51:994][505]LogBlueprintUserMessages: PostEditorRefresh for Blueprint 'ElementoListaLuzAgregada', cached variable property's owner is '/Game/ElementoListaLuzAgregada.SKEL_ElementoListaLuzAgregada_C'
[2016.01.12-03.40.52:017][505]LogBlueprintUserMessages: CustomizeDetails for Blueprint 'ElementoListaLuzAgregada', cached variable property's owner is '/Game/ElementoListaLuzAgregada.SKEL_ElementoListaLuzAgregada_C'
[2016.01.12-03.41.00:334][125]BlueprintLog: New page: Compile ElementoListaLuzAgregada
[2016.01.12-03.41.00:450][125]LogBlueprintUserMessages: PostEditorRefresh for Blueprint 'ElementoListaLuzAgregada', cached variable property's owner is '/Game/ElementoListaLuzAgregada.SKEL_ElementoListaLuzAgregada_C'
[2016.01.12-03.41.00:452][125]BlueprintEditorCompileResults: Info [2493.12] Compile of ElementoListaLuzAgregada successful! [in 117 ms]
[2016.01.12-03.41.00:476][125]LogBlueprintUserMessages: CustomizeDetails for Blueprint 'ElementoListaLuzAgregada', cached variable property's owner is '/Game/ElementoListaLuzAgregada.SKEL_ElementoListaLuzAgregada_C'
[2016.01.12-03.41.35:952][601]LogBlueprintUserMessages: CustomizeDetails for Blueprint 'ElementoListaLuzAgregada', cached variable property's owner is '/Game/ElementoListaLuzAgregada.SKEL_ElementoListaLuzAgregada_C'
[2016.01.12-03.41.42:044][ 66]LogBlueprintUserMessages: CustomizeDetails for Blueprint 'ElementoListaLuzAgregada', cached variable property's owner is '/Game/ElementoListaLuzAgregada.SKEL_ElementoListaLuzAgregada_C'
[2016.01.12-03.41.54:774][914]LogBlueprintUserMessages: CustomizeDetails for Blueprint 'ElementoListaLuzAgregada', cached variable property's owner is '/Game/ElementoListaLuzAgregada.SKEL_ElementoListaLuzAgregada_C'
[2016.01.12-03.42.03:095][608]LogBlueprintUserMessages: PostEditorRefresh for Blueprint 'ElementoListaLuzAgregada', cached variable property's owner is '/Game/ElementoListaLuzAgregada.SKEL_ElementoListaLuzAgregada_C'
[2016.01.12-03.42.03:118][608]LogBlueprintUserMessages: CustomizeDetails for Blueprint 'ElementoListaLuzAgregada', cached variable property's owner is '/Game/ElementoListaLuzAgregada.SKEL_ElementoListaLuzAgregada_C'
[2016.01.12-03.42.07:742][938]LogBlueprintUserMessages: CustomizeDetails for Blueprint 'ElementoListaLuzAgregada', cached variable property's owner is '/Game/ElementoListaLuzAgregada.SKEL_ElementoListaLuzAgregada_C'
[2016.01.12-03.42.12:240][247]LogBlueprintUserMessages: CustomizeDetails for Blueprint 'ElementoListaLuzAgregada', cached variable property's owner is '/Game/ElementoListaLuzAgregada.SKEL_ElementoListaLuzAgregada_C'
[2016.01.12-03.42.12:258][248]LogBlueprintUserMessages: CustomizeDetails for Blueprint 'ElementoListaLuzAgregada', cached variable property's owner is '/Game/ElementoListaLuzAgregada.SKEL_ElementoListaLuzAgregada_C'
[2016.01.12-03.44.28:273][737]LogFactory: FactoryCreateBinary: Texture with ReimportTextureFactory (0 0 ../../../../../../Users/Tonga/Documents/Facultad/Tesis/Iconos/6785-200.png)
[2016.01.12-03.44.28:278][737]LogTexture:Display: Building textures: 6785-200 (AutoDXT)
[2016.01.12-03.46.59:035][438]LogAIModule: Creating AISystem for world Inicio
[2016.01.12-03.47.02:742][438]LogSavePackage: Save=48.509617ms
[2016.01.12-03.47.02:742][438]LogSavePackage: Moving '../../../../../../Users/Tonga/Documents/Facultad/Tesis/Repositorio/proygrad_fing/BotonLuz/Saved/ElementoListaLuzAgregada4159CBBC429F567A0441EFA41C3F0C18.tmp' to '../../../../../../Users/Tonga/Documents/Facultad/Tesis/Repositorio/proygrad_fing/BotonLuz/Content/ElementoListaLuzAgregada.uasset'
[2016.01.12-03.47.02:746][438]LogSavePackage: Total save time: 111.940432ms
[2016.01.12-03.47.02:746][438]LogSavePackage:Warning: Finished SavePackage ../../../../../../Users/Tonga/Documents/Facultad/Tesis/Repositorio/proygrad_fing/BotonLuz/Content/ElementoListaLuzAgregada.uasset
[2016.01.12-03.47.02:751][438]Cmd: OBJ SAVEPACKAGE PACKAGE="/Game/Iconos/light_bulb4" FILE="../../../../../../Users/Tonga/Documents/Facultad/Tesis/Repositorio/proygrad_fing/BotonLuz/Content/Iconos/light_bulb4.uasset" SILENT=true
[2016.01.12-03.47.02:756][438]LogSavePackage: Save=2.694354ms
[2016.01.12-03.47.02:756][438]LogSavePackage: Moving '../../../../../../Users/Tonga/Documents/Facultad/Tesis/Repositorio/proygrad_fing/BotonLuz/Saved/light_bulb4F23D89F7496717C8DAE4FD96BADE5D21.tmp' to '../../../../../../Users/Tonga/Documents/Facultad/Tesis/Repositorio/proygrad_fing/BotonLuz/Content/Iconos/light_bulb4.uasset'
[2016.01.12-03.47.02:760][438]LogSavePackage: Total save time: 6.998632ms
[2016.01.12-03.47.02:760][438]LogSavePackage:Warning: Finished SavePackage ../../../../../../Users/Tonga/Documents/Facultad/Tesis/Repositorio/proygrad_fing/BotonLuz/Content/Iconos/light_bulb4.uasset
[2016.01.12-03.47.02:762][438]Cmd: MAP LOAD FILE="../../../../../../Users/Tonga/Documents/Facultad/Tesis/Repositorio/proygrad_fing/BotonLuz/Content/Inicio.umap" TEMPLATE=0 SHOWPROGRESS=1 FEATURELEVEL=3
[2016.01.12-03.47.02:762][438]LightingResults: New page: Lighting Build
[2016.01.12-03.47.02:798][438]LoadErrors: New page: Loading map: Inicio.umap
[2016.01.12-03.47.02:799][438]MapCheck: New page: Map Check
[2016.01.12-03.47.02:799][438]LightingResults: New page: Lighting Build
[2016.01.12-03.47.02:845][438]LogParticles: Destroying 0 GPU particle simulations for FXSystem 0x0000000012DFCEA0
[2016.01.12-03.47.02:934][438]LogEditorServer: Finished looking for orphan Actors (0.000 secs)
[2016.01.12-03.47.02:973][438]Cmd: MAP CHECKDEP NOCLEARLOG
[2016.01.12-03.47.03:132][438]MapCheck: Info Map check complete: 0 Error(s), 0 Warning(s), took 159.049ms to complete.
[2016.01.12-03.47.03:142][438]LogFileHelpers: Loading map 'Inicio' took 0.382
[2016.01.12-03.56.59:233][423]LogFileHelpers: Editor autosave (incl. sublevels) for '/Game/Inicio' took 0.051
[2016.01.12-03.56.59:240][423]OBJ SavePackage: Generating thumbnails for [0] asset(s) in package [/Game/ElementoListaLuzAgregada] ([1] browsable assets)...
[2016.01.12-03.56.59:240][423]OBJ SavePackage: Finished generating thumbnails for package [/Game/ElementoListaLuzAgregada]
[2016.01.12-03.56.59:308][423]LogSavePackage: Save=41.874664ms
[2016.01.12-03.56.59:308][423]LogSavePackage: Moving '../../../../../../Users/Tonga/Documents/Facultad/Tesis/Repositorio/proygrad_fing/BotonLuz/Saved/ElementoListaLuzAgregada_Auto3ED22DE4D4408AB16CF78B1B7AEC7EAB5.tmp' to '../../../../../../Users/Tonga/Documents/Facultad/Tesis/Repositorio/proygrad_fing/BotonLuz/Saved/Autosaves/Game/ElementoListaLuzAgregada_Auto3.uasset'
[2016.01.12-03.56.59:312][423]LogSavePackage: Total save time: 69.987342ms
[2016.01.12-03.56.59:312][423]LogSavePackage:Warning: Finished SavePackage ../../../../../../Users/Tonga/Documents/Facultad/Tesis/Repositorio/proygrad_fing/BotonLuz/Saved/Autosaves/Game/ElementoListaLuzAgregada_Auto3.uasset
[2016.01.12-03.56.59:312][423]LogFileHelpers: Auto-saving content packages took 0.078
[2016.01.12-04.16.43:852][187]BlueprintLog: New page: Compile ElementoListaLuzAgregada
[2016.01.12-04.16.44:029][187]BlueprintEditorCompileResults: Info [4636.68] Compile of ElementoListaLuzAgregada successful! [in 176 ms]
[2016.01.12-04.17.19:323][768]LogFileHelpers: Editor autosave (incl. sublevels) for '/Game/Inicio' took 0.050
[2016.01.12-04.17.19:330][768]OBJ SavePackage: Generating thumbnails for [0] asset(s) in package [/Game/ElementoListaLuzAgregada] ([1] browsable assets)...
[2016.01.12-04.17.19:330][768]OBJ SavePackage: Finished generating thumbnails for package [/Game/ElementoListaLuzAgregada]
[2016.01.12-04.17.19:431][768]LogSavePackage: Save=41.953423ms
[2016.01.12-04.17.19:431][768]LogSavePackage: Moving '../../../../../../Users/Tonga/Documents/Facultad/Tesis/Repositorio/proygrad_fing/BotonLuz/Saved/ElementoListaLuzAgregada_Auto44812AFE342F1308464B67F91D8996603.tmp' to '../../../../../../Users/Tonga/Documents/Facultad