[2016.01.07-13.46.59:876][  0]Log file open, 01/07/16 10:46:59
[2016.01.07-13.46.59:876][  0]LogInit:Display: Running engine for game: BotonLuz
[2016.01.07-13.46.59:876][  0]LogInit:Display: RandInit(-1246819613) SRandInit(-1246819612).
[2016.01.07-13.46.59:876][  0]LogTaskGraph: Started task graph with 4 named threads and 5 total threads.
[2016.01.07-13.46.59:876][  0]LogStats: Stats thread started at 0.106115
[2016.01.07-13.46.59:876][  0]LogInit: Version: 4.9.2-2707645+++depot+UE4-Releases+4.9
[2016.01.07-13.46.59:876][  0]LogInit: API Version: 2672455
[2016.01.07-13.46.59:876][  0]LogInit: Compiled (64-bit): Sep 28 2015 10:25:44
[2016.01.07-13.46.59:876][  0]LogInit: Compiled with Visual C++: 18.00.21005.01
[2016.01.07-13.46.59:876][  0]LogInit: Build Configuration: Development
[2016.01.07-13.46.59:876][  0]LogInit: Branch Name: ++depot+UE4-Releases+4.9
[2016.01.07-13.46.59:876][  0]LogInit: Command line: 
[2016.01.07-13.46.59:876][  0]LogInit: Base directory: C:/Program Files/Epic Games/4.9/Engine/Binaries/Win64/
[2016.01.07-13.46.59:876][  0]LogInit: Rocket: 1
[2016.01.07-13.46.59:898][  0]LogInit: Using libcurl 7.41.0
[2016.01.07-13.46.59:898][  0]LogInit:  - built for x86_64-pc-win32
[2016.01.07-13.46.59:898][  0]LogInit:  - supports SSL with WinSSL
[2016.01.07-13.46.59:898][  0]LogInit:  - other features:
[2016.01.07-13.46.59:898][  0]LogInit:      CURL_VERSION_SSL
[2016.01.07-13.46.59:898][  0]LogInit:      CURL_VERSION_IPV6
[2016.01.07-13.46.59:898][  0]LogInit:      CURL_VERSION_ASYNCHDNS
[2016.01.07-13.46.59:898][  0]LogInit:      CURL_VERSION_LARGEFILE
[2016.01.07-13.46.59:898][  0]LogInit:      CURL_VERSION_IDN
[2016.01.07-13.46.59:898][  0]LogInit:  CurlRequestOptions (configurable via config and command line):
[2016.01.07-13.46.59:898][  0]LogInit:  - bVerifyPeer = true  - Libcurl will verify peer certificate
[2016.01.07-13.46.59:898][  0]LogInit:  - bUseHttpProxy = false  - Libcurl will NOT use HTTP proxy
[2016.01.07-13.46.59:898][  0]LogInit:  - bDontReuseConnections = false  - Libcurl will reuse connections
[2016.01.07-13.46.59:898][  0]LogInit:  - CertBundlePath = nullptr  - Libcurl will use whatever was configured at build time.
[2016.01.07-13.46.59:913][  0]LogInit: Presizing for 0 objects not considered by GC, pre-allocating 0 bytes.
[2016.01.07-13.46.59:926][  0]LogInit: Object subsystem initialized
[2016.01.07-13.46.59:928][  0]LogInit: Selected Device Profile: [Windows]
[2016.01.07-13.46.59:928][  0]LogInit: Applying CVar settings loaded from the selected device profile: [Windows]
[2016.01.07-13.46.59:947][  0]LogInit: Computer: TONGA-PC
[2016.01.07-13.46.59:947][  0]LogInit: User: Tonga
[2016.01.07-13.46.59:947][  0]LogInit: CPU Page size=4096, Cores=2
[2016.01.07-13.46.59:947][  0]LogInit: High frequency timer resolution =3.021875 MHz
[2016.01.07-13.46.59:947][  0]LogMemory: Memory total: Physical=7.9GB (8GB approx)
[2016.01.07-13.46.59:947][  0]LogMemory: Platform Memory Stats for Windows
[2016.01.07-13.46.59:947][  0]LogMemory: Process Physical Memory: 54.28 MB used, 54.28 MB peak
[2016.01.07-13.46.59:947][  0]LogMemory: Process Virtual Memory: 58.59 MB used, 58.59 MB peak
[2016.01.07-13.46.59:947][  0]LogMemory: Physical Memory: 4094.99 MB used, 8132.66 MB total
[2016.01.07-13.46.59:947][  0]LogMemory: Virtual Memory: 341.80 MB used, 8388608.00 MB total
[2016.01.07-13.47.01:146][  0]LogD3D11RHI: Found D3D11 adapter 0: NVIDIA GeForce GTX 750 Ti (Feature Level 11_0)
[2016.01.07-13.47.01:146][  0]LogD3D11RHI: Adapter has 1993MB of dedicated video memory, 0MB of dedicated system memory, and 2048MB of shared system memory, 1 output[s]
[2016.01.07-13.47.01:146][  0]LogD3D11RHI: Chosen D3D11 Adapter Id = 0
[2016.01.07-13.47.01:157][  0]LogD3D11RHI: !Direct3DDevice
[2016.01.07-13.47.01:157][  0]LogRHI: Texture pool is 1361 MB (70% of 1945 MB)
[2016.01.07-13.47.01:176][  0]LogD3D11RHI: Async texture creation enabled
[2016.01.07-13.47.01:191][  0]LogShaderCompilers: Guid format shader working directory is 15 characters bigger than the processId version (../../../../../../Users/Tonga/Documents/Unreal Projects/BotonLuz/Intermediate/Shaders/WorkingDirectory/7112/).
[2016.01.07-13.47.01:192][  0]LogShaderCompilers: Cleaned the shader compiler working directory '../../../../../../Users/Tonga/Documents/Unreal Projects/BotonLuz/Intermediate/Shaders/tmp/47BA053F401B4591A9701186BE59E597/'.
[2016.01.07-13.47.01:192][  0]LogShaderCompilers:Display: Using Local Shader Compiler.
[2016.01.07-13.47.02:783][  0]LogTemp:Display: Loaded TP AllDesktopTargetPlatform
[2016.01.07-13.47.02:793][  0]LogTemp:Display: Loaded TP WindowsClientTargetPlatform
[2016.01.07-13.47.02:804][  0]LogTemp:Display: Loaded TP WindowsNoEditorTargetPlatform
[2016.01.07-13.47.02:815][  0]LogTemp:Display: Loaded TP WindowsServerTargetPlatform
[2016.01.07-13.47.02:825][  0]LogTemp:Display: Loaded TP WindowsTargetPlatform
[2016.01.07-13.47.02:833][  0]LogTemp:Display: Loaded TP AndroidTargetPlatform
[2016.01.07-13.47.02:839][  0]LogTemp:Display: Loaded TP Android_ASTCTargetPlatform
[2016.01.07-13.47.02:846][  0]LogTemp:Display: Loaded TP Android_ATCTargetPlatform
[2016.01.07-13.47.02:854][  0]LogTemp:Display: Loaded TP Android_DXTTargetPlatform
[2016.01.07-13.47.02:861][  0]LogTemp:Display: Loaded TP Android_ETC1TargetPlatform
[2016.01.07-13.47.02:868][  0]LogTemp:Display: Loaded TP Android_ETC2TargetPlatform
[2016.01.07-13.47.02:875][  0]LogTemp:Display: Loaded TP Android_PVRTCTargetPlatform
[2016.01.07-13.47.02:878][  0]LogTemp:Display: Loaded TP HTML5TargetPlatform
[2016.01.07-13.47.02:902][  0]LogTemp:Display: Loaded TP IOSTargetPlatform
[2016.01.07-13.47.02:909][  0]LogTemp:Display: Loaded TP LinuxNoEditorTargetPlatform
[2016.01.07-13.47.02:916][  0]LogTemp:Display: Loaded TP LinuxServerTargetPlatform
[2016.01.07-13.47.02:924][  0]LogTemp:Display: Loaded TP LinuxTargetPlatform
[2016.01.07-13.47.02:925][  0]LogTargetPlatformManager:Display: Building Assets For Windows
[2016.01.07-13.47.03:102][  0]LogDerivedDataCache:Display: Max Cache Size: 512 MB
[2016.01.07-13.47.03:220][  0]LogDerivedDataCache: Loaded boot cache 0.12s 41MB C:/Users/Tonga/AppData/Local/UnrealEngine/4.9/DerivedDataCache/Boot.ddc.
[2016.01.07-13.47.03:220][  0]LogDerivedDataCache:Display: Loaded Boot cache: C:/Users/Tonga/AppData/Local/UnrealEngine/4.9/DerivedDataCache/Boot.ddc
[2016.01.07-13.47.03:220][  0]LogDerivedDataCache: FDerivedDataBackendGraph:  Pak pak cache file ../../../../../../Users/Tonga/Documents/Unreal Projects/BotonLuz/DerivedDataCache/DDC.ddp not found, will not use a pak cache.
[2016.01.07-13.47.03:220][  0]LogDerivedDataCache: Unable to find inner node Pak for hierarchical cache Hierarchy.
[2016.01.07-13.47.03:220][  0]LogDerivedDataCache: FDerivedDataBackendGraph:  CompressedPak pak cache file ../../../../../../Users/Tonga/Documents/Unreal Projects/BotonLuz/DerivedDataCache/Compressed.ddp not found, will not use a pak cache.
[2016.01.07-13.47.03:220][  0]LogDerivedDataCache: Unable to find inner node CompressedPak for hierarchical cache Hierarchy.
[2016.01.07-13.47.03:409][  0]LogDerivedDataCache:Display: Pak cache opened for reading ../../../Engine/DerivedDataCache/Compressed.ddp.
[2016.01.07-13.47.03:421][  0]LogDerivedDataCache: Using Local data cache path C:/Users/Tonga/AppData/Local/UnrealEngine/Common/DerivedDataCache: Writable
[2016.01.07-13.47.03:721][  0]LogInit: Selected Device Profile: [Windows]
[2016.01.07-13.47.03:722][  0]LogContentStreaming: Texture pool size is 0.000000MB
[2016.01.07-13.47.03:764][  0]LogMeshUtilities: No automatic mesh reduction module available
[2016.01.07-13.47.03:765][  0]LogMeshUtilities: No automatic mesh merging module available
[2016.01.07-13.47.04:418][  0]LogInit: WinSock: version 1.1 (2.2), MaxSocks=32767, MaxUdp=65467
[2016.01.07-13.47.05:659][  0]UdpMessaging: Initializing bridge on interface 0.0.0.0:0 to multicast group 230.0.0.1:6666.
[2016.01.07-13.47.05:786][  0]LogAssetRegistry: FAssetRegistry took 0.0102 seconds to start up
[2016.01.07-13.47.06:096][  0]SourceControl: Info Source control is disabled
[2016.01.07-13.47.06:097][  0]SourceControl: Info Source control is disabled
[2016.01.07-13.47.06:120][  0]SourceControl: Info Source control is disabled
[2016.01.07-13.47.06:144][  0]SourceControl: Info Source control is disabled
[2016.01.07-13.47.06:462][  0]LogLinker:Warning: Asset '../../../Engine/Plugins/Runtime/LeapMotionController/Content/LM_PassthroughMaterial.uasset' has been saved with empty engine version. The asset will be loaded but may be incompatible.
[2016.01.07-13.47.06:619][  0]LogObj: 28361 objects as part of root set at end of initial load.
[2016.01.07-13.47.06:619][  0]LogUObjectAllocator: 6038864 out of 0 bytes used by permanent object pool.
[2016.01.07-13.47.06:699][  0]LogEngine: Initializing Engine...
[2016.01.07-13.47.06:704][  0]OCULUS: Info: 01/07/16 13:47:06: [CAPI] LibOVR module is located at C:\Windows\system32\LibOVRRT64_0_7.dll

[2016.01.07-13.47.07:205][  0]OCULUS: Error: 01/07/16 13:47:07: [CAPI] ovr_Create failed to complete within the timeout period.
[2016.01.07-13.47.07:209][  0]LogHMD: SteamVR failed to initialize.  Err: 110
[2016.01.07-13.47.07:411][  0]LogAIModule: Creating AISystem for world NewWorld
[2016.01.07-13.47.07:422][  0]LogInit: XAudio2 using 'Altavoces (Realtek High Definition Audio)' : 2 channels at 48 kHz using 32 bits per sample (channel mask 0x3)
[2016.01.07-13.47.07:505][  0]LogInit: FAudioDevice initialized.
[2016.01.07-13.47.07:558][  0]LogDerivedDataCache: Saved boot cache 0.05s 41MB C:/Users/Tonga/AppData/Local/UnrealEngine/4.9/DerivedDataCache/Boot.ddc.
[2016.01.07-13.47.07:573][  0]LogInit: Texture streaming: Enabled
[2016.01.07-13.47.07:588][  0]LogAnalytics: Creating configured Analytics provider AnalyticsET
[2016.01.07-13.47.07:588][  0]LogAnalytics: [UEEditor.Rocket.Release] APIServer = http://et2.epicgames.com/ET2/. AppVersion = 4.9.2-2707645+++depot+UE4-Releases+4.9
[2016.01.07-13.47.07:588][  0]LogAnalytics: [UEEditor.Rocket.Release] SetUserId d2bef611456171cb171d15a4a42cb182|6ac59fa8cbb647a4b14c5a548cbd3b91|31fc86a8-acb9-451a-b082-adf3974f05a6
[2016.01.07-13.47.07:588][  0]LogAnalytics: [UEEditor.Rocket.Release] AnalyticsET::StartSession
[2016.01.07-13.47.07:697][  0]LogInit: Transaction tracking system initialized
[2016.01.07-13.47.07:767][  0]BlueprintLog: New page: Editor Load
[2016.01.07-13.47.07:972][  0]LocalizationService: Info Localization service is disabled
[2016.01.07-13.47.08:155][  0]LogConsoleResponse:Display: 
[2016.01.07-13.47.08:334][  0]LogCook:Display: Done creating registry. It took  0.00s.
[2016.01.07-13.47.08:510][  0]LogFileCache: Scanning file cache for directory 'C:/Users/Tonga/Documents/Unreal Projects/BotonLuz/Content/' took 0.01s
[2016.01.07-13.47.08:510][  0]SourceControl: Info Source control is disabled
[2016.01.07-13.47.08:511][  0]Cmd: MAP LOAD FILE="../../../Engine/Content/Maps/Templates/Template_Default.umap" TEMPLATE=1 SHOWPROGRESS=1 FEATURELEVEL=3
[2016.01.07-13.47.08:512][  0]LightingResults: New page: Lighting Build
[2016.01.07-13.47.08:529][  0]MapCheck: New page: Map Check
[2016.01.07-13.47.08:529][  0]LightingResults: New page: Lighting Build
[2016.01.07-13.47.08:841][  0]LogParticles: Destroying 0 GPU particle simulations for FXSystem 0x000000002598C400
[2016.01.07-13.47.09:003][  0]LogAIModule: Creating AISystem for world Untitled_1
[2016.01.07-13.47.09:011][  0]LogEditorServer: Finished looking for orphan Actors (0.000 secs)
[2016.01.07-13.47.09:017][  0]Cmd: MAP CHECKDEP NOCLEARLOG
[2016.01.07-13.47.09:115][  0]MapCheck: Info Map check complete: 0 Error(s), 0 Warning(s), took 97.335ms to complete.
[2016.01.07-13.47.09:115][  0]LogFileHelpers: Loading map 'Template_Default' took 0.604
[2016.01.07-13.47.09:349][  0]LogCollectionManager: Loaded 0 collections in 0.004962 seconds
[2016.01.07-13.47.09:403][  0]LogFileCache: Scanning file cache for directory 'C:/Users/Tonga/Documents/Unreal Projects/BotonLuz/Saved/Collections/' took 0.02s
[2016.01.07-13.47.09:403][  0]LogFileCache: Scanning file cache for directory 'C:/Users/Tonga/Documents/Unreal Projects/BotonLuz/Content/Developers/Tonga/Collections/' took 0.01s
[2016.01.07-13.47.09:403][  0]LogFileCache: Scanning file cache for directory 'C:/Users/Tonga/Documents/Unreal Projects/BotonLuz/Content/Collections/' took 0.01s
[2016.01.07-13.47.09:403][  0]LogContentBrowser: Native class hierarchy populated in 0.0108 seconds. Added 1867 classes and 333 folders.
[2016.01.07-13.47.09:413][  0]LogCollectionManager: Rebuilt the GUID cache for 0 collections in 0.000004 seconds
[2016.01.07-13.47.09:426][  0]LogContentBrowser: Native class hierarchy updated for 'WidgetCarousel' in 0.0006 seconds. Added 0 classes and 0 folders.
[2016.01.07-13.47.09:937][  0]LogContentBrowser: Native class hierarchy updated for 'AddContentDialog' in 0.0006 seconds. Added 0 classes and 0 folders.
[2016.01.07-13.47.09:993][  0]LogContentBrowser: Native class hierarchy updated for 'SceneOutliner' in 0.0006 seconds. Added 1 classes and 2 folders.
[2016.01.07-13.47.10:201][  0]LogCrashTracker: Crashtracker disabled due to settings.
[2016.01.07-13.47.10:206][  0]LogUObjectGlobals:Warning: Failed to find object 'Class None.'
[2016.01.07-13.47.10:228][  0]LogLoad: Full Startup: 11.30 seconds (BP compile: 0.08 seconds)
[2016.01.07-13.47.10:485][  0]LogContentStreaming: Texture pool size now 1000 MB
[2016.01.07-13.47.10:693][  0]LogRenderer: Reallocating scene render targets to support 1144x576 (Frame:2).
[2016.01.07-13.47.11:000][  4]LogAssetRegistry: Asset discovery search completed in 5.2248 seconds
[2016.01.07-13.47.11:000][  4]LogCollectionManager: Rebuilt the object cache for 0 collections in 0.000001 seconds (found 0 objects)
[2016.01.07-13.47.11:000][  4]LogCollectionManager: Fixed up redirectors for 0 collections in 0.000028 seconds (updated 0 objects)
[2016.01.07-13.47.16:288][521]LogLinker:Warning: Asset '../../../Engine/Content/ArtTools/RenderToTexture/Macros/RenderToTextureMacros.uasset' has been saved with empty engine version. The asset will be loaded but may be incompatible.
[2016.01.07-13.47.17:147][521]LogContentBrowser: Native class hierarchy updated for 'BlueprintGraph' in 0.0012 seconds. Added 107 classes and 0 folders.
[2016.01.07-13.59.08:694][702]LogEditorTransaction: Undo Move Widgets
[2016.01.07-14.01.11:392][530]LogFileHelpers: Editor autosave (incl. sublevels) for '/Temp/Untitled_1' took 0.087
[2016.01.07-14.01.11:400][530]OBJ SavePackage: Generating thumbnails for [0] asset(s) in package [/Game/PanelLuces] ([1] browsable assets)...
[2016.01.07-14.01.11:400][530]OBJ SavePackage: Finished generating thumbnails for package [/Game/PanelLuces]
[2016.01.07-14.01.11:400][530]Cmd: OBJ SAVEPACKAGE PACKAGE="/Game/PanelLuces" FILE="../../../../../../Users/Tonga/Documents/Unreal Projects/BotonLuz/Saved/Autosaves/Game/PanelLuces_Auto1.uasset" SILENT=false AUTOSAVING=true
[2016.01.07-14.01.11:508][530]LogSavePackage: Save=81.962357ms
[2016.01.07-14.01.11:508][530]LogSavePackage: Moving '../../../../../../Users/Tonga/Documents/Unreal Projects/BotonLuz/Saved/PanelLuces_Auto190D57DD64E1A6530F459DDAFA478842A.tmp' to '../../../../../../Users/Tonga/Documents/Unreal Projects/BotonLuz/Saved/Autosaves/Game/PanelLuces_Auto1.uasset'
[2016.01.07-14.01.11:510][530]LogSavePackage: Total save time: 108.412825ms
[2016.01.07-14.01.11:510][530]LogSavePackage:Warning: Finished SavePackage ../../../../../../Users/Tonga/Documents/Unreal Projects/BotonLuz/Saved/Autosaves/Game/PanelLuces_Auto1.uasset
[2016.01.07-14.01.11:510][530]LogFileHelpers: Auto-saving content packages took 0.117
[2016.01.07-14.04.39:937][128]LogBlueprintUserMessages: CustomizeDetails for Blueprint 'PanelLuces', cached variable property's owner is '/Game/PanelLuces.SKEL_PanelLuces_C'
[2016.01.07-14.04.41:230][217]LogBlueprintUserMessages: CustomizeDetails for Blueprint 'PanelLuces', cached variable property's owner is '/Game/PanelLuces.SKEL_PanelLuces_C'
[2016.01.07-14.04.42:757][321]LogBlueprintUserMessages: CustomizeDetails for Blueprint 'PanelLuces', cached variable property's owner is '/Game/PanelLuces.SKEL_PanelLuces_C'
[2016.01.07-14.04.42:778][322]LogBlueprintUserMessages: CustomizeDetails for Blueprint 'PanelLuces', cached variable property's owner is '/Game/PanelLuces.SKEL_PanelLuces_C'
[2016.01.07-14.05.17:822][433]LogBlueprintUserMessages: CustomizeDetails for Blueprint 'PanelLuces', cached variable property's owner is '/Game/PanelLuces.SKEL_PanelLuces_C'
[2016.01.07-14.05.18:369][469]LogBlueprintUserMessages: CustomizeDetails for Blueprint 'PanelLuces', cached variable property's owner is '/Game/PanelLuces.SKEL_PanelLuces_C'
[2016.01.07-14.05.20:732][622]LogBlueprintUserMessages: CustomizeDetails for Blueprint 'PanelLuces', cached variable property's owner is '/Game/PanelLuces.SKEL_PanelLuces_C'
[2016.01.07-14.05.21:372][664]LogBlueprintUserMessages: CustomizeDetails for Blueprint 'PanelLuces', cached variable property's owner is '/Game/PanelLuces.SKEL_PanelLuces_C'
[2016.01.07-14.05.22:426][737]LogBlueprintUserMessages: CustomizeDetails for Blueprint 'PanelLuces', cached variable property's owner is '/Game/PanelLuces.SKEL_PanelLuces_C'
[2016.01.07-14.05.22:446][738]LogBlueprintUserMessages: CustomizeDetails for Blueprint 'PanelLuces', cached variable property's owner is '/Game/PanelLuces.SKEL_PanelLuces_C'
[2016.01.07-14.05.34:744][559]LogBlueprintUserMessages: CustomizeDetails for Blueprint 'PanelLuces', cached variable property's owner is '/Game/PanelLuces.SKEL_PanelLuces_C'
[2016.01.07-14.05.45:090][256]LogBlueprintUserMessages: CustomizeDetails for Blueprint 'PanelLuces', cached variable property's owner is '/Game/PanelLuces.SKEL_PanelLuces_C'
[2016.01.07-14.11.12:234][640]LogFileHelpers: Editor autosave (incl. sublevels) for '/Temp/Untitled_1' took 0.059
[2016.01.07-14.11.12:242][640]OBJ SavePackage: Generating thumbnails for [0] asset(s) in package [/Game/PanelLuces] ([1] browsable assets)...
[2016.01.07-14.11.12:242][640]OBJ SavePackage: Finished generating thumbnails for package [/Game/PanelLuces]
[2016.01.07-14.11.12:242][640]Cmd: OBJ SAVEPACKAGE PACKAGE="/Game/PanelLuces" FILE="../../../../../../Users/Tonga/Documents/Unreal Projects/BotonLuz/Saved/Autosaves/Game/PanelLuces_Auto2.uasset" SILENT=false AUTOSAVING=true
[2016.01.07-14.11.12:351][640]LogSavePackage: Save=86.848068ms
[2016.01.07-14.11.12:351][640]LogSavePackage: Moving '../../../../../../Users/Tonga/Documents/Unreal Projects/BotonLuz/Saved/PanelLuces_Auto2A0170E8149E212AFB081E9A869F0F6D3.tmp' to '../../../../../../Users/Tonga/Documents/Unreal Projects/BotonLuz/Saved/Autosaves/Game/PanelLuces_Auto2.uasset'
[2016.01.07-14.11.12:354][640]LogSavePackage: Total save time: 109.774560ms
[2016.01.07-14.11.12:354][640]LogSavePackage:Warning: Finished SavePackage ../../../../../../Users/Tonga/Documents/Unreal Projects/BotonLuz/Saved/Autosaves/Game/PanelLuces_Auto2.uasset
[2016.01.07-14.11.12:354][640]LogFileHelpers: Auto-saving content packages took 0.118
[2016.01.07-14.19.33:506][114]LogBlueprintUserMessages: CustomizeDetails for Blueprint 'PanelLuces', cached variable property's owner is '/Game/PanelLuces.SKEL_PanelLuces_C'
[2016.01.07-14.21.12:966][332]LogFileHelpers: Editor autosave (incl. sublevels) for '/Temp/Untitled_1' took 0.076
[2016.01.07-14.21.12:975][332]OBJ SavePackage: Generating thumbnails for [0] asset(s) in package [/Game/PanelLuces] ([1] browsable assets)...
[2016.01.07-14.21.12:975][332]OBJ SavePackage: Finished generating thumbnails for package [/Game/PanelLuces]
[2016.01.07-14.21.12:975][332]Cmd: OBJ SAVEPACKAGE PACKAGE="/Game/PanelLuces" FILE="../../../../../../Users/Tonga/Documents/Unreal Projects/BotonLuz/Saved/Autosaves/Game/PanelLuces_Auto3.uasset" SILENT=false AUTOSAVING=true
[2016.01.07-14.21.13:164][332]LogSavePackage: Save=161.523560ms
[2016.01.07-14.21.13:164][332]LogSavePackage: Moving '../../../../../../Users/Tonga/Documents/Unreal Projects/BotonLuz/Saved/PanelLuces_Auto3B571DFBF41156DAA097B729CD12D5F77.tmp' to '../../../../../../Users/Tonga/Documents/Unreal Projects/BotonLuz/Saved/Autosaves/Game/PanelLuces_Auto3.uasset'
[2016.01.07-14.21.13:168][332]LogSavePackage: Total save time: 187.645089ms
[2016.01.07-14.21.13:168][332]LogSavePackage:Warning: Finished SavePackage ../../../../../../Users/Tonga/Documents/Unreal Projects/BotonLuz/Saved/Autosaves/Game/PanelLuces_Auto3.uasset
[2016.01.07-14.21.13:168][332]LogFileHelpers: Auto-saving content packages took 0.200
[2016.01.07-14.22.16:144][859]LogBlueprintUserMessages: CustomizeDetails for Blueprint 'PanelLuces', cached variable property's owner is '/Game/PanelLuces.SKEL_PanelLuces_C'
[2016.01.07-14.22.27:508][580]LogBlueprintUserMessages: CustomizeDetails for Blueprint 'PanelLuces', cached variable property's owner is '/Game/PanelLuces.SKEL_PanelLuces_C'
[2016.01.07-14.22.36:922][188]LogBlueprintUserMessages: PostEditorRefresh for Blueprint 'PanelLuces', cached variable property's owner is '/Game/PanelLuces.SKEL_PanelLuces_C'
[2016.01.07-14.22.36:940][188]LogBlueprintUserMessages: PostEditorRefresh for Blueprint 'PanelLuces', cached variable property's owner is '/Game/PanelLuces.SKEL_PanelLuces_C'
[2016.01.07-14.22.36:958][188]LogBlueprintUserMessages: PostEditorRefresh for Blueprint 'PanelLuces', cached variable property's owner is '/Game/PanelLuces.SKEL_PanelLuces_C'
[2016.01.07-14.22.36:988][188]LogBlueprintUserMessages: CustomizeDetails for Blueprint 'PanelLuces', cached variable property's owner is '/Game/PanelLuces.SKEL_PanelLuces_C'
[2016.01.07-14.23.16:804][777]LogClass:Warning: Type mismatch in tiposDeLuz of SKEL_PanelLuces_C - Previous (StructProperty) Current(StrProperty) for package:  FObjectReader
[2016.01.07-14.23.16:813][777]LogBlueprintUserMessages: PostEditorRefresh for Blueprint 'PanelLuces', cached variable property's owner is '/Game/PanelLuces.SKEL_PanelLuces_C'
[2016.01.07-14.23.16:830][777]LogBlueprintUserMessages: PostEditorRefresh for Blueprint 'PanelLuces', cached variable property's owner is '/Game/PanelLuces.SKEL_PanelLuces_C'
[2016.01.07-14.23.16:849][777]LogBlueprintUserMessages: PostEditorRefresh for Blueprint 'PanelLuces', cached variable property's owner is '/Game/PanelLuces.SKEL_PanelLuces_C'
[2016.01.07-14.23.16:881][777]LogBlueprintUserMessages: CustomizeDetails for Blueprint 'PanelLuces', cached variable property's owner is '/Game/PanelLuces.SKEL_PanelLuces_C'
[2016.01.07-14.23.17:706][825]LogBlueprintUserMessages: PostEditorRefresh for Blueprint 'PanelLuces', cached variable property's owner is '/Game/PanelLuces.SKEL_PanelLuces_C'
[2016.01.07-14.23.17:726][825]LogBlueprintUserMessages: PostEditorRefresh for Blueprint 'PanelLuces', cached variable property's owner is '/Game/PanelLuces.SKEL_PanelLuces_C'
[2016.01.07-14.23.17:742][825]LogBlueprintUserMessages: PostEditorRefresh for Blueprint 'PanelLuces', cached variable property's owner is '/Game/PanelLuces.SKEL_PanelLuces_C'
[2016.01.07-14.23.17:771][825]LogBlueprintUserMessages: CustomizeDetails for Blueprint 'PanelLuces', cached variable property's owner is '/Game/PanelLuces.SKEL_PanelLuces_C'
[2016.01.07-14.23.28:973][554]LogBlueprintUserMessages: CustomizeDetails for Blueprint 'PanelLuces', cached variable property's owner is '/Game/PanelLuces.SKEL_PanelLuces_C'
[2016.01.07-14.23.34:954][932]LogBlueprintUserMessages: PostEditorRefresh for Blueprint 'PanelLuces', cached variable property's owner is '/Game/PanelLuces.SKEL_PanelLuces_C'
[2016.01.07-14.23.34:983][932]LogBlueprintUserMessages: CustomizeDetails for Blueprint 'PanelLuces', cached variable property's owner is '/Game/PanelLuces.SKEL_PanelLuces_C'
[2016.01.07-14.23.35:971][994]LogBlueprintUserMessages: PostEditorRefresh for Blueprint 'PanelLuces', cached variable property's owner is '/Game/PanelLuces.SKEL_PanelLuces_C'
[2016.01.07-14.23.35:990][994]LogBlueprintUserMessages: PostEditorRefresh for Blueprint 'PanelLuces', cached variable property's owner is '/Game/PanelLuces.SKEL_PanelLuces_C'
[2016.01.07-14.23.36:021][994]LogBlueprintUserMessages: CustomizeDetails for Blueprint 'PanelLuces', cached variable property's owner is '/Game/PanelLuces.SKEL_PanelLuces_C'
[2016.01.07-14.23.48:056][146]Cmd: OBJ SAVEPACKAGE PACKAGE="/Game/PanelLuces" FILE="../../../../../../Users/Tonga/Documents/Unreal Projects/BotonLuz/Content/PanelLuces.uasset" SILENT=true
[2016.01.07-14.23.48:205][146]LogSavePackage: Save=141.505524ms
[2016.01.07-14.23.48:205][146]LogSavePackage: Moving '../../../../../../Users/Tonga/Documents/Unreal Projects/BotonLuz/Saved/PanelLucesBB529AE2463A0DD551B32CB3A412ADC3.tmp' to '../../../../../../Users/Tonga/Documents/Unreal Projects/BotonLuz/Content/PanelLuces.uasset'
[2016.01.07-14.23.48:208][146]LogSavePackage: Total save time: 150.877852ms
[2016.01.07-14.23.48:209][146]LogSavePackage:Warning: Finished SavePackage ../../../../../../Users/Tonga/Documents/Unreal Projects/BotonLuz/Content/PanelLuces.uasset
[2016.01.07-14.23.48:943][189]BlueprintLog: New page: Compile PanelLuces
[2016.01.07-14.23.48:978][189]LogBlueprint:Error: [compiler PanelLuces] Error The type of  Array  is undetermined.  Connect something to  ForEachLoop  to imply a specific type.
[2016.01.07-14.23.48:978][189]LogBlueprint:Error: [compiler PanelLuces] Error The type of  Target Array  is undetermined.  Connect something to  ForEachLoop  to imply a specific type.
[2016.01.07-14.23.48:978][189]LogBlueprint:Error: [compiler PanelLuces] Error The type of  Target Array  is undetermined.  Connect something to  ForEachLoop  to imply a specific type.
[2016.01.07-14.23.48:978][189]LogBlueprint:Error: [compiler PanelLuces] Error The type of  Item  is undetermined.  Connect something to  ForEachLoop  to imply a specific type.
[2016.01.07-14.23.49:178][189]LogBlueprintUserMessages: PostEditorRefresh for Blueprint 'PanelLuces', cached variable property's owner is '/Game/PanelLuces.SKEL_PanelLuces_C'
[2016.01.07-14.23.49:182][189]LogBlueprint:Warning: [compiler PanelLuces] Warning [2210.23] Compile of PanelLuces failed. 4 Fatal Issue(s) 0 Warning(s) [in 238 ms]
[2016.01.07-14.23.49:182][189]BlueprintEditorCompileResults:Error: Error The type of  Array  is undetermined.  Connect something to  ForEachLoop  to imply a specific type.
[2016.01.07-14.23.49:182][189]BlueprintEditorCompileResults:Error: Error The type of  Target Array  is undetermined.  Connect something to  ForEachLoop  to imply a specific type.
[2016.01.07-14.23.49:182][189]BlueprintEditorCompileResults:Error: Error The type of  Target Array  is undetermined.  Connect something to  ForEachLoop  to imply a specific type.
[2016.01.07-14.23.49:182][189]BlueprintEditorCompileResults:Error: Error The type of  Item  is undetermined.  Connect something to  ForEachLoop  to imply a specific type.
[2016.01.07-14.23.49:182][189]BlueprintEditorCompileResults:Warning: Warning [2210.23] Compile of PanelLuces failed. 4 Fatal Issue(s) 0 Warning(s) [in 238 ms]
[2016.01.07-14.23.49:207][189]LogBlueprintUserMessages: CustomizeDetails for Blueprint 'PanelLuces', cached variable property's owner is '/Game/PanelLuces.SKEL_PanelLuces_C'
[2016.01.07-14.23.50:791][285]LogBlueprintUserMessages: CustomizeDetails for Blueprint 'PanelLuces', cached variable property's owner is '/Game/PanelLuces.SKEL_PanelLuces_C'
[2016.01.07-14.24.44:668][707]LogBlueprintUserMessages: CustomizeDetails for Blueprint 'PanelLuces', cached variable property's owner is '/Game/PanelLuces.SKEL_PanelLuces_C'
[2016.01.07-14.24.46:906][843]LogBlueprintUserMessages: CustomizeDetails for Blueprint 'PanelLuces', cached variable property's owner is '/Game/PanelLuces.SKEL_PanelLuces_C'
[2016.01.07-14.24.53:199][225]LogBlueprintUserMessages: CustomizeDetails for Blueprint 'PanelLuces', cached variable property's owner is '/Game/PanelLuces.SKEL_PanelLuces_C'
[2016.01.07-14.25.00:521][697]LogBlueprintUserMessages: CustomizeDetails for Blueprint 'PanelLuces', cached variable property's owner is '/Game/PanelLuces.SKEL_PanelLuces_C'
[2016.01.07-14.25.08:017][148]LogBlueprintUserMessages: CustomizeDetails for Blueprint 'PanelLuces', cached variable property's owner is '/Game/PanelLuces.SKEL_PanelLuces_C'
[2016.01.07-14.25.15:942][642]LogBlueprintUserMessages: CustomizeDetails for Blueprint 'PanelLuces', cached variable property's owner is '/Game/PanelLuces.SKEL_PanelLuces_C'
[2016.01.07-14.25.21:173][966]LogBlueprintUserMessages: CustomizeDetails for Blueprint 'PanelLuces', cached variable property's owner is '/Game/PanelLuces.SKEL_PanelLuces_C'
[2016.01.07-14.25.32:127][256]Cmd: OBJ SAVEPACKAGE PACKAGE="/Game/NewMap" FILE="../../../../../../Users/Tonga/Documents/Unreal Projects/BotonLuz/Content/NewMap.umap" SILENT=true AUTOSAVING=false KEEPDIRTY=false
[2016.01.07-14.25.32:246][256]LogSavePackage: Save=45.934063ms
[2016.01.07-14.25.32:246][256]LogSavePackage: Moving '../../../../../../Users/Tonga/Documents/Unreal Projects/BotonLuz/Saved/NewMap3C42C1DA45A8E7F7545212995EDFFF51.tmp' to '../../../../../../Users/Tonga/Documents/Unreal Projects/BotonLuz/Content/NewMap.umap'
[2016.01.07-14.25.32:247][256]LogSavePackage: Total save time: 48.065193ms
[2016.01.07-14.25.32:247][256]LogSavePackage:Warning: Finished SavePackage ../../../../../../Users/Tonga/Documents/Unreal Projects/BotonLuz/Content/NewMap.umap
[2016.01.07-14.25.32:294][256]LogFileHelpers: Saving map 'NewMap' took 0.793
[2016.01.07-14.25.41:809][566]LightingResults: New page: Lighting Build
[2016.01.07-14.25.41:810][566]MapCheck: New page: Map Check
[2016.01.07-14.25.41:810][566]LightingResults: New page: Lighting Build
[2016.01.07-14.25.41:862][566]LogParticles: Destroying 0 GPU particle simulations for FXSystem 0x00000000103E1080
[2016.01.07-14.25.41:864][566]LogParticles: Destroying 0 GPU particle simulations for FXSystem 0x000000001227F7E0
[2016.01.07-14.25.41:866][566]LogParticles: Destroying 0 GPU particle simulations for FXSystem 0x000000001227FF60
[2016.01.07-14.25.41:875][566]LogAIModule: Creating AISystem for world NewWorld
[2016.01.07-14.25.41:961][566]LoadErrors: New page: New Map
[2016.01.07-14.25.42:031][566]LogAIModule: Creating AISystem for world NewMap
[2016.01.07-14.26.10:436][921]LogBlueprintUserMessages: CustomizeDetails for Blueprint 'PanelLuces', cached variable property's owner is '/Game/PanelLuces.SKEL_PanelLuces_C'
[2016.01.07-14.28.14:799][137]LogBlueprintUserMessages: CustomizeDetails for Blueprint 'PanelLuces', cached variable property's owner is '/Game/PanelLuces.SKEL_PanelLuces_C'
[2016.01.07-14.28.15:951][216]LogBlueprintUserMessages: CustomizeDetails for Blueprint 'PanelLuces', cached variable property's owner is '/Game/PanelLuces.SKEL_PanelLuces_C'
[2016.01.07-14.28.15:970][217]LogBlueprintUserMessages: CustomizeDetails for Blueprint 'PanelLuces', cached variable property's owner is '/Game/PanelLuces.SKEL_PanelLuces_C'
[2016.01.07-14.28.22:307][638]LogBlueprintUserMessages: PostEditorRefresh for Blueprint 'PanelLuces', cached variable property's owner is '/Game/PanelLuces.SKEL_PanelLuces_C'
[2016.01.07-14.28.22:336][638]LogBlueprintUserMessages: CustomizeDetails for Blueprint 'PanelLuces', cached variable property's owner is '/Game/PanelLuces.SKEL_PanelLuces_C'
[2016.01.07-14.28.28:393][ 52]BlueprintLog: New page: Compile PanelLuces
[2016.01.07-14.28.28:548][ 52]BlueprintEditorCompileResults: Info [2489.59] Compile of PanelLuces successful! [in 155 ms]
[2016.01.07-14.28.31:956][333]LogPlayLevel: PlayLevel: No blueprints needed recompiling
[2016.01.07-14.28.31:957][333]PIE: New page: PIE session: Untitled_2 (Jan 7, 2016, 8:28:31 AM)
[2016.01.07-14.28.31:957][333]LogPlayLevel: Creating play world package: /Temp/UEDPIE_0_Untitled_2
[2016.01.07-14.28.31:957][333]LogPlayLevel: PIE: StaticDuplicateObject took: (0.000813s)
[2016.01.07-14.28.31:959][333]LogAIModule: Creating AISystem for world NewWorld
[2016.01.07-14.28.31:960][333]LogPlayLevel: PIE: World Init took: (0.002141s)
[2016.01.07-14.28.31:960][333]LogPlayLevel: PIE: Created PIE world by copying editor world from /Temp/Untitled_2.NewWorld to /Temp/UEDPIE_0_Untitled_2.NewWorld (0.003223s)
[2016.01.07-14.28.32:011][333]LogParticles: Destroying 0 GPU particle simulations for FXSystem 0x000000004388A160
[2016.01.07-14.28.32:022][333]LogInit: XAudio2 using 'Altavoces (Realtek High Definition Audio)' : 2 channels at 48 kHz using 32 bits per sample (channel mask 0x3)
[2016.01.07-14.28.32:046][333]LogInit: FAudioDevice initialized.
[2016.01.07-14.28.32:132][333]LogWorld: Game class is 'GameMode'
[2016.01.07-14.28.32:133][333]LogWorld: Bringing World /Temp/UEDPIE_0_Untitled_2.NewWorld up for play (max tick rate 0) at 2016.01.07-11.28.32
[2016.01.07-14.28.32:133][333]LogActor:Warning: GameSession /Temp/UEDPIE_0_Untitled_2.NewWorld:PersistentLevel.GameSession_0 has natively added scene component(s), but none of them were set as the actor's RootComponent - picking one arbitrarily
[2016.01.07-14.28.32:134][333]LogActor:Warning: GameNetworkManager /Temp/UEDPIE_0_Untitled_2.NewWorld:PersistentLevel.GameNetworkManager_0 has natively added scene component(s), but none of them were set as the actor's RootComponent - picking one arbitrarily
[2016.01.07-14.28.32:134][333]LogWorld: Bringing up level for play took: 0.001428
[2016.01.07-14.28.32:137][333]PIE: Info Play in editor start time for /Temp/UEDPIE_0_Untitled_2 0.376
[2016.01.07-14.28.43:586][650]LogParticles: Destroying 0 GPU particle simulations for FXSystem 0x0000000053285B20
[2016.01.07-14.28.45:667][873]LogAIModule: Creating AISystem for world Inicio
[2016.01.07-14.28.51:012][447]Cmd: TRANSACTION UNDO
[2016.01.07-14.28.51:012][447]LogEditorTransaction: Undo Create Pin Link
[2016.01.07-14.28.51:411][480]Cmd: TRANSACTION UNDO
[2016.01.07-14.28.51:411][480]LogEditorTransaction: Undo Create Pin Link
[2016.01.07-14.28.53:203][683]Cmd: TRANSACTION UNDO
[2016.01.07-14.28.53:203][683]LogEditorTransaction: Undo Move Node
[2016.01.07-14.28.54:165][796]Cmd: TRANSACTION UNDO
[2016.01.07-14.28.54:165][796]LogEditorTransaction: Undo Add Node
[2016.01.07-14.29.17:104][ 30]LogParticles: Destroying 0 GPU particle simulations for FXSystem 0x000000005DA8D080
[2016.01.07-14.29.26:649][ 30]Cmd: OBJ SAVEPACKAGE PACKAGE="/Game/PanelLuces" FILE="../../../../../../Users/Tonga/Documents/Unreal Projects/BotonLuz/Content/PanelLuces.uasset" SILENT=true
[2016.01.07-14.29.26:757][ 30]LogSavePackage: Save=93.407898ms
[2016.01.07-14.29.26:757][ 30]LogSavePackage: Moving '../../../../../../Users/Tonga/Documents/Unreal Projects/BotonLuz/Saved/PanelLucesD0AC2DF04E428103AA8C21BEE264DB88.tmp' to '../../../../../../Users/Tonga/Documents/Unreal Projects/BotonLuz/Content/PanelLuces.uasset'
[2016.01.07-14.29.26:761][ 30]LogSavePackage: Total save time: 110.524427ms
[2016.01.07-14.29.26:761][ 30]LogSavePackage:Warning: Finished SavePackage ../../../../../../Users/Tonga/Documents/Unreal Projects/BotonLuz/Content/PanelLuces.uasset
[2016.01.07-14.29.26:765][ 30]Cmd: MAP LOAD FILE="../../../../../../Users/Tonga/Documents/Unreal Projects/BotonLuz/Content/Inicio.umap" TEMPLATE=0 SHOWPROGRESS=1 FEATURELEVEL=3
[2016.01.07-14.29.26:765][ 30]LightingResults: New page: Lighting Build
[2016.01.07-14.29.26:804][ 30]LoadErrors: New page: Loading map: Inicio.umap
[2016.01.07-14.29.26:804][ 30]MapCheck: New page: Map Check
[2016.01.07-14.29.26:804][ 30]LightingResults: New page: Lighting Build
[2016.01.07-14.29.26:852][ 30]LogParticles: Destroying 0 GPU particle simulations for FXSystem 0x000000004388A840
[2016.01.07-14.29.26:855][ 30]LogParticles: Destroying 0 GPU particle simulations for FXSystem 0x00000000151211C0
[2016.01.07-14.29.26:988][ 30]LogEditorServer: Finished looking for orphan Actors (0.000 secs)
[2016.01.07-14.29.27:034][ 30]Cmd: MAP CHECKDEP NOCLEARLOG
[2016.01.07-14.29.27:166][ 30]MapCheck: Info Map check complete: 0 Error(s), 0 Warning(s), took 131.17ms to complete.
[2016.01.07-14.29.27:167][ 30]LogFileHelpers: Loading map 'Inicio' took 0.404
[2016.01.07-14.29.29:970][340]LogBlueprintUserMessages: Early PlayInEditor Detection: Level '/Game/Inicio.Inicio:PersistentLevel' has LevelScriptBlueprint '/Game/Inicio.Inicio:PersistentLevel.Inicio' with GeneratedClass '/Game/Inicio.Inicio_C' with ClassGeneratedBy '/Game/Inicio.Inicio:PersistentLevel.Inicio'
[2016.01.07-14.29.29:970][340]LogPlayLevel: PlayLevel: No blueprints needed recompiling
[2016.01.07-14.29.29:970][340]PIE: New page: PIE session: Inicio (Jan 7, 2016, 8:29:29 AM)
[2016.01.07-14.29.29:970][340]LogPlayLevel: Creating play world package: /Game/UEDPIE_0_Inicio
[2016.01.07-14.29.29:975][340]LogPlayLevel: PIE: StaticDuplicateObject took: (0.005048s)
[2016.01.07-14.29.29:976][340]LogAIModule: Creating AISystem for world Inicio
[2016.01.07-14.29.29:977][340]LogPlayLevel: PIE: World Init took: (0.001449s)
[2016.01.07-14.29.29:977][340]LogPlayLevel: PIE: Created PIE world by copying editor world from /Game/Inicio.Inicio to /Game/UEDPIE_0_Inicio.Inicio (0.006744s)
[2016.01.07-14.29.30:033][340]LogInit: XAudio2 using 'Altavoces (Realtek High Definition Audio)' : 2 channels at 48 kHz using 32 bits per sample (channel mask 0x3)
[2016.01.07-14.29.30:057][340]LogInit: FAudioDevice initialized.
[2016.01.07-14.29.30:095][340]LogWorld: Game class is 'GameMode'
[2016.01.07-14.29.30:097][340]LogWorld: Bringing World /Game/UEDPIE_0_Inicio.Inicio up for play (max tick rate 0) at 2016.01.07-11.29.30
[2016.01.07-14.29.30:098][340]LogActor:Warning: GameSession /Game/UEDPIE_0_Inicio.Inicio:PersistentLevel.GameSession_1 has natively added scene component(s), but none of them were set as the actor's RootComponent - picking one arbitrarily
[2016.01.07-14.29.30:098][340]LogActor:Warning: GameNetworkManager /Game/UEDPIE_0_Inicio.Inicio:PersistentLevel.GameNetworkManager_1 has natively added scene component(s), but none of them were set as the actor's RootComponent - picking one arbitrarily
[2016.01.07-14.29.30:098][340]LogWorld: Bringing up level for play took: 0.002255
[2016.01.07-14.29.30:103][340]PIE: Info Play in editor start time for /Game/UEDPIE_0_Inicio 0.343
[2016.01.07-14.29.30:103][340]LogBlueprintUserMessages: Late PlayInEditor Detection: Level '/Game/Inicio.Inicio:PersistentLevel' has LevelScriptBlueprint '/Game/Inicio.Inicio:PersistentLevel.Inicio' with GeneratedClass '/Game/Inicio.Inicio_C' with ClassGeneratedBy '/Game/Inicio.Inicio:PersistentLevel.Inicio'
[2016.01.07-14.41.58:058][183]Cmd: OBJ SAVEPACKAGE PACKAGE="/Game/PanelLuces" FILE="../../../../../../Users/Tonga/Documents/Unreal Projects/BotonLuz/Content/PanelLuces.uasset" SILENT=true
[2016.01.07-14.41.58:166][183]LogSavePackage: Save=98.270775ms
[2016.01.07-14.41.58:166][183]LogSavePackage: Moving '../../../../../../Users/Tonga/Documents/Unreal Projects/BotonLuz/Saved/PanelLuces67015E0A495C0E4818533BBCFEB8100D.tmp' to '../../../../../../Users/Tonga/Documents/Unreal Projects/BotonLuz/Content/PanelLuces.uasset'
[2016.01.07-14.41.58:169][183]LogSavePackage: Total save time: 109.784156ms
[2016.01.07-14.41.58:169][183]LogSavePackage:Warning: Finished SavePackage ../../../../../../Users/Tonga/Documents/Unreal Projects/BotonLuz/Content/PanelLuces.uasset
[2016.01.07-14.42.07:582][505]LogBlueprintUserMessages: Early EndPlayMap Detection: Level '/Game/Inicio.Inicio:PersistentLevel' has LevelScriptBlueprint '/Game/Inicio.Inicio:PersistentLevel.Inicio' with GeneratedClass '/Game/Inicio.Inicio_C' with ClassGeneratedBy '/Game/Inicio.Inicio:PersistentLevel.Inicio'
[2016.01.07-14.42.07:614][505]LogBlueprintUserMessages: Late EndPlayMap Detection: Level '/Game/Inicio.Inicio:PersistentLevel' has LevelScriptBlueprint '/Game/Inicio.Inicio:PersistentLevel.Inicio' with GeneratedClass '/Game/Inicio.Inicio_C' with ClassGeneratedBy '/Game/Inicio.Inicio:PersistentLevel.Inicio'
[2016.01.07-14.42.07:668][505]LogParticles: Destroying 0 GPU particle simulations for FXSystem 0x00000000518CC360
[2016.01.07-14.42.08:899][553]BlueprintLog: New page: Compile PanelLuces
[2016.01.07-14.42.08:934][553]LogBlueprint:Error: [compiler PanelLuces] Error The type of  Array  is undetermined.  Connect something to  ForEachLoop  to imply a specific type.
[2016.01.07-14.42.09:128][553]LogBlueprint:Warning: [compiler PanelLuces] Warning [3310.17] Compile of PanelLuces failed. 1 Fatal Issue(s) 0 Warning(s) [in 228 ms]
[2016.01.07-14.42.09:128][553]BlueprintEditorCompileResults:Error: Error The type of  Array  is undetermined.  Connect something to  ForEachLoop  to imply a specific type.
[2016.01.07-14.42.09:128][553]BlueprintEditorCompileResults:Warning: Warning [3310.17] Compile of PanelLuces failed. 1 Fatal Issue(s) 0 Warning(s) [in 228 ms]
[2016.01.07-14.42.22:234][ 27]BlueprintLog: New page: Compile PanelLuces
[2016.01.07-14.42.22:266][ 27]LogBlueprint:Error: [compiler PanelLuces] Error The type of  Array  is undetermined.  Connect something to  ForEachLoop  to imply a specific type.
[2016.01.07-14.42.22:485][ 27]LogBlueprint:Warning: [compiler PanelLuces] Warning [3323.52] Compile of PanelLuces failed. 1 Fatal Issue(s) 0 Warning(s) [in 250 ms]
[2016.01.07-14.42.22:485][ 27]BlueprintEditorCompileResults:Error: Error The type of  Array  is undetermined.  Connect something to  ForEachLoop  to imply a specific type.
[2016.01.07-14.42.22:485][ 27]BlueprintEditorCompileResults:Warning: Warning [3323.52] Compile of PanelLuces failed. 1 Fatal Issue(s) 0 Warning(s) [in 250 ms]
[2016.01.07-14.46.13:459][416]Cmd: OBJ SAVEPACKAGE PACKAGE="/Game/PanelLuces" FILE="../../../../../../Users/Tonga/Documents/Unreal Projects/BotonLuz/Content/PanelLuces.uasset" SILENT=true
[2016.01.07-14.46.13:560][416]LogSavePackage: Save=86.605835ms
[2016.01.07-14.46.13:560][416]LogSavePackage: Moving '../../../../../../Users/Tonga/Documents/Unreal Projects/BotonLuz/Saved/PanelLuces2A175F404DECC78654B1EBAAFC2DC84B.tmp' to '../../../../../../Users/Tonga/Documents/Unreal Projects/BotonLuz/Content/PanelLuces.uasset'
[2016.01.07-14.46.13:564][416]LogSavePackage: Total save time: 104.182009ms
[2016.01.07-14.46.13:564][416]LogSavePackage:Warning: Finished SavePackage ../../../../../../Users/Tonga/Documents/Unreal Projects/BotonLuz/Content/PanelLuces.uasset
[2016.01.07-14.46.28:397][996]LogBlueprintUserMessages: CustomizeDetails for Blueprint 'PanelLuces', cached variable property's owner is '/Game/PanelLuces.SKEL_PanelLuces_C'
[2016.01.07-14.51.14:187][985]BlueprintLog: New page: Compile PanelLuces
[2016.01.07-14.51.14:218][985]LogBlueprint:Error: [compiler PanelLuces] Error The type of  Array  is undetermined.  Connect something to  ForEachLoop  to imply a specific type.
[2016.01.07-14.51.14:410][985]LogBlueprint:Warning: [compiler PanelLuces] Warning [3855.44] Compile of PanelLuces failed. 1 Fatal Issue(s) 0 Warning(s) [in 222 ms]
[2016.01.07-14.51.14:410][985]BlueprintEditorCompileResults:Error: Error The type of  Array  is undetermined.  Connect something to  ForEachLoop  to imply a specific type.
[2016.01.07-14.51.14:410][985]BlueprintEditorCompileResults:Warning: Warning [3855.44] Compile of PanelLuces failed. 1 Fatal Issue(s) 0 Warning(s) [in 222 ms]
[2016.01.07-14.51.29:594][788]LogBlueprintUserMessages: CustomizeDetails for Blueprint 'PanelLuces', cached variable property's owner is '/Game/PanelLuces.SKEL_PanelLuces_C'
[2016.01.07-14.51.30:332][835]LogBlueprintUserMessages: CustomizeDetails for Blueprint 'PanelLuces', cached variable property's owner is '/Game/PanelLuces.SKEL_PanelLuces_C'
[2016.01.07-14.51.31:879][937]LogBlueprintUserMessages: CustomizeDetails for Blueprint 'PanelLuces', cached variable property's owner is '/Game/PanelLuces.SKEL_PanelLuces_C'
[2016.01.07-14.51.31:899][938]LogBlueprintUserMessages: CustomizeDetails for Blueprint 'PanelLuces', cached variable property's owner is '/Game/PanelLuces.SKEL_PanelLuces_C'
[2016.01.07-14.51.36:972][278]LogBlueprintUserMessages: PostEditorRefresh for Blueprint 'PanelLuces', cached variable property's owner is '/Game/PanelLuces.SKEL_PanelLuces_C'
[2016.01.07-14.51.37:001][278]LogBlueprintUserMessages: CustomizeDetails for Blueprint 'PanelLuces', cached variable property's owner is '/Game/PanelLuces.SKEL_PanelLuces_C'
[2016.01.07-14.51.38:460][366]Cmd: OBJ SAVEPACKAGE PACKAGE="/Game/PanelLuces" FILE="../../../../../../Users/Tonga/Documents/Unreal Projects/BotonLuz/Content/PanelLuces.uasset" SILENT=true
[2016.01.07-14.51.38:566][366]LogSavePackage: Save=95.719711ms
[2016.01.07-14.51.38:566][366]LogSavePackage: Moving '../../../../../../Users/Tonga/Documents/Unreal Projects/BotonLuz/Saved/PanelLucesE4599ACA4F1468B7109B99A0B63C4D89.tmp' to '../../../../../../Users/Tonga/Documents/Unreal Projects/BotonLuz/Content/PanelLuces.uasset'
[2016.01.07-14.51.38:570][366]LogSavePackage: Total save time: 107.640784ms
[2016.01.07-14.51.38:570][366]LogSavePackage:Warning: Finished SavePackage ../../../../../../Users/Tonga/Documents/Unreal Projects/BotonLuz/Content/PanelLuces.uasset
[2016.01.07-14.51.38:892][387]BlueprintLog: New page: Compile PanelLuces
[2016.01.07-14.51.39:037][387]LogBlueprintUserMessages: PostEditorRefresh for Blueprint 'PanelLuces', cached variable property's owner is '/Game/PanelLuces.SKEL_PanelLuces_C'
[2016.01.07-14.51.39:043][387]BlueprintEditorCompileResults: Info [3880.08] Compile of PanelLuces successful! [in 151 ms]
[2016.01.07-14.51.39:070][387]LogBlueprintUserMessages: CustomizeDetails for Blueprint 'PanelLuces', cached variable property's owner is '/Game/PanelLuces.SKEL_PanelLuces_C'
[2016.01.07-14.51.44:623][787]LogBlueprintUserMessages: Early PlayInEditor Detection: Level '/Game/Inicio.Inicio:PersistentLevel' has LevelScriptBlueprint '/Game/Inicio.Inicio:PersistentLevel.Inicio' with GeneratedClass '/Game/Inicio.Inicio_C' with ClassGeneratedBy '/Game/Inicio.Inicio:PersistentLevel.Inicio'
[2016.01.07-14.51.44:623][787]LogPlayLevel: PlayLevel: No blueprints needed recompiling
[2016.01.07-14.51.44:623][787]PIE: New page: PIE session: Inicio (Jan 7, 2016, 8:51:44 AM)
[2016.01.07-14.51.44:623][787]LogPlayLevel: Creating play world package: /Game/UEDPIE_0_Inicio
[2016.01.07-14.51.44:629][787]LogPlayLevel: PIE: StaticDuplicateObject took: (0.005002s)
[2016.01.07-14.51.44:630][787]LogAIModule: Creating AISystem for world Inicio
[2016.01.07-14.51.44:630][787]LogPlayLevel: PIE: World Init took: (0.001456s)
[2016.01.07-14.51.44:630][787]LogPlayLevel: PIE: Created PIE world by copying editor world from /Game/Inicio.Inicio to /Game/UEDPIE_0_Inicio.Inicio (0.006710s)
[2016.01.07-14.51.44:691][787]LogInit: XAudio2 using 'Altavoces (Realtek High Definition Audio)' : 2 channels at 48 kHz using 32 bits per sample (channel mask 0x3)
[2016.01.07-14.51.44:716][787]LogInit: FAudioDevice initialized.
[2016.01.07-14.51.44:756][787]LogWorld: Game class is 'GameMode'
[2016.01.07-14.51.44:759][787]LogWorld: Bringing World /Game/UEDPIE_0_Inicio.Inicio up for play (max tick rate 0) at 2016.01.07-11.51.44
[2016.01.07-14.51.44:759][787]LogActor:Warning: GameSession /Game/UEDPIE_0_Inicio.Inicio:PersistentLevel.GameSession_2 has natively added scene component(s), but none of them were set as the actor's RootComponent - picking one arbitrarily
[2016.01.07-14.51.44:759][787]LogActor:Warning: GameNetworkManager /Game/UEDPIE_0_Inicio.Inicio:PersistentLevel.GameNetworkManager_2 has natively added scene component(s), but none of them were set as the actor's RootComponent - picking one arbitrarily
[2016.01.07-14.51.44:760][787]LogWorld: Bringing up level for play took: 0.002980
[2016.01.07-14.51.44:765][787]PIE: Info Play in editor start time for /Game/UEDPIE_0_Inicio 0.992
[2016.01.07-14.51.44:765][787]LogBlueprintUserMessages: Late PlayInEditor Detection: Level '/Game/Inicio.Inicio:PersistentLevel' has LevelScriptBlueprint '/Game/Inicio.Inicio:PersistentLevel.Inicio' with GeneratedClass '/Game/Inicio.Inicio_C' with ClassGeneratedBy '/Game/Inicio.Inicio:PersistentLevel.Inicio'
[2016.01.07-14.52.04:964][361]LogBlueprintUserMessages: Early EndPlayMap Detection: Level '/Game/Inicio.Inicio:PersistentLevel' has LevelScriptBlueprint '/Game/Inicio.Inicio:PersistentLevel.Inicio' with GeneratedClass '/Game/Inicio.Inicio_C' with ClassGeneratedBy '/Game/Inicio.Inicio:PersistentLevel.Inicio'
[2016.01.07-14.52.04:996][361]LogBlueprintUserMessages: Late EndPlayMap Detection: Level '/Game/Inicio.Inicio:PersistentLevel' has LevelScriptBlueprint '/Game/Inicio.Inicio:PersistentLevel.Inicio' with GeneratedClass '/Game/Inicio.Inicio_C' with ClassGeneratedBy '/Game/Inicio.Inicio:PersistentLevel.Inicio'
[2016.01.07-14.52.05:051][361]LogParticles: Destroying 0 GPU particle simulations for FXSystem 0x000000001A94FE20
[2016.01.07-14.52.07:546][515]Cmd: OBJ SAVEPACKAGE PACKAGE="/Game/PanelLuces" FILE="../../../../../../Users/Tonga/Documents/Unreal Projects/BotonLuz/Content/PanelLuces.uasset" SILENT=true
[2016.01.07-14.52.07:646][515]LogSavePackage: Save=93.026680ms
[2016.01.07-14.52.07:646][515]LogSavePackage: Moving '../../../../../../Users/Tonga/Documents/Unreal Projects/BotonLuz/Saved/PanelLuces435F4358439EF46B447879B5E109C74A.tmp' to '../../../../../../Users/Tonga/Documents/Unreal Projects/BotonLuz/Content/PanelLuces.uasset'
[2016.01.07-14.52.07:650][515]LogSavePackage: Total save time: 102.492660ms
[2016.01.07-14.52.07:650][515]LogSavePackage:Warning: Finished SavePackage ../../../../../../Users/Tonga/Documents/Unreal Projects/BotonLuz/Content/PanelLuces.uasset
[2016.01.07-14.52.07:852][528]BlueprintLog: New page: Compile PanelLuces
[2016.01.07-14.52.08:000][528]LogBlueprintUserMessages: PostEditorRefresh for Blueprint 'PanelLuces', cached variable property's owner is '/Game/PanelLuces.SKEL_PanelLuces_C'
[2016.01.07-14.52.08:006][528]BlueprintEditorCompileResults: Info [3909.04] Compile of PanelLuces successful! [in 154 ms]
[2016.01.07-14.52.08:031][528]LogBlueprintUserMessages: CustomizeDetails for Blueprint 'PanelLuces', cached variable property's owner is '/Game/PanelLuces.SKEL_PanelLuces_C'
[2016.01.07-14.52.10:927][767]LogBlueprintUserMessages: Early PlayInEditor Detection: Level '/Game/Inicio.Inicio:PersistentLevel' has LevelScriptBlueprint '/Game/Inicio.Inicio:PersistentLevel.Inicio' with GeneratedClass '/Game/Inicio.Inicio_C' with ClassGeneratedBy '/Game/Inicio.Inicio:PersistentLevel.Inicio'
[2016.01.07-14.52.10:927][767]LogPlayLevel: PlayLevel: No blueprints needed recompiling
[2016.01.07-14.52.10:927][767]PIE: New page: PIE session: Inicio (Jan 7, 2016, 8:52:10 AM)
[2016.01.07-14.52.10:927][767]LogPlayLevel: Creating play world package: /Game/UEDPIE_0_Inicio
[2016.01.07-14.52.10:931][767]LogPlayLevel: PIE: StaticDuplicateObject took: (0.004456s)
[2016.01.07-14.52.10:932][767]LogAIModule: Creating AISystem for world Inicio
[2016.01.07-14.52.10:933][767]LogPlayLevel: PIE: World Init took: (0.001213s)
[2016.01.07-14.52.10:933][767]LogPlayLevel: PIE: Created PIE world by copying editor world from /Game/Inicio.Inicio to /Game/UEDPIE_0_Inicio.Inicio (0.005971s)
[2016.01.07-14.52.10:984][767]LogParticles: Destroying 0 GPU particle simulations for FXSystem 0x00000000599A2FC0
[2016.01.07-14.52.10:992][767]LogInit: XAudio2 using 'Altavoces (Realtek High Definition Audio)' : 2 channels at 48 kHz using 32 bits per sample (channel mask 0x3)
[2016.01.07-14.52.11:017][767]LogInit: FAudioDevice initialized.
[2016.01.07-14.52.11:060][767]LogWorld: Game class is 'GameMode'
[2016.01.07-14.52.11:063][767]LogWorld: Bringing World /Game/UEDPIE_0_Inicio.Inicio up for play (max tick rate 0) at 2016.01.07-11.52.11
[2016.01.07-14.52.11:063][767]LogActor:Warning: GameSession /Game/UEDPIE_0_Inicio.Inicio:PersistentLevel.GameSession_3 has natively added scene component(s), but none of them were set as the actor's RootComponent - picking one arbitrarily
[2016.01.07-14.52.11:063][767]LogActor:Warning: GameNetworkManager /Game/UEDPIE_0_Inicio.Inicio:PersistentLevel.GameNetworkManager_3 has natively added scene component(s), but none of them were set as the actor's RootComponent - picking one arbitrarily
[2016.01.07-14.52.11:063][767]LogWorld: Bringing up level for play took: 0.002663
[2016.01.07-14.52.11:068][767]PIE: Info Play in editor start time for /Game/UEDPIE_0_Inicio -0.705
[2016.01.07-14.52.11:068][767]LogBlueprintUserMessages: Late PlayInEditor Detection: Level '/Game/Inicio.Inicio:PersistentLevel' has LevelScriptBlueprint '/Game/Inicio.Inicio:PersistentLevel.Inicio' with GeneratedClass '/Game/Inicio.Inicio_C' with ClassGeneratedBy '/Game/Inicio.Inicio:PersistentLevel.Inicio'
[2016.01.07-14.52.19:904][538]Cmd: TRANSACTION UNDO
[2016.01.07-14.52.19:905][538]LogEditorTransaction: Undo Create Pin Link
[2016.01.07-14.52.21:736][603]Cmd: TRANSACTION UNDO
[2016.01.07-14.52.21:737][603]LogEditorTransaction: Undo Create Pin Link
[2016.01.07-14.52.22:189][618]Cmd: TRANSACTION UNDO
[2016.01.07-14.52.22:189][618]LogEditorTransaction: Undo Add Node
[2016.01.07-14.52.22:653][633]Cmd: TRANSACTION UNDO
[2016.01.07-14.52.22:653][633]LogEditorTransaction: Undo Resize Widget
[2016.01.07-14.52.31:099][ 19]LogBlueprintUserMessages: Early EndPlayMap Detection: Level '/Game/Inicio.Inicio:PersistentLevel' has LevelScriptBlueprint '/Game/Inicio.Inicio:PersistentLevel.Inicio' with GeneratedClass '/Game/Inicio.Inicio_C' with ClassGeneratedBy '/Game/Inicio.Inicio:PersistentLevel.Inicio'
[2016.01.07-14.52.31:129][ 19]LogBlueprintUserMessages: Late EndPlayMap Detection: Level '/Game/Inicio.Inicio:PersistentLevel' has LevelScriptBlueprint '/Game/Inicio.Inicio:PersistentLevel.Inicio' with GeneratedClass '/Game/Inicio.Inicio_C' with ClassGeneratedBy '/Game/Inicio.Inicio:PersistentLevel.Inicio'
[2016.01.07-14.52.31:187][ 19]LogParticles: Destroying 0 GPU particle simulations for FXSystem 0x00000000079791C0
[2016.01.07-14.52.36:240][335]LogBlueprintUserMessages: CustomizeDetails for Blueprint 'PanelLuces', cached variable property's owner is '/Game/PanelLuces.SKEL_PanelLuces_C'
[2016.01.07-14.52.37:028][386]LogBlueprintUserMessages: CustomizeDetails for Blueprint 'PanelLuces', cached variable property's owner is '/Game/PanelLuces.SKEL_PanelLuces_C'
[2016.01.07-14.52.38:056][454]LogBlueprintUserMessages: CustomizeDetails for Blueprint 'PanelLuces', cached variable property's owner is '/Game/PanelLuces.SKEL_PanelLuces_C'
[2016.01.07-14.52.38:078][455]LogBlueprintUserMessages: CustomizeDetails for Blueprint 'PanelLuces', cached variable property's owner is '/Game/PanelLuces.SKEL_PanelLuces_C'
[2016.01.07-14.52.40:093][586]LogBlueprintUserMessages: PostEditorRefresh for Blueprint 'PanelLuces', cached variable property's owner is '/Game/PanelLuces.SKEL_PanelLuces_C'
[2016.01.07-14.52.40:122][586]LogBlueprintUserMessages: CustomizeDetails for Blueprint 'PanelLuces', cached variable property's owner is '/Game/PanelLuces.SKEL_PanelLuces_C'
[2016.01.07-14.52.44:912][925]LogBlueprintUserMessages: CustomizeDetails for Blueprint 'PanelLuces', cached variable property's owner is '/Game/PanelLuces.SKEL_PanelLuces_C'
[2016.01.07-14.53.23:159][975]LogFileHelpers: Editor autosave (incl. sublevels) for '/Game/Inicio' took 0.061
[2016.01.07-14.53.23:166][975]OBJ SavePackage: Generating thumbnails for [0] asset(s) in package [/Game/PanelLuces] ([1] browsable assets)...
[2016.01.07-14.53.23:166][975]OBJ SavePackage: Finished generating thumbnails for package [/Game/PanelLuces]
[2016.01.07-14.53.23:166][975]Cmd: OBJ SAVEPACKAGE PACKAGE="/Game/PanelLuces" FILE="../../../../../../Users/Tonga/Documents/Unreal Projects/BotonLuz/Saved/Autosaves/Game/PanelLuces_Auto4.uasset" SILENT=false AUTOSAVING=true
[2016.01.07-14.53.23:295][975]LogSavePackage: Save=116.672592ms
[2016.01.07-14.53.23:295][975]LogSavePackage: Moving '../../../../../../Users/Tonga/Documents/Unreal Projects/BotonLuz/Saved/PanelLuces_Auto4D53D71D64180C5B837EA27AF2E565C65.tmp' to '../../../../../../Users/Tonga/Documents/Unreal Projects/BotonLuz/Saved/Autosaves/Game/PanelLuces_Auto4.uasset'
[2016.01.07-14.53.23:299][975]LogSavePackage: Total save time: 130.582172ms
[2016.01.07-14.53.23:299][975]LogSavePackage:Warning: Finished SavePackage ../../../../../../Users/Tonga/Documents/Unreal Projects/BotonLuz/Saved/Autosaves/Game/PanelLuces_Auto4.uasset
[2016.01.07-14.53.23:299][975]LogFileHelpers: Auto-saving content packages took 0.139
[2016.01.07-15.02.49:481][754]Cmd: OBJ SAVEPACKAGE PACKAGE="/Game/PanelLuces" FILE="../../../../../../Users/Tonga/Documents/Unreal Projects/BotonLuz/Content/PanelLuces.uasset" SILENT=true
[2016.01.07-15.02.49:600][754]LogSavePackage: Save=101.433716ms
[2016.01.07-15.02.49:600][754]LogSavePackage: Moving '../../../../../../Users/Tonga/Documents/Unreal Projects/BotonLuz/Saved/PanelLuces3069265C4BB436645C28E4B38DF87DF3.tmp' to '../../../../../../Users/Tonga/Documents/Unreal Projects/BotonLuz/Content/PanelLuces.uasset'
[2016.01.07-15.02.49:605][754]LogSavePackage: Total save time: 121.372327ms
[2016.01.07-15.02.49:605][754]LogSavePackage:Warning: Finished SavePackage ../../../../../../Users/Tonga/Documents/Unreal Projects/BotonLuz/Content/PanelLuces.uasset
[2016.01.07-15.08.17:568][640]Cmd: OBJ SAVEPACKAGE PACKAGE="/Game/PanelLuces" FILE="../../../../../../Users/Tonga/Documents/Unreal Projects/BotonLuz/Content/PanelLuces.uasset" SILENT=true
[2016.01.07-15.08.17:678][640]LogSavePackage: Save=96.316360ms
[2016.01.07-15.08.17:678][640]LogSavePackage: Moving '../../../../../../Users/Tonga/Documents/Unreal Projects/BotonLuz/Saved/PanelLuces6772158C486FECE8820624A9618212B2.tmp' to '../../../../../../Users/Tonga/Documents/Unreal Projects/BotonLuz/Content/PanelLuces.uasset'
[2016.01.07-15.08.17:680][640]LogSavePackage: Total save time: 110.699482ms
[2016.01.07-15.08.17:680][640]LogSavePackage:Warning: Finished SavePackage ../../../../../../Users/Tonga/Documents/Unreal Projects/BotonLuz/Content/PanelLuces.uasset
[2016.01.07-15.08.18:415][688]BlueprintLog: New page: Compile PanelLuces
[2016.01.07-15.08.18:568][688]BlueprintEditorCompileResults: Info [4879.59] Compile of PanelLuces successful! [in 152 ms]
[2016.01.07-15.09.16:270][ 54]Cmd: OBJ SAVEPACKAGE PACKAGE="/Game/PanelLuces" FILE="../../../../../../Users/Tonga/Documents/Unreal Projects/BotonLuz/Content/PanelLuces.uasset" SILENT=true
[2016.01.07-15.09.16:387][ 54]LogSavePackage: Save=109.596855ms
[2016.01.07-15.09.16:387][ 54]LogSavePackage: Moving '../../../../../../Users/Tonga/Documents/Unreal Projects/BotonLuz/Saved/PanelLuces574533D64B27C28F0DCB02B8C3065E07.tmp' to '../../../../../../Users/Tonga/Documents/Unreal Projects/BotonLuz/Content/PanelLuces.uasset'
[2016.01.07-15.09.16:391][ 54]LogSavePackage: Total save time: 120.025482ms
[2016.01.07-15.09.16:391][ 54]LogSavePackage:Warning: Finished SavePackage ../../../../../../Users/Tonga/Documents/Unreal Projects/BotonLuz/Content/PanelLuces.uasset
[2016.01.07-15.09.20:881][212]BlueprintLog: New page: Compile PanelLuces
[2016.01.07-15.09.21:062][212]BlueprintEditorCompileResults: Info [4942.09] Compile of PanelLuces successful! [in 180 ms]
[2016.01.07-15.09.21:952][245]Cmd: OBJ SAVEPACKAGE PACKAGE="/Game/PanelLuces" FILE="../../../../../../Users/Tonga/Documents/Unreal Projects/BotonLuz/Content/PanelLuces.uasset" SILENT=true
[2016.01.07-15.09.22:052][245]LogSavePackage: Save=92.604759ms
[2016.01.07-15.09.22:052][245]LogSavePackage: Moving '../../../../../../Users/Tonga/Documents/Unreal Projects/BotonLuz/Saved/PanelLuces95137EFE48BEE014D7C6C98F45A60373.tmp' to '../../../../../../Users/Tonga/Documents/Unreal Projects/BotonLuz/Content/PanelLuces.uasset'
[2016.01.07-15.09.22:056][245]LogSavePackage: Total save time: 101.820886ms
[2016.01.07-15.09.22:056][245]LogSavePackage:Warning: Finished SavePackage ../../../../../../Users/Tonga/Documents/Unreal Projects/BotonLuz/Content/PanelLuces.uasset
[2016.01.07-15.09.23:398][296]BlueprintLog: New page: Compile PanelLuces
[2016.01.07-15.09.23:569][296]BlueprintEditorCompileResults: Info [4944.59] Compile of PanelLuces successful! [in 170 ms]
[2016.01.07-15.09.27:269][489]LogBlueprintUserMessages: Early PlayInEditor Detection: Level '/Game/Inicio.Inicio:PersistentLevel' has LevelScriptBlueprint '/Game/Inicio.Inicio:PersistentLevel.Inicio' with GeneratedClass '/Game/Inicio.Inicio_C' with ClassGeneratedBy '/Game/Inicio.Inicio:PersistentLevel.Inicio'
[2016.01.07-15.09.27:269][489]LogPlayLevel: PlayLevel: No blueprints needed recompiling
[2016.01.07-15.09.27:269][489]PIE: New page: PIE session: Inicio (Jan 7, 2016, 9:09:27 AM)
[2016.01.07-15.09.27:269][489]LogPlayLevel: Creating play world package: /Game/UEDPIE_0_Inicio
[2016.01.07-15.09.27:274][489]LogPlayLevel: PIE: StaticDuplicateObject took: (0.005018s)
[2016.01.07-15.09.27:275][489]LogAIModule: Creating AISystem for world Inicio
[2016.01.07-15.09.27:276][489]LogPlayLevel: PIE: World Init took: (0.001526s)
[2016.01.07-15.09.27:276][489]LogPlayLevel: PIE: Created PIE world by copying editor world from /Game/Inicio.Inicio to /Game/UEDPIE_0_Inicio.Inicio (0.006815s)
[2016.01.07-15.09.27:335][489]LogInit: XAudio2 using 'Altavoces (Realtek High Definition Audio)' : 2 channels at 48 kHz using 32 bits per sample (channel mask 0x3)
[2016.01.07-15.09.27:360][489]LogInit: FAudioDevice initialized.
[2016.01.07-15.09.27:399][489]LogWorld: Game class is 'GameMode'
[2016.01.07-15.09.27:402][489]LogWorld: Bringing World /Game/UEDPIE_0_Inicio.Inicio up for play (max tick rate 0) at 2016.01.07-12.09.27
[2016.01.07-15.09.27:402][489]LogActor:Warning: GameSession /Game/UEDPIE_0_Inicio.Inicio:PersistentLevel.GameSession_4 has natively added scene component(s), but none of them were set as the actor's RootComponent - picking one arbitrarily
[2016.01.07-15.09.27:402][489]LogActor:Warning: GameNetworkManager /Game/UEDPIE_0_Inicio.Inicio:PersistentLevel.GameNetworkManager_4 has natively added scene component(s), but none of them were set as the actor's RootComponent - picking one arbitrarily
[2016.01.07-15.09.27:402][489]LogWorld: Bringing up level for play took: 0.002220
[2016.01.07-15.09.27:408][489]PIE: Info Play in editor start time for /Game/UEDPIE_0_Inicio -0.374
[2016.01.07-15.09.27:409][489]LogBlueprintUserMessages: Late PlayInEditor Detection: Level '/Game/Inicio.Inicio:PersistentLevel' has LevelScriptBlueprint '/Game/Inicio.Inicio:PersistentLevel.Inicio' with GeneratedClass '/Game/Inicio.Inicio_C' with ClassGeneratedBy '/Game/Inicio.Inicio:PersistentLevel.Inicio'
[2016.01.07-15.10.55:966][162]LogBlueprintUserMessages: Early EndPlayMap Detection: Level '/Game/Inicio.Inicio:PersistentLevel' has LevelScriptBlueprint '/Game/Inicio.Inicio:PersistentLevel.Inicio' with GeneratedClass '/Game/Inicio.Inicio_C' with ClassGeneratedBy '/Game/Inicio.Inicio:PersistentLevel.Inicio'
[2016.01.07-15.10.55:999][162]LogBlueprintUserMessages: Late EndPlayMap Detection: Level '/Game/Inicio.Inicio:PersistentLevel' has LevelScriptBlueprint '/Game/Inicio.Inicio:PersistentLevel.Inicio' with GeneratedClass '/Game/Inicio.Inicio_C' with ClassGeneratedBy '/Game/Inicio.Inicio:PersistentLevel.Inicio'
[2016.01.07-15.10.56:055][162]LogParticles: Destroying 0 GPU particle simulations for FXSystem 0x0000000056553740
[2016.01.07-15.11.33:474][632]LogBlueprintUserMessages: CustomizeDetails for Blueprint 'PanelLuces', cached variable property's owner is '/Game/PanelLuces.SKEL_PanelLuces_C'
[2016.01.07-15.11.34:301][683]LogBlueprintUserMessages: CustomizeDetails for Blueprint 'PanelLuces', cached variable property's owner is '/Game/PanelLuces.SKEL_PanelLuces_C'
[2016.01.07-15.11.35:375][751]LogBlueprintUserMessages: CustomizeDetails for Blueprint 'PanelLuces', cached variable property's owner is '/Game/PanelLuces.SKEL_PanelLuces_C'
[2016.01.07-15.11.35:396][752]LogBlueprintUserMessages: CustomizeDetails for Blueprint 'PanelLuces', cached variable property's owner is '/Game/PanelLuces.SKEL_PanelLuces_C'
[2016.01.07-15.11.48:007][561]LogBlueprintUserMessages: CustomizeDetails for Blueprint 'PanelLuces', cached variable property's owner is '/Game/PanelLuces.SKEL_PanelLuces_C'
[2016.01.07-15.11.50:945][749]Cmd: OBJ SAVEPACKAGE PACKAGE="/Game/PanelLuces" FILE="../../../../../../Users/Tonga/Documents/Unreal Projects/BotonLuz/Content/PanelLuces.uasset" SILENT=true
[2016.01.07-15.11.51:049][749]LogSavePackage: Save=95.056213ms
[2016.01.07-15.11.51:049][749]LogSavePackage: Moving '../../../../../../Users/Tonga/Documents/Unreal Projects/BotonLuz/Saved/PanelLuces411C819C4E92C72A31DC9295B8C574CA.tmp' to '../../../../../../Users/Tonga/Documents/Unreal Projects/BotonLuz/Content/PanelLuces.uasset'
[2016.01.07-15.11.51:053][749]LogSavePackage: Total save time: 106.052697ms
[2016.01.07-15.11.51:053][749]LogSavePackage:Warning: Finished SavePackage ../../../../../../Users/Tonga/Documents/Unreal Projects/BotonLuz/Content/PanelLuces.uasset
[2016.01.07-15.11.51:409][771]BlueprintLog: New page: Compile PanelLuces
[2016.01.07-15.11.51:562][771]BlueprintEditorCompileResults: Info [5092.59] Compile of PanelLuces successful! [in 153 ms]
[2016.01.07-15.11.54:742][ 12]LogEditorViewport: Clicking on Actor (LMB): BP_Sky_Sphere_C (Sky Sphere)
[2016.01.07-15.11.55:313][ 51]LogBlueprintUserMessages: Early PlayInEditor Detection: Level '/Game/Inicio.Inicio:PersistentLevel' has LevelScriptBlueprint '/Game/Inicio.Inicio:PersistentLevel.Inicio' with GeneratedClass '/Game/Inicio.Inicio_C' with ClassGeneratedBy '/Game/Inicio.Inicio:PersistentLevel.Inicio'
[2016.01.07-15.11.55:313][ 51]LogPlayLevel: PlayLevel: No blueprints needed recompiling
[2016.01.07-15.11.55:313][ 51]PIE: New page: PIE session: Inicio (Jan 7, 2016, 9:11:55 AM)
[2016.01.07-15.11.55:314][ 51]LogPlayLevel: Creating play world package: /Game/UEDPIE_0_Inicio
[2016.01.07-15.11.55:319][ 51]LogPlayLevel: PIE: StaticDuplicateObject took: (0.005565s)
[2016.01.07-15.11.55:320][ 51]LogAIModule: Creating AISystem for world Inicio
[2016.01.07-15.11.55:321][ 51]LogPlayLevel: PIE: World Init took: (0.001416s)
[2016.01.07-15.11.55:321][ 51]LogPlayLevel: PIE: Created PIE world by copying editor world from /Game/Inicio.Inicio to /Game/UEDPIE_0_Inicio.Inicio (0.007255s)
[2016.01.07-15.11.55:381][ 51]LogParticles: Destroying 0 GPU particle simulations for FXSystem 0x000000001A94DA80
[2016.01.07-15.11.55:381][ 51]LogInit: XAudio2 using 'Altavoces (Realtek High Definition Audio)' : 2 channels at 48 kHz using 32 bits per sample (channel mask 0x3)
[2016.01.07-15.11.55:404][ 51]LogInit: FAudioDevice initialized.
[2016.01.07-15.11.55:442][ 51]LogWorld: Game class is 'GameMode'
[2016.01.07-15.11.55:444][ 51]LogWorld: Bringing World /Game/UEDPIE_0_Inicio.Inicio up for play (max tick rate 0) at 2016.01.07-12.11.55
[2016.01.07-15.11.55:444][ 51]LogActor:Warning: GameSession /Game/UEDPIE_0_Inicio.Inicio:PersistentLevel.GameSession_5 has natively added scene component(s), but none of them were set as the actor's RootComponent - picking one arbitrarily
[2016.01.07-15.11.55:445][ 51]LogActor:Warning: GameNetworkManager /Game/UEDPIE_0_Inicio.Inicio:PersistentLevel.GameNetworkManager_5 has natively added scene component(s), but none of them were set as the actor's RootComponent - picking one arbitrarily
[2016.01.07-15.11.55:445][ 51]LogWorld: Bringing up level for play took: 0.002556
[2016.01.07-15.11.55:450][ 51]PIE: Info Play in editor start time for /Game/UEDPIE_0_Inicio -0.334
[2016.01.07-15.11.55:450][ 51]LogBlueprintUserMessages: Late PlayInEditor Detection: Level '/Game/Inicio.Inicio:PersistentLevel' has LevelScriptBlueprint '/Game/Inicio.Inicio:PersistentLevel.Inicio' with GeneratedClass '/Game/Inicio.Inicio_C' with ClassGeneratedBy '/Game/Inicio.Inicio:PersistentLevel.Inicio'
[2016.01.07-15.13.59:223][258]Cmd: OBJ SAVEPACKAGE PACKAGE="/Game/PanelLuces" FILE="../../../../../../Users/Tonga/Documents/Unreal Projects/BotonLuz/Content/PanelLuces.uasset" SILENT=true
[2016.01.07-15.13.59:345][258]LogSavePackage: Save=111.446373ms
[2016.01.07-15.13.59:345][258]LogSavePackage: Moving '../../../../../../Users/Tonga/Documents/Unreal Projects/BotonLuz/Saved/PanelLucesA8B2BFE7421CCF08E955F799EB79C9EA.tmp' to '../../../../../../Users/Tonga/Documents/Unreal Projects/BotonLuz/Content/PanelLuces.uasset'
[2016.01.07-15.13.59:349][258]LogSavePackage: Total save time: 124.454189ms
[2016.01.07-15.13.59:349][258]LogSavePackage:Warning: Finished SavePackage ../../../../../../Users/Tonga/Documents/Unreal Projects/BotonLuz/Content/PanelLuces.uasset
[2016.01.07-15.14.00:961][314]LogBlueprintUserMessages: Early EndPlayMap Detection: Level '/Game/Inicio.Inicio:PersistentLevel' has LevelScriptBlueprint '/Game/Inicio.Inicio:PersistentLevel.Inicio' with GeneratedClass '/Game/Inicio.Inicio_C' with ClassGeneratedBy '/Game/Inicio.Inicio:PersistentLevel.Inicio'
[2016.01.07-15.14.01:003][314]LogBlueprintUserMessages: Late EndPlayMap Detection: Level '/Game/Inicio.Inicio:PersistentLevel' has LevelScriptBlueprint '/Game/Inicio.Inicio:PersistentLevel.Inicio' with GeneratedClass '/Game/Inicio.Inicio_C' with ClassGeneratedBy '/Game/Inicio.Inicio:PersistentLevel.Inicio'
[2016.01.07-15.14.01:057][314]LogParticles: Destroying 0 GPU particle simulations for FXSystem 0x0000000051FF8680
[2016.01.07-15.14.03:704][454]LogBlueprintUserMessages: Early PlayInEditor Detection: Level '/Game/Inicio.Inicio:PersistentLevel' has LevelScriptBlueprint '/Game/Inicio.Inicio:PersistentLevel.Inicio' with GeneratedClass '/Game/Inicio.Inicio_C' with ClassGeneratedBy '/Game/Inicio.Inicio:PersistentLevel.Inicio'
[2016.01.07-15.14.03:704][454]BlueprintLog: New page: Pre-Play auto-recompile
[2016.01.07-15.14.03:706][454]LogPlayLevel: [PlayLevel] Compiling PanelLuces before play...
[2016.01.07-15.14.03:806][454]LogPlayLevel: PlayLevel: Blueprint regeneration took 101 ms (2 blueprints)
[2016.01.07-15.14.03:806][454]LogPlayLevel: [PlayLevel] Compiling Inicio before play...
[2016.01.07-15.14.03:866][454]LogPlayLevel: PlayLevel: Blueprint regeneration took 162 ms (2 blueprints)
[2016.01.07-15.14.03:918][454]LogParticles: Destroying 0 GPU particle simulations for FXSystem 0x000000005665E8E0
[2016.01.07-15.14.03:924][454]PIE: New page: PIE session: Inicio (Jan 7, 2016, 9:14:03 AM)
[2016.01.07-15.14.03:924][454]LogPlayLevel: Creating play world package: /Game/UEDPIE_0_Inicio
[2016.01.07-15.14.03:929][454]LogPlayLevel: PIE: StaticDuplicateObject took: (0.004750s)
[2016.01.07-15.14.03:930][454]LogAIModule: Creating AISystem for world Inicio
[2016.01.07-15.14.03:930][454]LogPlayLevel: PIE: World Init took: (0.001231s)
[2016.01.07-15.14.03:930][454]LogPlayLevel: PIE: Created PIE world by copying editor world from /Game/Inicio.Inicio to /Game/UEDPIE_0_Inicio.Inicio (0.006231s)
[2016.01.07-15.14.03:986][454]LogInit: XAudio2 using 'Altavoces (Realtek High Definition Audio)' : 2 channels at 48 kHz using 32 bits per sample (channel mask 0x3)
[2016.01.07-15.14.04:010][454]LogInit: FAudioDevice initialized.
[2016.01.07-15.14.04:050][454]LogWorld: Game class is 'GameMode'
[2016.01.07-15.14.04:053][454]LogWorld: Bringing World /Game/UEDPIE_0_Inicio.Inicio up for play (max tick rate 0) at 2016.01.07-12.14.04
[2016.01.07-15.14.04:053][454]LogActor:Warning: GameSession /Game/UEDPIE_0_Inicio.Inicio:PersistentLevel.GameSession_6 has natively added scene component(s), but none of them were set as the actor's RootComponent - picking one arbitrarily
[2016.01.07-15.14.04:053][454]LogActor:Warning: GameNetworkManager /Game/UEDPIE_0_Inicio.Inicio:PersistentLevel.GameNetworkManager_6 has natively added scene component(s), but none of them were set as the actor's RootComponent - picking one arbitrarily
[2016.01.07-15.14.04:053][454]LogWorld: Bringing up level for play took: 0.002466
[2016.01.07-15.14.04:058][454]PIE: Info Play in editor start time for /Game/UEDPIE_0_Inicio 0.274
[2016.01.07-15.14.04:058][454]LogBlueprintUserMessages: Late PlayInEditor Detection: Level '/Game/Inicio.Inicio:PersistentLevel' has LevelScriptBlueprint '/Game/Inicio.Inicio:PersistentLevel.Inicio' with GeneratedClass '/Game/Inicio.Inicio_C' with ClassGeneratedBy '/Game/Inicio.Inicio:PersistentLevel.Inicio'
[2016.01.07-15.14.12:368][167]LogBlueprintUserMessages: Early EndPlayMap Detection: Level '/Game/Inicio.Inicio:PersistentLevel' has LevelScriptBlueprint '/Game/Inicio.Inicio:PersistentLevel.Inicio' with GeneratedClass '/Game/Inicio.Inicio_C' with ClassGeneratedBy '/Game/Inicio.Inicio:PersistentLevel.Inicio'
[2016.01.07-15.14.12:409][167]LogBlueprintUserMessages: Late EndPlayMap Detection: Level '/Game/Inicio.Inicio:PersistentLevel' has LevelScriptBlueprint '/Game/Inicio.Inicio:PersistentLevel.Inicio' with GeneratedClass '/Game/Inicio.Inicio_C' with ClassGeneratedBy '/Game/Inicio.Inicio:PersistentLevel.Inicio'
[2016.01.07-15.14.12:507][168]LogParticles: Destroying 0 GPU particle simulations for FXSystem 0x000000005CA7C7C0
[2016.01.07-15.15.07:191][123]LogFileHelpers: Editor autosave (incl. sublevels) for '/Game/Inicio' took 0.058
[2016.01.07-15.15.07:199][123]OBJ SavePackage: Generating thumbnails for [0] asset(s) in package [/Game/PanelLuces] ([1] browsable assets)...
[2016.01.07-15.15.07:199][123]OBJ SavePackage: Finished generating thumbnails for package [/Game/PanelLuces]
[2016.01.07-15.15.07:199][123]Cmd: OBJ SAVEPACKAGE PACKAGE="/Game/PanelLuces" FILE="../../../../../../Users/Tonga/Documents/Unreal Projects/BotonLuz/Saved/Autosaves/Game/PanelLuces_Auto5.uasset" SILENT=false AUTOSAVING=true
[2016.01.07-15.15.07:311][123]LogSavePackage: Save=104.504982ms
[2016.01.07-15.15.07:311][123]LogSavePackage: Moving '../../../../../../Users/Tonga/Documents/Unreal Projects/BotonLuz/Saved/PanelLuces_Auto53E159B854672F86476E53ABD8690B16C.tmp' to '../../../../../../Users/Tonga/Documents/Unreal Projects/BotonLuz/Saved/Autosaves/Game/PanelLuces_Auto5.uasset'
[2016.01.07-15.15.07:314][123]LogSavePackage: Total save time: 113.340229ms
[2016.01.07-15.15.07:314][123]LogSavePackage:Warning: Finished SavePackage ../../../../../../Users/Tonga/Documents/Unreal Projects/BotonLuz/Saved/Autosaves/Game/PanelLuces_Auto5.uasset
[2016.01.07-15.15.07:314][123]LogFileHelpers: Auto-saving content packages took 0.122
[2016.01.07-15.15.11:173][234]Cmd: OBJ SAVEPACKAGE PACKAGE="/Game/PanelLuces" FILE="../../../../../../Users/Tonga/Documents/Unreal Projects/BotonLuz/Content/PanelLuces.uasset" SILENT=true
[2016.01.07-15.15.11:284][234]LogSavePackage: Save=101.206367ms
[2016.01.07-15.15.11:284][234]LogSavePackage: Moving '../../../../../../Users/Tonga/Documents/Unreal Projects/BotonLuz/Saved/PanelLuces2C9D98E643CCB18F3C2239B01E75DFF8.tmp' to '../../../../../../Users/Tonga/Documents/Unreal Projects/BotonLuz/Content/PanelLuces.uasset'
[2016.01.07-15.15.11:288][234]LogSavePackage: Total save time: 113.327652ms
[2016.01.07-15.15.11:288][234]LogSavePackage:Warning: Finished SavePackage ../../../../../../Users/Tonga/Documents/Unreal Projects/BotonLuz/Content/PanelLuces.uasset
[2016.01.07-15.15.36:793][996]Cmd: OBJ SAVEPACKAGE PACKAGE="/Game/PanelLuces" FILE="../../../../../../Users/Tonga/Documents/Unreal Projects/BotonLuz/Content/PanelLuces.uasset" SILENT=true
[2016.01.07-15.15.36:902][996]LogSavePackage: Save=101.303993ms
[2016.01.07-15.15.36:902][996]LogSavePackage: Moving '../../../../../../Users/Tonga/Documents/Unreal Projects/BotonLuz/Saved/PanelLucesBA97430D411CED57909F63A7AC138A29.tmp' to '../../../../../../Users/Tonga/Documents/Unreal Projects/BotonLuz/Content/PanelLuces.uasset'
[2016.01.07-15.15.36:906][996]LogSavePackage: Total save time: 111.840829ms
[2016.01.07-15.15.36:906][996]LogSavePackage:Warning: Finished SavePackage ../../../../../../Users/Tonga/Documents/Unreal Projects/BotonLuz/Content/PanelLuces.uasset
[2016.01.07-15.15.38:177][ 36]BlueprintLog: New page: Compile PanelLuces
[2016.01.07-15.15.38:438][ 36]BlueprintEditorCompileResults: Info [5319.46] Compile of PanelLuces successful! [in 261 ms]
[2016.01.07-15.15.41:732][184]LogBlueprintUserMessages: Early PlayInEditor Detection: Level '/Game/Inicio.Inicio:PersistentLevel' has LevelScriptBlueprint '/Game/Inicio.Inicio:PersistentLevel.Inicio' with GeneratedClass '/Game/Inicio.Inicio_C' with ClassGeneratedBy '/Game/Inicio.Inicio:PersistentLevel.Inicio'
[2016.01.07-15.15.41:733][184]LogPlayLevel: PlayLevel: No blueprints needed recompiling
[2016.01.07-15.15.41:733][184]PIE: New page: PIE session: Inicio (Jan 7, 2016, 9:15:41 AM)
[2016.01.07-15.15.41:733][184]LogPlayLevel: Creating play world package: /Game/UEDPIE_0_Inicio
[2016.01.07-15.15.41:738][184]LogPlayLevel: PIE: StaticDuplicateObject took: (0.005399s)
[2016.01.07-15.15.41:741][184]LogAIModule: Creating AISystem for world Inicio
[2016.01.07-15.15.41:741][184]LogPlayLevel: PIE: World Init took: (0.002639s)
[2016.01.07-15.15.41:741][184]LogPlayLevel: PIE: Created PIE world by copying editor world from /Game/Inicio.Inicio to /Game/UEDPIE_0_Inicio.Inicio (0.008300s)
[2016.01.07-15.15.41:802][184]LogInit: XAudio2 using 'Altavoces (Realtek High Definition Audio)' : 2 channels at 48 kHz using 32 bits per sample (channel mask 0x3)
[2016.01.07-15.15.41:826][184]LogInit: FAudioDevice initialized.
[2016.01.07-15.15.41:866][184]LogWorld: Game class is 'GameMode'
[2016.01.07-15.15.41:868][184]LogWorld: Bringing World /Game/UEDPIE_0_Inicio.Inicio up for play (max tick rate 0) at 2016.01.07-12.15.41
[2016.01.07-15.15.41:869][184]LogActor:Warning: GameSession /Game/UEDPIE_0_Inicio.Inicio:PersistentLevel.GameSession_7 has natively added scene component(s), but none of them were set as the actor's RootComponent - picking one arbitrarily
[2016.01.07-15.15.41:869][184]LogActor:Warning: GameNetworkManager /Game/UEDPIE_0_Inicio.Inicio:PersistentLevel.GameNetworkManager_7 has natively added scene component(s), but none of them were set as the actor's RootComponent - picking one arbitrarily
[2016.01.07-15.15.41:869][184]LogWorld: Bringing up level for play took: 0.002332
[2016.01.07-15.15.41:874][184]PIE: Info Play in editor start time for /Game/UEDPIE_0_Inicio 0.089
[2016.01.07-15.15.41:874][184]LogBlueprintUserMessages: Late PlayInEditor Detection: Level '/Game/Inicio.Inicio:PersistentLevel' has LevelScriptBlueprint '/Game/Inicio.Inicio:PersistentLevel.Inicio' with GeneratedClass '/Game/Inicio.Inicio_C' with ClassGeneratedBy '/Game/Inicio.Inicio:PersistentLevel.Inicio'
[2016.01.07-15.16.20:271][ 54]LogBlueprintUserMessages: Early EndPlayMap Detection: Level '/Game/Inicio.Inicio:PersistentLevel' has LevelScriptBlueprint '/Game/Inicio.Inicio:PersistentLevel.Inicio' with GeneratedClass '/Game/Inicio.Inicio_C' with ClassGeneratedBy '/Game/Inicio.Inicio:PersistentLevel.Inicio'
[2016.01.07-15.16.20:319][ 54]LogBlueprintUserMessages: Late EndPlayMap Detection: Level '/Game/Inicio.Inicio:PersistentLevel' has LevelScriptBlueprint '/Game/Inicio.Inicio:PersistentLevel.Inicio' with GeneratedClass '/Game/Inicio.Inicio_C' with ClassGeneratedBy '/Game/Inicio.Inicio:PersistentLevel.Inicio'
[2016.01.07-15.16.20:376][ 54]LogParticles: Destroying 0 GPU particle simulations for FXSystem 0x000000001A94F6A0
[2016.01.07-15.16.20:910][ 69]Cmd: OBJ SAVEPACKAGE PACKAGE="/Game/PanelLuces" FILE="../../../../../../Users/Tonga/Documents/Unreal Projects/BotonLuz/Content/PanelLuces.uasset" SILENT=true
[2016.01.07-15.16.21:019][ 69]LogSavePackage: Save=100.921120ms
[2016.01.07-15.16.21:019][ 69]LogSavePackage: Moving '../../../../../../Users/Tonga/Documents/Unreal Projects/BotonLuz/Saved/PanelLuces1BEB88AE4A264E6F0796CCACD545A624.tmp' to '../../../../../../Users/Tonga/Documents/Unreal Projects/BotonLuz/Content/PanelLuces.uasset'
[2016.01.07-15.16.21:024][ 69]LogSavePackage: Total save time: 112.746887ms
[2016.01.07-15.16.21:024][ 69]LogSavePackage:Warning: Finished SavePackage ../../../../../../Users/Tonga/Documents/Unreal Projects/BotonLuz/Content/PanelLuces.uasset
[2016.01.07-15.16.21:465][ 83]BlueprintLog: New page: Compile PanelLuces
[2016.01.07-15.16.21:759][ 83]BlueprintEditorCompileResults: Info [5362.78] Compile of PanelLuces successful! [in 293 ms]
[2016.01.07-15.16.24:709][228]LogBlueprintUserMessages: Early PlayInEditor Detection: Level '/Game/Inicio.Inicio:PersistentLevel' has LevelScriptBlueprint '/Game/Inicio.Inicio:PersistentLevel.Inicio' with GeneratedClass '/Game/Inicio.Inicio_C' with ClassGeneratedBy '/Game/Inicio.Inicio:PersistentLevel.Inicio'
[2016.01.07-15.16.24:709][228]LogPlayLevel: PlayLevel: No blueprints needed recompiling
[2016.01.07-15.16.24:710][228]PIE: New page: PIE session: Inicio (Jan 7, 2016, 9:16:24 AM)
[2016.01.07-15.16.24:710][228]LogPlayLevel: Creating play world package: /Game/UEDPIE_0_Inicio
[2016.01.07-15.16.24:715][228]LogPlayLevel: PIE: StaticDuplicateObject took: (0.005500s)
[2016.01.07-15.16.24:716][228]LogAIModule: Creating AISystem for world Inicio
[2016.01.07-15.16.24:717][228]LogPlayLevel: PIE: World Init took: (0.001355s)
[2016.01.07-15.16.24:717][228]LogPlayLevel: PIE: Created PIE world by copying editor world from /Game/Inicio.Inicio to /Game/UEDPIE_0_Inicio.Inicio (0.007119s)
[2016.01.07-15.16.24:811][228]LogInit: XAudio2 using 'Altavoces (Realtek High Definition Audio)' : 2 channels at 48 kHz using 32 bits per sample (channel mask 0x3)
[2016.01.07-15.16.24:848][228]LogInit: FAudioDevice initialized.
[2016.01.07-15.16.24:888][228]LogWorld: Game class is 'GameMode'
[2016.01.07-15.16.24:890][228]LogWorld: Bringing World /Game/UEDPIE_0_Inicio.Inicio up for play (max tick rate 0) at 2016.01.07-12.16.24
[2016.01.07-15.16.24:890][228]LogActor:Warning: GameSession /Game/UEDPIE_0_Inicio.Inicio:PersistentLevel.GameSession_8 has natively added scene component(s), but none of them were set as the actor's RootComponent - picking one arbitrarily
[2016.01.07-15.16.24:890][228]LogActor:Warning: GameNetworkManager /Game/UEDPIE_0_Inicio.Inicio:PersistentLevel.GameNetworkManager_8 has natively added scene component(s), but none of them were set as the actor's RootComponent - picking one arbitrarily
[2016.01.07-15.16.24:891][228]LogWorld: Bringing up level for play took: 0.002389
[2016.01.07-15.16.24:897][228]PIE: Info Play in editor start time for /Game/UEDPIE_0_Inicio 1.111
[2016.01.07-15.16.24:897][228]LogBlueprintUserMessages: Late PlayInEditor Detection: Level '/Game/Inicio.Inicio:PersistentLevel' has LevelScriptBlueprint '/Game/Inicio.Inicio:PersistentLevel.Inicio' with GeneratedClass '/Game/Inicio.Inicio_C' with ClassGeneratedBy '/Game/Inicio.Inicio:PersistentLevel.Inicio'
[2016.01.07-15.19.17:915][  4]Cmd: TRANSACTION UNDO
[2016.01.07-15.19.17:915][  4]LogEditorTransaction: Undo Move Widgets
[2016.01.07-15.19.29:127][213]Cmd: TRANSACTION UNDO
[2016.01.07-15.19.29:127][213]LogEditorTransaction: Undo Move Widgets
[2016.01.07-15.20.55:006][143]Cmd: TRANSACTION UNDO
[2016.01.07-15.20.55:006][143]LogEditorTransaction: Undo Move Widget
[2016.01.07-15.20.55:817][161]Cmd: TRANSACTION UNDO
[2016.01.07-15.20.55:817][161]LogEditorTransaction: Undo Move Widget
[2016.01.07-15.20.56:501][175]Cmd: TRANSACTION UNDO
[2016.01.07-15.20.56:501][175]LogEditorTransaction: Undo Move Widgets
[2016.01.07-15.22.29:035][530]Cmd: TRANSACTION UNDO
[2016.01.07-15.22.29:035][530]LogEditorTransaction: Undo Move Widgets
[2016.01.07-15.22.29:055][530]LogWindows:Error: Windows GetLastError: La operación se completó correctamente. (0)
[2016.01.07-15.22.31:205][530]LogCrashTracker: 


[2016.01.07-15.22.31:205][530]LogCrashTracker: 


[2016.01.07-15.22.31:205][530]LogWindows: === Critical error: ===
Assertion failed: IsValid() [File:D:\BuildFarm\buildmachine_++depot+UE4-Releases+4.9\Engine\Source\Runtime\Core\Public\Templates\SharedPointer.h] [Line: 708] 





[2016.01.07-15.22.31:380][530]LogExit: Executing StaticShutdownAfterError
[2016.01.07-15.22.31:388][530]LogPhysics:Warning: PHYSX: ..\..\PhysX\src\NpScene.cpp (2946) 8 : PxScene::unlockWrite() called without matching call to PxScene::lockWrite(), behaviour will be undefined.
[2016.01.07-15.22.31:388][530]LogPhysics:Warning: PHYSX: ..\..\PhysX\src\NpScene.cpp (2946) 8 : PxScene::unlockWrite() called without matching call to PxScene::lockWrite(), behaviour will be undefined.
[2016.01.07-15.22.31:389][530]LogPhysics:Warning: PHYSX: ..\..\PhysX\src\NpScene.cpp (2946) 8 : PxScene::unlockWrite() called without matching call to PxScene::lockWrite(), behaviour will be undefined.
[2016.01.07-15.22.31:389][530]LogPhysics:Warning: PHYSX: ..\..\PhysX\src\NpScene.cpp (2946) 8 : PxScene::unlockWrite() called without matching call to PxScene::lockWrite(), behaviour will be undefined.
[2016.01.07-15.22.31:390][530]LogPhysics:Warning: PHYSX: ..\..\PhysX\src\NpScene.cpp (2946) 8 : PxScene::unlockWrite() called without matching call to PxScene::lockWrite(), behaviour will be undefined.
[2016.01.07-15.22.31:390][530]LogPhysics:Warning: PHYSX: ..\..\PhysX\src\NpScene.cpp (2946) 8 : PxScene::unlockWrite() called without matching call to PxScene::lockWrite(), behaviour will be undefined.
[2016.01.07-15.22.31:391][530]LogPhysics:Warning: PHYSX: ..\..\PhysX\src\NpScene.cpp (2946) 8 : PxScene::unlockWrite() called without matching call to PxScene::lockWrite(), behaviour will be undefined.
[2016.01.07-15.22.31:391][530]LogPhysics:Warning: PHYSX: ..\..\PhysX\src\NpScene.cpp (2946) 8 : PxScene::unlockWrite() called without matching call to PxScene::lockWrite(), behaviour will be undefined.
[2016.01.07-15.22.31:391][530]LogPhysics:Warning: PHYSX: ..\..\PhysX\src\NpScene.cpp (2946) 8 : PxScene::unlockWrite() called without matching call to PxScene::lockWrite(), behaviour will be undefined.
[2016.01.07-15.22.31:392][530]LogPhysics:Warning: PHYSX: ..\..\PhysX\src\NpScene.cpp (2946) 8 : PxScene::unlockWrite() called without matching call to PxScene::lockWrite(), behaviour will be undefined.
[2016.01.07-15.22.31:392][530]LogPhysics:Warning: PHYSX: ..\..\PhysX\src\NpScene.cpp (2946) 8 : PxScene::unlockWrite() called without matching call to PxScene::lockWrite(), behaviour will be undefined.
[2016.01.07-15.22.31:392][530]LogPhysics:Warning: PHYSX: ..\..\PhysX\src\NpScene.cpp (2946) 8 : PxScene::unlockWrite() called without matching call to PxScene::lockWrite(), behaviour will be undefined.
[2016.01.07-15.22.31:393][530]LogPhysics:Warning: PHYSX: ..\..\PhysX\src\NpScene.cpp (2946) 8 : PxScene::unlockWrite() called without matching call to PxScene::lockWrite(), behaviour will be undefined.
[2016.01.07-15.22.31:393][530]LogPhysics:Warning: PHYSX: ..\..\PhysX\src\NpScene.cpp (2946) 8 : PxScene::unlockWrite() called without matching call to PxScene::lockWrite(), behaviour will be undefined.
[2016.01.07-15.22.31:393][530]LogWindows: FPlatformMisc::RequestExit(1)
[2016.01.07-15.22.31:393][530]Log file closed, 01/07/16 12:22:31
