[2016.01.06-00.26.23:427][  0]Log file open, 01/05/16 21:26:23
[2016.01.06-00.26.23:428][  0]LogInit:Display: Running engine for game: BotonLuz
[2016.01.06-00.26.23:428][  0]LogInit:Display: RandInit(1991756027) SRandInit(1991756028).
[2016.01.06-00.26.23:428][  0]LogTaskGraph: Started task graph with 4 named threads and 5 total threads.
[2016.01.06-00.26.23:428][  0]LogStats: Stats thread started at 0.091329
[2016.01.06-00.26.23:428][  0]LogInit: Version: 4.9.2-2707645+++depot+UE4-Releases+4.9
[2016.01.06-00.26.23:428][  0]LogInit: API Version: 2672455
[2016.01.06-00.26.23:428][  0]LogInit: Compiled (64-bit): Sep 28 2015 10:25:44
[2016.01.06-00.26.23:428][  0]LogInit: Compiled with Visual C++: 18.00.21005.01
[2016.01.06-00.26.23:428][  0]LogInit: Build Configuration: Development
[2016.01.06-00.26.23:428][  0]LogInit: Branch Name: ++depot+UE4-Releases+4.9
[2016.01.06-00.26.23:428][  0]LogInit: Command line: 
[2016.01.06-00.26.23:428][  0]LogInit: Base directory: C:/Program Files/Epic Games/4.9/Engine/Binaries/Win64/
[2016.01.06-00.26.23:428][  0]LogInit: Rocket: 1
[2016.01.06-00.26.23:451][  0]LogInit: Using libcurl 7.41.0
[2016.01.06-00.26.23:451][  0]LogInit:  - built for x86_64-pc-win32
[2016.01.06-00.26.23:451][  0]LogInit:  - supports SSL with WinSSL
[2016.01.06-00.26.23:451][  0]LogInit:  - other features:
[2016.01.06-00.26.23:451][  0]LogInit:      CURL_VERSION_SSL
[2016.01.06-00.26.23:451][  0]LogInit:      CURL_VERSION_IPV6
[2016.01.06-00.26.23:451][  0]LogInit:      CURL_VERSION_ASYNCHDNS
[2016.01.06-00.26.23:451][  0]LogInit:      CURL_VERSION_LARGEFILE
[2016.01.06-00.26.23:451][  0]LogInit:      CURL_VERSION_IDN
[2016.01.06-00.26.23:451][  0]LogInit:  CurlRequestOptions (configurable via config and command line):
[2016.01.06-00.26.23:451][  0]LogInit:  - bVerifyPeer = true  - Libcurl will verify peer certificate
[2016.01.06-00.26.23:451][  0]LogInit:  - bUseHttpProxy = false  - Libcurl will NOT use HTTP proxy
[2016.01.06-00.26.23:451][  0]LogInit:  - bDontReuseConnections = false  - Libcurl will reuse connections
[2016.01.06-00.26.23:451][  0]LogInit:  - CertBundlePath = nullptr  - Libcurl will use whatever was configured at build time.
[2016.01.06-00.26.23:467][  0]LogInit: Presizing for 0 objects not considered by GC, pre-allocating 0 bytes.
[2016.01.06-00.26.23:477][  0]LogInit: Object subsystem initialized
[2016.01.06-00.26.23:484][  0]LogInit: Selected Device Profile: [Windows]
[2016.01.06-00.26.23:484][  0]LogInit: Applying CVar settings loaded from the selected device profile: [Windows]
[2016.01.06-00.26.23:495][  0]LogInit: Computer: TONGA-PC
[2016.01.06-00.26.23:495][  0]LogInit: User: Tonga
[2016.01.06-00.26.23:495][  0]LogInit: CPU Page size=4096, Cores=2
[2016.01.06-00.26.23:495][  0]LogInit: High frequency timer resolution =3.021904 MHz
[2016.01.06-00.26.23:495][  0]LogMemory: Memory total: Physical=7.9GB (8GB approx)
[2016.01.06-00.26.23:495][  0]LogMemory: Platform Memory Stats for Windows
[2016.01.06-00.26.23:495][  0]LogMemory: Process Physical Memory: 53.99 MB used, 53.99 MB peak
[2016.01.06-00.26.23:495][  0]LogMemory: Process Virtual Memory: 56.71 MB used, 56.71 MB peak
[2016.01.06-00.26.23:495][  0]LogMemory: Physical Memory: 3442.95 MB used, 8132.66 MB total
[2016.01.06-00.26.23:495][  0]LogMemory: Virtual Memory: 341.58 MB used, 8388608.00 MB total
[2016.01.06-00.26.24:706][  0]LogD3D11RHI: Found D3D11 adapter 0: NVIDIA GeForce GTX 750 Ti (Feature Level 11_0)
[2016.01.06-00.26.24:706][  0]LogD3D11RHI: Adapter has 1993MB of dedicated video memory, 0MB of dedicated system memory, and 2048MB of shared system memory, 1 output[s]
[2016.01.06-00.26.24:706][  0]LogD3D11RHI: Chosen D3D11 Adapter Id = 0
[2016.01.06-00.26.24:716][  0]LogD3D11RHI: !Direct3DDevice
[2016.01.06-00.26.24:716][  0]LogRHI: Texture pool is 1361 MB (70% of 1945 MB)
[2016.01.06-00.26.24:734][  0]LogD3D11RHI: Async texture creation enabled
[2016.01.06-00.26.24:751][  0]LogShaderCompilers: Guid format shader working directory is 15 characters bigger than the processId version (../../../../../../Users/Tonga/Documents/Unreal Projects/BotonLuz/Intermediate/Shaders/WorkingDirectory/7504/).
[2016.01.06-00.26.24:752][  0]LogShaderCompilers: Cleaned the shader compiler working directory '../../../../../../Users/Tonga/Documents/Unreal Projects/BotonLuz/Intermediate/Shaders/tmp/B9F16BB146585D0851E5758FD36DF090/'.
[2016.01.06-00.26.24:752][  0]LogShaderCompilers:Display: Using Local Shader Compiler.
[2016.01.06-00.26.26:477][  0]LogTemp:Display: Loaded TP AllDesktopTargetPlatform
[2016.01.06-00.26.26:487][  0]LogTemp:Display: Loaded TP WindowsClientTargetPlatform
[2016.01.06-00.26.26:497][  0]LogTemp:Display: Loaded TP WindowsNoEditorTargetPlatform
[2016.01.06-00.26.26:508][  0]LogTemp:Display: Loaded TP WindowsServerTargetPlatform
[2016.01.06-00.26.26:519][  0]LogTemp:Display: Loaded TP WindowsTargetPlatform
[2016.01.06-00.26.26:526][  0]LogTemp:Display: Loaded TP AndroidTargetPlatform
[2016.01.06-00.26.26:533][  0]LogTemp:Display: Loaded TP Android_ASTCTargetPlatform
[2016.01.06-00.26.26:541][  0]LogTemp:Display: Loaded TP Android_ATCTargetPlatform
[2016.01.06-00.26.26:548][  0]LogTemp:Display: Loaded TP Android_DXTTargetPlatform
[2016.01.06-00.26.26:556][  0]LogTemp:Display: Loaded TP Android_ETC1TargetPlatform
[2016.01.06-00.26.26:563][  0]LogTemp:Display: Loaded TP Android_ETC2TargetPlatform
[2016.01.06-00.26.26:570][  0]LogTemp:Display: Loaded TP Android_PVRTCTargetPlatform
[2016.01.06-00.26.26:573][  0]LogTemp:Display: Loaded TP HTML5TargetPlatform
[2016.01.06-00.26.26:597][  0]LogTemp:Display: Loaded TP IOSTargetPlatform
[2016.01.06-00.26.26:604][  0]LogTemp:Display: Loaded TP LinuxNoEditorTargetPlatform
[2016.01.06-00.26.26:610][  0]LogTemp:Display: Loaded TP LinuxServerTargetPlatform
[2016.01.06-00.26.26:618][  0]LogTemp:Display: Loaded TP LinuxTargetPlatform
[2016.01.06-00.26.26:618][  0]LogTargetPlatformManager:Display: Building Assets For Windows
[2016.01.06-00.26.26:787][  0]LogDerivedDataCache:Display: Max Cache Size: 512 MB
[2016.01.06-00.26.26:899][  0]LogDerivedDataCache: Loaded boot cache 0.11s 41MB C:/Users/Tonga/AppData/Local/UnrealEngine/4.9/DerivedDataCache/Boot.ddc.
[2016.01.06-00.26.26:899][  0]LogDerivedDataCache:Display: Loaded Boot cache: C:/Users/Tonga/AppData/Local/UnrealEngine/4.9/DerivedDataCache/Boot.ddc
[2016.01.06-00.26.26:899][  0]LogDerivedDataCache: FDerivedDataBackendGraph:  Pak pak cache file ../../../../../../Users/Tonga/Documents/Unreal Projects/BotonLuz/DerivedDataCache/DDC.ddp not found, will not use a pak cache.
[2016.01.06-00.26.26:899][  0]LogDerivedDataCache: Unable to find inner node Pak for hierarchical cache Hierarchy.
[2016.01.06-00.26.26:900][  0]LogDerivedDataCache: FDerivedDataBackendGraph:  CompressedPak pak cache file ../../../../../../Users/Tonga/Documents/Unreal Projects/BotonLuz/DerivedDataCache/Compressed.ddp not found, will not use a pak cache.
[2016.01.06-00.26.26:900][  0]LogDerivedDataCache: Unable to find inner node CompressedPak for hierarchical cache Hierarchy.
[2016.01.06-00.26.27:068][  0]LogDerivedDataCache:Display: Pak cache opened for reading ../../../Engine/DerivedDataCache/Compressed.ddp.
[2016.01.06-00.26.27:079][  0]LogDerivedDataCache: Using Local data cache path C:/Users/Tonga/AppData/Local/UnrealEngine/Common/DerivedDataCache: Writable
[2016.01.06-00.26.27:369][  0]LogInit: Selected Device Profile: [Windows]
[2016.01.06-00.26.27:369][  0]LogContentStreaming: Texture pool size is 0.000000MB
[2016.01.06-00.26.27:411][  0]LogMeshUtilities: No automatic mesh reduction module available
[2016.01.06-00.26.27:411][  0]LogMeshUtilities: No automatic mesh merging module available
[2016.01.06-00.26.28:078][  0]LogInit: WinSock: version 1.1 (2.2), MaxSocks=32767, MaxUdp=65467
[2016.01.06-00.26.29:569][  0]UdpMessaging: Initializing bridge on interface 0.0.0.0:0 to multicast group 230.0.0.1:6666.
[2016.01.06-00.26.29:694][  0]LogAssetRegistry: FAssetRegistry took 0.0104 seconds to start up
[2016.01.06-00.26.30:007][  0]SourceControl: Info Source control is disabled
[2016.01.06-00.26.30:008][  0]SourceControl: Info Source control is disabled
[2016.01.06-00.26.30:033][  0]SourceControl: Info Source control is disabled
[2016.01.06-00.26.30:055][  0]SourceControl: Info Source control is disabled
[2016.01.06-00.26.30:366][  0]LogLinker:Warning: Asset '../../../Engine/Plugins/Runtime/LeapMotionController/Content/LM_PassthroughMaterial.uasset' has been saved with empty engine version. The asset will be loaded but may be incompatible.
[2016.01.06-00.26.30:552][  0]LogObj: 28361 objects as part of root set at end of initial load.
[2016.01.06-00.26.30:552][  0]LogUObjectAllocator: 6038864 out of 0 bytes used by permanent object pool.
[2016.01.06-00.26.30:636][  0]LogEngine: Initializing Engine...
[2016.01.06-00.26.30:641][  0]OCULUS: Info: 01/06/16 00:26:30: [CAPI] LibOVR module is located at C:\Windows\system32\LibOVRRT64_0_7.dll

[2016.01.06-00.26.31:142][  0]OCULUS: Error: 01/06/16 00:26:31: [CAPI] ovr_Create failed to complete within the timeout period.
[2016.01.06-00.26.31:146][  0]LogHMD: SteamVR failed to initialize.  Err: 110
[2016.01.06-00.26.31:378][  0]LogAIModule: Creating AISystem for world NewWorld
[2016.01.06-00.26.31:391][  0]LogInit: XAudio2 using 'Altavoces (Realtek High Definition Audio)' : 2 channels at 48 kHz using 32 bits per sample (channel mask 0x3)
[2016.01.06-00.26.31:424][  0]LogInit: FAudioDevice initialized.
[2016.01.06-00.26.31:481][  0]LogDerivedDataCache: Saved boot cache 0.06s 41MB C:/Users/Tonga/AppData/Local/UnrealEngine/4.9/DerivedDataCache/Boot.ddc.
[2016.01.06-00.26.31:499][  0]LogInit: Texture streaming: Enabled
[2016.01.06-00.26.31:515][  0]LogAnalytics: Creating configured Analytics provider AnalyticsET
[2016.01.06-00.26.31:515][  0]LogAnalytics: [UEEditor.Rocket.Release] APIServer = http://et2.epicgames.com/ET2/. AppVersion = 4.9.2-2707645+++depot+UE4-Releases+4.9
[2016.01.06-00.26.31:515][  0]LogAnalytics: [UEEditor.Rocket.Release] SetUserId d2bef611456171cb171d15a4a42cb182|6ac59fa8cbb647a4b14c5a548cbd3b91|31fc86a8-acb9-451a-b082-adf3974f05a6
[2016.01.06-00.26.31:516][  0]LogAnalytics: [UEEditor.Rocket.Release] AnalyticsET::StartSession
[2016.01.06-00.26.31:631][  0]LogInit: Transaction tracking system initialized
[2016.01.06-00.26.31:705][  0]BlueprintLog: New page: Editor Load
[2016.01.06-00.26.32:869][  0]LocalizationService: Info Localization service is disabled
[2016.01.06-00.26.33:350][  0]LogConsoleResponse:Display: 
[2016.01.06-00.26.33:689][  0]LogFileCache: Scanning file cache for directory 'C:/Users/Tonga/Documents/Unreal Projects/BotonLuz/Content/' took 0.04s
[2016.01.06-00.26.33:689][  0]LogCook:Display: Done creating registry. It took  0.00s.
[2016.01.06-00.26.33:885][  0]SourceControl: Info Source control is disabled
[2016.01.06-00.26.33:885][  0]Cmd: MAP LOAD FILE="../../../Engine/Content/Maps/Templates/Template_Default.umap" TEMPLATE=1 SHOWPROGRESS=1 FEATURELEVEL=3
[2016.01.06-00.26.33:887][  0]LightingResults: New page: Lighting Build
[2016.01.06-00.26.33:893][  0]MapCheck: New page: Map Check
[2016.01.06-00.26.33:893][  0]LightingResults: New page: Lighting Build
[2016.01.06-00.26.33:919][  0]LogParticles: Destroying 0 GPU particle simulations for FXSystem 0x0000000024C77CE0
[2016.01.06-00.26.34:360][  0]LogAIModule: Creating AISystem for world Untitled_1
[2016.01.06-00.26.34:370][  0]LogEditorServer: Finished looking for orphan Actors (0.000 secs)
[2016.01.06-00.26.34:378][  0]Cmd: MAP CHECKDEP NOCLEARLOG
[2016.01.06-00.26.34:474][  0]MapCheck: Info Map check complete: 0 Error(s), 0 Warning(s), took 95.603ms to complete.
[2016.01.06-00.26.34:474][  0]LogFileHelpers: Loading map 'Template_Default' took 0.589
[2016.01.06-00.26.34:604][  0]LogCollectionManager: Loaded 0 collections in 0.003687 seconds
[2016.01.06-00.26.34:653][  0]LogFileCache: Scanning file cache for directory 'C:/Users/Tonga/Documents/Unreal Projects/BotonLuz/Saved/Collections/' took 0.01s
[2016.01.06-00.26.34:653][  0]LogFileCache: Scanning file cache for directory 'C:/Users/Tonga/Documents/Unreal Projects/BotonLuz/Content/Developers/Tonga/Collections/' too