[2016.01.14-23.02.28:730][  0]Log file open, 01/14/16 20:02:28
[2016.01.14-23.02.28:730][  0]LogInit:Display: Running engine for game: BotonLuz
[2016.01.14-23.02.28:730][  0]LogInit:Display: RandInit(-1851106392) SRandInit(-1851106391).
[2016.01.14-23.02.28:730][  0]LogTaskGraph: Started task graph with 4 named threads and 5 total threads.
[2016.01.14-23.02.28:730][  0]LogStats: Stats thread started at 0.276818
[2016.01.14-23.02.28:730][  0]LogInit: Version: 4.9.2-2707645+++depot+UE4-Releases+4.9
[2016.01.14-23.02.28:730][  0]LogInit: API Version: 2672455
[2016.01.14-23.02.28:730][  0]LogInit: Compiled (64-bit): Sep 28 2015 10:25:44
[2016.01.14-23.02.28:730][  0]LogInit: Compiled with Visual C++: 18.00.21005.01
[2016.01.14-23.02.28:730][  0]LogInit: Build Configuration: Development
[2016.01.14-23.02.28:730][  0]LogInit: Branch Name: ++depot+UE4-Releases+4.9
[2016.01.14-23.02.28:730][  0]LogInit: Command line:  /Temp/Autosaves/Game/UEDPCInicio -game -PIEVIACONSOLE -ResX=1280 -ResY=720  -Multiprocess 
[2016.01.14-23.02.28:730][  0]LogInit: Base directory: C:/Program Files/Epic Games/4.9/Engine/Binaries/Win64/
[2016.01.14-23.02.28:730][  0]LogInit: Rocket: 1
[2016.01.14-23.02.28:779][  0]LogInit: Using libcurl 7.41.0
[2016.01.14-23.02.28:779][  0]LogInit:  - built for x86_64-pc-win32
[2016.01.14-23.02.28:779][  0]LogInit:  - supports SSL with WinSSL
[2016.01.14-23.02.28:779][  0]LogInit:  - other features:
[2016.01.14-23.02.28:779][  0]LogInit:      CURL_VERSION_SSL
[2016.01.14-23.02.28:779][  0]LogInit:      CURL_VERSION_IPV6
[2016.01.14-23.02.28:779][  0]LogInit:      CURL_VERSION_ASYNCHDNS
[2016.01.14-23.02.28:779][  0]LogInit:      CURL_VERSION_LARGEFILE
[2016.01.14-23.02.28:779][  0]LogInit:      CURL_VERSION_IDN
[2016.01.14-23.02.28:780][  0]LogInit:  CurlRequestOptions (configurable via config and command line):
[2016.01.14-23.02.28:780][  0]LogInit:  - bVerifyPeer = true  - Libcurl will verify peer certificate
[2016.01.14-23.02.28:780][  0]LogInit:  - bUseHttpProxy = false  - Libcurl will NOT use HTTP proxy
[2016.01.14-23.02.28:780][  0]LogInit:  - bDontReuseConnections = false  - Libcurl will reuse connections
[2016.01.14-23.02.28:780][  0]LogInit:  - CertBundlePath = nullptr  - Libcurl will use whatever was configured at build time.
[2016.01.14-23.02.28:820][  0]LogInit: Presizing for 0 objects not considered by GC, pre-allocating 0 bytes.
[2016.01.14-23.02.28:843][  0]LogInit: Object subsystem initialized
[2016.01.14-23.02.28:845][  0]LogInit: Selected Device Profile: [Windows]
[2016.01.14-23.02.28:845][  0]LogInit: Applying CVar settings loaded from the selected device profile: [Windows]
[2016.01.14-23.02.28:850][  0]LogInit: Computer: TONGA-PC
[2016.01.14-23.02.28:850][  0]LogInit: User: Tonga
[2016.01.14-23.02.28:850][  0]LogInit: CPU Page size=4096, Cores=2
[2016.01.14-23.02.28:850][  0]LogInit: High frequency timer resolution =3.021875 MHz
[2016.01.14-23.02.28:850][  0]LogMemory: Memory total: Physical=7.9GB (8GB approx)
[2016.01.14-23.02.28:850][  0]LogMemory: Platform Memory Stats for Windows
[2016.01.14-23.02.28:850][  0]LogMemory: Process Physical Memory: 53.93 MB used, 53.93 MB peak
[2016.01.14-23.02.28:850][  0]LogMemory: Process Virtual Memory: 58.60 MB used, 58.60 MB peak
[2016.01.14-23.02.28:850][  0]LogMemory: Physical Memory: 6007.89 MB used, 8132.66 MB total
[2016.01.14-23.02.28:850][  0]LogMemory: Virtual Memory: 337.82 MB used, 8388608.00 MB total
[2016.01.14-23.02.30:697][  0]LogD3D11RHI: Found D3D11 adapter 0: NVIDIA GeForce GTX 750 Ti (Feature Level 11_0)
[2016.01.14-23.02.30:697][  0]LogD3D11RHI: Adapter has 1993MB of dedicated video memory, 0MB of dedicated system memory, and 2048MB of shared system memory, 1 output[s]
[2016.01.14-23.02.30:697][  0]LogD3D11RHI: Chosen D3D11 Adapter Id = 0
[2016.01.14-23.02.30:725][  0]LogD3D11RHI: !Direct3DDevice
[2016.01.14-23.02.30:726][  0]LogRHI: Texture pool is 1361 MB (70% of 1945 MB)
[2016.01.14-23.02.30:755][  0]LogD3D11RHI: Async texture creation enabled
[2016.01.14-23.02.30:774][  0]LogShaderCompilers: Guid format shader working directory is 15 characters bigger than the processId version (../../../../../../Users/Tonga/Documents/Facultad/Tesis/Repositorio/proygrad_fing/BotonLuz/Intermediate/Shaders/WorkingDirectory/5420/).
[2016.01.14-23.02.30:774][  0]LogShaderCompilers: Cleaned the shader compiler working directory '../../../../../../Users/Tonga/Documents/Facultad/Tesis/Repositorio/proygrad_fing/BotonLuz/Intermediate/Shaders/tmp/FA44E461479560D19C8C4CA69E91E499/'.
[2016.01.14-23.02.30:774][  0]LogShaderCompilers:Display: Using Local Shader Compiler.
[2016.01.14-23.02.33:614][  0]LogTemp:Display: Loaded TP AllDesktopTargetPlatform
[2016.01.14-23.02.33:643][  0]LogTemp:Display: Loaded TP WindowsClientTargetPlatform
[2016.01.14-23.02.33:657][  0]LogTemp:Display: Loaded TP WindowsNoEditorTargetPlatform
[2016.01.14-23.02.33:672][  0]LogTemp:Display: Loaded TP WindowsServerTargetPlatform
[2016.01.14-23.02.33:684][  0]LogTemp:Display: Loaded TP WindowsTargetPlatform
[2016.01.14-23.02.33:694][  0]LogTemp:Display: Loaded TP AndroidTargetPlatform
[2016.01.14-23.02.33:702][  0]LogTemp:Display: Loaded TP Android_ASTCTargetPlatform
[2016.01.14-23.02.33:711][  0]LogTemp:Display: Loaded TP Android_ATCTargetPlatform
[2016.01.14-23.02.33:720][  0]LogTemp:Display: Loaded TP Android_DXTTargetPlatform
[2016.01.14-23.02.33:728][  0]LogTemp:Display: Loaded TP Android_ETC1TargetPlatform
[2016.01.14-23.02.33:737][  0]LogTemp:Display: Loaded TP Android_ETC2TargetPlatform
[2016.01.14-23.02.33:746][  0]LogTemp:Display: Loaded TP Android_PVRTCTargetPlatform
[2016.01.14-23.02.33:750][  0]LogTemp:Display: Loaded TP HTML5TargetPlatform
[2016.01.14-23.02.33:787][  0]LogTemp:Display: Loaded TP IOSTargetPlatform
[2016.01.14-23.02.33:795][  0]LogTemp:Display: Loaded TP LinuxNoEditorTargetPlatform
[2016.01.14-23.02.33:803][  0]LogTemp:Display: Loaded TP LinuxServerTargetPlatform
[2016.01.14-23.02.33:813][  0]LogTemp:Display: Loaded TP LinuxTargetPlatform
[2016.01.14-23.02.33:813][  0]LogTargetPlatformManager:Display: Building Assets For Windows
[2016.01.14-23.02.34:057][  0]LogDerivedDataCache:Display: Max Cache Size: 512 MB
[2016.01.14-23.02.34:234][  0]LogDerivedDataCache: Loaded boot cache 0.18s 41MB C:/Users/Tonga/AppData/Local/UnrealEngine/4.9/DerivedDataCache/Boot.ddc.
[2016.01.14-23.02.34:234][  0]LogDerivedDataCache:Display: Loaded Boot cache: C:/Users/Tonga/AppData/Local/UnrealEngine/4.9/DerivedDataCache/Boot.ddc
[2016.01.14-23.02.34:234][  0]LogDerivedDataCache: FDerivedDataBackendGraph:  Pak pak cache file ../../../../../../Users/Tonga/Documents/Facultad/Tesis/Repositorio/proygrad_fing/BotonLuz/DerivedDataCache/DDC.ddp not found, will not use a pak cache.
[2016.01.14-23.02.34:234][  0]LogDerivedDataCache: Unable to find inner node Pak for hierarchical cache Hierarchy.
[2016.01.14-23.02.34:234][  0]LogDerivedDataCache: FDerivedDataBackendGraph:  CompressedPak pak cache file ../../../../../../Users/Tonga/Documents/Facultad/Tesis/Repositorio/proygrad_fing/BotonLuz/DerivedDataCache/Compressed.ddp not found, will not use a pak cache.
[2016.01.14-23.02.34:234][  0]LogDerivedDataCache: Unable to find inner node CompressedPak for hierarchical cache Hierarchy.
[2016.01.14-23.02.34:444][  0]LogDerivedDataCache:Display: Pak cache opened for reading ../../../Engine/DerivedDataCache/Compressed.ddp.
[2016.01.14-23.02.34:456][  0]LogDerivedDataCache: Using Local data cache path C:/Users/Tonga/AppData/Local/UnrealEngine/Common/DerivedDataCache: Writable
[2016.01.14-23.02.34:843][  0]LogInit: Selected Device Profile: [Windows]
[2016.01.14-23.02.34:844][  0]LogContentStreaming: Texture pool size is 1000.000000MB
[2016.01.14-23.02.34:882][  0]LogMeshUtilities: No automatic mesh reduction module available
[2016.01.14-23.02.34:882][  0]LogMeshUtilities: No automatic mesh merging module available
[2016.01.14-23.02.35:571][  0]LogInit: WinSock: version 1.1 (2.2), MaxSocks=32767, MaxUdp=65467
[2016.01.14-23.02.36:103][  0]LogWindowsMoviePlayer: Unable to load movie: ../../../../../../Users/Tonga/Documents/Facultad/Tesis/Repositorio/proygrad_fing/BotonLuz/Content/Movies/Default_Startup.mp4
[2016.01.14-23.02.36:294][  0]SourceControl: Info Source control is disabled
[2016.01.14-23.02.36:294][  0]SourceControl: Info Source control is disabled
[2016.01.14-23.02.36:339][  0]SourceControl: Info Source control is disabled
[2016.01.14-23.02.36:559][  0]LogLinker:Warning: Asset '../../../Engine/Plugins/Runtime/LeapMotionController/Content/LM_PassthroughMaterial.uasset' has been saved with empty engine version. The asset will be loaded but may be incompatible.
[2016.01.14-23.02.36:757][  0]LogObj: 27669 objects as part of root set at end of initial load.
[2016.01.14-23.02.36:757][  0]LogUObjectAllocator: 5775704 out of 0 bytes used by permanent object pool.
[2016.01.14-23.02.36:866][  0]LogEngine: Initializing Engine...
[2016.01.14-23.02.36:871][  0]OCULUS: Info: 01/14/16 23:02:36: [CAPI] LibOVR module is located at C:\Windows\system32\LibOVRRT64_0_7.dll

[2016.01.14-23.02.37:372][  0]OCULUS: Error: 01/14/16 23:02:37: [CAPI] ovr_Create failed to complete within the timeout period.
[2016.01.14-23.02.37:377][  0]LogHMD: SteamVR failed to initialize.  Err: 110
[2016.01.14-23.02.37:577][  0]LogInit: XAudio2 using 'Altavoces (Realtek High Definition Audio)' : 2 channels at 48 kHz using 32 bits per sample (channel mask 0x3)
[2016.01.14-23.02.37:650][  0]LogInit: FAudioDevice initialized.
[2016.01.14-23.02.37:669][  0]LogInit: Texture streaming: Enabled
[2016.01.14-23.02.37:845][  0]LogNet: Browse: /Temp/Autosaves/Game/UEDPCInicio?Name=Player
[2016.01.14-23.02.37:847][  0]LogLoad: LoadMap: /Temp/Autosaves/Game/UEDPCInicio?Name=Player
[2016.01.14-23.02.37:872][  0]LogParticles: Destroying 0 GPU particle simulations for FXSystem 0x000000001270B560
[2016.01.14-23.02.37:898][  0]LogMemory: Platform Memory Stats for Windows
[2016.01.14-23.02.37:898][  0]LogMemory: Process Physical Memory: 373.25 MB used, 373.25 MB peak
[2016.01.14-23.02.37:898][  0]LogMemory: Process Virtual Memory: 431.87 MB used, 447.89 MB peak
[2016.01.14-23.02.37:898][  0]LogMemory: Physical Memory: 6269.13 MB used, 8132.66 MB total
[2016.01.14-23.02.37:898][  0]LogMemory: Virtual Memory: 946.62 MB used, 8388608.00 MB total
[2016.01.14-23.02.37:898][  0]LogMemory: 
[2016.01.14-23.02.37:898][  0]Allocator Stats for TBB: (not implemented)
[2016.01.14-23.02.38:415][  0]LogBlueprint:Warning: [compiler BP_Commentary_Box] Warning  Set Text (String)  is deprecated; Use the SetText function taking an FText instead.
[2016.01.14-23.02.38:426][  0]LogBlueprint:Warning: [compiler BP_Commentary_Box] Warning  Set Text (String)  is deprecated; Use the SetText function taking an FText instead.
[2016.01.14-23.02.38:442][  0]LogBlueprint:Warning: [compiler BP_Commentary_Box] Warning [0010.81] Compile of BP_Commentary_Box successful, but with 2 Warning(s) [in 43 ms]
[2016.01.14-23.02.38:442][  0]LogBlueprint:Warning: [compiler BP_Commentary_Box] Warning [0010.81] Compile of BP_Commentary_Box successful, but with 3 Warning(s) [in 0 ms]
[2016.01.14-23.02.38:442][  0]LogBlueprint:Warning: [compiler BP_Commentary_Box] Warning [0010.81] Compile of BP_Commentary_Box successful, but with 4 Warning(s) [in 0 ms]
[2016.01.14-23.02.38:686][  0]LogBlueprint:Warning: [compiler BP_Commentary_Box] Warning  Set Text (String)  is deprecated; Use the SetText function taking an FText instead.
[2016.01.14-23.02.38:696][  0]LogBlueprint:Warning: [compiler BP_Commentary_Box] Warning  Set Text (String)  is deprecated; Use the SetText function taking an FText instead.
[2016.01.14-23.02.38:709][  0]LogBlueprint:Warning: [compiler BP_Commentary_Box] Warning [0011.08] Compile of BP_Commentary_Box successful, but with 2 Warning(s) [in 38 ms]
[2016.01.14-23.02.38:709][  0]LogBlueprint:Warning: [compiler BP_Commentary_Box] Warning [0011.08] Compile of BP_Commentary_Box successful, but with 3 Warning(s) [in 0 ms]
[2016.01.14-23.02.38:709][  0]LogBlueprint:Warning: [compiler BP_Commentary_Box] Warning [0011.08] Compile of BP_Commentary_Box successful, but with 4 Warning(s) [in 0 ms]
[2016.01.14-23.02.38:955][  0]LogAIModule: Creating AISystem for world Inicio
[2016.01.14-23.02.38:956][  0]LogWorld: Game class is 'GameMode'
[2016.01.14-23.02.38:965][  0]LogWorld: Bringing World /Temp/Autosaves/Game/UEDPCInicio.Inicio up for play (max tick rate 0) at 2016.01.14-20.02.38
[2016.01.14-23.02.38:966][  0]LogWorld: Bringing up level for play took: 0.009531
[2016.01.14-23.02.38:976][  0]LogInit:Display: Game Engine Initialized.
[2016.01.14-23.02.39:227][  0]LogLoad: Full Startup: 11.59 seconds (BP compile: 0.31 seconds)
[2016.01.14-23.02.39:378][  2]LogRenderer: Reallocating scene render targets to support 1280x720 (Frame:2).
[2016.01.14-23.03.42:946][921]PIE:Warning: Warning Mobility of PointLight_0 : LightComponent0 has to be 'Movable' if you'd like to Mobility of {0} : {1} has to be 'Movable' if you'd like to {2}. . 
[2016.01.14-23.03.57:304][808]PIE:Warning: Warning Mobility of PointLight_1 : LightComponent0 has to be 'Movable' if you'd like to Mobility of {0} : {1} has to be 'Movable' if you'd like to {2}. . 
[2016.01.14-23.03.59:955][972]PIE:Warning: Warning Mobility of PointLight_2 : LightComponent0 has to be 'Movable' if you'd like to Mobility of {0} : {1} has to be 'Movable' if you'd like to {2}. . 
[2016.01.14-23.04.02:650][139]PIE:Warning: Warning Mobility of PointLight_3 : LightComponent0 has to be 'Movable' if you'd like to Mobility of {0} : {1} has to be 'Movable' if you'd like to {2}. . 
[2016.01.14-23.04.04:690][265]PIE:Warning: Warning Mobility of PointLight_4 : LightComponent0 has to be 'Movable' if you'd like to Mobility of {0} : {1} has to be 'Movable' if you'd like to {2}. . 
[2016.01.14-23.04.07:127][416]PIE:Warning: Warning Mobility of PointLight_5 : LightComponent0 has to be 'Movable' if you'd like to Mobility of {0} : {1} has to be 'Movable' if you'd like to {2}. . 
[2016.01.14-23.04.09:580][568]PIE:Warning: Warning Mobility of PointLight_6 : LightComponent0 has to be 'Movable' if you'd like to Mobility of {0} : {1} has to be 'Movable' if you'd like to {2}. . 
[2016.01.14-23.04.12:027][719]PIE:Warning: Warning Mobility of PointLight_7 : LightComponent0 has to be 'Movable' if you'd like to Mobility of {0} : {1} has to be 'Movable' if you'd like to {2}. . 
[2016.01.14-23.07.19:390][181]LogEngine: All Windows Closed
[2016.01.14-23.07.19:390][181]LogWindows: FPlatformMisc::RequestExit(0)
[2016.01.14-23.07.20:397][182]LogExit: Preparing to exit.
[2016.01.14-23.07.20:535][182]LogExit: Game engine shut down
[2016.01.14-23.07.20:536][182]LogParticles: Destroying 0 GPU particle simulations for FXSystem 0x000000000BAAFA60
[2016.01.14-23.07.20:740][182]LogExit: Object subsystem successfully closed.
[2016.01.14-23.07.20:763][182]LogD3D11RHI: Shutdown
[2016.01.14-23.07.20:763][182]LogD3D11RHI: CleanupD3DDevice
[2016.01.14-23.07.20:832][182]LogD3D11RHI: ~FD3D11DynamicRHI
[2016.01.14-23.07.20:857][182]LogModuleManager: Shutting down and abandoning module AndroidDeviceDetection (115)
[2016.01.14-23.07.21:262][182]LogModuleManager: Shutting down and abandoning module AutomationController (114)
[2016.01.14-23.07.21:262][182]LogModuleManager: Shutting down and abandoning module AutomationWorker (113)
[2016.01.14-23.07.21:262][182]LogModuleManager: Shutting down and abandoning module CharacterAI (112)
[2016.01.14-23.07.21:262][182]LogModuleManager: Shutting down and abandoning module AITestSuite (111)
[2016.01.14-23.07.21:262][182]LogModuleManager: Shutting down and abandoning module GameplayDebugger (110)
[2016.01.14-23.07.21:262][182]LogModuleManager: Shutting down and abandoning module AIModule (109)
[2016.01.14-23.07.21:262][182]LogModuleManager: Shutting down and abandoning module GameLiveStreaming (108)
[2016.01.14-23.07.21:262][182]LogModuleManager: Shutting down and abandoning module StreamingPauseRendering (107)
[2016.01.14-23.07.21:262][182]LogModuleManager: Shutting down and abandoning module ProfilerService (106)
[2016.01.14-23.07.21:421][182]LogModuleManager: Shutting down and abandoning module TaskGraph (105)
[2016.01.14-23.07.21:421][182]LogModuleManager: Shutting down and abandoning module SlateRemote (104)
[2016.01.14-23.07.21:421][182]LogModuleManager: Shutting down and abandoning module SteamVRController (103)
[2016.01.14-23.07.21:421][182]LogModuleManager: Shutting down and abandoning module SteamVR (102)
[2016.01.14-23.07.21:421][182]LogModuleManager: Shutting down and abandoning module ProceduralMeshComponent (101)
[2016.01.14-23.07.21:421][182]LogModuleManager: Shutting down and abandoning module OculusRift (100)
[2016.01.14-23.07.21:421][182]LogModuleManager: Shutting down and abandoning module OculusLibrary (99)
[2016.01.14-23.07.21:421][182]LogModuleManager: Shutting down and abandoning module LeapMotionController (98)
[2016.01.14-23.07.21:489][182]LogModuleManager: Shutting down and abandoning module CustomMeshComponent (97)
[2016.01.14-23.07.21:489][182]LogModuleManager: Shutting down and abandoning module CableComponent (96)
[2016.01.14-23.07.21:489][182]LogModuleManager: Shutting down and abandoning module ArchVisCharacter (95)
[2016.01.14-23.07.21:489][182]LogModuleManager: Shutting down and abandoning module HTML5Networking (94)
[2016.01.14-23.07.21:489][182]LogModuleManager: Shutting down and abandoning module DesktopPlatform (93)
[2016.01.14-23.07.21:489][182]LogModuleManager: Shutting down and abandoning module DirectoryWatcher (92)
[2016.01.14-23.07.21:489][182]LogModuleManager: Shutting down and abandoning module HotReload (91)
[2016.01.14-23.07.21:489][182]LogModuleManager: Shutting down and abandoning module VisualStudioSourceCodeAccess (90)
[2016.01.14-23.07.21:489][182]LogModuleManager: Shutting down and abandoning module UObjectPlugin (89)
[2016.01.14-23.07.21:489][182]LogModuleManager: Shutting down and abandoning module SubversionSourceControl (88)
[2016.01.14-23.07.21:489][182]LogModuleManager: Shutting down and abandoning module SourceControl (87)
[2016.01.14-23.07.21:489][182]LogModuleManager: Shutting down and abandoning module PerforceSourceControl (86)
[2016.01.14-23.07.21:489][182]LogModuleManager: Shutting down and abandoning module UdpMessaging (85)
[2016.01.14-23.07.21:489][182]LogModuleManager: Shutting down and abandoning module LightPropagationVolumeRuntime (84)
[2016.01.14-23.07.21:489][182]LogModuleManager: Shutting down and abandoning module Paper2D (83)
[2016.01.14-23.07.21:489][182]LogModuleManager: Shutting down and abandoning module WindowsMoviePlayer (82)
[2016.01.14-23.07.21:493][182]LogModuleManager: Shutting down and abandoning module Media (81)
[2016.01.14-23.07.21:493][182]LogModuleManager: Shutting down and abandoning module WmfMedia (80)
[2016.01.14-23.07.21:494][182]LogModuleManager: Shutting down and abandoning module OnlineBlueprintSupport (79)
[2016.01.14-23.07.21:494][182]LogModuleManager: Shutting down and abandoning module GameplayTasksEditor (78)
[2016.01.14-23.07.21:494][182]LogModuleManager: Shutting down and abandoning module PropertyEditor (77)
[2016.01.14-23.07.21:494][182]LogModuleManager: Shutting down and abandoning module BehaviorTreeEditor (76)
[2016.01.14-23.07.21:494][182]LogModuleManager: Shutting down and abandoning module FunctionalTesting (75)
[2016.01.14-23.07.21:494][182]LogModuleManager: Shutting down and abandoning module CollisionAnalyzer (74)
[2016.01.14-23.07.21:494][182]LogModuleManager: Shutting down and abandoning module WorkspaceMenuStructure (73)
[2016.01.14-23.07.21:494][182]LogModuleManager: Shutting down and abandoning module MessageLog (72)
[2016.01.14-23.07.21:494][182]LogModuleManager: Shutting down and abandoning module Sequencer (71)
[2016.01.14-23.07.21:494][182]LogModuleManager: Shutting down and abandoning module AssetTools (70)
[2016.01.14-23.07.21:494][182]LogModuleManager: Shutting down and abandoning module UMGEditor (69)
[2016.01.14-23.07.21:494][182]LogModuleManager: Shutting down and abandoning module UMG (68)
[2016.01.14-23.07.21:494][182]LogModuleManager: Shutting down and abandoning module Slate (67)
[2016.01.14-23.07.21:494][182]LogModuleManager: Shutting down and abandoning module EditorStyle (66)
[2016.01.14-23.07.21:498][182]LogModuleManager: Shutting down and abandoning module SessionServices (65)
[2016.01.14-23.07.21:498][182]LogModuleManager: Shutting down and abandoning module SourceCodeAccess (64)
[2016.01.14-23.07.21:498][182]LogModuleManager: Shutting down and abandoning module HeadMountedDisplay (63)
[2016.01.14-23.07.21:498][182]LogModuleManager: Shutting down and abandoning module XAudio2 (62)
[2016.01.14-23.07.21:498][182]LogModuleManager: Shutting down and abandoning module Networking (60)
[2016.01.14-23.07.21:498][182]LogModuleManager: Shutting down and abandoning module Core (59)
[2016.01.14-23.07.21:498][182]LogModuleManager: Shutting down and abandoning module KismetCompiler (58)
[2016.01.14-23.07.21:498][182]LogModuleManager: Shutting down and abandoning module PhysXFormats (57)
[2016.01.14-23.07.21:498][182]LogModuleManager: Shutting down and abandoning module MeshUtilities (56)
[2016.01.14-23.07.21:498][182]LogModuleManager: Shutting down and abandoning module CookingStats (55)
[2016.01.14-23.07.21:499][182]LogModuleManager: Shutting down and abandoning module DerivedDataCache (54)
[2016.01.14-23.07.21:543][182]LogDerivedDataCache: Shutdown
[2016.01.14-23.07.21:543][182]LogModuleManager: Shutting down and abandoning module ShaderFormatOpenGL (53)
[2016.01.14-23.07.21:543][182]LogModuleManager: Shutting down and abandoning module ShaderFormatD3D (52)
[2016.01.14-23.07.21:543][182]LogModuleManager: Shutting down and abandoning module MetalShaderFormat (51)
[2016.01.14-23.07.21:543][182]LogModuleManager: Shutting down and abandoning module TextureFormatUncompressed (50)
[2016.01.14-23.07.21:543][182]LogModuleManager: Shutting down and abandoning module TextureFormatPVR (49)
[2016.01.14-23.07.21:543][182]LogModuleManager: Shutting down and abandoning module TextureFormatIntelISPCTexComp (48)
[2016.01.14-23.07.21:543][182]LogModuleManager: Shutting down and abandoning module TextureFormatDXT (47)
[2016.01.14-23.07.21:543][182]LogModuleManager: Shutting down and abandoning module ImageWrapper (46)
[2016.01.14-23.07.21:543][182]LogModuleManager: Shutting down and abandoning module TextureFormatASTC (45)
[2016.01.14-23.07.21:543][182]LogModuleManager: Shutting down and abandoning module TextureFormatAndroid (44)
[2016.01.14-23.07.21:543][182]LogModuleManager: Shutting down and abandoning module AudioFormatOpus (43)
[2016.01.14-23.07.21:543][182]LogModuleManager: Shutting down and abandoning module AudioFormatOgg (42)
[2016.01.14-23.07.21:543][182]LogModuleManager: Shutting down and abandoning module AudioFormatADPCM (41)
[2016.01.14-23.07.21:543][182]LogModuleManager: Shutting down and abandoning module LinuxTargetPlatform (40)
[2016.01.14-23.07.21:543][182]LogModuleManager: Shutting down and abandoning module LinuxServerTargetPlatform (39)
[2016.01.14-23.07.21:543][182]LogModuleManager: Shutting down and abandoning module LinuxNoEditorTargetPlatform (38)
[2016.01.14-23.07.21:543][182]LogModuleManager: Shutting down and abandoning module Messaging (37)
[2016.01.14-23.07.21:543][182]LogModuleManager: Shutting down and abandoning module IOSTargetPlatform (36)
[2016.01.14-23.07.21:543][182]LogModuleManager: Shutting down and abandoning module HTML5TargetPlatform (35)
[2016.01.14-23.07.21:543][182]LogModuleManager: Shutting down and abandoning module Android_PVRTCTargetPlatform (34)
[2016.01.14-23.07.21:543][182]LogModuleManager: Shutting down and abandoning module Android_ETC2TargetPlatform (33)
[2016.01.14-23.07.21:543][182]LogModuleManager: Shutting down and abandoning module Android_ETC1TargetPlatform (32)
[2016.01.14-23.07.21:543][182]LogModuleManager: Shutting down and abandoning module Android_DXTTargetPlatform (31)
[2016.01.14-23.07.21:543][182]LogModuleManager: Shutting down and abandoning module Android_ATCTargetPlatform (30)
[2016.01.14-23.07.21:543][182]LogModuleManager: Shutting down and abandoning module Android_ASTCTargetPlatform (29)
[2016.01.14-23.07.21:543][182]LogModuleManager: Shutting down and abandoning module AndroidTargetPlatform (28)
[2016.01.14-23.07.21:543][182]LogModuleManager: Shutting down and abandoning module WindowsTargetPlatform (27)
[2016.01.14-23.07.21:543][182]LogModuleManager: Shutting down and abandoning module WindowsServerTargetPlatform (26)
[2016.01.14-23.07.21:543][182]LogModuleManager: Shutting down and abandoning module WindowsNoEditorTargetPlatform (25)
[2016.01.14-23.07.21:543][182]LogModuleManager: Shutting down and abandoning module WindowsClientTargetPlatform (24)
[2016.01.14-23.07.21:543][182]LogModuleManager: Shutting down and abandoning module AllDesktopTargetPlatform (23)
[2016.01.14-23.07.21:543][182]LogModuleManager: Shutting down and abandoning module TargetPlatform (22)
[2016.01.14-23.07.21:543][182]LogModuleManager: Shutting down and abandoning module InputCore (21)
[2016.01.14-23.07.21:543][182]LogModuleManager: Shutting down and abandoning module Settings (20)
[2016.01.14-23.07.21:543][182]LogModuleManager: Shutting down and abandoning module OnlineSubsystem (18)
[2016.01.14-23.07.21:543][182]LogModuleManager: Shutting down and abandoning module HTTP (17)
[2016.01.14-23.07.21:543][182]LogModuleManager: Shutting down and abandoning module XMPP (16)
[2016.01.14-23.07.21:544][182]LogModuleManager: Shutting down and abandoning module ExampleDeviceProfileSelector (15)
[2016.01.14-23.07.21:544][182]LogModuleManager: Shutting down and abandoning module TextureCompressor (14)
[2016.01.14-23.07.21:544][182]LogModuleManager: Shutting down and abandoning module ShaderCore (13)
[2016.01.14-23.07.21:544][182]LogModuleManager: Shutting down and abandoning module Landscape (12)
[2016.01.14-23.07.21:544][182]LogModuleManager: Shutting down and abandoning module SlateRHIRenderer (11)
[2016.01.14-23.07.21:544][182]LogModuleManager: Shutting down and abandoning module OpenGLDrv (10)
[2016.01.14-23.07.21:544][182]LogModuleManager: Shutting down and abandoning module D3D11RHI (9)
[2016.01.14-23.07.21:544][182]LogModuleManager: Shutting down and abandoning module AnimGraphRuntime (8)
[2016.01.14-23.07.21:544][182]LogModuleManager: Shutting down and abandoning module Renderer (7)
[2016.01.14-23.07.21:544][182]LogModuleManager: Shutting down and abandoning module Engine (6)
[2016.01.14-23.07.21:544][182]LogModuleManager: Shutting down and abandoning module CoreUObject (5)
[2016.01.14-23.07.21:544][182]LogModuleManager: Shutting down and abandoning module NetworkFile (4)
[2016.01.14-23.07.21:544][182]LogModuleManager: Shutting down and abandoning module StreamingFile (3)
[2016.01.14-23.07.21:544][182]LogModuleManager: Shutting down and abandoning module SandboxFile (2)
[2016.01.14-23.07.21:545][182]LogModuleManager: Shutting down and abandoning module PakFile (1)
[2016.01.14-23.07.21:545][182]LogExit: Exiting.
[2016.01.14-23.07.21:547][182]Log file closed, 01/14/16 20:07:21
