[2016.01.06-00.37.19:599][  0]Log file open, 01/05/16 21:37:19
[2016.01.06-00.37.19:599][  0]LogInit:Display: Running engine for game: BotonLuz
[2016.01.06-00.37.19:599][  0]LogInit:Display: RandInit(1389694180) SRandInit(1389694180).
[2016.01.06-00.37.19:599][  0]LogTaskGraph: Started task graph with 4 named threads and 5 total threads.
[2016.01.06-00.37.19:599][  0]LogStats: Stats thread started at 0.089462
[2016.01.06-00.37.19:599][  0]LogInit: Version: 4.9.2-2707645+++depot+UE4-Releases+4.9
[2016.01.06-00.37.19:599][  0]LogInit: API Version: 2672455
[2016.01.06-00.37.19:599][  0]LogInit: Compiled (64-bit): Sep 28 2015 10:25:44
[2016.01.06-00.37.19:599][  0]LogInit: Compiled with Visual C++: 18.00.21005.01
[2016.01.06-00.37.19:599][  0]LogInit: Build Configuration: Development
[2016.01.06-00.37.19:599][  0]LogInit: Branch Name: ++depot+UE4-Releases+4.9
[2016.01.06-00.37.19:599][  0]LogInit: Command line: 
[2016.01.06-00.37.19:599][  0]LogInit: Base directory: C:/Program Files/Epic Games/4.9/Engine/Binaries/Win64/
[2016.01.06-00.37.19:599][  0]LogInit: Rocket: 1
[2016.01.06-00.37.19:617][  0]LogInit: Using libcurl 7.41.0
[2016.01.06-00.37.19:617][  0]LogInit:  - built for x86_64-pc-win32
[2016.01.06-00.37.19:617][  0]LogInit:  - supports SSL with WinSSL
[2016.01.06-00.37.19:617][  0]LogInit:  - other features:
[2016.01.06-00.37.19:617][  0]LogInit:      CURL_VERSION_SSL
[2016.01.06-00.37.19:617][  0]LogInit:      CURL_VERSION_IPV6
[2016.01.06-00.37.19:617][  0]LogInit:      CURL_VERSION_ASYNCHDNS
[2016.01.06-00.37.19:617][  0]LogInit:      CURL_VERSION_LARGEFILE
[2016.01.06-00.37.19:617][  0]LogInit:      CURL_VERSION_IDN
[2016.01.06-00.37.19:617][  0]LogInit:  CurlRequestOptions (configurable via config and command line):
[2016.01.06-00.37.19:617][  0]LogInit:  - bVerifyPeer = true  - Libcurl will verify peer certificate
[2016.01.06-00.37.19:617][  0]LogInit:  - bUseHttpProxy = false  - Libcurl will NOT use HTTP proxy
[2016.01.06-00.37.19:617][  0]LogInit:  - bDontReuseConnections = false  - Libcurl will reuse connections
[2016.01.06-00.37.19:617][  0]LogInit:  - CertBundlePath = nullptr  - Libcurl will use whatever was configured at build time.
[2016.01.06-00.37.19:631][  0]LogInit: Presizing for 0 objects not considered by GC, pre-allocating 0 bytes.
[2016.01.06-00.37.19:642][  0]LogInit: Object subsystem initialized
[2016.01.06-00.37.19:644][  0]LogInit: Selected Device Profile: [Windows]
[2016.01.06-00.37.19:644][  0]LogInit: Applying CVar settings loaded from the selected device profile: [Windows]
[2016.01.06-00.37.19:656][  0]LogInit: Computer: TONGA-PC
[2016.01.06-00.37.19:656][  0]LogInit: User: Tonga
[2016.01.06-00.37.19:656][  0]LogInit: CPU Page size=4096, Cores=2
[2016.01.06-00.37.19:656][  0]LogInit: High frequency timer resolution =3.021894 MHz
[2016.01.06-00.37.19:656][  0]LogMemory: Memory total: Physical=7.9GB (8GB approx)
[2016.01.06-00.37.19:656][  0]LogMemory: Platform Memory Stats for Windows
[2016.01.06-00.37.19:656][  0]LogMemory: Process Physical Memory: 54.02 MB used, 54.02 MB peak
[2016.01.06-00.37.19:656][  0]LogMemory: Process Virtual Memory: 56.66 MB used, 56.66 MB peak
[2016.01.06-00.37.19:656][  0]LogMemory: Physical Memory: 3299.13 MB used, 8132.66 MB total
[2016.01.06-00.37.19:656][  0]LogMemory: Virtual Memory: 339.86 MB used, 8388608.00 MB total
[2016.01.06-00.37.20:674][  0]LogD3D11RHI: Found D3D11 adapter 0: NVIDIA GeForce GTX 750 Ti (Feature Level 11_0)
[2016.01.06-00.37.20:674][  0]LogD3D11RHI: Adapter has 1993MB of dedicated video memory, 0MB of dedicated system memory, and 2048MB of shared system memory, 1 output[s]
[2016.01.06-00.37.20:674][  0]LogD3D11RHI: Chosen D3D11 Adapter Id = 0
[2016.01.06-00.37.20:684][  0]LogD3D11RHI: !Direct3DDevice
[2016.01.06-00.37.20:685][  0]LogRHI: Texture pool is 1361 MB (70% of 1945 MB)
[2016.01.06-00.37.20:702][  0]LogD3D11RHI: Async texture creation enabled
[2016.01.06-00.37.20:718][  0]LogShaderCompilers: Guid format shader working directory is 15 characters bigger than the processId version (../../../../../../Users/Tonga/Documents/Unreal Projects/BotonLuz/Intermediate/Shaders/WorkingDirectory/7040/).
[2016.01.06-00.37.20:718][  0]LogShaderCompilers: Cleaned the shader compiler working directory '../../../../../../Users/Tonga/Documents/Unreal Projects/BotonLuz/Intermediate/Shaders/tmp/3FB9B7A74401A70BE556BAB72EF0B894/'.
[2016.01.06-00.37.20:718][  0]LogShaderCompilers:Display: Using Local Shader Compiler.
[2016.01.06-00.37.22:346][  0]LogTemp:Display: Loaded TP AllDesktopTargetPlatform
[2016.01.06-00.37.22:356][  0]LogTemp:Display: Loaded TP WindowsClientTargetPlatform
[2016.01.06-00.37.22:367][  0]LogTemp:Display: Loaded TP WindowsNoEditorTargetPlatform
[2016.01.06-00.37.22:377][  0]LogTemp:Display: Loaded TP WindowsServerTargetPlatform
[2016.01.06-00.37.22:387][  0]LogTemp:Display: Loaded TP WindowsTargetPlatform
[2016.01.06-00.37.22:394][  0]LogTemp:Display: Loaded TP AndroidTargetPlatform
[2016.01.06-00.37.22:402][  0]LogTemp:Display: Loaded TP Android_ASTCTargetPlatform
[2016.01.06-00.37.22:409][  0]LogTemp:Display: Loaded TP Android_ATCTargetPlatform
[2016.01.06-00.37.22:417][  0]LogTemp:Display: Loaded TP Android_DXTTargetPlatform
[2016.01.06-00.37.22:424][  0]LogTemp:Display: Loaded TP Android_ETC1TargetPlatform
[2016.01.06-00.37.22:432][  0]LogTemp:Display: Loaded TP Android_ETC2TargetPlatform
[2016.01.06-00.37.22:439][  0]LogTemp:Display: Loaded TP Android_PVRTCTargetPlatform
[2016.01.06-00.37.22:441][  0]LogTemp:Display: Loaded TP HTML5TargetPlatform
[2016.01.06-00.37.22:464][  0]LogTemp:Display: Loaded TP IOSTargetPlatform
[2016.01.06-00.37.22:470][  0]LogTemp:Display: Loaded TP LinuxNoEditorTargetPlatform
[2016.01.06-00.37.22:477][  0]LogTemp:Display: Loaded TP LinuxServerTargetPlatform
[2016.01.06-00.37.22:485][  0]LogTemp:Display: Loaded TP LinuxTargetPlatform
[2016.01.06-00.37.22:485][  0]LogTargetPlatformManager:Display: Building Assets For Windows
[2016.01.06-00.37.22:655][  0]LogDerivedDataCache:Display: Max Cache Size: 512 MB
[2016.01.06-00.37.22:771][  0]LogDerivedDataCache: Loaded boot cache 0.12s 41MB C:/Users/Tonga/AppData/Local/UnrealEngine/4.9/DerivedDataCache/Boot.ddc.
[2016.01.06-00.37.22:771][  0]LogDerivedDataCache:Display: Loaded Boot cache: C:/Users/Tonga/AppData/Local/UnrealEngine/4.9/DerivedDataCache/Boot.ddc
[2016.01.06-00.37.22:771][  0]LogDerivedDataCache: FDerivedDataBackendGraph:  Pak pak cache file ../../../../../../Users/Tonga/Documents/Unreal Projects/BotonLuz/DerivedDataCache/DDC.ddp not found, will not use a pak cache.
[2016.01.06-00.37.22:771][  0]LogDerivedDataCache: Unable to find inner node Pak for hierarchical cache Hierarchy.
[2016.01.06-00.37.22:772][  0]LogDerivedDataCache: FDerivedDataBackendGraph:  CompressedPak pak cache file ../../../../../../Users/Tonga/Documents/Unreal Projects/BotonLuz/DerivedDataCache/Compressed.ddp not found, will not use a pak cache.
[2016.01.06-00.37.22:772][  0]LogDerivedDataCache: Unable to find inner node CompressedPak for hierarchical cache Hierarchy.
[2016.01.06-00.37.22:950][  0]LogDerivedDataCache:Display: Pak cache opened for reading ../../../Engine/DerivedDataCache/Compressed.ddp.
[2016.01.06-00.37.22:962][  0]LogDerivedDataCache: Using Local data cache path C:/Users/Tonga/AppData/Local/UnrealEngine/Common/DerivedDataCache: Writable
[2016.01.06-00.37.23:252][  0]LogInit: Selected Device Profile: [Windows]
[2016.01.06-00.37.23:253][  0]LogContentStreaming: Texture pool size is 0.000000MB
[2016.01.06-00.37.23:294][  0]LogMeshUtilities: No automatic mesh reduction module available
[2016.01.06-00.37.23:294][  0]LogMeshUtilities: No automatic mesh merging module available
[2016.01.06-00.37.23:882][  0]LogInit: WinSock: version 1.1 (2.2), MaxSocks=32767, MaxUdp=65467
[2016.01.06-00.37.25:094][  0]UdpMessaging: Initializing bridge on interface 0.0.0.0:0 to multicast group 230.0.0.1:6666.
[2016.01.06-00.37.25:218][  0]LogAssetRegistry: FAssetRegistry took 0.0096 seconds to start up
[2016.01.06-00.37.25:517][  0]SourceControl: Info Source control is disabled
[2016.01.06-00.37.25:518][  0]SourceControl: Info Source control is disabled
[2016.01.06-00.37.25:542][  0]SourceControl: Info Source control is disabled
[2016.01.06-00.37.25:567][  0]SourceControl: Info Source control is disabled
[2016.01.06-00.37.25:888][  0]LogLinker:Warning: Asset '../../../Engine/Plugins/Runtime/LeapMotionController/Content/LM_PassthroughMaterial.uasset' has been saved with empty engine version. The asset will be loaded but may be incompatible.
[2016.01.06-00.37.26:045][  0]LogObj: 28361 objects as part of root set at end of initial load.
[2016.01.06-00.37.26:045][  0]LogUObjectAllocator: 6038872 out of 0 bytes used by permanent object pool.
[2016.01.06-00.37.26:125][  0]LogEngine: Initializing Engine...
[2016.01.06-00.37.26:130][  0]OCULUS: Info: 01/06/16 00:37:26: [CAPI] LibOVR module is located at C:\Windows\system32\LibOVRRT64_0_7.dll

[2016.01.06-00.37.26:631][  0]OCULUS: Error: 01/06/16 00:37:26: [CAPI] ovr_Create failed to complete within the timeout period.
[2016.01.06-00.37.26:635][  0]LogHMD: SteamVR failed to initialize.  Err: 110
[2016.01.06-00.37.26:836][  0]LogAIModule: Creating AISystem for world NewWorld
[2016.01.06-00.37.26:847][  0]LogInit: XAudio2 using 'Altavoces (Realtek High Definition Audio)' : 2 channels at 48 kHz using 32 bits per sample (channel mask 0x3)
[2016.01.06-00.37.26:876][  0]LogInit: FAudioDevice initialized.
[2016.01.06-00.37.26:924][  0]LogDerivedDataCache: Saved boot cache 0.05s 41MB C:/Users/Tonga/AppData/Local/UnrealEngine/4.9/DerivedDataCache/Boot.ddc.
[2016.01.06-00.37.26:940][  0]LogInit: Texture streaming: Enabled
[2016.01.06-00.37.26:954][  0]LogAnalytics: Creating configured Analytics provider AnalyticsET
[2016.01.06-00.37.26:954][  0]LogAnalytics: [UEEditor.Rocket.Release] APIServer = http://et2.epicgames.com/ET2/. AppVersion = 4.9.2-2707645+++depot+UE4-Releases+4.9
[2016.01.06-00.37.26:954][  0]LogAnalytics: [UEEditor.Rocket.Release] SetUserId d2bef611456171cb171d15a4a42cb182|6ac59fa8cbb647a4b14c5a548cbd3b91|31fc86a8-acb9-451a-b082-adf3974f05a6
[2016.01.06-00.37.26:954][  0]LogAnalytics: [UEEditor.Rocket.Release] AnalyticsET::StartSession
[2016.01.06-00.37.27:061][  0]LogInit: Transaction tracking system initialized
[2016.01.06-00.37.27:131][  0]BlueprintLog: New page: Editor Load
[2016.01.06-00.37.27:757][  0]LocalizationService: Info Localization service is disabled
[2016.01.06-00.37.27:955][  0]LogConsoleResponse:Display: 
[2016.01.06-00.37.28:173][  0]LogCook:Display: Done creating registry. It took  0.00s.
[2016.01.06-00.37.28:332][  0]LogFileCache: Scanning file cache for directory 'C:/Users/Tonga/Documents/Unreal Projects/BotonLuz/Content/' took 0.01s
[2016.01.06-00.37.28:332][  0]SourceControl: Info Source control is disabled
[2016.01.06-00.37.28:332][  0]Cmd: MAP LOAD FILE="../../../Engine/Content/Maps/Templates/Template_Default.umap" TEMPLATE=1 SHOWPROGRESS=1 FEATURELEVEL=3
[2016.01.06-00.37.28:333][  0]LightingResults: New page: Lighting Build
[2016.01.06-00.37.28:339][  0]MapCheck: New page: Map Check
[2016.01.06-00.37.28:339][  0]LightingResults: New page: Lighting Build
[2016.01.06-00.37.28:368][  0]LogParticles: Destroying 0 GPU particle simulations for FXSystem 0x00000000140E8400
[2016.01.06-00.37.28:801][  0]LogAIModule: Creating AISystem for world Untitled_1
[2016.01.06-00.37.28:811][  0]LogEditorServer: Finished looking for orphan Actors (0.000 secs)
[2016.01.06-00.37.28:819][  0]Cmd: MAP CHECKDEP NOCLEARLOG
[2016.01.06-00.37.28:915][  0]MapCheck: Info Map check complete: 0 Error(s), 0 Warning(s), took 96.637ms to complete.
[2016.01.06-00.37.28:915][  0]LogFileHelpers: Loading map 'Template_Default' took 0.583
[2016.01.06-00.37.29:079][  0]LogCollectionManager: Loaded 0 collections in 0.004070 seconds
[2016.01.06-00.37.29:124][  0]LogFileCache: Scanning file cache for directory 'C:/Users/Tonga/Documents/Unreal Projects/BotonLuz/Saved/Collections/' took 0.01s
[2016.01.06-00.37.29:124][  0]LogFileCache: Scanning file cache for directory 'C:/Users/Tonga/Documents/Unreal Projects/BotonLuz/Content/Developers/Tonga/Collections/' took 0.01s
[2016.01.06-00.37.29:124][  0]LogFileCache: Scanning file cache for directory 'C:/Users/Tonga/Documents/Unreal Projects/BotonLuz/Content/Collections/' took 0.01s
[2016.01.06-00.37.29:124][  0]LogContentBrowser: Native class hierarchy populated in 0.0114 seconds. Added 1867 classes and 333 folders.
[2016.01.06-00.37.29:133][  0]LogCollectionManager: Rebuilt the GUID cache for 0 collections in 0.000004 seconds
[2016.01.06-00.37.29:145][  0]LogContentBrowser: Native class hierarchy updated for 'WidgetCarousel' in 0.0005 seconds. Added 0 classes and 0 folders.
[2016.01.06-00.37.29:592][  0]LogContentBrowser: Native class hierarchy updated for 'AddContentDialog' in 0.0005 seconds. Added 0 classes and 0 folders.
[2016.01.06-00.37.29:665][  0]LogContentBrowser: Native class hierarchy updated for 'SceneOutliner' in 0.0005 seconds. Added 1 classes and 2 folders.
[2016.01.06-00.37.29:901][  0]LogCrashTracker: Crashtracker disabled due to settings.
[2016.01.06-00.37.29:907][  0]LogUObjectGlobals:Warning: Failed to find object 'Class None.'
[2016.01.06-00.37.29:929][  0]LogLoad: Full Startup: 11.02 seconds (BP compile: 0.07 seconds)
[2016.01.06-00.37.30:147][  0]LogContentStreaming: Texture pool size now 1000 MB
[2016.01.06-00.37.30:338][  0]LogRenderer: Reallocating scene render targets to support 1144x576 (Frame:2).
[2016.01.06-00.37.30:680][  4]LogAssetRegistry: Asset discovery search completed in 5.4723 seconds
[2016.01.06-00.37.30:680][  4]LogCollectionManager: Rebuilt the object cache for 0 collections in 0.000001 seconds (found 0 objects)
[2016.01.06-00.37.30:680][  4]LogCollectionManager: Fixed up redirectors for 0 collections in 0.000051 seconds (updated 0 objects)
[2016.01.06-00.38.21:269][356]LogLinker:Warning: Asset '../../../Engine/Content/ArtTools/RenderToTexture/Macros/RenderToTextureMacros.uasset' has been saved with empty engine version. The asset will be loaded but may be incompatible.
[2016.01.06-00.38.22:043][356]LogContentBrowser: Native class hierarchy updated for 'BlueprintGraph' in 0.0010 seconds. Added 107 classes and 0 folders.
[2016.01.06-00.40.02:373][550]Cmd: OBJ SAVEPACKAGE PACKAGE="/Game/Barra" FILE="../../../../../../Users/Tonga/Documents/Unreal Projects/BotonLuz/Content/Barra.uasset" SILENT=true
[2016.01.06-00.40.02:412][550]LogSavePackage: Save=33.865185ms
[2016.01.06-00.40.02:412][550]LogSavePackage: Moving '../../../../../../Users/Tonga/Documents/Unreal Projects/BotonLuz/Saved/Barra0E4C2FA644EAF5117D8C9AA4C1E4CFAE.tmp' to '../../../../../../Users/Tonga/Documents/Unreal Projects/BotonLuz/Content/Barra.uasset'
[2016.01.06-00.40.02:415][550]LogSavePackage: Total save time: 37.774652ms
[2016.01.06-00.40.02:415][550]LogSavePackage:Warning: Finished SavePackage ../../../../../../Users/Tonga/Documents/Unreal Projects/BotonLuz/Content/Barra.uasset
[2016.01.06-00.40.03:485][630]Cmd: OBJ SAVEPACKAGE PACKAGE="/Game/Barra" FILE="../../../../../../Users/Tonga/Documents/Unreal Projects/BotonLuz/Content/Barra.uasset" SILENT=true
[2016.01.06-00.40.03:511][630]LogSavePackage: Save=21.882965ms
[2016.01.06-00.40.03:511][630]LogSavePackage: Moving '../../../../../../Users/Tonga/Documents/Unreal Projects/BotonLuz/Saved/Barra59D3350742251ED8535D3DB6E024E87D.tmp' to '../../../../../../Users/Tonga/Documents/Unreal Projects/BotonLuz/Content/Barra.uasset'
[2016.01.06-00.40.03:513][630]LogSavePackage: Total save time: 26.201446ms
[2016.01.06-00.40.03:513][630]LogSavePackage:Warning: Finished SavePackage ../../../../../../Users/Tonga/Documents/Unreal Projects/BotonLuz/Content/Barra.uasset
[2016.01.06-00.40.05:008][747]BlueprintLog: New page: Compile Barra
[2016.01.06-00.40.05:137][747]BlueprintEditorCompileResults: Info [0166.23] Compile of Barra successful! [in 128 ms]
[2016.01.06-00.46.12:321][504]LogBlueprintUserMessages: CustomizeDetails for Blueprint 'Untitled', cached variable property's owner is '/Script/Engine.PlayerController'
[2016.01.06-00.46.40:673][580]BlueprintLog: New page: Compile Untitled
[2016.01.06-00.46.40:776][580]LogParticles: Destroying 0 GPU particle simulations for FXSystem 0x00000000318F11C0
[2016.01.06-00.46.40:786][580]LogBlueprintUserMessages: PostEditorRefresh for Blueprint 'Untitled', cached variable property's owner is '/Script/Engine.PlayerController'
[2016.01.06-00.46.40:787][580]BlueprintEditorCompileResults: Info [0561.87] Compile of Untitled successful! [in 113 ms]
[2016.01.06-00.46.40:804][580]LogBlueprintUserMessages: CustomizeDetails for Blueprint 'Untitled', cached variable property's owner is '/Script/Engine.PlayerController'
[2016.01.06-00.46.57:045][726]LogBlueprintUserMessages: Early PlayInEditor Detection: Level '/Temp/Untitled_1.Untitled_1:PersistentLevel' has LevelScriptBlueprint '/Temp/Untitled_1.Untitled_1:PersistentLevel.Untitled' with GeneratedClass '/Temp/Untitled_1.Untitled_C' with ClassGeneratedBy '/Temp/Untitled_1.Untitled_1:PersistentLevel.Untitled'
[2016.01.06-00.46.57:045][726]LogPlayLevel: PlayLevel: No blueprints needed recompiling
[2016.01.06-00.46.57:071][726]PIE: New page: PIE session: Untitled_1 (Jan 5, 2016, 6:46:57 PM)
[2016.01.06-00.46.57:081][726]LogPlayLevel: Creating play world package: /Temp/UEDPIE_0_Untitled_1
[2016.01.06-00.46.57:101][726]LogPlayLevel: PIE: StaticDuplicateObject took: (0.019069s)
[2016.01.06-00.46.57:102][726]LogAIModule: Creating AISystem for world Untitled_1
[2016.01.06-00.46.57:102][726]LogPlayLevel: PIE: World Init took: (0.001415s)
[2016.01.06-00.46.57:103][726]LogPlayLevel: PIE: Created PIE world by copying editor world from /Temp/Untitled_1.Untitled_1 to /Temp/UEDPIE_0_Untitled_1.Untitled_1 (0.021169s)
[2016.01.06-00.46.57:150][726]LogParticles: Destroying 0 GPU particle simulations for FXSystem 0x0000000051F344A0
[2016.01.06-00.46.57:159][726]LogParticles: Destroying 0 GPU particle simulations for FXSystem 0x00000000525A8E00
[2016.01.06-00.46.57:175][726]LogParticles: Destroying 0 GPU particle simulations for FXSystem 0x00000000525AAFC0
[2016.01.06-00.46.57:175][726]LogInit: XAudio2 using 'Altavoces (Realtek High Definition Audio)' : 2 channels at 48 kHz using 32 bits per sample (channel mask 0x3)
[2016.01.06-00.46.57:198][726]LogInit: FAudioDevice initialized.
[2016.01.06-00.46.57:301][726]LogWorld: Game class is 'GameMode'
[2016.01.06-00.46.57:304][726]LogWorld: Bringing World /Temp/UEDPIE_0_Untitled_1.Untitled_1 up for play (max tick rate 0) at 2016.01.05-21.46.57
[2016.01.06-00.46.57:304][726]LogActor:Warning: GameSession /Temp/UEDPIE_0_Untitled_1.Untitled_1:PersistentLevel.GameSession_0 has natively added scene component(s), but none of them were set as the actor's RootComponent - picking one arbitrarily
[2016.01.06-00.46.57:304][726]LogActor:Warning: GameNetworkManager /Temp/UEDPIE_0_Untitled_1.Untitled_1:PersistentLevel.GameNetworkManager_0 has natively added scene component(s), but none of them were set as the actor's RootComponent - picking one arbitrarily
[2016.01.06-00.46.57:309][726]LogWorld: Bringing up level for play took: 0.007772
[2016.01.06-00.46.57:351][726]PIE: Info Play in editor start time for /Temp/UEDPIE_0_Untitled_1 0.241
[2016.01.06-00.46.57:351][726]LogBlueprintUserMessages: Late PlayInEditor Detection: Level '/Temp/Untitled_1.Untitled_1:PersistentLevel' has LevelScriptBlueprint '/Temp/Untitled_1.Untitled_1:PersistentLevel.Untitled' with GeneratedClass '/Temp/Untitled_1.Untitled_C' with ClassGeneratedBy '/Temp/Untitled_1.Untitled_1:PersistentLevel.Untitled'
[2016.01.06-00.48.22:085][422]LogBlueprintUserMessages: Early EndPlayMap Detection: Level '/Temp/Untitled_1.Untitled_1:PersistentLevel' has LevelScriptBlueprint '/Temp/Untitled_1.Untitled_1:PersistentLevel.Untitled' with GeneratedClass '/Temp/Untitled_1.Untitled_C' with ClassGeneratedBy '/Temp/Untitled_1.Untitled_1:PersistentLevel.Untitled'
[2016.01.06-00.48.22:150][422]LogBlueprintUserMessages: Late EndPlayMap Detection: Level '/Temp/Untitled_1.Untitled_1:PersistentLevel' has LevelScriptBlueprint '/Temp/Untitled_1.Untitled_1:PersistentLevel.Untitled' with GeneratedClass '/Temp/Untitled_1.Untitled_C' with ClassGeneratedBy '/Temp/Untitled_1.Untitled_1:PersistentLevel.Untitled'
[2016.01.06-00.48.22:201]