[2016.01.28-22.16.04:345][  0]Log file open, 01/28/16 19:16:04
[2016.01.28-22.16.04:345][  0]LogInit:Display: Running engine for game: BotonLuz
[2016.01.28-22.16.04:345][  0]LogInit:Display: RandInit(-1009020981) SRandInit(-1009020980).
[2016.01.28-22.16.04:345][  0]LogTaskGraph: Started task graph with 4 named threads and 5 total threads.
[2016.01.28-22.16.04:345][  0]LogStats: Stats thread started at 0.106410
[2016.01.28-22.16.04:345][  0]LogInit: Version: 4.9.2-2707645+++depot+UE4-Releases+4.9
[2016.01.28-22.16.04:345][  0]LogInit: API Version: 2672455
[2016.01.28-22.16.04:345][  0]LogInit: Compiled (64-bit): Sep 28 2015 10:25:44
[2016.01.28-22.16.04:345][  0]LogInit: Compiled with Visual C++: 18.00.21005.01
[2016.01.28-22.16.04:345][  0]LogInit: Build Configuration: Development
[2016.01.28-22.16.04:345][  0]LogInit: Branch Name: ++depot+UE4-Releases+4.9
[2016.01.28-22.16.04:345][  0]LogInit: Command line: 
[2016.01.28-22.16.04:345][  0]LogInit: Base directory: C:/Program Files/Epic Games/4.9/Engine/Binaries/Win64/
[2016.01.28-22.16.04:345][  0]LogInit: Rocket: 1
[2016.01.28-22.16.04:366][  0]LogInit: Using libcurl 7.41.0
[2016.01.28-22.16.04:366][  0]LogInit:  - built for x86_64-pc-win32
[2016.01.28-22.16.04:366][  0]LogInit:  - supports SSL with WinSSL
[2016.01.28-22.16.04:366][  0]LogInit:  - other features:
[2016.01.28-22.16.04:366][  0]LogInit:      CURL_VERSION_SSL
[2016.01.28-22.16.04:366][  0]LogInit:      CURL_VERSION_IPV6
[2016.01.28-22.16.04:366][  0]LogInit:      CURL_VERSION_ASYNCHDNS
[2016.01.28-22.16.04:366][  0]LogInit:      CURL_VERSION_LARGEFILE
[2016.01.28-22.16.04:366][  0]LogInit:      CURL_VERSION_IDN
[2016.01.28-22.16.04:367][  0]LogInit:  CurlRequestOptions (configurable via config and command line):
[2016.01.28-22.16.04:367][  0]LogInit:  - bVerifyPeer = true  - Libcurl will verify peer certificate
[2016.01.28-22.16.04:367][  0]LogInit:  - bUseHttpProxy = false  - Libcurl will NOT use HTTP proxy
[2016.01.28-22.16.04:367][  0]LogInit:  - bDontReuseConnections = false  - Libcurl will reuse connections
[2016.01.28-22.16.04:367][  0]LogInit:  - CertBundlePath = nullptr  - Libcurl will use whatever was configured at build time.
[2016.01.28-22.16.04:385][  0]LogInit: Presizing for 0 objects not considered by GC, pre-allocating 0 bytes.
[2016.01.28-22.16.04:397][  0]LogInit: Object subsystem initialized
[2016.01.28-22.16.04:400][  0]LogInit: Selected Device Profile: [Windows]
[2016.01.28-22.16.04:400][  0]LogInit: Applying CVar settings loaded from the selected device profile: [Windows]
[2016.01.28-22.16.04:423][  0]LogInit: Computer: TONGA-PC
[2016.01.28-22.16.04:423][  0]LogInit: User: Tonga
[2016.01.28-22.16.04:423][  0]LogInit: CPU Page size=4096, Cores=2
[2016.01.28-22.16.04:423][  0]LogInit: High frequency timer resolution =3.021914 MHz
[2016.01.28-22.16.04:423][  0]LogMemory: Memory total: Physical=7.9GB (8GB approx)
[2016.01.28-22.16.04:423][  0]LogMemory: Platform Memory Stats for Windows
[2016.01.28-22.16.04:423][  0]LogMemory: Process Physical Memory: 54.79 MB used, 54.79 MB peak
[2016.01.28-22.16.04:423][  0]LogMemory: Process Virtual Memory: 58.66 MB used, 58.66 MB peak
[2016.01.28-22.16.04:423][  0]LogMemory: Physical Memory: 5376.25 MB used, 8132.66 MB total
[2016.01.28-22.16.04:423][  0]LogMemory: Virtual Memory: 341.77 MB used, 8388608.00 MB total
[2016.01.28-22.16.06:356][  0]LogD3D11RHI: Found D3D11 adapter 0: NVIDIA GeForce GTX 750 Ti (Feature Level 11_0)
[2016.01.28-22.16.06:356][  0]LogD3D11RHI: Adapter has 1993MB of dedicated video memory, 0MB of dedicated system memory, and 2048MB of shared system memory, 1 output[s]
[2016.01.28-22.16.06:356][  0]LogD3D11RHI: Chosen D3D11 Adapter Id = 0
[2016.01.28-22.16.06:369][  0]LogD3D11RHI: !Direct3DDevice
[2016.01.28-22.16.06:369][  0]LogRHI: Texture pool is 1361 MB (70% of 1945 MB)
[2016.01.28-22.16.06:395][  0]LogD3D11RHI: Async texture creation enabled
[2016.01.28-22.16.06:413][  0]LogShaderCompilers: Guid format shader working directory is 16 characters bigger than the processId version (../../../../../../Users/Tonga/Documents/Facultad/Tesis/Repositorio/proygrad_fing/BotonLuz/Intermediate/Shaders/WorkingDirectory/556/).
[2016.01.28-22.16.06:414][  0]LogShaderCompilers: Cleaned the shader compiler working directory '../../../../../../Users/Tonga/Documents/Facultad/Tesis/Repositorio/proygrad_fing/BotonLuz/Intermediate/Shaders/tmp/ABB6FA304C0965926795F395D895765F/'.
[2016.01.28-22.16.06:414][  0]LogShaderCompilers:Display: Using Local Shader Compiler.
[2016.01.28-22.16.08:721][  0]LogTemp:Display: Loaded TP AllDesktopTargetPlatform
[2016.01.28-22.16.08:734][  0]LogTemp:Display: Loaded TP WindowsClientTargetPlatform
[2016.01.28-22.16.08:746][  0]LogTemp:Display: Loaded TP WindowsNoEditorTargetPlatform
[2016.01.28-22.16.08:761][  0]LogTemp:Display: Loaded TP WindowsServerTargetPlatform
[2016.01.28-22.16.08:774][  0]LogTemp:Display: Loaded TP WindowsTargetPlatform
[2016.01.28-22.16.08:784][  0]LogTemp:Display: Loaded TP AndroidTargetPlatform
[2016.01.28-22.16.08:798][  0]LogTemp:Display: Loaded TP Android_ASTCTargetPlatform
[2016.01.28-22.16.08:811][  0]LogTemp:Display: Loaded TP Android_ATCTargetPlatform
[2016.01.28-22.16.08:822][  0]LogTemp:Display: Loaded TP Android_DXTTargetPlatform
[2016.01.28-22.16.08:834][  0]LogTemp:Display: Loaded TP Android_ETC1TargetPlatform
[2016.01.28-22.16.08:845][  0]LogTemp:Display: Loaded TP Android_ETC2TargetPlatform
[2016.01.28-22.16.08:856][  0]LogTemp:Display: Loaded TP Android_PVRTCTargetPlatform
[2016.01.28-22.16.08:862][  0]LogTemp:Display: Loaded TP HTML5TargetPlatform
[2016.01.28-22.16.08:897][  0]LogTemp:Display: Loaded TP IOSTargetPlatform
[2016.01.28-22.16.08:905][  0]LogTemp:Display: Loaded TP LinuxNoEditorTargetPlatform
[2016.01.28-22.16.08:915][  0]LogTemp:Display: Loaded TP LinuxServerTargetPlatform
[2016.01.28-22.16.08:926][  0]LogTemp:Display: Loaded TP LinuxTargetPlatform
[2016.01.28-22.16.08:926][  0]LogTargetPlatformManager:Display: Building Assets For Windows
[2016.01.28-22.16.09:128][  0]LogDerivedDataCache:Display: Max Cache Size: 512 MB
[2016.01.28-22.16.09:290][  0]LogDerivedDataCache: Loaded boot cache 0.16s 41MB C:/Users/Tonga/AppData/Local/UnrealEngine/4.9/DerivedDataCache/Boot.ddc.
[2016.01.28-22.16.09:290][  0]LogDerivedDataCache:Display: Loaded Boot cache: C:/Users/Tonga/AppData/Local/UnrealEngine/4.9/DerivedDataCache/Boot.ddc
[2016.01.28-22.16.09:290][  0]LogDerivedDataCache: FDerivedDataBackendGraph:  Pak pak cache file ../../../../../../Users/Tonga/Documents/Facultad/Tesis/Repositorio/proygrad_fing/BotonLuz/DerivedDataCache/DDC.ddp not found, will not use a pak cache.
[2016.01.28-22.16.09:290][  0]LogDerivedDataCache: Unable to find inner node Pak for hierarchical cache Hierarchy.
[2016.01.28-22.16.09:291][  0]LogDerivedDataCache: FDerivedDataBackendGraph:  CompressedPak pak cache file ../../../../../../Users/Tonga/Documents/Facultad/Tesis/Repositorio/proygrad_fing/BotonLuz/DerivedDataCache/Compressed.ddp not found, will not use a pak cache.
[2016.01.28-22.16.09:291][  0]LogDerivedDataCache: Unable to find inner node CompressedPak for hierarchical cache Hierarchy.
[2016.01.28-22.16.09:494][  0]LogDerivedDataCache:Display: Pak cache opened for reading ../../../Engine/DerivedDataCache/Compressed.ddp.
[2016.01.28-22.16.09:508][  0]LogDerivedDataCache: Using Local data cache path C:/Users/Tonga/AppData/Local/UnrealEngine/Common/DerivedDataCache: Writable
[2016.01.28-22.16.09:879][  0]LogInit: Selected Device Profile: [Windows]
[2016.01.28-22.16.09:880][  0]LogContentStreaming: Texture pool size is 0.000000MB
[2016.01.28-22.16.09:937][  0]LogMeshUtilities: No automatic mesh reduction module available
[2016.01.28-22.16.09:937][  0]LogMeshUtilities: No automatic mesh merging module available
[2016.01.28-22.16.10:823][  0]LogInit: WinSock: version 1.1 (2.2), MaxSocks=32767, MaxUdp=65467
[2016.01.28-22.16.12:641][  0]UdpMessaging: Initializing bridge on interface 0.0.0.0:0 to multicast group 230.0.0.1:6666.
[2016.01.28-22.16.12:845][  0]LogAssetRegistry: FAssetRegistry took 0.0115 seconds to start up
[2016.01.28-22.16.13:278][  0]SourceControl: Info Source control is disabled
[2016.01.28-22.16.13:280][  0]SourceControl: Info Source control is disabled
[2016.01.28-22.16.13:307][  0]SourceControl: Info Source control is disabled
[2016.01.28-22.16.13:334][  0]SourceControl: Info Source control is disabled
[2016.01.28-22.16.13:793][  0]LogLinker:Warning: Asset '../../../Engine/Plugins/Runtime/LeapMotionController/Content/LM_PassthroughMaterial.uasset' has been saved with empty engine version. The asset will be loaded but may be incompatible.
[2016.01.28-22.16.14:005][  0]LogObj: 28361 objects as part of root set at end of initial load.
[2016.01.28-22.16.14:005][  0]LogUObjectAllocator: 6038864 out of 0 bytes used by permanent object pool.
[2016.01.28-22.16.14:105][  0]LogEngine: Initializing Engine...
[2016.01.28-22.16.14:110][  0]OCULUS: Info: 01/28/16 22:16:14: [CAPI] LibOVR module is located at C:\Windows\system32\LibOVRRT64_0_7.dll

[2016.01.28-22.16.14:612][  0]OCULUS: Error: 01/28/16 22:16:14: [CAPI] ovr_Create failed to complete within the timeout period.
[2016.01.28-22.16.14:616][  0]LogHMD: SteamVR failed to initialize.  Err: 110
[2016.01.28-22.16.14:862][  0]LogAIModule: Creating AISystem for world NewWorld
[2016.01.28-22.16.14:877][  0]LogInit: XAudio2 using 'Altavoces (Realtek High Definition Audio)' : 2 channels at 48 kHz using 32 bits per sample (channel mask 0x3)
[2016.01.28-22.16.14:918][  0]LogInit: FAudioDevice initialized.
[2016.01.28-22.16.14:977][  0]LogDerivedDataCache: Saved boot cache 0.06s 41MB C:/Users/Tonga/AppData/Local/UnrealEngine/4.9/DerivedDataCache/Boot.ddc.
[2016.01.28-22.16.14:994][  0]LogInit: Texture streaming: Enabled
[2016.01.28-22.16.15:010][  0]LogAnalytics: Creating configured Analytics provider AnalyticsET
[2016.01.28-22.16.15:010][  0]LogAnalytics: [UEEditor.Rocket.Release] APIServer = http://et2.epicgames.com/ET2/. AppVersion = 4.9.2-2707645+++depot+UE4-Releases+4.9
[2016.01.28-22.16.15:011][  0]LogAnalytics: [UEEditor.Rocket.Release] SetUserId d2bef611456171cb171d15a4a42cb182|6ac59fa8cbb647a4b14c5a548cbd3b91|31fc86a8-acb9-451a-b082-adf3974f05a6
[2016.01.28-22.16.15:011][  0]LogAnalytics: [UEEditor.Rocket.Release] AnalyticsET::StartSession
[2016.01.28-22.16.15:166][  0]LogInit: Transaction tracking system initialized
[2016.01.28-22.16.15:252][  0]BlueprintLog: New page: Editor Load
[2016.01.28-22.16.15:497][  0]LocalizationService: Info Localization service is disabled
[2016.01.28-22.16.15:735][  0]LogConsoleResponse:Display: 
[2016.01.28-22.16.15:972][  0]LogCook:Display: Done creating registry. It took  0.00s.
[2016.01.28-22.16.16:209][  0]LogFileCache: Scanning file cache for directory 'C:/Users/Tonga/Documents/Facultad/Tesis/Repositorio/proygrad_fing/BotonLuz/Content/' took 0.03s
[2016.01.28-22.16.16:209][  0]SourceControl: Info Source control is disabled
[2016.01.28-22.16.16:209][  0]Cmd: MAP LOAD FILE="../../../../../../Users/Tonga/Documents/Facultad/Tesis/Repositorio/proygrad_fing/BotonLuz/Content/Inicio.umap" TEMPLATE=0 SHOWPROGRESS=1 FEATURELEVEL=3
[2016.01.28-22.16.16:240][  0]LightingResults: New page: Lighting Build
[2016.01.28-22.16.16:250][  0]MapCheck: New page: Map Check
[2016.01.28-22.16.16:250][  0]LightingResults: New page: Lighting Build
[2016.01.28-22.16.16:794][  0]LogParticles: Destroying 0 GPU particle simulations for FXSystem 0x00000000253F2160
[2016.01.28-22.16.17:137][  0]LogBlueprint:Error: [compiler ElementoListaLuzAgregada] Error No delegate function name  Create Event 
[2016.01.28-22.16.17:138][  0]LogBlueprint:Error: [compiler ElementoListaLuzAgregada] Error Failed to create property K2Node_CreateDelegate_OutputDelegate from  Event  due to a bad or unknown type (Delegate)
[2016.01.28-22.16.17:138][  0]LogBlueprint:Error: [compiler ElementoListaLuzAgregada] Error Event signature error:  No function name.  Create Event 
[2016.01.28-22.16.17:159][  0]LogBlueprint:Warning: [compiler ElementoListaLuzAgregada] Warning [0013.81] Compile of ElementoListaLuzAgregada failed. 3 Fatal Issue(s) 0 Warning(s) [in 45 ms]
[2016.01.28-22.16.17:159][  0]LogBlueprint:Warning: [compiler ElementoListaLuzAgregada] Warning [0013.81] Compile of ElementoListaLuzAgregada failed. 3 Fatal Issue(s) 1 Warning(s) [in 0 ms]
[2016.01.28-22.16.17:159][  0]LogBlueprint:Warning: [compiler ElementoListaLuzAgregada] Warning [0013.81] Compile of ElementoListaLuzAgregada failed. 3 Fatal Issue(s) 2 Warning(s) [in 0 ms]
[2016.01.28-22.16.18:770][  0]LogBlueprint:Warning: [compiler BP_Commentary_Box] Warning  Set Text (String)  is deprecated; Use the SetText function taking an FText instead.
[2016.01.28-22.16.18:791][  0]LogBlueprint:Warning: [compiler BP_Commentary_Box] Warning  Set Text (String)  is deprecated; Use the SetText function taking an FText instead.
[2016.01.28-22.16.18:813][  0]LogBlueprint:Warning: [compiler BP_Commentary_Box] Warning [0015.46] Compile of BP_Commentary_Box successful, but with 2 Warning(s) [in 85 ms]
[2016.01.28-22.16.18:813][  0]LogBlueprint:Warning: [compiler BP_Commentary_Box] Warning [0015.46] Compile of BP_Commentary_Box successful, but with 3 Warning(s) [in 0 ms]
[2016.01.28-22.16.18:814][  0]LogBlueprint:Warning: [compiler BP_Commentary_Box] Warning [0015.46] Compile of BP_Commentary_Box successful, but with 4 Warning(s) [in 0 ms]
[2016.01.28-22.16.18:874][  0]LogBlueprint:Warning: [compiler BP_Commentary_Box] Warning  Set Text (String)  is deprecated; Use the SetText function taking an FText instead.
[2016.01.28-22.16.18:890][  0]LogBlueprint:Warning: [compiler BP_Commentary_Box] Warning  Set Text (String)  is deprecated; Use the SetText function taking an FText instead.
[2016.01.28-22.16.18:912][  0]LogBlueprint:Warning: [compiler BP_Commentary_Box] Warning [0015.56] Compile of BP_Commentary_Box successful, but with 2 Warning(s) [in 78 ms]
[2016.01.28-22.16.18:912][  0]LogBlueprint:Warning: [compiler BP_Commentary_Box] Warning [0015.56] Compile of BP_Commentary_Box successful, but with 3 Warning(s) [in 0 ms]
[2016.01.28-22.16.18:912][  0]LogBlueprint:Warning: [compiler BP_Commentary_Box] Warning [0015.56] Compile of BP_Commentary_Box successful, but with 4 Warning(s) [in 0 ms]
[2016.01.28-22.16.20:434][  0]LogAIModule: Creating AISystem for world Inicio
[2016.01.28-22.16.20:437][  0]LogEditorServer: Finished looking for orphan Actors (0.000 secs)
[2016.01.28-22.16.20:438][  0]Cmd: MAP CHECKDEP NOCLEARLOG
[2016.01.28-22.16.20:574][  0]MapCheck: Info Map check complete: 0 Error(s), 0 Warning(s), took 135.394ms to complete.
[2016.01.28-22.16.20:574][  0]LogFileHelpers: Loading map 'Inicio' took 4.365
[2016.01.28-22.16.20:778][  0]LogCollectionManager: Loaded 0 collections in 0.004867 seconds
[2016.01.28-22.16.20:827][  0]LogFileCache: Scanning file cache for directory 'C:/Users/Tonga/Documents/Facultad/Tesis/Repositorio/proygrad_fing/BotonLuz/Saved/Collections/' took 0.01s
[2016.01.28-22.16.20:827][  0]LogFileCache: Scanning file cache for directory 'C:/Users/Tonga/Documents/Facultad/Tesis/Repositorio/proygrad_fing/BotonLuz/Content/Developers/Tonga/Collections/' took 0.01s
[2016.01.28-22.16.20:828][  0]LogFileCache: Scanning file cache for directory 'C:/Users/Tonga/Documents/Facultad/Tesis/Repositorio/proygrad_fing/BotonLuz/Content/Collections/' took 0.01s
[2016.01.28-22.16.20:828][  0]LogContentBrowser: Native class hierarchy populated in 0.0134 seconds. Added 1867 classes and 333 folders.
[2016.01.28-22.16.20:840][  0]LogCollectionManager: Rebuilt the GUID cache for 0 collections in 0.000004 seconds
[2016.01.28-22.16.20:857][  0]LogContentBrowser: Native class hierarchy updated for 'WidgetCarousel' in 0.0005 seconds. Added 0 classes and 0 folders.
[2016.01.28-22.16.21:721][  0]LogContentBrowser: Native class hierarchy updated for 'AddContentDialog' in 0.0006 seconds. Added 0 classes and 0 folders.
[2016.01.28-22.16.21:822][  0]LogContentBrowser: Native class hierarchy updated for 'SceneOutliner' in 0.0009 seconds. Added 1 classes and 2 folders.
[2016.01.28-22.16.22:071][  0]LogCrashTracker: Crashtracker disabled due to settings.
[2016.01.28-22.16.22:078][  0]LogUObjectGlobals:Warning: Failed to find object 'Class None.'
[2016.01.28-22.16.22:101][  0]LogLoad: Full Startup: 18.75 seconds (BP compile: 0.60 seconds)
[2016.01.28-22.16.22:113][  0]LoadErrors:Error: Error /Game/ElementoListaLuzAgregada : Failed import for ObjectProperty /Game/Blueprints/Lightbulb.Lightbulb_C:StaticMesh
[2016.01.28-22.16.22:426][  0]LogContentStreaming: Texture pool size now 1000 MB
[2016.01.28-22.16.22:774][  0]LogRenderer: Reallocating scene render targets to support 1144x576 (Frame:2).
[2016.01.28-22.16.23:850][  9]LogAssetRegistry: Asset discovery search completed in 11.0152 seconds
[2016.01.28-22.16.23:850][  9]LogCollectionManager: Rebuilt the object cache for 0 collections in 0.000002 seconds (found 0 objects)
[2016.01.28-22.16.23:850][  9]LogCollectionManager: Fixed up redirectors for 0 collections in 0.000044 seconds (updated 0 objects)
[2016.01.28-22.16.28:246][396]LogBlueprintUserMessages: Early PlayInEditor Detection: Level '/Game/Inicio.Inicio:PersistentLevel' has LevelScriptBlueprint '/Game/Inicio.Inicio:PersistentLevel.Inicio' with GeneratedClass '/Game/Inicio.Inicio_C' with ClassGeneratedBy '/Game/Inicio.Inicio:PersistentLevel.Inicio'
[2016.01.28-22.16.28:246][396]LogPlayLevel: PlayLevel: No blueprints needed recompiling
[2016.01.28-22.16.33:938][467]LogLinker:Warning: Asset '../../../Engine/Content/ArtTools/RenderToTexture/Macros/RenderToTextureMacros.uasset' has been saved with empty engine version. The asset will be loaded but may be incompatible.
[2016.01.28-22.16.34:760][467]LogContentBrowser: Native class hierarchy updated for 'BlueprintGraph' in 0.0013 seconds. Added 107 classes and 0 folders.
[2016.01.28-22.16.37:069][533]BlueprintLog: New page: Compile ElementoListaLuzAgregada
[2016.01.28-22.16.37:121][533]LogBlueprint:Error: [compiler ElementoListaLuzAgregada] Error No delegate function name  Create Event 
[2016.01.28-22.16.37:122][533]LogBlueprint:Error: [compiler ElementoListaLuzAgregada] Error Failed to create property K2Node_CreateDelegate_OutputDelegate from  Event  due to a bad or unknown type (Delegate)
[2016.01.28-22.16.37:122][533]LogBlueprint:Error: [compiler ElementoListaLuzAgregada] Error Event signature error:  No function name.  Create Event 
[2016.01.28-22.16.37:391][533]LogBlueprint:Warning: [compiler ElementoListaLuzAgregada] Warning [0034.04] Compile of ElementoListaLuzAgregada failed. 3 Fatal Issue(s) 0 Warning(s) [in 321 ms]
[2016.01.28-22.16.37:391][533]BlueprintEditorCompileResults:Error: Error No delegate function name  Create Event 
[2016.01.28-22.16.37:391][533]BlueprintEditorCompileResults:Error: Error Failed to create property K2Node_CreateDelegate_OutputDelegate from  Event  due to a bad or unknown type (Delegate)
[2016.01.28-22.16.37:391][533]BlueprintEditorCompileResults:Error: Error Event signature error:  No function name.  Create Event 
[2016.01.28-22.16.37:391][533]BlueprintEditorCompileResults:Warning: Warning [0034.04] Compile of ElementoListaLuzAgregada failed. 3 Fatal Issue(s) 0 Warning(s) [in 321 ms]
[2016.01.28-22.16.53:609][386]LogSavePackage: Save=176.491791ms
[2016.01.28-22.16.53:610][386]LogSavePackage: Moving '../../../../../../Users/Tonga/Documents/Facultad/Tesis/Repositorio/proygrad_fing/BotonLuz/Saved/ElementoListaLuzAgregadaEB37830C49BE34F1C41187BED1B1B52F.tmp' to '../../../../../../Users/Tonga/Documents/Facultad/Tesis/Repositorio/proygrad_fing/BotonLuz/Content/ElementoListaLuzAgregada.uasset'
[2016.01.28-22.16.53:616][386]LogSavePackage: Total save time: 354.270834ms
[2016.01.28-22.16.53:616][386]LogSavePackage:Warning: Finished SavePackage ../../../../../../Users/Tonga/Documents/Facultad/Tesis/Repositorio/proygrad_fing/BotonLuz/Content/ElementoListaLuzAgregada.uasset
[2016.01.28-22.16.54:139][414]BlueprintLog: New page: Compile ElementoListaLuzAgregada
[2016.01.28-22.16.54:374][414]BlueprintEditorCompileResults: Info [0051.02] Compile of ElementoListaLuzAgregada successful! [in 235 ms]
[2016.01.28-22.16.56:882][560]LogBlueprintUserMessages: Early PlayInEditor Detection: Level '/Game/Inicio.Inicio:PersistentLevel' has LevelScriptBlueprint '/Game/Inicio.Inicio:PersistentLevel.Inicio' with GeneratedClass '/Game/Inicio.Inicio_C' with ClassGeneratedBy '/Game/Inicio.Inicio:PersistentLevel.Inicio'
[2016.01.28-22.16.56:882][560]LogPlayLevel: PlayLevel: No blueprints needed recompiling
[2016.01.28-22.16.56:883][560]PIE: New page: SIE session: Inicio (Jan 28, 2016, 4:16:56 PM)
[2016.01.28-22.16.56:883][560]LogPlayLevel: Creating play world package: /Game/UEDPIE_0_Inicio
[2016.01.28-22.16.56:896][560]LogPlayLevel: PIE: StaticDuplicateObject took: (0.012461s)
[2016.01.28-22.16.56:897][560]LogAIModule: Creating AISystem for world Inicio
[2016.01.28-22.16.56:897][560]LogPlayLevel: PIE: World Init took: (0.001479s)
[2016.01.28-22.16.56:898][560]LogPlayLevel: PIE: Created PIE world by copying editor world from /Game/Inicio.Inicio to /Game/UEDPIE_0_Inicio.Inicio (0.014291s)
[2016.01.28-22.16.56:959][560]LogParticles: Destroying 0 GPU particle simulations for FXSystem 0x000000002BDBD800
[2016.01.28-22.16.56:961][560]LogParticles: Destroying 0 GPU particle simulations for FXSystem 0x000000002BDBC540
[2016.01.28-22.16.56:977][560]LogInit: XAudio2 using 'Altavoces (Realtek High Definition Audio)' : 2 channels at 48 kHz using 32 bits per sample (channel mask 0x3)
[2016.01.28-22.16.57:014][560]LogInit: FAudioDevice initialized.
[2016.01.28-22.16.57:098][560]LogWorld: Game class is 'GameMode'
[2016.01.28-22.16.57:102][560]LogWorld: Bringing World /Game/UEDPIE_0_Inicio.Inicio up for play (max tick rate 0) at 2016.01.28-19.16.57
[2016.01.28-22.16.57:102][560]LogActor:Warning: GameSession /Game/UEDPIE_0_Inicio.Inicio:PersistentLevel.GameSession_0 has natively added scene component(s), but none of them were set as the actor's RootComponent - picking one arbitrarily
[2016.01.28-22.16.57:103][560]LogActor:Warning: GameNetworkManager /Game/UEDPIE_0_Inicio.Inicio:PersistentLevel.GameNetworkManager_0 has natively added scene component(s), but none of them were set as the actor's RootComponent - picking one arbitrarily
[2016.01.28-22.16.57:103][560]LogWorld: Bringing up level for play took: 0.004697
[2016.01.28-22.16.57:111][560]PIE: Info Play in editor start time for /Game/UEDPIE_0_Inicio 0.634
[2016.01.28-22.16.57:155][560]LogBlueprintUserMessages: Late PlayInEditor Detection: Level '/Game/Inicio.Inicio:PersistentLevel' has LevelScriptBlueprint '/Game/Inicio.Inicio:PersistentLevel.Inicio' with GeneratedClass '/Game/Inicio.Inicio_C' with ClassGeneratedBy '/Game/Inicio.Inicio:PersistentLevel.Inicio'
[2016.01.28-22.16.59:717][664]PIE:Warning: Warning Mobility of PointLight_0 : LightComponent0 has to be 'Movable' if you'd like to Mobility of {0} : {1} has to be 'Movable' if you'd like to {2}. . 
[2016.01.28-22.17.01:011][713]LogEditorViewport: Clicking on Actor (LMB): Lightbulb_C (Lightbulb)
[2016.01.28-22.17.01:011][713]LogSelection:Warning: PIE object was selected: "Lightbulb_C /Game/UEDPIE_0_Inicio.Inicio:PersistentLevel.Lightbulb_C_0"
[2016.01.28-22.17.24:279][424]LogEditorViewport: Clicking on Actor (LMB): BP_Sky_Sphere_C (Sky Sphere)
[2016.01.28-22.17.24:279][424]LogSelection:Warning: PIE object was selected: "BP_Sky_Sphere_C /Game/UEDPIE_0_Inicio.Inicio:PersistentLevel.SkySphere"
[2016.01.28-22.17.31:552][868]LogEditorViewport: Clicking on Actor (LMB): Lightbulb_C (Lightbulb)
[2016.01.28-22.17.31:552][868]LogSelection:Warning: PIE object was selected: "Lightbulb_C /Game/UEDPIE_0_Inicio.Inicio:PersistentLevel.Lightbulb_C_0"
[2016.01.28-22.20.15:840][812]LogEditorViewport: Clicking on Actor (LMB): BP_Sky_Sphere_C (Sky Sphere)
[2016.01.28-22.20.15:840][812]LogSelection:Warning: PIE object was selected: "BP_Sky_Sphere_C /Game/UEDPIE_0_Inicio.Inicio:PersistentLevel.SkySphere"
[2016.01.28-22.20.16:175][822]LogEditorViewport: Clicking on Actor (LMB): BP_Sky_Sphere_C (Sky Sphere)
[2016.01.28-22.20.16:175][822]LogSelection:Warning: PIE object was selected: "BP_Sky_Sphere_C /Game/UEDPIE_0_Inicio.Inicio:PersistentLevel.SkySphere"
[2016.01.28-22.20.16:969][855]LogEditorViewport: Clicking on Actor (LMB): BP_Sky_Sphere_C (Sky Sphere)
[2016.01.28-22.20.16:969][855]LogSelection:Warning: PIE object was selected: "BP_Sky_Sphere_C /Game/UEDPIE_0_Inicio.Inicio:PersistentLevel.SkySphere"
[2016.01.28-22.20.19:754][997]PIE:Warning: Warning Mobility of PointLight_1 : LightComponent0 has to be 'Movable' if you'd like to Mobility of {0} : {1} has to be 'Movable' if you'd like to {2}. . 
[2016.01.28-22.25.26:680][482]LogD3D11RHI: Timed out while waiting for GPU to catch up. (0.5 s)
[2016.01.28-22.25.27:183][483]LogD3D11RHI: Timed out while waiting for GPU to catch up. (0.5 s)
[2016.01.28-22.25.32:517][484]LogD3D11RHI: Timed out while waiting for GPU to catch up. (0.5 s)
[2016.01.28-22.25.32:517][484]LogD3D11RHI: Timed out while waiting for GPU to catch up. (500 ms)
[2016.01.28-22.25.33:158][484]LogD3D11RHI: bDeviceRemoved
[2016.01.28-22.25.33:158][484]LogD3D11RHI: CleanupD3DDevice
[2016.01.28-22.25.33:177][484]LogWindows:Error: Windows GetLastError: La operación se completó correctamente. (0)
[2016.01.28-22.25.34:957][484]LogCrashTracker: 


[2016.01.28-22.25.34:958][484]LogCrashTracker: 


[2016.01.28-22.25.34:958][484]LogWindows: === Critical error: ===
Fatal error: [File:D:\BuildFarm\buildmachine_++depot+UE4-Releases+4.9\Engine\Source\Runtime\Windows\D3D11RHI\Private\Windows\WindowsD3D11Device.cpp] [Line: 402] 
The Direct3D 11 device that was being used has been removed (Error: -2005270521 'RESET').  Please restart the game.




[2016.01.28-22.25.35:151][484]LogExit: Executing StaticShutdownAfterError
[2016.01.28-22.25.35:163][484]LogPhysics:Warning: PHYSX: ..\..\PhysX\src\NpScene.cpp (2946) 8 : PxScene::unlockWrite() called without matching call to PxScene::lockWrite(), behaviour will be undefined.
[2016.01.28-22.25.35:163][484]LogPhysics:Warning: PHYSX: ..\..\PhysX\src\NpScene.cpp (2946) 8 : PxScene::unlockWrite() called without matching call to PxScene::lockWrite(), behaviour will be undefined.
[2016.01.28-22.25.35:164][484]LogPhysics:Warning: PHYSX: ..\..\PhysX\src\NpScene.cpp (2946) 8 : PxScene::unlockWrite() called without matching call to PxScene::lockWrite(), behaviour will be undefined.
[2016.01.28-22.25.35:164][484]LogPhysics:Warning: PHYSX: ..\..\PhysX\src\NpScene.cpp (2946) 8 : PxScene::unlockWrite() called without matching call to PxScene::lockWrite(), behaviour will be undefined.
[2016.01.28-22.25.35:164][484]LogWindows: FPlatformMisc::RequestExit(1)
[2016.01.28-22.25.35:167][484]Log file closed, 01/28/16 19:25:35
