[2016.01.12-02.45.55:786][  0]Log file open, 01/11/16 23:45:55
[2016.01.12-02.45.55:786][  0]LogInit:Display: Running engine for game: BotonLuz
[2016.01.12-02.45.55:786][  0]LogInit:Display: RandInit(265370286) SRandInit(265370287).
[2016.01.12-02.45.55:786][  0]LogTaskGraph: Started task graph with 4 named threads and 5 total threads.
[2016.01.12-02.45.55:786][  0]LogStats: Stats thread started at 0.094566
[2016.01.12-02.45.55:786][  0]LogInit: Version: 4.9.2-2707645+++depot+UE4-Releases+4.9
[2016.01.12-02.45.55:786][  0]LogInit: API Version: 2672455
[2016.01.12-02.45.55:786][  0]LogInit: Compiled (64-bit): Sep 28 2015 10:25:44
[2016.01.12-02.45.55:786][  0]LogInit: Compiled with Visual C++: 18.00.21005.01
[2016.01.12-02.45.55:786][  0]LogInit: Build Configuration: Development
[2016.01.12-02.45.55:786][  0]LogInit: Branch Name: ++depot+UE4-Releases+4.9
[2016.01.12-02.45.55:786][  0]LogInit: Command line:  /Temp/Autosaves/Game/UEDPCInicio -game -PIEVIACONSOLE -ResX=1280 -ResY=720  -Multiprocess 
[2016.01.12-02.45.55:786][  0]LogInit: Base directory: C:/Program Files/Epic Games/4.9/Engine/Binaries/Win64/
[2016.01.12-02.45.55:786][  0]LogInit: Rocket: 1
[2016.01.12-02.45.55:805][  0]LogInit: Using libcurl 7.41.0
[2016.01.12-02.45.55:805][  0]LogInit:  - built for x86_64-pc-win32
[2016.01.12-02.45.55:805][  0]LogInit:  - supports SSL with WinSSL
[2016.01.12-02.45.55:805][  0]LogInit:  - other features:
[2016.01.12-02.45.55:805][  0]LogInit:      CURL_VERSION_SSL
[2016.01.12-02.45.55:805][  0]LogInit:      CURL_VERSION_IPV6
[2016.01.12-02.45.55:805][  0]LogInit:      CURL_VERSION_ASYNCHDNS
[2016.01.12-02.45.55:805][  0]LogInit:      CURL_VERSION_LARGEFILE
[2016.01.12-02.45.55:805][  0]LogInit:      CURL_VERSION_IDN
[2016.01.12-02.45.55:805][  0]LogInit:  CurlRequestOptions (configurable via config and command line):
[2016.01.12-02.45.55:805][  0]LogInit:  - bVerifyPeer = true  - Libcurl will verify peer certificate
[2016.01.12-02.45.55:805][  0]LogInit:  - bUseHttpProxy = false  - Libcurl will NOT use HTTP proxy
[2016.01.12-02.45.55:806][  0]LogInit:  - bDontReuseConnections = false  - Libcurl will reuse connections
[2016.01.12-02.45.55:806][  0]LogInit:  - CertBundlePath = nullptr  - Libcurl will use whatever was configured at build time.
[2016.01.12-02.45.55:819][  0]LogInit: Presizing for 0 objects not considered by GC, pre-allocating 0 bytes.
[2016.01.12-02.45.55:830][  0]LogInit: Object subsystem initialized
[2016.01.12-02.45.55:832][  0]LogInit: Selected Device Profile: [Windows]
[2016.01.12-02.45.55:832][  0]LogInit: Applying CVar settings loaded from the selected device profile: [Windows]
[2016.01.12-02.45.55:837][  0]LogInit: Computer: TONGA-PC
[2016.01.12-02.45.55:837][  0]LogInit: User: Tonga
[2016.01.12-02.45.55:837][  0]LogInit: CPU Page size=4096, Cores=2
[2016.01.12-02.45.55:837][  0]LogInit: High frequency timer resolution =3.021875 MHz
[2016.01.12-02.45.55:837][  0]LogMemory: Memory total: Physical=7.9GB (8GB approx)
[2016.01.12-02.45.55:837][  0]LogMemory: Platform Memory Stats for Windows
[2016.01.12-02.45.55:837][  0]LogMemory: Process Physical Memory: 54.07 MB used, 54.07 MB peak
[2016.01.12-02.45.55:838][  0]LogMemory: Process Virtual Memory: 58.56 MB used, 58.56 MB peak
[2016.01.12-02.45.55:838][  0]LogMemory: Physical Memory: 5207.43 MB used, 8132.66 MB total
[2016.01.12-02.45.55:838][  0]LogMemory: Virtual Memory: 341.80 MB used, 8388608.00 MB total
[2016.01.12-02.45.56:980][  0]LogD3D11RHI: Found D3D11 adapter 0: NVIDIA GeForce GTX 750 Ti (Feature Level 11_0)
[2016.01.12-02.45.56:980][  0]LogD3D11RHI: Adapter has 1993MB of dedicated video memory, 0MB of dedicated system memory, and 2048MB of shared system memory, 1 output[s]
[2016.01.12-02.45.56:980][  0]LogD3D11RHI: Chosen D3D11 Adapter Id = 0
[2016.01.12-02.45.56:996][  0]LogD3D11RHI: !Direct3DDevice
[2016.01.12-02.45.56:996][  0]LogRHI: Texture pool is 1361 MB (70% of 1945 MB)
[2016.01.12-02.45.57:031][  0]LogD3D11RHI: Async texture creation enabled
[2016.01.12-02.45.57:055][  0]LogShaderCompilers: Guid format shader working directory is 15 characters bigger than the processId version (../../../../../../Users/Tonga/Documents/Facultad/Tesis/Repositorio/proygrad_fing/BotonLuz/Intermediate/Shaders/WorkingDirectory/5876/).
[2016.01.12-02.45.57:055][  0]LogShaderCompilers: Cleaned the shader compiler working directory '../../../../../../Users/Tonga/Documents/Facultad/Tesis/Repositorio/proygrad_fing/BotonLuz/Intermediate/Shaders/tmp/C39BA0F74125B720BE73CCB959D8E0AD/'.
[2016.01.12-02.45.57:055][  0]LogShaderCompilers:Display: Using Local Shader Compiler.
[2016.01.12-02.45.59:631][  0]LogTemp:Display: Loaded TP AllDesktopTargetPlatform
[2016.01.12-02.45.59:645][  0]LogTemp:Display: Loaded TP WindowsClientTargetPlatform
[2016.01.12-02.45.59:656][  0]LogTemp:Display: Loaded TP WindowsNoEditorTargetPlatform
[2016.01.12-02.45.59:668][  0]LogTemp:Display: Loaded TP WindowsServerTargetPlatform
[2016.01.12-02.45.59:682][  0]LogTemp:Display: Loaded TP WindowsTargetPlatform
[2016.01.12-02.45.59:690][  0]LogTemp:Display: Loaded TP AndroidTargetPlatform
[2016.01.12-02.45.59:698][  0]LogTemp:Display: Loaded TP Android_ASTCTargetPlatform
[2016.01.12-02.45.59:712][  0]LogTemp:Display: Loaded TP Android_ATCTargetPlatform
[2016.01.12-02.45.59:721][  0]LogTemp:Display: Loaded TP Android_DXTTargetPlatform
[2016.01.12-02.45.59:729][  0]LogTemp:Display: Loaded TP Android_ETC1TargetPlatform
[2016.01.12-02.45.59:739][  0]LogTemp:Display: Loaded TP Android_ETC2TargetPlatform
[2016.01.12-02.45.59:748][  0]LogTemp:Display: Loaded TP Android_PVRTCTargetPlatform
[2016.01.12-02.45.59:751][  0]LogTemp:Display: Loaded TP HTML5TargetPlatform
[2016.01.12-02.45.59:778][  0]LogTemp:Display: Loaded TP IOSTargetPlatform
[2016.01.12-02.45.59:785][  0]LogTemp:Display: Loaded TP LinuxNoEditorTargetPlatform
[2016.01.12-02.45.59:793][  0]LogTemp:Display: Loaded TP LinuxServerTargetPlatform
[2016.01.12-02.45.59:805][  0]LogTemp:Display: Loaded TP LinuxTargetPlatform
[2016.01.12-02.45.59:805][  0]LogTargetPlatformManager:Display: Building Assets For Windows
[2016.01.12-02.46.00:012][  0]LogDerivedDataCache:Display: Max Cache Size: 512 MB
[2016.01.12-02.46.00:499][  0]LogDerivedDataCache: Loaded boot cache 0.49s 41MB C:/Users/Tonga/AppData/Local/UnrealEngine/4.9/DerivedDataCache/Boot.ddc.
[2016.01.12-02.46.00:499][  0]LogDerivedDataCache:Display: Loaded Boot cache: C:/Users/Tonga/AppData/Local/UnrealEngine/4.9/DerivedDataCache/Boot.ddc
[2016.01.12-02.46.00:500][  0]LogDerivedDataCache: FDerivedDataBackendGraph:  Pak pak cache file ../../../../../../Users/Tonga/Documents/Facultad/Tesis/Repositorio/proygrad_fing/BotonLuz/DerivedDataCache/DDC.ddp not found, will not use a pak cache.
[2016.01.12-02.46.00:500][  0]LogDerivedDataCache: Unable to find inner node Pak for hierarchical cache Hierarchy.
[2016.01.12-02.46.00:500][  0]LogDerivedDataCache: FDerivedDataBackendGraph:  CompressedPak pak cache file ../../../../../../Users/Tonga/Documents/Facultad/Tesis/Repositorio/proygrad_fing/BotonLuz/DerivedDataCache/Compressed.ddp not found, will not use a pak cache.
[2016.01.12-02.46.00:500][  0]LogDerivedDataCache: Unable to find inner node CompressedPak for hierarchical cache Hierarchy.
[2016.01.12-02.46.00:694][  0]LogDerivedDataCache:Display: Pak cache opened for reading ../../../Engine/DerivedDataCache/Compressed.ddp.
[2016.01.12-02.46.00:707][  0]LogDerivedDataCache: Using Local data cache path C:/Users/Tonga/AppData/Local/UnrealEngine/Common/DerivedDataCache: Writable
[2016.01.12-02.46.01:622][  0]LogInit: Selected Device Profile: [Windows]
[2016.01.12-02.46.01:623][  0]LogContentStreaming: Texture pool size is 1000.000000MB
[2016.01.12-02.46.01:658][  0]LogMeshUtilities: No automatic mesh reduction module available
[2016.01.12-02.46.01:658][  0]LogMeshUtilities: No automatic mesh merging module available
[2016.01.12-02.46.02:361][  0]LogInit: WinSock: version 1.1 (2.2), MaxSocks=32767, MaxUdp=65467
[2016.01.12-02.46.02:952][  0]LogWindowsMoviePlayer: Unable to load movie: ../../../../../../Users/Tonga/Documents/Facultad/Tesis/Repositorio/proygrad_fing/BotonLuz/Content/Movies/Default_Startup.mp4
[2016.01.12-02.46.03:153][  0]SourceControl: Info Source control is disabled
[2016.01.12-02.46.03:153][  0]SourceControl: Info Source control is disabled
[2016.01.12-02.46.03:179][  0]SourceControl: Info Source control is disabled
[2016.01.12-02.46.03:395][  0]LogLinker:Warning: Asset '../../../Engine/Plugins/Runtime/LeapMotionController/Content/LM_PassthroughMaterial.uasset' has been saved with empty engine version. The asset will be loaded but may be incompatible.
[2016.01.12-02.46.03:582][  0]LogObj: 27669 objects as part of root set at end of initial load.
[2016.01.12-02.46.03:582][  0]LogUObjectAllocator: 5775704 out of 0 bytes used by permanent object pool.
[2016.01.12-02.46.03:735][  0]LogEngine: Initializing Engine...
[2016.01.12-02.46.03:741][  0]OCULUS: Info: 01/12/16 02:46:03: [CAPI] LibOVR module is located at C:\Windows\system32\LibOVRRT64_0_7.dll

[2016.01.12-02.46.04:243][  0]OCULUS: Error: 01/12/16 02:46:04: [CAPI] ovr_Create failed to complete within the timeout period.
[2016.01.12-02.46.04:247][  0]LogHMD: SteamVR failed to initialize.  Err: 110
[2016.01.12-02.46.04:449][  0]LogInit: XAudio2 using 'Altavoces (Realtek High Definition Audio)' : 2 channels at 48 kHz using 32 bits per sample (channel mask 0x3)
[2016.01.12-02.46.04:488][  0]LogInit: FAudioDevice initialized.
[2016.01.12-02.46.04:508][  0]LogInit: Texture streaming: Enabled
[2016.01.12-02.46.04:679][  0]LogNet: Browse: /Temp/Autosaves/Game/UEDPCInicio?Name=Player
[2016.01.12-02.46.04:681][  0]LogLoad: LoadMap: /Temp/Autosaves/Game/UEDPCInicio?Name=Player
[2016.01.12-02.46.04:710][  0]LogParticles: Destroying 0 GPU particle simulations for FXSystem 0x0000000012CE3560
[2016.01.12-02.46.04:739][  0]LogMemory: Platform Memory Stats for Windows
[2016.01.12-02.46.04:739][  0]LogMemory: Process Physical Memory: 372.38 MB used, 372.38 MB peak
[2016.01.12-02.46.04:739][  0]LogMemory: Process Virtual Memory: 433.27 MB used, 449.29 MB peak
[2016.01.12-02.46.04:739][  0]LogMemory: Physical Memory: 5472.60 MB used, 8132.66 MB total
[2016.01.12-02.46.04:739][  0]LogMemory: Virtual Memory: 959.65 MB used, 8388608.00 MB total
[2016.01.12-02.46.04:739][  0]LogMemory: 
[2016.01.12-02.46.04:739][  0]Allocator Stats for TBB: (not implemented)
[2016.01.12-02.46.05:258][  0]LogAIModule: Creating AISystem for world Inicio
[2016.01.12-02.46.05:258][  0]LogWorld: Game class is 'GameMode'
[2016.01.12-02.46.05:262][  0]LogWorld: Bringing World /Temp/Autosaves/Game/UEDPCInicio.Inicio up for play (max tick rate 0) at 2016.01.11-23.46.05
[2016.01.12-02.46.05:263][  0]LogWorld: Bringing up level for play took: 0.003896
[2016.01.12-02.46.05:272][  0]LogInit:Display: Game Engine Initialized.
[2016.01.12-02.46.05:516][  0]LogLoad: Full Startup: 10.20 seconds (BP compile: 0.21 seconds)
[2016.01.12-02.46.05:665][  2]LogRenderer: Reallocating scene render targets to support 1280x720 (Frame:2).
[2016.01.12-02.47.20:730][639]LogRenderer: Reallocating scene render targets to support 1920x1020 (Frame:4642).
[2016.01.12-02.47.21:896][711]PIE:Warning: Warning Mobility of PointLight_0 : LightComponent0 has to be 'Movable' if you'd like to Mobility of {0} : {1} has to be 'Movable' if you'd like to {2}. . 
[2016.01.12-02.47.22:202][730]PIE:Warning: Warning Mobility of PointLight_1 : LightComponent0 has to be 'Movable' if you'd like to Mobility of {0} : {1} has to be 'Movable' if you'd like to {2}. . 
[2016.01.12-02.47.22:363][740]PIE:Warning: Warning Mobility of PointLight_2 : LightComponent0 has to be 'Movable' if you'd like to Mobility of {0} : {1} has to be 'Movable' if you'd like to {2}. . 
[2016.01.12-02.47.22:492][748]PIE:Warning: Warning Mobility of PointLight_3 : LightComponent0 has to be 'Movable' if you'd like to Mobility of {0} : {1} has to be 'Movable' if you'd like to {2}. . 
[2016.01.12-02.47.22:623][756]PIE:Warning: Warning Mobility of PointLight_4 : LightComponent0 has to be 'Movable' if you'd like to Mobility of {0} : {1} has to be 'Movable' if you'd like to {2}. . 
[2016.01.12-02.47.22:817][768]PIE:Warning: Warning Mobility of PointLight_5 : LightComponent0 has to be 'Movable' if you'd like to Mobility of {0} : {1} has to be 'Movable' if you'd like to {2}. . 
[2016.01.12-02.47.22:979][778]PIE:Warning: Warning Mobility of PointLight_6 : LightComponent0 has to be 'Movable' if you'd like to Mobility of {0} : {1} has to be 'Movable' if you'd like to {2}. . 
[2016.01.12-02.47.23:140][788]PIE:Warning: Warning Mobility of PointLight_7 : LightComponent0 has to be 'Movable' if you'd like to Mobility of {0} : {1} has to be 'Movable' if you'd like to {2}. . 
[2016.01.12-02.47.23:289][797]PIE:Warning: Warning Mobility of PointLight_8 : LightComponent0 has to be 'Movable' if you'd like to Mobility of {0} : {1} has to be 'Movable' if you'd like to {2}. . 
[2016.01.12-02.47.23:440][805]PIE:Warning: Warning Mobility of PointLight_9 : LightComponent0 has to be 'Movable' if you'd like to Mobility of {0} : {1} has to be 'Movable' if you'd like to {2}. . 
[2016.01.12-02.47.23:617][814]PIE:Warning: Warning Mobility of PointLight_10 : LightComponent0 has to be 'Movable' if you'd like to Mobility of {0} : {1} has to be 'Movable' if you'd like to {2}. . 
[2016.01.12-02.47.23:798][823]PIE:Warning: Warning Mobility of PointLight_11 : LightComponent0 has to be 'Movable' if you'd like to Mobility of {0} : {1} has to be 'Movable' if you'd like to {2}. . 
[2016.01.12-02.47.23:970][831]PIE:Warning: Warning Mobility of PointLight_12 : LightComponent0 has to be 'Movable' if you'd like to Mobility of {0} : {1} has to be 'Movable' if you'd like to {2}. . 
[2016.01.12-02.47.24:148][839]PIE:Warning: Warning Mobility of PointLight_13 : LightComponent0 has to be 'Movable' if you'd like to Mobility of {0} : {1} has to be 'Movable' if you'd like to {2}. . 
[2016.01.12-02.47.24:352][848]PIE:Warning: Warning Mobility of PointLight_14 : LightComponent0 has to be 'Movable' if you'd like to Mobility of {0} : {1} has to be 'Movable' if you'd like to {2}. . 
[2016.01.12-02.47.24:517][855]PIE:Warning: Warning Mobility of PointLight_15 : LightComponent0 has to be 'Movable' if you'd like to Mobility of {0} : {1} has to be 'Movable' if you'd like to {2}. . 
[2016.01.12-02.47.24:715][863]PIE:Warning: Warning Mobility of PointLight_16 : LightComponent0 has to be 'Movable' if you'd like to Mobility of {0} : {1} has to be 'Movable' if you'd like to {2}. . 
[2016.01.12-02.47.24:866][869]PIE:Warning: Warning Mobility of PointLight_17 : LightComponent0 has to be 'Movable' if you'd like to Mobility of {0} : {1} has to be 'Movable' if you'd like to {2}. . 
[2016.01.12-02.47.25:023][875]PIE:Warning: Warning Mobility of PointLight_18 : LightComponent0 has to be 'Movable' if you'd like to Mobility of {0} : {1} has to be 'Movable' if you'd like to {2}. . 
[2016.01.12-02.47.25:184][881]PIE:Warning: Warning Mobility of PointLight_19 : LightComponent0 has to be 'Movable' if you'd like to Mobility of {0} : {1} has to be 'Movable' if you'd like to {2}. . 
[2016.01.12-02.47.25:493][892]PIE:Warning: Warning Mobility of PointLight_20 : LightComponent0 has to be 'Movable' if you'd like to Mobility of {0} : {1} has to be 'Movable' if you'd like to {2}. . 
[2016.01.12-02.47.25:665][898]PIE:Warning: Warning Mobility of PointLight_21 : LightComponent0 has to be 'Movable' if you'd like to Mobility of {0} : {1} has to be 'Movable' if you'd like to {2}. . 
[2016.01.12-02.47.26:022][910]PIE:Warning: Warning Mobility of PointLight_22 : LightComponent0 has to be 'Movable' if you'd like to Mobility of {0} : {1} has to be 'Movable' if you'd like to {2}. . 
[2016.01.12-02.49.43:184][382]LogD3D11RHI: Timed out while waiting for GPU to catch up. (0.5 s)
[2016.01.12-02.49.43:684][382]LogD3D11RHI: Timed out while waiting for GPU to catch up. (0.5 s)
[2016.01.12-02.49.44:184][382]LogD3D11RHI: Timed out while waiting for GPU to catch up. (0.5 s)
[2016.01.12-02.49.44:684][382]LogD3D11RHI: Timed out while waiting for GPU to catch up. (0.5 s)
[2016.01.12-02.49.45:184][382]LogD3D11RHI: Timed out while waiting for GPU to catch up. (0.5 s)
[2016.01.12-02.49.45:684][382]LogD3D11RHI: Timed out while waiting for GPU to catch up. (0.5 s)
[2016.01.12-02.49.46:184][382]LogD3D11RHI: Timed out while waiting for GPU to catch up. (0.5 s)
[2016.01.12-02.49.46:685][382]LogD3D11RHI: Timed out while waiting for GPU to catch up. (0.5 s)
[2016.01.12-02.49.47:185][382]LogD3D11RHI: Timed out while waiting for GPU to catch up. (0.5 s)
[2016.01.12-02.49.47:685][382]LogD3D11RHI: Timed out while waiting for GPU to catch up. (0.5 s)
[2016.01.12-02.49.48:185][382]LogD3D11RHI: Timed out while waiting for GPU to catch up. (0.5 s)
[2016.01.12-02.49.48:685][382]LogD3D11RHI: Timed out while waiting for GPU to catch up. (0.5 s)
[2016.01.12-02.49.49:185][382]LogD3D11RHI: Timed out while waiting for GPU to catch up. (0.5 s)
[2016.01.12-02.49.49:685][382]LogD3D11RHI: Timed out while waiting for GPU to catch up. (0.5 s)
[2016.01.12-02.49.50:185][382]LogD3D11RHI: Timed out while waiting for GPU to catch up. (0.5 s)
[2016.01.12-02.49.50:695][382]LogD3D11RHI: Timed out while waiting for GPU to catch up. (0.5 s)
[2016.01.12-02.49.51:185][382]LogD3D11RHI: Timed out while waiting for GPU to catch up. (0.5 s)
[2016.01.12-02.49.51:906][382]LogD3D11RHI: Timed out while waiting for GPU to catch up. (0.5 s)
[2016.01.12-02.49.52:185][382]LogD3D11RHI: Timed out while waiting for GPU to catch up. (0.5 s)
[2016.01.12-02.49.52:685][382]LogD3D11RHI: Timed out while waiting for GPU to catch up. (0.5 s)
[2016.01.12-02.49.53:185][382]LogD3D11RHI: Timed out while waiting for GPU to catch up. (0.5 s)
[2016.01.12-02.49.53:685][382]LogD3D11RHI: Timed out while waiting for GPU to catch up. (0.5 s)
[2016.01.12-02.49.54:185][382]LogD3D11RHI: Timed out while waiting for GPU to catch up. (0.5 s)
[2016.01.12-02.49.54:685][382]LogD3D11RHI: Timed out while waiting for GPU to catch up. (0.5 s)
[2016.01.12-02.49.54:785][382]LogD3D11RHI: bDeviceRemoved
[2016.01.12-02.49.54:785][382]LogD3D11RHI: CleanupD3DDevice
[2016.01.12-02.49.54:788][382]LogWindows:Error: Windows GetLastError: La operación se completó correctamente. (0)
[2016.01.12-02.49.55:211][382]LogWindows: === Critical error: ===
Fatal error: [File:D:\BuildFarm\buildmachine_++depot+UE4-Releases+4.9\Engine\Source\Runtime\Windows\D3D11RHI\Private\Windows\WindowsD3D11Device.cpp] [Line: 402] 
The Direct3D 11 device that was being used has been removed (Error: -2005270522 'HUNG').  Please restart the game.




[2016.01.12-02.49.55:211][382]LogExit: Executing StaticShutdownAfterError
[2016.01.12-02.49.55:216][382]LogPhysics:Warning: PHYSX: ..\..\PhysX\src\NpScene.cpp (2946) 8 : PxScene::unlockWrite() called without matching call to PxScene::lockWrite(), behaviour will be undefined.
[2016.01.12-02.49.55:217][382]LogPhysics:Warning: PHYSX: ..\..\PhysX\src\NpScene.cpp (2946) 8 : PxScene::unlockWrite() called without matching call to PxScene::lockWrite(), behaviour will be undefined.
[2016.01.12-02.49.55:218][382]LogWindows: FPlatformMisc::RequestExit(1)
[2016.01.12-02.49.55:218][382]Log file closed, 01/11/16 23:49:55
