[2016.01.12-02.58.16:553][  0]Log file open, 01/11/16 23:58:16
[2016.01.12-02.58.16:553][  0]LogInit:Display: Running engine for game: BotonLuz
[2016.01.12-02.58.16:553][  0]LogInit:Display: RandInit(-1791988443) SRandInit(-1791988441).
[2016.01.12-02.58.16:553][  0]LogTaskGraph: Started task graph with 4 named threads and 5 total threads.
[2016.01.12-02.58.16:553][  0]LogStats: Stats thread started at 0.088809
[2016.01.12-02.58.16:553][  0]LogInit: Version: 4.9.2-2707645+++depot+UE4-Releases+4.9
[2016.01.12-02.58.16:553][  0]LogInit: API Version: 2672455
[2016.01.12-02.58.16:553][  0]LogInit: Compiled (64-bit): Sep 28 2015 10:25:44
[2016.01.12-02.58.16:553][  0]LogInit: Compiled with Visual C++: 18.00.21005.01
[2016.01.12-02.58.16:553][  0]LogInit: Build Configuration: Development
[2016.01.12-02.58.16:553][  0]LogInit: Branch Name: ++depot+UE4-Releases+4.9
[2016.01.12-02.58.16:553][  0]LogInit: Command line: 
[2016.01.12-02.58.16:553][  0]LogInit: Base directory: C:/Program Files/Epic Games/4.9/Engine/Binaries/Win64/
[2016.01.12-02.58.16:553][  0]LogInit: Rocket: 1
[2016.01.12-02.58.16:575][  0]LogInit: Using libcurl 7.41.0
[2016.01.12-02.58.16:575][  0]LogInit:  - built for x86_64-pc-win32
[2016.01.12-02.58.16:575][  0]LogInit:  - supports SSL with WinSSL
[2016.01.12-02.58.16:575][  0]LogInit:  - other features:
[2016.01.12-02.58.16:575][  0]LogInit:      CURL_VERSION_SSL
[2016.01.12-02.58.16:575][  0]LogInit:      CURL_VERSION_IPV6
[2016.01.12-02.58.16:575][  0]LogInit:      CURL_VERSION_ASYNCHDNS
[2016.01.12-02.58.16:575][  0]LogInit:      CURL_VERSION_LARGEFILE
[2016.01.12-02.58.16:575][  0]LogInit:      CURL_VERSION_IDN
[2016.01.12-02.58.16:575][  0]LogInit:  CurlRequestOptions (configurable via config and command line):
[2016.01.12-02.58.16:575][  0]LogInit:  - bVerifyPeer = true  - Libcurl will verify peer certificate
[2016.01.12-02.58.16:575][  0]LogInit:  - bUseHttpProxy = false  - Libcurl will NOT use HTTP proxy
[2016.01.12-02.58.16:575][  0]LogInit:  - bDontReuseConnections = false  - Libcurl will reuse connections
[2016.01.12-02.58.16:575][  0]LogInit:  - CertBundlePath = nullptr  - Libcurl will use whatever was configured at build time.
[2016.01.12-02.58.16:590][  0]LogInit: Presizing for 0 objects not considered by GC, pre-allocating 0 bytes.
[2016.01.12-02.58.16:602][  0]LogInit: Object subsystem initialized
[2016.01.12-02.58.16:605][  0]LogInit: Selected Device Profile: [Windows]
[2016.01.12-02.58.16:605][  0]LogInit: Applying CVar settings loaded from the selected device profile: [Windows]
[2016.01.12-02.58.16:617][  0]LogInit: Computer: TONGA-PC
[2016.01.12-02.58.16:617][  0]LogInit: User: Tonga
[2016.01.12-02.58.16:617][  0]LogInit: CPU Page size=4096, Cores=2
[2016.01.12-02.58.16:617][  0]LogInit: High frequency timer resolution =3.021875 MHz
[2016.01.12-02.58.16:617][  0]LogMemory: Memory total: Physical=7.9GB (8GB approx)
[2016.01.12-02.58.16:617][  0]LogMemory: Platform Memory Stats for Windows
[2016.01.12-02.58.16:617][  0]LogMemory: Process Physical Memory: 54.38 MB used, 54.38 MB peak
[2016.01.12-02.58.16:617][  0]LogMemory: Process Virtual Memory: 58.63 MB used, 58.63 MB peak
[2016.01.12-02.58.16:617][  0]LogMemory: Physical Memory: 5212.10 MB used, 8132.66 MB total
[2016.01.12-02.58.16:617][  0]LogMemory: Virtual Memory: 341.80 MB used, 8388608.00 MB total
[2016.01.12-02.58.17:851][  0]LogD3D11RHI: Found D3D11 adapter 0: NVIDIA GeForce GTX 750 Ti (Feature Level 11_0)
[2016.01.12-02.58.17:851][  0]LogD3D11RHI: Adapter has 1993MB of dedicated video memory, 0MB of dedicated system memory, and 2048MB of shared system memory, 1 output[s]
[2016.01.12-02.58.17:851][  0]LogD3D11RHI: Chosen D3D11 Adapter Id = 0
[2016.01.12-02.58.17:864][  0]LogD3D11RHI: !Direct3DDevice
[2016.01.12-02.58.17:864][  0]LogRHI: Texture pool is 1361 MB (70% of 1945 MB)
[2016.01.12-02.58.17:884][  0]LogD3D11RHI: Async texture creation enabled
[2016.01.12-02.58.17:900][  0]LogShaderCompilers: Guid format shader working directory is 15 characters bigger than the processId version (../../../../../../Users/Tonga/Documents/Facultad/Tesis/Repositorio/proygrad_fing/BotonLuz/Intermediate/Shaders/WorkingDirectory/8708/).
[2016.01.12-02.58.17:900][  0]LogShaderCompilers: Cleaned the shader compiler working directory '../../../../../../Users/Tonga/Documents/Facultad/Tesis/Repositorio/proygrad_fing/BotonLuz/Intermediate/Shaders/tmp/3173185D48A8FB893DF6FDB9C6CB73A5/'.
[2016.01.12-02.58.17:900][  0]LogShaderCompilers:Display: Using Local Shader Compiler.
[2016.01.12-02.58.19:727][  0]LogTemp:Display: Loaded TP AllDesktopTargetPlatform
[2016.01.12-02.58.19:737][  0]LogTemp:Display: Loaded TP WindowsClientTargetPlatform
[2016.01.12-02.58.19:748][  0]LogTemp:Display: Loaded TP WindowsNoEditorTargetPlatform
[2016.01.12-02.58.19:759][  0]LogTemp:Display: Loaded TP WindowsServerTargetPlatform
[2016.01.12-02.58.19:770][  0]LogTemp:Display: Loaded TP WindowsTargetPlatform
[2016.01.12-02.58.19:777][  0]LogTemp:Display: Loaded TP AndroidTargetPlatform
[2016.01.12-02.58.19:785][  0]LogTemp:Display: Loaded TP Android_ASTCTargetPlatform
[2016.01.12-02.58.19:792][  0]LogTemp:Display: Loaded TP Android_ATCTargetPlatform
[2016.01.12-02.58.19:800][  0]LogTemp:Display: Loaded TP Android_DXTTargetPlatform
[2016.01.12-02.58.19:808][  0]LogTemp:Display: Loaded TP Android_ETC1TargetPlatform
[2016.01.12-02.58.19:817][  0]LogTemp:Display: Loaded TP Android_ETC2TargetPlatform
[2016.01.12-02.58.19:824][  0]LogTemp:Display: Loaded TP Android_PVRTCTargetPlatform
[2016.01.12-02.58.19:827][  0]LogTemp:Display: Loaded TP HTML5TargetPlatform
[2016.01.12-02.58.19:850][  0]LogTemp:Display: Loaded TP IOSTargetPlatform
[2016.01.12-02.58.19:856][  0]LogTemp:Display: Loaded TP LinuxNoEditorTargetPlatform
[2016.01.12-02.58.19:863][  0]LogTemp:Display: Loaded TP LinuxServerTargetPlatform
[2016.01.12-02.58.19:871][  0]LogTemp:Display: Loaded TP LinuxTargetPlatform
[2016.01.12-02.58.19:871][  0]LogTargetPlatformManager:Display: Building Assets For Windows
[2016.01.12-02.58.20:069][  0]LogDerivedDataCache:Display: Max Cache Size: 512 MB
[2016.01.12-02.58.20:195][  0]LogDerivedDataCache: Loaded boot cache 0.13s 41MB C:/Users/Tonga/AppData/Local/UnrealEngine/4.9/DerivedDataCache/Boot.ddc.
[2016.01.12-02.58.20:195][  0]LogDerivedDataCache:Display: Loaded Boot cache: C:/Users/Tonga/AppData/Local/UnrealEngine/4.9/DerivedDataCache/Boot.ddc
[2016.01.12-02.58.20:195][  0]LogDerivedDataCache: FDerivedDataBackendGraph:  Pak pak cache file ../../../../../../Users/Tonga/Documents/Facultad/Tesis/Repositorio/proygrad_fing/BotonLuz/DerivedDataCache/DDC.ddp not found, will not use a pak cache.
[2016.01.12-02.58.20:195][  0]LogDerivedDataCache: Unable to find inner node Pak for hierarchical cache Hierarchy.
[2016.01.12-02.58.20:196][  0]LogDerivedDataCache: FDerivedDataBackendGraph:  CompressedPak pak cache file ../../../../../../Users/Tonga/Documents/Facultad/Tesis/Repositorio/proygrad_fing/BotonLuz/DerivedDataCache/Compressed.ddp not found, will not use a pak cache.
[2016.01.12-02.58.20:196][  0]LogDerivedDataCache: Unable to find inner node CompressedPak for hierarchical cache Hierarchy.
[2016.01.12-02.58.20:375][  0]LogDerivedDataCache:Display: Pak cache opened for reading ../../../Engine/DerivedDataCache/Compressed.ddp.
[2016.01.12-02.58.20:387][  0]LogDerivedDataCache: Using Local data cache path C:/Users/Tonga/AppData/Local/UnrealEngine/Common/DerivedDataCache: Writable
[2016.01.12-02.58.20:698][  0]LogInit: Selected Device Profile: [Windows]
[2016.01.12-02.58.20:699][  0]LogContentStreaming: Texture pool size is 0.000000MB
[2016.01.12-02.58.20:743][  0]LogMeshUtilities: No automatic mesh reduction module available
[2016.01.12-02.58.20:743][  0]LogMeshUtilities: No automatic mesh merging module available
[2016.01.12-02.58.21:369][  0]LogInit: WinSock: version 1.1 (2.2), MaxSocks=32767, MaxUdp=65467
[2016.01.12-02.58.22:859][  0]UdpMessaging: Initializing bridge on interface 0.0.0.0:0 to multicast group 230.0.0.1:6666.
[2016.01.12-02.58.22:990][  0]LogAssetRegistry: FAssetRegistry took 0.0104 seconds to start up
[2016.01.12-02.58.23:289][  0]SourceControl: Info Source control is disabled
[2016.01.12-02.58.23:290][  0]SourceControl: Info Source control is disabled
[2016.01.12-02.58.23:313][  0]SourceControl: Info Source control is disabled
[2016.01.12-02.58.23:335][  0]SourceControl: Info Source control is disabled
[2016.01.12-02.58.23:649][  0]LogLinker:Warning: Asset '../../../Engine/Plugins/Runtime/LeapMotionController/Content/LM_PassthroughMaterial.uasset' has been saved with empty engine version. The asset will be loaded but may be incompatible.
[2016.01.12-02.58.23:804][  0]LogObj: 28361 objects as part of root set at end of initial load.
[2016.01.12-02.58.23:804][  0]LogUObjectAllocator: 6038864 out of 0 bytes used by permanent object pool.
[2016.01.12-02.58.23:883][  0]LogEngine: Initializing Engine...
[2016.01.12-02.58.23:887][  0]OCULUS: Info: 01/12/16 02:58:23: [CAPI] LibOVR module is located at C:\Windows\system32\LibOVRRT64_0_7.dll

[2016.01.12-02.58.24:388][  0]OCULUS: Error: 01/12/16 02:58:24: [CAPI] ovr_Create failed to complete within the timeout period.
[2016.01.12-02.58.24:392][  0]LogHMD: SteamVR failed to initialize.  Err: 110
[2016.01.12-02.58.24:606][  0]LogAIModule: Creating AISystem for world NewWorld
[2016.01.12-02.58.24:618][  0]LogInit: XAudio2 using 'Altavoces (Realtek High Definition Audio)' : 2 channels at 48 kHz using 32 bits per sample (channel mask 0x3)
[2016.01.12-02.58.24:648][  0]LogInit: FAudioDevice initialized.
[2016.01.12-02.58.24:704][  0]LogDerivedDataCache: Saved boot cache 0.06s 41MB C:/Users/Tonga/AppData/Local/UnrealEngine/4.9/DerivedDataCache/Boot.ddc.
[2016.01.12-02.58.24:733][  0]LogInit: Texture streaming: Enabled
[2016.01.12-02.58.24:752][  0]LogAnalytics: Creating configured Analytics provider AnalyticsET
[2016.01.12-02.58.24:752][  0]LogAnalytics: [UEEditor.Rocket.Release] APIServer = http://et2.epicgames.com/ET2/. AppVersion = 4.9.2-2707645+++depot+UE4-Releases+4.9
[2016.01.12-02.58.24:753][  0]LogAnalytics: [UEEditor.Rocket.Release] SetUserId d2bef611456171cb171d15a4a42cb182|6ac59fa8cbb647a4b14c5a548cbd3b91|31fc86a8-acb9-451a-b082-adf3974f05a6
[2016.01.12-02.58.24:753][  0]LogAnalytics: [UEEditor.Rocket.Release] AnalyticsET::StartSession
[2016.01.12-02.58.24:879][  0]LogInit: Transaction tracking system initialized
[2016.01.12-02.58.24:957][  0]BlueprintLog: New page: Editor Load
[2016.01.12-02.58.25:183][  0]LocalizationService: Info Localization service is disabled
[2016.01.12-02.58.25:391][  0]LogConsoleResponse:Display: 
[2016.01.12-02.58.25:572][  0]LogCook:Display: Done creating registry. It took  0.00s.
[2016.01.12-02.58.25:749][  0]LogFileCache: Scanning file cache for directory 'C:/Users/Tonga/Documents/Facultad/Tesis/Repositorio/proygrad_fing/BotonLuz/Content/' took 0.01s
[2016.01.12-02.58.25:749][  0]SourceControl: Info Source control is disabled
[2016.01.12-02.58.25:749][  0]Cmd: MAP LOAD FILE="../../../Engine/Content/Maps/Templates/Template_Default.umap" TEMPLATE=1 SHOWPROGRESS=1 FEATURELEVEL=3
[2016.01.12-02.58.25:750][  0]LightingResults: New page: Lighting Build
[2016.01.12-02.58.25:757][  0]MapCheck: New page: Map Check
[2016.01.12-02.58.25:757][  0]LightingResults: New page: Lighting Build
[2016.01.12-02.58.25:844][  0]LogParticles: Destroying 0 GPU particle simulations for FXSystem 0x00000000252A6160
[2016.01.12-02.58.26:386][  0]LogAIModule: Creating AISystem for world Untitled_1
[2016.01.12-02.58.26:394][  0]LogEditorServer: Finished looking for orphan Actors (0.000 secs)
[2016.01.12-02.58.26:401][  0]Cmd: MAP CHECKDEP NOCLEARLOG
[2016.01.12-02.58.26:531][  0]MapCheck: Info Map check complete: 0 Error(s), 0 Warning(s), took 129.578ms to complete.
[2016.01.12-02.58.26:531][  0]LogFileHelpers: Loading map 'Template_Default' took 0.782
[2016.01.12-02.58.26:687][  0]LogCollectionManager: Loaded 0 collections in 0.005339 seconds
[2016.01.12-02.58.26:740][  0]LogFileCache: Scanning file cache for directory 'C:/Users/Tonga/Documents/Facultad/Tesis/Repositorio/proygrad_fing/BotonLuz/Saved/Collections/' took 0.01s
[2016.01.12-02.58.26:740][  0]LogFileCache: Scanning file cache for directory 'C:/Users/Tonga/Documents/Facultad/Tesis/Repositorio/proygrad_fing/BotonLuz/Content/Developers/Tonga/Collections/' took 0.02s
[2016.01.12-02.58.26:740][  0]LogFileCache: Scanning file cache for directory 'C:/Users/Tonga/Documents/Facultad/Tesis/Repositorio/proygrad_fing/BotonLuz/Content/Collections/' took 0.01s
[2016.01.12-02.58.26:740][  0]LogContentBrowser: Native class hierarchy populated in 0.0109 seconds. Added 1867 classes and 333 folders.
[2016.01.12-02.58.26:750][  0]LogCollectionManager: Rebuilt the GUID cache for 0 collections in 0.000004 seconds
[2016.01.12-02.58.26:762][  0]LogContentBrowser: Native class hierarchy updated for 'WidgetCarousel' in 0.0005 seconds. Added 0 classes and 0 folders.
[2016.01.12-02.58.27:217][  0]LogContentBrowser: Native class hierarchy updated for 'AddContentDialog' in 0.0005 seconds. Added 0 classes and 0 folders.
[2016.01.12-02.58.27:227][  0]LogContentBrowser: Native class hierarchy updated for 'SceneOutliner' in 0.0006 seconds. Added 1 classes and 2 folders.
[2016.01.12-02.58.27:311][  0]LogCrashTracker: Crashtracker disabled due to settings.
[2016.01.12-02.58.27:317][  0]LogUObjectGlobals:Warning: Failed to find object 'Class None.'
[2016.01.12-02.58.27:338][  0]LogLoad: Full Startup: 11.55 seconds (BP compile: 0.10 seconds)
[2016.01.12-02.58.27:424][  0]LogContentStreaming: Texture pool size now 1000 MB
[2016.01.12-02.58.27:577][  0]LogRenderer: Reallocating scene render targets to support 1144x576 (Frame:2).
[2016.01.12-02.58.27:859][  4]LogAssetRegistry: Asset discovery search completed in 4.8798 seconds
[2016.01.12-02.58.27:859][  4]LogCollectionManager: Rebuilt the object cache for 0 collections in 0.000001 seconds (found 0 objects)
[2016.01.12-02.58.27:859][  4]LogCollectionManager: Fixed up redirectors for 0 collections in 0.000032 seconds (updated 0 objects)
[2016.01.12-02.58.33:584][485]LogLinker:Warning: Asset '../../../Engine/Content/ArtTools/RenderToTexture/Macros/RenderToTextureMacros.uasset' has been saved with empty engine version. The asset will be loaded but may be incompatible.
[2016.01.12-02.58.34:286][485]LogContentBrowser: Native class hierarchy updated for 'BlueprintGraph' in 0.0010 seconds. Added 107 classes and 0 folders.
[2016.01.12-02.59.03:085][633]LogD3D11RHI: Timed out while waiting for GPU to catch up. (0.5 s)
[2016.01.12-02.59.04:309][634]LogD3D11RHI: Timed out while waiting for GPU to catch up. (0.5 s)
[2016.01.12-02.59.06:917][634]LogD3D11RHI: bDeviceRemoved
[2016.01.12-02.59.06:917][634]LogD3D11RHI: CleanupD3DDevice
[2016.01.12-02.59.06:922][634]LogWindows:Error: Windows GetLastError: La operación se completó correctamente. (0)
[2016.01.12-02.59.07:980][634]LogCrashTracker: 


[2016.01.12-02.59.07:980][634]LogCrashTracker: 


[2016.01.12-02.59.07:980][634]LogWindows: === Critical error: ===
Fatal error: [File:D:\BuildFarm\buildmachine_++depot+UE4-Releases+4.9\Engine\Source\Runtime\Windows\D3D11RHI\Private\Windows\WindowsD3D11Device.cpp] [Line: 402] 
The Direct3D 11 device that was being used has been removed (Error: -2005270521 'RESET').  Please restart the game.




[2016.01.12-02.59.08:150][634]LogExit: Executing StaticShutdownAfterError
[2016.01.12-02.59.08:157][634]LogPhysics:Warning: PHYSX: ..\..\PhysX\src\NpScene.cpp (2946) 8 : PxScene::unlockWrite() called without matching call to PxScene::lockWrite(), behaviour will be undefined.
[2016.01.12-02.59.08:158][634]LogPhysics:Warning: PHYSX: ..\..\PhysX\src\NpScene.cpp (2946) 8 : PxScene::unlockWrite() called without matching call to PxScene::lockWrite(), behaviour will be undefined.
[2016.01.12-02.59.08:158][634]LogPhysics:Warning: PHYSX: ..\..\PhysX\src\NpScene.cpp (2946) 8 : PxScene::unlockWrite() called without matching call to PxScene::lockWrite(), behaviour will be undefined.
[2016.01.12-02.59.08:159][634]LogPhysics:Warning: PHYSX: ..\..\PhysX\src\NpScene.cpp (2946) 8 : PxScene::unlockWrite() called without matching call to PxScene::lockWrite(), behaviour will be undefined.
[2016.01.12-02.59.08:159][634]LogPhysics:Warning: PHYSX: ..\..\PhysX\src\NpScene.cpp (2946) 8 : PxScene::unlockWrite() called without matching call to PxScene::lockWrite(), behaviour will be undefined.
[2016.01.12-02.59.08:159][634]LogPhysics:Warning: PHYSX: ..\..\PhysX\src\NpScene.cpp (2946) 8 : PxScene::unlockWrite() called without matching call to PxScene::lockWrite(), behaviour will be undefined.
[2016.01.12-02.59.08:160][634]LogPhysics:Warning: PHYSX: ..\..\PhysX\src\NpScene.cpp (2946) 8 : PxScene::unlockWrite() called without matching call to PxScene::lockWrite(), behaviour will be undefined.
[2016.01.12-02.59.08:160][634]LogPhysics:Warning: PHYSX: ..\..\PhysX\src\NpScene.cpp (2946) 8 : PxScene::unlockWrite() called without matching call to PxScene::lockWrite(), behaviour will be undefined.
[2016.01.12-02.59.08:160][634]LogPhysics:Warning: PHYSX: ..\..\PhysX\src\NpScene.cpp (2946) 8 : PxScene::unlockWrite() called without matching call to PxScene::lockWrite(), behaviour will be undefined.
[2016.01.12-02.59.08:161][634]LogPhysics:Warning: PHYSX: ..\..\PhysX\src\NpScene.cpp (2946) 8 : PxScene::unlockWrite() called without matching call to PxScene::lockWrite(), behaviour will be undefined.
[2016.01.12-02.59.08:161][634]LogWindows: FPlatformMisc::RequestExit(1)
[2016.01.12-02.59.08:161][634]Log file closed, 01/11/16 23:59:08
