[2016.01.28-14.26.26:766][  0]Log file open, 01/28/16 11:26:26
[2016.01.28-14.26.26:766][  0]LogInit:Display: Running engine for game: BotonLuz
[2016.01.28-14.26.26:766][  0]LogInit:Display: RandInit(-263667568) SRandInit(-263667567).
[2016.01.28-14.26.26:766][  0]LogTaskGraph: Started task graph with 4 named threads and 5 total threads.
[2016.01.28-14.26.26:766][  0]LogStats: Stats thread started at 0.103365
[2016.01.28-14.26.26:766][  0]LogInit: Version: 4.9.2-2707645+++depot+UE4-Releases+4.9
[2016.01.28-14.26.26:766][  0]LogInit: API Version: 2672455
[2016.01.28-14.26.26:766][  0]LogInit: Compiled (64-bit): Sep 28 2015 10:25:44
[2016.01.28-14.26.26:766][  0]LogInit: Compiled with Visual C++: 18.00.21005.01
[2016.01.28-14.26.26:766][  0]LogInit: Build Configuration: Development
[2016.01.28-14.26.26:766][  0]LogInit: Branch Name: ++depot+UE4-Releases+4.9
[2016.01.28-14.26.26:766][  0]LogInit: Command line: 
[2016.01.28-14.26.26:766][  0]LogInit: Base directory: C:/Program Files/Epic Games/4.9/Engine/Binaries/Win64/
[2016.01.28-14.26.26:766][  0]LogInit: Rocket: 1
[2016.01.28-14.26.26:805][  0]LogInit: Using libcurl 7.41.0
[2016.01.28-14.26.26:805][  0]LogInit:  - built for x86_64-pc-win32
[2016.01.28-14.26.26:805][  0]LogInit:  - supports SSL with WinSSL
[2016.01.28-14.26.26:805][  0]LogInit:  - other features:
[2016.01.28-14.26.26:805][  0]LogInit:      CURL_VERSION_SSL
[2016.01.28-14.26.26:805][  0]LogInit:      CURL_VERSION_IPV6
[2016.01.28-14.26.26:805][  0]LogInit:      CURL_VERSION_ASYNCHDNS
[2016.01.28-14.26.26:805][  0]LogInit:      CURL_VERSION_LARGEFILE
[2016.01.28-14.26.26:805][  0]LogInit:      CURL_VERSION_IDN
[2016.01.28-14.26.26:805][  0]LogInit:  CurlRequestOptions (configurable via config and command line):
[2016.01.28-14.26.26:805][  0]LogInit:  - bVerifyPeer = true  - Libcurl will verify peer certificate
[2016.01.28-14.26.26:805][  0]LogInit:  - bUseHttpProxy = false  - Libcurl will NOT use HTTP proxy
[2016.01.28-14.26.26:805][  0]LogInit:  - bDontReuseConnections = false  - Libcurl will reuse connections
[2016.01.28-14.26.26:805][  0]LogInit:  - CertBundlePath = nullptr  - Libcurl will use whatever was configured at build time.
[2016.01.28-14.26.26:820][  0]LogInit: Presizing for 0 objects not considered by GC, pre-allocating 0 bytes.
[2016.01.28-14.26.26:831][  0]LogInit: Object subsystem initialized
[2016.01.28-14.26.26:833][  0]LogInit: Selected Device Profile: [Windows]
[2016.01.28-14.26.26:833][  0]LogInit: Applying CVar settings loaded from the selected device profile: [Windows]
[2016.01.28-14.26.26:854][  0]LogInit: Computer: TONGA-PC
[2016.01.28-14.26.26:854][  0]LogInit: User: Tonga
[2016.01.28-14.26.26:854][  0]LogInit: CPU Page size=4096, Cores=2
[2016.01.28-14.26.26:854][  0]LogInit: High frequency timer resolution =3.021914 MHz
[2016.01.28-14.26.26:854][  0]LogMemory: Memory total: Physical=7.9GB (8GB approx)
[2016.01.28-14.26.26:854][  0]LogMemory: Platform Memory Stats for Windows
[2016.01.28-14.26.26:854][  0]LogMemory: Process Physical Memory: 54.37 MB used, 54.37 MB peak
[2016.01.28-14.26.26:854][  0]LogMemory: Process Virtual Memory: 58.66 MB used, 58.66 MB peak
[2016.01.28-14.26.26:854][  0]LogMemory: Physical Memory: 4800.00 MB used, 8132.66 MB total
[2016.01.28-14.26.26:854][  0]LogMemory: Virtual Memory: 337.82 MB used, 8388608.00 MB total
[2016.01.28-14.26.28:220][  0]LogD3D11RHI: Found D3D11 adapter 0: NVIDIA GeForce GTX 750 Ti (Feature Level 11_0)
[2016.01.28-14.26.28:221][  0]LogD3D11RHI: Adapter has 1993MB of dedicated video memory, 0MB of dedicated system memory, and 2048MB of shared system memory, 1 output[s]
[2016.01.28-14.26.28:221][  0]LogD3D11RHI: Chosen D3D11 Adapter Id = 0
[2016.01.28-14.26.28:236][  0]LogD3D11RHI: !Direct3DDevice
[2016.01.28-14.26.28:236][  0]LogRHI: Texture pool is 1361 MB (70% of 1945 MB)
[2016.01.28-14.26.28:260][  0]LogD3D11RHI: Async texture creation enabled
[2016.01.28-14.26.28:277][  0]LogShaderCompilers: Guid format shader working directory is 15 characters bigger than the processId version (../../../../../../Users/Tonga/Documents/Facultad/Tesis/Repositorio/proygrad_fing/BotonLuz/Intermediate/Shaders/WorkingDirectory/7300/).
[2016.01.28-14.26.28:277][  0]LogShaderCompilers: Cleaned the shader compiler working directory '../../../../../../Users/Tonga/Documents/Facultad/Tesis/Repositorio/proygrad_fing/BotonLuz/Intermediate/Shaders/tmp/C92AFFE64DCE4E7E5ABAD986A4FEE51E/'.
[2016.01.28-14.26.28:277][  0]LogShaderCompilers:Display: Using Local Shader Compiler.
[2016.01.28-14.26.30:382][  0]LogTemp:Display: Loaded TP AllDesktopTargetPlatform
[2016.01.28-14.26.30:396][  0]LogTemp:Display: Loaded TP WindowsClientTargetPlatform
[2016.01.28-14.26.30:412][  0]LogTemp:Display: Loaded TP WindowsNoEditorTargetPlatform
[2016.01.28-14.26.30:425][  0]LogTemp:Display: Loaded TP WindowsServerTargetPlatform
[2016.01.28-14.26.30:437][  0]LogTemp:Display: Loaded TP WindowsTargetPlatform
[2016.01.28-14.26.30:449][  0]LogTemp:Display: Loaded TP AndroidTargetPlatform
[2016.01.28-14.26.30:458][  0]LogTemp:Display: Loaded TP Android_ASTCTargetPlatform
[2016.01.28-14.26.30:468][  0]LogTemp:Display: Loaded TP Android_ATCTargetPlatform
[2016.01.28-14.26.30:479][  0]LogTemp:Display: Loaded TP Android_DXTTargetPlatform
[2016.01.28-14.26.30:490][  0]LogTemp:Display: Loaded TP Android_ETC1TargetPlatform
[2016.01.28-14.26.30:501][  0]LogTemp:Display: Loaded TP Android_ETC2TargetPlatform
[2016.01.28-14.26.30:511][  0]LogTemp:Display: Loaded TP Android_PVRTCTargetPlatform
[2016.01.28-14.26.30:515][  0]LogTemp:Display: Loaded TP HTML5TargetPlatform
[2016.01.28-14.26.30:545][  0]LogTemp:Display: Loaded TP IOSTargetPlatform
[2016.01.28-14.26.30:553][  0]LogTemp:Display: Loaded TP LinuxNoEditorTargetPlatform
[2016.01.28-14.26.30:563][  0]LogTemp:Display: Loaded TP LinuxServerTargetPlatform
[2016.01.28-14.26.30:573][  0]LogTemp:Display: Loaded TP LinuxTargetPlatform
[2016.01.28-14.26.30:573][  0]LogTargetPlatformManager:Display: Building Assets For Windows
[2016.01.28-14.26.30:765][  0]LogDerivedDataCache:Display: Max Cache Size: 512 MB
[2016.01.28-14.26.30:895][  0]LogDerivedDataCache: Loaded boot cache 0.13s 41MB C:/Users/Tonga/AppData/Local/UnrealEngine/4.9/DerivedDataCache/Boot.ddc.
[2016.01.28-14.26.30:895][  0]LogDerivedDataCache:Display: Loaded Boot cache: C:/Users/Tonga/AppData/Local/UnrealEngine/4.9/DerivedDataCache/Boot.ddc
[2016.01.28-14.26.30:895][  0]LogDerivedDataCache: FDerivedDataBackendGraph:  Pak pak cache file ../../../../../../Users/Tonga/Documents/Facultad/Tesis/Repositorio/proygrad_fing/BotonLuz/DerivedDataCache/DDC.ddp not found, will not use a pak cache.
[2016.01.28-14.26.30:895][  0]LogDerivedDataCache: Unable to find inner node Pak for hierarchical cache Hierarchy.
[2016.01.28-14.26.30:895][  0]LogDerivedDataCache: FDerivedDataBackendGraph:  CompressedPak pak cache file ../../../../../../Users/Tonga/Documents/Facultad/Tesis/Repositorio/proygrad_fing/BotonLuz/DerivedDataCache/Compressed.ddp not found, will not use a pak cache.
[2016.01.28-14.26.30:895][  0]LogDerivedDataCache: Unable to find inner node CompressedPak for hierarchical cache Hierarchy.
[2016.01.28-14.26.31:090][  0]LogDerivedDataCache:Display: Pak cache opened for reading ../../../Engine/DerivedDataCache/Compressed.ddp.
[2016.01.28-14.26.31:102][  0]LogDerivedDataCache: Using Local data cache path C:/Users/Tonga/AppData/Local/UnrealEngine/Common/DerivedDataCache: Writable
[2016.01.28-14.26.31:555][  0]LogInit: Selected Device Profile: [Windows]
[2016.01.28-14.26.31:556][  0]LogContentStreaming: Texture pool size is 0.000000MB
[2016.01.28-14.26.31:616][  0]LogMeshUtilities: No automatic mesh reduction module available
[2016.01.28-14.26.31:616][  0]LogMeshUtilities: No automatic mesh merging module available
[2016.01.28-14.26.32:362][  0]LogInit: WinSock: version 1.1 (2.2), MaxSocks=32767, MaxUdp=65467
[2016.01.28-14.26.33:816][  0]UdpMessaging: Initializing bridge on interface 0.0.0.0:0 to multicast group 230.0.0.1:6666.
[2016.01.28-14.26.33:948][  0]LogAssetRegistry: FAssetRegistry took 0.0102 seconds to start up
[2016.01.28-14.26.34:292][  0]SourceControl: Info Source control is disabled
[2016.01.28-14.26.34:294][  0]SourceControl: Info Source control is disabled
[2016.01.28-14.26.34:322][  0]SourceControl: Info Source control is disabled
[2016.01.28-14.26.34:353][  0]SourceControl: Info Source control is disabled
[2016.01.28-14.26.34:740][  0]LogLinker:Warning: Asset '../../../Engine/Plugins/Runtime/LeapMotionController/Content/LM_PassthroughMaterial.uasset' has been saved with empty engine version. The asset will be loaded but may be incompatible.
[2016.01.28-14.26.35:021][  0]LogObj: 28361 objects as part of root set at end of initial load.
[2016.01.28-14.26.35:021][  0]LogUObjectAllocator: 6038864 out of 0 bytes used by permanent object pool.
[2016.01.28-14.26.35:120][  0]LogEngine: Initializing Engine...
[2016.01.28-14.26.35:125][  0]OCULUS: Info: 01/28/16 14:26:35: [CAPI] LibOVR module is located at C:\Windows\system32\LibOVRRT64_0_7.dll

[2016.01.28-14.26.35:628][  0]OCULUS: Error: 01/28/16 14:26:35: [CAPI] ovr_Create failed to complete within the timeout period.
[2016.01.28-14.26.35:632][  0]LogHMD: SteamVR failed to initialize.  Err: 110
[2016.01.28-14.26.35:867][  0]LogAIModule: Creating AISystem for world NewWorld
[2016.01.28-14.26.35:880][  0]LogInit: XAudio2 using 'Altavoces (Realtek High Definition Audio)' : 2 channels at 48 kHz using 32 bits per sample (channel mask 0x3)
[2016.01.28-14.26.35:914][  0]LogInit: FAudioDevice initialized.
[2016.01.28-14.26.35:963][  0]LogDerivedDataCache: Saved boot cache 0.05s 41MB C:/Users/Tonga/AppData/Local/UnrealEngine/4.9/DerivedDataCache/Boot.ddc.
[2016.01.28-14.26.35:977][  0]LogInit: Texture streaming: Enabled
[2016.01.28-14.26.35:994][  0]LogAnalytics: Creating configured Analytics provider AnalyticsET
[2016.01.28-14.26.35:994][  0]LogAnalytics: [UEEditor.Rocket.Release] APIServer = http://et2.epicgames.com/ET2/. AppVersion = 4.9.2-2707645+++depot+UE4-Releases+4.9
[2016.01.28-14.26.35:994][  0]LogAnalytics: [UEEditor.Rocket.Release] SetUserId d2bef611456171cb171d15a4a42cb182|6ac59fa8cbb647a4b14c5a548cbd3b91|31fc86a8-acb9-451a-b082-adf3974f05a6
[2016.01.28-14.26.35:994][  0]LogAnalytics: [UEEditor.Rocket.Release] AnalyticsET::StartSession
[2016.01.28-14.26.36:128][  0]LogInit: Transaction tracking system initialized
[2016.01.28-14.26.36:205][  0]BlueprintLog: New page: Editor Load
[2016.01.28-14.26.36:480][  0]LocalizationService: Info Localization service is disabled
[2016.01.28-14.26.36:713][  0]LogConsoleResponse:Display: 
[2016.01.28-14.26.36:913][  0]LogCook:Display: Done creating registry. It took  0.00s.
[2016.01.28-14.26.37:082][  0]LogFileCache: Scanning file cache for directory 'C:/Users/Tonga/Documents/Facultad/Tesis/Repositorio/proygrad_fing/BotonLuz/Content/' took 0.02s
[2016.01.28-14.26.37:082][  0]SourceControl: Info Source control is disabled
[2016.01.28-14.26.37:083][  0]Cmd: MAP LOAD FILE="../../../Engine/Content/Maps/Templates/Template_Default.umap" TEMPLATE=1 SHOWPROGRESS=1 FEATURELEVEL=3
[2016.01.28-14.26.37:084][  0]LightingResults: New page: Lighting Build
[2016.01.28-14.26.37:091][  0]MapCheck: New page: Map Check
[2016.01.28-14.26.37:091][  0]LightingResults: New page: Lighting Build
[2016.01.28-14.26.37:122][  0]LogParticles: Destroying 0 GPU particle simulations for FXSystem 0x000000002522E160
[2016.01.28-14.26.37:638][  0]LogAIModule: Creating AISystem for world Untitled_1
[2016.01.28-14.26.37:647][  0]LogEditorServer: Finished looking for orphan Actors (0.000 secs)
[2016.01.28-14.26.37:654][  0]Cmd: MAP CHECKDEP NOCLEARLOG
[2016.01.28-14.26.37:766][  0]MapCheck: Info Map check complete: 0 Error(s), 0 Warning(s), took 112.031ms to complete.
[2016.01.28-14.26.37:766][  0]LogFileHelpers: Loading map 'Template_Default' took 0.684
[2016.01.28-14.26.38:015][  0]LogCollectionManager: Loaded 0 collections in 0.006086 seconds
[2016.01.28-14.26.38:118][  0]LogFileCache: Scanning file cache for directory 'C:/Users/Tonga/Documents/Facultad/Tesis/Repositorio/proygrad_fing/BotonLuz/Saved/Collections/' took 0.01s
[2016.01.28-14.26.38:118][  0]LogFileCache: Scanning file cache for directory 'C:/Users/Tonga/Documents/Facultad/Tesis/Repositorio/proygrad_fing/BotonLuz/Content/Developers/Tonga/Collections/' took 0.04s
[2016.01.28-14.26.38:118][  0]LogFileCache: Scanning file cache for directory 'C:/Users/Tonga/Documents/Facultad/Tesis/Repositorio/proygrad_fing/BotonLuz/Content/Collections/' took 0.03s
[2016.01.28-14.26.38:118][  0]LogContentBrowser: Native class hierarchy populated in 0.0150 seconds. Added 1867 classes and 333 folders.
[2016.01.28-14.26.38:163][  0]LogCollectionManager: Rebuilt the GUID cache for 0 collections in 0.000004 seconds
[2016.01.28-14.26.38:264][  0]LogContentBrowser: Native class hierarchy updated for 'WidgetCarousel' in 0.0007 seconds. Added 0 classes and 0 folders.
[2016.01.28-14.26.38:875][  0]LogContentBrowser: Native class hierarchy updated for 'AddContentDialog' in 0.0007 seconds. Added 0 classes and 0 folders.
[2016.01.28-14.26.38:936][  0]LogContentBrowser: Native class hierarchy updated for 'SceneOutliner' in 0.0007 seconds. Added 1 classes and 2 folders.
[2016.01.28-14.26.39:100][  0]LogCrashTracker: Crashtracker disabled due to settings.
[2016.01.28-14.26.39:105][  0]LogUObjectGlobals:Warning: Failed to find object 'Class None.'
[2016.01.28-14.26.39:141][  0]LogLoad: Full Startup: 13.76 seconds (BP compile: 0.08 seconds)
[2016.01.28-14.26.39:391][  0]LogContentStreaming: Texture pool size now 1000 MB
[2016.01.28-14.26.39:612][  0]LogRenderer: Reallocating scene render targets to support 1144x576 (Frame:2).
[2016.01.28-14.26.40:286][  4]LogAssetRegistry: Asset discovery search completed in 6.3487 seconds
[2016.01.28-14.26.40:286][  4]LogCollectionManager: Rebuilt the object cache for 0 collections in 0.000001 seconds (found 0 objects)
[2016.01.28-14.26.40:286][  4]LogCollectionManager: Fixed up redirectors for 0 collections in 0.000041 seconds (updated 0 objects)
[2016.01.28-14.26.46:672][450]LogBlueprint:Warning: [compiler BP_Commentary_Box] Warning  Set Text (String)  is deprecated; Use the SetText function taking an FText instead.
[2016.01.28-14.26.46:684][450]LogBlueprint:Warning: [compiler BP_Commentary_Box] Warning  Set Text (String)  is deprecated; Use the SetText function taking an FText instead.
[2016.01.28-14.26.46:696][450]LogBlueprint:Warning: [compiler BP_Commentary_Box] Warning [0021.32] Compile of BP_Commentary_Box successful, but with 2 Warning(s) [in 56 ms]
[2016.01.28-14.26.46:696][450]LogBlueprint:Warning: [compiler BP_Commentary_Box] Warning [0021.32] Compile of BP_Commentary_Box successful, but with 3 Warning(s) [in 0 ms]
[2016.01.28-14.26.46:697][450]LogBlueprint:Warning: [compiler BP_Commentary_Box] Warning [0021.32] Compile of BP_Commentary_Box successful, but with 4 Warning(s) [in 0 ms]
[2016.01.28-14.26.46:745][450]LogBlueprint:Warning: [compiler BP_Commentary_Box] Warning  Set Text (String)  is deprecated; Use the SetText function taking an FText instead.
[2016.01.28-14.26.46:758][450]LogBlueprint:Warning: [compiler BP_Commentary_Box] Warning  Set Text (String)  is deprecated; Use the SetText function taking an FText instead.
[2016.01.28-14.26.46:773][450]LogBlueprint:Warning: [compiler BP_Commentary_Box] Warning [0021.39] Compile of BP_Commentary_Box successful, but with 2 Warning(s) [in 60 ms]
[2016.01.28-14.26.46:773][450]LogBlueprint:Warning: [compiler BP_Commentary_Box] Warning [0021.39] Compile of BP_Commentary_Box successful, but with 3 Warning(s) [in 0 ms]
[2016.01.28-14.26.46:773][450]LogBlueprint:Warning: [compiler BP_Commentary_Box] Warning [0021.39] Compile of BP_Commentary_Box successful, but with 4 Warning(s) [in 0 ms]
[2016.01.28-14.26.48:306][450]LogAIModule: Creating AISystem for world Inicio
[2016.01.28-14.26.48:401][450]Cmd: MAP LOAD FILE="../../../../../../Users/Tonga/Documents/Facultad/Tesis/Repositorio/proygrad_fing/BotonLuz/Content/Inicio.umap" TEMPLATE=0 SHOWPROGRESS=1 FEATURELEVEL=3
[2016.01.28-14.26.48:401][450]LightingResults: New page: Lighting Build
[2016.01.28-14.26.48:454][450]LoadErrors: New page: Loading map: Inicio.umap
[2016.01.28-14.26.48:455][450]MapCheck: New page: Map Check
[2016.01.28-14.26.48:455][450]LightingResults: New page: Lighting Build
[2016.01.28-14.26.48:488][450]LogParticles: Destroying 0 GPU particle simulations for FXSystem 0x000000000FFF3240
[2016.01.28-14.26.48:588][450]LogEditorServer: Finished looking for orphan Actors (0.000 secs)
[2016.01.28-14.26.48:649][450]Cmd: MAP CHECKDEP NOCLEARLOG
[2016.01.28-14.26.48:790][450]MapCheck: Info Map check complete: 0 Error(s), 0 Warning(s), took 140.509ms to complete.
[2016.01.28-14.26.48:791][450]LogFileHelpers: Loading map 'Inicio' took 0.392
[2016.01.28-14.27.17:782][ 57]LogBlueprintUserMessages: Early PlayInEditor Detection: Level '/Game/Inicio.Inicio:PersistentLevel' has LevelScriptBlueprint '/Game/Inicio.Inicio:PersistentLevel.Inicio' with GeneratedClass '/Game/Inicio.Inicio_C' with ClassGeneratedBy '/Game/Inicio.Inicio:PersistentLevel.Inicio'
[2016.01.28-14.27.17:782][ 57]LogPlayLevel: PlayLevel: No blueprints needed recompiling
[2016.01.28-14.27.17:782][ 57]PIE: New page: SIE session: Inicio (Jan 28, 2016, 8:27:17 AM)
[2016.01.28-14.27.17:782][ 57]LogPlayLevel: Creating play world package: /Game/UEDPIE_0_Inicio
[2016.01.28-14.27.17:794][ 57]LogPlayLevel: PIE: StaticDuplicateObject took: (0.011411s)
[2016.01.28-14.27.17:795][ 57]LogAIModule: Creating AISystem for world Inicio
[2016.01.28-14.27.17:795][ 57]LogPlayLevel: PIE: World Init took: (0.001434s)
[2016.01.28-14.27.17:795][ 57]LogPlayLevel: PIE: Created PIE world by copying editor world from /Game/Inicio.Inicio to /Game/UEDPIE_0_Inicio.Inicio (0.013121s)
[2016.01.28-14.27.17:832][ 57]LogInit: XAudio2 using 'Altavoces (Realtek High Definition Audio)' : 2 channels at 48 kHz using 32 bits per sample (channel mask 0x3)
[2016.01.28-14.27.17:862][ 57]LogInit: FAudioDevice initialized.
[2016.01.28-14.27.17:944][ 57]LogWorld: Game class is 'GameMode'
[2016.01.28-14.27.17:948][ 57]LogWorld: Bringing World /Game/UEDPIE_0_Inicio.Inicio up for play (max tick rate 0) at 2016.01.28-11.27.17
[2016.01.28-14.27.17:948][ 57]LogActor:Warning: GameSession /Game/UEDPIE_0_Inicio.Inicio:PersistentLevel.GameSession_0 has natively added scene component(s), but none of them were set as the actor's RootComponent - picking one arbitrarily
[2016.01.28-14.27.17:948][ 57]LogActor:Warning: GameNetworkManager /Game/UEDPIE_0_Inicio.Inicio:PersistentLevel.GameNetworkManager_0 has natively added scene component(s), but none of them were set as the actor's RootComponent - picking one arbitrarily
[2016.01.28-14.27.17:948][ 57]LogWorld: Bringing up level for play took: 0.003001
[2016.01.28-14.27.17:956][ 57]PIE: Info Play in editor start time for /Game/UEDPIE_0_Inicio 0.625
[2016.01.28-14.27.18:003][ 57]LogBlueprintUserMessages: Late PlayInEditor Detection: Level '/Game/Inicio.Inicio:PersistentLevel' has LevelScriptBlueprint '/Game/Inicio.Inicio:PersistentLevel.Inicio' with GeneratedClass '/Game/Inicio.Inicio_C' with ClassGeneratedBy '/Game/Inicio.Inicio:PersistentLevel.Inicio'
[2016.01.28-14.27.21:027][237]PIE:Warning: Warning Mobility of PointLight_0 : LightComponent0 has to be 'Movable' if you'd like to Mobility of {0} : {1} has to be 'Movable' if you'd like to {2}. . 
[2016.01.28-14.29.10:330][190]PIE:Warning: Warning Mobility of PointLight_1 : LightComponent0 has to be 'Movable' if you'd like to Mobility of {0} : {1} has to be 'Movable' if you'd like to {2}. . 
[2016.01.28-14.29.11:680][255]LogEditorViewport: Clicking on Actor (LMB): Lightbulb_C (Lightbulb1)
[2016.01.28-14.29.11:680][255]LogSelection:Warning: PIE object was selected: "Lightbulb_C /Game/UEDPIE_0_Inicio.Inicio:PersistentLevel.Lightbulb_C_1"
[2016.01.28-14.29.22:560][680]LogBlueprintUserMessages: Early EndPlayMap Detection: Level '/Game/Inicio.Inicio:PersistentLevel' has LevelScriptBlueprint '/Game/Inicio.Inicio:PersistentLevel.Inicio' with GeneratedClass '/Game/Inicio.Inicio_C' with ClassGeneratedBy '/Game/Inicio.Inicio:PersistentLevel.Inicio'
[2016.01.28-14.29.22:631][680]LogBlueprintUserMessages: Late EndPlayMap Detection: Level '/Game/Inicio.Inicio:PersistentLevel' has LevelScriptBlueprint '/Game/Inicio.Inicio:PersistentLevel.Inicio' with GeneratedClass '/Game/Inicio.Inicio_C' with ClassGeneratedBy '/Game/Inicio.Inicio:PersistentLevel.Inicio'
[2016.01.28-14.29.22:667][680]LogParticles: Destroying 0 GPU particle simulations for FXSystem 0x0000000007B949A0
[2016.01.28-14.38.50:530][339]LogFileHelpers: Editor autosave (incl. sublevels) for '/Game/Inicio' took 0.036
[2016.01.28-14.39.58:415][138]LogLinker:Warning: Asset '../../../Engine/Content/ArtTools/RenderToTexture/Macros/RenderToTextureMacros.uasset' has been saved with empty engine version. The asset will be loaded but may be incompatible.
[2016.01.28-14.39.59:471][138]LogContentBrowser: Native class hierarchy updated for 'BlueprintGraph' in 0.0010 seconds. Added 107 classes and 0 folders.
[2016.01.28-14.42.53:390][317]BlueprintLog: New page: Compile ElementoListaLuzAgregada
[2016.01.28-14.42.53:440][317]LogBlueprint:Error: [compiler ElementoListaLuzAgregada] Error Event Dispatcher pin is not connected  Bind Event to OnReleased 
[2016.01.28-14.42.53:685][317]LogBlueprint:Warning: [compiler ElementoListaLuzAgregada] Warning [0988.28] Compile of ElementoListaLuzAgregada failed. 1 Fatal Issue(s) 0 Warning(s) [in 294 ms]
[2016.01.28-14.42.53:685][317]BlueprintEditorCompileResults:Error: Error Event Dispatcher pin is not connected  Bind Event to OnReleased 
[2016.01.28-14.42.53:685][317]BlueprintEditorCompileResults:Warning: Warning [0988.28] Compile of ElementoListaLuzAgregada failed. 1 Fatal Issue(s) 0 Warning(s) [in 294 ms]
[2016.01.28-14.49.37:346][593]LogFileHelpers: Editor autosave (incl. sublevels) for '/Game/Inicio' took 0.078
[2016.01.28-14.49.37:367][593]OBJ SavePackage: Generating thumbnails for [0] asset(s) in package [/Game/ElementoListaLuzAgregada] ([1] browsable assets)...
[2016.01.28-14.49.37:367][593]OBJ SavePackage: Finished generating thumbnails for package [/Game/ElementoListaLuzAgregada]
[2016.01.28-14.49.37:817][593]LogSavePackage: Save=198.044357ms
[2016.01.28-14.49.37:817][593]LogSavePackage: Moving '../../../../../../Users/Tonga/Documents/Facultad/Tesis/Repositorio/proygrad_fing/BotonLuz/Saved/ElementoListaLuzAgregada_Auto158AE44CC474B84D669365BA3B6D849AF.tmp' to '../../../../../../Users/Tonga/Documents/Facultad/Tesis/Repositorio/proygrad_fing/BotonLuz/Saved/Autosaves/Game/ElementoListaLuzAgregada_Auto1.uasset'
[2016.01.28-14.49.37:821][593]LogSavePackage: Total save time: 452.335179ms
[2016.01.28-14.49.37:821][593]LogSavePackage:Warning: Finished SavePackage ../../../../../../Users/Tonga/Documents/Facultad/Tesis/Repositorio/proygrad_fing/BotonLuz/Saved/Autosaves/Game/ElementoListaLuzAgregada_Auto1.uasset
[2016.01.28-14.49.37:821][593]LogFileHelpers: Auto-saving content packages took 0.470
[2016.01.28-14.57.42:249][421]Cmd: DELETE
[2016.01.28-14.57.42:249][421]Cmd: ACTOR DELETE
[2016.01.28-14.57.42:306][421]LogEditorActor: Deleted Actor: PointLight
[2016.01.28-14.57.42:365][421]LogEditorActor: Deleted 1 Actors (0.065 secs)
[2016.01.28-14.59.38:918][835]LogSavePackage: Save=205.184860ms
[2016.01.28-14.59.38:918][835]LogSavePackage: Moving '../../../../../../Users/Tonga/Documents/Facultad/Tesis/Repositorio/proygrad_fing/BotonLuz/Saved/Inicio_Auto280D9897246260C670403D9829FFCD573.tmp' to '../../../../../../Users/Tonga/Documents/Facultad/Tesis/Repositorio/proygrad_fing/BotonLuz/Saved/Autosaves/Game/Inicio_Auto2.umap'
[2016.01.28-14.59.38:922][835]LogSavePackage: Total save time: 374.824695ms
[2016.01.28-14.59.38:922][835]LogSavePackage:Warning: Finished SavePackage ../../../../../../Users/Tonga/Documents/Facultad/Tesis/Repositorio/proygrad_fing/BotonLuz/Saved/Autosaves/Game/Inicio_Auto2.umap
[2016.01.28-14.59.38:926][835]LogFileHelpers: Editor autosave (incl. sublevels) for '/Game/Inicio' took 0.452
[2016.01.28-14.59.38:926][835]LogFileHelpers: Editor autosave (incl. sublevels) for all levels took 0.452
[2016.01.28-14.59.38:936][835]OBJ SavePackage: Generating thumbnails for [0] asset(s) in package [/Game/ElementoListaLuzAgregada] ([1] browsable assets)...
[2016.01.28-14.59.38:936][835]OBJ SavePackage: Finished generating thumbnails for package [/Game/ElementoListaLuzAgregada]
[2016.01.28-14.59.39:273][835]LogSavePackage: Save=187.110886ms
[2016.01.28-14.59.39:273][835]LogSavePackage: Moving '../../../../../../Users/Tonga/Documents/Facultad/Tesis/Repositorio/proygrad_fing/BotonLuz/Saved/ElementoListaLuzAgregada_Auto2A7AEDFFE4B59C4D2750245B19EEB04E9.tmp' to '../../../../../../Users/Tonga/Documents/Facultad/Tesis/Repositorio/proygrad_fing/BotonLuz/Saved/Autosaves/Game/ElementoListaLuzAgregada_Auto2.uasset'
[2016.01.28-14.59.39:294][835]LogSavePackage: Total save time: 356.238134ms
[2016.01.28-14.59.39:294][835]LogSavePackage:Warning: Finished SavePackage ../../../../../../Users/Tonga/Documents/Facultad/Tesis/Repositorio/proygrad_fing/BotonLuz/Saved/Autosaves/Game/ElementoListaLuzAgregada_Auto2.uasset
[2016.01.28-14.59.39:294][835]LogFileHelpers: Auto-saving content packages took 0.365
[2016.01.28-15.21.58:899][ 65]LogBlueprintUserMessages: CustomizeDetails for Blueprint 'ElementoListaLuzAgregada', cached variable property's owner is '/Game/ElementoListaLuzAgregada.SKEL_ElementoListaLuzAgregada_C'
[2016.01.28-15.22.09:533][713]BlueprintLog: New page: Compile ElementoListaLuzAgregada
[2016.01.28-15.22.09:735][713]BlueprintEditorCompileResults: Info [3344.28] Compile of ElementoListaLuzAgregada successful! [in 201 ms]
[2016.01.28-15.22.10:915][755]LogSavePackage: Save=204.983002ms
[2016.01.28-15.22.10:915][755]LogSavePackage: Moving '../../../../../../Users/Tonga/Documents/Facultad/Tesis/Repositorio/proygrad_fing/BotonLuz/Saved/ElementoListaLuzAgregada0D7FD68947CA57DACC978E9EF9244E43.tmp' to '../../../../../../Users/Tonga/Documents/Facultad/Tesis/Repositorio/proygrad_fing/BotonLuz/Content/ElementoListaLuzAgregada.uasset'
[2016.01.28-15.22.10:921][755]LogSavePackage: Total save time: 385.201894ms
[2016.01.28-15.22.10:921][755]LogSavePackage:Warning: Finished SavePackage ../../../../../../Users/Tonga/Documents/Facultad/Tesis/Repositorio/proygrad_fing/BotonLuz/Content/ElementoListaLuzAgregada.uasset
[2016.01.28-15.22.21:575][333]LogSavePackage: Save=188.482529ms
[2016.01.28-15.22.21:575][333]LogSavePackage: Moving '../../../../../../Users/Tonga/Documents/Facultad/Tesis/Repositorio/proygrad_fing/BotonLuz/Saved/ElementoListaLuzAgregadaA60940B94F75DB54A88D92A9A3B443DD.tmp' to '../../../../../../Users/Tonga/Documents/Facultad/Tesis/Repositorio/proygrad_fing/BotonLuz/Content/ElementoListaLuzAgregada.uasset'
[2016.01.28-15.22.21:583][333]LogSavePackage: Total save time: 349.213444ms
[2016.01.28-15.22.21:583][333]LogSavePackage:Warning: Finished SavePackage ../../../../../../Users/Tonga/Documents/Facultad/Tesis/Repositorio/proygrad_fing/BotonLuz/Content/ElementoListaLuzAgregada.uasset
[2016.01.28-15.22.26:047][567]BlueprintLog: New page: Compile ElementoListaLuzAgregada
[2016.01.28-15.22.26:268][567]BlueprintEditorCompileResults: Info [3360.81] Compile of ElementoListaLuzAgregada successful! [in 220 ms]
[2016.01.28-15.22.28:685][722]LogBlueprintUserMessages: Early PlayInEditor Detection: Level '/Game/Inicio.Inicio:PersistentLevel' has LevelScriptBlueprint '/Game/Inicio.Inicio:PersistentLevel.Inicio' with GeneratedClass '/Game/Inicio.Inicio_C' with ClassGeneratedBy '/Game/Inicio.Inicio:PersistentLevel.Inicio'
[2016.01.28-15.22.28:685][722]LogPlayLevel: PlayLevel: No blueprints needed recompiling
[2016.01.28-15.22.28:685][722]PIE: New page: SIE session: Inicio (Jan 28, 2016, 9:22:28 AM)
[2016.01.28-15.22.28:685][722]LogPlayLevel: Creating play world package: /Game/UEDPIE_0_Inicio
[2016.01.28-15.22.28:697][722]LogPlayLevel: PIE: StaticDuplicateObject took: (0.011335s)
[2016.01.28-15.22.28:698][722]LogAIModule: Creating AISystem for world Inicio
[2016.01.28-15.22.28:698][722]LogPlayLevel: PIE: World Init took: (0.001571s)
[2016.01.28-15.22.28:699][722]LogPlayLevel: PIE: Created PIE world by copying editor world from /Game/Inicio.Inicio to /Game/UEDPIE_0_Inicio.Inicio (0.013201s)
[2016.01.28-15.22.28:765][722]LogInit: XAudio2 using 'Altavoces (Realtek High Definition Audio)' : 2 channels at 48 kHz using 32 bits per sample (channel mask 0x3)
[2016.01.28-15.22.28:802][722]LogInit: FAudioDevice initialized.
[2016.01.28-15.22.28:843][722]LogWorld: Game class is 'GameMode'
[2016.01.28-15.22.28:845][722]LogWorld: Bringing World /Game/UEDPIE_0_Inicio.Inicio up for play (max tick rate 0) at 2016.01.28-12.22.28
[2016.01.28-15.22.28:845][722]LogActor:Warning: GameSession /Game/UEDPIE_0_Inicio.Inicio:PersistentLevel.GameSession_1 has natively added scene component(s), but none of them were set as the actor's RootComponent - picking one arbitrarily
[2016.01.28-15.22.28:846][722]LogActor:Warning: GameNetworkManager /Game/UEDPIE_0_Inicio.Inicio:PersistentLevel.GameNetworkManager_1 has natively added scene component(s), but none of them were set as the actor's RootComponent - picking one arbitrarily
[2016.01.28-15.22.28:846][722]LogWorld: Bringing up level for play took: 0.002403
[2016.01.28-15.22.28:856][722]PIE: Info Play in editor start time for /Game/UEDPIE_0_Inicio -0.547
[2016.01.28-15.22.28:858][722]LogBlueprintUserMessages: Late PlayInEditor Detection: Level '/Game/Inicio.Inicio:PersistentLevel' has LevelScriptBlueprint '/Game/Inicio.Inicio:PersistentLevel.Inicio' with GeneratedClass '/Game/Inicio.Inicio_C' with ClassGeneratedBy '/Game/Inicio.Inicio:PersistentLevel.Inicio'
[2016.01.28-15.22.31:237][825]PIE:Warning: Warning Mobility of PointLight_4 : LightComponent0 has to be 'Movable' if you'd like to Mobility of {0} : {1} has to be 'Movable' if you'd like to {2}. . 
[2016.01.28-15.22.32:438][875]LogEditorViewport: Clicking on Actor (LMB): Lightbulb_C (Lightbulb2)
[2016.01.28-15.22.32:438][875]LogSelection:Warning: PIE object was selected: "Lightbulb_C /Game/UEDPIE_0_Inicio.Inicio:PersistentLevel.Lightbulb_C_2"
[2016.01.28-15.22.42:524][181]LogBlueprintUserMessages: Early EndPlayMap Detection: Level '/Game/Inicio.Inicio:PersistentLevel' has LevelScriptBlueprint '/Game/Inicio.Inicio:PersistentLevel.Inicio' with GeneratedClass '/Game/Inicio.Inicio_C' with ClassGeneratedBy '/Game/Inicio.Inicio:PersistentLevel.Inicio'
[2016.01.28-15.22.42:560][181]LogBlueprintUserMessages: Late EndPlayMap Detection: Level '/Game/Inicio.Inicio:PersistentLevel' has LevelScriptBlueprint '/Game/Inicio.Inicio:PersistentLevel.Inicio' with GeneratedClass '/Game/Inicio.Inicio_C' with ClassGeneratedBy '/Game/Inicio.Inicio:PersistentLevel.Inicio'
[2016.01.28-15.22.42:620][181]LogParticles: Destroying 0 GPU particle simulations for FXSystem 0x0000000057BA4180
[2016.01.28-15.22.48:231][479]LogBlueprintUserMessages: CustomizeDetails for Blueprint 'ElementoListaLuzAgregada', cached variable property's owner is '/Game/ElementoListaLuzAgregada.SKEL_ElementoListaLuzAgregada_C'
[2016.01.28-15.23.36:923][663]LogFileHelpers: Editor autosave (incl. sublevels) for '/Game/Inicio' took 0.062
[2016.01.28-15.23.36:932][663]OBJ SavePackage: Generating thumbnails for [0] asset(s) in package [/Game/ElementoListaLuzAgregada] ([1] browsable assets)...
[2016.01.28-15.23.36:932][663]OBJ SavePackage: Finished generating thumbnails for package [/Game/ElementoListaLuzAgregada]
[2016.01.28-15.23.37:525][663]LogSavePackage: Save=418.998352ms
[2016.01.28-15.23.37:525][663]LogSavePackage: Moving '../../../../../../Users/Tonga/Documents/Facultad/Tesis/Repositorio/proygrad_fing/BotonLuz/Saved/ElementoListaLuzAgregada_Auto372B16ACC43169333E98B128EE81AA03A.tmp' to '../../../../../../Users/Tonga/Documents/Facultad/Tesis/Repositorio/proygrad_fing/BotonLuz/Saved/Autosaves/Game/ElementoListaLuzAgregada_Auto3.uasset'
[2016.01.28-15.23.37:533][663]LogSavePackage: Total save time: 599.281121ms
[2016.01.28-15.23.37:533][663]LogSavePackage:Warning: Finished SavePackage ../../../../../../Users/Tonga/Documents/Facultad/Tesis/Repositorio/proygrad_fing/BotonLuz/Saved/Autosaves/Game/ElementoListaLuzAgregada_Auto3.uasset
[2016.01.28-15.23.37:533][663]LogFileHelpers: Auto-saving content packages took 0.608
[2016.01.28-15.24.28:773][372]BlueprintLog: New page: Compile ElementoListaLuzAgregada
[2016.01.28-15.24.28:961][372]BlueprintEditorCompileResults: Info [3483.51] Compile of ElementoListaLuzAgregada successful! [in 188 ms]
[2016.01.28-15.24.29:915][406]LogSavePackage: Save=182.410889ms
[2016.01.28-15.24.29:915][406]LogSavePackage: Moving '../../../../../../Users/Tonga/Documents/Facultad/Tesis/Repositorio/proygrad_fing/BotonLuz/Saved/ElementoListaLuzAgregada0790D17D473AD9314A9CE9A55752339B.tmp' to '../../../../../../Users/Tonga/Documents/Facultad/Tesis/Repositorio/proygrad_fing/BotonLuz/Content/ElementoListaLuzAgregada.uasset'
[2016.01.28-15.24.29:920][406]LogSavePackage: Total save time: 346.090920ms
[2016.01.28-15.24.29:920][406]LogSavePackage:Warning: Finished SavePackage ../../../../../../Users/Tonga/Documents/Facultad/Tesis/Repositorio/proygrad_fing/BotonLuz/Content/ElementoListaLuzAgregada.uasset
[2016.01.28-15.24.30:185][419]BlueprintLog: New page: Compile ElementoListaLuzAgregada
[2016.01.28-15.24.30:392][419]BlueprintEditorCompileResults: Info [3484.94] Compile of ElementoListaLuzAgregada successful! [in 207 ms]
[2016.01.28-15.24.32:349][531]LogBlueprintUserMessages: Early PlayInEditor Detection: Level '/Game/Inicio.Inicio:PersistentLevel' has LevelScriptBlueprint '/Game/Inicio.Inicio:PersistentLevel.Inicio' with GeneratedClass '/Game/Inicio.Inicio_C' with ClassGeneratedBy '/Game/Inicio.Inicio:PersistentLevel.Inicio'
[2016.01.28-15.24.32:349][531]LogPlayLevel: PlayLevel: No blueprints needed recompiling
[2016.01.28-15.24.32:349][531]PIE: New page: SIE session: Inicio (Jan 28, 2016, 9:24:32 AM)
[2016.01.28-15.24.32:349][531]LogPlayLevel: Creating play world package: /Game/UEDPIE_0_Inicio
[2016.01.28-15.24.32:363][531]LogPlayLevel: PIE: StaticDuplicateObject took: (0.013503s)
[2016.01.28-15.24.32:366][531]LogAIModule: Creating AISystem for world Inicio
[2016.01.28-15.24.32:367][531]LogPlayLevel: PIE: World Init took: (0.003596s)
[2016.01.28-15.24.32:367][531]LogPlayLevel: PIE: Created PIE world by copying editor world from /Game/Inicio.Inicio to /Game/UEDPIE_0_Inicio.Inicio (0.017378s)
[2016.01.28-15.24.32:455][531]LogInit: XAudio2 using 'Altavoces (Realtek High Definition Audio)' : 2 channels at 48 kHz using 32 bits per sample (channel mask 0x3)
[2016.01.28-15.24.32:575][531]LogInit: FAudioDevice initialized.
[2016.01.28-15.24.32:624][531]LogWorld: Game class is 'GameMode'
[2016.01.28-15.24.32:627][531]LogWorld: Bringing World /Game/UEDPIE_0_Inicio.Inicio up for play (max tick rate 0) at 2016.01.28-12.24.32
[2016.01.28-15.24.32:627][531]LogActor:Warning: GameSession /Game/UEDPIE_0_Inicio.Inicio:PersistentLevel.GameSession_2 has natively added scene component(s), but none of them were set as the actor's RootComponent - picking one arbitrarily
[2016.01.28-15.24.32:627][531]LogActor:Warning: GameNetworkManager /Game/UEDPIE_0_Inicio.Inicio:PersistentLevel.GameNetworkManager_2 has natively added scene component(s), but none of them were set as the actor's RootComponent - picking one arbitrarily
[2016.01.28-15.24.32:628][531]LogWorld: Bringing up level for play took: 0.002892
[2016.01.28-15.24.32:635][531]PIE: Info Play in editor start time for /Game/UEDPIE_0_Inicio 1.229
[2016.01.28-15.24.32:638][531]LogBlueprintUserMessages: Late PlayInEditor Detection: Level '/Game/Inicio.Inicio:PersistentLevel' has LevelScriptBlueprint '/Game/Inicio.Inicio:PersistentLevel.Inicio' with GeneratedClass '/Game/Inicio.Inicio_C' with ClassGeneratedBy '/Game/Inicio.Inicio:PersistentLevel.Inicio'
[2016.01.28-15.24.34:603][610]PIE:Warning: Warning Mobility of PointLight_5 : LightComponent0 has to be 'Movable' if you'd like to Mobility of {0} : {1} has to be 'Movable' if you'd like to {2}. . 
[2016.01.28-15.24.35:908][671]LogEditorViewport: Clicking on Actor (LMB): Lightbulb_C (Lightbulb3)
[2016.01.28-15.24.35:909][671]LogSelection:Warning: PIE object was selected: "Lightbulb_C /Game/UEDPIE_0_Inicio.Inicio:PersistentLevel.Lightbulb_C_3"
[2016.01.28-15.26.03:371][706]LogBlueprintUserMessages: Early EndPlayMap Detection: Level '/Game/Inicio.Inicio:PersistentLevel' has LevelScriptBlueprint '/Game/Inicio.Inicio:PersistentLevel.Inicio' with GeneratedClass '/Game/Inicio.Inicio_C' with ClassGeneratedBy '/Game/Inicio.Inicio:PersistentLevel.Inicio'
[2016.01.28-15.26.03:406][706]LogBlueprintUserMessages: Late EndPlayMap Detection: Level '/Game/Inicio.Inicio:PersistentLevel' has LevelScriptBlueprint '/Game/Inicio.Inicio:PersistentLevel.Inicio' with GeneratedClass '/Game/Inicio.Inicio_C' with ClassGeneratedBy '/Game/Inicio.Inicio:PersistentLevel.Inicio'
[2016.01.28-15.26.03:465][706]LogParticles: Destroying 0 GPU particle simulations for FXSystem 0x0000000043B0DDA0
[2016.01.28-15.26.52:055][447]LogBlueprintUserMessages: CustomizeDetails for Blueprint 'ElementoListaLuzAgregada', cached variable property's owner is '/Script/Engine.Light'
[2016.01.28-15.26.59:019][866]LogBlueprintUserMessages: CustomizeDetails for Blueprint 'ElementoListaLuzAgregada', cached variable property's owner is '/Game/ElementoListaLuzAgregada.SKEL_ElementoListaLuzAgregada_C'
[2016.01.28-15.27.07:488][340]LogSavePackage: Save=184.684601ms
[2016.01.28-15.27.07:488][340]LogSavePackage: Moving '../../../../../../Users/Tonga/Documents/Facultad/Tesis/Repositorio/proygrad_fing/BotonLuz/Saved/ElementoListaLuzAgregada88CF22984339BE23215623AD4BAF2076.tmp' to '../../../../../../Users/Tonga/Documents/Facultad/Tesis/Repositorio/proygrad_fing/BotonLuz/Content/ElementoListaLuzAgregada.uasset'
[2016.01.28-15.27.07:492][340]LogSavePackage: Total save time: 342.015024ms
[2016.01.28-15.27.07:492][340]LogSavePackage:Warning: Finished SavePackage ../../../../../../Users/Tonga/Documents/Facultad/Tesis/Repositorio/proygrad_fing/BotonLuz/Content/ElementoListaLuzAgregada.uasset
[2016.01.28-15.27.07:972][363]BlueprintLog: New page: Compile ElementoListaLuzAgregada
[2016.01.28-15.27.08:194][363]BlueprintEditorCompileResults: Info [3642.74] Compile of ElementoListaLuzAgregada successful! [in 222 ms]
[2016.01.28-15.27.10:116][468]LogBlueprintUserMessages: Early PlayInEditor Detection: Level '/Game/Inicio.Inicio:PersistentLevel' has LevelScriptBlueprint '/Game/Inicio.Inicio:PersistentLevel.Inicio' with GeneratedClass '/Game/Inicio.Inicio_C' with ClassGeneratedBy '/Game/Inicio.Inicio:PersistentLevel.Inicio'
[2016.01.28-15.27.10:116][468]LogPlayLevel: PlayLevel: No blueprints needed recompiling
[2016.01.28-15.27.10:116][468]PIE: New page: SIE session: Inicio (Jan 28, 2016, 9:27:10 AM)
[2016.01.28-15.27.10:117][468]LogPlayLevel: Creating play world package: /Game/UEDPIE_0_Inicio
[2016.01.28-15.27.10:127][468]LogPlayLevel: PIE: StaticDuplicateObject took: (0.010158s)
[2016.01.28-15.27.10:128][468]LogAIModule: Creating AISystem for world Inicio
[2016.01.28-15.27.10:128][468]LogPlayLevel: PIE: World Init took: (0.001446s)
[2016.01.28-15.27.10:128][468]LogPlayLevel: PIE: Created PIE world by copying editor world from /Game/Inicio.Inicio to /Game/UEDPIE_0_Inicio.Inicio (0.011905s)
[2016.01.28-15.27.10:201][468]LogInit: XAudio2 using 'Altavoces (Realtek High Definition Audio)' : 2 channels at 48 kHz using 32 bits per sample (channel mask 0x3)
[2016.01.28-15.27.10:240][468]LogInit: FAudioDevice initialized.
[2016.01.28-15.27.10:286][468]LogWorld: Game class is 'GameMode'
[2016.01.28-15.27.10:291][468]LogWorld: Bringing World /Game/UEDPIE_0_Inicio.Inicio up for play (max tick rate 0) at 2016.01.28-12.27.10
[2016.01.28-15.27.10:291][468]LogActor:Warning: GameSession /Game/UEDPIE_0_Inicio.Inicio:PersistentLevel.GameSession_3 has natively added scene component(s), but none of them were set as the actor's RootComponent - picking one arbitrarily
[2016.01.28-15.27.10:291][468]LogActor:Warning: GameNetworkManager /Game/UEDPIE_0_Inicio.Inicio:PersistentLevel.GameNetworkManager_3 has natively added scene component(s), but none of them were set as the actor's RootComponent - picking one arbitrarily
[2016.01.28-15.27.10:291][468]LogWorld: Bringing up level for play took: 0.003046
[2016.01.28-15.27.10:299][468]PIE: Info Play in editor start time for /Game/UEDPIE_0_Inicio 0.89
[2016.01.28-15.27.10:302][468]LogBlueprintUserMessages: Late PlayInEditor Detection: Level '/Game/Inicio.Inicio:PersistentLevel' has LevelScriptBlueprint '/Game/Inicio.Inicio:PersistentLevel.Inicio' with GeneratedClass '/Game/Inicio.Inicio_C' with ClassGeneratedBy '/Game/Inicio.Inicio:PersistentLevel.Inicio'
[2016.01.28-15.27.12:498][564]PIE:Warning: Warning Mobility of PointLight_6 : LightComponent0 has to be 'Movable' if you'd like to Mobility of {0} : {1} has to be 'Movable' if you'd like to {2}. . 
[2016.01.28-15.27.13:388][595]LogEditorViewport: Clicking on Actor (LMB): Lightbulb_C (Lightbulb4)
[2016.01.28-15.27.13:388][595]LogSelection:Warning: PIE object was selected: "Lightbulb_C /Game/UEDPIE_0_Inicio.Inicio:PersistentLevel.Lightbulb_C_4"
[2016.01.28-15.28.23:542][782]LogEditorViewport: Clicking on Actor (LMB): BP_Sky_Sphere_C (Sky Sphere)
[2016.01.28-15.28.23:542][782]LogSelection:Warning: PIE object was selected: "BP_Sky_Sphere_C /Game/UEDPIE_0_Inicio.Inicio:PersistentLevel.SkySphere"
[2016.01.28-15.28.26:029][896]LogEditorViewport: Clicking on Actor (LMB): Lightbulb_C (Lightbulb4)
[2016.01.28-15.28.26:029][896]LogSelection:Warning: PIE object was selected: "Lightbulb_C /Game/UEDPIE_0_Inicio.Inicio:PersistentLevel.Lightbulb_C_4"
[2016.01.28-15.28.27:680][965]PIE:Warning: Warning Mobility of PointLight_7 : LightComponent0 has to be 'Movable' if you'd like to Mobility of {0} : {1} has to be 'Movable' if you'd like to {2}. . 
[2016.01.28-15.28.28:767][ 10]LogEditorViewport: Clicking on Actor (LMB): Lightbulb_C (Lightbulb5)
[2016.01.28-15.28.28:767][ 10]LogSelection:Warning: PIE object was selected: "Lightbulb_C /Game/UEDPIE_0_Inicio.Inicio:PersistentLevel.Lightbulb_C_5"
[2016.01.28-15.28.39:066][377]PIE:Warning: Warning Mobility of PointLight_8 : LightComponent0 has to be 'Movable' if you'd like to Mobility of {0} : {1} has to be 'Movable' if you'd like to {2}. . 
[2016.01.28-15.28.40:110][413]LogEditorViewport: Clicking on Actor (LMB): Lightbulb_C (Lightbulb6)
[2016.01.28-15.28.40:110][413]LogSelection:Warning: PIE object was selected: "Lightbulb_C /Game/UEDPIE_0_Inicio.Inicio:PersistentLevel.Lightbulb_C_6"
[2016.01.28-15.29.30:024][548]LogEditorViewport: Clicking on Actor (LMB): BP_Sky_Sphere_C (Sky Sphere)
[2016.01.28-15.29.30:024][548]LogSelection:Warning: PIE object was selected: "BP_Sky_Sphere_C /Game/UEDPIE_0_Inicio.Inicio:PersistentLevel.SkySphere"
[2016.01.28-15.29.30:865][578]LogEditorViewport: Clicking on Actor (LMB): StaticMeshActor (Floor)
[2016.01.28-15.29.30:865][578]LogSelection:Warning: PIE object was selected: "StaticMeshActor /Game/UEDPIE_0_Inicio.Inicio:PersistentLevel.Floor"
[2016.01.28-15.29.31:557][602]LogEditorViewport: Clicking on Actor (LMB): BP_Sky_Sphere_C (Sky Sphere)
[2016.01.28-15.29.31:557][602]LogSelection:Warning: PIE object was selected: "BP_Sky_Sphere_C /Game/UEDPIE_0_Inicio.Inicio:PersistentLevel.SkySphere"
[2016.01.28-15.29.32:492][640]LogEditorViewport: Clicking on Actor (LMB): BP_Sky_Sphere_C (Sky Sphere)
[2016.01.28-15.29.32:493][640]LogSelection:Warning: PIE object was selected: "BP_Sky_Sphere_C /Game/UEDPIE_0_Inicio.Inicio:PersistentLevel.SkySphere"
[2016.01.28-15.29.37:765][833]LogEditorViewport: Clicking on Actor (LMB): StaticMeshActor (Floor)
[2016.01.28-15.29.37:765][833]LogSelection:Warning: PIE object was selected: "StaticMeshActor /Game/UEDPIE_0_Inicio.Inicio:PersistentLevel.Floor"
[2016.01.28-15.29.38:388][855]LogEditorViewport: Clicking on Actor (LMB): Lightbulb_C (Lightbulb6)
[2016.01.28-15.29.38:389][855]LogSelection:Warning: PIE object was selected: "Lightbulb_C /Game/UEDPIE_0_Inicio.Inicio:PersistentLevel.Lightbulb_C_6"
[2016.01.28-15.29.46:676][154]PIE:Warning: Warning Mobility of PointLight_9 : LightComponent0 has to be 'Movable' if you'd like to Mobility of {0} : {1} has to be 'Movable' if you'd like to {2}. . 
[2016.01.28-15.29.55:720][497]LogEditorViewport: Clicking on Actor (LMB): StaticMeshActor (Floor)
[2016.01.28-15.29.55:720][497]LogSelection:Warning: PIE object was selected: "StaticMeshActor /Game/UEDPIE_0_Inicio.Inicio:PersistentLevel.Floor"
[2016.01.28-15.29.56:516][519]LogEditorViewport: Clicking on Actor (LMB): BP_Sky_Sphere_C (Sky Sphere)
[2016.01.28-15.29.56:516][519]LogSelection:Warning: PIE object was selected: "BP_Sky_Sphere_C /Game/UEDPIE_0_Inicio.Inicio:PersistentLevel.SkySphere"
[2016.01.28-15.29.57:376][545]LogEditorViewport: Clicking on Actor (LMB): Lightbulb_C (Lightbulb7)
[2016.01.28-15.29.57:376][545]LogSelection:Warning: PIE object was selected: "Lightbulb_C /Game/UEDPIE_0_Inicio.Inicio:PersistentLevel.Lightbulb_C_7"
[2016.01.28-15.30.27:589][553]PIE:Warning: Warning Mobility of PointLight_10 : LightComponent0 has to be 'Movable' if you'd like to Mobility of {0} : {1} has to be 'Movable' if you'd like to {2}. . 
[2016.01.28-15.30.41:532][364]PIE:Warning: Warning Mobility of PointLight_11 : LightComponent0 has to be 'Movable' if you'd like to Mobility of {0} : {1} has to be 'Movable' if you'd like to {2}. . 
[2016.01.28-15.31.45:463][605]LogEditorViewport: Clicking on Actor (LMB): Lightbulb_C (Lightbulb4)
[2016.01.28-15.31.45:463][605]LogSelection:Warning: PIE object was selected: "Lightbulb_C /Game/UEDPIE_0_Inicio.Inicio:PersistentLevel.Lightbulb_C_4"
[2016.01.28-15.32.03:420][434]LogBlueprintUserMessages: Early EndPlayMap Detection: Level '/Game/Inicio.Inicio:PersistentLevel' has LevelScriptBlueprint '/Game/Inicio.Inicio:PersistentLevel.Inicio' with GeneratedClass '/Game/Inicio.Inicio_C' with ClassGeneratedBy '/Game/Inicio.Inicio:PersistentLevel.Inicio'
[2016.01.28-15.32.03:457][434]LogBlueprintUserMessages: Late EndPlayMap Detection: Level '/Game/Inicio.Inicio:PersistentLevel' has LevelScriptBlueprint '/Game/Inicio.Inicio:PersistentLevel.Inicio' with GeneratedClass '/Game/Inicio.Inicio_C' with ClassGeneratedBy '/Game/Inicio.Inicio:PersistentLevel.Inicio'
[2016.01.28-15.32.03:516][434]LogParticles: Destroying 0 GPU particle simulations for FXSystem 0x0000000057BA76A0
[2016.01.28-15.32.05:490][576]LogActorFactory: Actor Factory created Cube
[2016.01.28-15.32.06:883][680]LogActorFactory: Actor Factory created Cube
[2016.01.28-15.32.24:065][862]LogEditorViewport: Clicking on Actor (LMB): StaticMeshActor (Cube)
[2016.01.28-15.32.24:720][910]Cmd: DELETE
[2016.01.28-15.32.24:720][910]Cmd: ACTOR DELETE
[2016.01.28-15.32.24:721][910]LogEditorActor: Deleted Actor: StaticMeshActor
[2016.01.28-15.32.24:782][910]LogEditorActor: Deleted 1 Actors (0.061 secs)
[2016.01.28-15.32.26:572][ 57]LogBlueprintUserMessages: Early PlayInEditor Detection: Level '/Game/Inicio.Inicio:PersistentLevel' has LevelScriptBlueprint '/Game/Inicio.Inicio:PersistentLevel.Inicio' with GeneratedClass '/Game/Inicio.Inicio_C' with ClassGeneratedBy '/Game/Inicio.Inicio:PersistentLevel.Inicio'
[2016.01.28-15.32.26:572][ 57]LogPlayLevel: PlayLevel: No blueprints needed recompiling
[2016.01.28-15.32.26:572][ 57]PIE: New page: SIE session: Inicio (Jan 28, 2016, 9:32:26 AM)
[2016.01.28-15.32.26:573][ 57]LogPlayLevel: Creating play world package: /Game/UEDPIE_0_Inicio
[2016.01.28-15.32.26:584][ 57]LogPlayLevel: PIE: StaticDuplicateObject took: (0.011152s)
[2016.01.28-15.32.26:585][ 57]LogAIModule: Creating AISystem for world Inicio
[2016.01.28-15.32.26:585][ 57]LogPlayLevel: PIE: World Init took: (0.001493s)
[2016.01.28-15.32.26:586][ 57]LogPlayLevel: PIE: Created PIE world by copying editor world from /Game/Inicio.Inicio to /Game/UEDPIE_0_Inicio.Inicio (0.012943s)
[2016.01.28-15.32.26:656][ 57]LogInit: XAudio2 using 'Altavoces (Realtek High Definition Audio)' : 2 channels at 48 kHz using 32 bits per sample (channel mask 0x3)
[2016.01.28-15.32.26:693][ 57]LogInit: FAudioDevice initialized.
[2016.01.28-15.32.26:735][ 57]LogWorld: Game class is 'GameMode'
[2016.01.28-15.32.26:737][ 57]LogWorld: Bringing World /Game/UEDPIE_0_Inicio.Inicio up for play (max tick rate 0) at 2016.01.28-12.32.26
[2016.01.28-15.32.26:737][ 57]LogActor:Warning: GameSession /Game/UEDPIE_0_Inicio.Inicio:PersistentLevel.GameSession_4 has natively added scene component(s), but none of them were set as the actor's RootComponent - picking one arbitrarily
[2016.01.28-15.32.26:738][ 57]LogActor:Warning: GameNetworkManager /Game/UEDPIE_0_Inicio.Inicio:PersistentLevel.GameNetworkManager_4 has natively added scene component(s), but none of them were set as the actor's RootComponent - picking one arbitrarily
[2016.01.28-15.32.26:738][ 57]LogWorld: Bringing up level for play took: 0.002209
[2016.01.28-15.32.26:745][ 57]PIE: Info Play in editor start time for /Game/UEDPIE_0_Inicio -0.671
[2016.01.28-15.32.26:747][ 57]LogBlueprintUserMessages: Late PlayInEditor Detection: Level '/Game/Inicio.Inicio:PersistentLevel' has LevelScriptBlueprint '/Game/Inicio.Inicio:PersistentLevel.Inicio' with GeneratedClass '/Game/Inicio.Inicio_C' with ClassGeneratedBy '/Game/Inicio.Inicio:PersistentLevel.Inicio'
[2016.01.28-15.32.28:792][153]PIE:Warning: Warning Mobility of PointLight_12 : LightComponent0 has to be 'Movable' if you'd like to Mobility of {0} : {1} has to be 'Movable' if you'd like to {2}. . 
[2016.01.28-15.32.30:185][211]LogEditorViewport: Clicking on Actor (LMB): Lightbulb_C (Lightbulb10)
[2016.01.28-15.32.30:185][211]LogSelection:Warning: PIE object was selected: "Lightbulb_C /Game/UEDPIE_0_Inicio.Inicio:PersistentLevel.Lightbulb_C_10"
[2016.01.28-15.32.58:837][722]PIE:Warning: Warning Mobility of PointLight_13 : LightComponent0 has to be 'Movable' if you'd like to Mobility of {0} : {1} has to be 'Movable' if you'd like to {2}. . 
[2016.01.28-15.33.01:632][829]LogEditorViewport: Clicking on Actor (LMB): Lightbulb_C (Lightbulb11)
[2016.01.28-15.33.01:632][829]LogSelection:Warning: PIE object was selected: "Lightbulb_C /Game/UEDPIE_0_Inicio.Inicio:PersistentLevel.Lightbulb_C_11"
[2016.01.28-15.33.03:414][895]PIE:Warning: Warning Mobility of PointLight_14 : LightComponent0 has to be 'Movable' if you'd like to Mobility of {0} : {1} has to be 'Movable' if you'd like to {2}. . 
[2016.01.28-15.33.04:989][956]LogEditorViewport: Clicking on Actor (LMB): Lightbulb_C (Lightbulb12)
[2016.01.28-15.33.04:989][956]LogSelection:Warning: PIE object was selected: "Lightbulb_C /Game/UEDPIE_0_Inicio.Inicio:PersistentLevel.Lightbulb_C_12"
[2016.01.28-15.33.20:261][470]LogEditorViewport: Clicking on Actor (LMB): StaticMeshActor (Floor)
[2016.01.28-15.33.20:261][470]LogSelection:Warning: PIE object was selected: "StaticMeshActor /Game/UEDPIE_0_Inicio.Inicio:PersistentLevel.Floor"
[2016.01.28-15.33.21:958][549]LogEditorViewport: Clicking on Actor (LMB): BP_Sky_Sphere_C (Sky Sphere)
[2016.01.28-15.33.21:958][549]LogSelection:Warning: PIE object was selected: "BP_Sky_Sphere_C /Game/UEDPIE_0_Inicio.Inicio:PersistentLevel.SkySphere"
[2016.01.28-15.33.48:425][194]LogEditorViewport: Clicking on Actor (LMB): BP_Sky_Sphere_C (Sky Sphere)
[2016.01.28-15.33.48:425][194]LogSelection:Warning: PIE object was selected: "BP_Sky_Sphere_C /Game/UEDPIE_0_Inicio.Inicio:PersistentLevel.SkySphere"
[2016.01.28-15.36.12:925][809]LogSavePackage: Save=177.910095ms
[2016.01.28-15.36.12:925][809]LogSavePackage: Moving '../../../../../../Users/Tonga/Documents/Facultad/Tesis/Repositorio/proygrad_fing/BotonLuz/Saved/Inicio94DA1ACF4AFBD90BC5814F8F05FFFAF2.tmp' to '../../../../../../Users/Tonga/Documents/Facultad/Tesis/Repositorio/proygrad_fing/BotonLuz/Content/Inicio.umap'
[2016.01.28-15.36.12:930][809]LogSavePackage: Total save time: 349.755485ms
[2016.01.28-15.36.12:930][809]LogSavePackage:Warning: Finished SavePackage ../../../../../../Users/Tonga/Documents/Facultad/Tesis/Repositorio/proygrad_fing/BotonLuz/Content/Inicio.umap
[2016.01.28-15.36.25:517][480]LogEditorViewport: Clicking on Actor (LMB): StaticMeshActor (Floor)
[2016.01.28-15.36.25:517][480]LogSelection:Warning: PIE object was selected: "StaticMeshActor /Game/UEDPIE_0_Inicio.Inicio:PersistentLevel.Floor"
[2016.01.28-15.36.26:713][522]LogEditorViewport: Clicking on Actor (LMB): Lightbulb_C (Lightbulb11)
[2016.01.28-15.36.26:713][522]LogSelection:Warning: PIE object was selected: "Lightbulb_C /Game/UEDPIE_0_Inicio.Inicio:PersistentLevel.Lightbulb_C_11"
[2016.01.28-15.37.36:308][ 70]LogEditorViewport: Clicking on Actor (CTRL LMB): Lightbulb_C (Lightbulb10)
[2016.01.28-15.37.36:308][ 70]LogSelection:Warning: PIE object was selected: "Lightbulb_C /Game/UEDPIE_0_Inicio.Inicio:PersistentLevel.Lightbulb_C_10"
[2016.01.28-15.37.38:839][192]LogEditorViewport: Clicking on Actor (CTRL LMB): Lightbulb_C (Lightbulb11)
[2016.01.28-15.37.38:839][192]LogSelection:Warning: PIE object was selected: "Lightbulb_C /Game/UEDPIE_0_Inicio.Inicio:PersistentLevel.Lightbulb_C_11"
[2016.01.28-15.37.41:953][332]LogEditorViewport: Clicking on Actor (CTRL LMB): Lightbulb_C (Lightbulb12)
[2016.01.28-15.37.41:953][332]LogSelection:Warning: PIE object was selected: "Lightbulb_C /Game/UEDPIE_0_Inicio.Inicio:PersistentLevel.Lightbulb_C_12"
[2016.01.28-15.42.10:846][696]LogEditorViewport: Clicking on Actor (LMB): StaticMeshActor (Floor)
[2016.01.28-15.42.10:846][696]LogSelection:Warning: PIE object was selected: "StaticMeshActor /Game/UEDPIE_0_Inicio.Inicio:PersistentLevel.Floor"
[2016.01.28-15.42.11:979][738]LogEditorViewport: Clicking on Actor (LMB): Lightbulb_C (Lightbulb11)
[2016.01.28-15.42.11:979][738]LogSelection:Warning: PIE object was selected: "Lightbulb_C /Game/UEDPIE_0_Inicio.Inicio:PersistentLevel.Lightbulb_C_11"
[2016.01.28-15.42.57:902][477]LogBlueprintUserMessages: Early EndPlayMap Detection: Level '/Game/Inicio.Inicio:PersistentLevel' has LevelScriptBlueprint '/Game/Inicio.Inicio:PersistentLevel.Inicio' with GeneratedClass '/Game/Inicio.Inicio_C' with ClassGeneratedBy '/Game/Inicio.Inicio:PersistentLevel.Inicio'
[2016.01.28-15.42.57:937][477]LogBlueprintUserMessages: Late EndPlayMap Detection: Level '/Game/Inicio.Inicio:PersistentLevel' has LevelScriptBlueprint '/Game/Inicio.Inicio:PersistentLevel.Inicio' with GeneratedClass '/Game/Inicio.Inicio_C' with ClassGeneratedBy '/Game/Inicio.Inicio:PersistentLevel.Inicio'
[2016.01.28-15.42.58:001][477]LogParticles: Destroying 0 GPU particle simulations for FXSystem 0x000000005B472CA0
[2016.01.28-15.43.22:291][301]LogEditorViewport: Clicking on Actor (LMB): PointLight (PointLight2)
[2016.01.28-15.44.02:677][501]Cmd: DELETE
[2016.01.28-15.44.02:677][501]Cmd: ACTOR DELETE
[2016.01.28-15.44.02:678][501]LogEditorActor: Deleted Actor: PointLight
[2016.01.28-15.44.02:736][501]LogEditorActor: Deleted 1 Actors (0.058 secs)
[2016.01.28-15.44.03:538][577]LogEditorViewport: Clicking on Actor (LMB): SpotLight (SpotLight2)
[2016.01.28-15.44.03:584][577]Cmd: DELETE
[2016.01.28-15.44.03:584][577]Cmd: ACTOR DELETE
[2016.01.28-15.44.03:584][577]LogEditorActor: Deleted Actor: SpotLight
[2016.01.28-15.44.03:642][577]LogEditorActor: Deleted 1 Actors (0.058 secs)
[2016.01.28-15.44.04:032][613]LogEditorViewport: Clicking on Actor (LMB): SpotLight (SpotLight)
[2016.01.28-15.44.04:096][615]Cmd: DELETE
[2016.01.28-15.44.04:096][615]Cmd: ACTOR DELETE
[2016.01.28-15.44.04:097][615]LogEditorActor: Deleted Actor: SpotLight
[2016.01.28-15.44.04:152][615]LogEditorActor: Deleted 1 Actors (0.056 secs)
[2016.01.28-15.44.04:637][662]LogEditorViewport: Clicking on Actor (LMB): PlayerStart (Player Start)
[2016.01.28-15.44.05:986][785]LogEditorViewport: Clicking on Actor (LMB): PointLight (PointLight)
[2016.01.28-15.44.06:050][787]Cmd: DELETE
[2016.01.28-15.44.06:050][787]Cmd: ACTOR DELETE
[2016.01.28-15.44.06:051][787]LogEditorActor: Deleted Actor: PointLight
[2016.01.28-15.44.06:108][787]LogEditorActor: Deleted 1 Actors (0.058 secs)
[2016.01.28-15.44.07:096][887]LogEditorViewport: Clicking on Actor (LMB): StaticMeshActor (Floor)
[2016.01.28-15.44.08:300][988]LogEditorViewport: Clicking on Actor (LMB): BP_Sky_Sphere_C (Sky Sphere)
[2016.01.28-15.44.08:958][ 41]LogBlueprintUserMessages: Early PlayInEditor Detection: Level '/Game/Inicio.Inicio:PersistentLevel' has LevelScriptBlueprint '/Game/Inicio.Inicio:PersistentLevel.Inicio' with GeneratedClass '/Game/Inicio.Inicio_C' with ClassGeneratedBy '/Game/Inicio.Inicio:PersistentLevel.Inicio'
[2016.01.28-15.44.08:958][ 41]LogPlayLevel: PlayLevel: No blueprints needed recompiling
[2016.01.28-15.44.08:958][ 41]PIE: New page: SIE session: Inicio (Jan 28, 2016, 9:44:08 AM)
[2016.01.28-15.44.08:958][ 41]LogPlayLevel: Creating play world package: /Game/UEDPIE_0_Inicio
[2016.01.28-15.44.08:970][ 41]LogPlayLevel: PIE: StaticDuplicateObject took: (0.011352s)
[2016.01.28-15.44.08:971][ 41]LogAIModule: Creating AISystem for world Inicio
[2016.01.28-15.44.08:971][ 41]LogPlayLevel: PIE: World Init took: (0.001524s)
[2016.01.28-15.44.08:971][ 41]LogPlayLevel: PIE: Created PIE world by copying editor world from /Game/Inicio.Inicio to /Game/UEDPIE_0_Inicio.Inicio (0.013144s)
[2016.01.28-15.44.09:031][ 41]LogSelection:Warning: PIE object was selected: "BP_Sky_Sphere_C /Game/UEDPIE_0_Inicio.Inicio:PersistentLevel.SkySphere"
[2016.01.28-15.44.09:039][ 41]LogInit: XAudio2 using 'Altavoces (Realtek High Definition Audio)' : 2 channels at 48 kHz using 32 bits per sample (channel mask 0x3)
[2016.01.28-15.44.09:080][ 41]LogInit: FAudioDevice initialized.
[2016.01.28-15.44.09:116][ 41]LogWorld: Game class is 'GameMode'
[2016.01.28-15.44.09:119][ 41]LogWorld: Bringing World /Game/UEDPIE_0_Inicio.Inicio up for play (max tick rate 0) at 2016.01.28-12.44.09
[2016.01.28-15.44.09:119][ 41]LogActor:Warning: GameSession /Game/UEDPIE_0_Inicio.Inicio:PersistentLevel.GameSession_5 has natively added scene component(s), but none of them were set as the actor's RootComponent - picking one arbitrarily
[2016.01.28-15.44.09:119][ 41]LogActor:Warning: GameNetworkManager /Game/UEDPIE_0_Inicio.Inicio:PersistentLevel.GameNetworkManager_5 has natively added scene component(s), but none of them were set as the actor's RootComponent - picking one arbitrarily
[2016.01.28-15.44.09:120][ 41]LogWorld: Bringing up level for play took: 0.002644
[2016.01.28-15.44.09:126][ 41]PIE: Info Play in editor start time for /Game/UEDPIE_0_Inicio -0.305
[2016.01.28-15.44.09:141][ 41]LogSelection:Warning: PIE object was selected: "BP_Sky_Sphere_C /Game/UEDPIE_0_Inicio.Inicio:PersistentLevel.SkySphere"
[2016.01.28-15.44.09:141][ 41]LogBlueprintUserMessages: Late PlayInEditor Detection: Level '/Game/Inicio.Inicio:PersistentLevel' has LevelScriptBlueprint '/Game/Inicio.Inicio:PersistentLevel.Inicio' with GeneratedClass '/Game/Inicio.Inicio_C' with ClassGeneratedBy '/Game/Inicio.Inicio:PersistentLevel.Inicio'
[2016.01.28-15.44.12:173][212]PIE:Warning: Warning Mobility of PointLight_20 : LightComponent0 has to be 'Movable' if you'd like to Mobility of {0} : {1} has to be 'Movable' if you'd like to {2}. . 
[2016.01.28-15.44.42:940][975]LogBlueprintUserMessages: Early EndPlayMap Detection: Level '/Game/Inicio.Inicio:PersistentLevel' has LevelScriptBlueprint '/Game/Inicio.Inicio:PersistentLevel.Inicio' with GeneratedClass '/Game/Inicio.Inicio_C' with ClassGeneratedBy '/Game/Inicio.Inicio:PersistentLevel.Inicio'
[2016.01.28-15.44.42:991][975]LogBlueprintUserMessages: Late EndPlayMap Detection: Level '/Game/Inicio.Inicio:PersistentLevel' has LevelScriptBlueprint '/Game/Inicio.Inicio:PersistentLevel.Inicio' with GeneratedClass '/Game/Inicio.Inicio_C' with ClassGeneratedBy '/Game/Inicio.Inicio:PersistentLevel.Inicio'
[2016.01.28-15.44.43:052][975]LogParticles: Destroying 0 GPU particle simulations for FXSystem 0x0000000043AC4B80
[2016.01.28-15.44.44:575][ 83]LogEditorViewport: Clicking on Actor (LMB): BP_Sky_Sphere_C (Sky Sphere)
[2016.01.28-15.44.46:605][239]LogEditorViewport: Clicking on Actor (LMB): BP_Sky_Sphere_C (Sky Sphere)
[2016.01.28-15.44.56:821][933]LogBlueprintUserMessages: CustomizeDetails for Blueprint 'ElementoListaLuzAgregada', cached variable property's owner is '/Game/Blueprints/Lightbulb.Lightbulb_C'
[2016.01.28-15.45.08:625][611]LogBlueprintUserMessages: CustomizeDetails for Blueprint 'ElementoListaLuzAgregada', cached variable property's owner is '/Game/Blueprints/Lightbulb.Lightbulb_C'
[2016.01.28-15.45.49:462][924]LogSavePackage: Save=187.007645ms
[2016.01.28-15.45.49:462][924]LogSavePackage: Moving '../../../../../../Users/Tonga/Documents/Facultad/Tesis/Repositorio/proygrad_fing/BotonLuz/Saved/ElementoListaLuzAgregada306E004C47F8CF11E135B39D31CB61A8.tmp' to '../../../../../../Users/Tonga/Documents/Facultad/Tesis/Repositorio/proygrad_fing/BotonLuz/Content/ElementoListaLuzAgregada.uasset'
[2016.01.28-15.45.49:468][924]LogSavePackage: Total save time: 349.709488ms
[2016.01.28-15.45.49:468][924]LogSavePackage:Warning: Finished SavePackage ../../../../../../Users/Tonga/Documents/Facultad/Tesis/Repositorio/proygrad_fing/BotonLuz/Content/ElementoListaLuzAgregada.uasset
[2016.01.28-15.45.49:624][931]BlueprintLog: New page: Compile ElementoListaLuzAgregada
[2016.01.28-15.45.49:844][931]BlueprintEditorCompileResults: Info [4764.36] Compile of ElementoListaLuzAgregada successful! [in 218 ms]
[2016.01.28-15.46.09:395][667]LogBlueprintUserMessages: Early PlayInEditor Detection: Level '/Game/Inicio.Inicio:PersistentLevel' has LevelScriptBlueprint '/Game/Inicio.Inicio:PersistentLevel.Inicio' with GeneratedClass '/Game/Inicio.Inicio_C' with ClassGeneratedBy '/Game/Inicio.Inicio:PersistentLevel.Inicio'
[2016.01.28-15.46.09:396][667]LogPlayLevel: PlayLevel: No blueprints needed recompiling
[2016.01.28-15.46.09:396][667]PIE: New page: SIE session: Inicio (Jan 28, 2016, 9:46:09 AM)
[2016.01.28-15.46.09:396][667]LogPlayLevel: Creating play world package: /Game/UEDPIE_0_Inicio
[2016.01.28-15.46.09:407][667]LogPlayLevel: PIE: StaticDuplicateObject took: (0.010957s)
[2016.01.28-15.46.09:408][667]LogAIModule: Creating AISystem for world Inicio
[2016.01.28-15.46.09:408][667]LogPlayLevel: PIE: World Init took: (0.001236s)
[2016.01.28-15.46.09:408][667]LogPlayLevel: PIE: Created PIE world by copying editor world from /Game/Inicio.Inicio to /Game/UEDPIE_0_Inicio.Inicio (0.012453s)
[2016.01.28-15.46.09:471][667]LogSelection:Warning: PIE object was selected: "BP_Sky_Sphere_C /Game/UEDPIE_0_Inicio.Inicio:PersistentLevel.SkySphere"
[2016.01.28-15.46.09:476][667]LogInit: XAudio2 using 'Altavoces (Realtek High Definition Audio)' : 2 channels at 48 kHz using 32 bits per sample (channel mask 0x3)
[2016.01.28-15.46.09:506][667]LogInit: FAudioDevice initialized.
[2016.01.28-15.46.09:540][667]LogWorld: Game class is 'GameMode'
[2016.01.28-15.46.09:543][667]LogWorld: Bringing World /Game/UEDPIE_0_Inicio.Inicio up for play (max tick rate 0) at 2016.01.28-12.46.09
[2016.01.28-15.46.09:543][667]LogActor:Warning: GameSession /Game/UEDPIE_0_Inicio.Inicio:PersistentLevel.GameSession_6 has natively added scene component(s), but none of them were set as the actor's RootComponent - picking one arbitrarily
[2016.01.28-15.46.09:544][667]LogActor:Warning: GameNetworkManager /Game/UEDPIE_0_Inicio.Inicio:PersistentLevel.GameNetworkManager_6 has natively added scene component(s), but none of them were set as the actor's RootComponent - picking one arbitrarily
[2016.01.28-15.46.09:544][667]LogWorld: Bringing up level for play took: 0.002779
[2016.01.28-15.46.09:551][667]PIE: Info Play in editor start time for /Game/UEDPIE_0_Inicio 0.117
[2016.01.28-15.46.09:566][667]LogSelection:Warning: PIE object was selected: "BP_Sky_Sphere_C /Game/UEDPIE_0_Inicio.Inicio:PersistentLevel.SkySphere"
[2016.01.28-15.46.09:566][667]LogBlueprintUserMessages: Late PlayInEditor Detection: Level '/Game/Inicio.Inicio:PersistentLevel' has LevelScriptBlueprint '/Game/Inicio.Inicio:PersistentLevel.Inicio' with GeneratedClass '/Game/Inicio.Inicio_C' with ClassGeneratedBy '/Game/Inicio.Inicio:PersistentLevel.Inicio'
[2016.01.28-15.46.13:617][901]PIE:Warning: Warning Mobility of PointLight_21 : LightComponent0 has to be 'Movable' if you'd like to Mobility of {0} : {1} has to be 'Movable' if you'd like to {2}. . 
[2016.01.28-15.46.17:178][ 57]PIE:Warning: Warning Mobility of SkySphere : Base has to be 'Movable' if you'd like to Mobility of {0} : {1} has to be 'Movable' if you'd like to {2}. . 
[2016.01.28-15.46.17:212][ 58]PIE:Warning: Warning Mobility of SkySphere : Base has to be 'Movable' if you'd like to Mobility of {0} : {1} has to be 'Movable' if you'd like to {2}. . 
[2016.01.28-15.46.17:246][ 59]PIE:Warning: Warning Mobility of SkySphere : Base has to be 'Movable' if you'd like to Mobility of {0} : {1} has to be 'Movable' if you'd like to {2}. . 
[2016.01.28-15.46.18:735][110]LogEditorViewport: Clicking on Actor (LMB): BP_Sky_Sphere_C (Sky Sphere)
[2016.01.28-15.46.18:735][110]LogSelection:Warning: PIE object was selected: "BP_Sky_Sphere_C /Game/UEDPIE_0_Inicio.Inicio:PersistentLevel.SkySphere"
[2016.01.28-15.46.19:779][150]LogEditorViewport: Clicking on Actor (LMB): Lightbulb_C (Lightbulb14)
[2016.01.28-15.46.19:779][150]LogSelection:Warning: PIE object was selected: "Lightbulb_C /Game/UEDPIE_0_Inicio.Inicio:PersistentLevel.Lightbulb_C_14"
[2016.01.28-15.46.23:259][275]PIE:Warning: Warning Mobility of PointLight_22 : LightComponent0 has to be 'Movable' if you'd like to Mobility of {0} : {1} has to be 'Movable' if you'd like to {2}. . 
[2016.01.28-15.46.24:333][322]LogEditorViewport: Clicking on Actor (LMB): Lightbulb_C (Lightbulb15)
[2016.01.28-15.46.24:333][322]LogSelection:Warning: PIE object was selected: "Lightbulb_C /Game/UEDPIE_0_Inicio.Inicio:PersistentLevel.Lightbulb_C_15"
[2016.01.28-15.46.55:820][282]LogEditorViewport: Clicking on Actor (LMB): StaticMeshActor (Floor)
[2016.01.28-15.46.55:820][282]LogSelection:Warning: PIE object was selected: "StaticMeshActor /Game/UEDPIE_0_Inicio.Inicio:PersistentLevel.Floor"
[2016.01.28-15.46.56:551][308]LogEditorViewport: Clicking on Actor (LMB): BP_Sky_Sphere_C (Sky Sphere)
[2016.01.28-15.46.56:551][308]LogSelection:Warning: PIE object was selected: "BP_Sky_Sphere_C /Game/UEDPIE_0_Inicio.Inicio:PersistentLevel.SkySphere"
[2016.01.28-15.46.57:670][366]LogEditorViewport: Clicking on Actor (LMB): BP_Sky_Sphere_C (Sky Sphere)
[2016.01.28-15.46.57:670][366]LogSelection:Warning: PIE object was selected: "BP_Sky_Sphere_C /Game/UEDPIE_0_Inicio.Inicio:PersistentLevel.SkySphere"
[2016.01.28-15.46.58:519][399]LogEditorViewport: Clicking on Actor (context menu): BP_Sky_Sphere_C (Sky Sphere)
[2016.01.28-15.46.59:179][434]LogEditorViewport: Clicking on Actor (context menu): BP_Sky_Sphere_C (Sky Sphere)
[2016.01.28-15.50.15:101][831]LogEditorViewport: Clicking on Actor (LMB): Lightbulb_C (Lightbulb15)
[2016.01.28-15.50.15:101][831]LogSelection:Warning: PIE object was selected: "Lightbulb_C /Game/UEDPIE_0_Inicio.Inicio:PersistentLevel.Lightbulb_C_15"
[2016.01.28-15.50.24:907][326]LogEditorViewport: Clicking on Actor (LMB): BP_Sky_Sphere_C (Sky Sphere)
[2016.01.28-15.50.24:907][326]LogSelection:Warning: PIE object was selected: "BP_Sky_Sphere_C /Game/UEDPIE_0_Inicio.Inicio:PersistentLevel.SkySphere"
[2016.01.28-15.50.30:955][666]LogEditorViewport: Clicking on Actor (LMB): Lightbulb_C (Lightbulb14)
[2016.01.28-15.50.30:955][666]LogSelection:Warning: PIE object was selected: "Lightbulb_C /Game/UEDPIE_0_Inicio.Inicio:PersistentLevel.Lightbulb_C_14"
[2016.01.28-15.51.02:218][538]LogBlueprintUserMessages: Early EndPlayMap Detection: Level '/Game/Inicio.Inicio:PersistentLevel' has LevelScriptBlueprint '/Game/Inicio.Inicio:PersistentLevel.Inicio' with GeneratedClass '/Game/Inicio.Inicio_C' with ClassGeneratedBy '/Game/Inicio.Inicio:PersistentLevel.Inicio'
[2016.01.28-15.51.02:252][538]LogBlueprintUserMessages: Late EndPlayMap Detection: Level '/Game/Inicio.Inicio:PersistentLevel' has LevelScriptBlueprint '/Game/Inicio.Inicio:PersistentLevel.Inicio' with GeneratedClass '/Game/Inicio.Inicio_C' with ClassGeneratedBy '/Game/Inicio.Inicio:PersistentLevel.Inicio'
[2016.01.28-15.51.02:313][538]LogParticles: Destroying 0 GPU particle simulations for FXSystem 0x0000000068034A40
[2016.01.28-15.53.32:270][644]LogBlueprintUserMessages: CustomizeDetails for Blueprint 'ElementoListaLuzAgregada', cached variable property's owner is '/Game/ElementoListaLuzAgregada.SKEL_ElementoListaLuzAgregada_C'
[2016.01.28-15.56.13:539][387]LogBlueprintUserMessages: CustomizeDetails for Blueprint 'ElementoListaLuzAgregada', cached variable property's owner is '/Game/ElementoListaLuzAgregada.SKEL_ElementoListaLuzAgregada_C'
[2016.01.28-15.59.02:590][610]LogSavePackage: Save=161.553909ms
[2016.01.28-15.59.02:590][610]LogSavePackage: Moving '../../../../../../Users/Tonga/Documents/Facultad/Tesis/Repositorio/proygrad_fing/BotonLuz/Saved/Inicio_Auto44BA00E5F407EF5C55A7EBAB594CEA300.tmp' to '../../../../../../Users/Tonga/Documents/Facultad/Tesis/Repositorio/proygrad_fing/BotonLuz/Saved/Autosaves/Game/Inicio_Auto4.umap'
[2016.01.28-15.59.02:606][610]LogSavePackage: Total save time: 352.382962ms
[2016.01.28-15.59.02:606][610]LogSavePackage:Warning: Finished SavePackage ../../../../../../Users/Tonga/Documents/Facultad/Tesis/Repositorio/proygrad_fing/BotonLuz/Saved/Autosaves/Game/Inicio_Auto4.umap
[2016.01.28-15.59.02:608][610]LogFileHelpers: Editor autosave (incl. sublevels) for '/Game/Inicio' took 0.431
[2016.01.28-15.59.02:608][610]LogFileHelpers: Editor autosave (incl. sublevels) for all levels took 0.431
[2016.01.28-15.59.02:618][610]OBJ SavePackage: Generating thumbnails for [0] asset(s) in package [/Game/ElementoListaLuzAgregada] ([1] browsable assets)...
[2016.01.28-15.59.02:618][610]OBJ SavePackage: Finished generating thumbnails for package [/Game/ElementoListaLuzAgregada]
[2016.01.28-15.59.03:149][610]LogSavePackage: Save=388.918732ms
[2016.01.28-15.59.03:149][610]LogSavePackage: Moving '../../../../../../Users/Tonga/Documents/Facultad/Tesis/Repositorio/proygrad_fing/BotonLuz/Saved/ElementoListaLuzAgregada_Auto4B91D6E8D48857775507AE6B55EE801C0.tmp' to '../../../../../../Users/Tonga/Documents/Facultad/Tesis/Repositorio/proygrad_fing/BotonLuz/Saved/Autosaves/Game/ElementoListaLuzAgregada_Auto4.uasset'
[2016.01.28-15.59.03:155][610]LogSavePackage: Total save time: 534.702510ms
[2016.01.28-15.59.03:155][610]LogSavePackage:Warning: Finished SavePackage ../../../../../../Users/Tonga/Documents/Facultad/Tesis/Repositorio/proygrad_fing/BotonLuz/Saved/Autosaves/Game/ElementoListaLuzAgregada_Auto4.uasset
[2016.01.28-15.59.03:155][610]LogFileHelpers: Auto-saving content packages took 0.544
[2016.01.28-16.48.48:731][ 35]LogParticles: Destroying 0 GPU particle simulations for FXSystem 0x000000000B888C20
[2016.01.28-16.48.48:733][ 35]LogParticles: Destroying 0 GPU particle simulations for FXSystem 0x000000000F94B1A0
[2016.01.28-16.48.50:129][ 35]LogSavePackage: Save=168.945572ms
[2016.01.28-16.48.50:129][ 35]LogSavePackage: Moving '../../../../../../Users/Tonga/Documents/Facultad/Tesis/Repositorio/proygrad_fing/BotonLuz/Saved/ElementoListaLuzAgregadaBABCE30D4D2DEA7BF5BF8BA46FA192E6.tmp' to '../../../../../../Users/Tonga/Documents/Facultad/Tesis/Repositorio/proygrad_fing/BotonLuz/Content/ElementoListaLuzAgregada.uasset'
[2016.01.28-16.48.50:134][ 35]LogSavePackage: Total save time: 314.428538ms
[2016.01.28-16.48.50:134][ 35]LogSavePackage:Warning: Finished SavePackage ../../../../../../Users/Tonga/Documents/Facultad/Tesis/Repositorio/proygrad_fing/BotonLuz/Content/ElementoListaLuzAgregada.uasset
[2016.01.28-16.48.50:733][ 35]LogSavePackage: Save=164.389847ms
[2016.01.28-16.48.50:733][ 35]LogSavePackage: Moving '../../../../../../Users/Tonga/Documents/Facultad/Tesis/Repositorio/proygrad_fing/BotonLuz/Saved/Inicio2DDE9E1D4CA4F73ED85AF595D4952CF9.tmp' to '../../../../../../Users/Tonga/Documents/Facultad/Tesis/Repositorio/proygrad_fing/BotonLuz/Content/Inicio.umap'
[2016.01.28-16.48.50:738][ 35]LogSavePackage: Total save time: 315.636050ms
[2016.01.28-16.48.50:738][ 35]LogSavePackage:Warning: Finished SavePackage ../../../../../../Users/Tonga/Documents/Facultad/Tesis/Repositorio/proygrad_fing/BotonLuz/Content/Inicio.umap
[2016.01.28-16.48.50:797][ 35]LogFileHelpers: Saving map 'Inicio' took 0.659
[2016.01.28-16.48.51:544][ 36]Cmd: QUIT_EDITOR
[2016.01.28-16.48.52:103][ 36]LogExit: Preparing to exit.
[2016.01.28-16.48.53:514][ 36]LogExit: Editor shut down
[2016.01.28-16.48.53:514][ 36]LogExit: Transaction tracking system shut down
[2016.01.28-16.48.53:516][ 36]LogParticles: Destroying 0 GPU particle simulations for FXSystem 0x000000001771CF40
[2016.01.28-16.48.53:516][ 36]LogParticles: Destroying 0 GPU particle simulations for FXSystem 0x000000001EFE0D60
[2016.01.28-16.48.53:516][ 36]LogParticles: Destroying 0 GPU particle simulations for FXSystem 0x0000000031AD9A80
[2016.01.28-16.48.53:517][ 36]LogParticles: Destroying 0 GPU particle simulations for FXSystem 0x000000001EFE2C00
[2016.01.28-16.48.53:577][ 36]LogParticles: Destroying 0 GPU particle simulations for FXSystem 0x000000004E13DF80
[2016.01.28-16.48.54:495][ 36]LogExit: Object subsystem successfully closed.
[2016.01.28-16.48.54:750][ 36]LogD3D11RHI: Shutdown
[2016.01.28-16.48.54:750][ 36]LogD3D11RHI: CleanupD3DDevice
[2016.01.28-16.48.54:856][ 36]LogD3D11RHI: ~FD3D11DynamicRHI
[2016.01.28-16.48.55:355][ 36]LogModuleManager: Shutting down and abandoning module SequencerWidgets (200)
[2016.01.28-16.48.55:355][ 36]LogModuleManager: Shutting down and abandoning module BlueprintGraph (199)
[2016.01.28-16.48.55:355][ 36]LogModuleManager: Shutting down and abandoning module ExternalImagePicker (198)
[2016.01.28-16.48.55:355][ 36]LogModuleManager: Shutting down and abandoning module CrashTracker (197)
[2016.01.28-16.48.55:355][ 36]LogModuleManager: Shutting down and abandoning module SceneOutliner (196)
[2016.01.28-16.48.55:355][ 36]LogModuleManager: Shutting down and abandoning module SuperSearch (195)
[2016.01.28-16.48.55:355][ 36]LogModuleManager: Shutting down and abandoning module WidgetCarousel (194)
[2016.01.28-16.48.55:355][ 36]LogModuleManager: Shutting down and abandoning module AddContentDialog (193)
[2016.01.28-16.48.55:381][ 36]LogModuleManager: Shutting down and abandoning module EditorWidgets (192)
[2016.01.28-16.48.55:381][ 36]LogModuleManager: Shutting down and abandoning module CollectionManager (191)
[2016.01.28-16.48.55:390][ 36]LogModuleManager: Shutting down and abandoning module StatsViewer (190)
[2016.01.28-16.48.55:396][ 36]LogModuleManager: Shutting down and abandoning module FoliageEdit (189)
[2016.01.28-16.48.55:396][ 36]LogModuleManager: Shutting down and abandoning module LandscapeEditor (188)
[2016.01.28-16.48.55:410][ 36]LogModuleManager: Shutting down and abandoning module ActorPickerMode (187)
[2016.01.28-16.48.55:410][ 36]LogModuleManager: Shutting down and abandoning module GeometryMode (186)
[2016.01.28-16.48.55:410][ 36]LogModuleManager: Shutting down and abandoning module TextureAlignMode (185)
[2016.01.28-16.48.55:410][ 36]LogModuleManager: Shutting down and abandoning module BspMode (184)
[2016.01.28-16.48.55:410][ 36]LogModuleManager: Shutting down and abandoning module PlacementMode (183)
[2016.01.28-16.48.55:410][ 36]LogModuleManager: Shutting down and abandoning module AutomationWorker (182)
[2016.01.28-16.48.55:418][ 36]LogModuleManager: Shutting down and abandoning module CharacterAI (181)
[2016.01.28-16.48.55:418][ 36]LogModuleManager: Shutting down and abandoning module SmartSnapping (180)
[2016.01.28-16.48.55:418][ 36]LogModuleManager: Shutting down and abandoning module ViewportSnapping (179)
[2016.01.28-16.48.55:418][ 36]LogModuleManager: Shutting down and abandoning module LogVisualizer (178)
[2016.01.28-16.48.55:426][ 36]LogModuleManager: Shutting down and abandoning module GameProjectGeneration (177)
[2016.01.28-16.48.55:430][ 36]LogModuleManager: Shutting down and abandoning module IntroTutorials (176)
[2016.01.28-16.48.55:486][ 36]LogModuleManager: Shutting down and abandoning module EditorLiveStreaming (175)
[2016.01.28-16.48.55:486][ 36]LogModuleManager: Shutting down and abandoning module IOSPlatformEditor (174)
[2016.01.28-16.48.55:486][ 36]LogModuleManager: Shutting down and abandoning module HTML5PlatformEditor (173)
[2016.01.28-16.48.55:486][ 36]LogModuleManager: Shutting down and abandoning module AndroidDeviceDetection (172)
[2016.01.28-16.48.55:815][ 36]LogModuleManager: Shutting down and abandoning module AndroidPlatformEditor (171)
[2016.01.28-16.48.55:815][ 36]LogModuleManager: Shutting down and abandoning module IOSRuntimeSettings (170)
[2016.01.28-16.48.55:815][ 36]LogModuleManager: Shutting down and abandoning module AndroidRuntimeSettings (169)
[2016.01.28-16.48.55:815][ 36]LogModuleManager: Shutting down and abandoning module MergeActors (168)
[2016.01.28-16.48.55:824][ 36]LogModuleManager: Shutting down and abandoning module SizeMap (167)
[2016.01.28-16.48.55:825][ 36]LogModuleManager: Shutting down and abandoning module TreeMap (166)
[2016.01.28-16.48.55:828][ 36]LogModuleManager: Shutting down and abandoning module ReferenceViewer (165)
[2016.01.28-16.48.55:828][ 36]LogModuleManager: Shutting down and abandoning module LocalizationService (164)
[2016.01.28-16.48.55:834][ 36]LogModuleManager: Shutting down and abandoning module LocalizationDashboard (163)
[2016.01.28-16.48.55:842][ 36]LogModuleManager: Shutting down and abandoning module HardwareTargeting (162)
[2016.01.28-16.48.55:842][ 36]LogModuleManager: Shutting down and abandoning module DeviceProfileEditor (161)
[2016.01.28-16.48.55:842][ 36]LogModuleManager: Shutting down and abandoning module UndoHistory (160)
[2016.01.28-16.48.55:842][ 36]LogModuleManager: Shutting down and abandoning module GameplayTagsEditor (159)
[2016.01.28-16.48.55:842][ 36]LogModuleManager: Shutting down and abandoning module UserFeedback (158)
[2016.01.28-16.48.55:842][ 36]LogModuleManager: Shutting down and abandoning module XmlParser (157)
[2016.01.28-16.48.55:850][ 36]LogModuleManager: Shutting down and abandoning module Blutility (156)
[2016.01.28-16.48.55:850][ 36]LogModuleManager: Shutting down and abandoning module ProjectTargetPlatformEditor (155)
[2016.01.28-16.48.55:857][ 36]LogModuleManager: Shutting down and abandoning module ProjectSettingsViewer (154)
[2016.01.28-16.48.55:857][ 36]LogModuleManager: Shutting down and abandoning module InputBindingEditor (153)
[2016.01.28-16.48.55:870][ 36]LogModuleManager: Shutting down and abandoning module EditorSettingsViewer (152)
[2016.01.28-16.48.55:870][ 36]LogModuleManager: Shutting down and abandoning module SettingsEditor (151)
[2016.01.28-16.48.55:870][ 36]LogModuleManager: Shutting down and abandoning module ProjectLauncher (150)
[2016.01.28-16.48.55:875][ 36]LogModuleManager: Shutting down and abandoning module SessionFrontend (149)
[2016.01.28-16.48.55:880][ 36]LogModuleManager: Shutting down and abandoning module ProfilerClient (148)
[2016.01.28-16.48.55:887][ 36]LogModuleManager: Shutting down and abandoning module TargetDeviceServices (147)
[2016.01.28-16.48.55:893][ 36]LogModuleManager: Shutting down and abandoning module DeviceManager (146)
[2016.01.28-16.48.55:897][ 36]LogModuleManager: Shutting down and abandoning module AutomationController (145)
[2016.01.28-16.48.55:906][ 36]LogModuleManager: Shutting down and abandoning module AutomationWindow (144)
[2016.01.28-16.48.55:916][ 36]LogModuleManager: Shutting down and abandoning module Layers (143)
[2016.01.28-16.48.55:933][ 36]LogModuleManager: Shutting down and abandoning module ComponentVisualizers (142)
[2016.01.28-16.48.55:933][ 36]LogModuleManager: Shutting down and abandoning module DetailCustomizations (141)
[2016.01.28-16.48.55:939][ 36]LogModuleManager: Shutting down and abandoning module PackagesDialog (140)
[2016.01.28-16.48.55:940][ 36]LogModuleManager: Shutting down and abandoning module Persona (139)
[2016.01.28-16.48.55:961][ 36]LogModuleManager: Shutting down and abandoning module Kismet (138)
[2016.01.28-16.48.55:961][ 36]LogModuleManager: Shutting down and abandoning module GraphEditor (137)
[2016.01.28-16.48.55:961][ 36]LogModuleManager: Shutting down and abandoning module ClassViewer (136)
[2016.01.28-16.48.55:963][ 36]LogModuleManager: Shutting down and abandoning module Toolbox (135)
[2016.01.28-16.48.55:963][ 36]LogModuleManager: Shutting down and abandoning module ModuleUI (134)
[2016.01.28-16.48.55:968][ 36]LogModuleManager: Shutting down and abandoning module MovieSceneTools (133)
[2016.01.28-16.48.55:969][ 36]LogModuleManager: Shutting down and abandoning module OutputLog (132)
[2016.01.28-16.48.55:987][ 36]LogModuleManager: Shutting down and abandoning module GammaUI (131)
[2016.01.28-16.48.56:013][ 36]LogModuleManager: Shutting down and abandoning module Documentation (130)
[2016.01.28-16.48.56:013][ 36]LogModuleManager: Shutting down and abandoning module GameLiveStreaming (129)
[2016.01.28-16.48.56:020][ 36]LogModuleManager: Shutting down and abandoning module StreamingPauseRendering (128)
[2016.01.28-16.48.56:029][ 36]LogModuleManager: Shutting down and abandoning module AnalyticsET (127)
[2016.01.28-16.48.56:029][ 36]LogModuleManager: Shutting down and abandoning module Analytics (126)
[2016.01.28-16.48.56:030][ 36]LogModuleManager: Shutting down and abandoning module AITestSuite (125)
[2016.01.28-16.48.56:036][ 36]LogModuleManager: Shutting down and abandoning module GameplayDebugger (124)
[2016.01.28-16.48.56:036][ 36]LogModuleManager: Shutting down and abandoning module AIModule (123)
[2016.01.28-16.48.56:036][ 36]LogModuleManager: Shutting down and abandoning module ProfilerService (122)
[2016.01.28-16.48.56:239][ 36]LogModuleManager: Shutting down and abandoning module TaskGraph (121)
[2016.01.28-16.48.56:251][ 36]LogModuleManager: Shutting down and abandoning module SlateRemote (120)
[2016.01.28-16.48.56:251][ 36]LogModuleManager: Shutting down and abandoning module SteamVRController (119)
[2016.01.28-16.48.56:251][ 36]LogModuleManager: Shutting down and abandoning module SteamVR (118)
[2016.01.28-16.48.56:251][ 36]LogModuleManager: Shutting down and abandoning module ProceduralMeshComponent (117)
[2016.01.28-16.48.56:251][ 36]LogModuleManager: Shutting down and abandoning module OculusRift (116)
[2016.01.28-16.48.56:251][ 36]LogModuleManager: Shutting down and abandoning module OculusLibrary (115)
[2016.01.28-16.48.56:251][ 36]LogModuleManager: Shutting down and abandoning module LeapMotionController (114)
[2016.01.28-16.48.56:300][ 36]LogModuleManager: Shutting down and abandoning module CustomMeshComponent (113)
[2016.01.28-16.48.56:302][ 36]LogModuleManager: Shutting down and abandoning module CableComponent (112)
[2016.01.28-16.48.56:302][ 36]LogModuleManager: Shutting down and abandoning module ArchVisCharacter (111)
[2016.01.28-16.48.56:302][ 36]LogModuleManager: Shutting down and abandoning module MessagingDebugger (110)
[2016.01.28-16.48.56:313][ 36]LogModuleManager: Shutting down and abandoning module MediaPlayerEditor (109)
[2016.01.28-16.48.56:324][ 36]LogModuleManager: Shutting down and abandoning module HTML5Networking (108)
[2016.01.28-16.48.56:324][ 36]LogModuleManager: Shutting down and abandoning module SpeedTreeImporter (107)
[2016.01.28-16.48.56:325][ 36]LogModuleManager: Shutting down and abandoning module PluginBrowser (106)
[2016.01.28-16.48.56:334][ 36]LogModuleManager: Shutting down and abandoning module EpicSurvey (105)
[2016.01.28-16.48.56:334][ 36]LogModuleManager: Shutting down and abandoning module DesktopPlatform (104)
[2016.01.28-16.48.56:343][ 36]LogModuleManager: Shutting down and abandoning module VisualStudioSourceCodeAccess (103)
[2016.01.28-16.48.56:347][ 36]LogModuleManager: Shutting down and abandoning module UObjectPlugin (102)
[2016.01.28-16.48.56:347][ 36]LogModuleManager: Shutting down and abandoning module SubversionSourceControl (101)
[2016.01.28-16.48.56:357][ 36]LogModuleManager: Shutting down and abandoning module PerforceSourceControl (100)
[2016.01.28-16.48.56:367][ 36]LogModuleManager: Shutting down and abandoning module SourceControl (99)
[2016.01.28-16.48.56:374][ 36]LogModuleManager: Shutting down and abandoning module GitSourceControl (98)
[2016.01.28-16.48.56:383][ 36]LogModuleManager: Shutting down and abandoning module LightPropagationVolumeEditor (97)
[2016.01.28-16.48.56:383][ 36]LogModuleManager: Shutting down and abandoning module PaperTiledImporter (96)
[2016.01.28-16.48.56:390][ 36]LogModuleManager: Shutting down and abandoning module PaperSpriteSheetImporter (95)
[2016.01.28-16.48.56:394][ 36]LogModuleManager: Shutting down and abandoning module MeshPaint (94)
[2016.01.28-16.48.56:398][ 36]LogModuleManager: Shutting down and abandoning module SlateReflector (93)
[2016.01.28-16.48.56:408][ 36]LogModuleManager: Shutting down and abandoning module HotReload (92)
[2016.01.28-16.48.56:411][ 36]LogModuleManager: Shutting down and abandoning module MainFrame (91)
[2016.01.28-16.48.56:412][ 36]LogModuleManager: Shutting down and abandoning module LevelEditor (90)
[2016.01.28-16.48.56:421][ 36]LogModuleManager: Shutting down and abandoning module DirectoryWatcher (89)
[2016.01.28-16.48.56:422][ 36]LogModuleManager: Shutting down and abandoning module AssetRegistry (88)
[2016.01.28-16.48.56:576][ 36]LogModuleManager: Shutting down and abandoning module ContentBrowser (87)
[2016.01.28-16.48.56:577][ 36]LogModuleManager: Shutting down and abandoning module Paper2DEditor (86)
[2016.01.28-16.48.56:593][ 36]LogModuleManager: Shutting down and abandoning module UdpMessaging (85)
[2016.01.28-16.48.56:693][ 36]LogModuleManager: Shutting down and abandoning module LightPropagationVolumeRuntime (84)
[2016.01.28-16.48.56:693][ 36]LogModuleManager: Shutting down and abandoning module Paper2D (83)
[2016.01.28-16.48.56:699][ 36]LogModuleManager: Shutting down and abandoning module WindowsMoviePlayer (82)
[2016.01.28-16.48.56:717][ 36]LogModuleManager: Shutting down and abandoning module Media (81)
[2016.01.28-16.48.56:717][ 36]LogModuleManager: Shutting down and abandoning module WmfMedia (80)
[2016.01.28-16.48.56:768][ 36]LogModuleManager: Shutting down and abandoning module OnlineBlueprintSupport (79)
[2016.01.28-16.48.56:768][ 36]LogModuleManager: Shutting down and abandoning module GameplayTasksEditor (78)
[2016.01.28-16.48.56:768][ 36]LogModuleManager: Shutting down and abandoning module PropertyEditor (77)
[2016.01.28-16.48.56:768][ 36]LogModuleManager: Shutting down and abandoning module BehaviorTreeEditor (76)
[2016.01.28-16.48.56:778][ 36]LogModuleManager: Shutting down and abandoning module FunctionalTesting (75)
[2016.01.28-16.48.56:778][ 36]LogModuleManager: Shutting down and abandoning module CollisionAnalyzer (74)
[2016.01.28-16.48.56:789][ 36]LogModuleManager: Shutting down and abandoning module WorkspaceMenuStructure (73)
[2016.01.28-16.48.56:789][ 36]LogModuleManager: Shutting down and abandoning module MessageLog (72)
[2016.01.28-16.48.56:789][ 36]LogModuleManager: Shutting down and abandoning module Sequencer (71)
[2016.01.28-16.48.56:789][ 36]LogModuleManager: Shutting down and abandoning module AssetTools (70)
[2016.01.28-16.48.56:800][ 36]LogModuleManager: Shutting down and abandoning module UMGEditor (69)
[2016.01.28-16.48.56:800][ 36]LogModuleManager: Shutting down and abandoning module UMG (68)
[2016.01.28-16.48.56:800][ 36]LogModuleManager: Shutting down and abandoning module Slate (67)
[2016.01.28-16.48.56:800][ 36]LogModuleManager: Shutting down and abandoning module EditorStyle (66)
[2016.01.28-16.48.56:805][ 36]LogModuleManager: Shutting down and abandoning module SessionServices (65)
[2016.01.28-16.48.56:805][ 36]LogModuleManager: Shutting down and abandoning module SourceCodeAccess (64)
[2016.01.28-16.48.56:805][ 36]LogModuleManager: Shutting down and abandoning module HeadMountedDisplay (63)
[2016.01.28-16.48.56:805][ 36]LogModuleManager: Shutting down and abandoning module XAudio2 (62)
[2016.01.28-16.48.56:805][ 36]LogModuleManager: Shutting down and abandoning module Networking (60)
[2016.01.28-16.48.56:805][ 36]LogModuleManager: Shutting down and abandoning module Core (59)
[2016.01.28-16.48.56:805][ 36]LogModuleManager: Shutting down and abandoning module KismetCompiler (58)
[2016.01.28-16.48.56:805][ 36]LogModuleManager: Shutting down and abandoning module PhysXFormats (57)
[2016.01.28-16.48.56:811][ 36]LogModuleManager: Shutting down and abandoning module MeshUtilities (56)
[2016.01.28-16.48.56:814][ 36]LogModuleManager: Shutting down and abandoning module CookingStats (55)
[2016.01.28-16.48.56:815][ 36]LogModuleManager: Shutting down and abandoning module DerivedDataCache (54)
[2016.01.28-16.48.56:820][ 36]LogDerivedDataCache: Shutdown
[2016.01.28-16.48.56:820][ 36]LogModuleManager: Shutting down and abandoning module ShaderFormatOpenGL (53)
[2016.01.28-16.48.56:820][ 36]LogModuleManager: Shutting down and abandoning module ShaderFormatD3D (52)
[2016.01.28-16.48.56:826][ 36]LogModuleManager: Shutting down and abandoning module MetalShaderFormat (51)
[2016.01.28-16.48.56:834][ 36]LogModuleManager: Shutting down and abandoning module TextureFormatUncompressed (50)
[2016.01.28-16.48.56:834][ 36]LogModuleManager: Shutting down and abandoning module TextureFormatPVR (49)
[2016.01.28-16.48.56:838][ 36]LogModuleManager: Shutting down and abandoning module TextureFormatIntelISPCTexComp (48)
[2016.01.28-16.48.56:842][ 36]LogModuleManager: Shutting down and abandoning module TextureFormatDXT (47)
[2016.01.28-16.48.56:846][ 36]LogModuleManager: Shutting down and abandoning module ImageWrapper (46)
[2016.01.28-16.48.56:846][ 36]LogModuleManager: Shutting down and abandoning module TextureFormatASTC (45)
[2016.01.28-16.48.56:846][ 36]LogModuleManager: Shutting down and abandoning module TextureFormatAndroid (44)
[2016.01.28-16.48.56:846][ 36]LogModuleManager: Shutting down and abandoning module AudioFormatOpus (43)
[2016.01.28-16.48.56:853][ 36]LogModuleManager: Shutting down and abandoning module AudioFormatOgg (42)
[2016.01.28-16.48.56:862][ 36]LogModuleManager: Shutting down and abandoning module AudioFormatADPCM (41)
[2016.01.28-16.48.56:867][ 36]LogModuleManager: Shutting down and abandoning module LinuxTargetPlatform (40)
[2016.01.28-16.48.56:867][ 36]LogModuleManager: Shutting down and abandoning module LinuxServerTargetPlatform (39)
[2016.01.28-16.48.56:875][ 36]LogModuleManager: Shutting down and abandoning module LinuxNoEditorTargetPlatform (38)
[2016.01.28-16.48.56:878][ 36]LogModuleManager: Shutting down and abandoning module Messaging (37)
[2016.01.28-16.48.56:878][ 36]LogModuleManager: Shutting down and abandoning module IOSTargetPlatform (36)
[2016.01.28-16.48.56:878][ 36]LogModuleManager: Shutting down and abandoning module HTML5TargetPlatform (35)
[2016.01.28-16.48.56:878][ 36]LogModuleManager: Shutting down and abandoning module Android_PVRTCTargetPlatform (34)
[2016.01.28-16.48.56:880][ 36]LogModuleManager: Shutting down and abandoning module Android_ETC2TargetPlatform (33)
[2016.01.28-16.48.56:886][ 36]LogModuleManager: Shutting down and abandoning module Android_ETC1TargetPlatform (32)
[2016.01.28-16.48.56:895][ 36]LogModuleManager: Shutting down and abandoning module Android_DXTTargetPlatform (31)
[2016.01.28-16.48.56:898][ 36]LogModuleManager: Shutting down and abandoning module Android_ATCTargetPlatform (30)
[2016.01.28-16.48.56:906][ 36]LogModuleManager: Shutting down and abandoning module Android_ASTCTargetPlatform (29)
[2016.01.28-16.48.56:914][ 36]LogModuleManager: Shutting down and abandoning module AndroidTargetPlatform (28)
[2016.01.28-16.48.56:924][ 36]LogModuleManager: Shutting down and abandoning module WindowsTargetPlatform (27)
[2016.01.28-16.48.56:924][ 36]LogModuleManager: Shutting down and abandoning module WindowsServerTargetPlatform (26)
[2016.01.28-16.48.56:927][ 36]LogModuleManager: Shutting down and abandoning module WindowsNoEditorTargetPlatform (25)
[2016.01.28-16.48.56:933][ 36]LogModuleManager: Shutting down and abandoning module WindowsClientTargetPlatform (24)
[2016.01.28-16.48.56:936][ 36]LogModuleManager: Shutting down and abandoning module AllDesktopTargetPlatform (23)
[2016.01.28-16.48.56:942][ 36]LogModuleManager: Shutting down and abandoning module TargetPlatform (22)
[2016.01.28-16.48.56:942][ 36]LogModuleManager: Shutting down and abandoning module InputCore (21)
[2016.01.28-16.48.56:942][ 36]LogModuleManager: Shutting down and abandoning module Settings (20)
[2016.01.28-16.48.56:942][ 36]LogModuleManager: Shutting down and abandoning module OnlineSubsystem (18)
[2016.01.28-16.48.56:942][ 36]LogModuleManager: Shutting down and abandoning module HTTP (17)
[2016.01.28-16.48.58:943][ 36]LogModuleManager: Shutting down and abandoning module XMPP (16)
[2016.01.28-16.48.58:998][ 36]LogModuleManager: Shutting down and abandoning module ExampleDeviceProfileSelector (15)
[2016.01.28-16.48.58:998][ 36]LogModuleManager: Shutting down and abandoning module TextureCompressor (14)
[2016.01.28-16.48.59:000][ 36]LogModuleManager: Shutting down and abandoning module ShaderCore (13)
[2016.01.28-16.48.59:000][ 36]LogModuleManager: Shutting down and abandoning module Landscape (12)
[2016.01.28-16.48.59:000][ 36]LogModuleManager: Shutting down and abandoning module SlateRHIRenderer (11)
[2016.01.28-16.48.59:011][ 36]LogModuleManager: Shutting down and abandoning module OpenGLDrv (10)
[2016.01.28-16.48.59:017][ 36]LogModuleManager: Shutting down and abandoning module D3D11RHI (9)
[2016.01.28-16.48.59:017][ 36]LogModuleManager: Shutting down and abandoning module AnimGraphRuntime (8)
[2016.01.28-16.48.59:017][ 36]LogModuleManager: Shutting down and abandoning module Renderer (7)
[2016.01.28-16.48.59:017][ 36]LogModuleManager: Shutting down and abandoning module Engine (6)
[2016.01.28-16.48.59:017][ 36]LogModuleManager: Shutting down and abandoning module CoreUObject (5)
[2016.01.28-16.48.59:017][ 36]LogModuleManager: Shutting down and abandoning module NetworkFile (4)
[2016.01.28-16.48.59:022][ 36]LogModuleManager: Shutting down and abandoning module StreamingFile (3)
[2016.01.28-16.48.59:031][ 36]LogModuleManager: Shutting down and abandoning module SandboxFile (2)
[2016.01.28-16.48.59:037][ 36]LogModuleManager: Shutting down and abandoning module PakFile (1)
[2016.01.28-16.48.59:043][ 36]LogExit: Exiting.
[2016.01.28-16.48.59:049][ 36]Log file closed, 01/28/16 13:48:59
